mFile = /opt/software/qchem/qchem-5.0.1//bin/mpi/machines
Process 0 of 1 is on vega03.cac.cornell.edu - thread support 0
initial socket setup ...start
initial socket setup ...done 
now start server 0 ... 
vega03 10.84.3
Q-Chem Developer Version! Running on 10.84.3.*
                  Welcome to Q-Chem
     A Quantum Leap Into The Future Of Chemistry


 Q-Chem 5.0, Q-Chem, Inc., Pleasanton, CA (2017)

 Yihan Shao,  Zhengting Gan,  E. Epifanovsky,  A. T. B. Gilbert,  M. Wormit,  
 J. Kussmann,  A. W. Lange,  A. Behn,  Jia Deng,  Xintian Feng,  D. Ghosh,  
 M. Goldey,  P. R. Horn,  L. D. Jacobson,  I. Kaliman,  T. Kus,  A. Landau,  
 Jie Liu,  E. I. Proynov,  R. M. Richard,  R. P. Steele,  E. J. Sundstrom,  
 H. L. Woodcock III,  P. M. Zimmerman,  D. Zuev,  B. Albrecht,  E. Alguire,  
 S. A. Baeppler,  Z. Benda,  Y. A. Bernard,  E. J. Berquist,  K. B. Bravaya,  
 D. Casanova,  Chun-Min Chang,  Yunqing Chen,  A. Chien,  K. D. Closser,  
 M. P. Coons,  S. Dasgupta,  M. Diedenhofen,  Hainam Do,  R. G. Edgar,  
 Po-Tung Fang,  S. Fatehi,  Qingguo Feng,  Qinghui Ge,  A. Ghysels,  
 J. Gomes,  J. Gonthier,  A. Gunina,  M. W. D. Hanson-Heine,  
 P. H. P. Harbach,  A. W. Hauser,  J. E. Herr,  E. G. Hohenstein,  
 Z. C. Holden,  Kerwin Hui,  T.-C. Jagau,  Hyunjun Ji,  B. Kaduk,  
 K. Khistyaev,  Jaehoon Kim,  P. Klunzinger,  K. Koh,  D. Kosenkov,  
 T. Kowalczyk,  C. M. Krauter,  A. Kunitsa,  Ka Un Lao,  A. Laurent,  
 K. V. Lawler,  Joonho Lee,  D. Lefrancois,  S. Lehtola,  D. S. Levine,  
 Yi-Pei Li,  You-Sheng Lin,  Fenglai Liu,  E. Livshits,  A. Luenser,  
 P. Manohar,  E. Mansoor,  S. F. Manzer,  Shan-Ping Mao,  Yuezhi Mao,  
 N. Mardirossian,  A. V. Marenich,  L. A. Martinez-Martinez,  S. A. Maurer,  
 N. J. Mayhall,  S. C. McKenzie,  J.-M. Mewes,  A. F. Morrison,  K. Nanda,  
 T. S. Nguyen-Beck,  R. Olivares-Amaya,  J. A. Parkhill,  T. M. Perrine,  
 F. Plasser,  S. Prager,  A. Prociuk,  D. R. Rehn,  F. Rob,  M. Schneider,  
 N. Sergueev,  S. M. Sharada,  S. Sharma,  D. W. Small,  T. Stauch,  
 T. Stein,  Yu-Chuan Su,  A. J. W. Thom,  T. Tsuchimochi,  L. Vogt,  
 O. Vydrov,  M. A. Watson,  J. Wenzel,  M. de Wergifosse,  T. A. Wesolowski,  
 A. White,  J. Witte,  A. Yamada,  Jun Yang,  K. Yao,  S. Yeganeh,  
 S. R. Yost,  Zhi-Qiang You,  A. Zech,  Igor Ying Zhang,  Xing Zhang,  
 Yan Zhao,  Ying Zhu,  B. R. Brooks,  G. K. L. Chan,  C. J. Cramer,  
 M. S. Gordon,  W. J. Hehre,  A. Klamt,  M. W. Schmidt,  C. D. Sherrill,  
 D. G. Truhlar,  A. Aspuru-Guzik,  R. Baer,  A. T. Bell,  N. A. Besley,  
 Jeng-Da Chai,  A. Dreuw,  B. D. Dunietz,  T. R. Furlani,  Chao-Ping Hsu,  
 Yousung Jung,  Jing Kong,  D. S. Lambrecht,  WanZhen Liang,  C. Ochsenfeld,  
 V. A. Rassolov,  L. V. Slipchenko,  J. E. Subotnik,  T. Van Voorhis,  
 J. M. Herbert,  A. I. Krylov,  P. M. W. Gill,  M. Head-Gordon

 Contributors to earlier versions of Q-Chem not listed above: 
 R. D. Adamson,  B. Austin,  J. Baker,  G. J. O. Beran,  K. Brandhorst,  
 S. T. Brown,  E. F. C. Byrd,  A. K. Chakraborty,  C.-L. Cheng,  
 Siu Hung Chien,  D. M. Chipman,  D. L. Crittenden,  H. Dachsel,  
 R. A. DiStasio Jr.,  R. J. Doerksen,  A. D. Dutoi,  L. Fusti-Molnar,  
 W. A. Goddard III,  A. Golubeva-Zadorozhnaya,  S. R. Gwaltney,  G. Hawkins,  
 A. Heyden,  S. Hirata,  G. Kedziora,  F. J. Keil,  C. Kelley,  Jihan Kim,  
 R. A. King,  R. Z. Khaliullin,  P. P. Korambath,  W. Kurlancheek,  
 A. M. Lee,  M. S. Lee,  S. V. Levchenko,  Ching Yeh Lin,  D. Liotard,  
 R. C. Lochan,  I. Lotan,  P. E. Maslen,  N. Nair,  D. P. O'Neill,  
 D. Neuhauser,  E. Neuscamman,  C. M. Oana,  R. Olson,  B. Peters,  
 R. Peverati,  P. A. Pieniazek,  Y. M. Rhee,  J. Ritchie,  M. A. Rohrdanz,  
 E. Rosta,  N. J. Russ,  H. F. Schaefer III,  N. E. Schultz,  N. Shenvi,  
 A. C. Simmonett,  A. Sodt,  D. Stuck,  K. S. Thanthiriwatte,  V. Vanovschi,  
 Tao Wang,  A. Warshel,  C. F. Williams,  Q. Wu,  X. Xu,  W. Zhang

 Please cite Q-Chem as follows:
 Y. Shao et al., Mol. Phys. 113, 184-215 (2015)
 DOI: 10.1080/00268976.2014.952696

 Q-Chem 5.0.1 for Intel X86 EM64T Linux

 Parts of Q-Chem use Armadillo 5.200.1 (Boston Tea Smuggler).
 http://arma.sourceforge.net/

 Q-Chem begins on Mon Apr 16 23:01:45 2018  

Host: vega03.cac.cornell.edu
0

     Scratch files written to /scratch/jj585/vdw/0000_distance_3.700_11.save//
 Parallel job on  1  processors

Checking the input file for inconsistencies... 	...done.

--------------------------------------------------------------
User input:
--------------------------------------------------------------
$molecule
0  1
--
0  1
C        +0.22270000        +1.04488000        +0.58595000
C        +0.62626000        -0.41353000        +0.99871000
C        +1.33008000        +1.39974000        -0.43491000
C        +2.63070000        +1.71700000        +0.32855000
C        +3.04336000        +0.29351000        +0.80300000
C        +1.94423000        -0.59299000        +0.15262000
O        +1.62840000        +0.13663000        -1.04376000
H        +3.37234000        +2.13782000        -0.35195000
H        +2.48236000        +2.42488000        +1.14651000
H        +4.02182000        +0.00994000        +0.41161000
H        +3.07359000        +0.18738000        +1.88928000
H        +1.03270000        +2.19943000        -1.08064000
H        +2.24339000        -1.61496000        +0.04786000
H        +0.81693000        -0.48905000        +2.04887000
H        -0.12524000        -1.15356000        +0.81843000
H        -0.74673000        +1.06811000        +0.13365000
H        +0.15552000        +1.72617000        +1.40828000
--
0  1
C        +2.72852000        +2.50366000        +2.88439000
C        +3.13208000        +1.04525000        +3.29715000
C        +3.83590000        +2.85852000        +1.86353000
C        +5.13652000        +3.17578000        +2.62699000
C        +5.54918000        +1.75229000        +3.10144000
C        +4.45005000        +0.86579000        +2.45106000
O        +4.13422000        +1.59541000        +1.25468000
H        +5.87816000        +3.59660000        +1.94649000
H        +4.98818000        +3.88366000        +3.44495000
H        +6.52764000        +1.46872000        +2.71005000
H        +5.57941000        +1.64616000        +4.18772000
H        +3.53852000        +3.65821000        +1.21780000
H        +4.74921000        -0.15618000        +2.34630000
H        +3.32275000        +0.96973000        +4.34731000
H        +2.38058000        +0.30522000        +3.11687000
H        +1.75909000        +2.52689000        +2.43209000
H        +2.66134000        +3.18495000        +3.70672000
$end

$rem
JOBTYPE                   SP
METHOD                    B3LYP
DFT_D                     d3_op
BASIS                     6-311++G(d,p)
SYMMETRY                  False
THRESH                    12
SCF_CONVERGENCE           8
MAX_SUB_FILE_NUM          128
MEM_STATIC                400
MEM_TOTAL                 4000
$end
--------------------------------------------------------------
 Adding empirical dispersion correction 
 ----------------------------------------------------------------
 Doing -D3(op) with
 s6 =   1.00000
 s8 =   0.78311
 a1 =   0.30000
 a2 =   4.25000
 n  =  10.00000
 -D3 energy without 3body term =     -0.0423282658 hartrees
 ----------------------------------------------------------------
             Standard Nuclear Orientation (Angstroms)
    I     Atom           X                Y                Z
 ----------------------------------------------------------------
    1      C       2.4737466066    -0.6135012166     1.1287905684
    2      C       2.5245350598     0.9349674436     0.8841345633
    3      C       2.0916058688    -1.1405013624    -0.2749937905
    4      C       0.5905266057    -0.8852364639    -0.5131919034
    5      C       0.5865671254     0.6581688773    -0.7121872134
    6      C       2.1020207528     0.9960356665    -0.6333869137
    7      O       2.7105177647    -0.1950875239    -1.1571960101
    8      H       0.2605405527    -1.4014863199    -1.4158518079
    9      H      -0.0352786433    -1.2210128761     0.3161327634
   10      H       0.2005406081     0.9332716073    -1.6951847029
   11      H       0.0021460320     1.1934055708     0.0389155331
   12      H       2.3526842872    -2.1710451536    -0.3963352394
   13      H       2.3447823862     1.9265094025    -1.1026197558
   14      H       1.8307826963     1.4572472206     1.5092952128
   15      H       3.4664688185     1.3920362324     1.1049205360
   16      H       3.4251682026    -0.9904356292     1.4412435136
   17      H       1.7966452840    -0.9089709330     1.9028237014
   18      C      -1.2130176325    -0.5523314609     1.4354289559
   19      C      -1.1622291793     0.9961371992     1.1907729508
   20      C      -1.5951583703    -1.0793316067     0.0316445970
   21      C      -3.0962376334    -0.8240667083    -0.2065535159
   22      C      -3.1001971137     0.7193386330    -0.4055488259
   23      C      -1.5847434863     1.0572054221    -0.3267485262
   24      O      -0.9762464744    -0.1339177683    -0.8505576226
   25      H      -3.4262236864    -1.3403165642    -1.1092134204
   26      H      -3.7220428824    -1.1598431205     0.6227711509
   27      H      -3.4862236310     0.9944413630    -1.3885463154
   28      H      -3.6846182071     1.2545753264     0.3455539206
   29      H      -1.3340799519    -2.1098753980    -0.0896968519
   30      H      -1.3419818529     1.9876791581    -0.7959813683
   31      H      -1.8559815428     1.5184169762     1.8159336003
   32      H      -0.2202954206     1.4532059880     1.4115589235
   33      H      -0.2615960365    -0.9292658736     1.7478819011
   34      H      -1.8901189551    -0.8478011774     2.2094620889
 ----------------------------------------------------------------
 Molecular Point Group                 C1    NOp =  1
 Largest Abelian Subgroup              C1    NOp =  1
 Nuclear Repulsion Energy =  1071.2358088627 hartrees
 There are       54 alpha and       54 beta electrons
 Requested basis set is 6-311++G(d,p)
 There are 184 shells and 448 basis functions

 Total QAlloc Memory Limit   4000 MB
 Mega-Array Size       392 MB
 MEM_STATIC part       400 MB
 A cutoff of  1.0D-12 yielded  15299 shell pairs
 There are     91401 function pairs (     97089 Cartesian)
 
 -------------------------------------------------------
 OpenMP Integral Computing Module                       
 Release: version 1.0, May 2013, Q-Chem Inc. Pittsburgh 
 -------------------------------------------------------
 Integral Job Info:
 Integral job number is                      11
 Integral operator is                         1
 short-range coefficients                     0
 long-range coefficients              100000000
 Omega coefficients                           0
 if combine SR and LR in K                    0
 Integral screening is                        0
 Integral computing path is                   2
 max size of driver memory is            800000
 size of driver memory is                593474
 size of scratch memory is              2361544
 max col of scratch BK array               1296
 max len of scratch array in speh3          155
 max len of scratch index in speh4           18
 max int batch size is                      520
 min int batch size is                       52
 fixed nKL is                                52
 max L of basis functions is                  2
 order of int derivative is                   0
 number of shells is                        184
 number of basis is                         462
 number of cartesian basis is               462
 number of contracted shell pairs         15299
 number of primitive shell pairs          33509
 maxK2 (contraction) of shell pair           36
 max number of K2 of shell pair               1
 max number of CS2 of shell pair           2654
 max number of PS2 of shell pair           4836
 mem total for path MDJ                  130722
 -------------------------------------------------------
 Smallest overlap matrix eigenvalue = 5.58E-07
 Linear dependence detected in AO basis
 Number of orthogonalized atomic orbitals = 447
 Maximum deviation from orthogonality = 7.019E-11

 Scale SEOQF with 1.000000e-01/1.000000e-01/1.000000e-01

 Standard Electronic Orientation quadrupole field applied
 Nucleus-field energy     =     0.0000000137 hartrees
 Guess from superposition of atomic densities
 Warning:  Energy on first SCF cycle will be non-variational
 A restricted hybrid HF-DFT SCF calculation will be
 performed using Pulay DIIS extrapolation
 Exchange:     0.2000 Hartree-Fock + 0.0800 Slater + 0.7200 B88
 Correlation:  0.1900 VWN1RPA + 0.8100 LYP
 Using SG-1 standard quadrature grid
 Dispersion:   Grimme D3
 SCF converges when DIIS error is below 1.0E-08
 using 4 threads for integral computing
 -------------------------------------------------------
 OpenMP Integral computing Module                
 Release: version 1.0, May 2013, Q-Chem Inc. Pittsburgh 
 -------------------------------------------------------
 -------------------------------------------------------
 OpenMP BLAS3 based DFT computing Module                
 Release: version 1.0, May 2013, Q-Chem Inc. Pittsburgh 
 -------------------------------------------------------
 ---------------------------------------
  Cycle       Energy         DIIS Error
 ---------------------------------------
    1    -623.7883770181      3.12E-02
    2    -619.3047557179      3.41E-03
    3    -618.9878316160      5.03E-03
    4    -619.5774853499      1.03E-03
    5    -619.5954647407      3.92E-04
    6    -619.5981642323      1.11E-04
    7    -619.5983561473      4.19E-05
    8    -619.5983928751      6.87E-06
    9    -619.5983936357      3.34E-06
   10    -619.5983938418      8.00E-07
   11    -619.5983938558      2.02E-07
   12    -619.5983938566      6.95E-08
   13    -619.5983938566      1.87E-08
   14    -619.5983938566      6.08E-09 Convergence criterion met
 ---------------------------------------
 SCF time:  CPU 825.25 s  wall 207.22 s
 SCF   energy in the final basis set = -619.59839386
 Total energy in the final basis set = -619.59839386
 
 --------------------------------------------------------------
 
                    Orbital Energies (a.u.)
 --------------------------------------------------------------
 
 Alpha MOs
 -- Occupied --
-19.137 -19.092 -10.241 -10.238 -10.187 -10.185 -10.181 -10.180
-10.179 -10.178 -10.146 -10.145 -10.130 -10.129  -1.115  -1.018
 -0.834  -0.804  -0.798  -0.761  -0.728  -0.716  -0.649  -0.634
 -0.613  -0.590  -0.579  -0.546  -0.536  -0.529  -0.507  -0.486
 -0.463  -0.450  -0.432  -0.423  -0.412  -0.409  -0.402  -0.400
 -0.379  -0.374  -0.366  -0.352  -0.348  -0.339  -0.329  -0.321
 -0.320  -0.295  -0.276  -0.268  -0.249  -0.184
 -- Virtual --
 -0.017  -0.003  -0.001   0.002   0.017   0.020   0.022   0.023
  0.025   0.042   0.043   0.050   0.052   0.061   0.062   0.069
  0.075   0.076   0.079   0.085   0.088   0.093   0.097   0.103
  0.108   0.109   0.111   0.114   0.116   0.121   0.124   0.126
  0.128   0.130   0.131   0.135   0.138   0.141   0.143   0.145
  0.153   0.156   0.157   0.158   0.163   0.167   0.168   0.173
  0.175   0.176   0.179   0.183   0.185   0.187   0.189   0.195
  0.204   0.207   0.209   0.210   0.213   0.214   0.220   0.228
  0.229   0.231   0.238   0.240   0.249   0.251   0.254   0.256
  0.269   0.272   0.279   0.286   0.289   0.291   0.297   0.301
  0.301   0.306   0.315   0.323   0.329   0.334   0.336   0.337
  0.338   0.342   0.348   0.352   0.356   0.359   0.362   0.366
  0.373   0.377   0.383   0.389   0.393   0.394   0.399   0.403
  0.412   0.422   0.440   0.443   0.445   0.462   0.464   0.486
  0.511   0.515   0.529   0.533   0.548   0.554   0.571   0.591
  0.591   0.592   0.602   0.611   0.614   0.621   0.623   0.636
  0.638   0.651   0.658   0.660   0.669   0.682   0.692   0.698
  0.706   0.708   0.711   0.715   0.720   0.730   0.733   0.750
  0.756   0.761   0.763   0.769   0.774   0.776   0.782   0.787
  0.792   0.794   0.802   0.807   0.811   0.827   0.831   0.844
  0.855   0.865   0.897   0.900   0.917   0.934   0.950   0.968
  0.981   1.015   1.024   1.026   1.070   1.081   1.098   1.120
  1.134   1.151   1.181   1.198   1.211   1.231   1.233   1.250
  1.257   1.273   1.277   1.290   1.324   1.341   1.349   1.376
  1.392   1.405   1.420   1.446   1.450   1.465   1.474   1.484
  1.486   1.513   1.516   1.527   1.536   1.557   1.562   1.578
  1.598   1.602   1.614   1.623   1.627   1.633   1.638   1.644
  1.648   1.668   1.688   1.689   1.692   1.697   1.718   1.728
  1.733   1.740   1.747   1.753   1.776   1.783   1.803   1.809
  1.809   1.822   1.828   1.848   1.854   1.861   1.871   1.884
  1.896   1.910   1.922   1.944   1.948   1.953   1.959   1.968
  1.976   1.987   1.997   2.012   2.018   2.047   2.048   2.064
  2.080   2.095   2.110   2.137   2.143   2.166   2.173   2.178
  2.192   2.193   2.207   2.217   2.231   2.242   2.256   2.265
  2.277   2.293   2.307   2.338   2.371   2.384   2.399   2.426
  2.439   2.455   2.463   2.492   2.495   2.518   2.535   2.545
  2.554   2.559   2.569   2.595   2.612   2.624   2.629   2.639
  2.654   2.670   2.683   2.694   2.701   2.724   2.749   2.763
  2.771   2.780   2.796   2.809   2.816   2.856   2.862   2.867
  2.883   2.892   2.909   2.925   2.932   2.950   2.955   2.961
  2.980   2.995   3.018   3.031   3.060   3.071   3.095   3.097
  3.116   3.142   3.147   3.170   3.179   3.198   3.207   3.250
  3.286   3.291   3.298   3.326   3.360   3.387   3.406   3.420
  3.447   3.486   3.505   3.583   3.610   3.679   3.690   3.747
  3.840   3.935   3.962   3.989   3.996   4.012   4.031   4.107
  4.116   4.139   4.148   4.165   4.186   4.205   4.236   4.278
  4.343   4.419   4.461   4.499   4.549   5.207   5.390   5.519
  5.647   5.668   5.710  23.841  23.871  23.894  23.915  23.954
 24.010  24.038  24.058  24.074  24.125  24.154  24.208  49.994
 50.093
 --------------------------------------------------------------
 
          Ground-State Mulliken Net Atomic Charges

     Atom                 Charge (a.u.)
  ----------------------------------------
      1 C                    -0.288167
      2 C                    -0.308661
      3 C                    -0.232399
      4 C                    -0.203864
      5 C                    -0.333327
      6 C                    -0.211938
      7 O                    -0.121380
      8 H                     0.153174
      9 H                     0.148295
     10 H                     0.113324
     11 H                     0.151308
     12 H                     0.192444
     13 H                     0.191017
     14 H                     0.056434
     15 H                     0.188936
     16 H                     0.181087
     17 H                     0.077537
     18 C                    -0.415262
     19 C                    -0.411025
     20 C                    -0.009411
     21 C                    -0.543462
     22 C                    -0.595421
     23 C                     0.093471
     24 O                     0.369743
     25 H                     0.168705
     26 H                     0.127446
     27 H                     0.177596
     28 H                     0.120282
     29 H                     0.236342
     30 H                     0.243914
     31 H                     0.194172
     32 H                     0.155094
     33 H                     0.134431
     34 H                     0.199566
  ----------------------------------------
  Sum of atomic charges =     0.000000

 -----------------------------------------------------------------
                    Cartesian Multipole Moments
 -----------------------------------------------------------------
    Charge (ESU x 10^10)
                 0.0000
    Dipole Moment (Debye)
         X      -4.6833      Y       0.4028      Z       2.5512
       Tot       5.3483
    Quadrupole Moments (Debye-Ang)
        XX     -95.2209     XY       0.8570     YY     -81.9161
        XZ       4.5274     YZ      -1.6813     ZZ     -91.0594
    Octopole Moments (Debye-Ang^2)
       XXX     -33.6419    XXY       2.1851    XYY      -0.2553
       YYY      -2.5318    XXZ      14.6133    XYZ      -1.7527
       YYZ      -5.2294    XZZ     -12.6079    YZZ       1.3921
       ZZZ      -1.9921
    Hexadecapole Moments (Debye-Ang^3)
      XXXX   -2475.6246   XXXY       9.6504   XXYY    -473.9913
      XYYY      -2.8206   YYYY    -551.2439   XXXZ      46.4259
      XXYZ      -7.2679   XYYZ      -5.4716   YYYZ      -1.5188
      XXZZ    -506.3297   XYZZ       2.9808   YYZZ    -179.8757
      XZZZ       0.6347   YZZZ      -4.7240   ZZZZ    -552.1295
 -----------------------------------------------------------------
Archival summary:
1\1\vega03.cac.cornell.edu\SP\ProcedureUnspecified\BasisUnspecified\21220\jj585\MonApr1623:05:132018MonApr1623:05:132018\0\\#,ProcedureUnspecified,BasisUnspecified,\\0,1\O\C,1,1.43358\H,2,1.07,1,117.389\C,1,1.43646,2,98.0224,3,-179.253,0\H,4,1.07,1,117.714,2,-178.733,0\C,2,1.54115,1,102.483,3,-123.548,0\H,6,1.09096,2,110.128,1,81.1589,0\H,6,1.09186,2,112.95,1,-157.962,0\C,2,1.54738,1,103.124,3,123.327,0\H,9,1.07,2,113.95,1,155.255,0\H,9,1.07,2,111.379,1,-86.5463,0\H,11,1.47859,9,85.5752,2,18.6361,0\C,12,1.09186,11,139.688,9,111.685,0\H,13,1.09096,12,108.033,11,-174.374,0\C,13,1.54115,12,112.95,11,63.5633,0\H,15,1.07,13,112.312,12,75.1568,0\O,15,1.43358,13,102.483,12,-157.962,0\C,17,1.43646,15,98.0224,13,57.1986,0\H,18,1.07,17,117.714,15,-178.733,0\C,15,1.54738,13,108.926,12,-49.1929,0\H,20,1.07,15,113.95,13,46.9191,0\H,20,1.07,15,111.379,13,165.118,0\C,4,1.55466,1,102.371,2,-54.4128,0\H,23,1.09132,4,109.614,1,-87.4148,0\H,23,1.09187,4,112.355,1,152.676,0\C,18,1.55466,17,102.371,15,-54.4128,0\H,26,1.09132,18,109.614,17,-87.4148,0\H,26,1.09187,18,112.355,17,152.676,0\H,28,1.41461,26,147.319,18,-59.167,0\C,29,1.07,28,81.9379,26,-116.421,0\H,30,1.07,29,103.987,28,-145.567,0\C,20,1.5685,15,101.696,13,-76.1436,0\H,32,1.07,20,111.7,15,120.458,0\H,32,1.07,20,114.71,15,-121.541,0\\\@

 Total job time:  208.16s(wall), 827.88s(cpu) 
 Mon Apr 16 23:05:13 2018

        *************************************************************
        *                                                           *
        *  Thank you very much for using Q-Chem.  Have a nice day.  *
        *                                                           *
        *************************************************************


0 sent ACK to 0 
now end server 0 ... 
