mFile = /opt/software/qchem/qchem-5.0.1//bin/mpi/machines
Process 0 of 1 is on vega03.cac.cornell.edu - thread support 0
initial socket setup ...start
initial socket setup ...done 
now start server 0 ... 
vega03 10.84.3
Q-Chem Developer Version! Running on 10.84.3.*
                  Welcome to Q-Chem
     A Quantum Leap Into The Future Of Chemistry


 Q-Chem 5.0, Q-Chem, Inc., Pleasanton, CA (2017)

 Yihan Shao,  Zhengting Gan,  E. Epifanovsky,  A. T. B. Gilbert,  M. Wormit,  
 J. Kussmann,  A. W. Lange,  A. Behn,  Jia Deng,  Xintian Feng,  D. Ghosh,  
 M. Goldey,  P. R. Horn,  L. D. Jacobson,  I. Kaliman,  T. Kus,  A. Landau,  
 Jie Liu,  E. I. Proynov,  R. M. Richard,  R. P. Steele,  E. J. Sundstrom,  
 H. L. Woodcock III,  P. M. Zimmerman,  D. Zuev,  B. Albrecht,  E. Alguire,  
 S. A. Baeppler,  Z. Benda,  Y. A. Bernard,  E. J. Berquist,  K. B. Bravaya,  
 D. Casanova,  Chun-Min Chang,  Yunqing Chen,  A. Chien,  K. D. Closser,  
 M. P. Coons,  S. Dasgupta,  M. Diedenhofen,  Hainam Do,  R. G. Edgar,  
 Po-Tung Fang,  S. Fatehi,  Qingguo Feng,  Qinghui Ge,  A. Ghysels,  
 J. Gomes,  J. Gonthier,  A. Gunina,  M. W. D. Hanson-Heine,  
 P. H. P. Harbach,  A. W. Hauser,  J. E. Herr,  E. G. Hohenstein,  
 Z. C. Holden,  Kerwin Hui,  T.-C. Jagau,  Hyunjun Ji,  B. Kaduk,  
 K. Khistyaev,  Jaehoon Kim,  P. Klunzinger,  K. Koh,  D. Kosenkov,  
 T. Kowalczyk,  C. M. Krauter,  A. Kunitsa,  Ka Un Lao,  A. Laurent,  
 K. V. Lawler,  Joonho Lee,  D. Lefrancois,  S. Lehtola,  D. S. Levine,  
 Yi-Pei Li,  You-Sheng Lin,  Fenglai Liu,  E. Livshits,  A. Luenser,  
 P. Manohar,  E. Mansoor,  S. F. Manzer,  Shan-Ping Mao,  Yuezhi Mao,  
 N. Mardirossian,  A. V. Marenich,  L. A. Martinez-Martinez,  S. A. Maurer,  
 N. J. Mayhall,  S. C. McKenzie,  J.-M. Mewes,  A. F. Morrison,  K. Nanda,  
 T. S. Nguyen-Beck,  R. Olivares-Amaya,  J. A. Parkhill,  T. M. Perrine,  
 F. Plasser,  S. Prager,  A. Prociuk,  D. R. Rehn,  F. Rob,  M. Schneider,  
 N. Sergueev,  S. M. Sharada,  S. Sharma,  D. W. Small,  T. Stauch,  
 T. Stein,  Yu-Chuan Su,  A. J. W. Thom,  T. Tsuchimochi,  L. Vogt,  
 O. Vydrov,  M. A. Watson,  J. Wenzel,  M. de Wergifosse,  T. A. Wesolowski,  
 A. White,  J. Witte,  A. Yamada,  Jun Yang,  K. Yao,  S. Yeganeh,  
 S. R. Yost,  Zhi-Qiang You,  A. Zech,  Igor Ying Zhang,  Xing Zhang,  
 Yan Zhao,  Ying Zhu,  B. R. Brooks,  G. K. L. Chan,  C. J. Cramer,  
 M. S. Gordon,  W. J. Hehre,  A. Klamt,  M. W. Schmidt,  C. D. Sherrill,  
 D. G. Truhlar,  A. Aspuru-Guzik,  R. Baer,  A. T. Bell,  N. A. Besley,  
 Jeng-Da Chai,  A. Dreuw,  B. D. Dunietz,  T. R. Furlani,  Chao-Ping Hsu,  
 Yousung Jung,  Jing Kong,  D. S. Lambrecht,  WanZhen Liang,  C. Ochsenfeld,  
 V. A. Rassolov,  L. V. Slipchenko,  J. E. Subotnik,  T. Van Voorhis,  
 J. M. Herbert,  A. I. Krylov,  P. M. W. Gill,  M. Head-Gordon

 Contributors to earlier versions of Q-Chem not listed above: 
 R. D. Adamson,  B. Austin,  J. Baker,  G. J. O. Beran,  K. Brandhorst,  
 S. T. Brown,  E. F. C. Byrd,  A. K. Chakraborty,  C.-L. Cheng,  
 Siu Hung Chien,  D. M. Chipman,  D. L. Crittenden,  H. Dachsel,  
 R. A. DiStasio Jr.,  R. J. Doerksen,  A. D. Dutoi,  L. Fusti-Molnar,  
 W. A. Goddard III,  A. Golubeva-Zadorozhnaya,  S. R. Gwaltney,  G. Hawkins,  
 A. Heyden,  S. Hirata,  G. Kedziora,  F. J. Keil,  C. Kelley,  Jihan Kim,  
 R. A. King,  R. Z. Khaliullin,  P. P. Korambath,  W. Kurlancheek,  
 A. M. Lee,  M. S. Lee,  S. V. Levchenko,  Ching Yeh Lin,  D. Liotard,  
 R. C. Lochan,  I. Lotan,  P. E. Maslen,  N. Nair,  D. P. O'Neill,  
 D. Neuhauser,  E. Neuscamman,  C. M. Oana,  R. Olson,  B. Peters,  
 R. Peverati,  P. A. Pieniazek,  Y. M. Rhee,  J. Ritchie,  M. A. Rohrdanz,  
 E. Rosta,  N. J. Russ,  H. F. Schaefer III,  N. E. Schultz,  N. Shenvi,  
 A. C. Simmonett,  A. Sodt,  D. Stuck,  K. S. Thanthiriwatte,  V. Vanovschi,  
 Tao Wang,  A. Warshel,  C. F. Williams,  Q. Wu,  X. Xu,  W. Zhang

 Please cite Q-Chem as follows:
 Y. Shao et al., Mol. Phys. 113, 184-215 (2015)
 DOI: 10.1080/00268976.2014.952696

 Q-Chem 5.0.1 for Intel X86 EM64T Linux

 Parts of Q-Chem use Armadillo 5.200.1 (Boston Tea Smuggler).
 http://arma.sourceforge.net/

 Q-Chem begins on Mon Apr  2 02:27:10 2018  

Host: vega03.cac.cornell.edu
0

     Scratch files written to /scratch/jj585/vdw/11n11_distance_4.000_11.save//
 Parallel job on  1  processors

Checking the input file for inconsistencies... 	...done.

--------------------------------------------------------------
User input:
--------------------------------------------------------------
$molecule
0  1
--
0  1
C        -0.54444000        -0.68370000        -0.06689000
C        -0.55709000        +0.71878000        +0.05493000
C        +0.74969000        -1.43776000        -0.09374000
C        +0.72843000        +1.48436000        +0.06598000
O        +1.53645000        -1.09176000        +0.94813000
O        +1.04702000        -2.28405000        -0.90088000
O        +1.53784000        +1.08301000        -0.93877000
O        +1.01035000        +2.37097000        +0.83478000
C        +2.83449000        +1.70121000        -0.99358000
C        +2.82316000        -1.73208000        +1.00475000
C        -1.74320000        -1.41616000        -0.12552000
C        -2.93952000        -0.70056000        -0.05285000
C        -2.95313000        +0.68255000        +0.06934000
C        -1.77161000        +1.42404000        +0.12810000
H        +2.73835000        +2.77989000        -1.12464000
H        +2.70778000        -2.81319000        +1.09555000
H        -3.90354000        +1.20325000        +0.11710000
H        +3.38998000        +1.50093000        -0.07544000
H        +3.33184000        +1.25269000        -1.85067000
H        +3.31095000        -1.32281000        +1.88650000
H        +3.39889000        -1.50934000        +0.10459000
H        -3.87892000        -1.24211000        -0.08988000
C        -1.83960000        +2.92746000        +0.24839000
C        -1.78103000        -2.92226000        -0.24590000
H        -1.39752000        -3.25223000        -1.21323000
H        -2.80572000        -3.28175000        -0.13627000
H        -1.16958000        -3.40777000        +0.51926000
H        -1.24214000        +3.42352000        -0.52065000
H        -1.45503000        +3.26427000        +1.21284000
H        -2.87211000        +3.26623000        +0.14638000
--
0  1
C        -0.51691000        -1.03247000        +3.91778000
C        -0.52956000        +0.37001000        +4.03960000
C        +0.77722000        -1.78653000        +3.89093000
C        +0.75596000        +1.13559000        +4.05065000
O        +1.56398000        -1.44053000        +4.93280000
O        +1.07455000        -2.63282000        +3.08379000
O        +1.56537000        +0.73424000        +3.04590000
O        +1.03788000        +2.02220000        +4.81945000
C        +2.86202000        +1.35244000        +2.99109000
C        +2.85069000        -2.08085000        +4.98942000
C        -1.71567000        -1.76493000        +3.85915000
C        -2.91199000        -1.04933000        +3.93182000
C        -2.92560000        +0.33378000        +4.05401000
C        -1.74408000        +1.07527000        +4.11277000
H        +2.76588000        +2.43112000        +2.86003000
H        +2.73531000        -3.16196000        +5.08022000
H        -3.87601000        +0.85448000        +4.10177000
H        +3.41751000        +1.15216000        +3.90923000
H        +3.35937000        +0.90392000        +2.13400000
H        +3.33848000        -1.67158000        +5.87117000
H        +3.42642000        -1.85811000        +4.08926000
H        -3.85139000        -1.59088000        +3.89479000
C        -1.81207000        +2.57869000        +4.23306000
C        -1.75350000        -3.27103000        +3.73877000
H        -1.36999000        -3.60100000        +2.77144000
H        -2.77819000        -3.63052000        +3.84840000
H        -1.14205000        -3.75654000        +4.50393000
H        -1.21461000        +3.07475000        +3.46402000
H        -1.42750000        +2.91550000        +5.19751000
H        -2.84458000        +2.91746000        +4.13105000
$end

$rem
JOBTYPE                   SP
METHOD                    B3LYP
DFT_D                     d3_op
BASIS                     6-311++G(d,p)
SYMMETRY                  False
THRESH                    12
SCF_CONVERGENCE           8
MAX_SUB_FILE_NUM          128
MEM_STATIC                400
MEM_TOTAL                 4000
$end
--------------------------------------------------------------
 Adding empirical dispersion correction 
 ----------------------------------------------------------------
 Doing -D3(op) with
 s6 =   1.00000
 s8 =   0.78311
 a1 =   0.30000
 a2 =   4.25000
 n  =  10.00000
 -D3 energy without 3body term =     -0.0902544813 hartrees
 ----------------------------------------------------------------
             Standard Nuclear Orientation (Angstroms)
    I     Atom           X                Y                Z
 ----------------------------------------------------------------
    1      C      -1.8460927772     0.4515832286     1.0881730147
    2      C      -2.1235435093     0.5002363713    -0.2911761972
    3      C      -1.6147295178    -0.8587479173     1.7763613561
    4      C      -2.2828798127    -0.7665075311    -1.0714122751
    5      O      -0.6850402135    -1.5922710302     1.1268830772
    6      O      -2.1407951094    -1.2089599939     2.8043172731
    7      O      -3.1054777180    -1.6269195190    -0.4320588281
    8      O      -1.7846070390    -0.9956324963    -2.1465102297
    9      C      -3.2862039836    -2.9108431584    -1.0528282730
   10      C      -0.4058200065    -2.8891106390     1.6828338449
   11      C      -1.7386512955     1.6303525643     1.8470668462
   12      C      -1.9118390597     2.8441101638     1.1797256147
   13      C      -2.1835290422     2.8933128490    -0.1811096250
   14      C      -2.2939859193     1.7319672759    -0.9481333574
   15      H      -3.7181930162    -2.7967612399    -2.0479870328
   16      H      -0.0191764587    -2.7937002281     2.6985895424
   17      H      -2.3172571725     3.8560985170    -0.6626168632
   18      H      -2.3298850421    -3.4306691718    -1.1358781132
   19      H      -3.9648695348    -3.4542547472    -0.3991866313
   20      H       0.3420486222    -3.3294962788     1.0273362615
   21      H      -1.3115522492    -3.4979240127     1.7018482251
   22      H      -1.8282018250     3.7689394131     1.7408099720
   23      C      -2.6031899359     1.8380462823    -2.4220750595
   24      C      -1.4324899623     1.6299077842     3.3271089752
   25      H      -2.2541703818     1.1980738222     3.9016071627
   26      H      -1.2623040971     2.6502204807     3.6753045607
   27      H      -0.5408368862     1.0413580369     3.5586794287
   28      H      -3.4591550621     1.2191571223    -2.7027107792
   29      H      -1.7592715833     1.5027201020    -3.0277622977
   30      H      -2.8323530453     2.8724131611    -2.6844059239
   31      C       2.0745897195     0.5874856981     0.3072935734
   32      C       1.7971389874     0.6361388408    -1.0720556385
   33      C       2.3059529789    -0.7228454478     0.9954819148
   34      C       1.6378026840    -0.6306050617    -1.8522917165
   35      O       3.2356422832    -1.4563685608     0.3460036359
   36      O       1.7798873872    -1.0730575245     2.0234378317
   37      O       0.8152047787    -1.4910170496    -1.2129382694
   38      O       2.1360754577    -0.8597300268    -2.9273896710
   39      C       0.6344785130    -2.7749406889    -1.8337077144
   40      C       3.5148624902    -2.7532081695     0.9019544036
   41      C       2.1820312012     1.7662550337     1.0661874048
   42      C       2.0088434370     2.9800126332     0.3988461733
   43      C       1.7371534545     3.0292153185    -0.9619890663
   44      C       1.6266965773     1.8678697453    -1.7290127988
   45      H       0.2024894804    -2.6608587704    -2.8288664742
   46      H       3.9015060380    -2.6577977587     1.9177101011
   47      H       1.6034253241     3.9920009864    -1.4434963045
   48      H       1.5907974545    -3.2947667024    -1.9167575545
   49      H      -0.0441870382    -3.3183522778    -1.1800660727
   50      H       4.2627311189    -3.1935938094     0.2464568202
   51      H       2.6091302475    -3.3620215432     0.9209687838
   52      H       2.0924806717     3.9048418825     0.9599305307
   53      C       1.3174925608     1.9739487517    -3.2029545009
   54      C       2.4881925343     1.7658102536     2.5462295338
   55      H       1.6665121149     1.3339762917     3.1207277214
   56      H       2.6583783996     2.7861229501     2.8944251193
   57      H       3.3798456105     1.1772605063     2.7777999873
   58      H       0.4615274346     1.3550595917    -3.4835902205
   59      H       2.1614109134     1.6386225714    -3.8086417390
   60      H       1.0883294514     3.0083156305    -3.4652853653
 ----------------------------------------------------------------
 Molecular Point Group                 C1    NOp =  1
 Largest Abelian Subgroup              C1    NOp =  1
 Nuclear Repulsion Energy =  3724.6045350560 hartrees
 There are      118 alpha and      118 beta electrons
 Requested basis set is 6-311++G(d,p)
 There are 332 shells and 900 basis functions

 Total QAlloc Memory Limit   4000 MB
 Mega-Array Size       392 MB
 MEM_STATIC part       400 MB
 A cutoff of  1.0D-12 yielded  40436 shell pairs
 There are    301186 function pairs (    320485 Cartesian)
 
 -------------------------------------------------------
 OpenMP Integral Computing Module                       
 Release: version 1.0, May 2013, Q-Chem Inc. Pittsburgh 
 -------------------------------------------------------
 Integral Job Info:
 Integral job number is                      11
 Integral operator is                         1
 short-range coefficients                     0
 long-range coefficients              100000000
 Omega coefficients                           0
 if combine SR and LR in K                    0
 Integral screening is                        0
 Integral computing path is                   2
 max size of driver memory is            800000
 size of driver memory is                593474
 size of scratch memory is              2361544
 max col of scratch BK array               1296
 max len of scratch array in speh3          155
 max len of scratch index in speh4           18
 max int batch size is                      520
 min int batch size is                       52
 fixed nKL is                                52
 max L of basis functions is                  2
 order of int derivative is                   0
 number of shells is                        332
 number of basis is                         932
 number of cartesian basis is               932
 number of contracted shell pairs         40436
 number of primitive shell pairs          86253
 maxK2 (contraction) of shell pair           36
 max number of K2 of shell pair               1
 max number of CS2 of shell pair           8087
 max number of PS2 of shell pair          13626
 mem total for path MDJ                  577816
 -------------------------------------------------------
 Smallest overlap matrix eigenvalue = 1.05E-08
 Linear dependence detected in AO basis
 Number of orthogonalized atomic orbitals = 888
 Maximum deviation from orthogonality = 9.083E-11

 Scale SEOQF with 1.000000e-01/1.000000e-01/1.000000e-01

 Standard Electronic Orientation quadrupole field applied
 Nucleus-field energy     =     0.0000000194 hartrees
 Guess from superposition of atomic densities
 Warning:  Energy on first SCF cycle will be non-variational
 A restricted hybrid HF-DFT SCF calculation will be
 performed using Pulay DIIS extrapolation
 Exchange:     0.2000 Hartree-Fock + 0.0800 Slater + 0.7200 B88
 Correlation:  0.1900 VWN1RPA + 0.8100 LYP
 Using SG-1 standard quadrature grid
 Dispersion:   Grimme D3
 SCF converges when DIIS error is below 1.0E-08
 using 2 threads for integral computing
 -------------------------------------------------------
 OpenMP Integral computing Module                
 Release: version 1.0, May 2013, Q-Chem Inc. Pittsburgh 
 -------------------------------------------------------
 -------------------------------------------------------
 OpenMP BLAS3 based DFT computing Module                
 Release: version 1.0, May 2013, Q-Chem Inc. Pittsburgh 
 -------------------------------------------------------
 ---------------------------------------
  Cycle       Energy         DIIS Error
 ---------------------------------------
    1   -1540.4630121788      2.16E-02
    2   -1533.1108182714      2.78E-03
    3   -1532.1056785809      4.68E-03
    4   -1533.6351405803      1.23E-03
    5   -1533.7548745292      2.87E-04
    6   -1533.7599299789      1.34E-04
    7   -1533.7612271469      3.81E-05
    8   -1533.7613135244      1.89E-05
    9   -1533.7613383142      3.41E-06
   10   -1533.7613391852      1.01E-06
   11   -1533.7613392644      4.78E-07
   12   -1533.7613392844      1.37E-07
   13   -1533.7613392860      4.22E-08
   14   -1533.7613392860      1.57E-08
   15   -1533.7613392861      8.19E-09 Convergence criterion met
 ---------------------------------------
 SCF time:  CPU 5298.89 s  wall 2660.45 s
 SCF   energy in the final basis set = -1533.76133929
 Total energy in the final basis set = -1533.76133929
 
 --------------------------------------------------------------
 
                    Orbital Energies (a.u.)
 --------------------------------------------------------------
 
 Alpha MOs
 -- Occupied --
-19.176 -19.175 -19.163 -19.162 -19.118 -19.118 -19.110 -19.109
-10.310 -10.310 -10.302 -10.301 -10.234 -10.233 -10.223 -10.221
-10.202 -10.201 -10.200 -10.200 -10.198 -10.198 -10.197 -10.196
-10.183 -10.183 -10.183 -10.182 -10.171 -10.170 -10.166 -10.165
 -1.119  -1.118  -1.106  -1.105  -1.031  -1.031  -1.021  -1.019
 -0.882  -0.880  -0.804  -0.803  -0.792  -0.790  -0.744  -0.742
 -0.732  -0.729  -0.723  -0.719  -0.672  -0.671  -0.646  -0.645
 -0.617  -0.616  -0.574  -0.574  -0.563  -0.557  -0.534  -0.533
 -0.516  -0.515  -0.509  -0.508  -0.491  -0.490  -0.486  -0.485
 -0.480  -0.475  -0.471  -0.467  -0.464  -0.462  -0.442  -0.438
 -0.437  -0.428  -0.428  -0.425  -0.420  -0.413  -0.412  -0.409
 -0.408  -0.408  -0.403  -0.401  -0.392  -0.391  -0.385  -0.383
 -0.379  -0.376  -0.371  -0.367  -0.360  -0.359  -0.357  -0.355
 -0.347  -0.347  -0.320  -0.317  -0.306  -0.302  -0.292  -0.290
 -0.287  -0.281  -0.266  -0.257  -0.255  -0.243
 -- Virtual --
 -0.058  -0.049  -0.035  -0.025  -0.015  -0.010  -0.004   0.002
  0.008   0.009   0.014   0.015   0.018   0.019   0.022   0.023
  0.028   0.029   0.032   0.035   0.035   0.043   0.044   0.047
  0.047   0.052   0.056   0.058   0.060   0.063   0.064   0.068
  0.071   0.074   0.075   0.080   0.082   0.085   0.090   0.094
  0.095   0.098   0.098   0.101   0.105   0.107   0.111   0.111
  0.112   0.113   0.115   0.116   0.119   0.122   0.124   0.126
  0.127   0.128   0.134   0.136   0.136   0.139   0.139   0.141
  0.142   0.144   0.145   0.146   0.148   0.149   0.151   0.152
  0.153   0.156   0.158   0.160   0.163   0.165   0.166   0.169
  0.170   0.173   0.173   0.176   0.176   0.177   0.181   0.183
  0.185   0.186   0.190   0.192   0.192   0.195   0.199   0.200
  0.205   0.206   0.209   0.210   0.214   0.215   0.219   0.219
  0.222   0.226   0.227   0.230   0.230   0.234   0.236   0.237
  0.239   0.241   0.242   0.244   0.250   0.251   0.252   0.255
  0.258   0.259   0.263   0.263   0.272   0.273   0.273   0.275
  0.277   0.277   0.280   0.284   0.285   0.291   0.292   0.293
  0.297   0.299   0.303   0.305   0.307   0.307   0.311   0.316
  0.317   0.321   0.324   0.327   0.328   0.329   0.330   0.333
  0.337   0.338   0.341   0.343   0.344   0.346   0.348   0.352
  0.355   0.357   0.363   0.364   0.367   0.373   0.376   0.379
  0.380   0.381   0.382   0.384   0.388   0.391   0.397   0.399
  0.401   0.403   0.406   0.408   0.409   0.413   0.417   0.426
  0.426   0.427   0.430   0.432   0.435   0.441   0.444   0.447
  0.449   0.454   0.458   0.466   0.467   0.475   0.480   0.486
  0.493   0.494   0.501   0.502   0.510   0.511   0.518   0.521
  0.525   0.530   0.532   0.539   0.543   0.548   0.555   0.557
  0.565   0.567   0.573   0.573   0.575   0.577   0.584   0.591
  0.592   0.594   0.597   0.602   0.604   0.611   0.612   0.614
  0.618   0.621   0.623   0.624   0.628   0.635   0.636   0.643
  0.645   0.648   0.656   0.661   0.664   0.669   0.671   0.673
  0.675   0.679   0.688   0.693   0.693   0.699   0.702   0.706
  0.709   0.709   0.714   0.715   0.723   0.725   0.731   0.734
  0.737   0.739   0.743   0.745   0.752   0.759   0.761   0.763
  0.765   0.768   0.771   0.777   0.784   0.786   0.789   0.793
  0.794   0.797   0.805   0.808   0.814   0.817   0.821   0.823
  0.824   0.835   0.841   0.842   0.844   0.847   0.849   0.853
  0.858   0.861   0.875   0.882   0.889   0.898   0.911   0.913
  0.927   0.931   0.939   0.945   0.954   0.957   0.966   0.969
  0.977   0.985   0.989   0.999   1.005   1.007   1.022   1.026
  1.030   1.035   1.036   1.041   1.057   1.062   1.069   1.081
  1.084   1.087   1.092   1.097   1.106   1.118   1.125   1.128
  1.139   1.149   1.153   1.158   1.166   1.171   1.175   1.193
  1.199   1.207   1.214   1.216   1.229   1.233   1.234   1.243
  1.244   1.255   1.258   1.270   1.275   1.276   1.284   1.291
  1.298   1.300   1.305   1.308   1.312   1.318   1.332   1.334
  1.340   1.357   1.360   1.364   1.368   1.368   1.375   1.390
  1.397   1.405   1.406   1.414   1.420   1.425   1.432   1.443
  1.446   1.457   1.464   1.466   1.477   1.480   1.484   1.490
  1.491   1.496   1.500   1.501   1.507   1.518   1.523   1.524
  1.529   1.536   1.538   1.544   1.549   1.558   1.563   1.564
  1.571   1.574   1.574   1.579   1.583   1.587   1.597   1.605
  1.606   1.615   1.618   1.622   1.628   1.630   1.639   1.640
  1.647   1.649   1.653   1.654   1.665   1.667   1.669   1.671
  1.673   1.682   1.687   1.700   1.707   1.712   1.718   1.725
  1.728   1.733   1.737   1.739   1.741   1.745   1.746   1.748
  1.758   1.762   1.777   1.782   1.786   1.795   1.799   1.803
  1.814   1.815   1.820   1.828   1.830   1.840   1.847   1.850
  1.855   1.862   1.870   1.877   1.878   1.893   1.900   1.908
  1.911   1.915   1.922   1.924   1.927   1.930   1.935   1.945
  1.960   1.961   1.967   1.988   1.989   2.006   2.015   2.017
  2.024   2.030   2.043   2.048   2.061   2.072   2.079   2.084
  2.092   2.100   2.103   2.118   2.121   2.123   2.129   2.132
  2.142   2.148   2.153   2.156   2.166   2.171   2.179   2.187
  2.188   2.190   2.203   2.214   2.225   2.229   2.236   2.243
  2.280   2.292   2.300   2.316   2.322   2.328   2.338   2.344
  2.345   2.349   2.351   2.385   2.421   2.424   2.427   2.449
  2.465   2.466   2.483   2.503   2.506   2.514   2.516   2.519
  2.522   2.532   2.533   2.539   2.546   2.552   2.555   2.570
  2.573   2.581   2.590   2.591   2.596   2.598   2.601   2.603
  2.612   2.615   2.622   2.624   2.637   2.640   2.648   2.653
  2.665   2.672   2.678   2.680   2.690   2.703   2.711   2.717
  2.726   2.728   2.730   2.741   2.745   2.756   2.760   2.775
  2.778   2.784   2.798   2.803   2.817   2.818   2.827   2.834
  2.839   2.854   2.862   2.864   2.864   2.871   2.888   2.891
  2.894   2.909   2.915   2.921   2.922   2.926   2.929   2.933
  2.951   2.957   2.968   2.969   2.974   2.979   2.989   2.999
  3.007   3.030   3.040   3.047   3.069   3.076   3.078   3.086
  3.097   3.100   3.106   3.108   3.123   3.128   3.131   3.138
  3.143   3.170   3.177   3.206   3.210   3.217   3.222   3.241
  3.247   3.255   3.256   3.267   3.271   3.276   3.278   3.285
  3.298   3.299   3.317   3.321   3.342   3.366   3.395   3.402
  3.420   3.423   3.477   3.486   3.500   3.506   3.543   3.558
  3.603   3.604   3.628   3.630   3.636   3.650   3.721   3.725
  3.752   3.774   3.787   3.788   3.798   3.803   3.811   3.811
  3.814   3.817   3.820   3.827   3.839   3.844   3.866   3.868
  3.894   3.911   3.917   3.921   3.979   3.994   4.069   4.078
  4.081   4.090   4.094   4.117   4.160   4.160   4.195   4.208
  4.248   4.250   4.335   4.343   4.377   4.382   4.397   4.400
  4.865   4.881   5.092   5.102   5.153   5.193   5.214   5.253
  5.265   5.281   5.290   5.308   5.325   5.344   5.424   5.440
  5.472   5.524   5.639   5.645   5.655   5.657   5.911   5.930
  5.952   5.958  23.609  23.664  23.873  23.874  23.893  23.902
 23.937  23.945  23.945  23.953  23.955  23.964  23.978  23.992
 23.999  24.015  24.037  24.064  24.078  24.080  24.089  24.093
 24.171  24.181  49.919  49.934  49.961  49.977  50.035  50.050
 50.060  50.062
 --------------------------------------------------------------
 
          Ground-State Mulliken Net Atomic Charges

     Atom                 Charge (a.u.)
  ----------------------------------------
      1 C                     0.079121
      2 C                     0.088669
      3 C                    -0.582962
      4 C                    -0.830321
      5 O                     0.184902
      6 O                    -0.114354
      7 O                     0.154018
      8 O                    -0.085684
      9 C                    -0.109614
     10 C                    -0.316049
     11 C                     0.374916
     12 C                    -0.202249
     13 C                    -0.220272
     14 C                     0.248914
     15 H                     0.165237
     16 H                     0.230544
     17 H                     0.163141
     18 H                     0.184822
     19 H                     0.174928
     20 H                     0.060498
     21 H                     0.193872
     22 H                     0.167721
     23 C                    -0.516112
     24 C                    -0.547144
     25 H                     0.212467
     26 H                     0.121072
     27 H                     0.220232
     28 H                     0.174152
     29 H                     0.185879
     30 H                     0.143480
     31 C                     0.082368
     32 C                     0.128674
     33 C                    -0.884989
     34 C                    -0.594753
     35 O                     0.167835
     36 O                    -0.077517
     37 O                     0.161624
     38 O                    -0.110799
     39 C                    -0.324310
     40 C                    -0.094812
     41 C                     0.237139
     42 C                    -0.221739
     43 C                    -0.204712
     44 C                     0.386917
     45 H                     0.234523
     46 H                     0.163916
     47 H                     0.168073
     48 H                     0.196505
     49 H                     0.061431
     50 H                     0.175634
     51 H                     0.183416
     52 H                     0.162966
     53 C                    -0.548389
     54 C                    -0.509772
     55 H                     0.187327
     56 H                     0.145397
     57 H                     0.173319
     58 H                     0.219426
     59 H                     0.211824
     60 H                     0.119651
  ----------------------------------------
  Sum of atomic charges =     0.000000

 -----------------------------------------------------------------
                    Cartesian Multipole Moments
 -----------------------------------------------------------------
    Charge (ESU x 10^10)
                 0.0000
    Dipole Moment (Debye)
         X       0.2178      Y       0.0314      Z       0.1575
       Tot       0.2706
    Quadrupole Moments (Debye-Ang)
        XX    -190.5469     XY      -2.0544     YY    -156.4090
        XZ      16.9061     YZ       2.0330     ZZ    -201.7098
    Octopole Moments (Debye-Ang^2)
       XXX       7.5118    XXY     -52.1381    XYY       1.6512
       YYY     -81.9142    XXZ      -0.7200    XYZ     -20.0765
       YYZ      -6.1632    XZZ      -0.4645    YZZ      24.4166
       ZZZ       6.5901
    Hexadecapole Moments (Debye-Ang^3)
      XXXX   -5266.6173   XXXY     -29.3126   XXYY   -1472.4499
      XYYY      -3.4430   YYYY   -4146.1400   XXXZ     214.7275
      XXYZ      10.7542   XYYZ      55.0433   YYYZ      13.6619
      XXZZ   -1602.9803   XYZZ      -6.9146   YYZZ   -1346.9742
      XZZZ     117.3356   YZZZ      12.0218   ZZZZ   -4075.2449
 -----------------------------------------------------------------
Archival summary:
1\1\vega03.cac.cornell.edu\SP\ProcedureUnspecified\BasisUnspecified\82428\jj585\MonApr203:11:332018MonApr203:11:332018\0\\#,ProcedureUnspecified,BasisUnspecified,\\0,1\O\C,1,1.35063\O,2,1.20668,1,123.512\C,1,1.43835,2,115.94,3,4.13325,0\H,4,1.08762,1,105.403,2,179.104,0\H,4,1.09103,1,110.475,2,-61.3232,0\H,4,1.0915,1,110.399,2,59.3962,0\C,2,1.49803,1,111.128,3,177.348,0\C,8,1.40604,2,118.266,1,-126.75,0\C,9,1.3959,8,117.481,2,177.84,0\H,10,1.08495,9,118.972,8,-179.641,0\C,10,1.38856,9,121.575,8,0.160349,0\H,12,1.08475,10,119.38,9,179.653,0\C,12,1.39616,10,121.629,9,-0.129654,0\C,14,1.40634,12,117.536,10,0.183585,0\C,15,1.49626,14,119.012,12,177.857,0\O,16,1.2069,15,125.54,14,47.3939,0\O,16,1.3512,15,110.928,14,-130.615,0\C,18,1.43752,16,116.164,15,-177.05,0\H,19,1.08772,18,105.376,16,179.706,0\H,19,1.09086,18,110.507,16,-60.681,0\H,19,1.09163,18,110.367,16,60.0909,0\C,14,1.50976,12,119.611,10,179.442,0\H,23,1.09144,14,110.135,12,-7.24194,0\H,23,1.09156,14,111.21,12,113.289,0\H,23,1.09291,14,111.796,12,-127.427,0\C,9,1.51138,8,122.941,2,-1.44272,0\H,27,1.09144,9,110.104,8,172.262,0\H,27,1.09164,9,111.284,8,-67.2422,0\H,27,1.09319,9,111.89,8,52.1865,0\H,5,2.24097,4,118.238,1,-50.1415,0\C,31,1.08772,5,119.136,4,117.772,0\H,32,1.09086,31,110.694,5,-166.74,0\H,32,1.09163,31,110.757,5,72.105,0\O,32,1.43752,31,105.376,5,-47.2505,0\C,35,1.3512,32,116.164,31,179.706,0\O,36,1.2069,35,123.501,32,4.8931,0\C,36,1.49626,35,110.928,32,-177.05,0\C,38,1.40634,36,119.012,35,-130.615,0\C,39,1.39616,38,117.536,36,177.857,0\H,40,1.08475,39,118.991,38,-179.6,0\C,40,1.38856,39,121.629,38,0.183585,0\H,42,1.08495,40,119.453,39,179.671,0\C,42,1.3959,40,121.575,39,-0.129654,0\C,44,1.40604,42,117.481,40,0.160349,0\C,45,1.49803,44,118.266,42,177.84,0\O,46,1.20668,45,125.302,44,50.5403,0\O,46,1.35063,45,111.128,44,-126.75,0\C,48,1.43835,46,115.94,45,-178.519,0\H,49,1.08762,48,105.403,46,179.104,0\H,49,1.09103,48,110.475,46,-61.3232,0\H,49,1.0915,48,110.399,46,59.3962,0\C,39,1.50976,38,122.848,36,-1.37569,0\H,53,1.09144,39,110.135,38,171.975,0\H,53,1.09156,39,111.21,38,-67.4939,0\H,53,1.09291,39,111.796,38,51.7903,0\C,44,1.51138,42,119.574,40,179.468,0\H,57,1.09144,44,110.104,42,-7.00566,0\H,57,1.09164,44,111.284,42,113.49,0\H,57,1.09319,44,111.89,42,-127.081,0\\\@

 Total job time:  2662.99s(wall), 5302.04s(cpu) 
 Mon Apr  2 03:11:33 2018

        *************************************************************
        *                                                           *
        *  Thank you very much for using Q-Chem.  Have a nice day.  *
        *                                                           *
        *************************************************************


0 sent ACK to 0 
now end server 0 ... 
