mFile = /opt/software/qchem/qchem-5.0.1//bin/mpi/machines
Process 0 of 1 is on vega03.cac.cornell.edu - thread support 0
initial socket setup ...start
initial socket setup ...done 
now start server 0 ... 
vega03 10.84.3
Q-Chem Developer Version! Running on 10.84.3.*
                  Welcome to Q-Chem
     A Quantum Leap Into The Future Of Chemistry


 Q-Chem 5.0, Q-Chem, Inc., Pleasanton, CA (2017)

 Yihan Shao,  Zhengting Gan,  E. Epifanovsky,  A. T. B. Gilbert,  M. Wormit,  
 J. Kussmann,  A. W. Lange,  A. Behn,  Jia Deng,  Xintian Feng,  D. Ghosh,  
 M. Goldey,  P. R. Horn,  L. D. Jacobson,  I. Kaliman,  T. Kus,  A. Landau,  
 Jie Liu,  E. I. Proynov,  R. M. Richard,  R. P. Steele,  E. J. Sundstrom,  
 H. L. Woodcock III,  P. M. Zimmerman,  D. Zuev,  B. Albrecht,  E. Alguire,  
 S. A. Baeppler,  Z. Benda,  Y. A. Bernard,  E. J. Berquist,  K. B. Bravaya,  
 D. Casanova,  Chun-Min Chang,  Yunqing Chen,  A. Chien,  K. D. Closser,  
 M. P. Coons,  S. Dasgupta,  M. Diedenhofen,  Hainam Do,  R. G. Edgar,  
 Po-Tung Fang,  S. Fatehi,  Qingguo Feng,  Qinghui Ge,  A. Ghysels,  
 J. Gomes,  J. Gonthier,  A. Gunina,  M. W. D. Hanson-Heine,  
 P. H. P. Harbach,  A. W. Hauser,  J. E. Herr,  E. G. Hohenstein,  
 Z. C. Holden,  Kerwin Hui,  T.-C. Jagau,  Hyunjun Ji,  B. Kaduk,  
 K. Khistyaev,  Jaehoon Kim,  P. Klunzinger,  K. Koh,  D. Kosenkov,  
 T. Kowalczyk,  C. M. Krauter,  A. Kunitsa,  Ka Un Lao,  A. Laurent,  
 K. V. Lawler,  Joonho Lee,  D. Lefrancois,  S. Lehtola,  D. S. Levine,  
 Yi-Pei Li,  You-Sheng Lin,  Fenglai Liu,  E. Livshits,  A. Luenser,  
 P. Manohar,  E. Mansoor,  S. F. Manzer,  Shan-Ping Mao,  Yuezhi Mao,  
 N. Mardirossian,  A. V. Marenich,  L. A. Martinez-Martinez,  S. A. Maurer,  
 N. J. Mayhall,  S. C. McKenzie,  J.-M. Mewes,  A. F. Morrison,  K. Nanda,  
 T. S. Nguyen-Beck,  R. Olivares-Amaya,  J. A. Parkhill,  T. M. Perrine,  
 F. Plasser,  S. Prager,  A. Prociuk,  D. R. Rehn,  F. Rob,  M. Schneider,  
 N. Sergueev,  S. M. Sharada,  S. Sharma,  D. W. Small,  T. Stauch,  
 T. Stein,  Yu-Chuan Su,  A. J. W. Thom,  T. Tsuchimochi,  L. Vogt,  
 O. Vydrov,  M. A. Watson,  J. Wenzel,  M. de Wergifosse,  T. A. Wesolowski,  
 A. White,  J. Witte,  A. Yamada,  Jun Yang,  K. Yao,  S. Yeganeh,  
 S. R. Yost,  Zhi-Qiang You,  A. Zech,  Igor Ying Zhang,  Xing Zhang,  
 Yan Zhao,  Ying Zhu,  B. R. Brooks,  G. K. L. Chan,  C. J. Cramer,  
 M. S. Gordon,  W. J. Hehre,  A. Klamt,  M. W. Schmidt,  C. D. Sherrill,  
 D. G. Truhlar,  A. Aspuru-Guzik,  R. Baer,  A. T. Bell,  N. A. Besley,  
 Jeng-Da Chai,  A. Dreuw,  B. D. Dunietz,  T. R. Furlani,  Chao-Ping Hsu,  
 Yousung Jung,  Jing Kong,  D. S. Lambrecht,  WanZhen Liang,  C. Ochsenfeld,  
 V. A. Rassolov,  L. V. Slipchenko,  J. E. Subotnik,  T. Van Voorhis,  
 J. M. Herbert,  A. I. Krylov,  P. M. W. Gill,  M. Head-Gordon

 Contributors to earlier versions of Q-Chem not listed above: 
 R. D. Adamson,  B. Austin,  J. Baker,  G. J. O. Beran,  K. Brandhorst,  
 S. T. Brown,  E. F. C. Byrd,  A. K. Chakraborty,  C.-L. Cheng,  
 Siu Hung Chien,  D. M. Chipman,  D. L. Crittenden,  H. Dachsel,  
 R. A. DiStasio Jr.,  R. J. Doerksen,  A. D. Dutoi,  L. Fusti-Molnar,  
 W. A. Goddard III,  A. Golubeva-Zadorozhnaya,  S. R. Gwaltney,  G. Hawkins,  
 A. Heyden,  S. Hirata,  G. Kedziora,  F. J. Keil,  C. Kelley,  Jihan Kim,  
 R. A. King,  R. Z. Khaliullin,  P. P. Korambath,  W. Kurlancheek,  
 A. M. Lee,  M. S. Lee,  S. V. Levchenko,  Ching Yeh Lin,  D. Liotard,  
 R. C. Lochan,  I. Lotan,  P. E. Maslen,  N. Nair,  D. P. O'Neill,  
 D. Neuhauser,  E. Neuscamman,  C. M. Oana,  R. Olson,  B. Peters,  
 R. Peverati,  P. A. Pieniazek,  Y. M. Rhee,  J. Ritchie,  M. A. Rohrdanz,  
 E. Rosta,  N. J. Russ,  H. F. Schaefer III,  N. E. Schultz,  N. Shenvi,  
 A. C. Simmonett,  A. Sodt,  D. Stuck,  K. S. Thanthiriwatte,  V. Vanovschi,  
 Tao Wang,  A. Warshel,  C. F. Williams,  Q. Wu,  X. Xu,  W. Zhang

 Please cite Q-Chem as follows:
 Y. Shao et al., Mol. Phys. 113, 184-215 (2015)
 DOI: 10.1080/00268976.2014.952696

 Q-Chem 5.0.1 for Intel X86 EM64T Linux

 Parts of Q-Chem use Armadillo 5.200.1 (Boston Tea Smuggler).
 http://arma.sourceforge.net/

 Q-Chem begins on Mon Apr 16 22:55:41 2018  

Host: vega03.cac.cornell.edu
0

     Scratch files written to /scratch/jj585/vdw/0000_distance_3.500_10.save//
 Parallel job on  1  processors

Checking the input file for inconsistencies... 	...done.

--------------------------------------------------------------
User input:
--------------------------------------------------------------
$molecule
0  1
C        +0.22270000        +1.04488000        +0.58595000
C        +0.62626000        -0.41353000        +0.99871000
C        +1.33008000        +1.39974000        -0.43491000
C        +2.63070000        +1.71700000        +0.32855000
C        +3.04336000        +0.29351000        +0.80300000
C        +1.94423000        -0.59299000        +0.15262000
O        +1.62840000        +0.13663000        -1.04376000
H        +3.37234000        +2.13782000        -0.35195000
H        +2.48236000        +2.42488000        +1.14651000
H        +4.02182000        +0.00994000        +0.41161000
H        +3.07359000        +0.18738000        +1.88928000
H        +1.03270000        +2.19943000        -1.08064000
H        +2.24339000        -1.61496000        +0.04786000
H        +0.81693000        -0.48905000        +2.04887000
H        -0.12524000        -1.15356000        +0.81843000
H        -0.74673000        +1.06811000        +0.13365000
H        +0.15552000        +1.72617000        +1.40828000
@C        +2.59307000        +2.42481000        +2.76015000
@C        +2.99663000        +0.96640000        +3.17291000
@C        +3.70045000        +2.77967000        +1.73929000
@C        +5.00107000        +3.09693000        +2.50275000
@C        +5.41373000        +1.67344000        +2.97720000
@C        +4.31460000        +0.78694000        +2.32682000
@O        +3.99877000        +1.51656000        +1.13044000
@H        +5.74271000        +3.51775000        +1.82225000
@H        +4.85273000        +3.80481000        +3.32071000
@H        +6.39219000        +1.38987000        +2.58581000
@H        +5.44396000        +1.56731000        +4.06348000
@H        +3.40307000        +3.57936000        +1.09356000
@H        +4.61376000        -0.23503000        +2.22206000
@H        +3.18730000        +0.89088000        +4.22307000
@H        +2.24513000        +0.22637000        +2.99263000
@H        +1.62364000        +2.44804000        +2.30785000
@H        +2.52589000        +3.10610000        +3.58248000
$end

$rem
JOBTYPE                   SP
METHOD                    B3LYP
DFT_D                     d3_op
BASIS                     6-311++G(d,p)
SYMMETRY                  False
THRESH                    12
SCF_CONVERGENCE           8
MAX_SUB_FILE_NUM          128
MEM_STATIC                400
MEM_TOTAL                 4000
$end
--------------------------------------------------------------
 Adding empirical dispersion correction 
 ----------------------------------------------------------------
 Doing -D3(op) with
 s6 =   1.00000
 s8 =   0.78311
 a1 =   0.30000
 a2 =   4.25000
 n  =  10.00000
 -D3 energy without 3body term =     -0.0133866839 hartrees
 ----------------------------------------------------------------
             Standard Nuclear Orientation (Angstroms)
    I     Atom           X                Y                Z
 ----------------------------------------------------------------
    1      C       0.2227000000     1.0448800000     0.5859500000
    2      C       0.6262600000    -0.4135300000     0.9987100000
    3      C       1.3300800000     1.3997400000    -0.4349100000
    4      C       2.6307000000     1.7170000000     0.3285500000
    5      C       3.0433600000     0.2935100000     0.8030000000
    6      C       1.9442300000    -0.5929900000     0.1526200000
    7      O       1.6284000000     0.1366300000    -1.0437600000
    8      H       3.3723400000     2.1378200000    -0.3519500000
    9      H       2.4823600000     2.4248800000     1.1465100000
   10      H       4.0218200000     0.0099400000     0.4116100000
   11      H       3.0735900000     0.1873800000     1.8892800000
   12      H       1.0327000000     2.1994300000    -1.0806400000
   13      H       2.2433900000    -1.6149600000     0.0478600000
   14      H       0.8169300000    -0.4890500000     2.0488700000
   15      H      -0.1252400000    -1.1535600000     0.8184300000
   16      H      -0.7467300000     1.0681100000     0.1336500000
   17      H       0.1555200000     1.7261700000     1.4082800000
   18      GH      2.5930700000     2.4248100000     2.7601500000
   19      GH      2.9966300000     0.9664000000     3.1729100000
   20      GH      3.7004500000     2.7796700000     1.7392900000
   21      GH      5.0010700000     3.0969300000     2.5027500000
   22      GH      5.4137300000     1.6734400000     2.9772000000
   23      GH      4.3146000000     0.7869400000     2.3268200000
   24      GH      3.9987700000     1.5165600000     1.1304400000
   25      GH      5.7427100000     3.5177500000     1.8222500000
   26      GH      4.8527300000     3.8048100000     3.3207100000
   27      GH      6.3921900000     1.3898700000     2.5858100000
   28      GH      5.4439600000     1.5673100000     4.0634800000
   29      GH      3.4030700000     3.5793600000     1.0935600000
   30      GH      4.6137600000    -0.2350300000     2.2220600000
   31      GH      3.1873000000     0.8908800000     4.2230700000
   32      GH      2.2451300000     0.2263700000     2.9926300000
   33      GH      1.6236400000     2.4480400000     2.3078500000
   34      GH      2.5258900000     3.1061000000     3.5824800000
 ----------------------------------------------------------------
 Nuclear Repulsion Energy =   331.2533536408 hartrees
 There are       27 alpha and       27 beta electrons
 Requested basis set is 6-311++G(d,p)
 There are 184 shells and 448 basis functions

 Total QAlloc Memory Limit   4000 MB
 Mega-Array Size       392 MB
 MEM_STATIC part       400 MB
 A cutoff of  1.0D-12 yielded  15422 shell pairs
 There are     92309 function pairs (     98089 Cartesian)
 
 -------------------------------------------------------
 OpenMP Integral Computing Module                       
 Release: version 1.0, May 2013, Q-Chem Inc. Pittsburgh 
 -------------------------------------------------------
 Integral Job Info:
 Integral job number is                      11
 Integral operator is                         1
 short-range coefficients                     0
 long-range coefficients              100000000
 Omega coefficients                           0
 if combine SR and LR in K                    0
 Integral screening is                        0
 Integral computing path is                   2
 max size of driver memory is            800000
 size of driver memory is                593474
 size of scratch memory is              2361544
 max col of scratch BK array               1296
 max len of scratch array in speh3          155
 max len of scratch index in speh4           18
 max int batch size is                      520
 min int batch size is                       52
 fixed nKL is                                52
 max L of basis functions is                  2
 order of int derivative is                   0
 number of shells is                        184
 number of basis is                         462
 number of cartesian basis is               462
 number of contracted shell pairs         15422
 number of primitive shell pairs          33908
 maxK2 (contraction) of shell pair           36
 max number of K2 of shell pair               1
 max number of CS2 of shell pair           2650
 max number of PS2 of shell pair           4818
 mem total for path MDJ                  132090
 -------------------------------------------------------
 Smallest overlap matrix eigenvalue = 4.84E-07
 Linear dependence detected in AO basis
 Number of orthogonalized atomic orbitals = 447
 Maximum deviation from orthogonality = 1.230E-10

 Scale SEOQF with 1.000000e-02/1.000000e-01/1.000000e-01

 Standard Electronic Orientation quadrupole field applied
 Nucleus-field energy     =     0.0000000014 hartrees
 Guess from superposition of atomic densities
 Warning:  Energy on first SCF cycle will be non-variational

 Q-Chem warning in module /opt/software/qchem/qchem-5.0.1/libgen/Atomic_PolEc.C, line 58:

 No atomic polarizability available.


 Q-Chem warning in module /opt/software/qchem/qchem-5.0.1/libgen/Atomic_PolEc.C, line 73:

 No atomic polarizability available.


 Q-Chem warning in module /opt/software/qchem/qchem-5.0.1/libgen/Atomic_PolEc.C, line 58:

 No atomic polarizability available.


 Q-Chem warning in module /opt/software/qchem/qchem-5.0.1/libgen/Atomic_PolEc.C, line 73:

 No atomic polarizability available.


 Q-Chem warning in module /opt/software/qchem/qchem-5.0.1/libgen/Atomic_PolEc.C, line 58:

 No atomic polarizability available.


 Q-Chem warning in module /opt/software/qchem/qchem-5.0.1/libgen/Atomic_PolEc.C, line 73:

 No atomic polarizability available.


 Q-Chem warning in module /opt/software/qchem/qchem-5.0.1/libgen/Atomic_PolEc.C, line 58:

 No atomic polarizability available.


 Q-Chem warning in module /opt/software/qchem/qchem-5.0.1/libgen/Atomic_PolEc.C, line 73:

 No atomic polarizability available.


 Q-Chem warning in module /opt/software/qchem/qchem-5.0.1/libgen/Atomic_PolEc.C, line 58:

 No atomic polarizability available.


 Q-Chem warning in module /opt/software/qchem/qchem-5.0.1/libgen/Atomic_PolEc.C, line 73:

 No atomic polarizability available.


 Q-Chem warning in module /opt/software/qchem/qchem-5.0.1/libgen/Atomic_PolEc.C, line 58:

 No atomic polarizability available.


 Q-Chem warning in module /opt/software/qchem/qchem-5.0.1/libgen/Atomic_PolEc.C, line 73:

 No atomic polarizability available.


 Q-Chem warning in module /opt/software/qchem/qchem-5.0.1/libgen/Atomic_PolEc.C, line 58:

 No atomic polarizability available.


 Q-Chem warning in module /opt/software/qchem/qchem-5.0.1/libgen/Atomic_PolEc.C, line 73:

 No atomic polarizability available.


 Q-Chem warning in module /opt/software/qchem/qchem-5.0.1/libgen/Atomic_PolEc.C, line 58:

 No atomic polarizability available.


 Q-Chem warning in module /opt/software/qchem/qchem-5.0.1/libgen/Atomic_PolEc.C, line 73:

 No atomic polarizability available.


 Q-Chem warning in module /opt/software/qchem/qchem-5.0.1/libgen/Atomic_PolEc.C, line 58:

 No atomic polarizability available.


 Q-Chem warning in module /opt/software/qchem/qchem-5.0.1/libgen/Atomic_PolEc.C, line 73:

 No atomic polarizability available.


 Q-Chem warning in module /opt/software/qchem/qchem-5.0.1/libgen/Atomic_PolEc.C, line 58:

 No atomic polarizability available.


 Q-Chem warning in module /opt/software/qchem/qchem-5.0.1/libgen/Atomic_PolEc.C, line 73:

 No atomic polarizability available.


 Q-Chem warning in module /opt/software/qchem/qchem-5.0.1/libgen/Atomic_PolEc.C, line 58:

 No atomic polarizability available.


 Q-Chem warning in module /opt/software/qchem/qchem-5.0.1/libgen/Atomic_PolEc.C, line 73:

 No atomic polarizability available.


 Q-Chem warning in module /opt/software/qchem/qchem-5.0.1/libgen/Atomic_PolEc.C, line 58:

 No atomic polarizability available.


 Q-Chem warning in module /opt/software/qchem/qchem-5.0.1/libgen/Atomic_PolEc.C, line 73:

 No atomic polarizability available.


 Q-Chem warning in module /opt/software/qchem/qchem-5.0.1/libgen/Atomic_PolEc.C, line 58:

 No atomic polarizability available.


 Q-Chem warning in module /opt/software/qchem/qchem-5.0.1/libgen/Atomic_PolEc.C, line 73:

 No atomic polarizability available.


 Q-Chem warning in module /opt/software/qchem/qchem-5.0.1/libgen/Atomic_PolEc.C, line 58:

 No atomic polarizability available.


 Q-Chem warning in module /opt/software/qchem/qchem-5.0.1/libgen/Atomic_PolEc.C, line 73:

 No atomic polarizability available.


 Q-Chem warning in module /opt/software/qchem/qchem-5.0.1/libgen/Atomic_PolEc.C, line 58:

 No atomic polarizability available.


 Q-Chem warning in module /opt/software/qchem/qchem-5.0.1/libgen/Atomic_PolEc.C, line 73:

 No atomic polarizability available.


 Q-Chem warning in module /opt/software/qchem/qchem-5.0.1/libgen/Atomic_PolEc.C, line 58:

 No atomic polarizability available.


 Q-Chem warning in module /opt/software/qchem/qchem-5.0.1/libgen/Atomic_PolEc.C, line 73:

 No atomic polarizability available.


 Q-Chem warning in module /opt/software/qchem/qchem-5.0.1/libgen/Atomic_PolEc.C, line 58:

 No atomic polarizability available.


 Q-Chem warning in module /opt/software/qchem/qchem-5.0.1/libgen/Atomic_PolEc.C, line 73:

 No atomic polarizability available.

 A restricted hybrid HF-DFT SCF calculation will be
 performed using Pulay DIIS extrapolation
 Exchange:     0.2000 Hartree-Fock + 0.0800 Slater + 0.7200 B88
 Correlation:  0.1900 VWN1RPA + 0.8100 LYP
 Using SG-1 standard quadrature grid
 Dispersion:   Grimme D3
 SCF converges when DIIS error is below 1.0E-08
 using 4 threads for integral computing
 -------------------------------------------------------
 OpenMP Integral computing Module                
 Release: version 1.0, May 2013, Q-Chem Inc. Pittsburgh 
 -------------------------------------------------------
 -------------------------------------------------------
 OpenMP BLAS3 based DFT computing Module                
 Release: version 1.0, May 2013, Q-Chem Inc. Pittsburgh 
 -------------------------------------------------------
 ---------------------------------------
  Cycle       Energy         DIIS Error
 ---------------------------------------
    1    -311.4034674835      2.06E-02
    2    -309.8171395859      2.37E-03
    3    -309.7367661257      3.04E-03
    4    -309.9577139998      3.75E-04
    5    -309.9598823673      1.66E-04
    6    -309.9603645003      4.88E-05
    7    -309.9604048463      1.36E-05
    8    -309.9604087519      1.62E-06
    9    -309.9604088152      4.11E-07
   10    -309.9604088197      7.47E-08
   11    -309.9604088198      2.73E-08
   12    -309.9604088198      6.54E-09 Convergence criterion met
 ---------------------------------------
 SCF time:  CPU 719.22 s  wall 180.72 s
 SCF   energy in the final basis set = -309.96040882
 Total energy in the final basis set = -309.96040882
 
 --------------------------------------------------------------
 
                    Orbital Energies (a.u.)
 --------------------------------------------------------------
 
 Alpha MOs
 -- Occupied --
-19.123 -10.221 -10.218 -10.168 -10.167 -10.165 -10.163  -1.050
 -0.798  -0.749  -0.747  -0.614  -0.578  -0.574  -0.527  -0.478
 -0.465  -0.431  -0.406  -0.395  -0.364  -0.360  -0.351  -0.339
 -0.317  -0.304  -0.264
 -- Virtual --
 -0.011   0.006   0.009   0.010   0.027   0.029   0.034   0.035
  0.040   0.054   0.058   0.060   0.063   0.073   0.075   0.076
  0.081   0.085   0.091   0.099   0.100   0.101   0.109   0.113
  0.115   0.120   0.122   0.127   0.128   0.130   0.131   0.141
  0.145   0.147   0.149   0.151   0.154   0.156   0.161   0.165
  0.166   0.170   0.172   0.178   0.183   0.188   0.189   0.194
  0.199   0.202   0.206   0.207   0.211   0.216   0.220   0.222
  0.226   0.230   0.235   0.238   0.241   0.243   0.244   0.253
  0.258   0.260   0.264   0.274   0.281   0.286   0.289   0.293
  0.295   0.304   0.310   0.316   0.322   0.329   0.332   0.342
  0.348   0.353   0.355   0.360   0.366   0.368   0.373   0.379
  0.381   0.391   0.395   0.403   0.413   0.414   0.421   0.422
  0.424   0.433   0.446   0.452   0.458   0.471   0.472   0.482
  0.487   0.508   0.517   0.522   0.533   0.553   0.560   0.563
  0.578   0.592   0.598   0.603   0.612   0.615   0.628   0.639
  0.656   0.657   0.663   0.667   0.673   0.694   0.698   0.704
  0.707   0.717   0.732   0.737   0.740   0.742   0.746   0.747
  0.759   0.767   0.769   0.771   0.786   0.797   0.798   0.808
  0.809   0.845   0.851   0.863   0.864   0.883   0.889   0.897
  0.939   0.944   0.967   0.973   0.995   1.004   1.025   1.040
  1.052   1.070   1.073   1.106   1.110   1.132   1.164   1.166
  1.198   1.200   1.212   1.230   1.234   1.252   1.253   1.273
  1.319   1.325   1.335   1.350   1.374   1.410   1.433   1.451
  1.471   1.482   1.496   1.503   1.507   1.526   1.531   1.540
  1.553   1.564   1.597   1.602   1.607   1.614   1.619   1.630
  1.651   1.663   1.672   1.691   1.691   1.701   1.718   1.720
  1.728   1.732   1.746   1.773   1.781   1.797   1.807   1.822
  1.829   1.835   1.843   1.854   1.872   1.877   1.885   1.892
  1.899   1.917   1.919   1.924   1.944   1.948   1.952   1.965
  1.978   1.984   2.004   2.012   2.022   2.045   2.058   2.065
  2.091   2.100   2.130   2.131   2.157   2.185   2.199   2.206
  2.211   2.214   2.231   2.260   2.281   2.289   2.299   2.302
  2.330   2.349   2.350   2.369   2.379   2.388   2.404   2.418
  2.422   2.429   2.445   2.465   2.478   2.515   2.518   2.525
  2.539   2.555   2.560   2.584   2.590   2.593   2.616   2.625
  2.638   2.646   2.671   2.706   2.716   2.748   2.757   2.765
  2.773   2.777   2.789   2.810   2.819   2.850   2.865   2.874
  2.881   2.893   2.902   2.936   2.939   2.958   2.979   2.983
  3.003   3.018   3.034   3.045   3.050   3.076   3.108   3.127
  3.128   3.138   3.156   3.201   3.210   3.227   3.233   3.238
  3.268   3.301   3.309   3.335   3.352   3.376   3.388   3.453
  3.472   3.478   3.498   3.506   3.522   3.599   3.616   3.623
  3.645   3.672   3.692   3.710   3.752   3.813   3.852   3.869
  3.877   3.900   3.946   3.979   3.991   4.035   4.087   4.111
  4.123   4.138   4.156   4.189   4.221   4.330   4.448   4.542
  4.563   4.639   4.730   4.826   4.846   4.860   4.932   4.971
  5.031   5.076   5.149   5.175   5.183   5.279   5.329   5.494
  5.640   5.688   7.332   7.391   7.495   7.558   7.601   7.696
  7.746   7.767   7.944   7.973   8.019   8.042   8.131   8.284
  8.378   8.409   8.631   8.694   9.853   9.906   9.977  10.018
 10.038  10.167  13.745  14.006  14.089  18.690  23.878  23.897
 24.034  24.055  24.104  24.127  49.967  69.781  69.801  69.907
 69.930  69.982  70.068 139.696
 --------------------------------------------------------------
 
          Ground-State Mulliken Net Atomic Charges

     Atom                 Charge (a.u.)
  ----------------------------------------
      1 C                    -0.276716
      2 C                    -0.304109
      3 C                    -0.237532
      4 C                    -0.215084
      5 C                    -0.248031
      6 C                    -0.152621
      7 O                    -0.102739
      8 H                     0.203142
      9 H                     0.077871
     10 H                     0.205318
     11 H                     0.072655
     12 H                     0.226003
     13 H                     0.223377
     14 H                     0.094009
     15 H                     0.198404
     16 H                     0.189466
     17 H                     0.109045
     18 GH                   -0.020617
     19 GH                   -0.010176
     20 GH                   -0.059135
     21 GH                    0.011405
     22 GH                   -0.020617
     23 GH                   -0.028527
     24 GH                   -0.007356
     25 GH                   -0.000110
     26 GH                    0.000639
     27 GH                   -0.000446
     28 GH                    0.000782
     29 GH                    0.016057
     30 GH                    0.014024
     31 GH                    0.001922
     32 GH                    0.026066
     33 GH                    0.013825
     34 GH                   -0.000191
  ----------------------------------------
  Sum of atomic charges =     0.000000

 -----------------------------------------------------------------
                    Cartesian Multipole Moments
 -----------------------------------------------------------------
    Charge (ESU x 10^10)
                 0.0000
    Dipole Moment (Debye)
         X      -0.0125      Y       0.5138      Z       1.7093
       Tot       1.7849
    Quadrupole Moments (Debye-Ang)
        XX     -43.2255     XY      -0.0504     YY     -40.6387
        XZ       2.7736     YZ      -0.8453     ZZ     -46.1981
    Octopole Moments (Debye-Ang^2)
       XXX    -212.4079    XXY     -25.2693    XYY     -67.3861
       YYY     -68.3903    XXZ      -8.9718    XYZ      -1.0321
       YYZ     -13.9655    XZZ     -75.7115    YZZ     -21.3603
       ZZZ     -30.3180
    Hexadecapole Moments (Debye-Ang^3)
      XXXX   -1041.9566   XXXY    -131.5460   XXYY    -228.9048
      XYYY    -126.1427   YYYY    -349.5419   XXXZ     -55.9518
      XXYZ      -4.8881   XYYZ     -21.7390   YYYZ      -7.1731
      XXZZ    -221.5176   XYZZ     -39.6561   YYZZ     -91.5583
      XZZZ     -43.4435   YZZZ      -4.2142   ZZZZ    -219.0419
 -----------------------------------------------------------------
Archival summary:
1\1\vega03.cac.cornell.edu\SP\ProcedureUnspecified\BasisUnspecified\1610h17\jj585\MonApr1622:58:432018MonApr1622:58:432018\0\\#,ProcedureUnspecified,BasisUnspecified,\\0,1\O\C,1,1.43358\H,2,1.07,1,117.389\C,1,1.43646,2,98.0224,3,-179.253,0\H,4,1.07,1,117.714,2,-178.733,0\C,2,1.54115,1,102.483,3,-123.548,0\H,6,1.09096,2,110.128,1,81.1589,0\H,6,1.09186,2,112.95,1,-157.962,0\Gh,8,1.40036,6,111.297,2,-174.717,0\Gh,9,1.07,8,72.0699,6,101.849,0\Gh,9,1.43358,8,77.1734,6,-22.871,0\Gh,11,1.43646,9,98.0224,8,-117.519,0\Gh,12,1.07,11,117.714,9,-178.733,0\Gh,8,1.44452,6,133.903,2,56.0531,0\Gh,14,1.07,8,78.5159,6,116.728,0\Gh,15,1.07,14,104.724,8,139.064,0\H,12,1.44604,11,76.6969,9,111.128,0\C,17,1.09187,12,106.528,11,28.6666,0\H,18,1.09132,17,107.862,12,45.4199,0\Gh,17,1.38031,12,105.16,11,-128.103,0\Gh,20,1.07,17,74.4947,12,20.6026,0\Gh,21,1.07,20,103.987,17,-142.338,0\Gh,9,1.54115,8,174.834,6,-109.643,0\Gh,23,1.09096,9,110.128,8,166.773,0\Gh,23,1.09186,9,112.95,8,-72.3481,0\C,2,1.54738,1,103.124,3,123.327,0\H,26,1.07,2,113.95,1,155.255,0\H,26,1.07,2,111.379,1,-86.5463,0\Gh,12,1.55466,11,102.371,9,-54.4128,0\Gh,29,1.09132,12,109.614,11,-87.4148,0\Gh,29,1.09187,12,112.355,11,152.676,0\C,26,1.5685,2,101.696,1,32.1918,0\H,32,1.07,26,111.7,2,120.458,0\H,32,1.07,26,114.71,2,-121.541,0\\\@

 Total job time:  181.62s(wall), 721.83s(cpu) 
 Mon Apr 16 22:58:43 2018

        *************************************************************
        *                                                           *
        *  Thank you very much for using Q-Chem.  Have a nice day.  *
        *                                                           *
        *************************************************************


0 sent ACK to 0 
now end server 0 ... 
