mFile = /opt/software/qchem/qchem-5.0.1//bin/mpi/machines
Process 0 of 1 is on vega03.cac.cornell.edu - thread support 0
initial socket setup ...start
initial socket setup ...done 
now start server 0 ... 
vega03 10.84.3
Q-Chem Developer Version! Running on 10.84.3.*
                  Welcome to Q-Chem
     A Quantum Leap Into The Future Of Chemistry


 Q-Chem 5.0, Q-Chem, Inc., Pleasanton, CA (2017)

 Yihan Shao,  Zhengting Gan,  E. Epifanovsky,  A. T. B. Gilbert,  M. Wormit,  
 J. Kussmann,  A. W. Lange,  A. Behn,  Jia Deng,  Xintian Feng,  D. Ghosh,  
 M. Goldey,  P. R. Horn,  L. D. Jacobson,  I. Kaliman,  T. Kus,  A. Landau,  
 Jie Liu,  E. I. Proynov,  R. M. Richard,  R. P. Steele,  E. J. Sundstrom,  
 H. L. Woodcock III,  P. M. Zimmerman,  D. Zuev,  B. Albrecht,  E. Alguire,  
 S. A. Baeppler,  Z. Benda,  Y. A. Bernard,  E. J. Berquist,  K. B. Bravaya,  
 D. Casanova,  Chun-Min Chang,  Yunqing Chen,  A. Chien,  K. D. Closser,  
 M. P. Coons,  S. Dasgupta,  M. Diedenhofen,  Hainam Do,  R. G. Edgar,  
 Po-Tung Fang,  S. Fatehi,  Qingguo Feng,  Qinghui Ge,  A. Ghysels,  
 J. Gomes,  J. Gonthier,  A. Gunina,  M. W. D. Hanson-Heine,  
 P. H. P. Harbach,  A. W. Hauser,  J. E. Herr,  E. G. Hohenstein,  
 Z. C. Holden,  Kerwin Hui,  T.-C. Jagau,  Hyunjun Ji,  B. Kaduk,  
 K. Khistyaev,  Jaehoon Kim,  P. Klunzinger,  K. Koh,  D. Kosenkov,  
 T. Kowalczyk,  C. M. Krauter,  A. Kunitsa,  Ka Un Lao,  A. Laurent,  
 K. V. Lawler,  Joonho Lee,  D. Lefrancois,  S. Lehtola,  D. S. Levine,  
 Yi-Pei Li,  You-Sheng Lin,  Fenglai Liu,  E. Livshits,  A. Luenser,  
 P. Manohar,  E. Mansoor,  S. F. Manzer,  Shan-Ping Mao,  Yuezhi Mao,  
 N. Mardirossian,  A. V. Marenich,  L. A. Martinez-Martinez,  S. A. Maurer,  
 N. J. Mayhall,  S. C. McKenzie,  J.-M. Mewes,  A. F. Morrison,  K. Nanda,  
 T. S. Nguyen-Beck,  R. Olivares-Amaya,  J. A. Parkhill,  T. M. Perrine,  
 F. Plasser,  S. Prager,  A. Prociuk,  D. R. Rehn,  F. Rob,  M. Schneider,  
 N. Sergueev,  S. M. Sharada,  S. Sharma,  D. W. Small,  T. Stauch,  
 T. Stein,  Yu-Chuan Su,  A. J. W. Thom,  T. Tsuchimochi,  L. Vogt,  
 O. Vydrov,  M. A. Watson,  J. Wenzel,  M. de Wergifosse,  T. A. Wesolowski,  
 A. White,  J. Witte,  A. Yamada,  Jun Yang,  K. Yao,  S. Yeganeh,  
 S. R. Yost,  Zhi-Qiang You,  A. Zech,  Igor Ying Zhang,  Xing Zhang,  
 Yan Zhao,  Ying Zhu,  B. R. Brooks,  G. K. L. Chan,  C. J. Cramer,  
 M. S. Gordon,  W. J. Hehre,  A. Klamt,  M. W. Schmidt,  C. D. Sherrill,  
 D. G. Truhlar,  A. Aspuru-Guzik,  R. Baer,  A. T. Bell,  N. A. Besley,  
 Jeng-Da Chai,  A. Dreuw,  B. D. Dunietz,  T. R. Furlani,  Chao-Ping Hsu,  
 Yousung Jung,  Jing Kong,  D. S. Lambrecht,  WanZhen Liang,  C. Ochsenfeld,  
 V. A. Rassolov,  L. V. Slipchenko,  J. E. Subotnik,  T. Van Voorhis,  
 J. M. Herbert,  A. I. Krylov,  P. M. W. Gill,  M. Head-Gordon

 Contributors to earlier versions of Q-Chem not listed above: 
 R. D. Adamson,  B. Austin,  J. Baker,  G. J. O. Beran,  K. Brandhorst,  
 S. T. Brown,  E. F. C. Byrd,  A. K. Chakraborty,  C.-L. Cheng,  
 Siu Hung Chien,  D. M. Chipman,  D. L. Crittenden,  H. Dachsel,  
 R. A. DiStasio Jr.,  R. J. Doerksen,  A. D. Dutoi,  L. Fusti-Molnar,  
 W. A. Goddard III,  A. Golubeva-Zadorozhnaya,  S. R. Gwaltney,  G. Hawkins,  
 A. Heyden,  S. Hirata,  G. Kedziora,  F. J. Keil,  C. Kelley,  Jihan Kim,  
 R. A. King,  R. Z. Khaliullin,  P. P. Korambath,  W. Kurlancheek,  
 A. M. Lee,  M. S. Lee,  S. V. Levchenko,  Ching Yeh Lin,  D. Liotard,  
 R. C. Lochan,  I. Lotan,  P. E. Maslen,  N. Nair,  D. P. O'Neill,  
 D. Neuhauser,  E. Neuscamman,  C. M. Oana,  R. Olson,  B. Peters,  
 R. Peverati,  P. A. Pieniazek,  Y. M. Rhee,  J. Ritchie,  M. A. Rohrdanz,  
 E. Rosta,  N. J. Russ,  H. F. Schaefer III,  N. E. Schultz,  N. Shenvi,  
 A. C. Simmonett,  A. Sodt,  D. Stuck,  K. S. Thanthiriwatte,  V. Vanovschi,  
 Tao Wang,  A. Warshel,  C. F. Williams,  Q. Wu,  X. Xu,  W. Zhang

 Please cite Q-Chem as follows:
 Y. Shao et al., Mol. Phys. 113, 184-215 (2015)
 DOI: 10.1080/00268976.2014.952696

 Q-Chem 5.0.1 for Intel X86 EM64T Linux

 Parts of Q-Chem use Armadillo 5.200.1 (Boston Tea Smuggler).
 http://arma.sourceforge.net/

 Q-Chem begins on Mon Apr 16 23:18:59 2018  

Host: vega03.cac.cornell.edu
0

     Scratch files written to /scratch/jj585/vdw/0100_distance_3.500_10.save//
 Parallel job on  1  processors

Checking the input file for inconsistencies... 	...done.

--------------------------------------------------------------
User input:
--------------------------------------------------------------
$molecule
0  1
C        +0.22270000        +1.04488000        +0.58595000
C        +0.62626000        -0.41353000        +0.99871000
C        +1.33008000        +1.39974000        -0.43491000
C        +2.63070000        +1.71700000        +0.32855000
C        +3.04336000        +0.29351000        +0.80300000
C        +1.94423000        -0.59299000        +0.15262000
O        +1.62840000        +0.13663000        -1.04376000
H        +3.37234000        +2.13782000        -0.35195000
H        +2.48236000        +2.42488000        +1.14651000
H        +4.02182000        +0.00994000        +0.41161000
H        +3.07359000        +0.18738000        +1.88928000
H        +1.03270000        +2.19943000        -1.08064000
C        +2.35450000        -2.01267000        -0.16812000
H        +3.25743000        -2.00195000        -0.74215000
H        +1.57951000        -2.48932000        -0.73123000
H        +2.51687000        -2.55129000        +0.74206000
H        -0.74673000        +1.06811000        +0.13365000
H        +0.15552000        +1.72617000        +1.40828000
H        +0.81693000        -0.48905000        +2.04887000
H        -0.12524000        -1.15356000        +0.81843000
@C        +2.75381000        +2.29245000        +2.65647000
@C        +3.15737000        +0.83404000        +3.06923000
@C        +3.86119000        +2.64731000        +1.63561000
@C        +5.16181000        +2.96457000        +2.39907000
@C        +5.57447000        +1.54108000        +2.87352000
@C        +4.47534000        +0.65458000        +2.22314000
@O        +4.15951000        +1.38420000        +1.02676000
@H        +5.90345000        +3.38539000        +1.71857000
@H        +5.01347000        +3.67245000        +3.21703000
@H        +6.55293000        +1.25751000        +2.48213000
@H        +5.60470000        +1.43495000        +3.95980000
@H        +3.56381000        +3.44700000        +0.98988000
@C        +4.88561000        -0.76510000        +1.90240000
@H        +5.78854000        -0.75438000        +1.32837000
@H        +4.11062000        -1.24175000        +1.33929000
@H        +5.04798000        -1.30372000        +2.81258000
@H        +1.78438000        +2.31568000        +2.20417000
@H        +2.68663000        +2.97374000        +3.47880000
@H        +3.34804000        +0.75852000        +4.11939000
@H        +2.40587000        +0.09401000        +2.88895000
$end

$rem
JOBTYPE                   SP
METHOD                    B3LYP
DFT_D                     d3_op
BASIS                     6-311++G(d,p)
SYMMETRY                  False
THRESH                    12
SCF_CONVERGENCE           8
MAX_SUB_FILE_NUM          128
MEM_STATIC                400
MEM_TOTAL                 4000
$end
--------------------------------------------------------------
 Adding empirical dispersion correction 
 ----------------------------------------------------------------
 Doing -D3(op) with
 s6 =   1.00000
 s8 =   0.78311
 a1 =   0.30000
 a2 =   4.25000
 n  =  10.00000
 -D3 energy without 3body term =     -0.0174576512 hartrees
 ----------------------------------------------------------------
             Standard Nuclear Orientation (Angstroms)
    I     Atom           X                Y                Z
 ----------------------------------------------------------------
    1      C       0.2227000000     1.0448800000     0.5859500000
    2      C       0.6262600000    -0.4135300000     0.9987100000
    3      C       1.3300800000     1.3997400000    -0.4349100000
    4      C       2.6307000000     1.7170000000     0.3285500000
    5      C       3.0433600000     0.2935100000     0.8030000000
    6      C       1.9442300000    -0.5929900000     0.1526200000
    7      O       1.6284000000     0.1366300000    -1.0437600000
    8      H       3.3723400000     2.1378200000    -0.3519500000
    9      H       2.4823600000     2.4248800000     1.1465100000
   10      H       4.0218200000     0.0099400000     0.4116100000
   11      H       3.0735900000     0.1873800000     1.8892800000
   12      H       1.0327000000     2.1994300000    -1.0806400000
   13      C       2.3545000000    -2.0126700000    -0.1681200000
   14      H       3.2574300000    -2.0019500000    -0.7421500000
   15      H       1.5795100000    -2.4893200000    -0.7312300000
   16      H       2.5168700000    -2.5512900000     0.7420600000
   17      H      -0.7467300000     1.0681100000     0.1336500000
   18      H       0.1555200000     1.7261700000     1.4082800000
   19      H       0.8169300000    -0.4890500000     2.0488700000
   20      H      -0.1252400000    -1.1535600000     0.8184300000
   21      GH      2.7538100000     2.2924500000     2.6564700000
   22      GH      3.1573700000     0.8340400000     3.0692300000
   23      GH      3.8611900000     2.6473100000     1.6356100000
   24      GH      5.1618100000     2.9645700000     2.3990700000
   25      GH      5.5744700000     1.5410800000     2.8735200000
   26      GH      4.4753400000     0.6545800000     2.2231400000
   27      GH      4.1595100000     1.3842000000     1.0267600000
   28      GH      5.9034500000     3.3853900000     1.7185700000
   29      GH      5.0134700000     3.6724500000     3.2170300000
   30      GH      6.5529300000     1.2575100000     2.4821300000
   31      GH      5.6047000000     1.4349500000     3.9598000000
   32      GH      3.5638100000     3.4470000000     0.9898800000
   33      GH      4.8856100000    -0.7651000000     1.9024000000
   34      GH      5.7885400000    -0.7543800000     1.3283700000
   35      GH      4.1106200000    -1.2417500000     1.3392900000
   36      GH      5.0479800000    -1.3037200000     2.8125800000
   37      GH      1.7843800000     2.3156800000     2.2041700000
   38      GH      2.6866300000     2.9737400000     3.4788000000
   39      GH      3.3480400000     0.7585200000     4.1193900000
   40      GH      2.4058700000     0.0940100000     2.8889500000
 ----------------------------------------------------------------
 Nuclear Repulsion Energy =   415.4951797453 hartrees
 There are       31 alpha and       31 beta electrons
 Requested basis set is 6-311++G(d,p)
 There are 216 shells and 520 basis functions

 Total QAlloc Memory Limit   4000 MB
 Mega-Array Size       392 MB
 MEM_STATIC part       400 MB
 A cutoff of  1.0D-12 yielded  20843 shell pairs
 There are    121844 function pairs (    129386 Cartesian)
 
 -------------------------------------------------------
 OpenMP Integral Computing Module                       
 Release: version 1.0, May 2013, Q-Chem Inc. Pittsburgh 
 -------------------------------------------------------
 Integral Job Info:
 Integral job number is                      11
 Integral operator is                         1
 short-range coefficients                     0
 long-range coefficients              100000000
 Omega coefficients                           0
 if combine SR and LR in K                    0
 Integral screening is                        0
 Integral computing path is                   2
 max size of driver memory is            800000
 size of driver memory is                593474
 size of scratch memory is              2361544
 max col of scratch BK array               1296
 max len of scratch array in speh3          155
 max len of scratch index in speh4           18
 max int batch size is                      520
 min int batch size is                       52
 fixed nKL is                                52
 max L of basis functions is                  2
 order of int derivative is                   0
 number of shells is                        216
 number of basis is                         536
 number of cartesian basis is               536
 number of contracted shell pairs         20843
 number of primitive shell pairs          44737
 maxK2 (contraction) of shell pair           36
 max number of K2 of shell pair               1
 max number of CS2 of shell pair           3626
 max number of PS2 of shell pair           6492
 mem total for path MDJ                  169482
 -------------------------------------------------------
 Smallest overlap matrix eigenvalue = 3.61E-07
 Linear dependence detected in AO basis
 Number of orthogonalized atomic orbitals = 518
 Maximum deviation from orthogonality = 3.102E-10

 Scale SEOQF with 1.000000e-02/1.000000e-01/1.000000e-01

 Standard Electronic Orientation quadrupole field applied
 Nucleus-field energy     =     0.0000000041 hartrees
 Guess from superposition of atomic densities
 Warning:  Energy on first SCF cycle will be non-variational

 Q-Chem warning in module /opt/software/qchem/qchem-5.0.1/libgen/Atomic_PolEc.C, line 58:

 No atomic polarizability available.


 Q-Chem warning in module /opt/software/qchem/qchem-5.0.1/libgen/Atomic_PolEc.C, line 73:

 No atomic polarizability available.


 Q-Chem warning in module /opt/software/qchem/qchem-5.0.1/libgen/Atomic_PolEc.C, line 58:

 No atomic polarizability available.


 Q-Chem warning in module /opt/software/qchem/qchem-5.0.1/libgen/Atomic_PolEc.C, line 73:

 No atomic polarizability available.


 Q-Chem warning in module /opt/software/qchem/qchem-5.0.1/libgen/Atomic_PolEc.C, line 58:

 No atomic polarizability available.


 Q-Chem warning in module /opt/software/qchem/qchem-5.0.1/libgen/Atomic_PolEc.C, line 73:

 No atomic polarizability available.


 Q-Chem warning in module /opt/software/qchem/qchem-5.0.1/libgen/Atomic_PolEc.C, line 58:

 No atomic polarizability available.


 Q-Chem warning in module /opt/software/qchem/qchem-5.0.1/libgen/Atomic_PolEc.C, line 73:

 No atomic polarizability available.


 Q-Chem warning in module /opt/software/qchem/qchem-5.0.1/libgen/Atomic_PolEc.C, line 58:

 No atomic polarizability available.


 Q-Chem warning in module /opt/software/qchem/qchem-5.0.1/libgen/Atomic_PolEc.C, line 73:

 No atomic polarizability available.


 Q-Chem warning in module /opt/software/qchem/qchem-5.0.1/libgen/Atomic_PolEc.C, line 58:

 No atomic polarizability available.


 Q-Chem warning in module /opt/software/qchem/qchem-5.0.1/libgen/Atomic_PolEc.C, line 73:

 No atomic polarizability available.


 Q-Chem warning in module /opt/software/qchem/qchem-5.0.1/libgen/Atomic_PolEc.C, line 58:

 No atomic polarizability available.


 Q-Chem warning in module /opt/software/qchem/qchem-5.0.1/libgen/Atomic_PolEc.C, line 73:

 No atomic polarizability available.


 Q-Chem warning in module /opt/software/qchem/qchem-5.0.1/libgen/Atomic_PolEc.C, line 58:

 No atomic polarizability available.


 Q-Chem warning in module /opt/software/qchem/qchem-5.0.1/libgen/Atomic_PolEc.C, line 73:

 No atomic polarizability available.


 Q-Chem warning in module /opt/software/qchem/qchem-5.0.1/libgen/Atomic_PolEc.C, line 58:

 No atomic polarizability available.


 Q-Chem warning in module /opt/software/qchem/qchem-5.0.1/libgen/Atomic_PolEc.C, line 73:

 No atomic polarizability available.


 Q-Chem warning in module /opt/software/qchem/qchem-5.0.1/libgen/Atomic_PolEc.C, line 58:

 No atomic polarizability available.


 Q-Chem warning in module /opt/software/qchem/qchem-5.0.1/libgen/Atomic_PolEc.C, line 73:

 No atomic polarizability available.


 Q-Chem warning in module /opt/software/qchem/qchem-5.0.1/libgen/Atomic_PolEc.C, line 58:

 No atomic polarizability available.


 Q-Chem warning in module /opt/software/qchem/qchem-5.0.1/libgen/Atomic_PolEc.C, line 73:

 No atomic polarizability available.


 Q-Chem warning in module /opt/software/qchem/qchem-5.0.1/libgen/Atomic_PolEc.C, line 58:

 No atomic polarizability available.


 Q-Chem warning in module /opt/software/qchem/qchem-5.0.1/libgen/Atomic_PolEc.C, line 73:

 No atomic polarizability available.


 Q-Chem warning in module /opt/software/qchem/qchem-5.0.1/libgen/Atomic_PolEc.C, line 58:

 No atomic polarizability available.


 Q-Chem warning in module /opt/software/qchem/qchem-5.0.1/libgen/Atomic_PolEc.C, line 73:

 No atomic polarizability available.


 Q-Chem warning in module /opt/software/qchem/qchem-5.0.1/libgen/Atomic_PolEc.C, line 58:

 No atomic polarizability available.


 Q-Chem warning in module /opt/software/qchem/qchem-5.0.1/libgen/Atomic_PolEc.C, line 73:

 No atomic polarizability available.


 Q-Chem warning in module /opt/software/qchem/qchem-5.0.1/libgen/Atomic_PolEc.C, line 58:

 No atomic polarizability available.


 Q-Chem warning in module /opt/software/qchem/qchem-5.0.1/libgen/Atomic_PolEc.C, line 73:

 No atomic polarizability available.


 Q-Chem warning in module /opt/software/qchem/qchem-5.0.1/libgen/Atomic_PolEc.C, line 58:

 No atomic polarizability available.


 Q-Chem warning in module /opt/software/qchem/qchem-5.0.1/libgen/Atomic_PolEc.C, line 73:

 No atomic polarizability available.


 Q-Chem warning in module /opt/software/qchem/qchem-5.0.1/libgen/Atomic_PolEc.C, line 58:

 No atomic polarizability available.


 Q-Chem warning in module /opt/software/qchem/qchem-5.0.1/libgen/Atomic_PolEc.C, line 73:

 No atomic polarizability available.


 Q-Chem warning in module /opt/software/qchem/qchem-5.0.1/libgen/Atomic_PolEc.C, line 58:

 No atomic polarizability available.


 Q-Chem warning in module /opt/software/qchem/qchem-5.0.1/libgen/Atomic_PolEc.C, line 73:

 No atomic polarizability available.


 Q-Chem warning in module /opt/software/qchem/qchem-5.0.1/libgen/Atomic_PolEc.C, line 58:

 No atomic polarizability available.


 Q-Chem warning in module /opt/software/qchem/qchem-5.0.1/libgen/Atomic_PolEc.C, line 73:

 No atomic polarizability available.


 Q-Chem warning in module /opt/software/qchem/qchem-5.0.1/libgen/Atomic_PolEc.C, line 58:

 No atomic polarizability available.


 Q-Chem warning in module /opt/software/qchem/qchem-5.0.1/libgen/Atomic_PolEc.C, line 73:

 No atomic polarizability available.

 A restricted hybrid HF-DFT SCF calculation will be
 performed using Pulay DIIS extrapolation
 Exchange:     0.2000 Hartree-Fock + 0.0800 Slater + 0.7200 B88
 Correlation:  0.1900 VWN1RPA + 0.8100 LYP
 Using SG-1 standard quadrature grid
 Dispersion:   Grimme D3
 SCF converges when DIIS error is below 1.0E-08
 using 4 threads for integral computing
 -------------------------------------------------------
 OpenMP Integral computing Module                
 Release: version 1.0, May 2013, Q-Chem Inc. Pittsburgh 
 -------------------------------------------------------
 -------------------------------------------------------
 OpenMP BLAS3 based DFT computing Module                
 Release: version 1.0, May 2013, Q-Chem Inc. Pittsburgh 
 -------------------------------------------------------
 ---------------------------------------
  Cycle       Energy         DIIS Error
 ---------------------------------------
    1    -350.9522115874      1.92E-02
    2    -349.1126669920      2.33E-03
    3    -349.0358451369      2.81E-03
    4    -349.2926387315      4.11E-04
    5    -349.2964554349      1.60E-04
    6    -349.2970630852      4.53E-05
    7    -349.2971071266      1.70E-05
    8    -349.2971153036      1.62E-06
    9    -349.2971153762      7.56E-07
   10    -349.2971153939      1.40E-07
   11    -349.2971153945      2.91E-08
   12    -349.2971153945      1.08E-08
   13    -349.2971153945      2.66E-09 Convergence criterion met
 ---------------------------------------
 SCF time:  CPU 1221.93 s  wall 307.21 s
 SCF   energy in the final basis set = -349.29711539
 Total energy in the final basis set = -349.29711539
 
 --------------------------------------------------------------
 
                    Orbital Energies (a.u.)
 --------------------------------------------------------------
 
 Alpha MOs
 -- Occupied --
-19.119 -10.225 -10.216 -10.166 -10.166 -10.163 -10.162 -10.154
 -1.049  -0.798  -0.775  -0.748  -0.684  -0.614  -0.575  -0.556
 -0.503  -0.482  -0.464  -0.440  -0.418  -0.405  -0.392  -0.377
 -0.360  -0.348  -0.343  -0.336  -0.316  -0.301  -0.262
 -- Virtual --
 -0.011   0.002   0.009   0.010   0.025   0.028   0.031   0.032
  0.038   0.051   0.055   0.056   0.060   0.064   0.067   0.069
  0.072   0.075   0.083   0.088   0.089   0.095   0.098   0.101
  0.106   0.109   0.112   0.116   0.118   0.124   0.126   0.128
  0.131   0.134   0.138   0.140   0.146   0.150   0.150   0.152
  0.156   0.160   0.160   0.162   0.164   0.167   0.169   0.174
  0.177   0.180   0.183   0.189   0.191   0.196   0.199   0.201
  0.202   0.206   0.208   0.212   0.216   0.218   0.222   0.226
  0.227   0.233   0.238   0.239   0.243   0.245   0.249   0.254
  0.257   0.259   0.263   0.267   0.268   0.273   0.281   0.285
  0.292   0.296   0.304   0.306   0.310   0.311   0.319   0.323
  0.326   0.331   0.335   0.337   0.346   0.350   0.354   0.364
  0.367   0.369   0.374   0.377   0.382   0.387   0.393   0.402
  0.405   0.409   0.414   0.428   0.433   0.436   0.443   0.447
  0.449   0.458   0.466   0.468   0.474   0.480   0.487   0.495
  0.507   0.516   0.519   0.528   0.538   0.543   0.562   0.573
  0.580   0.584   0.590   0.599   0.607   0.609   0.617   0.618
  0.634   0.635   0.644   0.650   0.659   0.669   0.676   0.680
  0.682   0.690   0.691   0.697   0.715   0.720   0.723   0.731
  0.735   0.745   0.752   0.758   0.762   0.767   0.773   0.776
  0.783   0.792   0.794   0.804   0.816   0.822   0.829   0.835
  0.841   0.862   0.867   0.871   0.882   0.894   0.902   0.930
  0.951   0.956   0.971   0.980   0.990   1.019   1.026   1.037
  1.052   1.056   1.067   1.087   1.106   1.117   1.121   1.153
  1.172   1.179   1.192   1.198   1.217   1.234   1.237   1.246
  1.270   1.284   1.292   1.299   1.316   1.339   1.348   1.374
  1.386   1.405   1.412   1.449   1.463   1.475   1.488   1.506
  1.515   1.519   1.535   1.545   1.554   1.561   1.572   1.577
  1.581   1.592   1.599   1.610   1.619   1.638   1.640   1.653
  1.666   1.669   1.680   1.684   1.695   1.705   1.710   1.729
  1.732   1.735   1.748   1.749   1.770   1.774   1.782   1.795
  1.804   1.811   1.824   1.827   1.836   1.845   1.856   1.861
  1.879   1.884   1.895   1.902   1.914   1.922   1.929   1.937
  1.948   1.950   1.968   1.974   1.987   1.995   2.004   2.025
  2.030   2.046   2.055   2.057   2.073   2.091   2.103   2.122
  2.129   2.144   2.155   2.163   2.168   2.190   2.196   2.209
  2.223   2.244   2.256   2.270   2.281   2.289   2.304   2.315
  2.316   2.332   2.353   2.361   2.369   2.383   2.396   2.404
  2.417   2.424   2.433   2.451   2.455   2.468   2.481   2.495
  2.503   2.520   2.532   2.540   2.554   2.565   2.568   2.590
  2.593   2.602   2.605   2.629   2.636   2.655   2.664   2.670
  2.676   2.701   2.712   2.727   2.730   2.752   2.756   2.780
  2.792   2.804   2.810   2.826   2.833   2.837   2.851   2.866
  2.876   2.908   2.918   2.925   2.945   2.956   2.969   2.985
  2.988   3.006   3.015   3.031   3.060   3.067   3.083   3.101
  3.110   3.127   3.136   3.148   3.168   3.190   3.197   3.211
  3.230   3.247   3.266   3.286   3.305   3.314   3.331   3.345
  3.365   3.378   3.391   3.417   3.445   3.484   3.490   3.514
  3.528   3.552   3.562   3.573   3.603   3.627   3.650   3.666
  3.677   3.708   3.736   3.754   3.793   3.830   3.868   3.888
  3.891   3.899   3.919   3.942   3.971   3.999   4.022   4.051
  4.089   4.100   4.145   4.162   4.180   4.220   4.235   4.282
  4.368   4.490   4.589   4.621   4.684   4.757   4.808   4.830
  4.867   4.905   4.959   4.996   5.028   5.050   5.061   5.116
  5.216   5.218   5.235   5.440   5.522   5.656   5.669   7.374
  7.440   7.524   7.571   7.621   7.679   7.721   7.758   7.799
  7.853   7.915   7.971   7.990   8.113   8.182   8.285   8.336
  8.423   8.471   8.668   8.737   9.866   9.904   9.994  10.029
 10.045  10.067  10.197  13.792  13.984  14.082  18.788  23.857
 23.913  24.042  24.054  24.082  24.133  24.158  49.996  69.774
 69.805  69.912  69.935  69.949  70.002  70.090 139.725
 --------------------------------------------------------------
 
          Ground-State Mulliken Net Atomic Charges

     Atom                 Charge (a.u.)
  ----------------------------------------
      1 C                    -0.395114
      2 C                    -0.100359
      3 C                    -0.178853
      4 C                    -0.177114
      5 C                    -0.598670
      6 C                    -0.117023
      7 O                     0.016410
      8 H                     0.200484
      9 H                     0.111299
     10 H                     0.252173
     11 H                     0.101141
     12 H                     0.233359
     13 C                    -0.537950
     14 H                     0.154084
     15 H                     0.174588
     16 H                     0.160453
     17 H                     0.185150
     18 H                     0.124039
     19 H                     0.128931
     20 H                     0.179036
     21 GH                   -0.055139
     22 GH                    0.041094
     23 GH                   -0.076562
     24 GH                   -0.005476
     25 GH                    0.009730
     26 GH                    0.170831
     27 GH                   -0.018464
     28 GH                   -0.001000
     29 GH                    0.001261
     30 GH                    0.001094
     31 GH                   -0.000732
     32 GH                    0.015435
     33 GH                   -0.037312
     34 GH                   -0.003203
     35 GH                    0.019989
     36 GH                    0.001203
     37 GH                    0.006389
     38 GH                   -0.000247
     39 GH                    0.010334
     40 GH                    0.004710
  ----------------------------------------
  Sum of atomic charges =     0.000000

 -----------------------------------------------------------------
                    Cartesian Multipole Moments
 -----------------------------------------------------------------
    Charge (ESU x 10^10)
                 0.0000
    Dipole Moment (Debye)
         X      -0.0008      Y       0.4027      Z       1.6068
       Tot       1.6565
    Quadrupole Moments (Debye-Ang)
        XX     -49.7660     XY      -0.0627     YY     -47.6263
        XZ       2.5642     YZ      -0.6634     ZZ     -52.6205
    Octopole Moments (Debye-Ang^2)
       XXX    -259.6313    XXY     -10.6393    XYY     -84.7043
       YYY     -23.5501    XXZ      -8.4464    XYZ      -0.9452
       YYZ     -12.4825    XZZ     -91.0769    YZZ      -7.6519
       ZZZ     -25.7096
    Hexadecapole Moments (Debye-Ang^3)
      XXXX   -1283.7794   XXXY     -27.5673   XXYY    -307.1587
      XYYY     -17.0033   YYYY    -557.2955   XXXZ     -50.1731
      XXYZ      -7.1086   XYYZ     -17.1492   YYYZ     -16.6067
      XXZZ    -263.0473   XYZZ      -6.8516   YYZZ    -125.7318
      XZZZ     -32.5291   YZZZ     -13.5721   ZZZZ    -235.2944
 -----------------------------------------------------------------
Archival summary:
1\1\vega03.cac.cornell.edu\SP\ProcedureUnspecified\BasisUnspecified\1712h20\jj585\MonApr1623:24:082018MonApr1623:24:082018\0\\#,ProcedureUnspecified,BasisUnspecified,\\0,1\O\C,1,1.43358\H,2,1.07,1,117.389\C,1,1.43646,2,98.0224,3,-179.253,0\C,4,1.51218,1,111.091,2,-178.393,0\H,5,1.07,4,109.471,1,-56.0506,0\H,5,1.07,4,109.472,1,-176.051,0\H,5,1.07,4,109.471,1,63.9491,0\C,2,1.54115,1,102.483,3,-123.548,0\H,9,1.09096,2,110.128,1,81.1589,0\H,9,1.09186,2,112.95,1,-157.962,0\Gh,11,1.27191,9,129.93,2,63.1323,0\Gh,12,1.07,11,81.7312,9,110.989,0\Gh,13,1.07,12,104.724,11,133.219,0\Gh,11,1.47982,9,102.619,2,-175.492,0\Gh,15,1.07,11,69.7522,9,99.1638,0\Gh,15,1.43358,11,85.4739,9,-22.24,0\Gh,17,1.43646,15,98.0224,11,-114.848,0\H,17,1.51194,15,162.689,11,-18.9169,0\C,19,1.09132,17,72.5156,15,-8.07376,0\H,20,1.09187,19,107.862,17,-75.5328,0\Gh,21,1.20578,20,144.787,19,-162.393,0\Gh,22,1.07,21,72.3742,20,-131.932,0\Gh,23,1.07,22,103.987,21,-149.116,0\Gh,18,1.51218,17,111.091,15,-178.393,0\Gh,25,1.07,18,109.471,17,-56.0506,0\Gh,25,1.07,18,109.472,17,-176.051,0\Gh,25,1.07,18,109.471,17,63.9491,0\Gh,15,1.54115,11,168.816,9,-158.092,0\Gh,29,1.09096,15,110.128,11,-144.17,0\Gh,29,1.09186,15,112.95,11,-23.291,0\C,2,1.54738,1,103.124,3,123.327,0\H,32,1.07,2,113.95,1,155.255,0\H,32,1.07,2,111.379,1,-86.5463,0\Gh,18,1.55466,17,102.371,15,-54.4128,0\Gh,35,1.09132,18,109.614,17,-87.4148,0\Gh,35,1.09187,18,112.355,17,152.676,0\C,32,1.5685,2,101.696,1,32.1918,0\H,38,1.07,32,111.7,2,120.458,0\H,38,1.07,32,114.71,2,-121.541,0\\\@

 Total job time:  308.26s(wall), 1224.77s(cpu) 
 Mon Apr 16 23:24:08 2018

        *************************************************************
        *                                                           *
        *  Thank you very much for using Q-Chem.  Have a nice day.  *
        *                                                           *
        *************************************************************


0 sent ACK to 0 
now end server 0 ... 
