mFile = /opt/software/qchem/qchem-5.0.1//bin/mpi/machines
Process 0 of 1 is on vega03.cac.cornell.edu - thread support 0
initial socket setup ...start
initial socket setup ...done 
now start server 0 ... 
vega03 10.84.3
Q-Chem Developer Version! Running on 10.84.3.*
                  Welcome to Q-Chem
     A Quantum Leap Into The Future Of Chemistry


 Q-Chem 5.0, Q-Chem, Inc., Pleasanton, CA (2017)

 Yihan Shao,  Zhengting Gan,  E. Epifanovsky,  A. T. B. Gilbert,  M. Wormit,  
 J. Kussmann,  A. W. Lange,  A. Behn,  Jia Deng,  Xintian Feng,  D. Ghosh,  
 M. Goldey,  P. R. Horn,  L. D. Jacobson,  I. Kaliman,  T. Kus,  A. Landau,  
 Jie Liu,  E. I. Proynov,  R. M. Richard,  R. P. Steele,  E. J. Sundstrom,  
 H. L. Woodcock III,  P. M. Zimmerman,  D. Zuev,  B. Albrecht,  E. Alguire,  
 S. A. Baeppler,  Z. Benda,  Y. A. Bernard,  E. J. Berquist,  K. B. Bravaya,  
 D. Casanova,  Chun-Min Chang,  Yunqing Chen,  A. Chien,  K. D. Closser,  
 M. P. Coons,  S. Dasgupta,  M. Diedenhofen,  Hainam Do,  R. G. Edgar,  
 Po-Tung Fang,  S. Fatehi,  Qingguo Feng,  Qinghui Ge,  A. Ghysels,  
 J. Gomes,  J. Gonthier,  A. Gunina,  M. W. D. Hanson-Heine,  
 P. H. P. Harbach,  A. W. Hauser,  J. E. Herr,  E. G. Hohenstein,  
 Z. C. Holden,  Kerwin Hui,  T.-C. Jagau,  Hyunjun Ji,  B. Kaduk,  
 K. Khistyaev,  Jaehoon Kim,  P. Klunzinger,  K. Koh,  D. Kosenkov,  
 T. Kowalczyk,  C. M. Krauter,  A. Kunitsa,  Ka Un Lao,  A. Laurent,  
 K. V. Lawler,  Joonho Lee,  D. Lefrancois,  S. Lehtola,  D. S. Levine,  
 Yi-Pei Li,  You-Sheng Lin,  Fenglai Liu,  E. Livshits,  A. Luenser,  
 P. Manohar,  E. Mansoor,  S. F. Manzer,  Shan-Ping Mao,  Yuezhi Mao,  
 N. Mardirossian,  A. V. Marenich,  L. A. Martinez-Martinez,  S. A. Maurer,  
 N. J. Mayhall,  S. C. McKenzie,  J.-M. Mewes,  A. F. Morrison,  K. Nanda,  
 T. S. Nguyen-Beck,  R. Olivares-Amaya,  J. A. Parkhill,  T. M. Perrine,  
 F. Plasser,  S. Prager,  A. Prociuk,  D. R. Rehn,  F. Rob,  M. Schneider,  
 N. Sergueev,  S. M. Sharada,  S. Sharma,  D. W. Small,  T. Stauch,  
 T. Stein,  Yu-Chuan Su,  A. J. W. Thom,  T. Tsuchimochi,  L. Vogt,  
 O. Vydrov,  M. A. Watson,  J. Wenzel,  M. de Wergifosse,  T. A. Wesolowski,  
 A. White,  J. Witte,  A. Yamada,  Jun Yang,  K. Yao,  S. Yeganeh,  
 S. R. Yost,  Zhi-Qiang You,  A. Zech,  Igor Ying Zhang,  Xing Zhang,  
 Yan Zhao,  Ying Zhu,  B. R. Brooks,  G. K. L. Chan,  C. J. Cramer,  
 M. S. Gordon,  W. J. Hehre,  A. Klamt,  M. W. Schmidt,  C. D. Sherrill,  
 D. G. Truhlar,  A. Aspuru-Guzik,  R. Baer,  A. T. Bell,  N. A. Besley,  
 Jeng-Da Chai,  A. Dreuw,  B. D. Dunietz,  T. R. Furlani,  Chao-Ping Hsu,  
 Yousung Jung,  Jing Kong,  D. S. Lambrecht,  WanZhen Liang,  C. Ochsenfeld,  
 V. A. Rassolov,  L. V. Slipchenko,  J. E. Subotnik,  T. Van Voorhis,  
 J. M. Herbert,  A. I. Krylov,  P. M. W. Gill,  M. Head-Gordon

 Contributors to earlier versions of Q-Chem not listed above: 
 R. D. Adamson,  B. Austin,  J. Baker,  G. J. O. Beran,  K. Brandhorst,  
 S. T. Brown,  E. F. C. Byrd,  A. K. Chakraborty,  C.-L. Cheng,  
 Siu Hung Chien,  D. M. Chipman,  D. L. Crittenden,  H. Dachsel,  
 R. A. DiStasio Jr.,  R. J. Doerksen,  A. D. Dutoi,  L. Fusti-Molnar,  
 W. A. Goddard III,  A. Golubeva-Zadorozhnaya,  S. R. Gwaltney,  G. Hawkins,  
 A. Heyden,  S. Hirata,  G. Kedziora,  F. J. Keil,  C. Kelley,  Jihan Kim,  
 R. A. King,  R. Z. Khaliullin,  P. P. Korambath,  W. Kurlancheek,  
 A. M. Lee,  M. S. Lee,  S. V. Levchenko,  Ching Yeh Lin,  D. Liotard,  
 R. C. Lochan,  I. Lotan,  P. E. Maslen,  N. Nair,  D. P. O'Neill,  
 D. Neuhauser,  E. Neuscamman,  C. M. Oana,  R. Olson,  B. Peters,  
 R. Peverati,  P. A. Pieniazek,  Y. M. Rhee,  J. Ritchie,  M. A. Rohrdanz,  
 E. Rosta,  N. J. Russ,  H. F. Schaefer III,  N. E. Schultz,  N. Shenvi,  
 A. C. Simmonett,  A. Sodt,  D. Stuck,  K. S. Thanthiriwatte,  V. Vanovschi,  
 Tao Wang,  A. Warshel,  C. F. Williams,  Q. Wu,  X. Xu,  W. Zhang

 Please cite Q-Chem as follows:
 Y. Shao et al., Mol. Phys. 113, 184-215 (2015)
 DOI: 10.1080/00268976.2014.952696

 Q-Chem 5.0.1 for Intel X86 EM64T Linux

 Parts of Q-Chem use Armadillo 5.200.1 (Boston Tea Smuggler).
 http://arma.sourceforge.net/

 Q-Chem begins on Tue Apr 17 00:24:55 2018  

Host: vega03.cac.cornell.edu
0

     Scratch files written to /scratch/jj585/vdw/0110_distance_4.900_01.save//
 Parallel job on  1  processors

Checking the input file for inconsistencies... 	...done.

--------------------------------------------------------------
User input:
--------------------------------------------------------------
$molecule
0  1
C        +3.90050000        +3.01065000        +3.15879000
C        +4.30406000        +1.55224000        +3.57155000
C        +5.00788000        +3.36551000        +2.13793000
C        +6.30850000        +3.68277000        +2.90139000
C        +6.72116000        +2.25928000        +3.37584000
C        +5.62203000        +1.37278000        +2.72546000
O        +5.30620000        +2.10240000        +1.52908000
H        +7.05014000        +4.10359000        +2.22089000
H        +6.16016000        +4.39065000        +3.71935000
H        +7.69962000        +1.97571000        +2.98445000
H        +6.75139000        +2.15315000        +4.46212000
C        +4.57808000        +4.35654000        +1.07854000
C        +6.03230000        -0.04690000        +2.40472000
H        +6.94091000        -0.04101000        +1.79918000
H        +6.22770000        -0.60482000        +3.32363000
H        +5.25115000        -0.56319000        +1.84412000
H        +5.39625000        +4.54763000        +0.41598000
H        +4.27699000        +5.27055000        +1.54634000
H        +3.75705000        +3.95230000        +0.52410000
H        +4.49473000        +1.47672000        +4.62171000
H        +3.55256000        +0.81221000        +3.39127000
H        +2.93107000        +3.03388000        +2.70649000
H        +3.83332000        +3.69194000        +3.98112000
@C        +0.22270000        +1.04488000        +0.58595000
@C        +0.62626000        -0.41353000        +0.99871000
@C        +1.33008000        +1.39974000        -0.43491000
@C        +2.63070000        +1.71700000        +0.32855000
@C        +3.04336000        +0.29351000        +0.80300000
@C        +1.94423000        -0.59299000        +0.15262000
@O        +1.62840000        +0.13663000        -1.04376000
@H        +3.37234000        +2.13782000        -0.35195000
@H        +2.48236000        +2.42488000        +1.14651000
@H        +4.02182000        +0.00994000        +0.41161000
@H        +3.07359000        +0.18738000        +1.88928000
@C        +0.90028000        +2.39077000        -1.49430000
@C        +2.35450000        -2.01267000        -0.16812000
@H        +3.26311000        -2.00678000        -0.77366000
@H        +2.54990000        -2.57059000        +0.75079000
@H        +1.57335000        -2.52896000        -0.72872000
@H        +1.71845000        +2.58186000        -2.15686000
@H        +0.59919000        +3.30478000        -1.02650000
@H        +0.07925000        +1.98653000        -2.04874000
@H        +0.81693000        -0.48905000        +2.04887000
@H        -0.12524000        -1.15356000        +0.81843000
@H        -0.74673000        +1.06811000        +0.13365000
@H        +0.15552000        +1.72617000        +1.40828000
$end

$rem
JOBTYPE                   SP
METHOD                    B3LYP
DFT_D                     d3_op
BASIS                     6-311++G(d,p)
SYMMETRY                  False
THRESH                    12
SCF_CONVERGENCE           8
MAX_SUB_FILE_NUM          128
MEM_STATIC                400
MEM_TOTAL                 4000
$end
--------------------------------------------------------------
 Adding empirical dispersion correction 
 ----------------------------------------------------------------
 Doing -D3(op) with
 s6 =   1.00000
 s8 =   0.78311
 a1 =   0.30000
 a2 =   4.25000
 n  =  10.00000
 -D3 energy without 3body term =     -0.0216033054 hartrees
 ----------------------------------------------------------------
             Standard Nuclear Orientation (Angstroms)
    I     Atom           X                Y                Z
 ----------------------------------------------------------------
    1      C       3.9005000000     3.0106500000     3.1587900000
    2      C       4.3040600000     1.5522400000     3.5715500000
    3      C       5.0078800000     3.3655100000     2.1379300000
    4      C       6.3085000000     3.6827700000     2.9013900000
    5      C       6.7211600000     2.2592800000     3.3758400000
    6      C       5.6220300000     1.3727800000     2.7254600000
    7      O       5.3062000000     2.1024000000     1.5290800000
    8      H       7.0501400000     4.1035900000     2.2208900000
    9      H       6.1601600000     4.3906500000     3.7193500000
   10      H       7.6996200000     1.9757100000     2.9844500000
   11      H       6.7513900000     2.1531500000     4.4621200000
   12      C       4.5780800000     4.3565400000     1.0785400000
   13      C       6.0323000000    -0.0469000000     2.4047200000
   14      H       6.9409100000    -0.0410100000     1.7991800000
   15      H       6.2277000000    -0.6048200000     3.3236300000
   16      H       5.2511500000    -0.5631900000     1.8441200000
   17      H       5.3962500000     4.5476300000     0.4159800000
   18      H       4.2769900000     5.2705500000     1.5463400000
   19      H       3.7570500000     3.9523000000     0.5241000000
   20      H       4.4947300000     1.4767200000     4.6217100000
   21      H       3.5525600000     0.8122100000     3.3912700000
   22      H       2.9310700000     3.0338800000     2.7064900000
   23      H       3.8333200000     3.6919400000     3.9811200000
   24      GH      0.2227000000     1.0448800000     0.5859500000
   25      GH      0.6262600000    -0.4135300000     0.9987100000
   26      GH      1.3300800000     1.3997400000    -0.4349100000
   27      GH      2.6307000000     1.7170000000     0.3285500000
   28      GH      3.0433600000     0.2935100000     0.8030000000
   29      GH      1.9442300000    -0.5929900000     0.1526200000
   30      GH      1.6284000000     0.1366300000    -1.0437600000
   31      GH      3.3723400000     2.1378200000    -0.3519500000
   32      GH      2.4823600000     2.4248800000     1.1465100000
   33      GH      4.0218200000     0.0099400000     0.4116100000
   34      GH      3.0735900000     0.1873800000     1.8892800000
   35      GH      0.9002800000     2.3907700000    -1.4943000000
   36      GH      2.3545000000    -2.0126700000    -0.1681200000
   37      GH      3.2631100000    -2.0067800000    -0.7736600000
   38      GH      2.5499000000    -2.5705900000     0.7507900000
   39      GH      1.5733500000    -2.5289600000    -0.7287200000
   40      GH      1.7184500000     2.5818600000    -2.1568600000
   41      GH      0.5991900000     3.3047800000    -1.0265000000
   42      GH      0.0792500000     1.9865300000    -2.0487400000
   43      GH      0.8169300000    -0.4890500000     2.0488700000
   44      GH     -0.1252400000    -1.1535600000     0.8184300000
   45      GH     -0.7467300000     1.0681100000     0.1336500000
   46      GH      0.1555200000     1.7261700000     1.4082800000
 ----------------------------------------------------------------
 Nuclear Repulsion Energy =   506.2703564319 hartrees
 There are       35 alpha and       35 beta electrons
 Requested basis set is 6-311++G(d,p)
 There are 248 shells and 592 basis functions

 Total QAlloc Memory Limit   4000 MB
 Mega-Array Size       392 MB
 MEM_STATIC part       400 MB
 A cutoff of  1.0D-12 yielded  25406 shell pairs
 There are    143353 function pairs (    151621 Cartesian)
 
 -------------------------------------------------------
 OpenMP Integral Computing Module                       
 Release: version 1.0, May 2013, Q-Chem Inc. Pittsburgh 
 -------------------------------------------------------
 Integral Job Info:
 Integral job number is                      11
 Integral operator is                         1
 short-range coefficients                     0
 long-range coefficients              100000000
 Omega coefficients                           0
 if combine SR and LR in K                    0
 Integral screening is                        0
 Integral computing path is                   2
 max size of driver memory is            800000
 size of driver memory is                593474
 size of scratch memory is              2361544
 max col of scratch BK array               1296
 max len of scratch array in speh3          155
 max len of scratch index in speh4           18
 max int batch size is                      520
 min int batch size is                       52
 fixed nKL is                                52
 max L of basis functions is                  2
 order of int derivative is                   0
 number of shells is                        248
 number of basis is                         610
 number of cartesian basis is               610
 number of contracted shell pairs         25406
 number of primitive shell pairs          52778
 maxK2 (contraction) of shell pair           36
 max number of K2 of shell pair               1
 max number of CS2 of shell pair           4630
 max number of PS2 of shell pair           7926
 mem total for path MDJ                  196386
 -------------------------------------------------------
 Smallest overlap matrix eigenvalue = 2.90E-07
 Linear dependence detected in AO basis
 Number of orthogonalized atomic orbitals = 590
 Maximum deviation from orthogonality = 2.256E-10

 Scale SEOQF with 1.000000e-02/1.000000e-02/1.000000e-01

 Standard Electronic Orientation quadrupole field applied
 Nucleus-field energy     =    -0.0000000436 hartrees
 Guess from superposition of atomic densities
 Warning:  Energy on first SCF cycle will be non-variational

 Q-Chem warning in module /opt/software/qchem/qchem-5.0.1/libgen/Atomic_PolEc.C, line 58:

 No atomic polarizability available.


 Q-Chem warning in module /opt/software/qchem/qchem-5.0.1/libgen/Atomic_PolEc.C, line 73:

 No atomic polarizability available.


 Q-Chem warning in module /opt/software/qchem/qchem-5.0.1/libgen/Atomic_PolEc.C, line 58:

 No atomic polarizability available.


 Q-Chem warning in module /opt/software/qchem/qchem-5.0.1/libgen/Atomic_PolEc.C, line 73:

 No atomic polarizability available.


 Q-Chem warning in module /opt/software/qchem/qchem-5.0.1/libgen/Atomic_PolEc.C, line 58:

 No atomic polarizability available.


 Q-Chem warning in module /opt/software/qchem/qchem-5.0.1/libgen/Atomic_PolEc.C, line 73:

 No atomic polarizability available.


 Q-Chem warning in module /opt/software/qchem/qchem-5.0.1/libgen/Atomic_PolEc.C, line 58:

 No atomic polarizability available.


 Q-Chem warning in module /opt/software/qchem/qchem-5.0.1/libgen/Atomic_PolEc.C, line 73:

 No atomic polarizability available.


 Q-Chem warning in module /opt/software/qchem/qchem-5.0.1/libgen/Atomic_PolEc.C, line 58:

 No atomic polarizability available.


 Q-Chem warning in module /opt/software/qchem/qchem-5.0.1/libgen/Atomic_PolEc.C, line 73:

 No atomic polarizability available.


 Q-Chem warning in module /opt/software/qchem/qchem-5.0.1/libgen/Atomic_PolEc.C, line 58:

 No atomic polarizability available.


 Q-Chem warning in module /opt/software/qchem/qchem-5.0.1/libgen/Atomic_PolEc.C, line 73:

 No atomic polarizability available.


 Q-Chem warning in module /opt/software/qchem/qchem-5.0.1/libgen/Atomic_PolEc.C, line 58:

 No atomic polarizability available.


 Q-Chem warning in module /opt/software/qchem/qchem-5.0.1/libgen/Atomic_PolEc.C, line 73:

 No atomic polarizability available.


 Q-Chem warning in module /opt/software/qchem/qchem-5.0.1/libgen/Atomic_PolEc.C, line 58:

 No atomic polarizability available.


 Q-Chem warning in module /opt/software/qchem/qchem-5.0.1/libgen/Atomic_PolEc.C, line 73:

 No atomic polarizability available.


 Q-Chem warning in module /opt/software/qchem/qchem-5.0.1/libgen/Atomic_PolEc.C, line 58:

 No atomic polarizability available.


 Q-Chem warning in module /opt/software/qchem/qchem-5.0.1/libgen/Atomic_PolEc.C, line 73:

 No atomic polarizability available.


 Q-Chem warning in module /opt/software/qchem/qchem-5.0.1/libgen/Atomic_PolEc.C, line 58:

 No atomic polarizability available.


 Q-Chem warning in module /opt/software/qchem/qchem-5.0.1/libgen/Atomic_PolEc.C, line 73:

 No atomic polarizability available.


 Q-Chem warning in module /opt/software/qchem/qchem-5.0.1/libgen/Atomic_PolEc.C, line 58:

 No atomic polarizability available.


 Q-Chem warning in module /opt/software/qchem/qchem-5.0.1/libgen/Atomic_PolEc.C, line 73:

 No atomic polarizability available.


 Q-Chem warning in module /opt/software/qchem/qchem-5.0.1/libgen/Atomic_PolEc.C, line 58:

 No atomic polarizability available.


 Q-Chem warning in module /opt/software/qchem/qchem-5.0.1/libgen/Atomic_PolEc.C, line 73:

 No atomic polarizability available.


 Q-Chem warning in module /opt/software/qchem/qchem-5.0.1/libgen/Atomic_PolEc.C, line 58:

 No atomic polarizability available.


 Q-Chem warning in module /opt/software/qchem/qchem-5.0.1/libgen/Atomic_PolEc.C, line 73:

 No atomic polarizability available.


 Q-Chem warning in module /opt/software/qchem/qchem-5.0.1/libgen/Atomic_PolEc.C, line 58:

 No atomic polarizability available.


 Q-Chem warning in module /opt/software/qchem/qchem-5.0.1/libgen/Atomic_PolEc.C, line 73:

 No atomic polarizability available.


 Q-Chem warning in module /opt/software/qchem/qchem-5.0.1/libgen/Atomic_PolEc.C, line 58:

 No atomic polarizability available.


 Q-Chem warning in module /opt/software/qchem/qchem-5.0.1/libgen/Atomic_PolEc.C, line 73:

 No atomic polarizability available.


 Q-Chem warning in module /opt/software/qchem/qchem-5.0.1/libgen/Atomic_PolEc.C, line 58:

 No atomic polarizability available.


 Q-Chem warning in module /opt/software/qchem/qchem-5.0.1/libgen/Atomic_PolEc.C, line 73:

 No atomic polarizability available.


 Q-Chem warning in module /opt/software/qchem/qchem-5.0.1/libgen/Atomic_PolEc.C, line 58:

 No atomic polarizability available.


 Q-Chem warning in module /opt/software/qchem/qchem-5.0.1/libgen/Atomic_PolEc.C, line 73:

 No atomic polarizability available.


 Q-Chem warning in module /opt/software/qchem/qchem-5.0.1/libgen/Atomic_PolEc.C, line 58:

 No atomic polarizability available.


 Q-Chem warning in module /opt/software/qchem/qchem-5.0.1/libgen/Atomic_PolEc.C, line 73:

 No atomic polarizability available.


 Q-Chem warning in module /opt/software/qchem/qchem-5.0.1/libgen/Atomic_PolEc.C, line 58:

 No atomic polarizability available.


 Q-Chem warning in module /opt/software/qchem/qchem-5.0.1/libgen/Atomic_PolEc.C, line 73:

 No atomic polarizability available.


 Q-Chem warning in module /opt/software/qchem/qchem-5.0.1/libgen/Atomic_PolEc.C, line 58:

 No atomic polarizability available.


 Q-Chem warning in module /opt/software/qchem/qchem-5.0.1/libgen/Atomic_PolEc.C, line 73:

 No atomic polarizability available.


 Q-Chem warning in module /opt/software/qchem/qchem-5.0.1/libgen/Atomic_PolEc.C, line 58:

 No atomic polarizability available.


 Q-Chem warning in module /opt/software/qchem/qchem-5.0.1/libgen/Atomic_PolEc.C, line 73:

 No atomic polarizability available.


 Q-Chem warning in module /opt/software/qchem/qchem-5.0.1/libgen/Atomic_PolEc.C, line 58:

 No atomic polarizability available.


 Q-Chem warning in module /opt/software/qchem/qchem-5.0.1/libgen/Atomic_PolEc.C, line 73:

 No atomic polarizability available.


 Q-Chem warning in module /opt/software/qchem/qchem-5.0.1/libgen/Atomic_PolEc.C, line 58:

 No atomic polarizability available.


 Q-Chem warning in module /opt/software/qchem/qchem-5.0.1/libgen/Atomic_PolEc.C, line 73:

 No atomic polarizability available.

 A restricted hybrid HF-DFT SCF calculation will be
 performed using Pulay DIIS extrapolation
 Exchange:     0.2000 Hartree-Fock + 0.0800 Slater + 0.7200 B88
 Correlation:  0.1900 VWN1RPA + 0.8100 LYP
 Using SG-1 standard quadrature grid
 Dispersion:   Grimme D3
 SCF converges when DIIS error is below 1.0E-08
 using 4 threads for integral computing
 -------------------------------------------------------
 OpenMP Integral computing Module                
 Release: version 1.0, May 2013, Q-Chem Inc. Pittsburgh 
 -------------------------------------------------------
 -------------------------------------------------------
 OpenMP BLAS3 based DFT computing Module                
 Release: version 1.0, May 2013, Q-Chem Inc. Pittsburgh 
 -------------------------------------------------------
 ---------------------------------------
  Cycle       Energy         DIIS Error
 ---------------------------------------
    1    -390.4761022419      1.79E-02
    2    -388.4109957257      2.25E-03
    3    -388.3325148195      2.63E-03
    4    -388.6279218627      4.08E-04
    5    -388.6328988727      1.46E-04
    6    -388.6335463921      3.95E-05
    7    -388.6335911261      1.44E-05
    8    -388.6335988024      1.34E-06
    9    -388.6335988713      5.56E-07
   10    -388.6335988833      1.47E-07
   11    -388.6335988842      1.60E-08
   12    -388.6335988842      6.97E-09 Convergence criterion met
 ---------------------------------------
 SCF time:  CPU 1193.41 s  wall 301.32 s
 SCF   energy in the final basis set = -388.63359888
 Total energy in the final basis set = -388.63359888
 
 --------------------------------------------------------------
 
                    Orbital Energies (a.u.)
 --------------------------------------------------------------
 
 Alpha MOs
 -- Occupied --
-19.115 -10.224 -10.221 -10.166 -10.165 -10.162 -10.161 -10.160
-10.151  -1.049  -0.799  -0.789  -0.748  -0.717  -0.652  -0.616
 -0.562  -0.555  -0.486  -0.474  -0.464  -0.444  -0.420  -0.410
 -0.406  -0.402  -0.384  -0.360  -0.346  -0.343  -0.340  -0.333
 -0.316  -0.299  -0.261
 -- Virtual --
 -0.010   0.001   0.007   0.011   0.022   0.027   0.028   0.031
  0.036   0.042   0.048   0.051   0.054   0.056   0.061   0.061
  0.067   0.074   0.077   0.079   0.082   0.084   0.092   0.093
  0.099   0.103   0.103   0.104   0.108   0.111   0.115   0.116
  0.117   0.120   0.122   0.130   0.131   0.133   0.136   0.138
  0.141   0.148   0.149   0.152   0.152   0.156   0.160   0.160
  0.162   0.166   0.168   0.168   0.170   0.177   0.179   0.182
  0.187   0.187   0.188   0.190   0.196   0.197   0.199   0.199
  0.203   0.203   0.207   0.209   0.216   0.217   0.219   0.221
  0.223   0.227   0.229   0.231   0.239   0.240   0.241   0.243
  0.245   0.251   0.255   0.260   0.263   0.266   0.267   0.273
  0.277   0.282   0.285   0.286   0.293   0.300   0.302   0.303
  0.311   0.315   0.318   0.326   0.330   0.333   0.338   0.342
  0.347   0.355   0.360   0.360   0.364   0.368   0.374   0.380
  0.383   0.383   0.385   0.387   0.394   0.396   0.399   0.408
  0.414   0.415   0.419   0.422   0.439   0.442   0.450   0.455
  0.465   0.471   0.475   0.480   0.486   0.489   0.496   0.498
  0.502   0.510   0.517   0.529   0.543   0.546   0.553   0.555
  0.561   0.563   0.568   0.576   0.582   0.596   0.602   0.604
  0.614   0.622   0.624   0.628   0.630   0.636   0.647   0.652
  0.656   0.659   0.662   0.669   0.672   0.679   0.686   0.694
  0.699   0.702   0.704   0.713   0.715   0.722   0.725   0.732
  0.737   0.740   0.746   0.758   0.761   0.762   0.766   0.775
  0.778   0.784   0.788   0.797   0.800   0.810   0.813   0.825
  0.828   0.845   0.850   0.864   0.878   0.883   0.890   0.897
  0.912   0.923   0.936   0.938   0.953   0.977   0.994   0.999
  1.012   1.019   1.045   1.054   1.061   1.071   1.079   1.098
  1.106   1.111   1.119   1.129   1.140   1.156   1.167   1.187
  1.192   1.198   1.213   1.221   1.235   1.247   1.257   1.276
  1.293   1.294   1.301   1.312   1.323   1.329   1.367   1.390
  1.398   1.439   1.460   1.468   1.473   1.480   1.504   1.504
  1.519   1.521   1.531   1.539   1.546   1.561   1.563   1.577
  1.590   1.593   1.599   1.606   1.615   1.620   1.626   1.628
  1.646   1.651   1.655   1.663   1.686   1.695   1.700   1.714
  1.723   1.731   1.737   1.746   1.749   1.754   1.757   1.764
  1.769   1.777   1.786   1.790   1.798   1.805   1.814   1.819
  1.829   1.834   1.836   1.838   1.853   1.863   1.870   1.875
  1.883   1.888   1.907   1.908   1.919   1.922   1.934   1.939
  1.947   1.953   1.959   1.972   1.980   1.996   2.004   2.007
  2.018   2.030   2.045   2.052   2.061   2.064   2.086   2.091
  2.098   2.106   2.110   2.114   2.119   2.133   2.133   2.148
  2.165   2.180   2.194   2.216   2.224   2.233   2.237   2.252
  2.269   2.278   2.293   2.297   2.306   2.327   2.339   2.346
  2.362   2.370   2.376   2.383   2.387   2.398   2.413   2.417
  2.422   2.447   2.454   2.460   2.473   2.476   2.488   2.491
  2.504   2.514   2.519   2.530   2.538   2.543   2.555   2.568
  2.576   2.584   2.587   2.588   2.606   2.617   2.628   2.640
  2.644   2.648   2.662   2.672   2.693   2.701   2.713   2.722
  2.730   2.754   2.758   2.768   2.778   2.781   2.791   2.795
  2.814   2.821   2.833   2.850   2.865   2.869   2.890   2.894
  2.906   2.913   2.926   2.935   2.942   2.951   2.977   2.994
  2.996   3.003   3.023   3.029   3.042   3.052   3.063   3.071
  3.089   3.104   3.114   3.124   3.154   3.156   3.160   3.164
  3.202   3.246   3.256   3.258   3.275   3.280   3.309   3.324
  3.329   3.343   3.345   3.355   3.362   3.386   3.477   3.495
  3.513   3.535   3.557   3.570   3.578   3.584   3.593   3.613
  3.619   3.627   3.647   3.683   3.691   3.707   3.724   3.752
  3.805   3.810   3.832   3.850   3.882   3.905   3.909   3.915
  3.958   3.971   3.975   4.015   4.033   4.115   4.118   4.127
  4.149   4.194   4.220   4.293   4.303   4.475   4.513   4.590
  4.672   4.695   4.759   4.838   4.857   4.866   4.881   4.913
  4.921   4.943   4.961   5.017   5.021   5.073   5.097   5.174
  5.318   5.384   5.578   5.704   5.761   7.399   7.481   7.513
  7.553   7.605   7.628   7.685   7.725   7.738   7.765   7.808
  7.831   7.840   7.865   7.953   8.006   8.150   8.211   8.349
  8.419   8.469   8.478   8.724   8.822   9.901   9.934   9.982
 10.038  10.047  10.063  10.081  10.154  13.679  13.953  14.131
 18.593  23.786  23.859  23.965  23.983  24.007  24.023  24.047
 24.074  50.025  69.817  69.844  69.950  69.965  69.975  69.995
 70.031  70.051 139.835
 --------------------------------------------------------------
 
          Ground-State Mulliken Net Atomic Charges

     Atom                 Charge (a.u.)
  ----------------------------------------
      1 C                    -0.359639
      2 C                    -0.351933
      3 C                     0.149097
      4 C                    -0.540288
      5 C                    -0.515197
      6 C                     0.175487
      7 O                     0.077912
      8 H                     0.155726
      9 H                     0.138013
     10 H                     0.159072
     11 H                     0.134844
     12 C                    -0.262353
     13 C                    -0.330452
     14 H                     0.154259
     15 H                     0.151022
     16 H                     0.127669
     17 H                     0.150998
     18 H                     0.148893
     19 H                     0.112073
     20 H                     0.173910
     21 H                     0.161236
     22 H                     0.150182
     23 H                     0.184827
     24 GH                   -0.006044
     25 GH                    0.001578
     26 GH                   -0.072385
     27 GH                   -0.011480
     28 GH                   -0.001134
     29 GH                   -0.075269
     30 GH                    0.000535
     31 GH                    0.019326
     32 GH                   -0.036529
     33 GH                    0.028810
     34 GH                   -0.023862
     35 GH                    0.017741
     36 GH                    0.006594
     37 GH                   -0.001181
     38 GH                    0.002105
     39 GH                    0.000117
     40 GH                   -0.000844
     41 GH                    0.002332
     42 GH                    0.000093
     43 GH                    0.002045
     44 GH                   -0.000219
     45 GH                   -0.000597
     46 GH                    0.002907
  ----------------------------------------
  Sum of atomic charges =     0.000000

 -----------------------------------------------------------------
                    Cartesian Multipole Moments
 -----------------------------------------------------------------
    Charge (ESU x 10^10)
                 0.0000
    Dipole Moment (Debye)
         X      -0.0343      Y       0.4287      Z       1.5009
       Tot       1.5613
    Quadrupole Moments (Debye-Ang)
        XX     -56.7262     XY       1.6539     YY     -53.1308
        XZ       7.8082     YZ       3.5679     ZZ     -51.3635
    Octopole Moments (Debye-Ang^2)
       XXX    -901.4682    XXY    -131.0806    XYY    -285.7258
       YYY    -392.8743    XXZ    -106.5460    XYZ      16.6537
       YYZ    -132.7924    XZZ    -273.2828    YZZ    -124.9629
       ZZZ    -419.6442
    Hexadecapole Moments (Debye-Ang^3)
      XXXX   -9995.4360   XXXY   -2103.0484   XXYY   -2064.8801
      XYYY   -2038.8656   YYYY   -2672.3393   XXXZ   -2154.4514
      XXYZ    -258.4782   XYYZ    -724.8979   YYYZ    -933.5213
      XXZZ   -1968.8727   XYZZ    -650.6313   YYZZ    -848.8865
      XZZZ   -2245.7765   YZZZ    -947.9455   ZZZZ   -2529.5849
 -----------------------------------------------------------------
Archival summary:
1\1\vega03.cac.cornell.edu\SP\ProcedureUnspecified\BasisUnspecified\1814h23\jj585\TueApr1700:29:572018TueApr1700:29:572018\0\\#,ProcedureUnspecified,BasisUnspecified,\\0,1\O\C,1,1.43358\C,1,1.43646,2,98.0224\C,3,1.51218,1,111.091,2,-178.393,0\H,4,1.09134,3,111.033,1,-57.0184,0\H,4,1.09192,3,109.775,1,62.6469,0\H,4,1.09264,3,110.458,1,-177.522,0\C,2,1.513,1,109.807,3,-177.944,0\H,8,1.07,2,109.471,1,-64.7983,0\H,8,1.07,2,109.471,1,55.2018,0\H,8,1.07,2,109.471,1,175.202,0\C,2,1.54115,1,102.483,3,57.1986,0\H,12,1.09096,2,110.128,1,81.1589,0\H,12,1.09186,2,112.95,1,-157.962,0\C,2,1.54738,1,103.124,3,-55.9256,0\H,15,1.07,2,113.95,1,155.255,0\H,15,1.07,2,111.379,1,-86.5463,0\C,3,1.55466,1,102.371,2,-54.4128,0\H,18,1.09132,3,109.614,1,-87.4148,0\H,18,1.09187,3,112.355,1,152.676,0\C,15,1.5685,2,101.696,1,32.1918,0\H,21,1.07,15,111.7,2,120.458,0\H,21,1.07,15,114.71,2,-121.541,0\Gh,23,1.69582,21,127.044,15,72.7525,0\Gh,24,1.09187,23,148.559,21,-18.8024,0\Gh,25,1.09132,24,107.862,23,78.1995,0\Gh,25,1.55466,24,112.355,23,-160.879,0\Gh,27,1.43646,25,102.371,24,152.676,0\Gh,28,1.43358,27,98.0224,25,-54.4128,0\Gh,27,1.51218,25,115.611,24,-86.4144,0\Gh,30,1.09134,27,111.033,25,-173.092,0\Gh,30,1.09192,27,109.775,25,-53.4265,0\Gh,30,1.09264,27,110.458,25,66.4047,0\Gh,29,1.513,28,109.807,27,-177.944,0\Gh,34,1.07,29,109.471,28,-64.7983,0\Gh,34,1.07,29,109.471,28,55.2018,0\Gh,34,1.07,29,109.471,28,175.202,0\Gh,29,1.54115,28,102.483,27,57.1986,0\Gh,38,1.09096,29,110.128,28,81.1589,0\Gh,38,1.09186,29,112.95,28,-157.962,0\Gh,29,1.54738,28,103.124,27,-55.9256,0\Gh,41,1.07,29,113.95,28,155.255,0\Gh,41,1.07,29,111.379,28,-86.5463,0\Gh,41,1.5685,29,101.696,28,32.1918,0\Gh,44,1.07,41,111.7,29,120.458,0\Gh,44,1.07,41,114.71,29,-121.541,0\\\@

 Total job time:  302.55s(wall), 1196.22s(cpu) 
 Tue Apr 17 00:29:57 2018

        *************************************************************
        *                                                           *
        *  Thank you very much for using Q-Chem.  Have a nice day.  *
        *                                                           *
        *************************************************************


0 sent ACK to 0 
now end server 0 ... 
