mFile = /opt/software/qchem/qchem-5.0.1//bin/mpi/machines
Process 0 of 1 is on vega03.cac.cornell.edu - thread support 0
initial socket setup ...start
initial socket setup ...done 
now start server 0 ... 
vega03 10.84.3
Q-Chem Developer Version! Running on 10.84.3.*
                  Welcome to Q-Chem
     A Quantum Leap Into The Future Of Chemistry


 Q-Chem 5.0, Q-Chem, Inc., Pleasanton, CA (2017)

 Yihan Shao,  Zhengting Gan,  E. Epifanovsky,  A. T. B. Gilbert,  M. Wormit,  
 J. Kussmann,  A. W. Lange,  A. Behn,  Jia Deng,  Xintian Feng,  D. Ghosh,  
 M. Goldey,  P. R. Horn,  L. D. Jacobson,  I. Kaliman,  T. Kus,  A. Landau,  
 Jie Liu,  E. I. Proynov,  R. M. Richard,  R. P. Steele,  E. J. Sundstrom,  
 H. L. Woodcock III,  P. M. Zimmerman,  D. Zuev,  B. Albrecht,  E. Alguire,  
 S. A. Baeppler,  Z. Benda,  Y. A. Bernard,  E. J. Berquist,  K. B. Bravaya,  
 D. Casanova,  Chun-Min Chang,  Yunqing Chen,  A. Chien,  K. D. Closser,  
 M. P. Coons,  S. Dasgupta,  M. Diedenhofen,  Hainam Do,  R. G. Edgar,  
 Po-Tung Fang,  S. Fatehi,  Qingguo Feng,  Qinghui Ge,  A. Ghysels,  
 J. Gomes,  J. Gonthier,  A. Gunina,  M. W. D. Hanson-Heine,  
 P. H. P. Harbach,  A. W. Hauser,  J. E. Herr,  E. G. Hohenstein,  
 Z. C. Holden,  Kerwin Hui,  T.-C. Jagau,  Hyunjun Ji,  B. Kaduk,  
 K. Khistyaev,  Jaehoon Kim,  P. Klunzinger,  K. Koh,  D. Kosenkov,  
 T. Kowalczyk,  C. M. Krauter,  A. Kunitsa,  Ka Un Lao,  A. Laurent,  
 K. V. Lawler,  Joonho Lee,  D. Lefrancois,  S. Lehtola,  D. S. Levine,  
 Yi-Pei Li,  You-Sheng Lin,  Fenglai Liu,  E. Livshits,  A. Luenser,  
 P. Manohar,  E. Mansoor,  S. F. Manzer,  Shan-Ping Mao,  Yuezhi Mao,  
 N. Mardirossian,  A. V. Marenich,  L. A. Martinez-Martinez,  S. A. Maurer,  
 N. J. Mayhall,  S. C. McKenzie,  J.-M. Mewes,  A. F. Morrison,  K. Nanda,  
 T. S. Nguyen-Beck,  R. Olivares-Amaya,  J. A. Parkhill,  T. M. Perrine,  
 F. Plasser,  S. Prager,  A. Prociuk,  D. R. Rehn,  F. Rob,  M. Schneider,  
 N. Sergueev,  S. M. Sharada,  S. Sharma,  D. W. Small,  T. Stauch,  
 T. Stein,  Yu-Chuan Su,  A. J. W. Thom,  T. Tsuchimochi,  L. Vogt,  
 O. Vydrov,  M. A. Watson,  J. Wenzel,  M. de Wergifosse,  T. A. Wesolowski,  
 A. White,  J. Witte,  A. Yamada,  Jun Yang,  K. Yao,  S. Yeganeh,  
 S. R. Yost,  Zhi-Qiang You,  A. Zech,  Igor Ying Zhang,  Xing Zhang,  
 Yan Zhao,  Ying Zhu,  B. R. Brooks,  G. K. L. Chan,  C. J. Cramer,  
 M. S. Gordon,  W. J. Hehre,  A. Klamt,  M. W. Schmidt,  C. D. Sherrill,  
 D. G. Truhlar,  A. Aspuru-Guzik,  R. Baer,  A. T. Bell,  N. A. Besley,  
 Jeng-Da Chai,  A. Dreuw,  B. D. Dunietz,  T. R. Furlani,  Chao-Ping Hsu,  
 Yousung Jung,  Jing Kong,  D. S. Lambrecht,  WanZhen Liang,  C. Ochsenfeld,  
 V. A. Rassolov,  L. V. Slipchenko,  J. E. Subotnik,  T. Van Voorhis,  
 J. M. Herbert,  A. I. Krylov,  P. M. W. Gill,  M. Head-Gordon

 Contributors to earlier versions of Q-Chem not listed above: 
 R. D. Adamson,  B. Austin,  J. Baker,  G. J. O. Beran,  K. Brandhorst,  
 S. T. Brown,  E. F. C. Byrd,  A. K. Chakraborty,  C.-L. Cheng,  
 Siu Hung Chien,  D. M. Chipman,  D. L. Crittenden,  H. Dachsel,  
 R. A. DiStasio Jr.,  R. J. Doerksen,  A. D. Dutoi,  L. Fusti-Molnar,  
 W. A. Goddard III,  A. Golubeva-Zadorozhnaya,  S. R. Gwaltney,  G. Hawkins,  
 A. Heyden,  S. Hirata,  G. Kedziora,  F. J. Keil,  C. Kelley,  Jihan Kim,  
 R. A. King,  R. Z. Khaliullin,  P. P. Korambath,  W. Kurlancheek,  
 A. M. Lee,  M. S. Lee,  S. V. Levchenko,  Ching Yeh Lin,  D. Liotard,  
 R. C. Lochan,  I. Lotan,  P. E. Maslen,  N. Nair,  D. P. O'Neill,  
 D. Neuhauser,  E. Neuscamman,  C. M. Oana,  R. Olson,  B. Peters,  
 R. Peverati,  P. A. Pieniazek,  Y. M. Rhee,  J. Ritchie,  M. A. Rohrdanz,  
 E. Rosta,  N. J. Russ,  H. F. Schaefer III,  N. E. Schultz,  N. Shenvi,  
 A. C. Simmonett,  A. Sodt,  D. Stuck,  K. S. Thanthiriwatte,  V. Vanovschi,  
 Tao Wang,  A. Warshel,  C. F. Williams,  Q. Wu,  X. Xu,  W. Zhang

 Please cite Q-Chem as follows:
 Y. Shao et al., Mol. Phys. 113, 184-215 (2015)
 DOI: 10.1080/00268976.2014.952696

 Q-Chem 5.0.1 for Intel X86 EM64T Linux

 Parts of Q-Chem use Armadillo 5.200.1 (Boston Tea Smuggler).
 http://arma.sourceforge.net/

 Q-Chem begins on Tue Apr 17 00:37:59 2018  

Host: vega03.cac.cornell.edu
0

     Scratch files written to /scratch/jj585/vdw/0110_distance_7.000_01.save//
 Parallel job on  1  processors

Checking the input file for inconsistencies... 	...done.

--------------------------------------------------------------
User input:
--------------------------------------------------------------
$molecule
0  1
C        +5.47670000        +3.85313000        +4.26143000
C        +5.88026000        +2.39472000        +4.67419000
C        +6.58408000        +4.20799000        +3.24057000
C        +7.88470000        +4.52525000        +4.00403000
C        +8.29736000        +3.10176000        +4.47848000
C        +7.19823000        +2.21526000        +3.82810000
O        +6.88240000        +2.94488000        +2.63172000
H        +8.62634000        +4.94607000        +3.32353000
H        +7.73636000        +5.23313000        +4.82199000
H        +9.27582000        +2.81819000        +4.08709000
H        +8.32759000        +2.99563000        +5.56476000
C        +6.15428000        +5.19902000        +2.18118000
C        +7.60850000        +0.79558000        +3.50736000
H        +8.51711000        +0.80147000        +2.90182000
H        +7.80390000        +0.23766000        +4.42627000
H        +6.82735000        +0.27929000        +2.94676000
H        +6.97245000        +5.39011000        +1.51862000
H        +5.85319000        +6.11303000        +2.64898000
H        +5.33325000        +4.79478000        +1.62674000
H        +6.07093000        +2.31920000        +5.72435000
H        +5.12876000        +1.65469000        +4.49391000
H        +4.50727000        +3.87636000        +3.80913000
H        +5.40952000        +4.53442000        +5.08376000
@C        +0.22270000        +1.04488000        +0.58595000
@C        +0.62626000        -0.41353000        +0.99871000
@C        +1.33008000        +1.39974000        -0.43491000
@C        +2.63070000        +1.71700000        +0.32855000
@C        +3.04336000        +0.29351000        +0.80300000
@C        +1.94423000        -0.59299000        +0.15262000
@O        +1.62840000        +0.13663000        -1.04376000
@H        +3.37234000        +2.13782000        -0.35195000
@H        +2.48236000        +2.42488000        +1.14651000
@H        +4.02182000        +0.00994000        +0.41161000
@H        +3.07359000        +0.18738000        +1.88928000
@C        +0.90028000        +2.39077000        -1.49430000
@C        +2.35450000        -2.01267000        -0.16812000
@H        +3.26311000        -2.00678000        -0.77366000
@H        +2.54990000        -2.57059000        +0.75079000
@H        +1.57335000        -2.52896000        -0.72872000
@H        +1.71845000        +2.58186000        -2.15686000
@H        +0.59919000        +3.30478000        -1.02650000
@H        +0.07925000        +1.98653000        -2.04874000
@H        +0.81693000        -0.48905000        +2.04887000
@H        -0.12524000        -1.15356000        +0.81843000
@H        -0.74673000        +1.06811000        +0.13365000
@H        +0.15552000        +1.72617000        +1.40828000
$end

$rem
JOBTYPE                   SP
METHOD                    B3LYP
DFT_D                     d3_op
BASIS                     6-311++G(d,p)
SYMMETRY                  False
THRESH                    12
SCF_CONVERGENCE           8
MAX_SUB_FILE_NUM          128
MEM_STATIC                400
MEM_TOTAL                 4000
$end
--------------------------------------------------------------
 Adding empirical dispersion correction 
 ----------------------------------------------------------------
 Doing -D3(op) with
 s6 =   1.00000
 s8 =   0.78311
 a1 =   0.30000
 a2 =   4.25000
 n  =  10.00000
 -D3 energy without 3body term =     -0.0216033054 hartrees
 ----------------------------------------------------------------
             Standard Nuclear Orientation (Angstroms)
    I     Atom           X                Y                Z
 ----------------------------------------------------------------
    1      C       5.4767000000     3.8531300000     4.2614300000
    2      C       5.8802600000     2.3947200000     4.6741900000
    3      C       6.5840800000     4.2079900000     3.2405700000
    4      C       7.8847000000     4.5252500000     4.0040300000
    5      C       8.2973600000     3.1017600000     4.4784800000
    6      C       7.1982300000     2.2152600000     3.8281000000
    7      O       6.8824000000     2.9448800000     2.6317200000
    8      H       8.6263400000     4.9460700000     3.3235300000
    9      H       7.7363600000     5.2331300000     4.8219900000
   10      H       9.2758200000     2.8181900000     4.0870900000
   11      H       8.3275900000     2.9956300000     5.5647600000
   12      C       6.1542800000     5.1990200000     2.1811800000
   13      C       7.6085000000     0.7955800000     3.5073600000
   14      H       8.5171100000     0.8014700000     2.9018200000
   15      H       7.8039000000     0.2376600000     4.4262700000
   16      H       6.8273500000     0.2792900000     2.9467600000
   17      H       6.9724500000     5.3901100000     1.5186200000
   18      H       5.8531900000     6.1130300000     2.6489800000
   19      H       5.3332500000     4.7947800000     1.6267400000
   20      H       6.0709300000     2.3192000000     5.7243500000
   21      H       5.1287600000     1.6546900000     4.4939100000
   22      H       4.5072700000     3.8763600000     3.8091300000
   23      H       5.4095200000     4.5344200000     5.0837600000
   24      GH      0.2227000000     1.0448800000     0.5859500000
   25      GH      0.6262600000    -0.4135300000     0.9987100000
   26      GH      1.3300800000     1.3997400000    -0.4349100000
   27      GH      2.6307000000     1.7170000000     0.3285500000
   28      GH      3.0433600000     0.2935100000     0.8030000000
   29      GH      1.9442300000    -0.5929900000     0.1526200000
   30      GH      1.6284000000     0.1366300000    -1.0437600000
   31      GH      3.3723400000     2.1378200000    -0.3519500000
   32      GH      2.4823600000     2.4248800000     1.1465100000
   33      GH      4.0218200000     0.0099400000     0.4116100000
   34      GH      3.0735900000     0.1873800000     1.8892800000
   35      GH      0.9002800000     2.3907700000    -1.4943000000
   36      GH      2.3545000000    -2.0126700000    -0.1681200000
   37      GH      3.2631100000    -2.0067800000    -0.7736600000
   38      GH      2.5499000000    -2.5705900000     0.7507900000
   39      GH      1.5733500000    -2.5289600000    -0.7287200000
   40      GH      1.7184500000     2.5818600000    -2.1568600000
   41      GH      0.5991900000     3.3047800000    -1.0265000000
   42      GH      0.0792500000     1.9865300000    -2.0487400000
   43      GH      0.8169300000    -0.4890500000     2.0488700000
   44      GH     -0.1252400000    -1.1535600000     0.8184300000
   45      GH     -0.7467300000     1.0681100000     0.1336500000
   46      GH      0.1555200000     1.7261700000     1.4082800000
 ----------------------------------------------------------------
 Nuclear Repulsion Energy =   506.2703564319 hartrees
 There are       35 alpha and       35 beta electrons
 Requested basis set is 6-311++G(d,p)
 There are 248 shells and 592 basis functions

 Total QAlloc Memory Limit   4000 MB
 Mega-Array Size       392 MB
 MEM_STATIC part       400 MB
 A cutoff of  1.0D-12 yielded  22989 shell pairs
 There are    127550 function pairs (    134518 Cartesian)
 
 -------------------------------------------------------
 OpenMP Integral Computing Module                       
 Release: version 1.0, May 2013, Q-Chem Inc. Pittsburgh 
 -------------------------------------------------------
 Integral Job Info:
 Integral job number is                      11
 Integral operator is                         1
 short-range coefficients                     0
 long-range coefficients              100000000
 Omega coefficients                           0
 if combine SR and LR in K                    0
 Integral screening is                        0
 Integral computing path is                   2
 max size of driver memory is            800000
 size of driver memory is                593474
 size of scratch memory is              2361544
 max col of scratch BK array               1296
 max len of scratch array in speh3          155
 max len of scratch index in speh4           18
 max int batch size is                      520
 min int batch size is                       52
 fixed nKL is                                52
 max L of basis functions is                  2
 order of int derivative is                   0
 number of shells is                        248
 number of basis is                         610
 number of cartesian basis is               610
 number of contracted shell pairs         22989
 number of primitive shell pairs          47578
 maxK2 (contraction) of shell pair           36
 max number of K2 of shell pair               1
 max number of CS2 of shell pair           4366
 max number of PS2 of shell pair           7086
 mem total for path MDJ                  171990
 -------------------------------------------------------
 Smallest overlap matrix eigenvalue = 8.07E-07
 Linear dependence detected in AO basis
 Number of orthogonalized atomic orbitals = 591
 Maximum deviation from orthogonality = 1.088E-10

 Scale SEOQF with 1.000000e-02/1.000000e-02/1.000000e-02

 Standard Electronic Orientation quadrupole field applied
 Nucleus-field energy     =     0.0000000078 hartrees
 Guess from superposition of atomic densities
 Warning:  Energy on first SCF cycle will be non-variational

 Q-Chem warning in module /opt/software/qchem/qchem-5.0.1/libgen/Atomic_PolEc.C, line 58:

 No atomic polarizability available.


 Q-Chem warning in module /opt/software/qchem/qchem-5.0.1/libgen/Atomic_PolEc.C, line 73:

 No atomic polarizability available.


 Q-Chem warning in module /opt/software/qchem/qchem-5.0.1/libgen/Atomic_PolEc.C, line 58:

 No atomic polarizability available.


 Q-Chem warning in module /opt/software/qchem/qchem-5.0.1/libgen/Atomic_PolEc.C, line 73:

 No atomic polarizability available.


 Q-Chem warning in module /opt/software/qchem/qchem-5.0.1/libgen/Atomic_PolEc.C, line 58:

 No atomic polarizability available.


 Q-Chem warning in module /opt/software/qchem/qchem-5.0.1/libgen/Atomic_PolEc.C, line 73:

 No atomic polarizability available.


 Q-Chem warning in module /opt/software/qchem/qchem-5.0.1/libgen/Atomic_PolEc.C, line 58:

 No atomic polarizability available.


 Q-Chem warning in module /opt/software/qchem/qchem-5.0.1/libgen/Atomic_PolEc.C, line 73:

 No atomic polarizability available.


 Q-Chem warning in module /opt/software/qchem/qchem-5.0.1/libgen/Atomic_PolEc.C, line 58:

 No atomic polarizability available.


 Q-Chem warning in module /opt/software/qchem/qchem-5.0.1/libgen/Atomic_PolEc.C, line 73:

 No atomic polarizability available.


 Q-Chem warning in module /opt/software/qchem/qchem-5.0.1/libgen/Atomic_PolEc.C, line 58:

 No atomic polarizability available.


 Q-Chem warning in module /opt/software/qchem/qchem-5.0.1/libgen/Atomic_PolEc.C, line 73:

 No atomic polarizability available.


 Q-Chem warning in module /opt/software/qchem/qchem-5.0.1/libgen/Atomic_PolEc.C, line 58:

 No atomic polarizability available.


 Q-Chem warning in module /opt/software/qchem/qchem-5.0.1/libgen/Atomic_PolEc.C, line 73:

 No atomic polarizability available.


 Q-Chem warning in module /opt/software/qchem/qchem-5.0.1/libgen/Atomic_PolEc.C, line 58:

 No atomic polarizability available.


 Q-Chem warning in module /opt/software/qchem/qchem-5.0.1/libgen/Atomic_PolEc.C, line 73:

 No atomic polarizability available.


 Q-Chem warning in module /opt/software/qchem/qchem-5.0.1/libgen/Atomic_PolEc.C, line 58:

 No atomic polarizability available.


 Q-Chem warning in module /opt/software/qchem/qchem-5.0.1/libgen/Atomic_PolEc.C, line 73:

 No atomic polarizability available.


 Q-Chem warning in module /opt/software/qchem/qchem-5.0.1/libgen/Atomic_PolEc.C, line 58:

 No atomic polarizability available.


 Q-Chem warning in module /opt/software/qchem/qchem-5.0.1/libgen/Atomic_PolEc.C, line 73:

 No atomic polarizability available.


 Q-Chem warning in module /opt/software/qchem/qchem-5.0.1/libgen/Atomic_PolEc.C, line 58:

 No atomic polarizability available.


 Q-Chem warning in module /opt/software/qchem/qchem-5.0.1/libgen/Atomic_PolEc.C, line 73:

 No atomic polarizability available.


 Q-Chem warning in module /opt/software/qchem/qchem-5.0.1/libgen/Atomic_PolEc.C, line 58:

 No atomic polarizability available.


 Q-Chem warning in module /opt/software/qchem/qchem-5.0.1/libgen/Atomic_PolEc.C, line 73:

 No atomic polarizability available.


 Q-Chem warning in module /opt/software/qchem/qchem-5.0.1/libgen/Atomic_PolEc.C, line 58:

 No atomic polarizability available.


 Q-Chem warning in module /opt/software/qchem/qchem-5.0.1/libgen/Atomic_PolEc.C, line 73:

 No atomic polarizability available.


 Q-Chem warning in module /opt/software/qchem/qchem-5.0.1/libgen/Atomic_PolEc.C, line 58:

 No atomic polarizability available.


 Q-Chem warning in module /opt/software/qchem/qchem-5.0.1/libgen/Atomic_PolEc.C, line 73:

 No atomic polarizability available.


 Q-Chem warning in module /opt/software/qchem/qchem-5.0.1/libgen/Atomic_PolEc.C, line 58:

 No atomic polarizability available.


 Q-Chem warning in module /opt/software/qchem/qchem-5.0.1/libgen/Atomic_PolEc.C, line 73:

 No atomic polarizability available.


 Q-Chem warning in module /opt/software/qchem/qchem-5.0.1/libgen/Atomic_PolEc.C, line 58:

 No atomic polarizability available.


 Q-Chem warning in module /opt/software/qchem/qchem-5.0.1/libgen/Atomic_PolEc.C, line 73:

 No atomic polarizability available.


 Q-Chem warning in module /opt/software/qchem/qchem-5.0.1/libgen/Atomic_PolEc.C, line 58:

 No atomic polarizability available.


 Q-Chem warning in module /opt/software/qchem/qchem-5.0.1/libgen/Atomic_PolEc.C, line 73:

 No atomic polarizability available.


 Q-Chem warning in module /opt/software/qchem/qchem-5.0.1/libgen/Atomic_PolEc.C, line 58:

 No atomic polarizability available.


 Q-Chem warning in module /opt/software/qchem/qchem-5.0.1/libgen/Atomic_PolEc.C, line 73:

 No atomic polarizability available.


 Q-Chem warning in module /opt/software/qchem/qchem-5.0.1/libgen/Atomic_PolEc.C, line 58:

 No atomic polarizability available.


 Q-Chem warning in module /opt/software/qchem/qchem-5.0.1/libgen/Atomic_PolEc.C, line 73:

 No atomic polarizability available.


 Q-Chem warning in module /opt/software/qchem/qchem-5.0.1/libgen/Atomic_PolEc.C, line 58:

 No atomic polarizability available.


 Q-Chem warning in module /opt/software/qchem/qchem-5.0.1/libgen/Atomic_PolEc.C, line 73:

 No atomic polarizability available.


 Q-Chem warning in module /opt/software/qchem/qchem-5.0.1/libgen/Atomic_PolEc.C, line 58:

 No atomic polarizability available.


 Q-Chem warning in module /opt/software/qchem/qchem-5.0.1/libgen/Atomic_PolEc.C, line 73:

 No atomic polarizability available.


 Q-Chem warning in module /opt/software/qchem/qchem-5.0.1/libgen/Atomic_PolEc.C, line 58:

 No atomic polarizability available.


 Q-Chem warning in module /opt/software/qchem/qchem-5.0.1/libgen/Atomic_PolEc.C, line 73:

 No atomic polarizability available.


 Q-Chem warning in module /opt/software/qchem/qchem-5.0.1/libgen/Atomic_PolEc.C, line 58:

 No atomic polarizability available.


 Q-Chem warning in module /opt/software/qchem/qchem-5.0.1/libgen/Atomic_PolEc.C, line 73:

 No atomic polarizability available.

 A restricted hybrid HF-DFT SCF calculation will be
 performed using Pulay DIIS extrapolation
 Exchange:     0.2000 Hartree-Fock + 0.0800 Slater + 0.7200 B88
 Correlation:  0.1900 VWN1RPA + 0.8100 LYP
 Using SG-1 standard quadrature grid
 Dispersion:   Grimme D3
 SCF converges when DIIS error is below 1.0E-08
 using 4 threads for integral computing
 -------------------------------------------------------
 OpenMP Integral computing Module                
 Release: version 1.0, May 2013, Q-Chem Inc. Pittsburgh 
 -------------------------------------------------------
 -------------------------------------------------------
 OpenMP BLAS3 based DFT computing Module                
 Release: version 1.0, May 2013, Q-Chem Inc. Pittsburgh 
 -------------------------------------------------------
 ---------------------------------------
  Cycle       Energy         DIIS Error
 ---------------------------------------
    1    -390.4761026001      1.79E-02
    2    -388.4104692162      2.24E-03
    3    -388.3323932122      2.63E-03
    4    -388.6273079449      4.06E-04
    5    -388.6322505771      1.46E-04
    6    -388.6328983738      3.93E-05
    7    -388.6329428011      1.44E-05
    8    -388.6329504506      1.33E-06
    9    -388.6329505189      5.52E-07
   10    -388.6329505307      1.46E-07
   11    -388.6329505316      1.58E-08
   12    -388.6329505317      6.92E-09 Convergence criterion met
 ---------------------------------------
 SCF time:  CPU 717.10 s  wall 180.89 s
 SCF   energy in the final basis set = -388.63295053
 Total energy in the final basis set = -388.63295053
 
 --------------------------------------------------------------
 
                    Orbital Energies (a.u.)
 --------------------------------------------------------------
 
 Alpha MOs
 -- Occupied --
-19.115 -10.224 -10.221 -10.166 -10.166 -10.162 -10.161 -10.160
-10.151  -1.049  -0.799  -0.789  -0.749  -0.717  -0.652  -0.616
 -0.562  -0.556  -0.486  -0.474  -0.464  -0.444  -0.420  -0.410
 -0.407  -0.402  -0.384  -0.360  -0.346  -0.343  -0.340  -0.333
 -0.316  -0.299  -0.261
 -- Virtual --
 -0.010   0.002   0.008   0.012   0.023   0.025   0.027   0.032
  0.036   0.037   0.043   0.048   0.054   0.055   0.061   0.062
  0.063   0.066   0.071   0.074   0.078   0.082   0.084   0.089
  0.092   0.092   0.097   0.099   0.103   0.108   0.113   0.114
  0.119   0.120   0.121   0.123   0.125   0.129   0.130   0.137
  0.137   0.139   0.142   0.144   0.148   0.149   0.153   0.155
  0.158   0.161   0.162   0.164   0.165   0.167   0.168   0.170
  0.171   0.177   0.179   0.182   0.187   0.187   0.190   0.196
  0.197   0.199   0.200   0.202   0.206   0.210   0.210   0.211
  0.217   0.218   0.220   0.225   0.226   0.228   0.233   0.236
  0.239   0.244   0.244   0.247   0.251   0.253   0.255   0.259
  0.262   0.264   0.267   0.276   0.280   0.283   0.285   0.287
  0.290   0.293   0.300   0.302   0.305   0.314   0.319   0.325
  0.330   0.336   0.344   0.347   0.351   0.354   0.359   0.361
  0.370   0.373   0.381   0.383   0.385   0.388   0.393   0.394
  0.399   0.404   0.407   0.413   0.417   0.422   0.432   0.434
  0.437   0.446   0.452   0.456   0.462   0.465   0.477   0.483
  0.485   0.491   0.503   0.514   0.518   0.520   0.526   0.527
  0.535   0.550   0.555   0.559   0.567   0.575   0.581   0.583
  0.593   0.602   0.607   0.610   0.614   0.622   0.628   0.633
  0.636   0.644   0.645   0.648   0.654   0.658   0.660   0.669
  0.671   0.675   0.686   0.692   0.696   0.698   0.706   0.706
  0.717   0.721   0.723   0.731   0.732   0.738   0.741   0.749
  0.758   0.760   0.766   0.778   0.783   0.786   0.788   0.795
  0.805   0.810   0.812   0.820   0.831   0.837   0.844   0.860
  0.876   0.882   0.890   0.905   0.925   0.934   0.939   0.959
  0.971   0.983   1.001   1.005   1.013   1.038   1.044   1.055
  1.063   1.073   1.079   1.100   1.124   1.136   1.145   1.164
  1.172   1.182   1.184   1.188   1.198   1.234   1.241   1.245
  1.253   1.260   1.281   1.285   1.299   1.305   1.312   1.361
  1.364   1.370   1.427   1.435   1.451   1.455   1.463   1.477
  1.482   1.503   1.519   1.524   1.526   1.527   1.534   1.547
  1.556   1.579   1.583   1.586   1.595   1.598   1.601   1.610
  1.626   1.629   1.634   1.643   1.650   1.668   1.673   1.687
  1.695   1.707   1.715   1.719   1.724   1.729   1.730   1.734
  1.744   1.754   1.758   1.764   1.772   1.779   1.785   1.787
  1.792   1.795   1.806   1.818   1.826   1.833   1.844   1.855
  1.861   1.870   1.876   1.885   1.893   1.897   1.905   1.911
  1.924   1.931   1.939   1.943   1.956   1.962   1.965   1.969
  2.000   2.007   2.014   2.021   2.026   2.029   2.033   2.041
  2.059   2.074   2.076   2.090   2.101   2.114   2.119   2.132
  2.136   2.158   2.178   2.182   2.194   2.207   2.214   2.218
  2.240   2.252   2.271   2.279   2.287   2.306   2.314   2.337
  2.340   2.369   2.374   2.376   2.380   2.387   2.396   2.409
  2.412   2.418   2.432   2.458   2.459   2.467   2.474   2.477
  2.484   2.501   2.505   2.506   2.515   2.527   2.537   2.542
  2.552   2.556   2.562   2.570   2.574   2.581   2.593   2.603
  2.618   2.624   2.635   2.637   2.652   2.660   2.666   2.677
  2.697   2.707   2.727   2.736   2.757   2.769   2.775   2.776
  2.787   2.790   2.800   2.812   2.816   2.831   2.839   2.866
  2.869   2.889   2.899   2.899   2.921   2.927   2.945   2.947
  2.958   2.966   2.971   2.988   2.997   3.004   3.015   3.022
  3.057   3.074   3.078   3.116   3.120   3.122   3.147   3.153
  3.162   3.177   3.244   3.245   3.259   3.265   3.280   3.299
  3.316   3.330   3.334   3.339   3.344   3.356   3.393   3.474
  3.494   3.508   3.532   3.544   3.554   3.577   3.581   3.587
  3.616   3.622   3.626   3.644   3.669   3.689   3.695   3.710
  3.733   3.790   3.804   3.826   3.832   3.877   3.883   3.890
  3.905   3.920   3.955   3.971   3.984   4.027   4.091   4.099
  4.115   4.143   4.185   4.200   4.280   4.290   4.472   4.502
  4.573   4.657   4.675   4.722   4.834   4.842   4.856   4.876
  4.907   4.915   4.919   4.939   4.995   5.017   5.079   5.101
  5.171   5.218   5.390   5.528   5.686   5.759   7.378   7.411
  7.492   7.524   7.578   7.593   7.678   7.698   7.732   7.747
  7.792   7.822   7.830   7.851   7.949   7.998   8.140   8.187
  8.321   8.415   8.462   8.471   8.710   8.808   9.886   9.910
  9.962  10.010  10.026  10.038  10.052  10.131  13.619  13.930
 14.121  18.547  23.766  23.855  23.950  23.971  23.995  24.006
 24.019  24.056  49.983  69.840  69.895  70.011  70.035  70.050
 70.060  70.071  70.097 139.891
 --------------------------------------------------------------
 
          Ground-State Mulliken Net Atomic Charges

     Atom                 Charge (a.u.)
  ----------------------------------------
      1 C                    -0.425935
      2 C                    -0.542922
      3 C                     0.031779
      4 C                    -0.591718
      5 C                    -0.467997
      6 C                     0.052101
      7 O                    -0.002466
      8 H                     0.152928
      9 H                     0.140417
     10 H                     0.152647
     11 H                     0.141671
     12 C                    -0.016389
     13 C                    -0.065906
     14 H                     0.153964
     15 H                     0.145361
     16 H                     0.143176
     17 H                     0.149106
     18 H                     0.141685
     19 H                     0.139187
     20 H                     0.140959
     21 H                     0.149917
     22 H                     0.127060
     23 H                     0.154711
     24 GH                   -0.000376
     25 GH                    0.000020
     26 GH                    0.000907
     27 GH                   -0.004421
     28 GH                   -0.008810
     29 GH                   -0.001292
     30 GH                    0.000026
     31 GH                    0.003313
     32 GH                    0.002893
     33 GH                    0.004892
     34 GH                   -0.001072
     35 GH                    0.000409
     36 GH                    0.000153
     37 GH                   -0.000136
     38 GH                    0.000144
     39 GH                   -0.000006
     40 GH                   -0.000094
     41 GH                    0.000105
     42 GH                    0.000006
     43 GH                   -0.000051
     44 GH                    0.000007
     45 GH                   -0.000001
     46 GH                    0.000048
  ----------------------------------------
  Sum of atomic charges =     0.000000

 -----------------------------------------------------------------
                    Cartesian Multipole Moments
 -----------------------------------------------------------------
    Charge (ESU x 10^10)
                 0.0000
    Dipole Moment (Debye)
         X      -0.0330      Y       0.4306      Z       1.5091
       Tot       1.5697
    Quadrupole Moments (Debye-Ang)
        XX     -56.8096     XY       2.3130     YY     -52.3745
        XZ      10.1979     YZ       5.3235     ZZ     -48.0177
    Octopole Moments (Debye-Ang^2)
       XXX   -1169.6547    XXY    -172.5723    XYY    -365.3680
       YYY    -526.0392    XXZ    -140.3910    XYZ      33.5277
       YYZ    -183.4116    XZZ    -331.5987    YZZ    -157.0063
       ZZZ    -584.0090
    Hexadecapole Moments (Debye-Ang^3)
      XXXX  -16521.8884   XXXY   -3693.4650   XXYY   -3346.8412
      XYYY   -3585.7420   YYYY   -4220.4410   XXXZ   -3880.4344
      XXYZ    -452.2598   XYYZ   -1291.9130   YYYZ   -1840.5407
      XXZZ   -3197.7305   XYZZ   -1074.8167   YYZZ   -1436.7238
      XZZZ   -4041.5454   YZZZ   -1839.9307   ZZZZ   -4747.4317
 -----------------------------------------------------------------
Archival summary:
1\1\vega03.cac.cornell.edu\SP\ProcedureUnspecified\BasisUnspecified\1814h23\jj585\TueApr1700:41:012018TueApr1700:41:012018\0\\#,ProcedureUnspecified,BasisUnspecified,\\0,1\O\C,1,1.43358\C,1,1.43646,2,98.0224\C,3,1.51218,1,111.091,2,-178.393,0\H,4,1.09134,3,111.033,1,-57.0184,0\H,4,1.09192,3,109.775,1,62.6469,0\H,4,1.09264,3,110.458,1,-177.522,0\C,2,1.513,1,109.807,3,-177.944,0\H,8,1.07,2,109.471,1,-64.7983,0\H,8,1.07,2,109.471,1,55.2018,0\H,8,1.07,2,109.471,1,175.202,0\C,2,1.54115,1,102.483,3,57.1986,0\H,12,1.09096,2,110.128,1,81.1589,0\H,12,1.09186,2,112.95,1,-157.962,0\C,2,1.54738,1,103.124,3,-55.9256,0\H,15,1.07,2,113.95,1,155.255,0\H,15,1.07,2,111.379,1,-86.5463,0\C,3,1.55466,1,102.371,2,-54.4128,0\H,18,1.09132,3,109.614,1,-87.4148,0\H,18,1.09187,3,112.355,1,152.676,0\C,15,1.5685,2,101.696,1,32.1918,0\H,21,1.07,15,111.7,2,120.458,0\H,21,1.07,15,114.71,2,-121.541,0\Gh,23,3.62778,21,142.995,15,57.6651,0\Gh,24,1.09187,23,133.682,21,7.33719,0\Gh,25,1.09132,24,107.862,23,58.7409,0\Gh,25,1.55466,24,112.355,23,179.662,0\Gh,27,1.43646,25,102.371,24,152.676,0\Gh,28,1.43358,27,98.0224,25,-54.4128,0\Gh,27,1.51218,25,115.611,24,-86.4144,0\Gh,30,1.09134,27,111.033,25,-173.092,0\Gh,30,1.09192,27,109.775,25,-53.4265,0\Gh,30,1.09264,27,110.458,25,66.4047,0\Gh,29,1.513,28,109.807,27,-177.944,0\Gh,34,1.07,29,109.471,28,-64.7983,0\Gh,34,1.07,29,109.471,28,55.2018,0\Gh,34,1.07,29,109.471,28,175.202,0\Gh,29,1.54115,28,102.483,27,57.1986,0\Gh,38,1.09096,29,110.128,28,81.1589,0\Gh,38,1.09186,29,112.95,28,-157.962,0\Gh,29,1.54738,28,103.124,27,-55.9256,0\Gh,41,1.07,29,113.95,28,155.255,0\Gh,41,1.07,29,111.379,28,-86.5463,0\Gh,41,1.5685,29,101.696,28,32.1918,0\Gh,44,1.07,41,111.7,29,120.458,0\Gh,44,1.07,41,114.71,29,-121.541,0\\\@

 Total job time:  181.83s(wall), 719.83s(cpu) 
 Tue Apr 17 00:41:01 2018

        *************************************************************
        *                                                           *
        *  Thank you very much for using Q-Chem.  Have a nice day.  *
        *                                                           *
        *************************************************************


0 sent ACK to 0 
now end server 0 ... 
