mFile = /opt/software/qchem/qchem-5.0.1//bin/mpi/machines
Process 0 of 1 is on vega03.cac.cornell.edu - thread support 0
initial socket setup ...start
initial socket setup ...done 
now start server 0 ... 
vega03 10.84.3
Q-Chem Developer Version! Running on 10.84.3.*
                  Welcome to Q-Chem
     A Quantum Leap Into The Future Of Chemistry


 Q-Chem 5.0, Q-Chem, Inc., Pleasanton, CA (2017)

 Yihan Shao,  Zhengting Gan,  E. Epifanovsky,  A. T. B. Gilbert,  M. Wormit,  
 J. Kussmann,  A. W. Lange,  A. Behn,  Jia Deng,  Xintian Feng,  D. Ghosh,  
 M. Goldey,  P. R. Horn,  L. D. Jacobson,  I. Kaliman,  T. Kus,  A. Landau,  
 Jie Liu,  E. I. Proynov,  R. M. Richard,  R. P. Steele,  E. J. Sundstrom,  
 H. L. Woodcock III,  P. M. Zimmerman,  D. Zuev,  B. Albrecht,  E. Alguire,  
 S. A. Baeppler,  Z. Benda,  Y. A. Bernard,  E. J. Berquist,  K. B. Bravaya,  
 D. Casanova,  Chun-Min Chang,  Yunqing Chen,  A. Chien,  K. D. Closser,  
 M. P. Coons,  S. Dasgupta,  M. Diedenhofen,  Hainam Do,  R. G. Edgar,  
 Po-Tung Fang,  S. Fatehi,  Qingguo Feng,  Qinghui Ge,  A. Ghysels,  
 J. Gomes,  J. Gonthier,  A. Gunina,  M. W. D. Hanson-Heine,  
 P. H. P. Harbach,  A. W. Hauser,  J. E. Herr,  E. G. Hohenstein,  
 Z. C. Holden,  Kerwin Hui,  T.-C. Jagau,  Hyunjun Ji,  B. Kaduk,  
 K. Khistyaev,  Jaehoon Kim,  P. Klunzinger,  K. Koh,  D. Kosenkov,  
 T. Kowalczyk,  C. M. Krauter,  A. Kunitsa,  Ka Un Lao,  A. Laurent,  
 K. V. Lawler,  Joonho Lee,  D. Lefrancois,  S. Lehtola,  D. S. Levine,  
 Yi-Pei Li,  You-Sheng Lin,  Fenglai Liu,  E. Livshits,  A. Luenser,  
 P. Manohar,  E. Mansoor,  S. F. Manzer,  Shan-Ping Mao,  Yuezhi Mao,  
 N. Mardirossian,  A. V. Marenich,  L. A. Martinez-Martinez,  S. A. Maurer,  
 N. J. Mayhall,  S. C. McKenzie,  J.-M. Mewes,  A. F. Morrison,  K. Nanda,  
 T. S. Nguyen-Beck,  R. Olivares-Amaya,  J. A. Parkhill,  T. M. Perrine,  
 F. Plasser,  S. Prager,  A. Prociuk,  D. R. Rehn,  F. Rob,  M. Schneider,  
 N. Sergueev,  S. M. Sharada,  S. Sharma,  D. W. Small,  T. Stauch,  
 T. Stein,  Yu-Chuan Su,  A. J. W. Thom,  T. Tsuchimochi,  L. Vogt,  
 O. Vydrov,  M. A. Watson,  J. Wenzel,  M. de Wergifosse,  T. A. Wesolowski,  
 A. White,  J. Witte,  A. Yamada,  Jun Yang,  K. Yao,  S. Yeganeh,  
 S. R. Yost,  Zhi-Qiang You,  A. Zech,  Igor Ying Zhang,  Xing Zhang,  
 Yan Zhao,  Ying Zhu,  B. R. Brooks,  G. K. L. Chan,  C. J. Cramer,  
 M. S. Gordon,  W. J. Hehre,  A. Klamt,  M. W. Schmidt,  C. D. Sherrill,  
 D. G. Truhlar,  A. Aspuru-Guzik,  R. Baer,  A. T. Bell,  N. A. Besley,  
 Jeng-Da Chai,  A. Dreuw,  B. D. Dunietz,  T. R. Furlani,  Chao-Ping Hsu,  
 Yousung Jung,  Jing Kong,  D. S. Lambrecht,  WanZhen Liang,  C. Ochsenfeld,  
 V. A. Rassolov,  L. V. Slipchenko,  J. E. Subotnik,  T. Van Voorhis,  
 J. M. Herbert,  A. I. Krylov,  P. M. W. Gill,  M. Head-Gordon

 Contributors to earlier versions of Q-Chem not listed above: 
 R. D. Adamson,  B. Austin,  J. Baker,  G. J. O. Beran,  K. Brandhorst,  
 S. T. Brown,  E. F. C. Byrd,  A. K. Chakraborty,  C.-L. Cheng,  
 Siu Hung Chien,  D. M. Chipman,  D. L. Crittenden,  H. Dachsel,  
 R. A. DiStasio Jr.,  R. J. Doerksen,  A. D. Dutoi,  L. Fusti-Molnar,  
 W. A. Goddard III,  A. Golubeva-Zadorozhnaya,  S. R. Gwaltney,  G. Hawkins,  
 A. Heyden,  S. Hirata,  G. Kedziora,  F. J. Keil,  C. Kelley,  Jihan Kim,  
 R. A. King,  R. Z. Khaliullin,  P. P. Korambath,  W. Kurlancheek,  
 A. M. Lee,  M. S. Lee,  S. V. Levchenko,  Ching Yeh Lin,  D. Liotard,  
 R. C. Lochan,  I. Lotan,  P. E. Maslen,  N. Nair,  D. P. O'Neill,  
 D. Neuhauser,  E. Neuscamman,  C. M. Oana,  R. Olson,  B. Peters,  
 R. Peverati,  P. A. Pieniazek,  Y. M. Rhee,  J. Ritchie,  M. A. Rohrdanz,  
 E. Rosta,  N. J. Russ,  H. F. Schaefer III,  N. E. Schultz,  N. Shenvi,  
 A. C. Simmonett,  A. Sodt,  D. Stuck,  K. S. Thanthiriwatte,  V. Vanovschi,  
 Tao Wang,  A. Warshel,  C. F. Williams,  Q. Wu,  X. Xu,  W. Zhang

 Please cite Q-Chem as follows:
 Y. Shao et al., Mol. Phys. 113, 184-215 (2015)
 DOI: 10.1080/00268976.2014.952696

 Q-Chem 5.0.1 for Intel X86 EM64T Linux

 Parts of Q-Chem use Armadillo 5.200.1 (Boston Tea Smuggler).
 http://arma.sourceforge.net/

 Q-Chem begins on Tue Apr 17 01:15:13 2018  

Host: vega03.cac.cornell.edu
0

     Scratch files written to /scratch/jj585/vdw/01n10_distance_4.900_11.save//
 Parallel job on  1  processors

Checking the input file for inconsistencies... 	...done.

--------------------------------------------------------------
User input:
--------------------------------------------------------------
$molecule
0  1
--
0  1
C        -0.54444000        -0.68370000        -0.06689000
C        -0.55709000        +0.71878000        +0.05493000
C        -1.74320000        -1.41616000        -0.12552000
C        -2.93952000        -0.70056000        -0.05285000
C        -2.95313000        +0.68255000        +0.06934000
C        -1.77161000        +1.42404000        +0.12810000
H        -3.90354000        +1.20325000        +0.11710000
H        -3.87892000        -1.24211000        -0.08988000
C        -1.83960000        +2.92746000        +0.24839000
C        -1.78103000        -2.92226000        -0.24590000
H        -1.39752000        -3.25223000        -1.21323000
H        -2.80572000        -3.28175000        -0.13627000
H        -1.16958000        -3.40777000        +0.51926000
H        -1.24214000        +3.42352000        -0.52065000
H        -1.45503000        +3.26427000        +1.21284000
H        -2.87211000        +3.26623000        +0.14638000
H        +0.35825000        -1.18166000        -0.11386000
H        +0.33551000        +1.23549000        +0.09097000
--
0  1
C        -2.03776000        +0.12574000        +4.52928000
C        -2.05041000        +1.52822000        +4.65110000
C        -3.23652000        -0.60672000        +4.47065000
C        -4.43284000        +0.10888000        +4.54332000
C        -4.44645000        +1.49199000        +4.66551000
C        -3.26493000        +2.23348000        +4.72427000
H        -5.39686000        +2.01269000        +4.71327000
H        -5.37224000        -0.43267000        +4.50629000
C        -3.33292000        +3.73690000        +4.84456000
C        -3.27435000        -2.11282000        +4.35027000
H        -2.89084000        -2.44279000        +3.38294000
H        -4.29904000        -2.47231000        +4.45990000
H        -2.66290000        -2.59833000        +5.11543000
H        -2.73546000        +4.23296000        +4.07552000
H        -2.94835000        +4.07371000        +5.80901000
H        -4.36543000        +4.07567000        +4.74255000
H        -1.13507000        -0.37222000        +4.48231000
H        -1.15781000        +2.04493000        +4.68714000
$end

$rem
JOBTYPE                   SP
METHOD                    B3LYP
DFT_D                     d3_op
BASIS                     6-311++G(d,p)
SYMMETRY                  False
THRESH                    12
SCF_CONVERGENCE           8
MAX_SUB_FILE_NUM          128
MEM_STATIC                400
MEM_TOTAL                 4000
$end
--------------------------------------------------------------
 Adding empirical dispersion correction 
 ----------------------------------------------------------------
 Doing -D3(op) with
 s6 =   1.00000
 s8 =   0.78311
 a1 =   0.30000
 a2 =   4.25000
 n  =  10.00000
 -D3 energy without 3body term =     -0.0330487839 hartrees
 ----------------------------------------------------------------
             Standard Nuclear Orientation (Angstroms)
    I     Atom           X                Y                Z
 ----------------------------------------------------------------
    1      C       3.0967073435     0.2623440523     1.0161982132
    2      C       2.4096661962     1.4905224782     0.9774361003
    3      C       3.0697190317    -0.6172412126    -0.0804156928
    4      C       2.3335526383    -0.2277193388    -1.2006288789
    5      C       1.6538883240     0.9825208447    -1.2391518386
    6      C       1.6715806242     1.8668898339    -0.1589536431
    7      H       1.0972971455     1.2521619356    -2.1303244469
    8      H       2.2913983866    -0.8907742769    -2.0583591112
    9      C       0.9266571466     3.1765702665    -0.2548191608
   10      C       3.7823301394    -1.9500728029    -0.0826572470
   11      H       4.8660790482    -1.8200124528    -0.0665309308
   12      H       3.5127649036    -2.5181040948    -0.9747987314
   13      H       3.5228417836    -2.5524446150     0.7919140087
   14      H       1.5677649698     4.0269786984    -0.0093751655
   15      H       0.0856675654     3.2043766400     0.4404952956
   16      H       0.5470946726     3.3196285076    -1.2680884838
   17      H       3.6281308624     0.0037359011     1.8622067512
   18      H       2.4481070700     2.1221765890     1.7926405221
   19      C      -1.6354221417    -0.9807803463     1.2837214262
   20      C      -2.3224632890     0.2473980796     1.2449593133
   21      C      -1.6624104535    -1.8603656112     0.1871075202
   22      C      -2.3985768469    -1.4708437374    -0.9331056659
   23      C      -3.0782411613    -0.2606035539    -0.9716286256
   24      C      -3.0605488610     0.6237654353     0.1085695699
   25      H      -3.6348323397     0.0090375370    -1.8628012339
   26      H      -2.4407310986    -2.1338986755    -1.7908358982
   27      C      -3.8054723386     1.9334458679     0.0127040522
   28      C      -0.9497993458    -3.1931972015     0.1848659660
   29      H       0.1339495629    -3.0631368514     0.2009922822
   30      H      -1.2193645816    -3.7612284934    -0.7072755184
   31      H      -1.2092877016    -3.7955690136     1.0594372217
   32      H      -3.1643645154     2.7838542998     0.2581480475
   33      H      -4.6464619199     1.9612522414     0.7080185086
   34      H      -4.1850348127     2.0765041090    -1.0005652708
   35      H      -1.1039986229    -1.2393884976     2.1297299642
   36      H      -2.2840224152     0.8790521904     2.0601637351
 ----------------------------------------------------------------
 Molecular Point Group                 C1    NOp =  1
 Largest Abelian Subgroup              C1    NOp =  1
 Nuclear Repulsion Energy =  1001.2687607852 hartrees
 There are       58 alpha and       58 beta electrons
 Requested basis set is 6-311++G(d,p)
 There are 196 shells and 492 basis functions

 Total QAlloc Memory Limit   4000 MB
 Mega-Array Size       392 MB
 MEM_STATIC part       400 MB
 A cutoff of  1.0D-12 yielded  15203 shell pairs
 There are     95803 function pairs (    101597 Cartesian)
 
 -------------------------------------------------------
 OpenMP Integral Computing Module                       
 Release: version 1.0, May 2013, Q-Chem Inc. Pittsburgh 
 -------------------------------------------------------
 Integral Job Info:
 Integral job number is                      11
 Integral operator is                         1
 short-range coefficients                     0
 long-range coefficients              100000000
 Omega coefficients                           0
 if combine SR and LR in K                    0
 Integral screening is                        0
 Integral computing path is                   2
 max size of driver memory is            800000
 size of driver memory is                593474
 size of scratch memory is              2361544
 max col of scratch BK array               1296
 max len of scratch array in speh3          155
 max len of scratch index in speh4           18
 max int batch size is                      520
 min int batch size is                       52
 fixed nKL is                                52
 max L of basis functions is                  2
 order of int derivative is                   0
 number of shells is                        196
 number of basis is                         508
 number of cartesian basis is               508
 number of contracted shell pairs         15203
 number of primitive shell pairs          32540
 maxK2 (contraction) of shell pair           36
 max number of K2 of shell pair               1
 max number of CS2 of shell pair           2923
 max number of PS2 of shell pair           4752
 mem total for path MDJ                  152248
 -------------------------------------------------------
 Smallest overlap matrix eigenvalue = 5.63E-07
 Linear dependence detected in AO basis
 Number of orthogonalized atomic orbitals = 490
 Maximum deviation from orthogonality = 7.123E-11

 Scale SEOQF with 1.000000e-01/1.000000e-01/1.000000e-01

 Standard Electronic Orientation quadrupole field applied
 Nucleus-field energy     =     0.0000000435 hartrees
 Guess from superposition of atomic densities
 Warning:  Energy on first SCF cycle will be non-variational
 A restricted hybrid HF-DFT SCF calculation will be
 performed using Pulay DIIS extrapolation
 Exchange:     0.2000 Hartree-Fock + 0.0800 Slater + 0.7200 B88
 Correlation:  0.1900 VWN1RPA + 0.8100 LYP
 Using SG-1 standard quadrature grid
 Dispersion:   Grimme D3
 SCF converges when DIIS error is below 1.0E-08
 using 4 threads for integral computing
 -------------------------------------------------------
 OpenMP Integral computing Module                
 Release: version 1.0, May 2013, Q-Chem Inc. Pittsburgh 
 -------------------------------------------------------
 -------------------------------------------------------
 OpenMP BLAS3 based DFT computing Module                
 Release: version 1.0, May 2013, Q-Chem Inc. Pittsburgh 
 -------------------------------------------------------
 ---------------------------------------
  Cycle       Energy         DIIS Error
 ---------------------------------------
    1    -625.3087939753      2.83E-02
    2    -621.5977709708      3.27E-03
    3    -621.5431049684      3.51E-03
    4    -621.9518437637      2.92E-04
    5    -621.9534060972      1.87E-04
    6    -621.9543649305      5.45E-05
    7    -621.9544469642      2.32E-05
    8    -621.9544639735      2.82E-06
    9    -621.9544641583      1.37E-06
   10    -621.9544642132      3.74E-07
   11    -621.9544642174      1.25E-07
   12    -621.9544642178      2.57E-08
   13    -621.9544642178      6.94E-09 Convergence criterion met
 ---------------------------------------
 SCF time:  CPU 527.98 s  wall 132.50 s
 SCF   energy in the final basis set = -621.95446422
 Total energy in the final basis set = -621.95446422
 
 --------------------------------------------------------------
 
                    Orbital Energies (a.u.)
 --------------------------------------------------------------
 
 Alpha MOs
 -- Occupied --
-10.178 -10.177 -10.177 -10.177 -10.166 -10.166 -10.165 -10.165
-10.165 -10.165 -10.165 -10.165 -10.164 -10.164 -10.164 -10.164
 -0.856  -0.855  -0.785  -0.785  -0.743  -0.742  -0.719  -0.718
 -0.656  -0.655  -0.610  -0.609  -0.574  -0.574  -0.493  -0.493
 -0.470  -0.469  -0.457  -0.457  -0.424  -0.421  -0.418  -0.418
 -0.416  -0.413  -0.402  -0.402  -0.395  -0.395  -0.374  -0.373
 -0.344  -0.341  -0.340  -0.340  -0.336  -0.336  -0.250  -0.248
 -0.234  -0.233
 -- Virtual --
 -0.014  -0.012  -0.011  -0.008  -0.007  -0.004   0.004   0.012
  0.013   0.017   0.023   0.026   0.032   0.039   0.042   0.044
  0.048   0.055   0.056   0.060   0.061   0.069   0.072   0.073
  0.077   0.084   0.085   0.092   0.093   0.101   0.101   0.105
  0.111   0.114   0.117   0.120   0.121   0.122   0.125   0.128
  0.130   0.133   0.134   0.137   0.143   0.143   0.145   0.145
  0.149   0.151   0.155   0.158   0.161   0.161   0.162   0.166
  0.168   0.169   0.174   0.178   0.179   0.181   0.182   0.185
  0.187   0.196   0.197   0.206   0.207   0.209   0.213   0.214
  0.215   0.224   0.228   0.230   0.235   0.238   0.241   0.244
  0.248   0.249   0.253   0.259   0.260   0.264   0.266   0.272
  0.273   0.278   0.285   0.290   0.293   0.294   0.300   0.302
  0.303   0.310   0.314   0.317   0.319   0.324   0.328   0.331
  0.334   0.339   0.343   0.346   0.352   0.358   0.367   0.370
  0.379   0.385   0.388   0.389   0.395   0.400   0.429   0.434
  0.470   0.480   0.488   0.492   0.508   0.519   0.528   0.538
  0.540   0.542   0.552   0.556   0.559   0.563   0.567   0.576
  0.577   0.582   0.586   0.594   0.604   0.606   0.612   0.619
  0.625   0.637   0.639   0.645   0.650   0.653   0.656   0.662
  0.667   0.674   0.678   0.680   0.690   0.694   0.701   0.705
  0.711   0.719   0.723   0.724   0.726   0.741   0.746   0.758
  0.766   0.773   0.779   0.781   0.787   0.792   0.796   0.803
  0.807   0.816   0.820   0.834   0.840   0.845   0.857   0.886
  0.890   0.899   0.907   0.912   0.919   0.922   0.927   0.940
  0.948   0.954   0.964   0.971   0.972   0.976   0.989   0.996
  1.008   1.018   1.022   1.027   1.030   1.036   1.044   1.048
  1.085   1.098   1.101   1.108   1.118   1.127   1.131   1.138
  1.153   1.154   1.334   1.338   1.339   1.343   1.372   1.375
  1.384   1.387   1.424   1.427   1.455   1.460   1.467   1.470
  1.477   1.479   1.482   1.489   1.544   1.547   1.551   1.554
  1.556   1.560   1.573   1.575   1.581   1.585   1.593   1.604
  1.615   1.617   1.623   1.624   1.627   1.630   1.637   1.647
  1.653   1.662   1.679   1.686   1.699   1.707   1.736   1.739
  1.747   1.750   1.793   1.798   1.809   1.811   1.832   1.838
  1.847   1.847   1.855   1.859   1.864   1.870   1.910   1.916
  1.917   1.928   1.946   1.951   1.952   1.954   1.982   1.984
  1.987   1.991   2.021   2.031   2.042   2.046   2.093   2.095
  2.102   2.104   2.136   2.143   2.154   2.158   2.164   2.166
  2.216   2.223   2.234   2.237   2.305   2.311   2.315   2.316
  2.330   2.334   2.426   2.428   2.429   2.430   2.451   2.453
  2.483   2.493   2.500   2.501   2.505   2.516   2.537   2.546
  2.560   2.568   2.574   2.581   2.588   2.596   2.602   2.609
  2.640   2.641   2.658   2.664   2.665   2.675   2.694   2.694
  2.716   2.720   2.740   2.750   2.758   2.766   2.768   2.776
  2.781   2.789   2.807   2.810   2.818   2.821   2.837   2.853
  2.875   2.894   2.912   2.923   2.940   2.949   2.957   2.962
  2.969   2.977   2.988   3.002   3.015   3.018   3.029   3.034
  3.111   3.116   3.184   3.186   3.194   3.201   3.241   3.247
  3.373   3.379   3.447   3.453   3.532   3.534   3.617   3.617
  3.685   3.689   3.726   3.744   3.794   3.795   3.801   3.802
  3.856   3.856   3.875   3.878   4.053   4.055   4.195   4.198
  4.219   4.221   4.296   4.298   4.385   4.387   4.849   4.850
 23.642  23.675  23.934  23.939  23.954  23.957  24.007  24.009
 24.016  24.028  24.087  24.089  24.118  24.119  24.201  24.202
 --------------------------------------------------------------
 
          Ground-State Mulliken Net Atomic Charges

     Atom                 Charge (a.u.)
  ----------------------------------------
      1 C                    -0.201575
      2 C                    -0.383064
      3 C                     0.507950
      4 C                    -0.427443
      5 C                    -0.357701
      6 C                     0.668426
      7 H                     0.148439
      8 H                     0.145411
      9 C                    -0.679202
     10 C                    -0.651470
     11 H                     0.156165
     12 H                     0.140638
     13 H                     0.150215
     14 H                     0.143172
     15 H                     0.166469
     16 H                     0.137610
     17 H                     0.163217
     18 H                     0.166786
     19 C                    -0.376945
     20 C                    -0.225047
     21 C                     0.672164
     22 C                    -0.450934
     23 C                    -0.486463
     24 C                     0.605374
     25 H                     0.148203
     26 H                     0.156229
     27 C                    -0.622697
     28 C                    -0.657821
     29 H                     0.190272
     30 H                     0.135513
     31 H                     0.146078
     32 H                     0.151354
     33 H                     0.159812
     34 H                     0.141380
     35 H                     0.155143
     36 H                     0.164345
  ----------------------------------------
  Sum of atomic charges =    -0.000000

 -----------------------------------------------------------------
                    Cartesian Multipole Moments
 -----------------------------------------------------------------
    Charge (ESU x 10^10)
                -0.0000
    Dipole Moment (Debye)
         X       0.0752      Y       0.0429      Z       0.1429
       Tot       0.1671
    Quadrupole Moments (Debye-Ang)
        XX    -101.5722     XY      -5.9329     YY     -93.2456
        XZ       4.0535     YZ       2.1129     ZZ     -94.0242
    Octopole Moments (Debye-Ang^2)
       XXX       3.2107    XXY       0.8501    XYY       0.7828
       YYY       0.8011    XXZ       2.1529    XYZ       0.1565
       YYZ       1.0808    XZZ      -1.3893    YZZ      -0.6124
       ZZZ       0.4304
    Hexadecapole Moments (Debye-Ang^3)
      XXXX   -4078.9091   XXXY    -124.7507   XXYY   -1007.8871
      XYYY       8.1207   YYYY   -1967.1716   XXXZ      71.2902
      XXYZ      22.8077   XYYZ       9.9773   YYYZ      12.1305
      XXZZ    -744.4273   XYZZ      -6.2863   YYZZ    -412.4168
      XZZZ      22.2951   YZZZ       8.7033   ZZZZ    -573.9254
 -----------------------------------------------------------------
Archival summary:
1\1\vega03.cac.cornell.edu\SP\ProcedureUnspecified\BasisUnspecified\1620\jj585\TueApr1701:17:262018TueApr1701:17:262018\0\\#,ProcedureUnspecified,BasisUnspecified,\\0,1\C\C,1,1.3959\H,2,1.08495,1,118.972\C,2,1.38856,1,121.575,3,179.801,0\H,4,1.08475,2,119.38,1,179.653,0\C,4,1.39616,2,121.629,1,-0.129654,0\C,1,1.40604,2,117.481,3,-179.641,0\H,7,1.032,1,119.504,2,179.742,0\C,6,1.40634,4,117.536,2,0.183585,0\H,9,1.032,6,119.607,4,179.72,0\C,6,1.50976,4,119.611,2,179.442,0\H,11,1.09144,6,110.135,4,-7.24194,0\H,11,1.09156,6,111.21,4,113.289,0\H,11,1.09291,6,111.796,4,-127.427,0\C,1,1.51138,2,119.574,3,-0.333436,0\H,15,1.09144,1,110.104,2,-7.00566,0\H,15,1.09164,1,111.284,2,113.49,0\H,15,1.09319,1,111.89,2,-127.081,0\H,14,3.28219,11,133.87,6,17.5333,0\C,19,1.09156,14,136.406,11,64.6476,0\H,20,1.09144,19,108.669,14,20.7302,0\H,20,1.09291,19,106.802,14,137.115,0\C,20,1.50976,19,111.21,14,-100.661,0\C,23,1.39616,20,119.611,19,113.289,0\H,24,1.08475,23,118.991,20,-0.341033,0\C,24,1.38856,23,121.629,20,179.442,0\H,26,1.08495,24,119.453,23,179.671,0\C,26,1.3959,24,121.575,23,-0.129654,0\C,28,1.40604,26,117.481,24,0.160349,0\H,29,1.032,28,119.504,26,179.742,0\C,23,1.40634,20,122.848,19,-67.4939,0\H,31,1.032,23,119.607,20,0.487832,0\C,28,1.51138,26,119.574,24,179.468,0\H,33,1.09144,28,110.104,26,-7.00566,0\H,33,1.09164,28,111.284,26,113.49,0\H,33,1.09319,28,111.89,26,-127.081,0\\\@

 Total job time:  133.29s(wall), 530.52s(cpu) 
 Tue Apr 17 01:17:26 2018

        *************************************************************
        *                                                           *
        *  Thank you very much for using Q-Chem.  Have a nice day.  *
        *                                                           *
        *************************************************************


0 sent ACK to 0 
now end server 0 ... 
