mFile = /opt/software/qchem/qchem-5.0.1//bin/mpi/machines
Process 0 of 1 is on vega03.cac.cornell.edu - thread support 0
initial socket setup ...start
initial socket setup ...done 
now start server 0 ... 
vega03 10.84.3
Q-Chem Developer Version! Running on 10.84.3.*
                  Welcome to Q-Chem
     A Quantum Leap Into The Future Of Chemistry


 Q-Chem 5.0, Q-Chem, Inc., Pleasanton, CA (2017)

 Yihan Shao,  Zhengting Gan,  E. Epifanovsky,  A. T. B. Gilbert,  M. Wormit,  
 J. Kussmann,  A. W. Lange,  A. Behn,  Jia Deng,  Xintian Feng,  D. Ghosh,  
 M. Goldey,  P. R. Horn,  L. D. Jacobson,  I. Kaliman,  T. Kus,  A. Landau,  
 Jie Liu,  E. I. Proynov,  R. M. Richard,  R. P. Steele,  E. J. Sundstrom,  
 H. L. Woodcock III,  P. M. Zimmerman,  D. Zuev,  B. Albrecht,  E. Alguire,  
 S. A. Baeppler,  Z. Benda,  Y. A. Bernard,  E. J. Berquist,  K. B. Bravaya,  
 D. Casanova,  Chun-Min Chang,  Yunqing Chen,  A. Chien,  K. D. Closser,  
 M. P. Coons,  S. Dasgupta,  M. Diedenhofen,  Hainam Do,  R. G. Edgar,  
 Po-Tung Fang,  S. Fatehi,  Qingguo Feng,  Qinghui Ge,  A. Ghysels,  
 J. Gomes,  J. Gonthier,  A. Gunina,  M. W. D. Hanson-Heine,  
 P. H. P. Harbach,  A. W. Hauser,  J. E. Herr,  E. G. Hohenstein,  
 Z. C. Holden,  Kerwin Hui,  T.-C. Jagau,  Hyunjun Ji,  B. Kaduk,  
 K. Khistyaev,  Jaehoon Kim,  P. Klunzinger,  K. Koh,  D. Kosenkov,  
 T. Kowalczyk,  C. M. Krauter,  A. Kunitsa,  Ka Un Lao,  A. Laurent,  
 K. V. Lawler,  Joonho Lee,  D. Lefrancois,  S. Lehtola,  D. S. Levine,  
 Yi-Pei Li,  You-Sheng Lin,  Fenglai Liu,  E. Livshits,  A. Luenser,  
 P. Manohar,  E. Mansoor,  S. F. Manzer,  Shan-Ping Mao,  Yuezhi Mao,  
 N. Mardirossian,  A. V. Marenich,  L. A. Martinez-Martinez,  S. A. Maurer,  
 N. J. Mayhall,  S. C. McKenzie,  J.-M. Mewes,  A. F. Morrison,  K. Nanda,  
 T. S. Nguyen-Beck,  R. Olivares-Amaya,  J. A. Parkhill,  T. M. Perrine,  
 F. Plasser,  S. Prager,  A. Prociuk,  D. R. Rehn,  F. Rob,  M. Schneider,  
 N. Sergueev,  S. M. Sharada,  S. Sharma,  D. W. Small,  T. Stauch,  
 T. Stein,  Yu-Chuan Su,  A. J. W. Thom,  T. Tsuchimochi,  L. Vogt,  
 O. Vydrov,  M. A. Watson,  J. Wenzel,  M. de Wergifosse,  T. A. Wesolowski,  
 A. White,  J. Witte,  A. Yamada,  Jun Yang,  K. Yao,  S. Yeganeh,  
 S. R. Yost,  Zhi-Qiang You,  A. Zech,  Igor Ying Zhang,  Xing Zhang,  
 Yan Zhao,  Ying Zhu,  B. R. Brooks,  G. K. L. Chan,  C. J. Cramer,  
 M. S. Gordon,  W. J. Hehre,  A. Klamt,  M. W. Schmidt,  C. D. Sherrill,  
 D. G. Truhlar,  A. Aspuru-Guzik,  R. Baer,  A. T. Bell,  N. A. Besley,  
 Jeng-Da Chai,  A. Dreuw,  B. D. Dunietz,  T. R. Furlani,  Chao-Ping Hsu,  
 Yousung Jung,  Jing Kong,  D. S. Lambrecht,  WanZhen Liang,  C. Ochsenfeld,  
 V. A. Rassolov,  L. V. Slipchenko,  J. E. Subotnik,  T. Van Voorhis,  
 J. M. Herbert,  A. I. Krylov,  P. M. W. Gill,  M. Head-Gordon

 Contributors to earlier versions of Q-Chem not listed above: 
 R. D. Adamson,  B. Austin,  J. Baker,  G. J. O. Beran,  K. Brandhorst,  
 S. T. Brown,  E. F. C. Byrd,  A. K. Chakraborty,  C.-L. Cheng,  
 Siu Hung Chien,  D. M. Chipman,  D. L. Crittenden,  H. Dachsel,  
 R. A. DiStasio Jr.,  R. J. Doerksen,  A. D. Dutoi,  L. Fusti-Molnar,  
 W. A. Goddard III,  A. Golubeva-Zadorozhnaya,  S. R. Gwaltney,  G. Hawkins,  
 A. Heyden,  S. Hirata,  G. Kedziora,  F. J. Keil,  C. Kelley,  Jihan Kim,  
 R. A. King,  R. Z. Khaliullin,  P. P. Korambath,  W. Kurlancheek,  
 A. M. Lee,  M. S. Lee,  S. V. Levchenko,  Ching Yeh Lin,  D. Liotard,  
 R. C. Lochan,  I. Lotan,  P. E. Maslen,  N. Nair,  D. P. O'Neill,  
 D. Neuhauser,  E. Neuscamman,  C. M. Oana,  R. Olson,  B. Peters,  
 R. Peverati,  P. A. Pieniazek,  Y. M. Rhee,  J. Ritchie,  M. A. Rohrdanz,  
 E. Rosta,  N. J. Russ,  H. F. Schaefer III,  N. E. Schultz,  N. Shenvi,  
 A. C. Simmonett,  A. Sodt,  D. Stuck,  K. S. Thanthiriwatte,  V. Vanovschi,  
 Tao Wang,  A. Warshel,  C. F. Williams,  Q. Wu,  X. Xu,  W. Zhang

 Please cite Q-Chem as follows:
 Y. Shao et al., Mol. Phys. 113, 184-215 (2015)
 DOI: 10.1080/00268976.2014.952696

 Q-Chem 5.0.1 for Intel X86 EM64T Linux

 Parts of Q-Chem use Armadillo 5.200.1 (Boston Tea Smuggler).
 http://arma.sourceforge.net/

 Q-Chem begins on Mon Apr 16 23:06:28 2018  

Host: vega03.cac.cornell.edu
0

     Scratch files written to /scratch/jj585/vdw/0000_distance_5.600_01.save//
 Parallel job on  1  processors

Checking the input file for inconsistencies... 	...done.

--------------------------------------------------------------
User input:
--------------------------------------------------------------
$molecule
0  1
C        +4.01529000        +3.25277000        +4.06467000
C        +4.41885000        +1.79436000        +4.47743000
C        +5.12267000        +3.60763000        +3.04381000
C        +6.42329000        +3.92489000        +3.80727000
C        +6.83595000        +2.50140000        +4.28172000
C        +5.73682000        +1.61490000        +3.63134000
O        +5.42099000        +2.34452000        +2.43496000
H        +7.16493000        +4.34571000        +3.12677000
H        +6.27495000        +4.63277000        +4.62523000
H        +7.81441000        +2.21783000        +3.89033000
H        +6.86618000        +2.39527000        +5.36800000
H        +4.82529000        +4.40732000        +2.39808000
H        +6.03598000        +0.59293000        +3.52658000
H        +4.60952000        +1.71884000        +5.52759000
H        +3.66735000        +1.05433000        +4.29715000
H        +3.04586000        +3.27600000        +3.61237000
H        +3.94811000        +3.93406000        +4.88700000
@C        +0.22270000        +1.04488000        +0.58595000
@C        +0.62626000        -0.41353000        +0.99871000
@C        +1.33008000        +1.39974000        -0.43491000
@C        +2.63070000        +1.71700000        +0.32855000
@C        +3.04336000        +0.29351000        +0.80300000
@C        +1.94423000        -0.59299000        +0.15262000
@O        +1.62840000        +0.13663000        -1.04376000
@H        +3.37234000        +2.13782000        -0.35195000
@H        +2.48236000        +2.42488000        +1.14651000
@H        +4.02182000        +0.00994000        +0.41161000
@H        +3.07359000        +0.18738000        +1.88928000
@H        +1.03270000        +2.19943000        -1.08064000
@H        +2.24339000        -1.61496000        +0.04786000
@H        +0.81693000        -0.48905000        +2.04887000
@H        -0.12524000        -1.15356000        +0.81843000
@H        -0.74673000        +1.06811000        +0.13365000
@H        +0.15552000        +1.72617000        +1.40828000
$end

$rem
JOBTYPE                   SP
METHOD                    B3LYP
DFT_D                     d3_op
BASIS                     6-311++G(d,p)
SYMMETRY                  False
THRESH                    12
SCF_CONVERGENCE           8
MAX_SUB_FILE_NUM          128
MEM_STATIC                400
MEM_TOTAL                 4000
$end
--------------------------------------------------------------
 Adding empirical dispersion correction 
 ----------------------------------------------------------------
 Doing -D3(op) with
 s6 =   1.00000
 s8 =   0.78311
 a1 =   0.30000
 a2 =   4.25000
 n  =  10.00000
 -D3 energy without 3body term =     -0.0133866839 hartrees
 ----------------------------------------------------------------
             Standard Nuclear Orientation (Angstroms)
    I     Atom           X                Y                Z
 ----------------------------------------------------------------
    1      C       4.0152900000     3.2527700000     4.0646700000
    2      C       4.4188500000     1.7943600000     4.4774300000
    3      C       5.1226700000     3.6076300000     3.0438100000
    4      C       6.4232900000     3.9248900000     3.8072700000
    5      C       6.8359500000     2.5014000000     4.2817200000
    6      C       5.7368200000     1.6149000000     3.6313400000
    7      O       5.4209900000     2.3445200000     2.4349600000
    8      H       7.1649300000     4.3457100000     3.1267700000
    9      H       6.2749500000     4.6327700000     4.6252300000
   10      H       7.8144100000     2.2178300000     3.8903300000
   11      H       6.8661800000     2.3952700000     5.3680000000
   12      H       4.8252900000     4.4073200000     2.3980800000
   13      H       6.0359800000     0.5929300000     3.5265800000
   14      H       4.6095200000     1.7188400000     5.5275900000
   15      H       3.6673500000     1.0543300000     4.2971500000
   16      H       3.0458600000     3.2760000000     3.6123700000
   17      H       3.9481100000     3.9340600000     4.8870000000
   18      GH      0.2227000000     1.0448800000     0.5859500000
   19      GH      0.6262600000    -0.4135300000     0.9987100000
   20      GH      1.3300800000     1.3997400000    -0.4349100000
   21      GH      2.6307000000     1.7170000000     0.3285500000
   22      GH      3.0433600000     0.2935100000     0.8030000000
   23      GH      1.9442300000    -0.5929900000     0.1526200000
   24      GH      1.6284000000     0.1366300000    -1.0437600000
   25      GH      3.3723400000     2.1378200000    -0.3519500000
   26      GH      2.4823600000     2.4248800000     1.1465100000
   27      GH      4.0218200000     0.0099400000     0.4116100000
   28      GH      3.0735900000     0.1873800000     1.8892800000
   29      GH      1.0327000000     2.1994300000    -1.0806400000
   30      GH      2.2433900000    -1.6149600000     0.0478600000
   31      GH      0.8169300000    -0.4890500000     2.0488700000
   32      GH     -0.1252400000    -1.1535600000     0.8184300000
   33      GH     -0.7467300000     1.0681100000     0.1336500000
   34      GH      0.1555200000     1.7261700000     1.4082800000
 ----------------------------------------------------------------
 Nuclear Repulsion Energy =   331.2533536408 hartrees
 There are       27 alpha and       27 beta electrons
 Requested basis set is 6-311++G(d,p)
 There are 184 shells and 448 basis functions

 Total QAlloc Memory Limit   4000 MB
 Mega-Array Size       392 MB
 MEM_STATIC part       400 MB
 A cutoff of  1.0D-12 yielded  13958 shell pairs
 There are     81464 function pairs (     86130 Cartesian)
 
 -------------------------------------------------------
 OpenMP Integral Computing Module                       
 Release: version 1.0, May 2013, Q-Chem Inc. Pittsburgh 
 -------------------------------------------------------
 Integral Job Info:
 Integral job number is                      11
 Integral operator is                         1
 short-range coefficients                     0
 long-range coefficients              100000000
 Omega coefficients                           0
 if combine SR and LR in K                    0
 Integral screening is                        0
 Integral computing path is                   2
 max size of driver memory is            800000
 size of driver memory is                593474
 size of scratch memory is              2361544
 max col of scratch BK array               1296
 max len of scratch array in speh3          155
 max len of scratch index in speh4           18
 max int batch size is                      520
 min int batch size is                       52
 fixed nKL is                                52
 max L of basis functions is                  2
 order of int derivative is                   0
 number of shells is                        184
 number of basis is                         462
 number of cartesian basis is               462
 number of contracted shell pairs         13958
 number of primitive shell pairs          30158
 maxK2 (contraction) of shell pair           36
 max number of K2 of shell pair               1
 max number of CS2 of shell pair           2559
 max number of PS2 of shell pair           4338
 mem total for path MDJ                  114762
 -------------------------------------------------------
 Smallest overlap matrix eigenvalue = 1.70E-06

 Scale SEOQF with 1.000000e-02/1.000000e-01/1.000000e-02

 Standard Electronic Orientation quadrupole field applied
 Nucleus-field energy     =     0.0000000298 hartrees
 Guess from superposition of atomic densities
 Warning:  Energy on first SCF cycle will be non-variational

 Q-Chem warning in module /opt/software/qchem/qchem-5.0.1/libgen/Atomic_PolEc.C, line 58:

 No atomic polarizability available.


 Q-Chem warning in module /opt/software/qchem/qchem-5.0.1/libgen/Atomic_PolEc.C, line 73:

 No atomic polarizability available.


 Q-Chem warning in module /opt/software/qchem/qchem-5.0.1/libgen/Atomic_PolEc.C, line 58:

 No atomic polarizability available.


 Q-Chem warning in module /opt/software/qchem/qchem-5.0.1/libgen/Atomic_PolEc.C, line 73:

 No atomic polarizability available.


 Q-Chem warning in module /opt/software/qchem/qchem-5.0.1/libgen/Atomic_PolEc.C, line 58:

 No atomic polarizability available.


 Q-Chem warning in module /opt/software/qchem/qchem-5.0.1/libgen/Atomic_PolEc.C, line 73:

 No atomic polarizability available.


 Q-Chem warning in module /opt/software/qchem/qchem-5.0.1/libgen/Atomic_PolEc.C, line 58:

 No atomic polarizability available.


 Q-Chem warning in module /opt/software/qchem/qchem-5.0.1/libgen/Atomic_PolEc.C, line 73:

 No atomic polarizability available.


 Q-Chem warning in module /opt/software/qchem/qchem-5.0.1/libgen/Atomic_PolEc.C, line 58:

 No atomic polarizability available.


 Q-Chem warning in module /opt/software/qchem/qchem-5.0.1/libgen/Atomic_PolEc.C, line 73:

 No atomic polarizability available.


 Q-Chem warning in module /opt/software/qchem/qchem-5.0.1/libgen/Atomic_PolEc.C, line 58:

 No atomic polarizability available.


 Q-Chem warning in module /opt/software/qchem/qchem-5.0.1/libgen/Atomic_PolEc.C, line 73:

 No atomic polarizability available.


 Q-Chem warning in module /opt/software/qchem/qchem-5.0.1/libgen/Atomic_PolEc.C, line 58:

 No atomic polarizability available.


 Q-Chem warning in module /opt/software/qchem/qchem-5.0.1/libgen/Atomic_PolEc.C, line 73:

 No atomic polarizability available.


 Q-Chem warning in module /opt/software/qchem/qchem-5.0.1/libgen/Atomic_PolEc.C, line 58:

 No atomic polarizability available.


 Q-Chem warning in module /opt/software/qchem/qchem-5.0.1/libgen/Atomic_PolEc.C, line 73:

 No atomic polarizability available.


 Q-Chem warning in module /opt/software/qchem/qchem-5.0.1/libgen/Atomic_PolEc.C, line 58:

 No atomic polarizability available.


 Q-Chem warning in module /opt/software/qchem/qchem-5.0.1/libgen/Atomic_PolEc.C, line 73:

 No atomic polarizability available.


 Q-Chem warning in module /opt/software/qchem/qchem-5.0.1/libgen/Atomic_PolEc.C, line 58:

 No atomic polarizability available.


 Q-Chem warning in module /opt/software/qchem/qchem-5.0.1/libgen/Atomic_PolEc.C, line 73:

 No atomic polarizability available.


 Q-Chem warning in module /opt/software/qchem/qchem-5.0.1/libgen/Atomic_PolEc.C, line 58:

 No atomic polarizability available.


 Q-Chem warning in module /opt/software/qchem/qchem-5.0.1/libgen/Atomic_PolEc.C, line 73:

 No atomic polarizability available.


 Q-Chem warning in module /opt/software/qchem/qchem-5.0.1/libgen/Atomic_PolEc.C, line 58:

 No atomic polarizability available.


 Q-Chem warning in module /opt/software/qchem/qchem-5.0.1/libgen/Atomic_PolEc.C, line 73:

 No atomic polarizability available.


 Q-Chem warning in module /opt/software/qchem/qchem-5.0.1/libgen/Atomic_PolEc.C, line 58:

 No atomic polarizability available.


 Q-Chem warning in module /opt/software/qchem/qchem-5.0.1/libgen/Atomic_PolEc.C, line 73:

 No atomic polarizability available.


 Q-Chem warning in module /opt/software/qchem/qchem-5.0.1/libgen/Atomic_PolEc.C, line 58:

 No atomic polarizability available.


 Q-Chem warning in module /opt/software/qchem/qchem-5.0.1/libgen/Atomic_PolEc.C, line 73:

 No atomic polarizability available.


 Q-Chem warning in module /opt/software/qchem/qchem-5.0.1/libgen/Atomic_PolEc.C, line 58:

 No atomic polarizability available.


 Q-Chem warning in module /opt/software/qchem/qchem-5.0.1/libgen/Atomic_PolEc.C, line 73:

 No atomic polarizability available.


 Q-Chem warning in module /opt/software/qchem/qchem-5.0.1/libgen/Atomic_PolEc.C, line 58:

 No atomic polarizability available.


 Q-Chem warning in module /opt/software/qchem/qchem-5.0.1/libgen/Atomic_PolEc.C, line 73:

 No atomic polarizability available.


 Q-Chem warning in module /opt/software/qchem/qchem-5.0.1/libgen/Atomic_PolEc.C, line 58:

 No atomic polarizability available.


 Q-Chem warning in module /opt/software/qchem/qchem-5.0.1/libgen/Atomic_PolEc.C, line 73:

 No atomic polarizability available.

 A restricted hybrid HF-DFT SCF calculation will be
 performed using Pulay DIIS extrapolation
 Exchange:     0.2000 Hartree-Fock + 0.0800 Slater + 0.7200 B88
 Correlation:  0.1900 VWN1RPA + 0.8100 LYP
 Using SG-1 standard quadrature grid
 Dispersion:   Grimme D3
 SCF converges when DIIS error is below 1.0E-08
 using 4 threads for integral computing
 -------------------------------------------------------
 OpenMP Integral computing Module                
 Release: version 1.0, May 2013, Q-Chem Inc. Pittsburgh 
 -------------------------------------------------------
 -------------------------------------------------------
 OpenMP BLAS3 based DFT computing Module                
 Release: version 1.0, May 2013, Q-Chem Inc. Pittsburgh 
 -------------------------------------------------------
 ---------------------------------------
  Cycle       Energy         DIIS Error
 ---------------------------------------
    1    -311.4034514653      2.06E-02
    2    -309.8166942209      2.37E-03
    3    -309.7369120924      3.02E-03
    4    -309.9571443085      3.73E-04
    5    -309.9592862554      1.66E-04
    6    -309.9597715779      4.79E-05
    7    -309.9598104943      1.34E-05
    8    -309.9598143351      1.58E-06
    9    -309.9598143959      3.98E-07
   10    -309.9598144000      7.40E-08
   11    -309.9598144001      2.73E-08
   12    -309.9598144001      6.22E-09 Convergence criterion met
 ---------------------------------------
 SCF time:  CPU 472.22 s  wall 118.45 s
 SCF   energy in the final basis set = -309.95981440
 Total energy in the final basis set = -309.95981440
 
 --------------------------------------------------------------
 
                    Orbital Energies (a.u.)
 --------------------------------------------------------------
 
 Alpha MOs
 -- Occupied --
-19.123 -10.221 -10.218 -10.168 -10.167 -10.165 -10.163  -1.050
 -0.798  -0.749  -0.747  -0.614  -0.578  -0.574  -0.527  -0.478
 -0.465  -0.431  -0.406  -0.395  -0.364  -0.360  -0.351  -0.339
 -0.317  -0.304  -0.264
 -- Virtual --
 -0.010   0.007   0.009   0.012   0.028   0.029   0.030   0.035
  0.038   0.046   0.049   0.054   0.063   0.071   0.075   0.078
  0.081   0.084   0.087   0.093   0.098   0.100   0.105   0.109
  0.112   0.114   0.120   0.123   0.125   0.126   0.129   0.138
  0.139   0.142   0.146   0.148   0.151   0.156   0.158   0.159
  0.163   0.167   0.169   0.174   0.178   0.181   0.181   0.187
  0.192   0.193   0.197   0.199   0.204   0.205   0.209   0.210
  0.213   0.222   0.225   0.226   0.230   0.234   0.241   0.246
  0.247   0.253   0.259   0.262   0.264   0.268   0.269   0.270
  0.286   0.288   0.296   0.304   0.316   0.319   0.322   0.331
  0.333   0.345   0.347   0.356   0.362   0.365   0.371   0.376
  0.376   0.388   0.392   0.402   0.408   0.410   0.415   0.417
  0.424   0.428   0.432   0.444   0.450   0.457   0.464   0.475
  0.484   0.489   0.494   0.520   0.526   0.531   0.536   0.547
  0.552   0.556   0.573   0.583   0.589   0.603   0.618   0.623
  0.634   0.637   0.641   0.646   0.654   0.659   0.672   0.681
  0.681   0.688   0.691   0.700   0.708   0.718   0.722   0.727
  0.733   0.740   0.745   0.751   0.756   0.768   0.773   0.778
  0.782   0.797   0.805   0.808   0.812   0.828   0.842   0.859
  0.888   0.895   0.908   0.918   0.920   0.937   0.960   0.977
  0.997   1.027   1.045   1.056   1.091   1.094   1.137   1.146
  1.155   1.166   1.169   1.183   1.199   1.206   1.210   1.225
  1.227   1.234   1.258   1.271   1.321   1.339   1.353   1.424
  1.426   1.429   1.443   1.461   1.478   1.498   1.508   1.510
  1.523   1.541   1.559   1.570   1.574   1.584   1.587   1.607
  1.630   1.642   1.645   1.676   1.678   1.685   1.690   1.693
  1.716   1.724   1.733   1.745   1.755   1.758   1.769   1.773
  1.778   1.797   1.804   1.811   1.838   1.843   1.851   1.869
  1.875   1.885   1.892   1.902   1.904   1.913   1.915   1.921
  1.932   1.936   1.956   1.965   1.970   1.977   1.994   2.014
  2.020   2.025   2.033   2.050   2.070   2.127   2.138   2.140
  2.152   2.164   2.174   2.189   2.200   2.242   2.246   2.249
  2.259   2.265   2.322   2.325   2.334   2.346   2.366   2.377
  2.424   2.442   2.450   2.457   2.458   2.470   2.472   2.473
  2.481   2.500   2.504   2.510   2.512   2.523   2.532   2.536
  2.553   2.556   2.608   2.622   2.634   2.647   2.663   2.714
  2.717   2.731   2.733   2.761   2.768   2.777   2.788   2.793
  2.798   2.823   2.839   2.844   2.866   2.870   2.894   2.900
  2.907   2.912   2.933   2.949   2.984   2.993   3.012   3.038
  3.042   3.054   3.072   3.091   3.103   3.118   3.137   3.146
  3.176   3.198   3.218   3.231   3.289   3.292   3.301   3.316
  3.322   3.374   3.393   3.405   3.468   3.531   3.534   3.571
  3.593   3.597   3.619   3.652   3.661   3.682   3.695   3.776
  3.787   3.810   3.831   3.869   3.918   3.938   3.969   3.978
  4.001   4.027   4.084   4.099   4.135   4.184   4.218   4.363
  4.478   4.579   4.623   4.764   4.796   4.832   4.864   4.884
  4.889   4.920   4.984   5.091   5.123   5.167   5.204   5.363
  5.503   5.637   5.728   7.318   7.389   7.474   7.532   7.602
  7.605   7.617   7.723   7.924   7.965   7.986   8.036   8.175
  8.298   8.391   8.412   8.671   8.737   9.897   9.927   9.983
 10.033  10.043  10.136  13.579  13.898  14.028  18.610  23.834
 23.851  23.944  23.989  24.008  24.061  49.958  69.853  69.899
 69.961  69.980  70.024  70.095 139.715
 --------------------------------------------------------------
 
          Ground-State Mulliken Net Atomic Charges

     Atom                 Charge (a.u.)
  ----------------------------------------
      1 C                    -0.336192
      2 C                    -0.373994
      3 C                     0.125974
      4 C                    -0.569774
      5 C                    -0.495778
      6 C                     0.154284
      7 O                    -0.061014
      8 H                     0.167907
      9 H                     0.124874
     10 H                     0.167384
     11 H                     0.124348
     12 H                     0.218506
     13 H                     0.223365
     14 H                     0.137729
     15 H                     0.140378
     16 H                     0.128421
     17 H                     0.149223
     18 GH                   -0.003066
     19 GH                   -0.000808
     20 GH                   -0.021445
     21 GH                    0.024914
     22 GH                   -0.002266
     23 GH                   -0.019667
     24 GH                   -0.000095
     25 GH                    0.002392
     26 GH                   -0.002669
     27 GH                    0.000513
     28 GH                   -0.005153
     29 GH                   -0.000492
     30 GH                   -0.000341
     31 GH                    0.001089
     32 GH                   -0.000092
     33 GH                   -0.000250
     34 GH                    0.001796
  ----------------------------------------
  Sum of atomic charges =     0.000000

 -----------------------------------------------------------------
                    Cartesian Multipole Moments
 -----------------------------------------------------------------
    Charge (ESU x 10^10)
                -0.0000
    Dipole Moment (Debye)
         X      -0.0125      Y       0.5177      Z       1.7212
       Tot       1.7974
    Quadrupole Moments (Debye-Ang)
        XX     -43.3166     XY       1.8802     YY     -38.3444
        XZ       9.2466     YZ       4.7367     ZZ     -34.2548
    Octopole Moments (Debye-Ang^2)
       XXX    -704.6965    XXY    -113.9297    XYY    -213.0883
       YYY    -329.8511    XXZ    -113.9859    XYZ      22.6799
       YYZ    -142.7643    XZZ    -186.6047    YZZ     -96.7568
       ZZZ    -450.1956
    Hexadecapole Moments (Debye-Ang^3)
      XXXX   -7996.8242   XXXY   -1949.9528   XXYY   -1616.1072
      XYYY   -1824.0225   YYYY   -2118.5101   XXXZ   -2397.0533
      XXYZ    -341.1478   XYYZ    -789.9878   YYYZ   -1241.0714
      XXZZ   -1730.0546   XYZZ    -540.1759   YYZZ    -940.5696
      XZZZ   -2441.7197   YZZZ   -1231.0202   ZZZZ   -3706.5442
 -----------------------------------------------------------------
Archival summary:
1\1\vega03.cac.cornell.edu\SP\ProcedureUnspecified\BasisUnspecified\1610h17\jj585\MonApr1623:08:272018MonApr1623:08:272018\0\\#,ProcedureUnspecified,BasisUnspecified,\\0,1\O\C,1,1.43358\H,2,1.07,1,117.389\C,1,1.43646,2,98.0224,3,-179.253,0\H,4,1.07,1,117.714,2,-178.733,0\C,2,1.54115,1,102.483,3,-123.548,0\H,6,1.09096,2,110.128,1,81.1589,0\H,6,1.09186,2,112.95,1,-157.962,0\C,2,1.54738,1,103.124,3,123.327,0\H,9,1.07,2,113.95,1,155.255,0\H,9,1.07,2,111.379,1,-86.5463,0\C,4,1.55466,1,102.371,2,-54.4128,0\H,12,1.09132,4,109.614,1,-87.4148,0\H,12,1.09187,4,112.355,1,152.676,0\C,9,1.5685,2,101.696,1,32.1918,0\H,15,1.07,9,111.7,2,120.458,0\H,15,1.07,9,114.71,2,-121.541,0\Gh,17,2.62716,15,122.778,9,73.3516,0\Gh,18,1.09187,17,152.377,15,-22.6222,0\Gh,19,1.09132,18,107.862,17,82.1927,0\Gh,19,1.55466,18,112.355,17,-156.886,0\Gh,21,1.07,19,112.825,18,-79.816,0\Gh,21,1.43646,19,102.371,18,152.676,0\Gh,23,1.43358,21,98.0224,19,-54.4128,0\Gh,24,1.07,23,117.389,21,-179.253,0\Gh,24,1.54115,23,102.483,21,57.1986,0\Gh,26,1.09096,24,110.128,23,81.1589,0\Gh,26,1.09186,24,112.95,23,-157.962,0\Gh,24,1.54738,23,103.124,21,-55.9256,0\Gh,29,1.07,24,113.95,23,155.255,0\Gh,29,1.07,24,111.379,23,-86.5463,0\Gh,29,1.5685,24,101.696,23,32.1918,0\Gh,32,1.07,29,111.7,24,120.458,0\Gh,32,1.07,29,114.71,24,-121.541,0\\\@

 Total job time:  119.32s(wall), 474.62s(cpu) 
 Mon Apr 16 23:08:27 2018

        *************************************************************
        *                                                           *
        *  Thank you very much for using Q-Chem.  Have a nice day.  *
        *                                                           *
        *************************************************************


0 sent ACK to 0 
now end server 0 ... 
