mFile = /opt/software/qchem/qchem-5.0.1//bin/mpi/machines
Process 0 of 1 is on vega03.cac.cornell.edu - thread support 0
initial socket setup ...start
initial socket setup ...done 
now start server 0 ... 
vega03 10.84.3
Q-Chem Developer Version! Running on 10.84.3.*
                  Welcome to Q-Chem
     A Quantum Leap Into The Future Of Chemistry


 Q-Chem 5.0, Q-Chem, Inc., Pleasanton, CA (2017)

 Yihan Shao,  Zhengting Gan,  E. Epifanovsky,  A. T. B. Gilbert,  M. Wormit,  
 J. Kussmann,  A. W. Lange,  A. Behn,  Jia Deng,  Xintian Feng,  D. Ghosh,  
 M. Goldey,  P. R. Horn,  L. D. Jacobson,  I. Kaliman,  T. Kus,  A. Landau,  
 Jie Liu,  E. I. Proynov,  R. M. Richard,  R. P. Steele,  E. J. Sundstrom,  
 H. L. Woodcock III,  P. M. Zimmerman,  D. Zuev,  B. Albrecht,  E. Alguire,  
 S. A. Baeppler,  Z. Benda,  Y. A. Bernard,  E. J. Berquist,  K. B. Bravaya,  
 D. Casanova,  Chun-Min Chang,  Yunqing Chen,  A. Chien,  K. D. Closser,  
 M. P. Coons,  S. Dasgupta,  M. Diedenhofen,  Hainam Do,  R. G. Edgar,  
 Po-Tung Fang,  S. Fatehi,  Qingguo Feng,  Qinghui Ge,  A. Ghysels,  
 J. Gomes,  J. Gonthier,  A. Gunina,  M. W. D. Hanson-Heine,  
 P. H. P. Harbach,  A. W. Hauser,  J. E. Herr,  E. G. Hohenstein,  
 Z. C. Holden,  Kerwin Hui,  T.-C. Jagau,  Hyunjun Ji,  B. Kaduk,  
 K. Khistyaev,  Jaehoon Kim,  P. Klunzinger,  K. Koh,  D. Kosenkov,  
 T. Kowalczyk,  C. M. Krauter,  A. Kunitsa,  Ka Un Lao,  A. Laurent,  
 K. V. Lawler,  Joonho Lee,  D. Lefrancois,  S. Lehtola,  D. S. Levine,  
 Yi-Pei Li,  You-Sheng Lin,  Fenglai Liu,  E. Livshits,  A. Luenser,  
 P. Manohar,  E. Mansoor,  S. F. Manzer,  Shan-Ping Mao,  Yuezhi Mao,  
 N. Mardirossian,  A. V. Marenich,  L. A. Martinez-Martinez,  S. A. Maurer,  
 N. J. Mayhall,  S. C. McKenzie,  J.-M. Mewes,  A. F. Morrison,  K. Nanda,  
 T. S. Nguyen-Beck,  R. Olivares-Amaya,  J. A. Parkhill,  T. M. Perrine,  
 F. Plasser,  S. Prager,  A. Prociuk,  D. R. Rehn,  F. Rob,  M. Schneider,  
 N. Sergueev,  S. M. Sharada,  S. Sharma,  D. W. Small,  T. Stauch,  
 T. Stein,  Yu-Chuan Su,  A. J. W. Thom,  T. Tsuchimochi,  L. Vogt,  
 O. Vydrov,  M. A. Watson,  J. Wenzel,  M. de Wergifosse,  T. A. Wesolowski,  
 A. White,  J. Witte,  A. Yamada,  Jun Yang,  K. Yao,  S. Yeganeh,  
 S. R. Yost,  Zhi-Qiang You,  A. Zech,  Igor Ying Zhang,  Xing Zhang,  
 Yan Zhao,  Ying Zhu,  B. R. Brooks,  G. K. L. Chan,  C. J. Cramer,  
 M. S. Gordon,  W. J. Hehre,  A. Klamt,  M. W. Schmidt,  C. D. Sherrill,  
 D. G. Truhlar,  A. Aspuru-Guzik,  R. Baer,  A. T. Bell,  N. A. Besley,  
 Jeng-Da Chai,  A. Dreuw,  B. D. Dunietz,  T. R. Furlani,  Chao-Ping Hsu,  
 Yousung Jung,  Jing Kong,  D. S. Lambrecht,  WanZhen Liang,  C. Ochsenfeld,  
 V. A. Rassolov,  L. V. Slipchenko,  J. E. Subotnik,  T. Van Voorhis,  
 J. M. Herbert,  A. I. Krylov,  P. M. W. Gill,  M. Head-Gordon

 Contributors to earlier versions of Q-Chem not listed above: 
 R. D. Adamson,  B. Austin,  J. Baker,  G. J. O. Beran,  K. Brandhorst,  
 S. T. Brown,  E. F. C. Byrd,  A. K. Chakraborty,  C.-L. Cheng,  
 Siu Hung Chien,  D. M. Chipman,  D. L. Crittenden,  H. Dachsel,  
 R. A. DiStasio Jr.,  R. J. Doerksen,  A. D. Dutoi,  L. Fusti-Molnar,  
 W. A. Goddard III,  A. Golubeva-Zadorozhnaya,  S. R. Gwaltney,  G. Hawkins,  
 A. Heyden,  S. Hirata,  G. Kedziora,  F. J. Keil,  C. Kelley,  Jihan Kim,  
 R. A. King,  R. Z. Khaliullin,  P. P. Korambath,  W. Kurlancheek,  
 A. M. Lee,  M. S. Lee,  S. V. Levchenko,  Ching Yeh Lin,  D. Liotard,  
 R. C. Lochan,  I. Lotan,  P. E. Maslen,  N. Nair,  D. P. O'Neill,  
 D. Neuhauser,  E. Neuscamman,  C. M. Oana,  R. Olson,  B. Peters,  
 R. Peverati,  P. A. Pieniazek,  Y. M. Rhee,  J. Ritchie,  M. A. Rohrdanz,  
 E. Rosta,  N. J. Russ,  H. F. Schaefer III,  N. E. Schultz,  N. Shenvi,  
 A. C. Simmonett,  A. Sodt,  D. Stuck,  K. S. Thanthiriwatte,  V. Vanovschi,  
 Tao Wang,  A. Warshel,  C. F. Williams,  Q. Wu,  X. Xu,  W. Zhang

 Please cite Q-Chem as follows:
 Y. Shao et al., Mol. Phys. 113, 184-215 (2015)
 DOI: 10.1080/00268976.2014.952696

 Q-Chem 5.0.1 for Intel X86 EM64T Linux

 Parts of Q-Chem use Armadillo 5.200.1 (Boston Tea Smuggler).
 http://arma.sourceforge.net/

 Q-Chem begins on Mon Apr 16 23:18:59 2018  

Host: vega03.cac.cornell.edu
0

     Scratch files written to /scratch/jj585/vdw/0100_distance_4.300_10.save//
 Parallel job on  1  processors

Checking the input file for inconsistencies... 	...done.

--------------------------------------------------------------
User input:
--------------------------------------------------------------
$molecule
0  1
C        +0.22270000        +1.04488000        +0.58595000
C        +0.62626000        -0.41353000        +0.99871000
C        +1.33008000        +1.39974000        -0.43491000
C        +2.63070000        +1.71700000        +0.32855000
C        +3.04336000        +0.29351000        +0.80300000
C        +1.94423000        -0.59299000        +0.15262000
O        +1.62840000        +0.13663000        -1.04376000
H        +3.37234000        +2.13782000        -0.35195000
H        +2.48236000        +2.42488000        +1.14651000
H        +4.02182000        +0.00994000        +0.41161000
H        +3.07359000        +0.18738000        +1.88928000
H        +1.03270000        +2.19943000        -1.08064000
C        +2.35450000        -2.01267000        -0.16812000
H        +3.25743000        -2.00195000        -0.74215000
H        +1.57951000        -2.48932000        -0.73123000
H        +2.51687000        -2.55129000        +0.74206000
H        -0.74673000        +1.06811000        +0.13365000
H        +0.15552000        +1.72617000        +1.40828000
H        +0.81693000        -0.48905000        +2.04887000
H        -0.12524000        -1.15356000        +0.81843000
@C        +3.33235000        +2.57761000        +3.12973000
@C        +3.73591000        +1.11920000        +3.54249000
@C        +4.43973000        +2.93247000        +2.10887000
@C        +5.74035000        +3.24973000        +2.87233000
@C        +6.15301000        +1.82624000        +3.34678000
@C        +5.05388000        +0.93974000        +2.69640000
@O        +4.73805000        +1.66936000        +1.50002000
@H        +6.48199000        +3.67055000        +2.19183000
@H        +5.59201000        +3.95761000        +3.69029000
@H        +7.13147000        +1.54267000        +2.95539000
@H        +6.18324000        +1.72011000        +4.43306000
@H        +4.14235000        +3.73216000        +1.46314000
@C        +5.46415000        -0.47994000        +2.37566000
@H        +6.36708000        -0.46922000        +1.80163000
@H        +4.68916000        -0.95659000        +1.81255000
@H        +5.62652000        -1.01856000        +3.28584000
@H        +2.36292000        +2.60084000        +2.67743000
@H        +3.26517000        +3.25890000        +3.95206000
@H        +3.92658000        +1.04368000        +4.59265000
@H        +2.98441000        +0.37917000        +3.36221000
$end

$rem
JOBTYPE                   SP
METHOD                    B3LYP
DFT_D                     d3_op
BASIS                     6-311++G(d,p)
SYMMETRY                  False
THRESH                    12
SCF_CONVERGENCE           8
MAX_SUB_FILE_NUM          128
MEM_STATIC                400
MEM_TOTAL                 4000
$end
--------------------------------------------------------------
 Adding empirical dispersion correction 
 ----------------------------------------------------------------
 Doing -D3(op) with
 s6 =   1.00000
 s8 =   0.78311
 a1 =   0.30000
 a2 =   4.25000
 n  =  10.00000
 -D3 energy without 3body term =     -0.0174576512 hartrees
 ----------------------------------------------------------------
             Standard Nuclear Orientation (Angstroms)
    I     Atom           X                Y                Z
 ----------------------------------------------------------------
    1      C       0.2227000000     1.0448800000     0.5859500000
    2      C       0.6262600000    -0.4135300000     0.9987100000
    3      C       1.3300800000     1.3997400000    -0.4349100000
    4      C       2.6307000000     1.7170000000     0.3285500000
    5      C       3.0433600000     0.2935100000     0.8030000000
    6      C       1.9442300000    -0.5929900000     0.1526200000
    7      O       1.6284000000     0.1366300000    -1.0437600000
    8      H       3.3723400000     2.1378200000    -0.3519500000
    9      H       2.4823600000     2.4248800000     1.1465100000
   10      H       4.0218200000     0.0099400000     0.4116100000
   11      H       3.0735900000     0.1873800000     1.8892800000
   12      H       1.0327000000     2.1994300000    -1.0806400000
   13      C       2.3545000000    -2.0126700000    -0.1681200000
   14      H       3.2574300000    -2.0019500000    -0.7421500000
   15      H       1.5795100000    -2.4893200000    -0.7312300000
   16      H       2.5168700000    -2.5512900000     0.7420600000
   17      H      -0.7467300000     1.0681100000     0.1336500000
   18      H       0.1555200000     1.7261700000     1.4082800000
   19      H       0.8169300000    -0.4890500000     2.0488700000
   20      H      -0.1252400000    -1.1535600000     0.8184300000
   21      GH      3.3323500000     2.5776100000     3.1297300000
   22      GH      3.7359100000     1.1192000000     3.5424900000
   23      GH      4.4397300000     2.9324700000     2.1088700000
   24      GH      5.7403500000     3.2497300000     2.8723300000
   25      GH      6.1530100000     1.8262400000     3.3467800000
   26      GH      5.0538800000     0.9397400000     2.6964000000
   27      GH      4.7380500000     1.6693600000     1.5000200000
   28      GH      6.4819900000     3.6705500000     2.1918300000
   29      GH      5.5920100000     3.9576100000     3.6902900000
   30      GH      7.1314700000     1.5426700000     2.9553900000
   31      GH      6.1832400000     1.7201100000     4.4330600000
   32      GH      4.1423500000     3.7321600000     1.4631400000
   33      GH      5.4641500000    -0.4799400000     2.3756600000
   34      GH      6.3670800000    -0.4692200000     1.8016300000
   35      GH      4.6891600000    -0.9565900000     1.8125500000
   36      GH      5.6265200000    -1.0185600000     3.2858400000
   37      GH      2.3629200000     2.6008400000     2.6774300000
   38      GH      3.2651700000     3.2589000000     3.9520600000
   39      GH      3.9265800000     1.0436800000     4.5926500000
   40      GH      2.9844100000     0.3791700000     3.3622100000
 ----------------------------------------------------------------
 Nuclear Repulsion Energy =   415.4951797453 hartrees
 There are       31 alpha and       31 beta electrons
 Requested basis set is 6-311++G(d,p)
 There are 216 shells and 520 basis functions

 Total QAlloc Memory Limit   4000 MB
 Mega-Array Size       392 MB
 MEM_STATIC part       400 MB
 A cutoff of  1.0D-12 yielded  20140 shell pairs
 There are    116509 function pairs (    123436 Cartesian)
 
 -------------------------------------------------------
 OpenMP Integral Computing Module                       
 Release: version 1.0, May 2013, Q-Chem Inc. Pittsburgh 
 -------------------------------------------------------
 Integral Job Info:
 Integral job number is                      11
 Integral operator is                         1
 short-range coefficients                     0
 long-range coefficients              100000000
 Omega coefficients                           0
 if combine SR and LR in K                    0
 Integral screening is                        0
 Integral computing path is                   2
 max size of driver memory is            800000
 size of driver memory is                593474
 size of scratch memory is              2361544
 max col of scratch BK array               1296
 max len of scratch array in speh3          155
 max len of scratch index in speh4           18
 max int batch size is                      520
 min int batch size is                       52
 fixed nKL is                                52
 max L of basis functions is                  2
 order of int derivative is                   0
 number of shells is                        216
 number of basis is                         536
 number of cartesian basis is               536
 number of contracted shell pairs         20140
 number of primitive shell pairs          42790
 maxK2 (contraction) of shell pair           36
 max number of K2 of shell pair               1
 max number of CS2 of shell pair           3603
 max number of PS2 of shell pair           6330
 mem total for path MDJ                  160818
 -------------------------------------------------------
 Smallest overlap matrix eigenvalue = 6.10E-07
 Linear dependence detected in AO basis
 Number of orthogonalized atomic orbitals = 519
 Maximum deviation from orthogonality = 1.309E-10

 Scale SEOQF with 1.000000e-02/1.000000e-01/1.000000e-01

 Standard Electronic Orientation quadrupole field applied
 Nucleus-field energy     =     0.0000000041 hartrees
 Guess from superposition of atomic densities
 Warning:  Energy on first SCF cycle will be non-variational

 Q-Chem warning in module /opt/software/qchem/qchem-5.0.1/libgen/Atomic_PolEc.C, line 58:

 No atomic polarizability available.


 Q-Chem warning in module /opt/software/qchem/qchem-5.0.1/libgen/Atomic_PolEc.C, line 73:

 No atomic polarizability available.


 Q-Chem warning in module /opt/software/qchem/qchem-5.0.1/libgen/Atomic_PolEc.C, line 58:

 No atomic polarizability available.


 Q-Chem warning in module /opt/software/qchem/qchem-5.0.1/libgen/Atomic_PolEc.C, line 73:

 No atomic polarizability available.


 Q-Chem warning in module /opt/software/qchem/qchem-5.0.1/libgen/Atomic_PolEc.C, line 58:

 No atomic polarizability available.


 Q-Chem warning in module /opt/software/qchem/qchem-5.0.1/libgen/Atomic_PolEc.C, line 73:

 No atomic polarizability available.


 Q-Chem warning in module /opt/software/qchem/qchem-5.0.1/libgen/Atomic_PolEc.C, line 58:

 No atomic polarizability available.


 Q-Chem warning in module /opt/software/qchem/qchem-5.0.1/libgen/Atomic_PolEc.C, line 73:

 No atomic polarizability available.


 Q-Chem warning in module /opt/software/qchem/qchem-5.0.1/libgen/Atomic_PolEc.C, line 58:

 No atomic polarizability available.


 Q-Chem warning in module /opt/software/qchem/qchem-5.0.1/libgen/Atomic_PolEc.C, line 73:

 No atomic polarizability available.


 Q-Chem warning in module /opt/software/qchem/qchem-5.0.1/libgen/Atomic_PolEc.C, line 58:

 No atomic polarizability available.


 Q-Chem warning in module /opt/software/qchem/qchem-5.0.1/libgen/Atomic_PolEc.C, line 73:

 No atomic polarizability available.


 Q-Chem warning in module /opt/software/qchem/qchem-5.0.1/libgen/Atomic_PolEc.C, line 58:

 No atomic polarizability available.


 Q-Chem warning in module /opt/software/qchem/qchem-5.0.1/libgen/Atomic_PolEc.C, line 73:

 No atomic polarizability available.


 Q-Chem warning in module /opt/software/qchem/qchem-5.0.1/libgen/Atomic_PolEc.C, line 58:

 No atomic polarizability available.


 Q-Chem warning in module /opt/software/qchem/qchem-5.0.1/libgen/Atomic_PolEc.C, line 73:

 No atomic polarizability available.


 Q-Chem warning in module /opt/software/qchem/qchem-5.0.1/libgen/Atomic_PolEc.C, line 58:

 No atomic polarizability available.


 Q-Chem warning in module /opt/software/qchem/qchem-5.0.1/libgen/Atomic_PolEc.C, line 73:

 No atomic polarizability available.


 Q-Chem warning in module /opt/software/qchem/qchem-5.0.1/libgen/Atomic_PolEc.C, line 58:

 No atomic polarizability available.


 Q-Chem warning in module /opt/software/qchem/qchem-5.0.1/libgen/Atomic_PolEc.C, line 73:

 No atomic polarizability available.


 Q-Chem warning in module /opt/software/qchem/qchem-5.0.1/libgen/Atomic_PolEc.C, line 58:

 No atomic polarizability available.


 Q-Chem warning in module /opt/software/qchem/qchem-5.0.1/libgen/Atomic_PolEc.C, line 73:

 No atomic polarizability available.


 Q-Chem warning in module /opt/software/qchem/qchem-5.0.1/libgen/Atomic_PolEc.C, line 58:

 No atomic polarizability available.


 Q-Chem warning in module /opt/software/qchem/qchem-5.0.1/libgen/Atomic_PolEc.C, line 73:

 No atomic polarizability available.


 Q-Chem warning in module /opt/software/qchem/qchem-5.0.1/libgen/Atomic_PolEc.C, line 58:

 No atomic polarizability available.


 Q-Chem warning in module /opt/software/qchem/qchem-5.0.1/libgen/Atomic_PolEc.C, line 73:

 No atomic polarizability available.


 Q-Chem warning in module /opt/software/qchem/qchem-5.0.1/libgen/Atomic_PolEc.C, line 58:

 No atomic polarizability available.


 Q-Chem warning in module /opt/software/qchem/qchem-5.0.1/libgen/Atomic_PolEc.C, line 73:

 No atomic polarizability available.


 Q-Chem warning in module /opt/software/qchem/qchem-5.0.1/libgen/Atomic_PolEc.C, line 58:

 No atomic polarizability available.


 Q-Chem warning in module /opt/software/qchem/qchem-5.0.1/libgen/Atomic_PolEc.C, line 73:

 No atomic polarizability available.


 Q-Chem warning in module /opt/software/qchem/qchem-5.0.1/libgen/Atomic_PolEc.C, line 58:

 No atomic polarizability available.


 Q-Chem warning in module /opt/software/qchem/qchem-5.0.1/libgen/Atomic_PolEc.C, line 73:

 No atomic polarizability available.


 Q-Chem warning in module /opt/software/qchem/qchem-5.0.1/libgen/Atomic_PolEc.C, line 58:

 No atomic polarizability available.


 Q-Chem warning in module /opt/software/qchem/qchem-5.0.1/libgen/Atomic_PolEc.C, line 73:

 No atomic polarizability available.


 Q-Chem warning in module /opt/software/qchem/qchem-5.0.1/libgen/Atomic_PolEc.C, line 58:

 No atomic polarizability available.


 Q-Chem warning in module /opt/software/qchem/qchem-5.0.1/libgen/Atomic_PolEc.C, line 73:

 No atomic polarizability available.


 Q-Chem warning in module /opt/software/qchem/qchem-5.0.1/libgen/Atomic_PolEc.C, line 58:

 No atomic polarizability available.


 Q-Chem warning in module /opt/software/qchem/qchem-5.0.1/libgen/Atomic_PolEc.C, line 73:

 No atomic polarizability available.


 Q-Chem warning in module /opt/software/qchem/qchem-5.0.1/libgen/Atomic_PolEc.C, line 58:

 No atomic polarizability available.


 Q-Chem warning in module /opt/software/qchem/qchem-5.0.1/libgen/Atomic_PolEc.C, line 73:

 No atomic polarizability available.

 A restricted hybrid HF-DFT SCF calculation will be
 performed using Pulay DIIS extrapolation
 Exchange:     0.2000 Hartree-Fock + 0.0800 Slater + 0.7200 B88
 Correlation:  0.1900 VWN1RPA + 0.8100 LYP
 Using SG-1 standard quadrature grid
 Dispersion:   Grimme D3
 SCF converges when DIIS error is below 1.0E-08
 using 4 threads for integral computing
 -------------------------------------------------------
 OpenMP Integral computing Module                
 Release: version 1.0, May 2013, Q-Chem Inc. Pittsburgh 
 -------------------------------------------------------
 -------------------------------------------------------
 OpenMP BLAS3 based DFT computing Module                
 Release: version 1.0, May 2013, Q-Chem Inc. Pittsburgh 
 -------------------------------------------------------
 ---------------------------------------
  Cycle       Energy         DIIS Error
 ---------------------------------------
    1    -350.9522651592      1.91E-02
    2    -349.1122629016      2.32E-03
    3    -349.0359168319      2.80E-03
    4    -349.2920889606      4.09E-04
    5    -349.2958694702      1.60E-04
    6    -349.2964764230      4.49E-05
    7    -349.2965197820      1.69E-05
    8    -349.2965278896      1.59E-06
    9    -349.2965279603      7.45E-07
   10    -349.2965279776      1.39E-07
   11    -349.2965279782      2.85E-08
   12    -349.2965279782      1.06E-08
   13    -349.2965279783      2.63E-09 Convergence criterion met
 ---------------------------------------
 SCF time:  CPU 1077.92 s  wall 271.34 s
 SCF   energy in the final basis set = -349.29652798
 Total energy in the final basis set = -349.29652798
 
 --------------------------------------------------------------
 
                    Orbital Energies (a.u.)
 --------------------------------------------------------------
 
 Alpha MOs
 -- Occupied --
-19.119 -10.225 -10.216 -10.166 -10.166 -10.163 -10.162 -10.154
 -1.049  -0.798  -0.775  -0.748  -0.684  -0.615  -0.575  -0.556
 -0.503  -0.482  -0.464  -0.440  -0.418  -0.405  -0.392  -0.377
 -0.360  -0.348  -0.344  -0.336  -0.316  -0.301  -0.262
 -- Virtual --
 -0.011   0.002   0.009   0.010   0.025   0.028   0.031   0.032
  0.038   0.048   0.053   0.054   0.057   0.064   0.066   0.068
  0.071   0.074   0.082   0.087   0.088   0.092   0.096   0.101
  0.102   0.109   0.111   0.114   0.119   0.121   0.124   0.127
  0.130   0.132   0.134   0.140   0.142   0.145   0.147   0.152
  0.154   0.158   0.160   0.161   0.164   0.166   0.168   0.169
  0.173   0.178   0.179   0.183   0.188   0.190   0.193   0.196
  0.198   0.201   0.204   0.208   0.212   0.217   0.219   0.224
  0.225   0.229   0.230   0.235   0.236   0.242   0.242   0.248
  0.250   0.255   0.258   0.261   0.264   0.267   0.272   0.281
  0.283   0.286   0.293   0.298   0.302   0.307   0.310   0.315
  0.323   0.326   0.329   0.335   0.340   0.343   0.346   0.351
  0.359   0.363   0.368   0.374   0.374   0.381   0.383   0.389
  0.396   0.404   0.407   0.417   0.424   0.427   0.432   0.438
  0.440   0.450   0.453   0.455   0.464   0.470   0.479   0.484
  0.496   0.505   0.515   0.524   0.529   0.531   0.543   0.549
  0.554   0.560   0.568   0.575   0.586   0.593   0.596   0.604
  0.613   0.618   0.631   0.634   0.650   0.651   0.663   0.665
  0.670   0.671   0.678   0.691   0.704   0.707   0.714   0.717
  0.730   0.735   0.737   0.747   0.755   0.759   0.762   0.765
  0.768   0.773   0.781   0.785   0.786   0.803   0.810   0.816
  0.825   0.827   0.837   0.844   0.848   0.866   0.879   0.894
  0.897   0.904   0.930   0.936   0.942   0.954   0.977   0.997
  1.014   1.034   1.043   1.058   1.070   1.079   1.098   1.106
  1.131   1.138   1.152   1.159   1.175   1.200   1.213   1.220
  1.234   1.238   1.259   1.259   1.274   1.279   1.302   1.313
  1.346   1.366   1.372   1.386   1.405   1.461   1.466   1.474
  1.496   1.501   1.510   1.524   1.528   1.542   1.544   1.553
  1.559   1.580   1.587   1.591   1.603   1.606   1.618   1.624
  1.636   1.643   1.658   1.671   1.676   1.680   1.683   1.697
  1.703   1.716   1.732   1.734   1.738   1.746   1.755   1.773
  1.780   1.787   1.797   1.804   1.815   1.818   1.833   1.842
  1.849   1.859   1.864   1.885   1.888   1.891   1.896   1.912
  1.915   1.930   1.941   1.944   1.961   1.966   1.970   1.977
  1.983   1.999   2.003   2.027   2.029   2.040   2.048   2.068
  2.084   2.100   2.111   2.120   2.130   2.147   2.162   2.171
  2.185   2.192   2.208   2.218   2.230   2.243   2.248   2.267
  2.280   2.294   2.311   2.320   2.337   2.340   2.349   2.354
  2.362   2.381   2.397   2.404   2.420   2.432   2.442   2.452
  2.469   2.479   2.482   2.488   2.514   2.521   2.536   2.536
  2.553   2.562   2.566   2.571   2.588   2.593   2.610   2.633
  2.639   2.644   2.654   2.668   2.677   2.684   2.698   2.711
  2.730   2.735   2.753   2.762   2.771   2.789   2.803   2.806
  2.822   2.834   2.839   2.875   2.876   2.890   2.902   2.910
  2.918   2.929   2.949   2.968   2.976   2.983   2.994   3.002
  3.019   3.045   3.067   3.089   3.104   3.111   3.124   3.139
  3.156   3.170   3.187   3.203   3.235   3.243   3.255   3.266
  3.285   3.297   3.307   3.337   3.349   3.385   3.403   3.418
  3.452   3.475   3.499   3.522   3.539   3.557   3.575   3.579
  3.615   3.626   3.650   3.663   3.693   3.708   3.753   3.801
  3.809   3.858   3.866   3.883   3.889   3.894   3.923   3.960
  3.975   3.995   4.047   4.066   4.074   4.126   4.172   4.201
  4.213   4.292   4.458   4.499   4.595   4.656   4.720   4.810
  4.816   4.840   4.871   4.892   4.898   4.924   4.989   5.029
  5.061   5.085   5.151   5.212   5.328   5.510   5.661   5.678
  7.370   7.413   7.509   7.553   7.609   7.623   7.668   7.692
  7.733   7.817   7.856   7.948   7.985   7.989   8.160   8.271
  8.317   8.370   8.438   8.669   8.762   9.883   9.908   9.997
 10.041  10.049  10.053  10.127  13.701  13.950  14.044  18.664
 23.818  23.870  24.007  24.015  24.033  24.037  24.087  49.984
 69.766  69.799  69.882  69.903  69.968  70.009  70.035 139.762
 --------------------------------------------------------------
 
          Ground-State Mulliken Net Atomic Charges

     Atom                 Charge (a.u.)
  ----------------------------------------
      1 C                    -0.537564
      2 C                    -0.121083
      3 C                    -0.004060
      4 C                    -0.227618
      5 C                    -0.255525
      6 C                    -0.209277
      7 O                    -0.014490
      8 H                     0.192644
      9 H                     0.080159
     10 H                     0.217735
     11 H                     0.000988
     12 H                     0.244194
     13 C                    -0.536627
     14 H                     0.147545
     15 H                     0.166985
     16 H                     0.156253
     17 H                     0.178575
     18 H                     0.119376
     19 H                     0.131886
     20 H                     0.176501
     21 GH                   -0.016186
     22 GH                    0.029056
     23 GH                   -0.026067
     24 GH                   -0.006764
     25 GH                   -0.007304
     26 GH                    0.060007
     27 GH                    0.048993
     28 GH                   -0.001220
     29 GH                    0.001030
     30 GH                    0.000204
     31 GH                   -0.000251
     32 GH                    0.004766
     33 GH                   -0.043781
     34 GH                    0.000540
     35 GH                    0.033183
     36 GH                   -0.001288
     37 GH                    0.008777
     38 GH                   -0.001961
     39 GH                    0.001422
     40 GH                    0.010246
  ----------------------------------------
  Sum of atomic charges =     0.000000

 -----------------------------------------------------------------
                    Cartesian Multipole Moments
 -----------------------------------------------------------------
    Charge (ESU x 10^10)
                 0.0000
    Dipole Moment (Debye)
         X      -0.0044      Y       0.4038      Z       1.6134
       Tot       1.6632
    Quadrupole Moments (Debye-Ang)
        XX     -49.7853     XY      -0.0656     YY     -47.6220
        XZ       2.5707     YZ      -0.6655     ZZ     -52.6346
    Octopole Moments (Debye-Ang^2)
       XXX    -259.7302    XXY     -10.6531    XYY     -84.7072
       YYY     -23.5541    XXZ      -8.4430    XYZ      -0.9364
       YYZ     -12.4999    XZZ     -91.1083    YZZ      -7.6496
       ZZZ     -25.6689
    Hexadecapole Moments (Debye-Ang^3)
      XXXX   -1284.2813   XXXY     -27.6560   XXYY    -307.1984
      XYYY     -17.0609   YYYY    -557.2609   XXXZ     -50.2470
      XXYZ      -7.0499   XYYZ     -17.2202   YYYZ     -16.6480
      XXZZ    -263.1365   XYZZ      -6.8254   YYZZ    -125.7195
      XZZZ     -32.4716   YZZZ     -13.5850   ZZZZ    -235.3094
 -----------------------------------------------------------------
Archival summary:
1\1\vega03.cac.cornell.edu\SP\ProcedureUnspecified\BasisUnspecified\1712h20\jj585\MonApr1623:23:322018MonApr1623:23:322018\0\\#,ProcedureUnspecified,BasisUnspecified,\\0,1\O\C,1,1.43358\H,2,1.07,1,117.389\C,1,1.43646,2,98.0224,3,-179.253,0\C,4,1.51218,1,111.091,2,-178.393,0\H,5,1.07,4,109.471,1,-56.0506,0\H,5,1.07,4,109.472,1,-176.051,0\H,5,1.07,4,109.471,1,63.9491,0\C,2,1.54115,1,102.483,3,-123.548,0\H,9,1.09096,2,110.128,1,81.1589,0\H,9,1.09186,2,112.95,1,-157.962,0\Gh,11,1.54562,9,145.723,2,104.14,0\Gh,12,1.07,11,110.255,9,78.3635,0\Gh,13,1.07,12,104.724,11,145.813,0\Gh,13,1.54738,12,111.379,11,22.1982,0\Gh,15,1.07,13,111.755,12,40.4407,0\Gh,15,1.43358,13,103.124,12,-86.5463,0\Gh,17,1.43646,15,98.0224,13,-55.9256,0\Gh,18,1.51218,17,111.091,15,-178.393,0\Gh,19,1.07,18,109.471,17,-56.0506,0\Gh,19,1.07,18,109.472,17,-176.051,0\Gh,19,1.07,18,109.471,17,63.9491,0\Gh,15,1.54115,13,108.926,12,165.118,0\Gh,23,1.09096,15,110.128,13,-170.072,0\Gh,23,1.09186,15,112.95,13,-49.1929,0\C,2,1.54738,1,103.124,3,123.327,0\H,26,1.07,2,113.95,1,155.255,0\H,26,1.07,2,111.379,1,-86.5463,0\Gh,18,1.55466,17,102.371,15,-54.4128,0\Gh,29,1.09132,18,109.614,17,-87.4148,0\Gh,29,1.09187,18,112.355,17,152.676,0\C,4,1.55466,1,102.371,2,-54.4128,0\H,32,1.09132,4,109.614,1,-87.4148,0\H,32,1.09187,4,112.355,1,152.676,0\Gh,34,1.48804,32,166.07,4,-109.975,0\Gh,35,1.07,34,102.347,32,-68.1056,0\Gh,36,1.07,35,103.987,34,-161.713,0\C,26,1.5685,2,101.696,1,32.1918,0\H,38,1.07,26,111.7,2,120.458,0\H,38,1.07,26,114.71,2,-121.541,0\\\@

 Total job time:  272.44s(wall), 1080.77s(cpu) 
 Mon Apr 16 23:23:32 2018

        *************************************************************
        *                                                           *
        *  Thank you very much for using Q-Chem.  Have a nice day.  *
        *                                                           *
        *************************************************************


0 sent ACK to 0 
now end server 0 ... 
