mFile = /opt/software/qchem/qchem-5.0.1//bin/mpi/machines
Process 0 of 1 is on vega03.cac.cornell.edu - thread support 0
initial socket setup ...start
initial socket setup ...done 
now start server 0 ... 
vega03 10.84.3
Q-Chem Developer Version! Running on 10.84.3.*
                  Welcome to Q-Chem
     A Quantum Leap Into The Future Of Chemistry


 Q-Chem 5.0, Q-Chem, Inc., Pleasanton, CA (2017)

 Yihan Shao,  Zhengting Gan,  E. Epifanovsky,  A. T. B. Gilbert,  M. Wormit,  
 J. Kussmann,  A. W. Lange,  A. Behn,  Jia Deng,  Xintian Feng,  D. Ghosh,  
 M. Goldey,  P. R. Horn,  L. D. Jacobson,  I. Kaliman,  T. Kus,  A. Landau,  
 Jie Liu,  E. I. Proynov,  R. M. Richard,  R. P. Steele,  E. J. Sundstrom,  
 H. L. Woodcock III,  P. M. Zimmerman,  D. Zuev,  B. Albrecht,  E. Alguire,  
 S. A. Baeppler,  Z. Benda,  Y. A. Bernard,  E. J. Berquist,  K. B. Bravaya,  
 D. Casanova,  Chun-Min Chang,  Yunqing Chen,  A. Chien,  K. D. Closser,  
 M. P. Coons,  S. Dasgupta,  M. Diedenhofen,  Hainam Do,  R. G. Edgar,  
 Po-Tung Fang,  S. Fatehi,  Qingguo Feng,  Qinghui Ge,  A. Ghysels,  
 J. Gomes,  J. Gonthier,  A. Gunina,  M. W. D. Hanson-Heine,  
 P. H. P. Harbach,  A. W. Hauser,  J. E. Herr,  E. G. Hohenstein,  
 Z. C. Holden,  Kerwin Hui,  T.-C. Jagau,  Hyunjun Ji,  B. Kaduk,  
 K. Khistyaev,  Jaehoon Kim,  P. Klunzinger,  K. Koh,  D. Kosenkov,  
 T. Kowalczyk,  C. M. Krauter,  A. Kunitsa,  Ka Un Lao,  A. Laurent,  
 K. V. Lawler,  Joonho Lee,  D. Lefrancois,  S. Lehtola,  D. S. Levine,  
 Yi-Pei Li,  You-Sheng Lin,  Fenglai Liu,  E. Livshits,  A. Luenser,  
 P. Manohar,  E. Mansoor,  S. F. Manzer,  Shan-Ping Mao,  Yuezhi Mao,  
 N. Mardirossian,  A. V. Marenich,  L. A. Martinez-Martinez,  S. A. Maurer,  
 N. J. Mayhall,  S. C. McKenzie,  J.-M. Mewes,  A. F. Morrison,  K. Nanda,  
 T. S. Nguyen-Beck,  R. Olivares-Amaya,  J. A. Parkhill,  T. M. Perrine,  
 F. Plasser,  S. Prager,  A. Prociuk,  D. R. Rehn,  F. Rob,  M. Schneider,  
 N. Sergueev,  S. M. Sharada,  S. Sharma,  D. W. Small,  T. Stauch,  
 T. Stein,  Yu-Chuan Su,  A. J. W. Thom,  T. Tsuchimochi,  L. Vogt,  
 O. Vydrov,  M. A. Watson,  J. Wenzel,  M. de Wergifosse,  T. A. Wesolowski,  
 A. White,  J. Witte,  A. Yamada,  Jun Yang,  K. Yao,  S. Yeganeh,  
 S. R. Yost,  Zhi-Qiang You,  A. Zech,  Igor Ying Zhang,  Xing Zhang,  
 Yan Zhao,  Ying Zhu,  B. R. Brooks,  G. K. L. Chan,  C. J. Cramer,  
 M. S. Gordon,  W. J. Hehre,  A. Klamt,  M. W. Schmidt,  C. D. Sherrill,  
 D. G. Truhlar,  A. Aspuru-Guzik,  R. Baer,  A. T. Bell,  N. A. Besley,  
 Jeng-Da Chai,  A. Dreuw,  B. D. Dunietz,  T. R. Furlani,  Chao-Ping Hsu,  
 Yousung Jung,  Jing Kong,  D. S. Lambrecht,  WanZhen Liang,  C. Ochsenfeld,  
 V. A. Rassolov,  L. V. Slipchenko,  J. E. Subotnik,  T. Van Voorhis,  
 J. M. Herbert,  A. I. Krylov,  P. M. W. Gill,  M. Head-Gordon

 Contributors to earlier versions of Q-Chem not listed above: 
 R. D. Adamson,  B. Austin,  J. Baker,  G. J. O. Beran,  K. Brandhorst,  
 S. T. Brown,  E. F. C. Byrd,  A. K. Chakraborty,  C.-L. Cheng,  
 Siu Hung Chien,  D. M. Chipman,  D. L. Crittenden,  H. Dachsel,  
 R. A. DiStasio Jr.,  R. J. Doerksen,  A. D. Dutoi,  L. Fusti-Molnar,  
 W. A. Goddard III,  A. Golubeva-Zadorozhnaya,  S. R. Gwaltney,  G. Hawkins,  
 A. Heyden,  S. Hirata,  G. Kedziora,  F. J. Keil,  C. Kelley,  Jihan Kim,  
 R. A. King,  R. Z. Khaliullin,  P. P. Korambath,  W. Kurlancheek,  
 A. M. Lee,  M. S. Lee,  S. V. Levchenko,  Ching Yeh Lin,  D. Liotard,  
 R. C. Lochan,  I. Lotan,  P. E. Maslen,  N. Nair,  D. P. O'Neill,  
 D. Neuhauser,  E. Neuscamman,  C. M. Oana,  R. Olson,  B. Peters,  
 R. Peverati,  P. A. Pieniazek,  Y. M. Rhee,  J. Ritchie,  M. A. Rohrdanz,  
 E. Rosta,  N. J. Russ,  H. F. Schaefer III,  N. E. Schultz,  N. Shenvi,  
 A. C. Simmonett,  A. Sodt,  D. Stuck,  K. S. Thanthiriwatte,  V. Vanovschi,  
 Tao Wang,  A. Warshel,  C. F. Williams,  Q. Wu,  X. Xu,  W. Zhang

 Please cite Q-Chem as follows:
 Y. Shao et al., Mol. Phys. 113, 184-215 (2015)
 DOI: 10.1080/00268976.2014.952696

 Q-Chem 5.0.1 for Intel X86 EM64T Linux

 Parts of Q-Chem use Armadillo 5.200.1 (Boston Tea Smuggler).
 http://arma.sourceforge.net/

 Q-Chem begins on Tue Apr 17 00:55:04 2018  

Host: vega03.cac.cornell.edu
0

     Scratch files written to /scratch/jj585/vdw/01n00_distance_5.600_11.save//
 Parallel job on  1  processors

Checking the input file for inconsistencies... 	...done.

--------------------------------------------------------------
User input:
--------------------------------------------------------------
$molecule
0  1
--
0  1
C        -0.54444000        -0.68370000        -0.06689000
C        -0.55709000        +0.71878000        +0.05493000
C        -1.74320000        -1.41616000        -0.12552000
C        -2.93952000        -0.70056000        -0.05285000
C        -2.95313000        +0.68255000        +0.06934000
C        -1.77161000        +1.42404000        +0.12810000
H        -3.90354000        +1.20325000        +0.11710000
H        -3.87892000        -1.24211000        -0.08988000
C        -1.83960000        +2.92746000        +0.24839000
H        -1.24214000        +3.42352000        -0.52065000
H        -1.45503000        +3.26427000        +1.21284000
H        -2.87211000        +3.26623000        +0.14638000
H        -1.73878000        -2.44393000        -0.21875000
H        +0.35825000        -1.18166000        -0.11386000
H        +0.33551000        +1.23549000        +0.09097000
--
0  1
C        -0.73583000        -1.08409000        +5.51550000
C        -0.74848000        +0.31839000        +5.63732000
C        -1.93459000        -1.81655000        +5.45687000
C        -3.13091000        -1.10095000        +5.52954000
C        -3.14452000        +0.28216000        +5.65173000
C        -1.96300000        +1.02365000        +5.71049000
H        -4.09493000        +0.80286000        +5.69949000
H        -4.07031000        -1.64250000        +5.49251000
C        -2.03099000        +2.52707000        +5.83078000
H        -1.43353000        +3.02313000        +5.06174000
H        -1.64642000        +2.86388000        +6.79523000
H        -3.06350000        +2.86584000        +5.72877000
H        -1.93017000        -2.84432000        +5.36364000
H        +0.16686000        -1.58205000        +5.46853000
H        +0.14412000        +0.83510000        +5.67336000
$end

$rem
JOBTYPE                   SP
METHOD                    B3LYP
DFT_D                     d3_op
BASIS                     6-311++G(d,p)
SYMMETRY                  False
THRESH                    12
SCF_CONVERGENCE           8
MAX_SUB_FILE_NUM          128
MEM_STATIC                400
MEM_TOTAL                 4000
$end
--------------------------------------------------------------
 Adding empirical dispersion correction 
 ----------------------------------------------------------------
 Doing -D3(op) with
 s6 =   1.00000
 s8 =   0.78311
 a1 =   0.30000
 a2 =   4.25000
 n  =  10.00000
 -D3 energy without 3body term =     -0.0239517252 hartrees
 ----------------------------------------------------------------
             Standard Nuclear Orientation (Angstroms)
    I     Atom           X                Y                Z
 ----------------------------------------------------------------
    1      C       2.8820097409    -1.2080354683     1.1720146537
    2      C       2.8512634855     0.1991753220     1.1996324914
    3      C       2.8441758281    -1.9092522446    -0.0461086133
    4      C       2.7697208107    -1.1576008580    -1.2200006334
    5      C       2.7373067070     0.2303372955    -1.1938107870
    6      C       2.7748987782     0.9410480611     0.0073248057
    7      H       2.6849896651     0.7791566107    -2.1280211285
    8      H       2.7332937478    -1.6741760541    -2.1733857179
    9      C       2.7499982404     2.4503887327    -0.0178688612
   10      H       3.5732876335     2.8795067759     0.5587668792
   11      H       1.8259018091     2.8374053938     0.4154471356
   12      H       2.8318445311     2.8104166853    -1.0449662816
   13      H       2.8704563952    -2.9406077976    -0.0713593013
   14      H       2.9330817983    -1.7327974759     2.0591651815
   15      H       2.8851626745     0.6922042034     2.1056105445
   16      C      -2.7177606510    -1.2451344036     1.2068804278
   17      C      -2.7485069065     0.1620763866     1.2344982655
   18      C      -2.7555945639    -1.9463511799    -0.0112428392
   19      C      -2.8300495813    -1.1946997934    -1.1851348593
   20      C      -2.8624636849     0.1932383602    -1.1589450129
   21      C      -2.8248716138     0.9039491257     0.0421905798
   22      H      -2.9147807269     0.7420576753    -2.0931553544
   23      H      -2.8664766442    -1.7112749895    -2.1385199438
   24      C      -2.8497721516     2.4132897973     0.0169969129
   25      H      -2.0264827585     2.8424078406     0.5936326533
   26      H      -3.7738685829     2.8003064584     0.4503129097
   27      H      -2.7679258609     2.7733177499    -1.0101005075
   28      H      -2.7293139968    -2.9777067330    -0.0364935272
   29      H      -2.6666885937    -1.7698964113     2.0940309556
   30      H      -2.7146077175     0.6551052681     2.1404763186
 ----------------------------------------------------------------
 Molecular Point Group                 C1    NOp =  1
 Largest Abelian Subgroup              C1    NOp =  1
 Nuclear Repulsion Energy =   754.2314716484 hartrees
 There are       50 alpha and       50 beta electrons
 Requested basis set is 6-311++G(d,p)
 There are 164 shells and 420 basis functions

 Total QAlloc Memory Limit   4000 MB
 Mega-Array Size       392 MB
 MEM_STATIC part       400 MB
 A cutoff of  1.0D-12 yielded  10565 shell pairs
 There are     68656 function pairs (     72691 Cartesian)
 
 -------------------------------------------------------
 OpenMP Integral Computing Module                       
 Release: version 1.0, May 2013, Q-Chem Inc. Pittsburgh 
 -------------------------------------------------------
 Integral Job Info:
 Integral job number is                      11
 Integral operator is                         1
 short-range coefficients                     0
 long-range coefficients              100000000
 Omega coefficients                           0
 if combine SR and LR in K                    0
 Integral screening is                        0
 Integral computing path is                   2
 max size of driver memory is            800000
 size of driver memory is                593474
 size of scratch memory is              2361544
 max col of scratch BK array               1296
 max len of scratch array in speh3          155
 max len of scratch index in speh4           18
 max int batch size is                      520
 min int batch size is                       52
 fixed nKL is                                52
 max L of basis functions is                  2
 order of int derivative is                   0
 number of shells is                        164
 number of basis is                         434
 number of cartesian basis is               434
 number of contracted shell pairs         10565
 number of primitive shell pairs          23524
 maxK2 (contraction) of shell pair           36
 max number of K2 of shell pair               1
 max number of CS2 of shell pair           2020
 max number of PS2 of shell pair           3318
 mem total for path MDJ                  117498
 -------------------------------------------------------
 Smallest overlap matrix eigenvalue = 6.13E-07
 Linear dependence detected in AO basis
 Number of orthogonalized atomic orbitals = 419
 Maximum deviation from orthogonality = 8.853E-11

 Scale SEOQF with 1.000000e-01/1.000000e-01/1.000000e-01

 Standard Electronic Orientation quadrupole field applied
 Nucleus-field energy     =     0.0000000338 hartrees
 Guess from superposition of atomic densities
 Warning:  Energy on first SCF cycle will be non-variational
 A restricted hybrid HF-DFT SCF calculation will be
 performed using Pulay DIIS extrapolation
 Exchange:     0.2000 Hartree-Fock + 0.0800 Slater + 0.7200 B88
 Correlation:  0.1900 VWN1RPA + 0.8100 LYP
 Using SG-1 standard quadrature grid
 Dispersion:   Grimme D3
 SCF converges when DIIS error is below 1.0E-08
 using 4 threads for integral computing
 -------------------------------------------------------
 OpenMP Integral computing Module                
 Release: version 1.0, May 2013, Q-Chem Inc. Pittsburgh 
 -------------------------------------------------------
 -------------------------------------------------------
 OpenMP BLAS3 based DFT computing Module                
 Release: version 1.0, May 2013, Q-Chem Inc. Pittsburgh 
 -------------------------------------------------------
 ---------------------------------------
  Cycle       Energy         DIIS Error
 ---------------------------------------
    1    -546.3011115506      3.10E-02
    2    -542.9917071477      3.47E-03
    3    -542.9432211449      3.78E-03
    4    -543.2858070878      2.88E-04
    5    -543.2870616334      1.46E-04
    6    -543.2874243889      6.33E-05
    7    -543.2875052610      2.40E-05
    8    -543.2875193540      1.99E-06
    9    -543.2875194217      1.21E-06
   10    -543.2875194536      3.11E-07
   11    -543.2875194556      1.21E-07
   12    -543.2875194560      2.20E-08
   13    -543.2875194560      5.44E-09 Convergence criterion met
 ---------------------------------------
 SCF time:  CPU 330.89 s  wall 83.01 s
 SCF   energy in the final basis set = -543.28751946
 Total energy in the final basis set = -543.28751946
 
 --------------------------------------------------------------
 
                    Orbital Energies (a.u.)
 --------------------------------------------------------------
 
 Alpha MOs
 -- Occupied --
-10.183 -10.183 -10.171 -10.171 -10.169 -10.169 -10.168 -10.168
-10.168 -10.168 -10.167 -10.167 -10.167 -10.166  -0.855  -0.855
 -0.774  -0.773  -0.745  -0.745  -0.689  -0.689  -0.609  -0.608
 -0.588  -0.588  -0.519  -0.519  -0.463  -0.463  -0.460  -0.460
 -0.423  -0.422  -0.421  -0.420  -0.416  -0.416  -0.388  -0.388
 -0.355  -0.354  -0.348  -0.348  -0.340  -0.340  -0.252  -0.251
 -0.245  -0.244
 -- Virtual --
 -0.017  -0.013  -0.013  -0.010  -0.009   0.001   0.005   0.006
  0.016   0.020   0.024   0.028   0.037   0.038   0.042   0.048
  0.052   0.058   0.063   0.066   0.070   0.076   0.083   0.085
  0.087   0.102   0.103   0.107   0.109   0.111   0.117   0.118
  0.121   0.121   0.124   0.126   0.128   0.130   0.130   0.133
  0.133   0.133   0.138   0.142   0.146   0.148   0.151   0.154
  0.157   0.164   0.165   0.172   0.175   0.177   0.179   0.182
  0.182   0.187   0.188   0.190   0.194   0.208   0.210   0.211
  0.213   0.216   0.223   0.227   0.231   0.236   0.244   0.247
  0.253   0.254   0.258   0.261   0.269   0.271   0.271   0.281
  0.286   0.286   0.291   0.294   0.298   0.301   0.301   0.306
  0.312   0.319   0.320   0.325   0.343   0.349   0.351   0.359
  0.365   0.374   0.375   0.377   0.379   0.386   0.388   0.466
  0.474   0.477   0.496   0.515   0.526   0.533   0.536   0.540
  0.543   0.550   0.556   0.565   0.568   0.580   0.583   0.590
  0.591   0.603   0.605   0.608   0.617   0.620   0.626   0.633
  0.645   0.655   0.657   0.664   0.666   0.668   0.670   0.672
  0.680   0.688   0.693   0.701   0.706   0.728   0.731   0.733
  0.737   0.741   0.753   0.768   0.778   0.787   0.792   0.802
  0.804   0.828   0.837   0.854   0.855   0.867   0.870   0.887
  0.893   0.894   0.905   0.907   0.917   0.922   0.926   0.929
  0.932   0.945   0.946   0.952   0.970   1.001   1.012   1.017
  1.019   1.036   1.040   1.044   1.051   1.079   1.087   1.093
  1.099   1.126   1.128   1.147   1.150   1.325   1.326   1.360
  1.364   1.370   1.372   1.413   1.421   1.462   1.465   1.474
  1.485   1.528   1.535   1.540   1.547   1.550   1.555   1.562
  1.563   1.578   1.578   1.590   1.592   1.607   1.613   1.615
  1.628   1.640   1.654   1.658   1.667   1.676   1.682   1.713
  1.720   1.758   1.762   1.766   1.770   1.802   1.803   1.820
  1.823   1.840   1.851   1.855   1.866   1.897   1.900   1.918
  1.921   1.936   1.940   1.941   1.943   1.961   1.962   1.964
  1.964   2.024   2.028   2.031   2.036   2.039   2.043   2.102
  2.106   2.110   2.118   2.192   2.199   2.239   2.241   2.250
  2.254   2.321   2.326   2.401   2.404   2.413   2.419   2.445
  2.451   2.455   2.471   2.487   2.490   2.501   2.526   2.551
  2.556   2.561   2.566   2.587   2.612   2.631   2.641   2.672
  2.676   2.679   2.684   2.701   2.706   2.717   2.729   2.733
  2.741   2.743   2.752   2.760   2.763   2.769   2.784   2.786
  2.817   2.826   2.848   2.850   2.873   2.898   2.907   2.911
  2.924   2.938   2.945   2.953   2.957   2.994   3.003   3.004
  3.016   3.092   3.096   3.152   3.160   3.223   3.228   3.350
  3.359   3.383   3.396   3.510   3.518   3.542   3.554   3.653
  3.656   3.705   3.724   3.792   3.794   3.858   3.863   4.034
  4.038   4.122   4.125   4.185   4.191   4.202   4.208   4.344
  4.345   4.840   4.841  23.637  23.669  23.939  23.943  24.000
 24.006  24.007  24.015  24.098  24.099  24.111  24.111  24.206
 24.210
 --------------------------------------------------------------
 
          Ground-State Mulliken Net Atomic Charges

     Atom                 Charge (a.u.)
  ----------------------------------------
      1 C                    -0.030920
      2 C                    -0.426785
      3 C                    -0.335131
      4 C                    -0.070261
      5 C                    -0.705128
      6 C                     0.977144
      7 H                     0.137632
      8 H                     0.168764
      9 C                    -0.629135
     10 H                     0.146154
     11 H                     0.153975
     12 H                     0.146310
     13 H                     0.147667
     14 H                     0.158425
     15 H                     0.160569
     16 C                    -0.093126
     17 C                    -0.368251
     18 C                    -0.304734
     19 C                    -0.144547
     20 C                    -0.600933
     21 C                     0.914912
     22 H                     0.138855
     23 H                     0.169748
     24 C                    -0.630856
     25 H                     0.147776
     26 H                     0.158160
     27 H                     0.146987
     28 H                     0.148006
     29 H                     0.158877
     30 H                     0.159846
  ----------------------------------------
  Sum of atomic charges =    -0.000000

 -----------------------------------------------------------------
                    Cartesian Multipole Moments
 -----------------------------------------------------------------
    Charge (ESU x 10^10)
                -0.0000
    Dipole Moment (Debye)
         X      -0.0161      Y       0.6803      Z       0.1334
       Tot       0.6934
    Quadrupole Moments (Debye-Ang)
        XX     -93.8160     XY      -0.3418     YY     -77.0782
        XZ       0.6293     YZ       0.0768     ZZ     -78.3979
    Octopole Moments (Debye-Ang^2)
       XXX      -1.1552    XXY      13.7108    XYY       0.7961
       YYY     -10.8246    XXZ       2.5785    XYZ      -0.5270
       YYZ       0.6125    XZZ       0.3067    YZZ      -1.6525
       ZZZ       0.1746
    Hexadecapole Moments (Debye-Ang^3)
      XXXX   -4515.5480   XXXY     -10.1730   XXYY    -851.6948
      XYYY      -0.8563   YYYY   -1242.9138   XXXZ      15.0419
      XXYZ       4.0321   XYYZ       1.1964   YYYZ       0.4713
      XXZZ    -754.3201   XYZZ       0.4676   YYZZ    -298.5448
      XZZZ       3.7305   YZZZ      -3.5834   ZZZZ    -578.6503
 -----------------------------------------------------------------
Archival summary:
1\1\vega03.cac.cornell.edu\SP\ProcedureUnspecified\BasisUnspecified\1416\jj585\TueApr1700:56:282018TueApr1700:56:282018\0\\#,ProcedureUnspecified,BasisUnspecified,\\0,1\C\C,1,1.39616\H,2,1.08475,1,118.991\C,2,1.38856,1,121.629,3,179.783,0\H,4,1.08495,2,119.453,1,179.671,0\C,4,1.3959,2,121.575,1,-0.129654,0\H,6,1.032,4,121.26,2,-179.84,0\C,6,1.40604,4,117.481,2,0.160349,0\H,8,1.032,6,119.504,4,179.742,0\C,1,1.40634,2,117.536,3,-179.6,0\H,10,1.032,1,119.607,2,179.72,0\C,1,1.50976,2,119.611,3,-0.341033,0\H,12,1.09144,1,110.135,2,-7.24194,0\H,12,1.09156,1,111.21,2,113.289,0\H,12,1.09291,1,111.796,2,-127.427,0\H,14,3.85651,12,149.824,1,-50.8651,0\C,16,1.09291,14,136.686,12,-9.66647,0\H,17,1.09144,16,108.09,14,-58.1728,0\H,17,1.09156,16,106.802,14,-174.942,0\C,17,1.50976,16,111.796,14,63.2027,0\C,20,1.39616,17,119.611,16,-127.427,0\H,21,1.08475,20,118.991,17,-0.341033,0\C,21,1.38856,20,121.629,17,179.442,0\H,23,1.08495,21,119.453,20,179.671,0\C,23,1.3959,21,121.575,20,-0.129654,0\H,25,1.032,23,121.26,21,-179.84,0\C,25,1.40604,23,117.481,21,0.160349,0\H,27,1.032,25,119.504,23,179.742,0\C,20,1.40634,17,122.848,16,51.7903,0\H,29,1.032,20,119.607,17,0.487832,0\\\@

 Total job time:  83.71s(wall), 332.96s(cpu) 
 Tue Apr 17 00:56:28 2018

        *************************************************************
        *                                                           *
        *  Thank you very much for using Q-Chem.  Have a nice day.  *
        *                                                           *
        *************************************************************


0 sent ACK to 0 
now end server 0 ... 
