mFile = /opt/software/qchem/qchem-5.0.1//bin/mpi/machines
Process 0 of 1 is on vega03.cac.cornell.edu - thread support 0
initial socket setup ...start
initial socket setup ...done 
now start server 0 ... 
vega03 10.84.3
Q-Chem Developer Version! Running on 10.84.3.*
                  Welcome to Q-Chem
     A Quantum Leap Into The Future Of Chemistry


 Q-Chem 5.0, Q-Chem, Inc., Pleasanton, CA (2017)

 Yihan Shao,  Zhengting Gan,  E. Epifanovsky,  A. T. B. Gilbert,  M. Wormit,  
 J. Kussmann,  A. W. Lange,  A. Behn,  Jia Deng,  Xintian Feng,  D. Ghosh,  
 M. Goldey,  P. R. Horn,  L. D. Jacobson,  I. Kaliman,  T. Kus,  A. Landau,  
 Jie Liu,  E. I. Proynov,  R. M. Richard,  R. P. Steele,  E. J. Sundstrom,  
 H. L. Woodcock III,  P. M. Zimmerman,  D. Zuev,  B. Albrecht,  E. Alguire,  
 S. A. Baeppler,  Z. Benda,  Y. A. Bernard,  E. J. Berquist,  K. B. Bravaya,  
 D. Casanova,  Chun-Min Chang,  Yunqing Chen,  A. Chien,  K. D. Closser,  
 M. P. Coons,  S. Dasgupta,  M. Diedenhofen,  Hainam Do,  R. G. Edgar,  
 Po-Tung Fang,  S. Fatehi,  Qingguo Feng,  Qinghui Ge,  A. Ghysels,  
 J. Gomes,  J. Gonthier,  A. Gunina,  M. W. D. Hanson-Heine,  
 P. H. P. Harbach,  A. W. Hauser,  J. E. Herr,  E. G. Hohenstein,  
 Z. C. Holden,  Kerwin Hui,  T.-C. Jagau,  Hyunjun Ji,  B. Kaduk,  
 K. Khistyaev,  Jaehoon Kim,  P. Klunzinger,  K. Koh,  D. Kosenkov,  
 T. Kowalczyk,  C. M. Krauter,  A. Kunitsa,  Ka Un Lao,  A. Laurent,  
 K. V. Lawler,  Joonho Lee,  D. Lefrancois,  S. Lehtola,  D. S. Levine,  
 Yi-Pei Li,  You-Sheng Lin,  Fenglai Liu,  E. Livshits,  A. Luenser,  
 P. Manohar,  E. Mansoor,  S. F. Manzer,  Shan-Ping Mao,  Yuezhi Mao,  
 N. Mardirossian,  A. V. Marenich,  L. A. Martinez-Martinez,  S. A. Maurer,  
 N. J. Mayhall,  S. C. McKenzie,  J.-M. Mewes,  A. F. Morrison,  K. Nanda,  
 T. S. Nguyen-Beck,  R. Olivares-Amaya,  J. A. Parkhill,  T. M. Perrine,  
 F. Plasser,  S. Prager,  A. Prociuk,  D. R. Rehn,  F. Rob,  M. Schneider,  
 N. Sergueev,  S. M. Sharada,  S. Sharma,  D. W. Small,  T. Stauch,  
 T. Stein,  Yu-Chuan Su,  A. J. W. Thom,  T. Tsuchimochi,  L. Vogt,  
 O. Vydrov,  M. A. Watson,  J. Wenzel,  M. de Wergifosse,  T. A. Wesolowski,  
 A. White,  J. Witte,  A. Yamada,  Jun Yang,  K. Yao,  S. Yeganeh,  
 S. R. Yost,  Zhi-Qiang You,  A. Zech,  Igor Ying Zhang,  Xing Zhang,  
 Yan Zhao,  Ying Zhu,  B. R. Brooks,  G. K. L. Chan,  C. J. Cramer,  
 M. S. Gordon,  W. J. Hehre,  A. Klamt,  M. W. Schmidt,  C. D. Sherrill,  
 D. G. Truhlar,  A. Aspuru-Guzik,  R. Baer,  A. T. Bell,  N. A. Besley,  
 Jeng-Da Chai,  A. Dreuw,  B. D. Dunietz,  T. R. Furlani,  Chao-Ping Hsu,  
 Yousung Jung,  Jing Kong,  D. S. Lambrecht,  WanZhen Liang,  C. Ochsenfeld,  
 V. A. Rassolov,  L. V. Slipchenko,  J. E. Subotnik,  T. Van Voorhis,  
 J. M. Herbert,  A. I. Krylov,  P. M. W. Gill,  M. Head-Gordon

 Contributors to earlier versions of Q-Chem not listed above: 
 R. D. Adamson,  B. Austin,  J. Baker,  G. J. O. Beran,  K. Brandhorst,  
 S. T. Brown,  E. F. C. Byrd,  A. K. Chakraborty,  C.-L. Cheng,  
 Siu Hung Chien,  D. M. Chipman,  D. L. Crittenden,  H. Dachsel,  
 R. A. DiStasio Jr.,  R. J. Doerksen,  A. D. Dutoi,  L. Fusti-Molnar,  
 W. A. Goddard III,  A. Golubeva-Zadorozhnaya,  S. R. Gwaltney,  G. Hawkins,  
 A. Heyden,  S. Hirata,  G. Kedziora,  F. J. Keil,  C. Kelley,  Jihan Kim,  
 R. A. King,  R. Z. Khaliullin,  P. P. Korambath,  W. Kurlancheek,  
 A. M. Lee,  M. S. Lee,  S. V. Levchenko,  Ching Yeh Lin,  D. Liotard,  
 R. C. Lochan,  I. Lotan,  P. E. Maslen,  N. Nair,  D. P. O'Neill,  
 D. Neuhauser,  E. Neuscamman,  C. M. Oana,  R. Olson,  B. Peters,  
 R. Peverati,  P. A. Pieniazek,  Y. M. Rhee,  J. Ritchie,  M. A. Rohrdanz,  
 E. Rosta,  N. J. Russ,  H. F. Schaefer III,  N. E. Schultz,  N. Shenvi,  
 A. C. Simmonett,  A. Sodt,  D. Stuck,  K. S. Thanthiriwatte,  V. Vanovschi,  
 Tao Wang,  A. Warshel,  C. F. Williams,  Q. Wu,  X. Xu,  W. Zhang

 Please cite Q-Chem as follows:
 Y. Shao et al., Mol. Phys. 113, 184-215 (2015)
 DOI: 10.1080/00268976.2014.952696

 Q-Chem 5.0.1 for Intel X86 EM64T Linux

 Parts of Q-Chem use Armadillo 5.200.1 (Boston Tea Smuggler).
 http://arma.sourceforge.net/

 Q-Chem begins on Tue Apr 17 00:47:50 2018  

Host: vega03.cac.cornell.edu
0

     Scratch files written to /scratch/jj585/vdw/01n00_distance_4.300_10.save//
 Parallel job on  1  processors

Checking the input file for inconsistencies... 	...done.

--------------------------------------------------------------
User input:
--------------------------------------------------------------
$molecule
0  1
C        -0.54444000        -0.68370000        -0.06689000
C        -0.55709000        +0.71878000        +0.05493000
C        -1.74320000        -1.41616000        -0.12552000
C        -2.93952000        -0.70056000        -0.05285000
C        -2.95313000        +0.68255000        +0.06934000
C        -1.77161000        +1.42404000        +0.12810000
H        -3.90354000        +1.20325000        +0.11710000
H        -3.87892000        -1.24211000        -0.08988000
C        -1.83960000        +2.92746000        +0.24839000
H        -1.24214000        +3.42352000        -0.52065000
H        -1.45503000        +3.26427000        +1.21284000
H        -2.87211000        +3.26623000        +0.14638000
H        -1.73878000        -2.44393000        -0.21875000
H        +0.35825000        -1.18166000        -0.11386000
H        +0.33551000        +1.23549000        +0.09097000
@C        -0.69140000        -0.99114000        +4.21959000
@C        -0.70405000        +0.41134000        +4.34141000
@C        -1.89016000        -1.72360000        +4.16096000
@C        -3.08648000        -1.00800000        +4.23363000
@C        -3.10009000        +0.37511000        +4.35582000
@C        -1.91857000        +1.11660000        +4.41458000
@H        -4.05050000        +0.89581000        +4.40358000
@H        -4.02588000        -1.54955000        +4.19660000
@C        -1.98656000        +2.62002000        +4.53487000
@H        -1.38910000        +3.11608000        +3.76583000
@H        -1.60199000        +2.95683000        +5.49932000
@H        -3.01907000        +2.95879000        +4.43286000
@H        -1.88574000        -2.75137000        +4.06773000
@H        +0.21129000        -1.48910000        +4.17262000
@H        +0.18855000        +0.92805000        +4.37745000
$end

$rem
JOBTYPE                   SP
METHOD                    B3LYP
DFT_D                     d3_op
BASIS                     6-311++G(d,p)
SYMMETRY                  False
THRESH                    12
SCF_CONVERGENCE           8
MAX_SUB_FILE_NUM          128
MEM_STATIC                400
MEM_TOTAL                 4000
$end
--------------------------------------------------------------
 Adding empirical dispersion correction 
 ----------------------------------------------------------------
 Doing -D3(op) with
 s6 =   1.00000
 s8 =   0.78311
 a1 =   0.30000
 a2 =   4.25000
 n  =  10.00000
 -D3 energy without 3body term =     -0.0113800034 hartrees
 ----------------------------------------------------------------
             Standard Nuclear Orientation (Angstroms)
    I     Atom           X                Y                Z
 ----------------------------------------------------------------
    1      C      -0.5444400000    -0.6837000000    -0.0668900000
    2      C      -0.5570900000     0.7187800000     0.0549300000
    3      C      -1.7432000000    -1.4161600000    -0.1255200000
    4      C      -2.9395200000    -0.7005600000    -0.0528500000
    5      C      -2.9531300000     0.6825500000     0.0693400000
    6      C      -1.7716100000     1.4240400000     0.1281000000
    7      H      -3.9035400000     1.2032500000     0.1171000000
    8      H      -3.8789200000    -1.2421100000    -0.0898800000
    9      C      -1.8396000000     2.9274600000     0.2483900000
   10      H      -1.2421400000     3.4235200000    -0.5206500000
   11      H      -1.4550300000     3.2642700000     1.2128400000
   12      H      -2.8721100000     3.2662300000     0.1463800000
   13      H      -1.7387800000    -2.4439300000    -0.2187500000
   14      H       0.3582500000    -1.1816600000    -0.1138600000
   15      H       0.3355100000     1.2354900000     0.0909700000
   16      GH     -0.6914000000    -0.9911400000     4.2195900000
   17      GH     -0.7040500000     0.4113400000     4.3414100000
   18      GH     -1.8901600000    -1.7236000000     4.1609600000
   19      GH     -3.0864800000    -1.0080000000     4.2336300000
   20      GH     -3.1000900000     0.3751100000     4.3558200000
   21      GH     -1.9185700000     1.1166000000     4.4145800000
   22      GH     -4.0505000000     0.8958100000     4.4035800000
   23      GH     -4.0258800000    -1.5495500000     4.1966000000
   24      GH     -1.9865600000     2.6200200000     4.5348700000
   25      GH     -1.3891000000     3.1160800000     3.7658300000
   26      GH     -1.6019900000     2.9568300000     5.4993200000
   27      GH     -3.0190700000     2.9587900000     4.4328600000
   28      GH     -1.8857400000    -2.7513700000     4.0677300000
   29      GH      0.2112900000    -1.4891000000     4.1726200000
   30      GH      0.1885500000     0.9280500000     4.3774500000
 ----------------------------------------------------------------
 Nuclear Repulsion Energy =   269.2168625664 hartrees
 There are       25 alpha and       25 beta electrons
 Requested basis set is 6-311++G(d,p)
 There are 164 shells and 420 basis functions

 Total QAlloc Memory Limit   4000 MB
 Mega-Array Size       392 MB
 MEM_STATIC part       400 MB
 A cutoff of  1.0D-12 yielded  11216 shell pairs
 There are     74601 function pairs (     79396 Cartesian)
 
 -------------------------------------------------------
 OpenMP Integral Computing Module                       
 Release: version 1.0, May 2013, Q-Chem Inc. Pittsburgh 
 -------------------------------------------------------
 Integral Job Info:
 Integral job number is                      11
 Integral operator is                         1
 short-range coefficients                     0
 long-range coefficients              100000000
 Omega coefficients                           0
 if combine SR and LR in K                    0
 Integral screening is                        0
 Integral computing path is                   2
 max size of driver memory is            800000
 size of driver memory is                593474
 size of scratch memory is              2361544
 max col of scratch BK array               1296
 max len of scratch array in speh3          155
 max len of scratch index in speh4           18
 max int batch size is                      520
 min int batch size is                       52
 fixed nKL is                                52
 max L of basis functions is                  2
 order of int derivative is                   0
 number of shells is                        164
 number of basis is                         434
 number of cartesian basis is               434
 number of contracted shell pairs         11216
 number of primitive shell pairs          24564
 maxK2 (contraction) of shell pair           36
 max number of K2 of shell pair               1
 max number of CS2 of shell pair           2102
 max number of PS2 of shell pair           3480
 mem total for path MDJ                  127704
 -------------------------------------------------------
 Smallest overlap matrix eigenvalue = 3.04E-07
 Linear dependence detected in AO basis
 Number of orthogonalized atomic orbitals = 418
 Maximum deviation from orthogonality = 5.318E-11

 Scale SEOQF with 1.000000e-01/1.000000e-01/1.000000e-02

 Standard Electronic Orientation quadrupole field applied
 Nucleus-field energy     =     0.0000000169 hartrees
 Guess from superposition of atomic densities
 Warning:  Energy on first SCF cycle will be non-variational

 Q-Chem warning in module /opt/software/qchem/qchem-5.0.1/libgen/Atomic_PolEc.C, line 58:

 No atomic polarizability available.


 Q-Chem warning in module /opt/software/qchem/qchem-5.0.1/libgen/Atomic_PolEc.C, line 73:

 No atomic polarizability available.


 Q-Chem warning in module /opt/software/qchem/qchem-5.0.1/libgen/Atomic_PolEc.C, line 58:

 No atomic polarizability available.


 Q-Chem warning in module /opt/software/qchem/qchem-5.0.1/libgen/Atomic_PolEc.C, line 73:

 No atomic polarizability available.


 Q-Chem warning in module /opt/software/qchem/qchem-5.0.1/libgen/Atomic_PolEc.C, line 58:

 No atomic polarizability available.


 Q-Chem warning in module /opt/software/qchem/qchem-5.0.1/libgen/Atomic_PolEc.C, line 73:

 No atomic polarizability available.


 Q-Chem warning in module /opt/software/qchem/qchem-5.0.1/libgen/Atomic_PolEc.C, line 58:

 No atomic polarizability available.


 Q-Chem warning in module /opt/software/qchem/qchem-5.0.1/libgen/Atomic_PolEc.C, line 73:

 No atomic polarizability available.


 Q-Chem warning in module /opt/software/qchem/qchem-5.0.1/libgen/Atomic_PolEc.C, line 58:

 No atomic polarizability available.


 Q-Chem warning in module /opt/software/qchem/qchem-5.0.1/libgen/Atomic_PolEc.C, line 73:

 No atomic polarizability available.


 Q-Chem warning in module /opt/software/qchem/qchem-5.0.1/libgen/Atomic_PolEc.C, line 58:

 No atomic polarizability available.


 Q-Chem warning in module /opt/software/qchem/qchem-5.0.1/libgen/Atomic_PolEc.C, line 73:

 No atomic polarizability available.


 Q-Chem warning in module /opt/software/qchem/qchem-5.0.1/libgen/Atomic_PolEc.C, line 58:

 No atomic polarizability available.


 Q-Chem warning in module /opt/software/qchem/qchem-5.0.1/libgen/Atomic_PolEc.C, line 73:

 No atomic polarizability available.


 Q-Chem warning in module /opt/software/qchem/qchem-5.0.1/libgen/Atomic_PolEc.C, line 58:

 No atomic polarizability available.


 Q-Chem warning in module /opt/software/qchem/qchem-5.0.1/libgen/Atomic_PolEc.C, line 73:

 No atomic polarizability available.


 Q-Chem warning in module /opt/software/qchem/qchem-5.0.1/libgen/Atomic_PolEc.C, line 58:

 No atomic polarizability available.


 Q-Chem warning in module /opt/software/qchem/qchem-5.0.1/libgen/Atomic_PolEc.C, line 73:

 No atomic polarizability available.


 Q-Chem warning in module /opt/software/qchem/qchem-5.0.1/libgen/Atomic_PolEc.C, line 58:

 No atomic polarizability available.


 Q-Chem warning in module /opt/software/qchem/qchem-5.0.1/libgen/Atomic_PolEc.C, line 73:

 No atomic polarizability available.


 Q-Chem warning in module /opt/software/qchem/qchem-5.0.1/libgen/Atomic_PolEc.C, line 58:

 No atomic polarizability available.


 Q-Chem warning in module /opt/software/qchem/qchem-5.0.1/libgen/Atomic_PolEc.C, line 73:

 No atomic polarizability available.


 Q-Chem warning in module /opt/software/qchem/qchem-5.0.1/libgen/Atomic_PolEc.C, line 58:

 No atomic polarizability available.


 Q-Chem warning in module /opt/software/qchem/qchem-5.0.1/libgen/Atomic_PolEc.C, line 73:

 No atomic polarizability available.


 Q-Chem warning in module /opt/software/qchem/qchem-5.0.1/libgen/Atomic_PolEc.C, line 58:

 No atomic polarizability available.


 Q-Chem warning in module /opt/software/qchem/qchem-5.0.1/libgen/Atomic_PolEc.C, line 73:

 No atomic polarizability available.


 Q-Chem warning in module /opt/software/qchem/qchem-5.0.1/libgen/Atomic_PolEc.C, line 58:

 No atomic polarizability available.


 Q-Chem warning in module /opt/software/qchem/qchem-5.0.1/libgen/Atomic_PolEc.C, line 73:

 No atomic polarizability available.


 Q-Chem warning in module /opt/software/qchem/qchem-5.0.1/libgen/Atomic_PolEc.C, line 58:

 No atomic polarizability available.


 Q-Chem warning in module /opt/software/qchem/qchem-5.0.1/libgen/Atomic_PolEc.C, line 73:

 No atomic polarizability available.

 A restricted hybrid HF-DFT SCF calculation will be
 performed using Pulay DIIS extrapolation
 Exchange:     0.2000 Hartree-Fock + 0.0800 Slater + 0.7200 B88
 Correlation:  0.1900 VWN1RPA + 0.8100 LYP
 Using SG-1 standard quadrature grid
 Dispersion:   Grimme D3
 SCF converges when DIIS error is below 1.0E-08
 using 4 threads for integral computing
 -------------------------------------------------------
 OpenMP Integral computing Module                
 Release: version 1.0, May 2013, Q-Chem Inc. Pittsburgh 
 -------------------------------------------------------
 -------------------------------------------------------
 OpenMP BLAS3 based DFT computing Module                
 Release: version 1.0, May 2013, Q-Chem Inc. Pittsburgh 
 -------------------------------------------------------
 ---------------------------------------
  Cycle       Energy         DIIS Error
 ---------------------------------------
    1    -273.1502275136      2.19E-02
    2    -271.4969218044      2.45E-03
    3    -271.4747864698      2.66E-03
    4    -271.6431449235      2.00E-04
    5    -271.6437491504      1.02E-04
    6    -271.6439262044      4.37E-05
    7    -271.6439648704      1.60E-05
    8    -271.6439710371      1.32E-06
    9    -271.6439710670      7.99E-07
   10    -271.6439710809      1.87E-07
   11    -271.6439710816      8.04E-08
   12    -271.6439710817      1.00E-08 Convergence criterion met
 ---------------------------------------
 SCF time:  CPU 345.07 s  wall 86.54 s
 SCF   energy in the final basis set = -271.64397108
 Total energy in the final basis set = -271.64397108
 
 --------------------------------------------------------------
 
                    Orbital Energies (a.u.)
 --------------------------------------------------------------
 
 Alpha MOs
 -- Occupied --
-10.185 -10.174 -10.172 -10.171 -10.170 -10.169 -10.169  -0.858
 -0.776  -0.748  -0.691  -0.611  -0.591  -0.521  -0.465  -0.462
 -0.424  -0.423  -0.418  -0.390  -0.358  -0.350  -0.342  -0.255
 -0.248
 -- Virtual --
 -0.017  -0.013  -0.008   0.005   0.009   0.019   0.028   0.031
  0.036   0.040   0.049   0.053   0.057   0.062   0.064   0.067
  0.077   0.083   0.088   0.091   0.095   0.102   0.105   0.109
  0.111   0.114   0.120   0.122   0.124   0.128   0.129   0.131
  0.138   0.140   0.143   0.145   0.154   0.159   0.162   0.163
  0.170   0.171   0.175   0.177   0.179   0.180   0.185   0.186
  0.193   0.195   0.201   0.208   0.211   0.215   0.216   0.224
  0.228   0.232   0.236   0.239   0.245   0.248   0.251   0.254
  0.263   0.264   0.270   0.274   0.277   0.277   0.283   0.292
  0.296   0.300   0.304   0.309   0.313   0.320   0.326   0.334
  0.335   0.341   0.353   0.366   0.371   0.373   0.378   0.388
  0.398   0.409   0.419   0.429   0.433   0.442   0.449   0.456
  0.474   0.479   0.487   0.504   0.512   0.520   0.525   0.546
  0.547   0.550   0.555   0.571   0.577   0.586   0.595   0.600
  0.604   0.610   0.616   0.618   0.622   0.633   0.639   0.643
  0.648   0.653   0.659   0.661   0.665   0.688   0.696   0.704
  0.713   0.728   0.733   0.738   0.743   0.750   0.756   0.766
  0.775   0.790   0.805   0.815   0.826   0.842   0.854   0.862
  0.881   0.891   0.898   0.907   0.925   0.931   0.938   0.944
  0.952   0.962   0.970   1.006   1.014   1.019   1.032   1.049
  1.060   1.079   1.101   1.106   1.127   1.129   1.148   1.155
  1.173   1.189   1.211   1.221   1.275   1.334   1.364   1.373
  1.410   1.429   1.434   1.449   1.458   1.478   1.502   1.507
  1.526   1.530   1.534   1.540   1.546   1.562   1.565   1.569
  1.581   1.588   1.600   1.618   1.628   1.651   1.664   1.677
  1.694   1.702   1.714   1.722   1.728   1.741   1.745   1.757
  1.767   1.772   1.782   1.794   1.809   1.810   1.830   1.852
  1.862   1.864   1.869   1.886   1.898   1.900   1.908   1.934
  1.939   1.946   1.958   1.963   1.964   1.966   1.986   2.010
  2.028   2.036   2.041   2.044   2.049   2.066   2.101   2.108
  2.118   2.143   2.164   2.200   2.243   2.252   2.255   2.306
  2.315   2.322   2.325   2.333   2.389   2.404   2.408   2.417
  2.418   2.425   2.444   2.450   2.482   2.487   2.496   2.497
  2.526   2.537   2.547   2.560   2.565   2.573   2.586   2.596
  2.616   2.634   2.646   2.676   2.690   2.708   2.728   2.734
  2.741   2.751   2.759   2.767   2.780   2.812   2.836   2.843
  2.865   2.899   2.905   2.915   2.921   2.930   2.947   2.955
  2.988   2.991   2.999   3.002   3.016   3.042   3.095   3.114
  3.156   3.171   3.202   3.225   3.245   3.278   3.338   3.354
  3.369   3.384   3.393   3.399   3.444   3.474   3.495   3.519
  3.521   3.546   3.554   3.577   3.590   3.623   3.655   3.665
  3.713   3.724   3.792   3.795   3.863   4.010   4.035   4.040
  4.122   4.181   4.188   4.206   4.344   4.633   4.728   4.838
  4.839   4.868   4.919   4.959   5.099   5.205   5.642   7.075
  7.123   7.158   7.218   7.238   7.369   7.616   7.722   7.728
  7.752   7.771   7.787   7.826   7.837   7.871   7.980   8.029
  8.050   8.168   8.483   8.909   9.713   9.999  10.189  10.208
 10.238  10.246  10.306  23.675  23.942  24.004  24.016  24.096
 24.108  24.205  69.868  69.958  70.083  70.089  70.105  70.116
 70.157
 --------------------------------------------------------------
 
          Ground-State Mulliken Net Atomic Charges

     Atom                 Charge (a.u.)
  ----------------------------------------
      1 C                    -0.200016
      2 C                    -0.234109
      3 C                    -0.259689
      4 C                    -0.261937
      5 C                    -0.271739
      6 C                     0.683168
      7 H                     0.154726
      8 H                     0.168255
      9 C                    -0.714763
     10 H                     0.148474
     11 H                     0.167761
     12 H                     0.141988
     13 H                     0.147659
     14 H                     0.160879
     15 H                     0.171090
     16 GH                   -0.004996
     17 GH                    0.010372
     18 GH                    0.017896
     19 GH                   -0.019928
     20 GH                   -0.023806
     21 GH                   -0.008814
     22 GH                   -0.000208
     23 GH                    0.002211
     24 GH                    0.019138
     25 GH                   -0.003107
     26 GH                   -0.000609
     27 GH                    0.001312
     28 GH                    0.002243
     29 GH                    0.003210
     30 GH                    0.003341
  ----------------------------------------
  Sum of atomic charges =     0.000000

 -----------------------------------------------------------------
                    Cartesian Multipole Moments
 -----------------------------------------------------------------
    Charge (ESU x 10^10)
                 0.0000
    Dipole Moment (Debye)
         X       0.0593      Y       0.3897      Z       0.0307
       Tot       0.3954
    Quadrupole Moments (Debye-Ang)
        XX     -39.3773     XY      -0.6326     YY     -38.0967
        XZ      -0.0870     YZ       0.7230     ZZ     -46.3970
    Octopole Moments (Debye-Ang^2)
       XXX     208.6658    XXY     -19.5296    XYY      67.8906
       YYY     -62.7553    XXZ      -1.7363    XYZ      -1.2404
       YYZ      -2.0883    XZZ      82.7203    YZZ     -19.5942
       ZZZ      -4.8896
    Hexadecapole Moments (Debye-Ang^3)
      XXXX   -1028.0065   XXXY     110.3838   XXYY    -280.3678
      XYYY     117.0302   YYYY    -684.4076   XXXZ      10.7375
      XXYZ      -6.4427   XYYZ       3.8905   YYYZ     -25.4835
      XXZZ    -217.4462   XYZZ      38.0828   YYZZ    -130.4691
      XZZZ      10.4791   YZZZ     -27.3559   ZZZZ     -68.1332
 -----------------------------------------------------------------
Archival summary:
1\1\vega03.cac.cornell.edu\SP\ProcedureUnspecified\BasisUnspecified\78h15\jj585\TueApr1700:49:172018TueApr1700:49:172018\0\\#,ProcedureUnspecified,BasisUnspecified,\\0,1\C\C,1,1.39616\H,2,1.08475,1,118.991\C,2,1.38856,1,121.629,3,179.783,0\H,4,1.08495,2,119.453,1,179.671,0\C,4,1.3959,2,121.575,1,-0.129654,0\H,6,1.032,4,121.26,2,-179.84,0\C,6,1.40604,4,117.481,2,0.160349,0\H,8,1.032,6,119.504,4,179.742,0\C,1,1.40634,2,117.536,3,-179.6,0\H,10,1.032,1,119.607,2,179.72,0\C,1,1.50976,2,119.611,3,-0.341033,0\H,12,1.09144,1,110.135,2,-7.24194,0\H,12,1.09156,1,111.21,2,113.289,0\H,12,1.09291,1,111.796,2,-127.427,0\Gh,14,2.55814,12,150.807,1,-49.5231,0\Gh,16,1.09291,14,135.598,12,-11.3261,0\Gh,17,1.09144,16,108.09,14,-57.4882,0\Gh,17,1.09156,16,106.802,14,-174.257,0\Gh,17,1.50976,16,111.796,14,63.8873,0\Gh,20,1.39616,17,119.611,16,-127.427,0\Gh,21,1.08475,20,118.991,17,-0.341033,0\Gh,21,1.38856,20,121.629,17,179.442,0\Gh,23,1.08495,21,119.453,20,179.671,0\Gh,23,1.3959,21,121.575,20,-0.129654,0\Gh,25,1.032,23,121.26,21,-179.84,0\Gh,25,1.40604,23,117.481,21,0.160349,0\Gh,27,1.032,25,119.504,23,179.742,0\Gh,20,1.40634,17,122.848,16,51.7903,0\Gh,29,1.032,20,119.607,17,0.487832,0\\\@

 Total job time:  87.30s(wall), 347.19s(cpu) 
 Tue Apr 17 00:49:17 2018

        *************************************************************
        *                                                           *
        *  Thank you very much for using Q-Chem.  Have a nice day.  *
        *                                                           *
        *************************************************************


0 sent ACK to 0 
now end server 0 ... 
