mFile = /opt/software/qchem/qchem-5.0.1//bin/mpi/machines
Process 0 of 1 is on vega03.cac.cornell.edu - thread support 0
initial socket setup ...start
initial socket setup ...done 
now start server 0 ... 
vega03 10.84.3
Q-Chem Developer Version! Running on 10.84.3.*
                  Welcome to Q-Chem
     A Quantum Leap Into The Future Of Chemistry


 Q-Chem 5.0, Q-Chem, Inc., Pleasanton, CA (2017)

 Yihan Shao,  Zhengting Gan,  E. Epifanovsky,  A. T. B. Gilbert,  M. Wormit,  
 J. Kussmann,  A. W. Lange,  A. Behn,  Jia Deng,  Xintian Feng,  D. Ghosh,  
 M. Goldey,  P. R. Horn,  L. D. Jacobson,  I. Kaliman,  T. Kus,  A. Landau,  
 Jie Liu,  E. I. Proynov,  R. M. Richard,  R. P. Steele,  E. J. Sundstrom,  
 H. L. Woodcock III,  P. M. Zimmerman,  D. Zuev,  B. Albrecht,  E. Alguire,  
 S. A. Baeppler,  Z. Benda,  Y. A. Bernard,  E. J. Berquist,  K. B. Bravaya,  
 D. Casanova,  Chun-Min Chang,  Yunqing Chen,  A. Chien,  K. D. Closser,  
 M. P. Coons,  S. Dasgupta,  M. Diedenhofen,  Hainam Do,  R. G. Edgar,  
 Po-Tung Fang,  S. Fatehi,  Qingguo Feng,  Qinghui Ge,  A. Ghysels,  
 J. Gomes,  J. Gonthier,  A. Gunina,  M. W. D. Hanson-Heine,  
 P. H. P. Harbach,  A. W. Hauser,  J. E. Herr,  E. G. Hohenstein,  
 Z. C. Holden,  Kerwin Hui,  T.-C. Jagau,  Hyunjun Ji,  B. Kaduk,  
 K. Khistyaev,  Jaehoon Kim,  P. Klunzinger,  K. Koh,  D. Kosenkov,  
 T. Kowalczyk,  C. M. Krauter,  A. Kunitsa,  Ka Un Lao,  A. Laurent,  
 K. V. Lawler,  Joonho Lee,  D. Lefrancois,  S. Lehtola,  D. S. Levine,  
 Yi-Pei Li,  You-Sheng Lin,  Fenglai Liu,  E. Livshits,  A. Luenser,  
 P. Manohar,  E. Mansoor,  S. F. Manzer,  Shan-Ping Mao,  Yuezhi Mao,  
 N. Mardirossian,  A. V. Marenich,  L. A. Martinez-Martinez,  S. A. Maurer,  
 N. J. Mayhall,  S. C. McKenzie,  J.-M. Mewes,  A. F. Morrison,  K. Nanda,  
 T. S. Nguyen-Beck,  R. Olivares-Amaya,  J. A. Parkhill,  T. M. Perrine,  
 F. Plasser,  S. Prager,  A. Prociuk,  D. R. Rehn,  F. Rob,  M. Schneider,  
 N. Sergueev,  S. M. Sharada,  S. Sharma,  D. W. Small,  T. Stauch,  
 T. Stein,  Yu-Chuan Su,  A. J. W. Thom,  T. Tsuchimochi,  L. Vogt,  
 O. Vydrov,  M. A. Watson,  J. Wenzel,  M. de Wergifosse,  T. A. Wesolowski,  
 A. White,  J. Witte,  A. Yamada,  Jun Yang,  K. Yao,  S. Yeganeh,  
 S. R. Yost,  Zhi-Qiang You,  A. Zech,  Igor Ying Zhang,  Xing Zhang,  
 Yan Zhao,  Ying Zhu,  B. R. Brooks,  G. K. L. Chan,  C. J. Cramer,  
 M. S. Gordon,  W. J. Hehre,  A. Klamt,  M. W. Schmidt,  C. D. Sherrill,  
 D. G. Truhlar,  A. Aspuru-Guzik,  R. Baer,  A. T. Bell,  N. A. Besley,  
 Jeng-Da Chai,  A. Dreuw,  B. D. Dunietz,  T. R. Furlani,  Chao-Ping Hsu,  
 Yousung Jung,  Jing Kong,  D. S. Lambrecht,  WanZhen Liang,  C. Ochsenfeld,  
 V. A. Rassolov,  L. V. Slipchenko,  J. E. Subotnik,  T. Van Voorhis,  
 J. M. Herbert,  A. I. Krylov,  P. M. W. Gill,  M. Head-Gordon

 Contributors to earlier versions of Q-Chem not listed above: 
 R. D. Adamson,  B. Austin,  J. Baker,  G. J. O. Beran,  K. Brandhorst,  
 S. T. Brown,  E. F. C. Byrd,  A. K. Chakraborty,  C.-L. Cheng,  
 Siu Hung Chien,  D. M. Chipman,  D. L. Crittenden,  H. Dachsel,  
 R. A. DiStasio Jr.,  R. J. Doerksen,  A. D. Dutoi,  L. Fusti-Molnar,  
 W. A. Goddard III,  A. Golubeva-Zadorozhnaya,  S. R. Gwaltney,  G. Hawkins,  
 A. Heyden,  S. Hirata,  G. Kedziora,  F. J. Keil,  C. Kelley,  Jihan Kim,  
 R. A. King,  R. Z. Khaliullin,  P. P. Korambath,  W. Kurlancheek,  
 A. M. Lee,  M. S. Lee,  S. V. Levchenko,  Ching Yeh Lin,  D. Liotard,  
 R. C. Lochan,  I. Lotan,  P. E. Maslen,  N. Nair,  D. P. O'Neill,  
 D. Neuhauser,  E. Neuscamman,  C. M. Oana,  R. Olson,  B. Peters,  
 R. Peverati,  P. A. Pieniazek,  Y. M. Rhee,  J. Ritchie,  M. A. Rohrdanz,  
 E. Rosta,  N. J. Russ,  H. F. Schaefer III,  N. E. Schultz,  N. Shenvi,  
 A. C. Simmonett,  A. Sodt,  D. Stuck,  K. S. Thanthiriwatte,  V. Vanovschi,  
 Tao Wang,  A. Warshel,  C. F. Williams,  Q. Wu,  X. Xu,  W. Zhang

 Please cite Q-Chem as follows:
 Y. Shao et al., Mol. Phys. 113, 184-215 (2015)
 DOI: 10.1080/00268976.2014.952696

 Q-Chem 5.0.1 for Intel X86 EM64T Linux

 Parts of Q-Chem use Armadillo 5.200.1 (Boston Tea Smuggler).
 http://arma.sourceforge.net/

 Q-Chem begins on Tue Apr 17 00:49:20 2018  

Host: vega03.cac.cornell.edu
0

     Scratch files written to /scratch/jj585/vdw/01n00_distance_4.300_01.save//
 Parallel job on  1  processors

Checking the input file for inconsistencies... 	...done.

--------------------------------------------------------------
User input:
--------------------------------------------------------------
$molecule
0  1
C        -0.69140000        -0.99114000        +4.21959000
C        -0.70405000        +0.41134000        +4.34141000
C        -1.89016000        -1.72360000        +4.16096000
C        -3.08648000        -1.00800000        +4.23363000
C        -3.10009000        +0.37511000        +4.35582000
C        -1.91857000        +1.11660000        +4.41458000
H        -4.05050000        +0.89581000        +4.40358000
H        -4.02588000        -1.54955000        +4.19660000
C        -1.98656000        +2.62002000        +4.53487000
H        -1.38910000        +3.11608000        +3.76583000
H        -1.60199000        +2.95683000        +5.49932000
H        -3.01907000        +2.95879000        +4.43286000
H        -1.88574000        -2.75137000        +4.06773000
H        +0.21129000        -1.48910000        +4.17262000
H        +0.18855000        +0.92805000        +4.37745000
@C        -0.54444000        -0.68370000        -0.06689000
@C        -0.55709000        +0.71878000        +0.05493000
@C        -1.74320000        -1.41616000        -0.12552000
@C        -2.93952000        -0.70056000        -0.05285000
@C        -2.95313000        +0.68255000        +0.06934000
@C        -1.77161000        +1.42404000        +0.12810000
@H        -3.90354000        +1.20325000        +0.11710000
@H        -3.87892000        -1.24211000        -0.08988000
@C        -1.83960000        +2.92746000        +0.24839000
@H        -1.24214000        +3.42352000        -0.52065000
@H        -1.45503000        +3.26427000        +1.21284000
@H        -2.87211000        +3.26623000        +0.14638000
@H        -1.73878000        -2.44393000        -0.21875000
@H        +0.35825000        -1.18166000        -0.11386000
@H        +0.33551000        +1.23549000        +0.09097000
$end

$rem
JOBTYPE                   SP
METHOD                    B3LYP
DFT_D                     d3_op
BASIS                     6-311++G(d,p)
SYMMETRY                  False
THRESH                    12
SCF_CONVERGENCE           8
MAX_SUB_FILE_NUM          128
MEM_STATIC                400
MEM_TOTAL                 4000
$end
--------------------------------------------------------------
 Adding empirical dispersion correction 
 ----------------------------------------------------------------
 Doing -D3(op) with
 s6 =   1.00000
 s8 =   0.78311
 a1 =   0.30000
 a2 =   4.25000
 n  =  10.00000
 -D3 energy without 3body term =     -0.0113800034 hartrees
 ----------------------------------------------------------------
             Standard Nuclear Orientation (Angstroms)
    I     Atom           X                Y                Z
 ----------------------------------------------------------------
    1      C      -0.6914000000    -0.9911400000     4.2195900000
    2      C      -0.7040500000     0.4113400000     4.3414100000
    3      C      -1.8901600000    -1.7236000000     4.1609600000
    4      C      -3.0864800000    -1.0080000000     4.2336300000
    5      C      -3.1000900000     0.3751100000     4.3558200000
    6      C      -1.9185700000     1.1166000000     4.4145800000
    7      H      -4.0505000000     0.8958100000     4.4035800000
    8      H      -4.0258800000    -1.5495500000     4.1966000000
    9      C      -1.9865600000     2.6200200000     4.5348700000
   10      H      -1.3891000000     3.1160800000     3.7658300000
   11      H      -1.6019900000     2.9568300000     5.4993200000
   12      H      -3.0190700000     2.9587900000     4.4328600000
   13      H      -1.8857400000    -2.7513700000     4.0677300000
   14      H       0.2112900000    -1.4891000000     4.1726200000
   15      H       0.1885500000     0.9280500000     4.3774500000
   16      GH     -0.5444400000    -0.6837000000    -0.0668900000
   17      GH     -0.5570900000     0.7187800000     0.0549300000
   18      GH     -1.7432000000    -1.4161600000    -0.1255200000
   19      GH     -2.9395200000    -0.7005600000    -0.0528500000
   20      GH     -2.9531300000     0.6825500000     0.0693400000
   21      GH     -1.7716100000     1.4240400000     0.1281000000
   22      GH     -3.9035400000     1.2032500000     0.1171000000
   23      GH     -3.8789200000    -1.2421100000    -0.0898800000
   24      GH     -1.8396000000     2.9274600000     0.2483900000
   25      GH     -1.2421400000     3.4235200000    -0.5206500000
   26      GH     -1.4550300000     3.2642700000     1.2128400000
   27      GH     -2.8721100000     3.2662300000     0.1463800000
   28      GH     -1.7387800000    -2.4439300000    -0.2187500000
   29      GH      0.3582500000    -1.1816600000    -0.1138600000
   30      GH      0.3355100000     1.2354900000     0.0909700000
 ----------------------------------------------------------------
 Nuclear Repulsion Energy =   269.2168625664 hartrees
 There are       25 alpha and       25 beta electrons
 Requested basis set is 6-311++G(d,p)
 There are 164 shells and 420 basis functions

 Total QAlloc Memory Limit   4000 MB
 Mega-Array Size       392 MB
 MEM_STATIC part       400 MB
 A cutoff of  1.0D-12 yielded  11216 shell pairs
 There are     74601 function pairs (     79396 Cartesian)
 
 -------------------------------------------------------
 OpenMP Integral Computing Module                       
 Release: version 1.0, May 2013, Q-Chem Inc. Pittsburgh 
 -------------------------------------------------------
 Integral Job Info:
 Integral job number is                      11
 Integral operator is                         1
 short-range coefficients                     0
 long-range coefficients              100000000
 Omega coefficients                           0
 if combine SR and LR in K                    0
 Integral screening is                        0
 Integral computing path is                   2
 max size of driver memory is            800000
 size of driver memory is                593474
 size of scratch memory is              2361544
 max col of scratch BK array               1296
 max len of scratch array in speh3          155
 max len of scratch index in speh4           18
 max int batch size is                      520
 min int batch size is                       52
 fixed nKL is                                52
 max L of basis functions is                  2
 order of int derivative is                   0
 number of shells is                        164
 number of basis is                         434
 number of cartesian basis is               434
 number of contracted shell pairs         11216
 number of primitive shell pairs          24564
 maxK2 (contraction) of shell pair           36
 max number of K2 of shell pair               1
 max number of CS2 of shell pair           2102
 max number of PS2 of shell pair           3480
 mem total for path MDJ                  127704
 -------------------------------------------------------
 Smallest overlap matrix eigenvalue = 3.04E-07
 Linear dependence detected in AO basis
 Number of orthogonalized atomic orbitals = 418
 Maximum deviation from orthogonality = 7.193E-11

 Scale SEOQF with 1.000000e-01/1.000000e-01/1.000000e-02

 Standard Electronic Orientation quadrupole field applied
 Nucleus-field energy     =     0.0000000071 hartrees
 Guess from superposition of atomic densities
 Warning:  Energy on first SCF cycle will be non-variational

 Q-Chem warning in module /opt/software/qchem/qchem-5.0.1/libgen/Atomic_PolEc.C, line 58:

 No atomic polarizability available.


 Q-Chem warning in module /opt/software/qchem/qchem-5.0.1/libgen/Atomic_PolEc.C, line 73:

 No atomic polarizability available.


 Q-Chem warning in module /opt/software/qchem/qchem-5.0.1/libgen/Atomic_PolEc.C, line 58:

 No atomic polarizability available.


 Q-Chem warning in module /opt/software/qchem/qchem-5.0.1/libgen/Atomic_PolEc.C, line 73:

 No atomic polarizability available.


 Q-Chem warning in module /opt/software/qchem/qchem-5.0.1/libgen/Atomic_PolEc.C, line 58:

 No atomic polarizability available.


 Q-Chem warning in module /opt/software/qchem/qchem-5.0.1/libgen/Atomic_PolEc.C, line 73:

 No atomic polarizability available.


 Q-Chem warning in module /opt/software/qchem/qchem-5.0.1/libgen/Atomic_PolEc.C, line 58:

 No atomic polarizability available.


 Q-Chem warning in module /opt/software/qchem/qchem-5.0.1/libgen/Atomic_PolEc.C, line 73:

 No atomic polarizability available.


 Q-Chem warning in module /opt/software/qchem/qchem-5.0.1/libgen/Atomic_PolEc.C, line 58:

 No atomic polarizability available.


 Q-Chem warning in module /opt/software/qchem/qchem-5.0.1/libgen/Atomic_PolEc.C, line 73:

 No atomic polarizability available.


 Q-Chem warning in module /opt/software/qchem/qchem-5.0.1/libgen/Atomic_PolEc.C, line 58:

 No atomic polarizability available.


 Q-Chem warning in module /opt/software/qchem/qchem-5.0.1/libgen/Atomic_PolEc.C, line 73:

 No atomic polarizability available.


 Q-Chem warning in module /opt/software/qchem/qchem-5.0.1/libgen/Atomic_PolEc.C, line 58:

 No atomic polarizability available.


 Q-Chem warning in module /opt/software/qchem/qchem-5.0.1/libgen/Atomic_PolEc.C, line 73:

 No atomic polarizability available.


 Q-Chem warning in module /opt/software/qchem/qchem-5.0.1/libgen/Atomic_PolEc.C, line 58:

 No atomic polarizability available.


 Q-Chem warning in module /opt/software/qchem/qchem-5.0.1/libgen/Atomic_PolEc.C, line 73:

 No atomic polarizability available.


 Q-Chem warning in module /opt/software/qchem/qchem-5.0.1/libgen/Atomic_PolEc.C, line 58:

 No atomic polarizability available.


 Q-Chem warning in module /opt/software/qchem/qchem-5.0.1/libgen/Atomic_PolEc.C, line 73:

 No atomic polarizability available.


 Q-Chem warning in module /opt/software/qchem/qchem-5.0.1/libgen/Atomic_PolEc.C, line 58:

 No atomic polarizability available.


 Q-Chem warning in module /opt/software/qchem/qchem-5.0.1/libgen/Atomic_PolEc.C, line 73:

 No atomic polarizability available.


 Q-Chem warning in module /opt/software/qchem/qchem-5.0.1/libgen/Atomic_PolEc.C, line 58:

 No atomic polarizability available.


 Q-Chem warning in module /opt/software/qchem/qchem-5.0.1/libgen/Atomic_PolEc.C, line 73:

 No atomic polarizability available.


 Q-Chem warning in module /opt/software/qchem/qchem-5.0.1/libgen/Atomic_PolEc.C, line 58:

 No atomic polarizability available.


 Q-Chem warning in module /opt/software/qchem/qchem-5.0.1/libgen/Atomic_PolEc.C, line 73:

 No atomic polarizability available.


 Q-Chem warning in module /opt/software/qchem/qchem-5.0.1/libgen/Atomic_PolEc.C, line 58:

 No atomic polarizability available.


 Q-Chem warning in module /opt/software/qchem/qchem-5.0.1/libgen/Atomic_PolEc.C, line 73:

 No atomic polarizability available.


 Q-Chem warning in module /opt/software/qchem/qchem-5.0.1/libgen/Atomic_PolEc.C, line 58:

 No atomic polarizability available.


 Q-Chem warning in module /opt/software/qchem/qchem-5.0.1/libgen/Atomic_PolEc.C, line 73:

 No atomic polarizability available.


 Q-Chem warning in module /opt/software/qchem/qchem-5.0.1/libgen/Atomic_PolEc.C, line 58:

 No atomic polarizability available.


 Q-Chem warning in module /opt/software/qchem/qchem-5.0.1/libgen/Atomic_PolEc.C, line 73:

 No atomic polarizability available.

 A restricted hybrid HF-DFT SCF calculation will be
 performed using Pulay DIIS extrapolation
 Exchange:     0.2000 Hartree-Fock + 0.0800 Slater + 0.7200 B88
 Correlation:  0.1900 VWN1RPA + 0.8100 LYP
 Using SG-1 standard quadrature grid
 Dispersion:   Grimme D3
 SCF converges when DIIS error is below 1.0E-08
 using 4 threads for integral computing
 -------------------------------------------------------
 OpenMP Integral computing Module                
 Release: version 1.0, May 2013, Q-Chem Inc. Pittsburgh 
 -------------------------------------------------------
 -------------------------------------------------------
 OpenMP BLAS3 based DFT computing Module                
 Release: version 1.0, May 2013, Q-Chem Inc. Pittsburgh 
 -------------------------------------------------------
 ---------------------------------------
  Cycle       Energy         DIIS Error
 ---------------------------------------
    1    -273.1502176681      2.19E-02
    2    -271.4969073991      2.45E-03
    3    -271.4747854341      2.66E-03
    4    -271.6431356527      2.00E-04
    5    -271.6437394752      1.01E-04
    6    -271.6439159791      4.36E-05
    7    -271.6439543960      1.60E-05
    8    -271.6439605659      1.32E-06
    9    -271.6439605958      7.98E-07
   10    -271.6439606096      1.86E-07
   11    -271.6439606103      8.05E-08
   12    -271.6439606104      9.89E-09 Convergence criterion met
 ---------------------------------------
 SCF time:  CPU 344.84 s  wall 86.49 s
 SCF   energy in the final basis set = -271.64396061
 Total energy in the final basis set = -271.64396061
 
 --------------------------------------------------------------
 
                    Orbital Energies (a.u.)
 --------------------------------------------------------------
 
 Alpha MOs
 -- Occupied --
-10.185 -10.174 -10.172 -10.171 -10.170 -10.169 -10.169  -0.858
 -0.776  -0.748  -0.691  -0.611  -0.591  -0.521  -0.465  -0.462
 -0.424  -0.423  -0.418  -0.390  -0.358  -0.350  -0.342  -0.255
 -0.248
 -- Virtual --
 -0.017  -0.013  -0.008   0.005   0.009   0.019   0.028   0.031
  0.035   0.040   0.047   0.053   0.058   0.062   0.065   0.068
  0.078   0.083   0.089   0.092   0.093   0.103   0.105   0.107
  0.112   0.113   0.120   0.125   0.126   0.128   0.130   0.131
  0.137   0.139   0.140   0.144   0.154   0.160   0.162   0.164
  0.167   0.173   0.175   0.177   0.180   0.181   0.186   0.187
  0.193   0.195   0.200   0.207   0.211   0.214   0.217   0.222
  0.228   0.233   0.235   0.239   0.244   0.246   0.251   0.255
  0.263   0.264   0.270   0.276   0.277   0.280   0.282   0.291
  0.296   0.302   0.303   0.310   0.313   0.317   0.329   0.331
  0.335   0.339   0.357   0.365   0.374   0.375   0.379   0.391
  0.404   0.409   0.418   0.421   0.432   0.439   0.445   0.456
  0.475   0.480   0.485   0.503   0.513   0.521   0.529   0.541
  0.547   0.550   0.558   0.575   0.579   0.584   0.596   0.598
  0.603   0.605   0.614   0.616   0.631   0.634   0.637   0.642
  0.646   0.654   0.661   0.669   0.673   0.687   0.693   0.703
  0.709   0.730   0.732   0.738   0.745   0.748   0.750   0.766
  0.777   0.795   0.809   0.814   0.822   0.839   0.857   0.864
  0.882   0.895   0.899   0.912   0.926   0.927   0.938   0.945
  0.950   0.968   0.975   1.007   1.015   1.016   1.020   1.044
  1.057   1.078   1.094   1.106   1.127   1.129   1.149   1.153
  1.176   1.189   1.205   1.221   1.280   1.334   1.363   1.372
  1.415   1.428   1.438   1.448   1.462   1.481   1.496   1.501
  1.527   1.530   1.536   1.540   1.548   1.554   1.560   1.568
  1.577   1.592   1.600   1.617   1.629   1.656   1.665   1.674
  1.694   1.701   1.715   1.720   1.730   1.743   1.745   1.757
  1.768   1.773   1.790   1.793   1.806   1.815   1.828   1.850
  1.857   1.865   1.874   1.891   1.895   1.904   1.907   1.931
  1.940   1.948   1.957   1.963   1.965   1.966   1.986   2.010
  2.028   2.036   2.042   2.044   2.051   2.064   2.094   2.106
  2.117   2.150   2.165   2.203   2.241   2.252   2.258   2.307
  2.314   2.320   2.323   2.332   2.389   2.402   2.409   2.415
  2.419   2.425   2.444   2.450   2.482   2.489   2.494   2.507
  2.528   2.537   2.548   2.561   2.564   2.576   2.586   2.601
  2.609   2.634   2.643   2.675   2.688   2.711   2.729   2.735
  2.743   2.747   2.758   2.769   2.782   2.812   2.833   2.841
  2.867   2.899   2.906   2.915   2.924   2.930   2.946   2.954
  2.987   2.992   3.000   3.002   3.014   3.042   3.095   3.113
  3.160   3.169   3.204   3.224   3.247   3.279   3.340   3.358
  3.366   3.384   3.391   3.401   3.444   3.484   3.505   3.512
  3.521   3.544   3.556   3.566   3.593   3.625   3.654   3.665
  3.710   3.726   3.791   3.796   3.864   4.009   4.036   4.040
  4.122   4.181   4.188   4.205   4.344   4.637   4.730   4.838
  4.856   4.865   4.916   4.961   5.099   5.205   5.644   7.068
  7.122   7.155   7.217   7.237   7.370   7.612   7.720   7.726
  7.751   7.778   7.785   7.828   7.843   7.870   7.980   8.027
  8.050   8.167   8.484   8.908   9.710  10.002  10.188  10.208
 10.237  10.247  10.307  23.677  23.943  24.004  24.015  24.096
 24.108  24.205  69.870  69.961  70.089  70.094  70.114  70.118
 70.157
 --------------------------------------------------------------
 
          Ground-State Mulliken Net Atomic Charges

     Atom                 Charge (a.u.)
  ----------------------------------------
      1 C                    -0.223953
      2 C                    -0.206863
      3 C                    -0.282929
      4 C                    -0.262111
      5 C                    -0.244929
      6 C                     0.651835
      7 H                     0.155641
      8 H                     0.172899
      9 C                    -0.687529
     10 H                     0.157372
     11 H                     0.158949
     12 H                     0.139559
     13 H                     0.145810
     14 H                     0.161632
     15 H                     0.171796
     16 GH                   -0.022217
     17 GH                   -0.009693
     18 GH                    0.012719
     19 GH                   -0.008587
     20 GH                   -0.002417
     21 GH                    0.000320
     22 GH                    0.002127
     23 GH                    0.001693
     24 GH                    0.016377
     25 GH                   -0.000210
     26 GH                   -0.002844
     27 GH                    0.002035
     28 GH                    0.003143
     29 GH                    0.000783
     30 GH                   -0.000407
  ----------------------------------------
  Sum of atomic charges =     0.000000

 -----------------------------------------------------------------
                    Cartesian Multipole Moments
 -----------------------------------------------------------------
    Charge (ESU x 10^10)
                 0.0000
    Dipole Moment (Debye)
         X       0.0627      Y       0.3877      Z       0.0385
       Tot       0.3947
    Quadrupole Moments (Debye-Ang)
        XX     -39.4058     XY      -0.7079     YY     -38.3368
        XZ       0.1701     YZ       2.3716     ZZ     -46.0690
    Octopole Moments (Debye-Ang^2)
       XXX     226.1003    XXY      -7.2167    XYY      73.9406
       YYY     -27.5378    XXZ    -170.6560    XYZ      -4.3340
       YYZ    -166.8680    XZZ      89.8456    YZZ       7.8666
       ZZZ    -599.2655
    Hexadecapole Moments (Debye-Ang^3)
      XXXX   -1156.1464   XXXY      49.3991   XXYY    -293.0503
      XYYY      58.3194   YYYY    -628.9032   XXXZ     980.9150
      XXYZ     -36.5319   XYYZ     322.0174   YYYZ    -141.3684
      XXZZ    -981.7509   XYZZ     -10.6954   YYZZ    -848.9888
      XZZZ    1161.8239   YZZZ     -24.8142   ZZZZ   -5252.1603
 -----------------------------------------------------------------
Archival summary:
1\1\vega03.cac.cornell.edu\SP\ProcedureUnspecified\BasisUnspecified\78h15\jj585\TueApr1700:50:472018TueApr1700:50:472018\0\\#,ProcedureUnspecified,BasisUnspecified,\\0,1\C\C,1,1.39616\H,2,1.08475,1,118.991\C,2,1.38856,1,121.629,3,179.783,0\H,4,1.08495,2,119.453,1,179.671,0\C,4,1.3959,2,121.575,1,-0.129654,0\H,6,1.032,4,121.26,2,-179.84,0\C,6,1.40604,4,117.481,2,0.160349,0\H,8,1.032,6,119.504,4,179.742,0\C,1,1.40634,2,117.536,3,-179.6,0\H,10,1.032,1,119.607,2,179.72,0\C,1,1.50976,2,119.611,3,-0.341033,0\H,12,1.09144,1,110.135,2,-7.24194,0\H,12,1.09156,1,111.21,2,113.289,0\H,12,1.09291,1,111.796,2,-127.427,0\Gh,15,2.55814,12,135.598,1,63.8873,0\Gh,16,1.09156,15,150.807,12,-11.3261,0\Gh,17,1.09144,16,108.669,15,71.8685,0\Gh,17,1.09291,16,106.802,15,-171.747,0\Gh,17,1.50976,16,111.21,15,-49.5231,0\Gh,20,1.39616,17,119.611,16,113.289,0\Gh,21,1.08475,20,118.991,17,-0.341033,0\Gh,21,1.38856,20,121.629,17,179.442,0\Gh,23,1.08495,21,119.453,20,179.671,0\Gh,23,1.3959,21,121.575,20,-0.129654,0\Gh,25,1.032,23,121.26,21,-179.84,0\Gh,25,1.40604,23,117.481,21,0.160349,0\Gh,27,1.032,25,119.504,23,179.742,0\Gh,20,1.40634,17,122.848,16,-67.4939,0\Gh,29,1.032,20,119.607,17,0.487832,0\\\@

 Total job time:  87.23s(wall), 347.04s(cpu) 
 Tue Apr 17 00:50:47 2018

        *************************************************************
        *                                                           *
        *  Thank you very much for using Q-Chem.  Have a nice day.  *
        *                                                           *
        *************************************************************


0 sent ACK to 0 
now end server 0 ... 
