mFile = /opt/software/qchem/qchem-5.0.1//bin/mpi/machines
Process 0 of 1 is on vega01.cac.cornell.edu - thread support 0
initial socket setup ...start
initial socket setup ...done 
now start server 0 ... 
localhost 127.0.0
Q-Chem Developer Version! Running on 127.0.0.*
                  Welcome to Q-Chem
     A Quantum Leap Into The Future Of Chemistry


 Q-Chem 5.0, Q-Chem, Inc., Pleasanton, CA (2017)

 Yihan Shao,  Zhengting Gan,  E. Epifanovsky,  A. T. B. Gilbert,  M. Wormit,  
 J. Kussmann,  A. W. Lange,  A. Behn,  Jia Deng,  Xintian Feng,  D. Ghosh,  
 M. Goldey,  P. R. Horn,  L. D. Jacobson,  I. Kaliman,  T. Kus,  A. Landau,  
 Jie Liu,  E. I. Proynov,  R. M. Richard,  R. P. Steele,  E. J. Sundstrom,  
 H. L. Woodcock III,  P. M. Zimmerman,  D. Zuev,  B. Albrecht,  E. Alguire,  
 S. A. Baeppler,  Z. Benda,  Y. A. Bernard,  E. J. Berquist,  K. B. Bravaya,  
 D. Casanova,  Chun-Min Chang,  Yunqing Chen,  A. Chien,  K. D. Closser,  
 M. P. Coons,  S. Dasgupta,  M. Diedenhofen,  Hainam Do,  R. G. Edgar,  
 Po-Tung Fang,  S. Fatehi,  Qingguo Feng,  Qinghui Ge,  A. Ghysels,  
 J. Gomes,  J. Gonthier,  A. Gunina,  M. W. D. Hanson-Heine,  
 P. H. P. Harbach,  A. W. Hauser,  J. E. Herr,  E. G. Hohenstein,  
 Z. C. Holden,  Kerwin Hui,  T.-C. Jagau,  Hyunjun Ji,  B. Kaduk,  
 K. Khistyaev,  Jaehoon Kim,  P. Klunzinger,  K. Koh,  D. Kosenkov,  
 T. Kowalczyk,  C. M. Krauter,  A. Kunitsa,  Ka Un Lao,  A. Laurent,  
 K. V. Lawler,  Joonho Lee,  D. Lefrancois,  S. Lehtola,  D. S. Levine,  
 Yi-Pei Li,  You-Sheng Lin,  Fenglai Liu,  E. Livshits,  A. Luenser,  
 P. Manohar,  E. Mansoor,  S. F. Manzer,  Shan-Ping Mao,  Yuezhi Mao,  
 N. Mardirossian,  A. V. Marenich,  L. A. Martinez-Martinez,  S. A. Maurer,  
 N. J. Mayhall,  S. C. McKenzie,  J.-M. Mewes,  A. F. Morrison,  K. Nanda,  
 T. S. Nguyen-Beck,  R. Olivares-Amaya,  J. A. Parkhill,  T. M. Perrine,  
 F. Plasser,  S. Prager,  A. Prociuk,  D. R. Rehn,  F. Rob,  M. Schneider,  
 N. Sergueev,  S. M. Sharada,  S. Sharma,  D. W. Small,  T. Stauch,  
 T. Stein,  Yu-Chuan Su,  A. J. W. Thom,  T. Tsuchimochi,  L. Vogt,  
 O. Vydrov,  M. A. Watson,  J. Wenzel,  M. de Wergifosse,  T. A. Wesolowski,  
 A. White,  J. Witte,  A. Yamada,  Jun Yang,  K. Yao,  S. Yeganeh,  
 S. R. Yost,  Zhi-Qiang You,  A. Zech,  Igor Ying Zhang,  Xing Zhang,  
 Yan Zhao,  Ying Zhu,  B. R. Brooks,  G. K. L. Chan,  C. J. Cramer,  
 M. S. Gordon,  W. J. Hehre,  A. Klamt,  M. W. Schmidt,  C. D. Sherrill,  
 D. G. Truhlar,  A. Aspuru-Guzik,  R. Baer,  A. T. Bell,  N. A. Besley,  
 Jeng-Da Chai,  A. Dreuw,  B. D. Dunietz,  T. R. Furlani,  Chao-Ping Hsu,  
 Yousung Jung,  Jing Kong,  D. S. Lambrecht,  WanZhen Liang,  C. Ochsenfeld,  
 V. A. Rassolov,  L. V. Slipchenko,  J. E. Subotnik,  T. Van Voorhis,  
 J. M. Herbert,  A. I. Krylov,  P. M. W. Gill,  M. Head-Gordon

 Contributors to earlier versions of Q-Chem not listed above: 
 R. D. Adamson,  B. Austin,  J. Baker,  G. J. O. Beran,  K. Brandhorst,  
 S. T. Brown,  E. F. C. Byrd,  A. K. Chakraborty,  C.-L. Cheng,  
 Siu Hung Chien,  D. M. Chipman,  D. L. Crittenden,  H. Dachsel,  
 R. A. DiStasio Jr.,  R. J. Doerksen,  A. D. Dutoi,  L. Fusti-Molnar,  
 W. A. Goddard III,  A. Golubeva-Zadorozhnaya,  S. R. Gwaltney,  G. Hawkins,  
 A. Heyden,  S. Hirata,  G. Kedziora,  F. J. Keil,  C. Kelley,  Jihan Kim,  
 R. A. King,  R. Z. Khaliullin,  P. P. Korambath,  W. Kurlancheek,  
 A. M. Lee,  M. S. Lee,  S. V. Levchenko,  Ching Yeh Lin,  D. Liotard,  
 R. C. Lochan,  I. Lotan,  P. E. Maslen,  N. Nair,  D. P. O'Neill,  
 D. Neuhauser,  E. Neuscamman,  C. M. Oana,  R. Olson,  B. Peters,  
 R. Peverati,  P. A. Pieniazek,  Y. M. Rhee,  J. Ritchie,  M. A. Rohrdanz,  
 E. Rosta,  N. J. Russ,  H. F. Schaefer III,  N. E. Schultz,  N. Shenvi,  
 A. C. Simmonett,  A. Sodt,  D. Stuck,  K. S. Thanthiriwatte,  V. Vanovschi,  
 Tao Wang,  A. Warshel,  C. F. Williams,  Q. Wu,  X. Xu,  W. Zhang

 Please cite Q-Chem as follows:
 Y. Shao et al., Mol. Phys. 113, 184-215 (2015)
 DOI: 10.1080/00268976.2014.952696

 Q-Chem 5.0.1 for Intel X86 EM64T Linux

 Parts of Q-Chem use Armadillo 5.200.1 (Boston Tea Smuggler).
 http://arma.sourceforge.net/

 Q-Chem begins on Mon Apr 16 18:40:17 2018  

Host: vega01.cac.cornell.edu
0

     Scratch files written to /scratch/jj585/vdw/1101_distance_4.700_11.save//
 Parallel job on  1  processors

Checking the input file for inconsistencies... 	...done.

--------------------------------------------------------------
User input:
--------------------------------------------------------------
$molecule
0  1
--
0  1
C        +0.22270000        +1.04488000        +0.58595000
C        +0.62626000        -0.41353000        +0.99871000
C        -1.18200000        +1.23223000        +0.04377000
C        -0.37457000        -1.51643000        +0.72333000
O        -2.09172000        +0.78832000        +0.93966000
O        -1.47336000        +1.75939000        -0.99882000
O        -0.91364000        -1.42792000        -0.50620000
O        -0.62208000        -2.40877000        +1.49911000
C        -1.86134000        -2.44741000        -0.86560000
C        -3.47068000        +0.87492000        +0.53920000
C        +1.33008000        +1.39974000        -0.43491000
C        +2.63070000        +1.71700000        +0.32855000
C        +3.04336000        +0.29351000        +0.80300000
C        +1.94423000        -0.59299000        +0.15262000
O        +1.62840000        +0.13663000        -1.04376000
H        +0.27811000        +1.68786000        +1.46900000
H        +0.83923000        -0.48042000        +2.06408000
H        -2.68749000        -2.46677000        -0.15296000
H        -3.76076000        +1.91522000        +0.38406000
H        +3.37234000        +2.13782000        -0.35195000
H        +2.48236000        +2.42488000        +1.14651000
H        +4.02182000        +0.00994000        +0.41161000
H        +3.07359000        +0.18738000        +1.88928000
H        -2.21148000        -2.17765000        -1.85937000
H        -1.38062000        -3.42697000        -0.88096000
H        -4.03855000        +0.43623000        +1.35671000
H        -3.63120000        +0.31700000        -0.38495000
C        +2.35450000        -2.01267000        -0.16812000
H        +3.26311000        -2.00678000        -0.77366000
H        +2.54990000        -2.57059000        +0.75079000
H        +1.57335000        -2.52896000        -0.72872000
H        +1.03270000        +2.19943000        -1.08064000
--
0  1
C        +0.24722000        +2.43368000        +5.07601000
C        +0.65078000        +0.97527000        +5.48877000
C        -1.15748000        +2.62103000        +4.53383000
C        -0.35005000        -0.12763000        +5.21339000
O        -2.06720000        +2.17712000        +5.42972000
O        -1.44884000        +3.14819000        +3.49124000
O        -0.88912000        -0.03912000        +3.98386000
O        -0.59756000        -1.01997000        +5.98917000
C        -1.83682000        -1.05861000        +3.62446000
C        -3.44616000        +2.26372000        +5.02926000
C        +1.35460000        +2.78854000        +4.05515000
C        +2.65522000        +3.10580000        +4.81861000
C        +3.06788000        +1.68231000        +5.29306000
C        +1.96875000        +0.79581000        +4.64268000
O        +1.65292000        +1.52543000        +3.44630000
H        +0.30263000        +3.07666000        +5.95906000
H        +0.86375000        +0.90838000        +6.55414000
H        -2.66297000        -1.07797000        +4.33710000
H        -3.73624000        +3.30402000        +4.87412000
H        +3.39686000        +3.52662000        +4.13811000
H        +2.50688000        +3.81368000        +5.63657000
H        +4.04634000        +1.39874000        +4.90167000
H        +3.09811000        +1.57618000        +6.37934000
H        -2.18696000        -0.78885000        +2.63069000
H        -1.35610000        -2.03817000        +3.60910000
H        -4.01403000        +1.82503000        +5.84677000
H        -3.60668000        +1.70580000        +4.10511000
C        +2.37902000        -0.62387000        +4.32194000
H        +3.28763000        -0.61798000        +3.71640000
H        +2.57442000        -1.18179000        +5.24085000
H        +1.59787000        -1.14016000        +3.76134000
H        +1.05722000        +3.58823000        +3.40942000
$end

$rem
JOBTYPE                   SP
METHOD                    B3LYP
DFT_D                     d3_op
BASIS                     6-311++G(d,p)
SYMMETRY                  False
THRESH                    12
SCF_CONVERGENCE           8
MAX_SUB_FILE_NUM          128
MEM_STATIC                400
MEM_TOTAL                 4000
$end
--------------------------------------------------------------
 Adding empirical dispersion correction 
 ----------------------------------------------------------------
 Doing -D3(op) with
 s6 =   1.00000
 s8 =   0.78311
 a1 =   0.30000
 a2 =   4.25000
 n  =  10.00000
 -D3 energy without 3body term =     -0.0940540512 hartrees
 ----------------------------------------------------------------
             Standard Nuclear Orientation (Angstroms)
    I     Atom           X                Y                Z
 ----------------------------------------------------------------
    1      C      -1.4770535734     0.2199580154     1.1421090778
    2      C      -1.6507053936     0.5838348899    -0.3736844058
    3      C      -1.9468949881    -1.1588492206     1.5668218230
    4      C      -2.3633350081    -0.4223218892    -1.2532813655
    5      O      -1.3220811062    -2.1104789018     0.8379363579
    6      O      -2.7114513584    -1.4000278430     2.4651918203
    7      O      -3.4779983716    -0.9103738332    -0.6792557634
    8      O      -2.0028807565    -0.7145670298    -2.3686431877
    9      C      -4.2339949250    -1.8587869110    -1.4510364027
   10      C      -1.6997177437    -3.4708096905     1.1141412970
   11      C      -2.2454631824     1.3726667327     1.8314424582
   12      C      -1.3790990079     2.6465409545     1.7890744533
   13      C      -1.4820941702     3.0175903771     0.2812849519
   14      C      -2.4591189448     1.9315960281    -0.2506943851
   15      O      -3.2874685938     1.6752833361     0.8945390849
   16      H      -0.4123860006     0.2500859094     1.3907978802
   17      H      -0.6888773398     0.7529859757    -0.8544321930
   18      H      -3.6105570865    -2.7129584221    -1.7202402155
   19      H      -1.4476301149    -3.7381476464     2.1414782236
   20      H      -1.8196657562     3.4212764635     2.4182687345
   21      H      -0.3554519946     2.4767231349     2.1288775021
   22      H      -1.9225768491     4.0063540472     0.1423480490
   23      H      -0.5218638591     3.0027203038    -0.2382516675
   24      H      -5.0553311255    -2.1646692595    -0.8069943817
   25      H      -4.6136724788    -1.3932205351    -2.3620568999
   26      H      -1.1345519923    -4.0776903084     0.4102013548
   27      H      -2.7724485287    -3.6029775224     0.9628966396
   28      C      -3.2931090635     2.3320960805    -1.4468328022
   29      H      -3.8205967743     3.2641607639    -1.2340003403
   30      H      -2.6573614325     2.4818646204    -2.3227584889
   31      H      -4.0339254077     1.5659924960    -1.6819912351
   32      H      -2.5388703639     1.1138771672     2.8273573040
   33      C       3.1984271578     0.0867423561     0.6815235866
   34      C       3.0247753375     0.4506192307    -0.8342698969
   35      C       2.7285857430    -1.2920648798     1.1062363318
   36      C       2.3121457231    -0.5555375485    -1.7138668567
   37      O       3.3533996250    -2.2436945611     0.3773508667
   38      O       1.9640293727    -1.5332435023     2.0046063291
   39      O       1.1974823596    -1.0435894925    -1.1398412545
   40      O       2.6725999747    -0.8477826891    -2.8292286789
   41      C       0.4414858062    -1.9920025703    -1.9116218939
   42      C       2.9757629875    -3.6040253498     0.6535558059
   43      C       2.4300175488     1.2394510734     1.3708569670
   44      C       3.2963817232     2.5133252952     1.3284889622
   45      C       3.1933865610     2.8843747179    -0.1793005393
   46      C       2.2163617863     1.7983803689    -0.7112798762
   47      O       1.3880121374     1.5420676768     0.4339535937
   48      H       4.2630947306     0.1168702502     0.9302123890
   49      H       3.9866033913     0.6197703164    -1.3150176842
   50      H       1.0649236447    -2.8461740814    -2.1808257067
   51      H       3.2278506163    -3.8713633057     1.6808927325
   52      H       2.8558149749     3.2880608042     1.9576832433
   53      H       4.3200287365     2.3435074756     1.6682920109
   54      H       2.7529038821     3.8731383879    -0.3182374422
   55      H       4.1536168720     2.8695046445    -0.6988371587
   56      H      -0.3798503943    -2.2978849188    -1.2675798729
   57      H       0.0618082524    -1.5264361944    -2.8226423911
   58      H       3.5409287389    -4.2109059676    -0.0503841364
   59      H       1.9030322025    -3.7361931817     0.5023111485
   60      C       1.3823716677     2.1988804213    -1.9074182933
   61      H       0.8548839568     3.1309451046    -1.6945858315
   62      H       2.0181192987     2.3486489611    -2.7833439801
   63      H       0.6415553235     1.4327768367    -2.1425767262
   64      H       2.1366103672     0.9806615079     2.3667718128
 ----------------------------------------------------------------
 Molecular Point Group                 C1    NOp =  1
 Largest Abelian Subgroup              C1    NOp =  1
 Nuclear Repulsion Energy =  3965.8862818568 hartrees
 There are      122 alpha and      122 beta electrons
 Requested basis set is 6-311++G(d,p)
 There are 352 shells and 928 basis functions

 Total QAlloc Memory Limit   4000 MB
 Mega-Array Size       392 MB
 MEM_STATIC part       400 MB
 A cutoff of  1.0D-12 yielded  45781 shell pairs
 There are    316203 function pairs (    335484 Cartesian)
 Smallest overlap matrix eigenvalue = 3.04E-07
 Linear dependence detected in AO basis
 Number of orthogonalized atomic orbitals = 924
 Maximum deviation from orthogonality = 1.651E-10

 Scale SEOQF with 1.000000e-01/1.000000e-01/1.000000e-01

 Standard Electronic Orientation quadrupole field applied
 Nucleus-field energy     =     0.0000000674 hartrees
 Guess from superposition of atomic densities
 Warning:  Energy on first SCF cycle will be non-variational
 A restricted hybrid HF-DFT SCF calculation will be
 performed using Pulay DIIS extrapolation
 Exchange:     0.2000 Hartree-Fock + 0.0800 Slater + 0.7200 B88
 Correlation:  0.1900 VWN1RPA + 0.8100 LYP
 Using SG-1 standard quadrature grid
 Dispersion:   Grimme D3
 SCF converges when DIIS error is below 1.0E-08
 ---------------------------------------
  Cycle       Energy         DIIS Error
 ---------------------------------------
    1   -1617.0299905982      2.09E-02
    2   -1609.7686377625      2.69E-03
    3   -1608.8349667729      4.42E-03
    4   -1610.3088076590      1.05E-03
    5   -1610.3986753768      2.71E-04
    6   -1610.4035151216      1.09E-04
    7   -1610.4044049042      2.89E-05
    8   -1610.4044548878      1.41E-05
    9   -1610.4044710229      3.08E-06
   10   -1610.4044721583      1.10E-06
   11   -1610.4044718172      2.72E-07
   12   -1610.4044719663      1.20E-07
   13   -1610.4044719280      4.28E-08
   14   -1610.4044719074      1.55E-08
   15   -1610.4044719114      5.07E-09 Convergence criterion met
 ---------------------------------------
 SCF time:  CPU 7509.01 s  wall 7526.33 s
 SCF   energy in the final basis set = -1610.40447191
 Total energy in the final basis set = -1610.40447191
 
 --------------------------------------------------------------
 
                    Orbital Energies (a.u.)
 --------------------------------------------------------------
 
 Alpha MOs
 -- Occupied --
-19.179 -19.170 -19.170 -19.168 -19.145 -19.125 -19.119 -19.115
-19.114 -19.109 -10.314 -10.305 -10.302 -10.298 -10.255 -10.240
-10.235 -10.235 -10.229 -10.228 -10.215 -10.212 -10.211 -10.209
-10.191 -10.188 -10.187 -10.187 -10.179 -10.165 -10.164 -10.164
 -1.122  -1.116  -1.112  -1.107  -1.077  -1.051  -1.036  -1.027
 -1.025  -1.021  -0.840  -0.820  -0.805  -0.791  -0.785  -0.772
 -0.747  -0.741  -0.727  -0.723  -0.704  -0.688  -0.660  -0.645
 -0.613  -0.599  -0.597  -0.580  -0.569  -0.566  -0.564  -0.554
 -0.540  -0.525  -0.523  -0.516  -0.510  -0.503  -0.498  -0.494
 -0.488  -0.483  -0.483  -0.479  -0.476  -0.473  -0.469  -0.466
 -0.465  -0.453  -0.448  -0.439  -0.434  -0.428  -0.427  -0.418
 -0.416  -0.410  -0.409  -0.400  -0.397  -0.397  -0.390  -0.386
 -0.381  -0.376  -0.374  -0.370  -0.369  -0.365  -0.364  -0.360
 -0.354  -0.350  -0.343  -0.341  -0.339  -0.336  -0.323  -0.322
 -0.319  -0.316  -0.308  -0.306  -0.295  -0.289  -0.282  -0.280
 -0.274  -0.262
 -- Virtual --
 -0.024  -0.014  -0.012  -0.009  -0.005   0.000   0.002   0.004
  0.007   0.013   0.015   0.018   0.019   0.020   0.025   0.031
  0.035   0.036   0.040   0.041   0.043   0.047   0.049   0.053
  0.054   0.057   0.059   0.063   0.065   0.067   0.070   0.074
  0.075   0.078   0.081   0.084   0.088   0.091   0.094   0.096
  0.098   0.100   0.103   0.104   0.105   0.106   0.110   0.112
  0.113   0.115   0.117   0.119   0.120   0.122   0.125   0.126
  0.127   0.129   0.133   0.133   0.134   0.134   0.138   0.139
  0.141   0.142   0.144   0.146   0.147   0.148   0.149   0.151
  0.154   0.156   0.156   0.157   0.159   0.160   0.163   0.165
  0.166   0.168   0.170   0.172   0.174   0.176   0.178   0.179
  0.182   0.183   0.184   0.186   0.189   0.189   0.193   0.194
  0.196   0.197   0.200   0.202   0.205   0.206   0.207   0.208
  0.211   0.213   0.214   0.220   0.220   0.223   0.224   0.225
  0.228   0.230   0.234   0.235   0.236   0.240   0.242   0.243
  0.247   0.250   0.251   0.253   0.254   0.257   0.260   0.262
  0.263   0.265   0.267   0.269   0.274   0.275   0.278   0.282
  0.283   0.284   0.289   0.291   0.294   0.296   0.299   0.301
  0.302   0.307   0.307   0.310   0.311   0.315   0.316   0.319
  0.322   0.326   0.327   0.328   0.329   0.331   0.334   0.338
  0.339   0.341   0.341   0.345   0.347   0.349   0.352   0.357
  0.359   0.361   0.365   0.367   0.369   0.371   0.375   0.376
  0.377   0.380   0.380   0.386   0.386   0.389   0.394   0.396
  0.399   0.400   0.403   0.404   0.408   0.411   0.416   0.418
  0.422   0.427   0.428   0.428   0.431   0.437   0.440   0.442
  0.444   0.451   0.454   0.454   0.460   0.464   0.467   0.476
  0.477   0.478   0.484   0.488   0.492   0.502   0.506   0.511
  0.515   0.518   0.524   0.530   0.530   0.536   0.540   0.544
  0.547   0.550   0.558   0.559   0.563   0.565   0.568   0.571
  0.572   0.580   0.581   0.584   0.588   0.594   0.598   0.604
  0.605   0.609   0.613   0.617   0.624   0.626   0.631   0.633
  0.638   0.648   0.652   0.653   0.657   0.663   0.667   0.668
  0.670   0.677   0.679   0.683   0.684   0.691   0.692   0.696
  0.698   0.702   0.708   0.710   0.714   0.717   0.718   0.720
  0.725   0.731   0.733   0.735   0.739   0.744   0.748   0.749
  0.755   0.756   0.759   0.762   0.768   0.771   0.776   0.780
  0.781   0.785   0.792   0.795   0.798   0.802   0.807   0.807
  0.813   0.821   0.825   0.829   0.830   0.836   0.838   0.842
  0.844   0.853   0.858   0.865   0.872   0.876   0.881   0.887
  0.894   0.902   0.910   0.912   0.920   0.927   0.943   0.950
  0.952   0.964   0.977   0.982   0.991   1.011   1.014   1.019
  1.038   1.049   1.057   1.060   1.074   1.083   1.089   1.096
  1.105   1.113   1.119   1.122   1.127   1.131   1.143   1.152
  1.163   1.167   1.178   1.181   1.196   1.198   1.208   1.212
  1.215   1.218   1.222   1.229   1.234   1.242   1.243   1.254
  1.256   1.263   1.266   1.277   1.286   1.290   1.293   1.296
  1.304   1.308   1.314   1.318   1.321   1.323   1.334   1.338
  1.341   1.348   1.356   1.360   1.364   1.373   1.377   1.381
  1.393   1.398   1.404   1.410   1.418   1.420   1.428   1.435
  1.439   1.446   1.452   1.460   1.470   1.473   1.478   1.485
  1.494   1.499   1.505   1.507   1.513   1.520   1.527   1.535
  1.539   1.546   1.558   1.560   1.564   1.566   1.568   1.575
  1.578   1.579   1.583   1.585   1.588   1.597   1.602   1.606
  1.609   1.613   1.614   1.621   1.626   1.631   1.634   1.642
  1.647   1.653   1.656   1.660   1.666   1.675   1.677   1.680
  1.683   1.687   1.691   1.696   1.702   1.704   1.708   1.711
  1.716   1.719   1.725   1.728   1.735   1.738   1.740   1.742
  1.750   1.752   1.755   1.768   1.774   1.777   1.787   1.790
  1.795   1.802   1.804   1.816   1.821   1.825   1.830   1.834
  1.836   1.844   1.849   1.857   1.866   1.869   1.875   1.887
  1.888   1.893   1.904   1.904   1.908   1.911   1.932   1.938
  1.941   1.943   1.949   1.955   1.962   1.968   1.975   1.988
  1.997   2.006   2.010   2.017   2.026   2.028   2.033   2.037
  2.045   2.050   2.052   2.065   2.067   2.070   2.082   2.089
  2.104   2.112   2.117   2.130   2.137   2.138   2.144   2.152
  2.153   2.161   2.166   2.172   2.174   2.183   2.189   2.199
  2.205   2.210   2.216   2.222   2.235   2.240   2.254   2.258
  2.265   2.270   2.277   2.282   2.303   2.308   2.325   2.329
  2.333   2.363   2.372   2.381   2.398   2.404   2.417   2.430
  2.438   2.454   2.460   2.467   2.471   2.478   2.485   2.497
  2.501   2.511   2.515   2.524   2.529   2.533   2.538   2.539
  2.546   2.549   2.552   2.558   2.563   2.576   2.586   2.592
  2.599   2.601   2.613   2.615   2.625   2.632   2.636   2.641
  2.650   2.654   2.660   2.669   2.676   2.684   2.704   2.710
  2.712   2.727   2.735   2.744   2.749   2.755   2.766   2.775
  2.788   2.793   2.798   2.813   2.821   2.825   2.831   2.846
  2.846   2.848   2.856   2.860   2.874   2.878   2.883   2.889
  2.890   2.899   2.902   2.908   2.918   2.922   2.929   2.933
  2.947   2.948   2.956   2.967   2.972   2.992   2.997   3.002
  3.012   3.025   3.027   3.044   3.050   3.062   3.068   3.071
  3.075   3.081   3.091   3.093   3.105   3.110   3.118   3.120
  3.130   3.137   3.146   3.154   3.158   3.163   3.167   3.175
  3.187   3.196   3.209   3.218   3.225   3.234   3.239   3.244
  3.254   3.263   3.265   3.279   3.284   3.290   3.293   3.310
  3.330   3.359   3.367   3.371   3.380   3.389   3.398   3.402
  3.415   3.420   3.427   3.435   3.452   3.475   3.589   3.598
  3.607   3.611   3.616   3.634   3.668   3.708   3.713   3.748
  3.760   3.775   3.788   3.792   3.800   3.830   3.833   3.844
  3.845   3.851   3.852   3.867   3.888   3.911   3.942   3.964
  3.972   3.990   4.063   4.075   4.082   4.084   4.095   4.106
  4.111   4.125   4.147   4.153   4.159   4.166   4.173   4.176
  4.192   4.229   4.236   4.247   4.271   4.281   4.288   4.297
  4.436   4.458   4.507   4.524   5.091   5.095   5.156   5.176
  5.197   5.209   5.228   5.249   5.253   5.264   5.287   5.301
  5.315   5.332   5.425   5.458   5.482   5.507   5.542   5.629
  5.640   5.643   5.659   5.683   5.690   5.708   5.918   5.922
  5.934   5.954  23.815  23.826  23.852  23.863  23.876  23.889
 23.909  23.917  23.933  23.939  23.953  23.961  23.968  23.972
 23.988  23.995  23.996  24.010  24.027  24.036  24.076  24.123
 49.927  49.955  49.958  49.983  50.005  50.025  50.047  50.063
 50.071  50.078
 --------------------------------------------------------------
 
          Ground-State Mulliken Net Atomic Charges

     Atom                 Charge (a.u.)
  ----------------------------------------
      1 C                     0.291978
      2 C                     0.321946
      3 C                    -0.496113
      4 C                    -0.254321
      5 O                     0.010032
      6 O                    -0.157389
      7 O                     0.105449
      8 O                    -0.081974
      9 C                    -0.165622
     10 C                    -0.300082
     11 C                    -0.625032
     12 C                    -0.341803
     13 C                     0.006159
     14 C                    -0.609950
     15 O                     0.028664
     16 H                     0.293740
     17 H                    -0.186739
     18 H                     0.191679
     19 H                     0.201864
     20 H                     0.195912
     21 H                     0.121266
     22 H                     0.196612
     23 H                     0.048942
     24 H                     0.179911
     25 H                     0.173462
     26 H                     0.116026
     27 H                     0.194367
     28 C                    -0.332311
     29 H                     0.188527
     30 H                     0.160347
     31 H                     0.189540
     32 H                     0.276024
     33 C                    -0.032571
     34 C                     0.334696
     35 C                    -0.669247
     36 C                    -0.756624
     37 O                     0.051718
     38 O                    -0.093765
     39 O                     0.053908
     40 O                    -0.086406
     41 C                    -0.382818
     42 C                    -0.165172
     43 C                    -0.087972
     44 C                    -0.739006
     45 C                    -0.259674
     46 C                    -0.306956
     47 O                     0.265837
     48 H                     0.249676
     49 H                     0.289621
     50 H                     0.216205
     51 H                     0.169112
     52 H                     0.175559
     53 H                     0.144317
     54 H                     0.170879
     55 H                     0.148616
     56 H                     0.124598
     57 H                     0.249584
     58 H                     0.169181
     59 H                     0.184075
     60 C                    -0.317579
     61 H                     0.216706
     62 H                     0.201657
     63 H                     0.264103
     64 H                     0.276632
  ----------------------------------------
  Sum of atomic charges =     0.000000

 -----------------------------------------------------------------
                    Cartesian Multipole Moments
 -----------------------------------------------------------------
    Charge (ESU x 10^10)
                 0.0000
    Dipole Moment (Debye)
         X       3.2086      Y       0.0826      Z       0.0438
       Tot       3.2100
    Quadrupole Moments (Debye-Ang)
        XX    -188.1431     XY       9.8994     YY    -166.1863
        XZ      19.4182     YZ      -0.2225     ZZ    -209.6008
    Octopole Moments (Debye-Ang^2)
       XXX      37.0849    XXY     -27.5214    XYY       5.6224
       YYY    -105.2288    XXZ     -17.6817    XYZ     -19.1522
       YYZ      -5.2292    XZZ      -8.3904    YZZ      24.3987
       ZZZ      31.6033
    Hexadecapole Moments (Debye-Ang^3)
      XXXX   -7312.6120   XXXY     197.2096   XXYY   -1871.6802
      XYYY     -66.4030   YYYY   -4313.2901   XXXZ     337.9230
      XXYZ      -6.2636   XYYZ      33.7015   YYYZ     -39.8611
      XXZZ   -1808.0294   XYZZ       6.4850   YYZZ   -1200.1403
      XZZZ     104.6876   YZZZ      11.4596   ZZZZ   -2816.5993
 -----------------------------------------------------------------
Archival summary:
1\1\vega01.cac.cornell.edu\SP\ProcedureUnspecified\BasisUnspecified\102232\jj585\MonApr1620:45:462018MonApr1620:45:462018\0\\#,ProcedureUnspecified,BasisUnspecified,\\0,1\O\C,1,1.43358\H,2,1.07,1,117.389\C,1,1.43646,2,98.0224,3,-179.253,0\C,4,1.51218,1,111.091,2,-178.393,0\H,5,1.09134,4,111.033,1,-57.0184,0\H,5,1.09192,4,109.775,1,62.6469,0\H,5,1.09264,4,110.458,1,-177.522,0\C,2,1.54115,1,102.483,3,-123.548,0\H,9,1.09096,2,110.128,1,81.1589,0\H,9,1.09186,2,112.95,1,-157.962,0\C,2,1.54738,1,103.124,3,123.327,0\H,12,1.09374,2,111.197,1,147.786,0\C,12,1.51731,2,113.483,1,-93.8005,0\O,14,1.20407,12,125.979,2,-9.23641,0\O,14,1.35176,12,110.223,2,174.335,0\C,16,1.43854,14,116.158,12,-178.482,0\H,17,1.08777,16,105.482,14,177.492,0\H,17,1.09107,16,110.6,14,-62.8398,0\H,17,1.09137,16,110.239,14,57.9539,0\C,4,1.55466,1,102.371,2,-54.4128,0\H,21,1.09132,4,109.614,1,-87.4148,0\H,21,1.09187,4,112.355,1,152.676,0\C,12,1.5685,2,101.696,1,32.1918,0\H,24,1.08851,12,111.41,2,119.274,0\C,24,1.51456,12,117.337,2,-119.387,0\O,26,1.20804,24,123.816,12,-137.891,0\O,26,1.34543,24,112.521,12,44.9607,0\C,28,1.43759,26,116.484,24,179.042,0\H,29,1.08763,28,105.353,26,177.393,0\H,29,1.09122,28,110.39,26,57.5626,0\H,29,1.09127,28,110.468,26,-63.158,0\H,6,1.97268,5,123.987,4,55.6701,0\C,33,1.08851,6,159.7,5,108.115,0\C,34,1.51456,33,105.218,6,76.321,0\O,35,1.20804,34,123.816,33,-13.3842,0\O,35,1.34543,34,112.521,33,169.467,0\C,37,1.43759,35,116.484,34,179.042,0\H,38,1.08763,37,105.353,35,177.393,0\H,38,1.09122,37,110.39,35,57.5626,0\H,38,1.09127,37,110.468,35,-63.158,0\C,34,1.5685,33,111.41,6,-155.52,0\H,42,1.09374,34,108.73,33,1.88124,0\C,42,1.51731,34,116.554,33,-116.783,0\O,44,1.20407,42,125.979,34,-126.895,0\O,44,1.35176,42,110.223,34,56.6764,0\C,46,1.43854,44,116.158,42,-178.482,0\H,47,1.08777,46,105.482,44,177.492,0\H,47,1.09107,46,110.6,44,-62.8398,0\H,47,1.09137,46,110.239,44,57.9539,0\C,42,1.54738,34,101.696,33,119.274,0\H,51,1.07,42,111.755,34,159.179,0\O,51,1.43358,42,103.124,34,32.1918,0\C,53,1.43646,51,98.0224,42,-55.9256,0\C,54,1.51218,53,111.091,51,-178.393,0\H,55,1.09134,54,111.033,53,-57.0184,0\H,55,1.09192,54,109.775,53,62.6469,0\H,55,1.09264,54,110.458,53,-177.522,0\C,51,1.54115,42,108.926,34,-76.1436,0\H,59,1.09096,51,110.128,42,-170.072,0\H,59,1.09186,51,112.95,42,-49.1929,0\C,54,1.55466,53,102.371,51,-54.4128,0\H,62,1.09132,54,109.614,53,-87.4148,0\H,62,1.09187,54,112.355,53,152.676,0\\\@

 Total job time:  7528.62s(wall), 7511.23s(cpu) 
 Mon Apr 16 20:45:46 2018

        *************************************************************
        *                                                           *
        *  Thank you very much for using Q-Chem.  Have a nice day.  *
        *                                                           *
        *************************************************************


0 sent ACK to 0 
now end server 0 ... 
