mFile = /opt/software/qchem/qchem-5.0.1//bin/mpi/machines
Process 0 of 1 is on vega03.cac.cornell.edu - thread support 0
initial socket setup ...start
initial socket setup ...done 
now start server 0 ... 
vega03 10.84.3
Q-Chem Developer Version! Running on 10.84.3.*
                  Welcome to Q-Chem
     A Quantum Leap Into The Future Of Chemistry


 Q-Chem 5.0, Q-Chem, Inc., Pleasanton, CA (2017)

 Yihan Shao,  Zhengting Gan,  E. Epifanovsky,  A. T. B. Gilbert,  M. Wormit,  
 J. Kussmann,  A. W. Lange,  A. Behn,  Jia Deng,  Xintian Feng,  D. Ghosh,  
 M. Goldey,  P. R. Horn,  L. D. Jacobson,  I. Kaliman,  T. Kus,  A. Landau,  
 Jie Liu,  E. I. Proynov,  R. M. Richard,  R. P. Steele,  E. J. Sundstrom,  
 H. L. Woodcock III,  P. M. Zimmerman,  D. Zuev,  B. Albrecht,  E. Alguire,  
 S. A. Baeppler,  Z. Benda,  Y. A. Bernard,  E. J. Berquist,  K. B. Bravaya,  
 D. Casanova,  Chun-Min Chang,  Yunqing Chen,  A. Chien,  K. D. Closser,  
 M. P. Coons,  S. Dasgupta,  M. Diedenhofen,  Hainam Do,  R. G. Edgar,  
 Po-Tung Fang,  S. Fatehi,  Qingguo Feng,  Qinghui Ge,  A. Ghysels,  
 J. Gomes,  J. Gonthier,  A. Gunina,  M. W. D. Hanson-Heine,  
 P. H. P. Harbach,  A. W. Hauser,  J. E. Herr,  E. G. Hohenstein,  
 Z. C. Holden,  Kerwin Hui,  T.-C. Jagau,  Hyunjun Ji,  B. Kaduk,  
 K. Khistyaev,  Jaehoon Kim,  P. Klunzinger,  K. Koh,  D. Kosenkov,  
 T. Kowalczyk,  C. M. Krauter,  A. Kunitsa,  Ka Un Lao,  A. Laurent,  
 K. V. Lawler,  Joonho Lee,  D. Lefrancois,  S. Lehtola,  D. S. Levine,  
 Yi-Pei Li,  You-Sheng Lin,  Fenglai Liu,  E. Livshits,  A. Luenser,  
 P. Manohar,  E. Mansoor,  S. F. Manzer,  Shan-Ping Mao,  Yuezhi Mao,  
 N. Mardirossian,  A. V. Marenich,  L. A. Martinez-Martinez,  S. A. Maurer,  
 N. J. Mayhall,  S. C. McKenzie,  J.-M. Mewes,  A. F. Morrison,  K. Nanda,  
 T. S. Nguyen-Beck,  R. Olivares-Amaya,  J. A. Parkhill,  T. M. Perrine,  
 F. Plasser,  S. Prager,  A. Prociuk,  D. R. Rehn,  F. Rob,  M. Schneider,  
 N. Sergueev,  S. M. Sharada,  S. Sharma,  D. W. Small,  T. Stauch,  
 T. Stein,  Yu-Chuan Su,  A. J. W. Thom,  T. Tsuchimochi,  L. Vogt,  
 O. Vydrov,  M. A. Watson,  J. Wenzel,  M. de Wergifosse,  T. A. Wesolowski,  
 A. White,  J. Witte,  A. Yamada,  Jun Yang,  K. Yao,  S. Yeganeh,  
 S. R. Yost,  Zhi-Qiang You,  A. Zech,  Igor Ying Zhang,  Xing Zhang,  
 Yan Zhao,  Ying Zhu,  B. R. Brooks,  G. K. L. Chan,  C. J. Cramer,  
 M. S. Gordon,  W. J. Hehre,  A. Klamt,  M. W. Schmidt,  C. D. Sherrill,  
 D. G. Truhlar,  A. Aspuru-Guzik,  R. Baer,  A. T. Bell,  N. A. Besley,  
 Jeng-Da Chai,  A. Dreuw,  B. D. Dunietz,  T. R. Furlani,  Chao-Ping Hsu,  
 Yousung Jung,  Jing Kong,  D. S. Lambrecht,  WanZhen Liang,  C. Ochsenfeld,  
 V. A. Rassolov,  L. V. Slipchenko,  J. E. Subotnik,  T. Van Voorhis,  
 J. M. Herbert,  A. I. Krylov,  P. M. W. Gill,  M. Head-Gordon

 Contributors to earlier versions of Q-Chem not listed above: 
 R. D. Adamson,  B. Austin,  J. Baker,  G. J. O. Beran,  K. Brandhorst,  
 S. T. Brown,  E. F. C. Byrd,  A. K. Chakraborty,  C.-L. Cheng,  
 Siu Hung Chien,  D. M. Chipman,  D. L. Crittenden,  H. Dachsel,  
 R. A. DiStasio Jr.,  R. J. Doerksen,  A. D. Dutoi,  L. Fusti-Molnar,  
 W. A. Goddard III,  A. Golubeva-Zadorozhnaya,  S. R. Gwaltney,  G. Hawkins,  
 A. Heyden,  S. Hirata,  G. Kedziora,  F. J. Keil,  C. Kelley,  Jihan Kim,  
 R. A. King,  R. Z. Khaliullin,  P. P. Korambath,  W. Kurlancheek,  
 A. M. Lee,  M. S. Lee,  S. V. Levchenko,  Ching Yeh Lin,  D. Liotard,  
 R. C. Lochan,  I. Lotan,  P. E. Maslen,  N. Nair,  D. P. O'Neill,  
 D. Neuhauser,  E. Neuscamman,  C. M. Oana,  R. Olson,  B. Peters,  
 R. Peverati,  P. A. Pieniazek,  Y. M. Rhee,  J. Ritchie,  M. A. Rohrdanz,  
 E. Rosta,  N. J. Russ,  H. F. Schaefer III,  N. E. Schultz,  N. Shenvi,  
 A. C. Simmonett,  A. Sodt,  D. Stuck,  K. S. Thanthiriwatte,  V. Vanovschi,  
 Tao Wang,  A. Warshel,  C. F. Williams,  Q. Wu,  X. Xu,  W. Zhang

 Please cite Q-Chem as follows:
 Y. Shao et al., Mol. Phys. 113, 184-215 (2015)
 DOI: 10.1080/00268976.2014.952696

 Q-Chem 5.0.1 for Intel X86 EM64T Linux

 Parts of Q-Chem use Armadillo 5.200.1 (Boston Tea Smuggler).
 http://arma.sourceforge.net/

 Q-Chem begins on Mon Apr 16 23:09:10 2018  

Host: vega03.cac.cornell.edu
0

     Scratch files written to /scratch/jj585/vdw/0000_distance_5.100_11.save//
 Parallel job on  1  processors

Checking the input file for inconsistencies... 	...done.

--------------------------------------------------------------
User input:
--------------------------------------------------------------
$molecule
0  1
--
0  1
C        +0.22270000        +1.04488000        +0.58595000
C        +0.62626000        -0.41353000        +0.99871000
C        +1.33008000        +1.39974000        -0.43491000
C        +2.63070000        +1.71700000        +0.32855000
C        +3.04336000        +0.29351000        +0.80300000
C        +1.94423000        -0.59299000        +0.15262000
O        +1.62840000        +0.13663000        -1.04376000
H        +3.37234000        +2.13782000        -0.35195000
H        +2.48236000        +2.42488000        +1.14651000
H        +4.02182000        +0.00994000        +0.41161000
H        +3.07359000        +0.18738000        +1.88928000
H        +1.03270000        +2.19943000        -1.08064000
H        +2.24339000        -1.61496000        +0.04786000
H        +0.81693000        -0.48905000        +2.04887000
H        -0.12524000        -1.15356000        +0.81843000
H        -0.74673000        +1.06811000        +0.13365000
H        +0.15552000        +1.72617000        +1.40828000
--
0  1
C        +3.67666000        +3.05564000        +3.75407000
C        +4.08022000        +1.59723000        +4.16683000
C        +4.78404000        +3.41050000        +2.73321000
C        +6.08466000        +3.72776000        +3.49667000
C        +6.49732000        +2.30427000        +3.97112000
C        +5.39819000        +1.41777000        +3.32074000
O        +5.08236000        +2.14739000        +2.12436000
H        +6.82630000        +4.14858000        +2.81617000
H        +5.93632000        +4.43564000        +4.31463000
H        +7.47578000        +2.02070000        +3.57973000
H        +6.52755000        +2.19814000        +5.05740000
H        +4.48666000        +4.21019000        +2.08748000
H        +5.69735000        +0.39580000        +3.21598000
H        +4.27089000        +1.52171000        +5.21699000
H        +3.32872000        +0.85720000        +3.98655000
H        +2.70723000        +3.07887000        +3.30177000
H        +3.60948000        +3.73693000        +4.57640000
$end

$rem
JOBTYPE                   SP
METHOD                    B3LYP
DFT_D                     d3_op
BASIS                     6-311++G(d,p)
SYMMETRY                  False
THRESH                    12
SCF_CONVERGENCE           8
MAX_SUB_FILE_NUM          128
MEM_STATIC                400
MEM_TOTAL                 4000
$end
--------------------------------------------------------------
 Adding empirical dispersion correction 
 ----------------------------------------------------------------
 Doing -D3(op) with
 s6 =   1.00000
 s8 =   0.78311
 a1 =   0.30000
 a2 =   4.25000
 n  =  10.00000
 -D3 energy without 3body term =     -0.0336716635 hartrees
 ----------------------------------------------------------------
             Standard Nuclear Orientation (Angstroms)
    I     Atom           X                Y                Z
 ----------------------------------------------------------------
    1      C       3.1317097579    -0.5358723054     1.2244491877
    2      C       3.1798480064     0.9978800463     0.8996759558
    3      C       2.8089816001    -1.1403121835    -0.1629477250
    4      C       1.3164162258    -0.9129693180    -0.4723039734
    5      C       1.3081024027     0.6176029631    -0.7533630971
    6      C       2.8166026385     0.9742227373    -0.6341467963
    7      O       3.4544974480    -0.2368812275    -1.0697342572
    8      H       1.0260969774    -1.4795940643    -1.3582219960
    9      H       0.6612841868    -1.2105213082     0.3489281717
   10      H       0.9587038381     0.8363637341    -1.7638315116
   11      H       0.6905281013     1.1860619004    -0.0550522157
   12      H       3.0827139707    -2.1731920965    -0.2189465463
   13      H       3.0702176846     1.8808846322    -1.1426127844
   14      H       2.4580624011     1.5456383460     1.4687811569
   15      H       4.1087887226     1.4753518494     1.1320277418
   16      H       4.0731064501    -0.8862369225     1.5931310979
   17      H       2.4271700262    -0.7966169909     1.9863755757
   18      C      -1.9632019358    -0.4798130794     1.4451571158
   19      C      -1.9150636873     1.0539392722     1.1203838839
   20      C      -2.2859300936    -1.0842529575     0.0577602030
   21      C      -3.7784954680    -0.8569100920    -0.2515960453
   22      C      -3.7868092911     0.6736621890    -0.5326551690
   23      C      -2.2783090553     1.0302819633    -0.4134388683
   24      O      -1.6404142458    -0.1808220015    -0.8490263292
   25      H      -4.0688147164    -1.4235348383    -1.1375140680
   26      H      -4.4336275070    -1.1544620823     0.5696360998
   27      H      -4.1362078556     0.8924229601    -1.5431235835
   28      H      -4.4043835925     1.2421211264     0.1656557124
   29      H      -2.0121977231    -2.1171328705     0.0017613818
   30      H      -2.0246940092     1.9369438581    -0.9219048563
   31      H      -2.6368492927     1.6016975720     1.6894890849
   32      H      -0.9861229712     1.5314110754     1.3527356698
   33      H      -1.0218052437    -0.8301776966     1.8138390259
   34      H      -2.6677416676    -0.7405577650     2.2070835038
 ----------------------------------------------------------------
 Molecular Point Group                 C1    NOp =  1
 Largest Abelian Subgroup              C1    NOp =  1
 Nuclear Repulsion Energy =   962.7555791018 hartrees
 There are       54 alpha and       54 beta electrons
 Requested basis set is 6-311++G(d,p)
 There are 184 shells and 448 basis functions

 Total QAlloc Memory Limit   4000 MB
 Mega-Array Size       392 MB
 MEM_STATIC part       400 MB
 A cutoff of  1.0D-12 yielded  14338 shell pairs
 There are     84104 function pairs (     88993 Cartesian)
 
 -------------------------------------------------------
 OpenMP Integral Computing Module                       
 Release: version 1.0, May 2013, Q-Chem Inc. Pittsburgh 
 -------------------------------------------------------
 Integral Job Info:
 Integral job number is                      11
 Integral operator is                         1
 short-range coefficients                     0
 long-range coefficients              100000000
 Omega coefficients                           0
 if combine SR and LR in K                    0
 Integral screening is                        0
 Integral computing path is                   2
 max size of driver memory is            800000
 size of driver memory is                593474
 size of scratch memory is              2361544
 max col of scratch BK array               1296
 max len of scratch array in speh3          155
 max len of scratch index in speh4           18
 max int batch size is                      520
 min int batch size is                       52
 fixed nKL is                                52
 max L of basis functions is                  2
 order of int derivative is                   0
 number of shells is                        184
 number of basis is                         462
 number of cartesian basis is               462
 number of contracted shell pairs         14338
 number of primitive shell pairs          31002
 maxK2 (contraction) of shell pair           36
 max number of K2 of shell pair               1
 max number of CS2 of shell pair           2579
 max number of PS2 of shell pair           4464
 mem total for path MDJ                  119778
 -------------------------------------------------------
 Smallest overlap matrix eigenvalue = 1.32E-06

 Scale SEOQF with 1.000000e-01/1.000000e-01/1.000000e-01

 Standard Electronic Orientation quadrupole field applied
 Nucleus-field energy     =     0.0000000254 hartrees
 Guess from superposition of atomic densities
 Warning:  Energy on first SCF cycle will be non-variational
 A restricted hybrid HF-DFT SCF calculation will be
 performed using Pulay DIIS extrapolation
 Exchange:     0.2000 Hartree-Fock + 0.0800 Slater + 0.7200 B88
 Correlation:  0.1900 VWN1RPA + 0.8100 LYP
 Using SG-1 standard quadrature grid
 Dispersion:   Grimme D3
 SCF converges when DIIS error is below 1.0E-08
 using 4 threads for integral computing
 -------------------------------------------------------
 OpenMP Integral computing Module                
 Release: version 1.0, May 2013, Q-Chem Inc. Pittsburgh 
 -------------------------------------------------------
 -------------------------------------------------------
 OpenMP BLAS3 based DFT computing Module                
 Release: version 1.0, May 2013, Q-Chem Inc. Pittsburgh 
 -------------------------------------------------------
 ---------------------------------------
  Cycle       Energy         DIIS Error
 ---------------------------------------
    1    -622.8420045819      2.91E-02
    2    -619.6358280561      3.34E-03
    3    -619.4788016715      4.26E-03
    4    -619.9161304059      5.17E-04
    5    -619.9203392052      2.24E-04
    6    -619.9212097242      6.95E-05
    7    -619.9212925370      1.80E-05
    8    -619.9212994172      2.30E-06
    9    -619.9212995449      5.98E-07
   10    -619.9212995543      1.31E-07
   11    -619.9212995546      5.97E-08
   12    -619.9212995546      1.58E-08
   13    -619.9212995546      6.41E-09 Convergence criterion met
 ---------------------------------------
 SCF time:  CPU 543.44 s  wall 136.27 s
 SCF   energy in the final basis set = -619.92129955
 Total energy in the final basis set = -619.92129955
 
 --------------------------------------------------------------
 
                    Orbital Energies (a.u.)
 --------------------------------------------------------------
 
 Alpha MOs
 -- Occupied --
-19.127 -19.114 -10.226 -10.223 -10.212 -10.209 -10.172 -10.171
-10.170 -10.169 -10.158 -10.157 -10.155 -10.155  -1.055  -1.041
 -0.802  -0.788  -0.754  -0.752  -0.739  -0.738  -0.619  -0.605
 -0.583  -0.578  -0.569  -0.564  -0.532  -0.517  -0.484  -0.472
 -0.466  -0.455  -0.436  -0.422  -0.411  -0.401  -0.396  -0.386
 -0.371  -0.364  -0.356  -0.354  -0.350  -0.344  -0.342  -0.329
 -0.322  -0.309  -0.308  -0.294  -0.269  -0.253
 -- Virtual --
 -0.015  -0.001   0.001   0.006   0.016   0.017   0.019   0.028
  0.029   0.036   0.037   0.044   0.046   0.051   0.054   0.065
  0.070   0.070   0.074   0.088   0.089   0.092   0.096   0.098
  0.103   0.105   0.111   0.113   0.114   0.116   0.117   0.123
  0.126   0.128   0.131   0.133   0.134   0.139   0.140   0.143
  0.146   0.149   0.150   0.156   0.158   0.158   0.162   0.163
  0.165   0.168   0.169   0.171   0.177   0.180   0.181   0.184
  0.193   0.195   0.197   0.199   0.202   0.211   0.215   0.216
  0.221   0.222   0.226   0.235   0.237   0.237   0.240   0.244
  0.247   0.258   0.262   0.265   0.272   0.274   0.279   0.281
  0.287   0.294   0.295   0.305   0.307   0.311   0.315   0.324
  0.329   0.331   0.339   0.343   0.345   0.354   0.356   0.361
  0.364   0.366   0.372   0.372   0.374   0.378   0.383   0.389
  0.394   0.398   0.409   0.418   0.423   0.428   0.444   0.446
  0.476   0.492   0.498   0.515   0.532   0.534   0.538   0.551
  0.559   0.564   0.573   0.578   0.580   0.592   0.599   0.605
  0.626   0.627   0.634   0.641   0.652   0.656   0.662   0.664
  0.676   0.684   0.692   0.702   0.705   0.715   0.716   0.721
  0.727   0.731   0.741   0.744   0.747   0.752   0.758   0.763
  0.766   0.775   0.776   0.779   0.784   0.791   0.808   0.813
  0.823   0.838   0.843   0.867   0.882   0.887   0.900   0.906
  0.910   0.918   0.933   0.941   0.965   0.984   1.016   1.044
  1.063   1.076   1.111   1.138   1.175   1.187   1.199   1.203
  1.210   1.215   1.224   1.247   1.258   1.267   1.268   1.279
  1.317   1.332   1.348   1.380   1.421   1.426   1.439   1.450
  1.470   1.476   1.480   1.494   1.500   1.513   1.516   1.520
  1.536   1.556   1.563   1.572   1.579   1.583   1.588   1.597
  1.609   1.622   1.628   1.643   1.647   1.652   1.671   1.678
  1.683   1.693   1.702   1.713   1.728   1.733   1.741   1.752
  1.757   1.769   1.798   1.805   1.813   1.825   1.828   1.829
  1.840   1.850   1.865   1.880   1.892   1.902   1.909   1.911
  1.917   1.930   1.943   1.947   1.951   1.960   1.985   1.989
  1.997   2.013   2.041   2.045   2.063   2.083   2.135   2.140
  2.147   2.154   2.158   2.168   2.173   2.183   2.190   2.199
  2.207   2.232   2.237   2.255   2.268   2.275   2.319   2.333
  2.335   2.344   2.451   2.467   2.478   2.490   2.495   2.506
  2.512   2.517   2.530   2.537   2.550   2.550   2.565   2.582
  2.605   2.613   2.624   2.632   2.634   2.663   2.713   2.717
  2.729   2.734   2.749   2.761   2.767   2.769   2.784   2.790
  2.799   2.806   2.816   2.840   2.842   2.868   2.871   2.882
  2.892   2.904   2.910   2.918   2.970   2.978   2.994   3.022
  3.036   3.039   3.053   3.078   3.093   3.110   3.120   3.127
  3.134   3.141   3.162   3.199   3.235   3.244   3.282   3.300
  3.305   3.320   3.373   3.390   3.403   3.422   3.616   3.631
  3.679   3.703   3.935   3.948   3.967   3.969   3.979   3.985
  4.084   4.092   4.100   4.107   4.133   4.152   4.182   4.192
  4.217   4.237   4.361   4.378   4.474   4.489   5.174   5.228
  5.491   5.518   5.637   5.644  23.832  23.848  23.849  23.866
 23.941  23.966  23.986  24.001  24.010  24.022  24.059  24.074
 49.956  49.968
 --------------------------------------------------------------
 
          Ground-State Mulliken Net Atomic Charges

     Atom                 Charge (a.u.)
  ----------------------------------------
      1 C                    -0.453630
      2 C                    -0.435001
      3 C                     0.012913
      4 C                    -0.297181
      5 C                    -0.247000
      6 C                    -0.033038
      7 O                    -0.131220
      8 H                     0.201038
      9 H                     0.055842
     10 H                     0.196319
     11 H                     0.043020
     12 H                     0.226582
     13 H                     0.227376
     14 H                     0.098833
     15 H                     0.178107
     16 H                     0.171214
     17 H                     0.107646
     18 C                    -0.328686
     19 C                    -0.371242
     20 C                     0.107212
     21 C                    -0.588654
     22 C                    -0.518699
     23 C                     0.145330
     24 O                     0.007853
     25 H                     0.169467
     26 H                     0.126507
     27 H                     0.169760
     28 H                     0.124926
     29 H                     0.221779
     30 H                     0.227069
     31 H                     0.150397
     32 H                     0.143157
     33 H                     0.130077
     34 H                     0.161927
  ----------------------------------------
  Sum of atomic charges =     0.000000

 -----------------------------------------------------------------
                    Cartesian Multipole Moments
 -----------------------------------------------------------------
    Charge (ESU x 10^10)
                 0.0000
    Dipole Moment (Debye)
         X      -2.9181      Y       0.5153      Z       2.3556
       Tot       3.7854
    Quadrupole Moments (Debye-Ang)
        XX     -92.2047     XY       0.9819     YY     -81.6514
        XZ       3.8304     YZ      -2.2242     ZZ     -90.3612
    Octopole Moments (Debye-Ang^2)
       XXX     -49.4721    XXY       4.9149    XYY       5.1855
       YYY      -4.0569    XXZ      23.1588    XYZ      -2.7155
       YYZ      -6.0021    XZZ      -7.8417    YZZ       2.1748
       ZZZ      -4.0667
    Hexadecapole Moments (Debye-Ang^3)
      XXXX   -4133.2328   XXXY      20.9476   XXYY    -714.4216
      XYYY      -4.9058   YYYY    -551.2955   XXXZ      78.6345
      XXYZ     -16.5021   XYYZ      -6.9967   YYYZ      -1.5921
      XXZZ    -775.5758   XYZZ       4.6400   YYZZ    -180.5724
      XZZZ       0.7584   YZZZ      -5.8130   ZZZZ    -553.2654
 -----------------------------------------------------------------
Archival summary:
1\1\vega03.cac.cornell.edu\SP\ProcedureUnspecified\BasisUnspecified\21220\jj585\MonApr1623:11:272018MonApr1623:11:272018\0\\#,ProcedureUnspecified,BasisUnspecified,\\0,1\O\C,1,1.43358\H,2,1.07,1,117.389\C,1,1.43646,2,98.0224,3,-179.253,0\H,4,1.07,1,117.714,2,-178.733,0\C,2,1.54115,1,102.483,3,-123.548,0\H,6,1.09096,2,110.128,1,81.1589,0\H,6,1.09186,2,112.95,1,-157.962,0\C,2,1.54738,1,103.124,3,123.327,0\H,9,1.07,2,113.95,1,155.255,0\H,9,1.07,2,111.379,1,-86.5463,0\C,4,1.55466,1,102.371,2,-54.4128,0\H,12,1.09132,4,109.614,1,-87.4148,0\H,12,1.09187,4,112.355,1,152.676,0\C,9,1.5685,2,101.696,1,32.1918,0\H,15,1.07,9,111.7,2,120.458,0\H,15,1.07,9,114.71,2,-121.541,0\H,17,2.21637,15,116.699,9,76.791,0\C,18,1.09187,17,156.238,15,-35.961,0\H,19,1.09132,18,107.862,17,95.0811,0\C,19,1.55466,18,112.355,17,-143.997,0\H,21,1.07,19,112.825,18,-79.816,0\O,21,1.43646,19,102.371,18,152.676,0\C,23,1.43358,21,98.0224,19,-54.4128,0\H,24,1.07,23,117.389,21,-179.253,0\C,24,1.54115,23,102.483,21,57.1986,0\H,26,1.09096,24,110.128,23,81.1589,0\H,26,1.09186,24,112.95,23,-157.962,0\C,24,1.54738,23,103.124,21,-55.9256,0\H,29,1.07,24,113.95,23,155.255,0\H,29,1.07,24,111.379,23,-86.5463,0\C,29,1.5685,24,101.696,23,32.1918,0\H,32,1.07,29,111.7,24,120.458,0\H,32,1.07,29,114.71,24,-121.541,0\\\@

 Total job time:  137.12s(wall), 545.92s(cpu) 
 Mon Apr 16 23:11:27 2018

        *************************************************************
        *                                                           *
        *  Thank you very much for using Q-Chem.  Have a nice day.  *
        *                                                           *
        *************************************************************


0 sent ACK to 0 
now end server 0 ... 
