mFile = /opt/software/qchem/qchem-5.0.1//bin/mpi/machines
Process 0 of 1 is on vega03.cac.cornell.edu - thread support 0
initial socket setup ...start
initial socket setup ...done 
now start server 0 ... 
vega03 10.84.3
Q-Chem Developer Version! Running on 10.84.3.*
                  Welcome to Q-Chem
     A Quantum Leap Into The Future Of Chemistry


 Q-Chem 5.0, Q-Chem, Inc., Pleasanton, CA (2017)

 Yihan Shao,  Zhengting Gan,  E. Epifanovsky,  A. T. B. Gilbert,  M. Wormit,  
 J. Kussmann,  A. W. Lange,  A. Behn,  Jia Deng,  Xintian Feng,  D. Ghosh,  
 M. Goldey,  P. R. Horn,  L. D. Jacobson,  I. Kaliman,  T. Kus,  A. Landau,  
 Jie Liu,  E. I. Proynov,  R. M. Richard,  R. P. Steele,  E. J. Sundstrom,  
 H. L. Woodcock III,  P. M. Zimmerman,  D. Zuev,  B. Albrecht,  E. Alguire,  
 S. A. Baeppler,  Z. Benda,  Y. A. Bernard,  E. J. Berquist,  K. B. Bravaya,  
 D. Casanova,  Chun-Min Chang,  Yunqing Chen,  A. Chien,  K. D. Closser,  
 M. P. Coons,  S. Dasgupta,  M. Diedenhofen,  Hainam Do,  R. G. Edgar,  
 Po-Tung Fang,  S. Fatehi,  Qingguo Feng,  Qinghui Ge,  A. Ghysels,  
 J. Gomes,  J. Gonthier,  A. Gunina,  M. W. D. Hanson-Heine,  
 P. H. P. Harbach,  A. W. Hauser,  J. E. Herr,  E. G. Hohenstein,  
 Z. C. Holden,  Kerwin Hui,  T.-C. Jagau,  Hyunjun Ji,  B. Kaduk,  
 K. Khistyaev,  Jaehoon Kim,  P. Klunzinger,  K. Koh,  D. Kosenkov,  
 T. Kowalczyk,  C. M. Krauter,  A. Kunitsa,  Ka Un Lao,  A. Laurent,  
 K. V. Lawler,  Joonho Lee,  D. Lefrancois,  S. Lehtola,  D. S. Levine,  
 Yi-Pei Li,  You-Sheng Lin,  Fenglai Liu,  E. Livshits,  A. Luenser,  
 P. Manohar,  E. Mansoor,  S. F. Manzer,  Shan-Ping Mao,  Yuezhi Mao,  
 N. Mardirossian,  A. V. Marenich,  L. A. Martinez-Martinez,  S. A. Maurer,  
 N. J. Mayhall,  S. C. McKenzie,  J.-M. Mewes,  A. F. Morrison,  K. Nanda,  
 T. S. Nguyen-Beck,  R. Olivares-Amaya,  J. A. Parkhill,  T. M. Perrine,  
 F. Plasser,  S. Prager,  A. Prociuk,  D. R. Rehn,  F. Rob,  M. Schneider,  
 N. Sergueev,  S. M. Sharada,  S. Sharma,  D. W. Small,  T. Stauch,  
 T. Stein,  Yu-Chuan Su,  A. J. W. Thom,  T. Tsuchimochi,  L. Vogt,  
 O. Vydrov,  M. A. Watson,  J. Wenzel,  M. de Wergifosse,  T. A. Wesolowski,  
 A. White,  J. Witte,  A. Yamada,  Jun Yang,  K. Yao,  S. Yeganeh,  
 S. R. Yost,  Zhi-Qiang You,  A. Zech,  Igor Ying Zhang,  Xing Zhang,  
 Yan Zhao,  Ying Zhu,  B. R. Brooks,  G. K. L. Chan,  C. J. Cramer,  
 M. S. Gordon,  W. J. Hehre,  A. Klamt,  M. W. Schmidt,  C. D. Sherrill,  
 D. G. Truhlar,  A. Aspuru-Guzik,  R. Baer,  A. T. Bell,  N. A. Besley,  
 Jeng-Da Chai,  A. Dreuw,  B. D. Dunietz,  T. R. Furlani,  Chao-Ping Hsu,  
 Yousung Jung,  Jing Kong,  D. S. Lambrecht,  WanZhen Liang,  C. Ochsenfeld,  
 V. A. Rassolov,  L. V. Slipchenko,  J. E. Subotnik,  T. Van Voorhis,  
 J. M. Herbert,  A. I. Krylov,  P. M. W. Gill,  M. Head-Gordon

 Contributors to earlier versions of Q-Chem not listed above: 
 R. D. Adamson,  B. Austin,  J. Baker,  G. J. O. Beran,  K. Brandhorst,  
 S. T. Brown,  E. F. C. Byrd,  A. K. Chakraborty,  C.-L. Cheng,  
 Siu Hung Chien,  D. M. Chipman,  D. L. Crittenden,  H. Dachsel,  
 R. A. DiStasio Jr.,  R. J. Doerksen,  A. D. Dutoi,  L. Fusti-Molnar,  
 W. A. Goddard III,  A. Golubeva-Zadorozhnaya,  S. R. Gwaltney,  G. Hawkins,  
 A. Heyden,  S. Hirata,  G. Kedziora,  F. J. Keil,  C. Kelley,  Jihan Kim,  
 R. A. King,  R. Z. Khaliullin,  P. P. Korambath,  W. Kurlancheek,  
 A. M. Lee,  M. S. Lee,  S. V. Levchenko,  Ching Yeh Lin,  D. Liotard,  
 R. C. Lochan,  I. Lotan,  P. E. Maslen,  N. Nair,  D. P. O'Neill,  
 D. Neuhauser,  E. Neuscamman,  C. M. Oana,  R. Olson,  B. Peters,  
 R. Peverati,  P. A. Pieniazek,  Y. M. Rhee,  J. Ritchie,  M. A. Rohrdanz,  
 E. Rosta,  N. J. Russ,  H. F. Schaefer III,  N. E. Schultz,  N. Shenvi,  
 A. C. Simmonett,  A. Sodt,  D. Stuck,  K. S. Thanthiriwatte,  V. Vanovschi,  
 Tao Wang,  A. Warshel,  C. F. Williams,  Q. Wu,  X. Xu,  W. Zhang

 Please cite Q-Chem as follows:
 Y. Shao et al., Mol. Phys. 113, 184-215 (2015)
 DOI: 10.1080/00268976.2014.952696

 Q-Chem 5.0.1 for Intel X86 EM64T Linux

 Parts of Q-Chem use Armadillo 5.200.1 (Boston Tea Smuggler).
 http://arma.sourceforge.net/

 Q-Chem begins on Mon Apr 16 23:06:59 2018  

Host: vega03.cac.cornell.edu
0

     Scratch files written to /scratch/jj585/vdw/0000_distance_5.100_01.save//
 Parallel job on  1  processors

Checking the input file for inconsistencies... 	...done.

--------------------------------------------------------------
User input:
--------------------------------------------------------------
$molecule
0  1
C        +3.67666000        +3.05564000        +3.75407000
C        +4.08022000        +1.59723000        +4.16683000
C        +4.78404000        +3.41050000        +2.73321000
C        +6.08466000        +3.72776000        +3.49667000
C        +6.49732000        +2.30427000        +3.97112000
C        +5.39819000        +1.41777000        +3.32074000
O        +5.08236000        +2.14739000        +2.12436000
H        +6.82630000        +4.14858000        +2.81617000
H        +5.93632000        +4.43564000        +4.31463000
H        +7.47578000        +2.02070000        +3.57973000
H        +6.52755000        +2.19814000        +5.05740000
H        +4.48666000        +4.21019000        +2.08748000
H        +5.69735000        +0.39580000        +3.21598000
H        +4.27089000        +1.52171000        +5.21699000
H        +3.32872000        +0.85720000        +3.98655000
H        +2.70723000        +3.07887000        +3.30177000
H        +3.60948000        +3.73693000        +4.57640000
@C        +0.22270000        +1.04488000        +0.58595000
@C        +0.62626000        -0.41353000        +0.99871000
@C        +1.33008000        +1.39974000        -0.43491000
@C        +2.63070000        +1.71700000        +0.32855000
@C        +3.04336000        +0.29351000        +0.80300000
@C        +1.94423000        -0.59299000        +0.15262000
@O        +1.62840000        +0.13663000        -1.04376000
@H        +3.37234000        +2.13782000        -0.35195000
@H        +2.48236000        +2.42488000        +1.14651000
@H        +4.02182000        +0.00994000        +0.41161000
@H        +3.07359000        +0.18738000        +1.88928000
@H        +1.03270000        +2.19943000        -1.08064000
@H        +2.24339000        -1.61496000        +0.04786000
@H        +0.81693000        -0.48905000        +2.04887000
@H        -0.12524000        -1.15356000        +0.81843000
@H        -0.74673000        +1.06811000        +0.13365000
@H        +0.15552000        +1.72617000        +1.40828000
$end

$rem
JOBTYPE                   SP
METHOD                    B3LYP
DFT_D                     d3_op
BASIS                     6-311++G(d,p)
SYMMETRY                  False
THRESH                    12
SCF_CONVERGENCE           8
MAX_SUB_FILE_NUM          128
MEM_STATIC                400
MEM_TOTAL                 4000
$end
--------------------------------------------------------------
 Adding empirical dispersion correction 
 ----------------------------------------------------------------
 Doing -D3(op) with
 s6 =   1.00000
 s8 =   0.78311
 a1 =   0.30000
 a2 =   4.25000
 n  =  10.00000
 -D3 energy without 3body term =     -0.0133866839 hartrees
 ----------------------------------------------------------------
             Standard Nuclear Orientation (Angstroms)
    I     Atom           X                Y                Z
 ----------------------------------------------------------------
    1      C       3.6766600000     3.0556400000     3.7540700000
    2      C       4.0802200000     1.5972300000     4.1668300000
    3      C       4.7840400000     3.4105000000     2.7332100000
    4      C       6.0846600000     3.7277600000     3.4966700000
    5      C       6.4973200000     2.3042700000     3.9711200000
    6      C       5.3981900000     1.4177700000     3.3207400000
    7      O       5.0823600000     2.1473900000     2.1243600000
    8      H       6.8263000000     4.1485800000     2.8161700000
    9      H       5.9363200000     4.4356400000     4.3146300000
   10      H       7.4757800000     2.0207000000     3.5797300000
   11      H       6.5275500000     2.1981400000     5.0574000000
   12      H       4.4866600000     4.2101900000     2.0874800000
   13      H       5.6973500000     0.3958000000     3.2159800000
   14      H       4.2708900000     1.5217100000     5.2169900000
   15      H       3.3287200000     0.8572000000     3.9865500000
   16      H       2.7072300000     3.0788700000     3.3017700000
   17      H       3.6094800000     3.7369300000     4.5764000000
   18      GH      0.2227000000     1.0448800000     0.5859500000
   19      GH      0.6262600000    -0.4135300000     0.9987100000
   20      GH      1.3300800000     1.3997400000    -0.4349100000
   21      GH      2.6307000000     1.7170000000     0.3285500000
   22      GH      3.0433600000     0.2935100000     0.8030000000
   23      GH      1.9442300000    -0.5929900000     0.1526200000
   24      GH      1.6284000000     0.1366300000    -1.0437600000
   25      GH      3.3723400000     2.1378200000    -0.3519500000
   26      GH      2.4823600000     2.4248800000     1.1465100000
   27      GH      4.0218200000     0.0099400000     0.4116100000
   28      GH      3.0735900000     0.1873800000     1.8892800000
   29      GH      1.0327000000     2.1994300000    -1.0806400000
   30      GH      2.2433900000    -1.6149600000     0.0478600000
   31      GH      0.8169300000    -0.4890500000     2.0488700000
   32      GH     -0.1252400000    -1.1535600000     0.8184300000
   33      GH     -0.7467300000     1.0681100000     0.1336500000
   34      GH      0.1555200000     1.7261700000     1.4082800000
 ----------------------------------------------------------------
 Nuclear Repulsion Energy =   331.2533536408 hartrees
 There are       27 alpha and       27 beta electrons
 Requested basis set is 6-311++G(d,p)
 There are 184 shells and 448 basis functions

 Total QAlloc Memory Limit   4000 MB
 Mega-Array Size       392 MB
 MEM_STATIC part       400 MB
 A cutoff of  1.0D-12 yielded  14338 shell pairs
 There are     84104 function pairs (     88993 Cartesian)
 
 -------------------------------------------------------
 OpenMP Integral Computing Module                       
 Release: version 1.0, May 2013, Q-Chem Inc. Pittsburgh 
 -------------------------------------------------------
 Integral Job Info:
 Integral job number is                      11
 Integral operator is                         1
 short-range coefficients                     0
 long-range coefficients              100000000
 Omega coefficients                           0
 if combine SR and LR in K                    0
 Integral screening is                        0
 Integral computing path is                   2
 max size of driver memory is            800000
 size of driver memory is                593474
 size of scratch memory is              2361544
 max col of scratch BK array               1296
 max len of scratch array in speh3          155
 max len of scratch index in speh4           18
 max int batch size is                      520
 min int batch size is                       52
 fixed nKL is                                52
 max L of basis functions is                  2
 order of int derivative is                   0
 number of shells is                        184
 number of basis is                         462
 number of cartesian basis is               462
 number of contracted shell pairs         14338
 number of primitive shell pairs          31002
 maxK2 (contraction) of shell pair           36
 max number of K2 of shell pair               1
 max number of CS2 of shell pair           2579
 max number of PS2 of shell pair           4464
 mem total for path MDJ                  119778
 -------------------------------------------------------
 Smallest overlap matrix eigenvalue = 1.32E-06

 Scale SEOQF with 1.000000e-02/1.000000e-01/1.000000e-02

 Standard Electronic Orientation quadrupole field applied
 Nucleus-field energy     =     0.0000000264 hartrees
 Guess from superposition of atomic densities
 Warning:  Energy on first SCF cycle will be non-variational

 Q-Chem warning in module /opt/software/qchem/qchem-5.0.1/libgen/Atomic_PolEc.C, line 58:

 No atomic polarizability available.


 Q-Chem warning in module /opt/software/qchem/qchem-5.0.1/libgen/Atomic_PolEc.C, line 73:

 No atomic polarizability available.


 Q-Chem warning in module /opt/software/qchem/qchem-5.0.1/libgen/Atomic_PolEc.C, line 58:

 No atomic polarizability available.


 Q-Chem warning in module /opt/software/qchem/qchem-5.0.1/libgen/Atomic_PolEc.C, line 73:

 No atomic polarizability available.


 Q-Chem warning in module /opt/software/qchem/qchem-5.0.1/libgen/Atomic_PolEc.C, line 58:

 No atomic polarizability available.


 Q-Chem warning in module /opt/software/qchem/qchem-5.0.1/libgen/Atomic_PolEc.C, line 73:

 No atomic polarizability available.


 Q-Chem warning in module /opt/software/qchem/qchem-5.0.1/libgen/Atomic_PolEc.C, line 58:

 No atomic polarizability available.


 Q-Chem warning in module /opt/software/qchem/qchem-5.0.1/libgen/Atomic_PolEc.C, line 73:

 No atomic polarizability available.


 Q-Chem warning in module /opt/software/qchem/qchem-5.0.1/libgen/Atomic_PolEc.C, line 58:

 No atomic polarizability available.


 Q-Chem warning in module /opt/software/qchem/qchem-5.0.1/libgen/Atomic_PolEc.C, line 73:

 No atomic polarizability available.


 Q-Chem warning in module /opt/software/qchem/qchem-5.0.1/libgen/Atomic_PolEc.C, line 58:

 No atomic polarizability available.


 Q-Chem warning in module /opt/software/qchem/qchem-5.0.1/libgen/Atomic_PolEc.C, line 73:

 No atomic polarizability available.


 Q-Chem warning in module /opt/software/qchem/qchem-5.0.1/libgen/Atomic_PolEc.C, line 58:

 No atomic polarizability available.


 Q-Chem warning in module /opt/software/qchem/qchem-5.0.1/libgen/Atomic_PolEc.C, line 73:

 No atomic polarizability available.


 Q-Chem warning in module /opt/software/qchem/qchem-5.0.1/libgen/Atomic_PolEc.C, line 58:

 No atomic polarizability available.


 Q-Chem warning in module /opt/software/qchem/qchem-5.0.1/libgen/Atomic_PolEc.C, line 73:

 No atomic polarizability available.


 Q-Chem warning in module /opt/software/qchem/qchem-5.0.1/libgen/Atomic_PolEc.C, line 58:

 No atomic polarizability available.


 Q-Chem warning in module /opt/software/qchem/qchem-5.0.1/libgen/Atomic_PolEc.C, line 73:

 No atomic polarizability available.


 Q-Chem warning in module /opt/software/qchem/qchem-5.0.1/libgen/Atomic_PolEc.C, line 58:

 No atomic polarizability available.


 Q-Chem warning in module /opt/software/qchem/qchem-5.0.1/libgen/Atomic_PolEc.C, line 73:

 No atomic polarizability available.


 Q-Chem warning in module /opt/software/qchem/qchem-5.0.1/libgen/Atomic_PolEc.C, line 58:

 No atomic polarizability available.


 Q-Chem warning in module /opt/software/qchem/qchem-5.0.1/libgen/Atomic_PolEc.C, line 73:

 No atomic polarizability available.


 Q-Chem warning in module /opt/software/qchem/qchem-5.0.1/libgen/Atomic_PolEc.C, line 58:

 No atomic polarizability available.


 Q-Chem warning in module /opt/software/qchem/qchem-5.0.1/libgen/Atomic_PolEc.C, line 73:

 No atomic polarizability available.


 Q-Chem warning in module /opt/software/qchem/qchem-5.0.1/libgen/Atomic_PolEc.C, line 58:

 No atomic polarizability available.


 Q-Chem warning in module /opt/software/qchem/qchem-5.0.1/libgen/Atomic_PolEc.C, line 73:

 No atomic polarizability available.


 Q-Chem warning in module /opt/software/qchem/qchem-5.0.1/libgen/Atomic_PolEc.C, line 58:

 No atomic polarizability available.


 Q-Chem warning in module /opt/software/qchem/qchem-5.0.1/libgen/Atomic_PolEc.C, line 73:

 No atomic polarizability available.


 Q-Chem warning in module /opt/software/qchem/qchem-5.0.1/libgen/Atomic_PolEc.C, line 58:

 No atomic polarizability available.


 Q-Chem warning in module /opt/software/qchem/qchem-5.0.1/libgen/Atomic_PolEc.C, line 73:

 No atomic polarizability available.


 Q-Chem warning in module /opt/software/qchem/qchem-5.0.1/libgen/Atomic_PolEc.C, line 58:

 No atomic polarizability available.


 Q-Chem warning in module /opt/software/qchem/qchem-5.0.1/libgen/Atomic_PolEc.C, line 73:

 No atomic polarizability available.


 Q-Chem warning in module /opt/software/qchem/qchem-5.0.1/libgen/Atomic_PolEc.C, line 58:

 No atomic polarizability available.


 Q-Chem warning in module /opt/software/qchem/qchem-5.0.1/libgen/Atomic_PolEc.C, line 73:

 No atomic polarizability available.

 A restricted hybrid HF-DFT SCF calculation will be
 performed using Pulay DIIS extrapolation
 Exchange:     0.2000 Hartree-Fock + 0.0800 Slater + 0.7200 B88
 Correlation:  0.1900 VWN1RPA + 0.8100 LYP
 Using SG-1 standard quadrature grid
 Dispersion:   Grimme D3
 SCF converges when DIIS error is below 1.0E-08
 using 4 threads for integral computing
 -------------------------------------------------------
 OpenMP Integral computing Module                
 Release: version 1.0, May 2013, Q-Chem Inc. Pittsburgh 
 -------------------------------------------------------
 -------------------------------------------------------
 OpenMP BLAS3 based DFT computing Module                
 Release: version 1.0, May 2013, Q-Chem Inc. Pittsburgh 
 -------------------------------------------------------
 ---------------------------------------
  Cycle       Energy         DIIS Error
 ---------------------------------------
    1    -311.4034188656      2.06E-02
    2    -309.8168243291      2.37E-03
    3    -309.7369186845      3.03E-03
    4    -309.9573071884      3.73E-04
    5    -309.9594538094      1.66E-04
    6    -309.9599394138      4.80E-05
    7    -309.9599784426      1.35E-05
    8    -309.9599822904      1.58E-06
    9    -309.9599823514      3.99E-07
   10    -309.9599823556      7.41E-08
   11    -309.9599823557      2.73E-08
   12    -309.9599823557      6.25E-09 Convergence criterion met
 ---------------------------------------
 SCF time:  CPU 507.59 s  wall 127.31 s
 SCF   energy in the final basis set = -309.95998236
 Total energy in the final basis set = -309.95998236
 
 --------------------------------------------------------------
 
                    Orbital Energies (a.u.)
 --------------------------------------------------------------
 
 Alpha MOs
 -- Occupied --
-19.123 -10.221 -10.218 -10.168 -10.167 -10.165 -10.163  -1.050
 -0.798  -0.749  -0.747  -0.614  -0.578  -0.574  -0.527  -0.478
 -0.465  -0.431  -0.406  -0.395  -0.364  -0.360  -0.351  -0.339
 -0.317  -0.304  -0.264
 -- Virtual --
 -0.010   0.007   0.009   0.011   0.028   0.030   0.030   0.035
  0.038   0.048   0.051   0.055   0.063   0.071   0.075   0.080
  0.082   0.087   0.088   0.096   0.098   0.100   0.105   0.109
  0.115   0.117   0.120   0.123   0.125   0.129   0.131   0.138
  0.140   0.143   0.147   0.149   0.151   0.156   0.157   0.162
  0.165   0.170   0.172   0.173   0.181   0.182   0.186   0.187
  0.192   0.193   0.200   0.203   0.204   0.207   0.211   0.214
  0.218   0.223   0.229   0.231   0.232   0.234   0.246   0.246
  0.248   0.256   0.262   0.264   0.266   0.270   0.272   0.275
  0.288   0.294   0.301   0.312   0.318   0.323   0.326   0.332
  0.338   0.347   0.349   0.357   0.363   0.365   0.371   0.376
  0.379   0.385   0.392   0.401   0.405   0.409   0.413   0.418
  0.430   0.439   0.441   0.447   0.456   0.462   0.470   0.476
  0.483   0.489   0.500   0.519   0.524   0.528   0.541   0.554
  0.556   0.563   0.579   0.588   0.597   0.606   0.621   0.626
  0.635   0.641   0.646   0.651   0.662   0.668   0.672   0.680
  0.692   0.694   0.698   0.712   0.718   0.722   0.727   0.728
  0.745   0.751   0.754   0.758   0.763   0.775   0.776   0.779
  0.782   0.798   0.809   0.819   0.826   0.842   0.856   0.872
  0.877   0.903   0.913   0.922   0.932   0.941   0.965   0.984
  0.999   1.033   1.051   1.082   1.086   1.107   1.134   1.139
  1.147   1.158   1.175   1.178   1.200   1.215   1.218   1.227
  1.231   1.242   1.262   1.310   1.320   1.345   1.356   1.424
  1.429   1.432   1.462   1.470   1.493   1.499   1.500   1.517
  1.525   1.542   1.566   1.567   1.576   1.585   1.590   1.605
  1.629   1.640   1.654   1.668   1.678   1.691   1.694   1.697
  1.723   1.724   1.738   1.746   1.758   1.768   1.786   1.791
  1.800   1.804   1.811   1.820   1.842   1.847   1.854   1.868
  1.879   1.886   1.894   1.910   1.916   1.922   1.924   1.933
  1.936   1.958   1.962   1.982   1.984   1.992   2.001   2.015
  2.019   2.030   2.044   2.050   2.087   2.125   2.142   2.148
  2.159   2.172   2.185   2.202   2.211   2.238   2.247   2.256
  2.263   2.285   2.326   2.331   2.337   2.348   2.367   2.376
  2.424   2.447   2.453   2.459   2.460   2.471   2.474   2.480
  2.484   2.503   2.505   2.511   2.512   2.530   2.536   2.545
  2.556   2.567   2.611   2.628   2.638   2.644   2.666   2.720
  2.722   2.727   2.737   2.768   2.774   2.781   2.791   2.805
  2.813   2.822   2.844   2.848   2.867   2.875   2.895   2.901
  2.909   2.923   2.930   2.948   2.996   3.019   3.027   3.039
  3.045   3.066   3.073   3.098   3.106   3.120   3.138   3.148
  3.176   3.205   3.215   3.246   3.290   3.298   3.303   3.315
  3.325   3.375   3.393   3.405   3.472   3.531   3.534   3.569
  3.592   3.602   3.621   3.658   3.667   3.686   3.700   3.778
  3.787   3.812   3.844   3.869   3.918   3.941   3.973   3.985
  4.003   4.031   4.090   4.111   4.139   4.187   4.233   4.366
  4.478   4.590   4.628   4.778   4.806   4.849   4.880   4.889
  4.908   4.921   4.999   5.103   5.128   5.173   5.238   5.353
  5.527   5.642   5.717   7.322   7.407   7.476   7.528   7.598
  7.604   7.614   7.728   7.921   7.957   7.985   8.032   8.172
  8.303   8.388   8.405   8.668   8.733   9.896   9.939   9.978
 10.027  10.043  10.153  13.623  13.935  14.061  18.516  23.837
 23.854  23.946  23.990  24.025  24.063  49.970  69.873  69.882
 69.996  70.026  70.041  70.071 139.967
 --------------------------------------------------------------
 
          Ground-State Mulliken Net Atomic Charges

     Atom                 Charge (a.u.)
  ----------------------------------------
      1 C                    -0.339467
      2 C                    -0.369351
      3 C                     0.131981
      4 C                    -0.586839
      5 C                    -0.515045
      6 C                     0.157885
      7 O                    -0.019932
      8 H                     0.168070
      9 H                     0.125531
     10 H                     0.168303
     11 H                     0.123828
     12 H                     0.217180
     13 H                     0.222364
     14 H                     0.149787
     15 H                     0.137904
     16 H                     0.125705
     17 H                     0.160843
     18 GH                   -0.004073
     19 GH                   -0.003449
     20 GH                   -0.040871
     21 GH                    0.018244
     22 GH                    0.003120
     23 GH                   -0.042769
     24 GH                   -0.000259
     25 GH                    0.005512
     26 GH                    0.000895
     27 GH                    0.005442
     28 GH                   -0.002226
     29 GH                   -0.000800
     30 GH                   -0.000766
     31 GH                    0.001429
     32 GH                   -0.000159
     33 GH                   -0.000225
     34 GH                    0.002207
  ----------------------------------------
  Sum of atomic charges =     0.000000

 -----------------------------------------------------------------
                    Cartesian Multipole Moments
 -----------------------------------------------------------------
    Charge (ESU x 10^10)
                 0.0000
    Dipole Moment (Debye)
         X      -0.0138      Y       0.5156      Z       1.7152
       Tot       1.7910
    Quadrupole Moments (Debye-Ang)
        XX     -43.3275     XY       1.6987     YY     -38.5670
        XZ       8.6417     YZ       4.2256     ZZ     -35.3477
    Octopole Moments (Debye-Ang^2)
       XXX    -660.8835    XXY    -106.6583    XYY    -200.8547
       YYY    -307.2132    XXZ    -106.7424    XYZ      18.8013
       YYZ    -132.6412    XZZ    -180.4754    YZZ     -92.7008
       ZZZ    -417.8251
    Hexadecapole Moments (Debye-Ang^3)
      XXXX   -7073.6521   XXXY   -1703.7068   XXYY   -1432.8706
      XYYY   -1594.2132   YYYY   -1867.8813   XXXZ   -2073.8386
      XXYZ    -299.3569   XYYZ    -687.4335   YYYZ   -1060.9387
      XXZZ   -1537.6431   XYZZ    -484.7707   YYZZ    -817.7256
      XZZZ   -2123.7645   YZZZ   -1057.0013   ZZZZ   -3167.1103
 -----------------------------------------------------------------
Archival summary:
1\1\vega03.cac.cornell.edu\SP\ProcedureUnspecified\BasisUnspecified\1610h17\jj585\MonApr1623:09:072018MonApr1623:09:072018\0\\#,ProcedureUnspecified,BasisUnspecified,\\0,1\O\C,1,1.43358\H,2,1.07,1,117.389\C,1,1.43646,2,98.0224,3,-179.253,0\H,4,1.07,1,117.714,2,-178.733,0\C,2,1.54115,1,102.483,3,-123.548,0\H,6,1.09096,2,110.128,1,81.1589,0\H,6,1.09186,2,112.95,1,-157.962,0\C,2,1.54738,1,103.124,3,123.327,0\H,9,1.07,2,113.95,1,155.255,0\H,9,1.07,2,111.379,1,-86.5463,0\C,4,1.55466,1,102.371,2,-54.4128,0\H,12,1.09132,4,109.614,1,-87.4148,0\H,12,1.09187,4,112.355,1,152.676,0\C,9,1.5685,2,101.696,1,32.1918,0\H,15,1.07,9,111.7,2,120.458,0\H,15,1.07,9,114.71,2,-121.541,0\Gh,17,2.21637,15,116.699,9,76.791,0\Gh,18,1.09187,17,156.238,15,-35.961,0\Gh,19,1.09132,18,107.862,17,95.0811,0\Gh,19,1.55466,18,112.355,17,-143.997,0\Gh,21,1.07,19,112.825,18,-79.816,0\Gh,21,1.43646,19,102.371,18,152.676,0\Gh,23,1.43358,21,98.0224,19,-54.4128,0\Gh,24,1.07,23,117.389,21,-179.253,0\Gh,24,1.54115,23,102.483,21,57.1986,0\Gh,26,1.09096,24,110.128,23,81.1589,0\Gh,26,1.09186,24,112.95,23,-157.962,0\Gh,24,1.54738,23,103.124,21,-55.9256,0\Gh,29,1.07,24,113.95,23,155.255,0\Gh,29,1.07,24,111.379,23,-86.5463,0\Gh,29,1.5685,24,101.696,23,32.1918,0\Gh,32,1.07,29,111.7,24,120.458,0\Gh,32,1.07,29,114.71,24,-121.541,0\\\@

 Total job time:  128.25s(wall), 510.22s(cpu) 
 Mon Apr 16 23:09:07 2018

        *************************************************************
        *                                                           *
        *  Thank you very much for using Q-Chem.  Have a nice day.  *
        *                                                           *
        *************************************************************


0 sent ACK to 0 
now end server 0 ... 
