mFile = /opt/software/qchem/qchem-5.0.1//bin/mpi/machines
Process 0 of 1 is on vega02.cac.cornell.edu - thread support 0
initial socket setup ...start
initial socket setup ...done 
now start server 0 ... 
vega02.cac.cornell.edu 10.84.3
Q-Chem Developer Version! Running on 10.84.3.*
                  Welcome to Q-Chem
     A Quantum Leap Into The Future Of Chemistry


 Q-Chem 5.0, Q-Chem, Inc., Pleasanton, CA (2017)

 Yihan Shao,  Zhengting Gan,  E. Epifanovsky,  A. T. B. Gilbert,  M. Wormit,  
 J. Kussmann,  A. W. Lange,  A. Behn,  Jia Deng,  Xintian Feng,  D. Ghosh,  
 M. Goldey,  P. R. Horn,  L. D. Jacobson,  I. Kaliman,  T. Kus,  A. Landau,  
 Jie Liu,  E. I. Proynov,  R. M. Richard,  R. P. Steele,  E. J. Sundstrom,  
 H. L. Woodcock III,  P. M. Zimmerman,  D. Zuev,  B. Albrecht,  E. Alguire,  
 S. A. Baeppler,  Z. Benda,  Y. A. Bernard,  E. J. Berquist,  K. B. Bravaya,  
 D. Casanova,  Chun-Min Chang,  Yunqing Chen,  A. Chien,  K. D. Closser,  
 M. P. Coons,  S. Dasgupta,  M. Diedenhofen,  Hainam Do,  R. G. Edgar,  
 Po-Tung Fang,  S. Fatehi,  Qingguo Feng,  Qinghui Ge,  A. Ghysels,  
 J. Gomes,  J. Gonthier,  A. Gunina,  M. W. D. Hanson-Heine,  
 P. H. P. Harbach,  A. W. Hauser,  J. E. Herr,  E. G. Hohenstein,  
 Z. C. Holden,  Kerwin Hui,  T.-C. Jagau,  Hyunjun Ji,  B. Kaduk,  
 K. Khistyaev,  Jaehoon Kim,  P. Klunzinger,  K. Koh,  D. Kosenkov,  
 T. Kowalczyk,  C. M. Krauter,  A. Kunitsa,  Ka Un Lao,  A. Laurent,  
 K. V. Lawler,  Joonho Lee,  D. Lefrancois,  S. Lehtola,  D. S. Levine,  
 Yi-Pei Li,  You-Sheng Lin,  Fenglai Liu,  E. Livshits,  A. Luenser,  
 P. Manohar,  E. Mansoor,  S. F. Manzer,  Shan-Ping Mao,  Yuezhi Mao,  
 N. Mardirossian,  A. V. Marenich,  L. A. Martinez-Martinez,  S. A. Maurer,  
 N. J. Mayhall,  S. C. McKenzie,  J.-M. Mewes,  A. F. Morrison,  K. Nanda,  
 T. S. Nguyen-Beck,  R. Olivares-Amaya,  J. A. Parkhill,  T. M. Perrine,  
 F. Plasser,  S. Prager,  A. Prociuk,  D. R. Rehn,  F. Rob,  M. Schneider,  
 N. Sergueev,  S. M. Sharada,  S. Sharma,  D. W. Small,  T. Stauch,  
 T. Stein,  Yu-Chuan Su,  A. J. W. Thom,  T. Tsuchimochi,  L. Vogt,  
 O. Vydrov,  M. A. Watson,  J. Wenzel,  M. de Wergifosse,  T. A. Wesolowski,  
 A. White,  J. Witte,  A. Yamada,  Jun Yang,  K. Yao,  S. Yeganeh,  
 S. R. Yost,  Zhi-Qiang You,  A. Zech,  Igor Ying Zhang,  Xing Zhang,  
 Yan Zhao,  Ying Zhu,  B. R. Brooks,  G. K. L. Chan,  C. J. Cramer,  
 M. S. Gordon,  W. J. Hehre,  A. Klamt,  M. W. Schmidt,  C. D. Sherrill,  
 D. G. Truhlar,  A. Aspuru-Guzik,  R. Baer,  A. T. Bell,  N. A. Besley,  
 Jeng-Da Chai,  A. Dreuw,  B. D. Dunietz,  T. R. Furlani,  Chao-Ping Hsu,  
 Yousung Jung,  Jing Kong,  D. S. Lambrecht,  WanZhen Liang,  C. Ochsenfeld,  
 V. A. Rassolov,  L. V. Slipchenko,  J. E. Subotnik,  T. Van Voorhis,  
 J. M. Herbert,  A. I. Krylov,  P. M. W. Gill,  M. Head-Gordon

 Contributors to earlier versions of Q-Chem not listed above: 
 R. D. Adamson,  B. Austin,  J. Baker,  G. J. O. Beran,  K. Brandhorst,  
 S. T. Brown,  E. F. C. Byrd,  A. K. Chakraborty,  C.-L. Cheng,  
 Siu Hung Chien,  D. M. Chipman,  D. L. Crittenden,  H. Dachsel,  
 R. A. DiStasio Jr.,  R. J. Doerksen,  A. D. Dutoi,  L. Fusti-Molnar,  
 W. A. Goddard III,  A. Golubeva-Zadorozhnaya,  S. R. Gwaltney,  G. Hawkins,  
 A. Heyden,  S. Hirata,  G. Kedziora,  F. J. Keil,  C. Kelley,  Jihan Kim,  
 R. A. King,  R. Z. Khaliullin,  P. P. Korambath,  W. Kurlancheek,  
 A. M. Lee,  M. S. Lee,  S. V. Levchenko,  Ching Yeh Lin,  D. Liotard,  
 R. C. Lochan,  I. Lotan,  P. E. Maslen,  N. Nair,  D. P. O'Neill,  
 D. Neuhauser,  E. Neuscamman,  C. M. Oana,  R. Olson,  B. Peters,  
 R. Peverati,  P. A. Pieniazek,  Y. M. Rhee,  J. Ritchie,  M. A. Rohrdanz,  
 E. Rosta,  N. J. Russ,  H. F. Schaefer III,  N. E. Schultz,  N. Shenvi,  
 A. C. Simmonett,  A. Sodt,  D. Stuck,  K. S. Thanthiriwatte,  V. Vanovschi,  
 Tao Wang,  A. Warshel,  C. F. Williams,  Q. Wu,  X. Xu,  W. Zhang

 Please cite Q-Chem as follows:
 Y. Shao et al., Mol. Phys. 113, 184-215 (2015)
 DOI: 10.1080/00268976.2014.952696

 Q-Chem 5.0.1 for Intel X86 EM64T Linux

 Parts of Q-Chem use Armadillo 5.200.1 (Boston Tea Smuggler).
 http://arma.sourceforge.net/

 Q-Chem begins on Wed Apr 18 00:40:44 2018  

Host: vega02.cac.cornell.edu
0

     Scratch files written to /scratch/jj585/vdw/01n10_distance_3.900_10.save//
 Parallel job on  1  processors

Checking the input file for inconsistencies... 	...done.

--------------------------------------------------------------
User input:
--------------------------------------------------------------
$molecule
0  1
C        -0.58454000        -0.67556000        -0.07544000
C        -0.59851000        +0.70920000        +0.05808000
C        -1.77633000        -1.40990000        -0.13252000
C        -2.97828000        -0.70388000        -0.05611000
C        -2.99244000        +0.68477000        +0.07719000
C        -1.80513000        +1.41687000        +0.13452000
H        -3.94378000        +1.20441000        +0.13594000
H        -3.91864000        -1.24474000        -0.10022000
C        -1.81546000        +2.92210000        +0.24949000
C        -1.75732000        -2.91589000        -0.24640000
H        -1.03160000        -3.25185000        -0.99235000
H        -2.73712000        -3.30600000        -0.53105000
H        -1.48213000        -3.37940000        +0.70725000
H        -1.54006000        +3.39064000        -0.70147000
H        -1.10219000        +3.26991000        +1.00208000
H        -2.80465000        +3.29345000        +0.52612000
H        +0.36601000        -1.19708000        -0.13515000
H        +0.34176000        +1.25035000        +0.10232000
@C        -0.54926000        -1.04867000        +3.80651000
@C        -0.56323000        +0.33609000        +3.94003000
@C        -1.74105000        -1.78301000        +3.74943000
@C        -2.94300000        -1.07699000        +3.82584000
@C        -2.95716000        +0.31166000        +3.95914000
@C        -1.76985000        +1.04376000        +4.01647000
@H        -3.90850000        +0.83130000        +4.01789000
@H        -3.88336000        -1.61785000        +3.78173000
@C        -1.78018000        +2.54899000        +4.13144000
@C        -1.72204000        -3.28900000        +3.63555000
@H        -0.99632000        -3.62496000        +2.88960000
@H        -2.70184000        -3.67911000        +3.35090000
@H        -1.44685000        -3.75251000        +4.58920000
@H        -1.50478000        +3.01753000        +3.18048000
@H        -1.06691000        +2.89680000        +4.88403000
@H        -2.76937000        +2.92034000        +4.40807000
@H        +0.40129000        -1.57019000        +3.74680000
@H        +0.37704000        +0.87724000        +3.98427000
$end

$rem
JOBTYPE                   SP
METHOD                    B3LYP
DFT_D                     d3_op
BASIS                     6-311++G(d,p)
SYMMETRY                  False
THRESH                    12
SCF_CONVERGENCE           8
MAX_SUB_FILE_NUM          128
MEM_STATIC                400
MEM_TOTAL                 4000
$end
--------------------------------------------------------------
 Adding empirical dispersion correction 
 ----------------------------------------------------------------
 Doing -D3(op) with
 s6 =   1.00000
 s8 =   0.78311
 a1 =   0.30000
 a2 =   4.25000
 n  =  10.00000
 -D3 energy without 3body term =     -0.0145405323 hartrees
 ----------------------------------------------------------------
             Standard Nuclear Orientation (Angstroms)
    I     Atom           X                Y                Z
 ----------------------------------------------------------------
    1      C      -0.5845400000    -0.6755600000    -0.0754400000
    2      C      -0.5985100000     0.7092000000     0.0580800000
    3      C      -1.7763300000    -1.4099000000    -0.1325200000
    4      C      -2.9782800000    -0.7038800000    -0.0561100000
    5      C      -2.9924400000     0.6847700000     0.0771900000
    6      C      -1.8051300000     1.4168700000     0.1345200000
    7      H      -3.9437800000     1.2044100000     0.1359400000
    8      H      -3.9186400000    -1.2447400000    -0.1002200000
    9      C      -1.8154600000     2.9221000000     0.2494900000
   10      C      -1.7573200000    -2.9158900000    -0.2464000000
   11      H      -1.0316000000    -3.2518500000    -0.9923500000
   12      H      -2.7371200000    -3.3060000000    -0.5310500000
   13      H      -1.4821300000    -3.3794000000     0.7072500000
   14      H      -1.5400600000     3.3906400000    -0.7014700000
   15      H      -1.1021900000     3.2699100000     1.0020800000
   16      H      -2.8046500000     3.2934500000     0.5261200000
   17      H       0.3660100000    -1.1970800000    -0.1351500000
   18      H       0.3417600000     1.2503500000     0.1023200000
   19      GH     -0.5492600000    -1.0486700000     3.8065100000
   20      GH     -0.5632300000     0.3360900000     3.9400300000
   21      GH     -1.7410500000    -1.7830100000     3.7494300000
   22      GH     -2.9430000000    -1.0769900000     3.8258400000
   23      GH     -2.9571600000     0.3116600000     3.9591400000
   24      GH     -1.7698500000     1.0437600000     4.0164700000
   25      GH     -3.9085000000     0.8313000000     4.0178900000
   26      GH     -3.8833600000    -1.6178500000     3.7817300000
   27      GH     -1.7801800000     2.5489900000     4.1314400000
   28      GH     -1.7220400000    -3.2890000000     3.6355500000
   29      GH     -0.9963200000    -3.6249600000     2.8896000000
   30      GH     -2.7018400000    -3.6791100000     3.3509000000
   31      GH     -1.4468500000    -3.7525100000     4.5892000000
   32      GH     -1.5047800000     3.0175300000     3.1804800000
   33      GH     -1.0669100000     2.8968000000     4.8840300000
   34      GH     -2.7693700000     2.9203400000     4.4080700000
   35      GH      0.4012900000    -1.5701900000     3.7468000000
   36      GH      0.3770400000     0.8772400000     3.9842700000
 ----------------------------------------------------------------
 Nuclear Repulsion Energy =   339.7884744113 hartrees
 There are       29 alpha and       29 beta electrons
 Requested basis set is 6-311++G(d,p)
 There are 196 shells and 492 basis functions

 Total QAlloc Memory Limit   4000 MB
 Mega-Array Size       392 MB
 MEM_STATIC part       400 MB
 A cutoff of  1.0D-12 yielded  15945 shell pairs
 There are    102521 function pairs (    109189 Cartesian)
 
 -------------------------------------------------------
 OpenMP Integral Computing Module                       
 Release: version 1.0, May 2013, Q-Chem Inc. Pittsburgh 
 -------------------------------------------------------
 Integral Job Info:
 Integral job number is                      11
 Integral operator is                         1
 short-range coefficients                     0
 long-range coefficients              100000000
 Omega coefficients                           0
 if combine SR and LR in K                    0
 Integral screening is                        0
 Integral computing path is                   2
 max size of driver memory is            800000
 size of driver memory is                593474
 size of scratch memory is              2361544
 max col of scratch BK array               1296
 max len of scratch array in speh3          155
 max len of scratch index in speh4           18
 max int batch size is                      520
 min int batch size is                       52
 fixed nKL is                                52
 max L of basis functions is                  2
 order of int derivative is                   0
 number of shells is                        196
 number of basis is                         508
 number of cartesian basis is               508
 number of contracted shell pairs         15945
 number of primitive shell pairs          33985
 maxK2 (contraction) of shell pair           36
 max number of K2 of shell pair               1
 max number of CS2 of shell pair           3026
 max number of PS2 of shell pair           4992
 mem total for path MDJ                  172632
 -------------------------------------------------------
 Smallest overlap matrix eigenvalue = 1.49E-07
 Linear dependence detected in AO basis
 Number of orthogonalized atomic orbitals = 489
 Maximum deviation from orthogonality = 8.044E-11

 Scale SEOQF with 1.000000e-01/1.000000e-01/1.000000e-01

 Standard Electronic Orientation quadrupole field applied
 Nucleus-field energy     =     0.0000000231 hartrees
 Guess from superposition of atomic densities
 Warning:  Energy on first SCF cycle will be non-variational

 Q-Chem warning in module /opt/software/qchem/qchem-5.0.1/libgen/Atomic_PolEc.C, line 58:

 No atomic polarizability available.


 Q-Chem warning in module /opt/software/qchem/qchem-5.0.1/libgen/Atomic_PolEc.C, line 73:

 No atomic polarizability available.


 Q-Chem warning in module /opt/software/qchem/qchem-5.0.1/libgen/Atomic_PolEc.C, line 58:

 No atomic polarizability available.


 Q-Chem warning in module /opt/software/qchem/qchem-5.0.1/libgen/Atomic_PolEc.C, line 73:

 No atomic polarizability available.


 Q-Chem warning in module /opt/software/qchem/qchem-5.0.1/libgen/Atomic_PolEc.C, line 58:

 No atomic polarizability available.


 Q-Chem warning in module /opt/software/qchem/qchem-5.0.1/libgen/Atomic_PolEc.C, line 73:

 No atomic polarizability available.


 Q-Chem warning in module /opt/software/qchem/qchem-5.0.1/libgen/Atomic_PolEc.C, line 58:

 No atomic polarizability available.


 Q-Chem warning in module /opt/software/qchem/qchem-5.0.1/libgen/Atomic_PolEc.C, line 73:

 No atomic polarizability available.


 Q-Chem warning in module /opt/software/qchem/qchem-5.0.1/libgen/Atomic_PolEc.C, line 58:

 No atomic polarizability available.


 Q-Chem warning in module /opt/software/qchem/qchem-5.0.1/libgen/Atomic_PolEc.C, line 73:

 No atomic polarizability available.


 Q-Chem warning in module /opt/software/qchem/qchem-5.0.1/libgen/Atomic_PolEc.C, line 58:

 No atomic polarizability available.


 Q-Chem warning in module /opt/software/qchem/qchem-5.0.1/libgen/Atomic_PolEc.C, line 73:

 No atomic polarizability available.


 Q-Chem warning in module /opt/software/qchem/qchem-5.0.1/libgen/Atomic_PolEc.C, line 58:

 No atomic polarizability available.


 Q-Chem warning in module /opt/software/qchem/qchem-5.0.1/libgen/Atomic_PolEc.C, line 73:

 No atomic polarizability available.


 Q-Chem warning in module /opt/software/qchem/qchem-5.0.1/libgen/Atomic_PolEc.C, line 58:

 No atomic polarizability available.


 Q-Chem warning in module /opt/software/qchem/qchem-5.0.1/libgen/Atomic_PolEc.C, line 73:

 No atomic polarizability available.


 Q-Chem warning in module /opt/software/qchem/qchem-5.0.1/libgen/Atomic_PolEc.C, line 58:

 No atomic polarizability available.


 Q-Chem warning in module /opt/software/qchem/qchem-5.0.1/libgen/Atomic_PolEc.C, line 73:

 No atomic polarizability available.


 Q-Chem warning in module /opt/software/qchem/qchem-5.0.1/libgen/Atomic_PolEc.C, line 58:

 No atomic polarizability available.


 Q-Chem warning in module /opt/software/qchem/qchem-5.0.1/libgen/Atomic_PolEc.C, line 73:

 No atomic polarizability available.


 Q-Chem warning in module /opt/software/qchem/qchem-5.0.1/libgen/Atomic_PolEc.C, line 58:

 No atomic polarizability available.


 Q-Chem warning in module /opt/software/qchem/qchem-5.0.1/libgen/Atomic_PolEc.C, line 73:

 No atomic polarizability available.


 Q-Chem warning in module /opt/software/qchem/qchem-5.0.1/libgen/Atomic_PolEc.C, line 58:

 No atomic polarizability available.


 Q-Chem warning in module /opt/software/qchem/qchem-5.0.1/libgen/Atomic_PolEc.C, line 73:

 No atomic polarizability available.


 Q-Chem warning in module /opt/software/qchem/qchem-5.0.1/libgen/Atomic_PolEc.C, line 58:

 No atomic polarizability available.


 Q-Chem warning in module /opt/software/qchem/qchem-5.0.1/libgen/Atomic_PolEc.C, line 73:

 No atomic polarizability available.


 Q-Chem warning in module /opt/software/qchem/qchem-5.0.1/libgen/Atomic_PolEc.C, line 58:

 No atomic polarizability available.


 Q-Chem warning in module /opt/software/qchem/qchem-5.0.1/libgen/Atomic_PolEc.C, line 73:

 No atomic polarizability available.


 Q-Chem warning in module /opt/software/qchem/qchem-5.0.1/libgen/Atomic_PolEc.C, line 58:

 No atomic polarizability available.


 Q-Chem warning in module /opt/software/qchem/qchem-5.0.1/libgen/Atomic_PolEc.C, line 73:

 No atomic polarizability available.


 Q-Chem warning in module /opt/software/qchem/qchem-5.0.1/libgen/Atomic_PolEc.C, line 58:

 No atomic polarizability available.


 Q-Chem warning in module /opt/software/qchem/qchem-5.0.1/libgen/Atomic_PolEc.C, line 73:

 No atomic polarizability available.


 Q-Chem warning in module /opt/software/qchem/qchem-5.0.1/libgen/Atomic_PolEc.C, line 58:

 No atomic polarizability available.


 Q-Chem warning in module /opt/software/qchem/qchem-5.0.1/libgen/Atomic_PolEc.C, line 73:

 No atomic polarizability available.


 Q-Chem warning in module /opt/software/qchem/qchem-5.0.1/libgen/Atomic_PolEc.C, line 58:

 No atomic polarizability available.


 Q-Chem warning in module /opt/software/qchem/qchem-5.0.1/libgen/Atomic_PolEc.C, line 73:

 No atomic polarizability available.

 A restricted hybrid HF-DFT SCF calculation will be
 performed using Pulay DIIS extrapolation
 Exchange:     0.2000 Hartree-Fock + 0.0800 Slater + 0.7200 B88
 Correlation:  0.1900 VWN1RPA + 0.8100 LYP
 Using SG-1 standard quadrature grid
 Dispersion:   Grimme D3
 SCF converges when DIIS error is below 1.0E-08
 using 4 threads for integral computing
 -------------------------------------------------------
 OpenMP Integral computing Module                
 Release: version 1.0, May 2013, Q-Chem Inc. Pittsburgh 
 -------------------------------------------------------
 -------------------------------------------------------
 OpenMP BLAS3 based DFT computing Module                
 Release: version 1.0, May 2013, Q-Chem Inc. Pittsburgh 
 -------------------------------------------------------
 ---------------------------------------
  Cycle       Energy         DIIS Error
 ---------------------------------------
    1    -312.6312758630      2.00E-02
    2    -310.8027291698      2.31E-03
    3    -310.7709149837      2.51E-03
    4    -310.9800689511      1.91E-04
    5    -310.9808105235      1.12E-04
    6    -310.9811483297      1.80E-05
    7    -310.9811554080      6.93E-06
    8    -310.9811567675      1.00E-06
    9    -310.9811567922      4.91E-07
   10    -310.9811567995      1.64E-07
   11    -310.9811568004      1.33E-08
   12    -310.9811568004      1.26E-08
   13    -310.9811568004      9.75E-10 Convergence criterion met
 ---------------------------------------
 SCF time:  CPU 698.21 s  wall 175.41 s
 SCF   energy in the final basis set = -310.98115680
 Total energy in the final basis set = -310.98115680
 
 --------------------------------------------------------------
 
                    Orbital Energies (a.u.)
 --------------------------------------------------------------
 
 Alpha MOs
 -- Occupied --
-10.180 -10.180 -10.171 -10.170 -10.170 -10.170 -10.167 -10.167
 -0.860  -0.787  -0.744  -0.721  -0.657  -0.608  -0.575  -0.494
 -0.473  -0.452  -0.425  -0.419  -0.417  -0.402  -0.398  -0.375
 -0.346  -0.342  -0.337  -0.254  -0.237
 -- Virtual --
 -0.015  -0.011  -0.008   0.001   0.008   0.020   0.021   0.029
  0.030   0.039   0.043   0.051   0.054   0.056   0.058   0.059
  0.065   0.073   0.079   0.082   0.086   0.089   0.092   0.095
  0.100   0.104   0.107   0.111   0.116   0.117   0.121   0.123
  0.127   0.129   0.131   0.134   0.145   0.146   0.147   0.148
  0.150   0.153   0.157   0.159   0.161   0.162   0.167   0.170
  0.178   0.180   0.182   0.185   0.186   0.192   0.196   0.198
  0.204   0.206   0.209   0.210   0.215   0.217   0.221   0.224
  0.228   0.233   0.236   0.239   0.242   0.253   0.254   0.259
  0.260   0.264   0.269   0.271   0.273   0.275   0.281   0.284
  0.288   0.289   0.297   0.300   0.302   0.308   0.316   0.320
  0.325   0.329   0.331   0.333   0.341   0.346   0.352   0.358
  0.372   0.375   0.381   0.385   0.393   0.401   0.412   0.424
  0.426   0.432   0.436   0.443   0.448   0.451   0.461   0.464
  0.474   0.480   0.498   0.500   0.510   0.517   0.523   0.532
  0.536   0.549   0.557   0.564   0.566   0.574   0.582   0.583
  0.588   0.598   0.601   0.614   0.616   0.621   0.623   0.629
  0.638   0.640   0.647   0.648   0.655   0.666   0.668   0.672
  0.685   0.692   0.701   0.708   0.710   0.716   0.723   0.732
  0.732   0.749   0.759   0.767   0.772   0.781   0.786   0.795
  0.803   0.804   0.815   0.819   0.839   0.852   0.871   0.880
  0.901   0.911   0.923   0.928   0.934   0.940   0.945   0.957
  0.963   0.977   0.986   1.009   1.017   1.022   1.027   1.038
  1.046   1.057   1.061   1.076   1.104   1.114   1.119   1.130
  1.136   1.153   1.159   1.183   1.210   1.216   1.223   1.232
  1.314   1.334   1.357   1.378   1.395   1.427   1.432   1.435
  1.451   1.470   1.481   1.487   1.497   1.502   1.513   1.523
  1.532   1.546   1.551   1.556   1.561   1.569   1.576   1.590
  1.594   1.609   1.623   1.628   1.635   1.640   1.643   1.673
  1.685   1.690   1.704   1.708   1.722   1.728   1.734   1.747
  1.749   1.752   1.764   1.768   1.785   1.788   1.795   1.806
  1.825   1.829   1.832   1.843   1.849   1.854   1.863   1.886
  1.892   1.901   1.911   1.919   1.927   1.942   1.946   1.953
  1.964   1.966   1.979   1.998   2.000   2.004   2.028   2.044
  2.052   2.053   2.065   2.088   2.093   2.109   2.110   2.120
  2.124   2.149   2.161   2.165   2.197   2.211   2.226   2.233
  2.266   2.296   2.300   2.305   2.319   2.319   2.335   2.344
  2.387   2.399   2.405   2.410   2.416   2.420   2.430   2.438
  2.456   2.469   2.482   2.486   2.500   2.505   2.521   2.538
  2.553   2.563   2.566   2.573   2.585   2.592   2.605   2.610
  2.629   2.637   2.655   2.664   2.679   2.685   2.692   2.745
  2.755   2.768   2.780   2.784   2.793   2.801   2.813   2.836
  2.843   2.852   2.865   2.875   2.914   2.921   2.931   2.934
  2.945   2.958   2.974   2.976   2.992   2.998   3.015   3.030
  3.062   3.065   3.090   3.121   3.137   3.182   3.191   3.206
  3.239   3.250   3.282   3.290   3.346   3.359   3.365   3.403
  3.430   3.459   3.465   3.476   3.484   3.521   3.524   3.566
  3.575   3.578   3.590   3.600   3.623   3.651   3.686   3.689
  3.706   3.770   3.783   3.810   3.814   3.831   3.850   4.000
  4.009   4.058   4.084   4.164   4.175   4.285   4.292   4.383
  4.630   4.676   4.811   4.829   4.850   4.854   4.856   4.875
  4.899   4.934   5.094   5.409   7.102   7.119   7.203   7.216
  7.244   7.385   7.604   7.658   7.728   7.767   7.773   7.790
  7.795   7.798   7.857   7.858   7.875   7.923   7.974   8.031
  8.135   8.385   8.528   8.931   9.681   9.983   9.997  10.172
 10.217  10.247  10.250  10.311  23.651  23.943  23.953  23.982
 24.030  24.086  24.109  24.196  69.948  69.961  69.989  70.180
 70.186  70.200  70.228  70.262
 --------------------------------------------------------------
 
          Ground-State Mulliken Net Atomic Charges

     Atom                 Charge (a.u.)
  ----------------------------------------
      1 C                    -0.384273
      2 C                    -0.302424
      3 C                     0.547752
      4 C                    -0.424142
      5 C                    -0.362182
      6 C                     0.603036
      7 H                     0.160967
      8 H                     0.170800
      9 C                    -0.587278
     10 C                    -0.707084
     11 H                     0.143318
     12 H                     0.138263
     13 H                     0.184067
     14 H                     0.163951
     15 H                     0.140893
     16 H                     0.136273
     17 H                     0.177006
     18 H                     0.176979
     19 GH                    0.015065
     20 GH                   -0.009572
     21 GH                   -0.013872
     22 GH                    0.004475
     23 GH                    0.026739
     24 GH                   -0.082704
     25 GH                    0.008266
     26 GH                    0.004266
     27 GH                    0.006429
     28 GH                    0.040119
     29 GH                   -0.003244
     30 GH                    0.000464
     31 GH                   -0.000394
     32 GH                    0.019621
     33 GH                   -0.000274
     34 GH                   -0.001433
     35 GH                    0.005700
     36 GH                    0.004429
  ----------------------------------------
  Sum of atomic charges =     0.000000

 -----------------------------------------------------------------
                    Cartesian Multipole Moments
 -----------------------------------------------------------------
    Charge (ESU x 10^10)
                -0.0000
    Dipole Moment (Debye)
         X       0.0594      Y       0.0012      Z       0.0133
       Tot       0.0609
    Quadrupole Moments (Debye-Ang)
        XX     -46.3347     XY      -0.0016     YY     -44.8551
        XZ      -0.0860     YZ       0.6121     ZZ     -52.7118
    Octopole Moments (Debye-Ang^2)
       XXX     247.2690    XXY      -0.1579    XYY      80.3735
       YYY      -0.4566    XXZ       0.2514    XYZ      -1.1294
       YYZ      -0.0531    XZZ      95.1492    YZZ      -0.1512
       ZZZ      -0.2222
    Hexadecapole Moments (Debye-Ang^3)
      XXXX   -1190.4376   XXXY       4.4662   XXYY    -372.0280
      XYYY       4.8834   YYYY   -1098.4541   XXXZ       0.3910
      XXYZ      -8.2676   XYYZ       0.5350   YYYZ     -44.1642
      XXZZ    -247.1575   XYZZ       1.4435   YYZZ    -195.7262
      XZZZ       2.0416   YZZZ     -46.8911   ZZZZ     -85.5739
 -----------------------------------------------------------------
Archival summary:
1\1\vega02.cac.cornell.edu\SP\ProcedureUnspecified\BasisUnspecified\810h18\jj585\WedApr1800:43:402018WedApr1800:43:402018\0\\#,ProcedureUnspecified,BasisUnspecified,\\0,1\C\C,1,1.39605\H,2,1.0856,1,119.476\C,2,1.39511,1,121.149,3,179.917,0\H,4,1.0857,2,119.403,1,-179.853,0\C,4,1.39606,2,121.155,1,0.205671,0\C,1,1.40092,2,117.735,3,179.877,0\H,7,1.08578,1,119.465,2,-179.854,0\C,7,1.39125,1,121.109,2,0.234778,0\H,9,1.08586,7,119.479,1,179.822,0\C,1,1.50965,2,121.344,3,-1.22008,0\H,11,1.09221,1,111.376,2,14.1543,0\H,11,1.09367,1,111.41,2,134.753,0\H,11,1.09531,1,111.019,2,-105.715,0\C,6,1.51041,4,121.279,2,178.643,0\H,15,1.09235,6,111.373,4,15.5869,0\H,15,1.09361,6,111.474,4,136.192,0\H,15,1.09545,6,111.064,4,-104.227,0\Gh,13,2.22962,11,121.236,1,-73.468,0\Gh,19,1.09531,13,160.405,11,48.204,0\Gh,20,1.09221,19,107.588,13,-105.946,0\Gh,20,1.09367,19,107.303,13,138.113,0\Gh,20,1.50965,19,111.019,13,16.1555,0\Gh,23,1.39605,20,121.344,19,-105.715,0\Gh,24,1.0856,23,119.476,20,-1.22008,0\Gh,24,1.39511,23,121.149,20,178.696,0\Gh,26,1.0857,24,119.403,23,-179.853,0\Gh,26,1.39606,24,121.155,23,0.205671,0\Gh,23,1.40092,20,120.912,19,73.1528,0\Gh,29,1.08578,23,119.465,20,1.23831,0\Gh,29,1.39125,23,121.109,20,-178.673,0\Gh,31,1.08586,29,119.479,23,179.822,0\Gh,28,1.51041,26,121.279,24,178.643,0\Gh,33,1.09235,28,111.373,26,15.5869,0\Gh,33,1.09361,28,111.474,26,136.192,0\Gh,33,1.09545,28,111.064,26,-104.227,0\\\@

 Total job time:  176.28s(wall), 700.77s(cpu) 
 Wed Apr 18 00:43:40 2018

        *************************************************************
        *                                                           *
        *  Thank you very much for using Q-Chem.  Have a nice day.  *
        *                                                           *
        *************************************************************


0 sent ACK to 0 
now end server 0 ... 
