mFile = /opt/software/qchem/qchem-5.0.1//bin/mpi/machines
Process 0 of 1 is on vega03.cac.cornell.edu - thread support 0
initial socket setup ...start
initial socket setup ...done 
now start server 0 ... 
vega03 10.84.3
Q-Chem Developer Version! Running on 10.84.3.*
                  Welcome to Q-Chem
     A Quantum Leap Into The Future Of Chemistry


 Q-Chem 5.0, Q-Chem, Inc., Pleasanton, CA (2017)

 Yihan Shao,  Zhengting Gan,  E. Epifanovsky,  A. T. B. Gilbert,  M. Wormit,  
 J. Kussmann,  A. W. Lange,  A. Behn,  Jia Deng,  Xintian Feng,  D. Ghosh,  
 M. Goldey,  P. R. Horn,  L. D. Jacobson,  I. Kaliman,  T. Kus,  A. Landau,  
 Jie Liu,  E. I. Proynov,  R. M. Richard,  R. P. Steele,  E. J. Sundstrom,  
 H. L. Woodcock III,  P. M. Zimmerman,  D. Zuev,  B. Albrecht,  E. Alguire,  
 S. A. Baeppler,  Z. Benda,  Y. A. Bernard,  E. J. Berquist,  K. B. Bravaya,  
 D. Casanova,  Chun-Min Chang,  Yunqing Chen,  A. Chien,  K. D. Closser,  
 M. P. Coons,  S. Dasgupta,  M. Diedenhofen,  Hainam Do,  R. G. Edgar,  
 Po-Tung Fang,  S. Fatehi,  Qingguo Feng,  Qinghui Ge,  A. Ghysels,  
 J. Gomes,  J. Gonthier,  A. Gunina,  M. W. D. Hanson-Heine,  
 P. H. P. Harbach,  A. W. Hauser,  J. E. Herr,  E. G. Hohenstein,  
 Z. C. Holden,  Kerwin Hui,  T.-C. Jagau,  Hyunjun Ji,  B. Kaduk,  
 K. Khistyaev,  Jaehoon Kim,  P. Klunzinger,  K. Koh,  D. Kosenkov,  
 T. Kowalczyk,  C. M. Krauter,  A. Kunitsa,  Ka Un Lao,  A. Laurent,  
 K. V. Lawler,  Joonho Lee,  D. Lefrancois,  S. Lehtola,  D. S. Levine,  
 Yi-Pei Li,  You-Sheng Lin,  Fenglai Liu,  E. Livshits,  A. Luenser,  
 P. Manohar,  E. Mansoor,  S. F. Manzer,  Shan-Ping Mao,  Yuezhi Mao,  
 N. Mardirossian,  A. V. Marenich,  L. A. Martinez-Martinez,  S. A. Maurer,  
 N. J. Mayhall,  S. C. McKenzie,  J.-M. Mewes,  A. F. Morrison,  K. Nanda,  
 T. S. Nguyen-Beck,  R. Olivares-Amaya,  J. A. Parkhill,  T. M. Perrine,  
 F. Plasser,  S. Prager,  A. Prociuk,  D. R. Rehn,  F. Rob,  M. Schneider,  
 N. Sergueev,  S. M. Sharada,  S. Sharma,  D. W. Small,  T. Stauch,  
 T. Stein,  Yu-Chuan Su,  A. J. W. Thom,  T. Tsuchimochi,  L. Vogt,  
 O. Vydrov,  M. A. Watson,  J. Wenzel,  M. de Wergifosse,  T. A. Wesolowski,  
 A. White,  J. Witte,  A. Yamada,  Jun Yang,  K. Yao,  S. Yeganeh,  
 S. R. Yost,  Zhi-Qiang You,  A. Zech,  Igor Ying Zhang,  Xing Zhang,  
 Yan Zhao,  Ying Zhu,  B. R. Brooks,  G. K. L. Chan,  C. J. Cramer,  
 M. S. Gordon,  W. J. Hehre,  A. Klamt,  M. W. Schmidt,  C. D. Sherrill,  
 D. G. Truhlar,  A. Aspuru-Guzik,  R. Baer,  A. T. Bell,  N. A. Besley,  
 Jeng-Da Chai,  A. Dreuw,  B. D. Dunietz,  T. R. Furlani,  Chao-Ping Hsu,  
 Yousung Jung,  Jing Kong,  D. S. Lambrecht,  WanZhen Liang,  C. Ochsenfeld,  
 V. A. Rassolov,  L. V. Slipchenko,  J. E. Subotnik,  T. Van Voorhis,  
 J. M. Herbert,  A. I. Krylov,  P. M. W. Gill,  M. Head-Gordon

 Contributors to earlier versions of Q-Chem not listed above: 
 R. D. Adamson,  B. Austin,  J. Baker,  G. J. O. Beran,  K. Brandhorst,  
 S. T. Brown,  E. F. C. Byrd,  A. K. Chakraborty,  C.-L. Cheng,  
 Siu Hung Chien,  D. M. Chipman,  D. L. Crittenden,  H. Dachsel,  
 R. A. DiStasio Jr.,  R. J. Doerksen,  A. D. Dutoi,  L. Fusti-Molnar,  
 W. A. Goddard III,  A. Golubeva-Zadorozhnaya,  S. R. Gwaltney,  G. Hawkins,  
 A. Heyden,  S. Hirata,  G. Kedziora,  F. J. Keil,  C. Kelley,  Jihan Kim,  
 R. A. King,  R. Z. Khaliullin,  P. P. Korambath,  W. Kurlancheek,  
 A. M. Lee,  M. S. Lee,  S. V. Levchenko,  Ching Yeh Lin,  D. Liotard,  
 R. C. Lochan,  I. Lotan,  P. E. Maslen,  N. Nair,  D. P. O'Neill,  
 D. Neuhauser,  E. Neuscamman,  C. M. Oana,  R. Olson,  B. Peters,  
 R. Peverati,  P. A. Pieniazek,  Y. M. Rhee,  J. Ritchie,  M. A. Rohrdanz,  
 E. Rosta,  N. J. Russ,  H. F. Schaefer III,  N. E. Schultz,  N. Shenvi,  
 A. C. Simmonett,  A. Sodt,  D. Stuck,  K. S. Thanthiriwatte,  V. Vanovschi,  
 Tao Wang,  A. Warshel,  C. F. Williams,  Q. Wu,  X. Xu,  W. Zhang

 Please cite Q-Chem as follows:
 Y. Shao et al., Mol. Phys. 113, 184-215 (2015)
 DOI: 10.1080/00268976.2014.952696

 Q-Chem 5.0.1 for Intel X86 EM64T Linux

 Parts of Q-Chem use Armadillo 5.200.1 (Boston Tea Smuggler).
 http://arma.sourceforge.net/

 Q-Chem begins on Mon Apr  2 15:17:38 2018  

Host: vega03.cac.cornell.edu
0

     Scratch files written to /scratch/jj585/vdw/10n01_distance_4.200_01.save//
 Parallel job on  1  processors

Checking the input file for inconsistencies... 	...done.

--------------------------------------------------------------
User input:
--------------------------------------------------------------
$molecule
0  1
C        -0.51554000        -1.04990000        +4.11701000
C        -0.52819000        +0.35258000        +4.23883000
C        +0.77859000        -1.80396000        +4.09016000
C        +0.75733000        +1.11816000        +4.24988000
O        +1.56535000        -1.45796000        +5.13203000
O        +1.07592000        -2.65025000        +3.28302000
O        +1.56674000        +0.71681000        +3.24513000
O        +1.03925000        +2.00477000        +5.01868000
C        +2.86339000        +1.33501000        +3.19032000
C        +2.85206000        -2.09828000        +5.18865000
C        -1.71430000        -1.78236000        +4.05838000
C        -2.91062000        -1.06676000        +4.13105000
C        -2.92423000        +0.31635000        +4.25324000
C        -1.74271000        +1.05784000        +4.31200000
H        +2.76725000        +2.41369000        +3.05926000
H        +2.73668000        -3.17939000        +5.27945000
H        -3.87464000        +0.83705000        +4.30100000
H        +3.41888000        +1.13473000        +4.10846000
H        +3.36074000        +0.88649000        +2.33323000
H        +3.33985000        -1.68901000        +6.07040000
H        +3.42779000        -1.87554000        +4.28849000
H        -3.85002000        -1.60831000        +4.09402000
H        -1.75996000        +2.08544000        +4.40566000
H        -1.70988000        -2.81013000        +3.96515000
@C        -0.54444000        -0.68370000        -0.06689000
@C        -0.55709000        +0.71878000        +0.05493000
@C        +0.74969000        -1.43776000        -0.09374000
@C        +0.72843000        +1.48436000        +0.06598000
@O        +1.53645000        -1.09176000        +0.94813000
@O        +1.04702000        -2.28405000        -0.90088000
@O        +1.53784000        +1.08301000        -0.93877000
@O        +1.01035000        +2.37097000        +0.83478000
@C        +2.83449000        +1.70121000        -0.99358000
@C        +2.82316000        -1.73208000        +1.00475000
@C        -1.74320000        -1.41616000        -0.12552000
@C        -2.93952000        -0.70056000        -0.05285000
@C        -2.95313000        +0.68255000        +0.06934000
@C        -1.77161000        +1.42404000        +0.12810000
@H        +2.73835000        +2.77989000        -1.12464000
@H        +2.70778000        -2.81319000        +1.09555000
@H        -3.90354000        +1.20325000        +0.11710000
@H        +3.38998000        +1.50093000        -0.07544000
@H        +3.33184000        +1.25269000        -1.85067000
@H        +3.31095000        -1.32281000        +1.88650000
@H        +3.39889000        -1.50934000        +0.10459000
@H        -3.87892000        -1.24211000        -0.08988000
@H        -1.78886000        +2.45164000        +0.22176000
@H        -1.73878000        -2.44393000        -0.21875000
$end

$rem
JOBTYPE                   SP
METHOD                    B3LYP
DFT_D                     d3_op
BASIS                     6-311++G(d,p)
SYMMETRY                  False
THRESH                    12
SCF_CONVERGENCE           8
MAX_SUB_FILE_NUM          128
MEM_STATIC                400
MEM_TOTAL                 4000
$end
--------------------------------------------------------------
 Adding empirical dispersion correction 
 ----------------------------------------------------------------
 Doing -D3(op) with
 s6 =   1.00000
 s8 =   0.78311
 a1 =   0.30000
 a2 =   4.25000
 n  =  10.00000
 -D3 energy without 3body term =     -0.0247543049 hartrees
 ----------------------------------------------------------------
             Standard Nuclear Orientation (Angstroms)
    I     Atom           X                Y                Z
 ----------------------------------------------------------------
    1      C      -0.5155400000    -1.0499000000     4.1170100000
    2      C      -0.5281900000     0.3525800000     4.2388300000
    3      C       0.7785900000    -1.8039600000     4.0901600000
    4      C       0.7573300000     1.1181600000     4.2498800000
    5      O       1.5653500000    -1.4579600000     5.1320300000
    6      O       1.0759200000    -2.6502500000     3.2830200000
    7      O       1.5667400000     0.7168100000     3.2451300000
    8      O       1.0392500000     2.0047700000     5.0186800000
    9      C       2.8633900000     1.3350100000     3.1903200000
   10      C       2.8520600000    -2.0982800000     5.1886500000
   11      C      -1.7143000000    -1.7823600000     4.0583800000
   12      C      -2.9106200000    -1.0667600000     4.1310500000
   13      C      -2.9242300000     0.3163500000     4.2532400000
   14      C      -1.7427100000     1.0578400000     4.3120000000
   15      H       2.7672500000     2.4136900000     3.0592600000
   16      H       2.7366800000    -3.1793900000     5.2794500000
   17      H      -3.8746400000     0.8370500000     4.3010000000
   18      H       3.4188800000     1.1347300000     4.1084600000
   19      H       3.3607400000     0.8864900000     2.3332300000
   20      H       3.3398500000    -1.6890100000     6.0704000000
   21      H       3.4277900000    -1.8755400000     4.2884900000
   22      H      -3.8500200000    -1.6083100000     4.0940200000
   23      H      -1.7599600000     2.0854400000     4.4056600000
   24      H      -1.7098800000    -2.8101300000     3.9651500000
   25      GH     -0.5444400000    -0.6837000000    -0.0668900000
   26      GH     -0.5570900000     0.7187800000     0.0549300000
   27      GH      0.7496900000    -1.4377600000    -0.0937400000
   28      GH      0.7284300000     1.4843600000     0.0659800000
   29      GH      1.5364500000    -1.0917600000     0.9481300000
   30      GH      1.0470200000    -2.2840500000    -0.9008800000
   31      GH      1.5378400000     1.0830100000    -0.9387700000
   32      GH      1.0103500000     2.3709700000     0.8347800000
   33      GH      2.8344900000     1.7012100000    -0.9935800000
   34      GH      2.8231600000    -1.7320800000     1.0047500000
   35      GH     -1.7432000000    -1.4161600000    -0.1255200000
   36      GH     -2.9395200000    -0.7005600000    -0.0528500000
   37      GH     -2.9531300000     0.6825500000     0.0693400000
   38      GH     -1.7716100000     1.4240400000     0.1281000000
   39      GH      2.7383500000     2.7798900000    -1.1246400000
   40      GH      2.7077800000    -2.8131900000     1.0955500000
   41      GH     -3.9035400000     1.2032500000     0.1171000000
   42      GH      3.3899800000     1.5009300000    -0.0754400000
   43      GH      3.3318400000     1.2526900000    -1.8506700000
   44      GH      3.3109500000    -1.3228100000     1.8865000000
   45      GH      3.3988900000    -1.5093400000     0.1045900000
   46      GH     -3.8789200000    -1.2421100000    -0.0898800000
   47      GH     -1.7888600000     2.4516400000     0.2217600000
   48      GH     -1.7387800000    -2.4439300000    -0.2187500000
 ----------------------------------------------------------------
 Nuclear Repulsion Energy =   900.9237854012 hartrees
 There are       51 alpha and       51 beta electrons
 Requested basis set is 6-311++G(d,p)
 There are 268 shells and 756 basis functions

 Total QAlloc Memory Limit   4000 MB
 Mega-Array Size       392 MB
 MEM_STATIC part       400 MB
 A cutoff of  1.0D-12 yielded  26647 shell pairs
 There are    216657 function pairs (    231235 Cartesian)
 
 -------------------------------------------------------
 OpenMP Integral Computing Module                       
 Release: version 1.0, May 2013, Q-Chem Inc. Pittsburgh 
 -------------------------------------------------------
 Integral Job Info:
 Integral job number is                      11
 Integral operator is                         1
 short-range coefficients                     0
 long-range coefficients              100000000
 Omega coefficients                           0
 if combine SR and LR in K                    0
 Integral screening is                        0
 Integral computing path is                   2
 max size of driver memory is            800000
 size of driver memory is                593474
 size of scratch memory is              2361544
 max col of scratch BK array               1296
 max len of scratch array in speh3          155
 max len of scratch index in speh4           18
 max int batch size is                      520
 min int batch size is                       52
 fixed nKL is                                52
 max L of basis functions is                  2
 order of int derivative is                   0
 number of shells is                        268
 number of basis is                         784
 number of cartesian basis is               784
 number of contracted shell pairs         26647
 number of primitive shell pairs          58767
 maxK2 (contraction) of shell pair           36
 max number of K2 of shell pair               1
 max number of CS2 of shell pair           5050
 max number of PS2 of shell pair          10536
 mem total for path MDJ                  446776
 -------------------------------------------------------
 Smallest overlap matrix eigenvalue = 1.31E-07
 Linear dependence detected in AO basis
 Number of orthogonalized atomic orbitals = 750
 Maximum deviation from orthogonality = 3.277E-10

 Scale SEOQF with 1.000000e-01/1.000000e-01/1.000000e-02

 Standard Electronic Orientation quadrupole field applied
 Nucleus-field energy     =     0.0000000128 hartrees
 Guess from superposition of atomic densities
 Warning:  Energy on first SCF cycle will be non-variational

 Q-Chem warning in module /opt/software/qchem/qchem-5.0.1/libgen/Atomic_PolEc.C, line 58:

 No atomic polarizability available.


 Q-Chem warning in module /opt/software/qchem/qchem-5.0.1/libgen/Atomic_PolEc.C, line 73:

 No atomic polarizability available.


 Q-Chem warning in module /opt/software/qchem/qchem-5.0.1/libgen/Atomic_PolEc.C, line 58:

 No atomic polarizability available.


 Q-Chem warning in module /opt/software/qchem/qchem-5.0.1/libgen/Atomic_PolEc.C, line 73:

 No atomic polarizability available.


 Q-Chem warning in module /opt/software/qchem/qchem-5.0.1/libgen/Atomic_PolEc.C, line 58:

 No atomic polarizability available.


 Q-Chem warning in module /opt/software/qchem/qchem-5.0.1/libgen/Atomic_PolEc.C, line 73:

 No atomic polarizability available.


 Q-Chem warning in module /opt/software/qchem/qchem-5.0.1/libgen/Atomic_PolEc.C, line 58:

 No atomic polarizability available.


 Q-Chem warning in module /opt/software/qchem/qchem-5.0.1/libgen/Atomic_PolEc.C, line 73:

 No atomic polarizability available.


 Q-Chem warning in module /opt/software/qchem/qchem-5.0.1/libgen/Atomic_PolEc.C, line 58:

 No atomic polarizability available.


 Q-Chem warning in module /opt/software/qchem/qchem-5.0.1/libgen/Atomic_PolEc.C, line 73:

 No atomic polarizability available.


 Q-Chem warning in module /opt/software/qchem/qchem-5.0.1/libgen/Atomic_PolEc.C, line 58:

 No atomic polarizability available.


 Q-Chem warning in module /opt/software/qchem/qchem-5.0.1/libgen/Atomic_PolEc.C, line 73:

 No atomic polarizability available.


 Q-Chem warning in module /opt/software/qchem/qchem-5.0.1/libgen/Atomic_PolEc.C, line 58:

 No atomic polarizability available.


 Q-Chem warning in module /opt/software/qchem/qchem-5.0.1/libgen/Atomic_PolEc.C, line 73:

 No atomic polarizability available.


 Q-Chem warning in module /opt/software/qchem/qchem-5.0.1/libgen/Atomic_PolEc.C, line 58:

 No atomic polarizability available.


 Q-Chem warning in module /opt/software/qchem/qchem-5.0.1/libgen/Atomic_PolEc.C, line 73:

 No atomic polarizability available.


 Q-Chem warning in module /opt/software/qchem/qchem-5.0.1/libgen/Atomic_PolEc.C, line 58:

 No atomic polarizability available.


 Q-Chem warning in module /opt/software/qchem/qchem-5.0.1/libgen/Atomic_PolEc.C, line 73:

 No atomic polarizability available.


 Q-Chem warning in module /opt/software/qchem/qchem-5.0.1/libgen/Atomic_PolEc.C, line 58:

 No atomic polarizability available.


 Q-Chem warning in module /opt/software/qchem/qchem-5.0.1/libgen/Atomic_PolEc.C, line 73:

 No atomic polarizability available.


 Q-Chem warning in module /opt/software/qchem/qchem-5.0.1/libgen/Atomic_PolEc.C, line 58:

 No atomic polarizability available.


 Q-Chem warning in module /opt/software/qchem/qchem-5.0.1/libgen/Atomic_PolEc.C, line 73:

 No atomic polarizability available.


 Q-Chem warning in module /opt/software/qchem/qchem-5.0.1/libgen/Atomic_PolEc.C, line 58:

 No atomic polarizability available.


 Q-Chem warning in module /opt/software/qchem/qchem-5.0.1/libgen/Atomic_PolEc.C, line 73:

 No atomic polarizability available.


 Q-Chem warning in module /opt/software/qchem/qchem-5.0.1/libgen/Atomic_PolEc.C, line 58:

 No atomic polarizability available.


 Q-Chem warning in module /opt/software/qchem/qchem-5.0.1/libgen/Atomic_PolEc.C, line 73:

 No atomic polarizability available.


 Q-Chem warning in module /opt/software/qchem/qchem-5.0.1/libgen/Atomic_PolEc.C, line 58:

 No atomic polarizability available.


 Q-Chem warning in module /opt/software/qchem/qchem-5.0.1/libgen/Atomic_PolEc.C, line 73:

 No atomic polarizability available.


 Q-Chem warning in module /opt/software/qchem/qchem-5.0.1/libgen/Atomic_PolEc.C, line 58:

 No atomic polarizability available.


 Q-Chem warning in module /opt/software/qchem/qchem-5.0.1/libgen/Atomic_PolEc.C, line 73:

 No atomic polarizability available.


 Q-Chem warning in module /opt/software/qchem/qchem-5.0.1/libgen/Atomic_PolEc.C, line 58:

 No atomic polarizability available.


 Q-Chem warning in module /opt/software/qchem/qchem-5.0.1/libgen/Atomic_PolEc.C, line 73:

 No atomic polarizability available.


 Q-Chem warning in module /opt/software/qchem/qchem-5.0.1/libgen/Atomic_PolEc.C, line 58:

 No atomic polarizability available.


 Q-Chem warning in module /opt/software/qchem/qchem-5.0.1/libgen/Atomic_PolEc.C, line 73:

 No atomic polarizability available.


 Q-Chem warning in module /opt/software/qchem/qchem-5.0.1/libgen/Atomic_PolEc.C, line 58:

 No atomic polarizability available.


 Q-Chem warning in module /opt/software/qchem/qchem-5.0.1/libgen/Atomic_PolEc.C, line 73:

 No atomic polarizability available.


 Q-Chem warning in module /opt/software/qchem/qchem-5.0.1/libgen/Atomic_PolEc.C, line 58:

 No atomic polarizability available.


 Q-Chem warning in module /opt/software/qchem/qchem-5.0.1/libgen/Atomic_PolEc.C, line 73:

 No atomic polarizability available.


 Q-Chem warning in module /opt/software/qchem/qchem-5.0.1/libgen/Atomic_PolEc.C, line 58:

 No atomic polarizability available.


 Q-Chem warning in module /opt/software/qchem/qchem-5.0.1/libgen/Atomic_PolEc.C, line 73:

 No atomic polarizability available.


 Q-Chem warning in module /opt/software/qchem/qchem-5.0.1/libgen/Atomic_PolEc.C, line 58:

 No atomic polarizability available.


 Q-Chem warning in module /opt/software/qchem/qchem-5.0.1/libgen/Atomic_PolEc.C, line 73:

 No atomic polarizability available.


 Q-Chem warning in module /opt/software/qchem/qchem-5.0.1/libgen/Atomic_PolEc.C, line 58:

 No atomic polarizability available.


 Q-Chem warning in module /opt/software/qchem/qchem-5.0.1/libgen/Atomic_PolEc.C, line 73:

 No atomic polarizability available.


 Q-Chem warning in module /opt/software/qchem/qchem-5.0.1/libgen/Atomic_PolEc.C, line 58:

 No atomic polarizability available.


 Q-Chem warning in module /opt/software/qchem/qchem-5.0.1/libgen/Atomic_PolEc.C, line 73:

 No atomic polarizability available.


 Q-Chem warning in module /opt/software/qchem/qchem-5.0.1/libgen/Atomic_PolEc.C, line 58:

 No atomic polarizability available.


 Q-Chem warning in module /opt/software/qchem/qchem-5.0.1/libgen/Atomic_PolEc.C, line 73:

 No atomic polarizability available.

 A restricted hybrid HF-DFT SCF calculation will be
 performed using Pulay DIIS extrapolation
 Exchange:     0.2000 Hartree-Fock + 0.0800 Slater + 0.7200 B88
 Correlation:  0.1900 VWN1RPA + 0.8100 LYP
 Using SG-1 standard quadrature grid
 Dispersion:   Grimme D3
 SCF converges when DIIS error is below 1.0E-08
 using 2 threads for integral computing
 -------------------------------------------------------
 OpenMP Integral computing Module                
 Release: version 1.0, May 2013, Q-Chem Inc. Pittsburgh 
 -------------------------------------------------------
 -------------------------------------------------------
 OpenMP BLAS3 based DFT computing Module                
 Release: version 1.0, May 2013, Q-Chem Inc. Pittsburgh 
 -------------------------------------------------------
 ---------------------------------------
  Cycle       Energy         DIIS Error
 ---------------------------------------
    1    -691.1650997350      1.69E-02
    2    -687.9418133221      2.17E-03
    3    -687.4071976441      3.91E-03
    4    -688.1667820057      8.64E-04
    5    -688.2089301006      2.37E-04
    6    -688.2114979782      8.29E-05
    7    -688.2118540698      2.01E-05
    8    -688.2118752532      5.88E-06
    9    -688.2118773030      1.61E-06
   10    -688.2118774230      8.66E-07
   11    -688.2118774789      1.26E-07
   12    -688.2118774791      1.19E-07
   13    -688.2118774798      1.23E-08
   14    -688.2118774798      5.73E-09 Convergence criterion met
 ---------------------------------------
 SCF time:  CPU 2652.51 s  wall 1334.76 s
 SCF   energy in the final basis set = -688.21187748
 Total energy in the final basis set = -688.21187748
 
 --------------------------------------------------------------
 
                    Orbital Energies (a.u.)
 --------------------------------------------------------------
 
 Alpha MOs
 -- Occupied --
-19.179 -19.178 -19.122 -19.122 -10.314 -10.314 -10.233 -10.233
-10.215 -10.214 -10.198 -10.198 -10.197 -10.197  -1.123  -1.116
 -1.033  -1.032  -0.887  -0.800  -0.787  -0.744  -0.733  -0.656
 -0.646  -0.596  -0.579  -0.555  -0.524  -0.516  -0.493  -0.492
 -0.485  -0.479  -0.472  -0.468  -0.440  -0.431  -0.416  -0.408
 -0.389  -0.387  -0.384  -0.369  -0.366  -0.324  -0.315  -0.301
 -0.297  -0.275  -0.272
 -- Virtual --
 -0.061  -0.046  -0.012  -0.007   0.003   0.004   0.013   0.016
  0.019   0.020   0.025   0.033   0.034   0.039   0.042   0.045
  0.051   0.053   0.057   0.061   0.062   0.065   0.069   0.074
  0.079   0.081   0.086   0.093   0.094   0.096   0.097   0.100
  0.103   0.107   0.107   0.109   0.113   0.115   0.121   0.124
  0.127   0.128   0.129   0.131   0.134   0.137   0.140   0.141
  0.145   0.146   0.148   0.150   0.152   0.156   0.157   0.160
  0.162   0.164   0.166   0.168   0.173   0.176   0.179   0.180
  0.184   0.185   0.190   0.195   0.196   0.200   0.202   0.205
  0.208   0.212   0.212   0.216   0.217   0.219   0.224   0.227
  0.230   0.232   0.236   0.238   0.238   0.243   0.244   0.250
  0.253   0.256   0.257   0.261   0.263   0.264   0.266   0.269
  0.273   0.276   0.277   0.279   0.281   0.283   0.288   0.293
  0.297   0.300   0.301   0.305   0.310   0.313   0.317   0.322
  0.325   0.326   0.328   0.331   0.334   0.339   0.340   0.344
  0.348   0.355   0.357   0.360   0.365   0.368   0.370   0.373
  0.374   0.380   0.383   0.386   0.388   0.393   0.396   0.399
  0.402   0.405   0.410   0.415   0.418   0.422   0.427   0.432
  0.434   0.438   0.441   0.444   0.452   0.455   0.459   0.461
  0.470   0.474   0.479   0.486   0.489   0.495   0.498   0.501
  0.506   0.512   0.513   0.522   0.526   0.533   0.537   0.544
  0.549   0.551   0.555   0.558   0.570   0.573   0.578   0.582
  0.592   0.595   0.601   0.604   0.608   0.614   0.618   0.621
  0.621   0.628   0.629   0.636   0.641   0.645   0.646   0.658
  0.661   0.665   0.671   0.675   0.679   0.685   0.691   0.693
  0.699   0.704   0.710   0.714   0.716   0.718   0.726   0.729
  0.735   0.743   0.745   0.747   0.754   0.763   0.766   0.769
  0.773   0.783   0.789   0.791   0.794   0.807   0.809   0.811
  0.812   0.827   0.831   0.835   0.840   0.850   0.866   0.874
  0.880   0.886   0.889   0.902   0.906   0.917   0.918   0.930
  0.939   0.952   0.963   0.966   0.972   0.978   0.989   0.993
  0.997   1.008   1.016   1.025   1.029   1.037   1.043   1.047
  1.053   1.057   1.063   1.078   1.088   1.091   1.099   1.107
  1.111   1.116   1.123   1.131   1.137   1.147   1.154   1.160
  1.166   1.173   1.178   1.191   1.198   1.205   1.214   1.217
  1.226   1.234   1.240   1.247   1.256   1.265   1.280   1.289
  1.297   1.300   1.306   1.313   1.323   1.329   1.333   1.348
  1.364   1.377   1.391   1.398   1.403   1.414   1.422   1.435
  1.464   1.470   1.476   1.489   1.496   1.505   1.513   1.525
  1.532   1.541   1.551   1.553   1.556   1.563   1.566   1.570
  1.580   1.588   1.595   1.601   1.606   1.614   1.622   1.623
  1.644   1.656   1.658   1.659   1.671   1.682   1.694   1.709
  1.713   1.718   1.727   1.729   1.736   1.745   1.748   1.753
  1.756   1.765   1.776   1.780   1.786   1.789   1.794   1.804
  1.813   1.819   1.823   1.831   1.835   1.842   1.848   1.850
  1.859   1.864   1.873   1.875   1.892   1.896   1.907   1.913
  1.919   1.927   1.937   1.947   1.952   1.960   1.962   1.964
  1.970   1.973   1.986   1.988   1.995   2.005   2.009   2.017
  2.021   2.025   2.028   2.051   2.072   2.078   2.084   2.096
  2.110   2.118   2.122   2.133   2.138   2.143   2.145   2.156
  2.173   2.180   2.187   2.196   2.203   2.223   2.271   2.292
  2.297   2.316   2.317   2.336   2.347   2.353   2.355   2.360
  2.371   2.385   2.391   2.401   2.409   2.412   2.438   2.446
  2.467   2.488   2.496   2.497   2.502   2.505   2.514   2.517
  2.521   2.526   2.534   2.537   2.550   2.569   2.580   2.601
  2.602   2.613   2.617   2.626   2.632   2.649   2.657   2.662
  2.669   2.683   2.689   2.693   2.701   2.706   2.721   2.735
  2.738   2.743   2.752   2.759   2.770   2.771   2.775   2.787
  2.792   2.796   2.807   2.814   2.833   2.843   2.859   2.869
  2.874   2.879   2.884   2.890   2.898   2.902   2.909   2.913
  2.921   2.928   2.931   2.962   2.965   2.975   2.982   3.004
  3.011   3.030   3.045   3.048   3.052   3.058   3.067   3.078
  3.083   3.095   3.097   3.116   3.122   3.141   3.152   3.169
  3.191   3.204   3.219   3.240   3.243   3.247   3.254   3.267
  3.275   3.284   3.290   3.295   3.307   3.319   3.346   3.354
  3.358   3.363   3.380   3.394   3.404   3.422   3.431   3.436
  3.447   3.481   3.488   3.507   3.534   3.554   3.558   3.561
  3.570   3.582   3.590   3.598   3.607   3.618   3.633   3.656
  3.662   3.673   3.690   3.753   3.783   3.796   3.803   3.822
  3.841   3.885   3.901   3.906   3.917   3.957   4.025   4.028
  4.054   4.081   4.089   4.097   4.131   4.166   4.175   4.256
  4.277   4.328   4.354   4.549   4.551   4.571   4.604   4.663
  4.727   4.739   4.778   4.797   4.823   4.827   4.836   4.842
  4.892   4.922   4.957   4.967   4.973   4.980   5.042   5.076
  5.129   5.160   5.178   5.183   5.190   5.240   5.255   5.275
  5.312   5.344   5.418   5.464   5.506   5.563   5.577   5.626
  5.636   5.698   5.735   5.895   5.919   6.113   6.140   7.104
  7.184   7.196   7.285   7.298   7.395   7.415   7.457   7.716
  7.731   7.782   7.791   7.801   7.813   7.823   7.846   7.856
  7.877   7.896   7.931   7.962   8.010   8.016   8.038   8.060
  8.098   8.262   8.394   8.638   8.948   9.760   9.989  10.012
 10.042  10.069  10.199  10.225  10.249  10.266  10.310  13.561
 13.619  13.634  13.694  13.704  13.737  13.885  13.951  14.154
 14.182  14.302  14.311  18.596  18.608  18.719  18.773  23.674
 23.862  23.873  23.935  23.955  23.967  24.008  24.057  24.083
 24.177  49.913  49.941  50.026  50.033  69.884  69.961  69.983
 69.997  70.022  70.084  70.104  70.112  70.130  70.170 139.678
139.740 139.787 139.846
 --------------------------------------------------------------
 
          Ground-State Mulliken Net Atomic Charges

     Atom                 Charge (a.u.)
  ----------------------------------------
      1 C                     0.717621
      2 C                     0.826781
      3 C                    -0.803808
      4 C                    -0.678838
      5 O                     0.129841
      6 O                    -0.102035
      7 O                     0.081332
      8 O                    -0.152717
      9 C                    -0.417379
     10 C                    -0.140738
     11 C                    -0.435189
     12 C                    -0.320981
     13 C                    -0.309453
     14 C                    -0.208871
     15 H                     0.216001
     16 H                     0.168579
     17 H                     0.183333
     18 H                     0.200851
     19 H                     0.115843
     20 H                     0.171850
     21 H                     0.190156
     22 H                     0.184237
     23 H                     0.209963
     24 H                     0.201386
     25 GH                   -0.093585
     26 GH                   -0.049005
     27 GH                    0.028395
     28 GH                    0.038195
     29 GH                    0.024156
     30 GH                    0.001512
     31 GH                   -0.001422
     32 GH                   -0.001137
     33 GH                   -0.021898
     34 GH                   -0.011775
     35 GH                    0.047539
     36 GH                   -0.016229
     37 GH                    0.024920
     38 GH                   -0.003526
     39 GH                    0.001482
     40 GH                    0.008680
     41 GH                    0.002502
     42 GH                    0.004444
     43 GH                   -0.001785
     44 GH                   -0.016025
     45 GH                    0.001039
     46 GH                    0.000234
     47 GH                    0.002488
     48 GH                    0.003038
  ----------------------------------------
  Sum of atomic charges =     0.000000

 -----------------------------------------------------------------
                    Cartesian Multipole Moments
 -----------------------------------------------------------------
    Charge (ESU x 10^10)
                 0.0000
    Dipole Moment (Debye)
         X      -0.0473      Y      -0.1164      Z       0.0485
       Tot       0.1347
    Quadrupole Moments (Debye-Ang)
        XX     -61.4169     XY      -0.0525     YY     -84.2869
        XZ      -0.0733     YZ     -10.1993     ZZ     -86.5766
    Octopole Moments (Debye-Ang^2)
       XXX     -34.2813    XXY      21.9946    XYY     -29.8479
       YYY      88.1214    XXZ    -256.2578    XYZ     -18.9561
       YYZ    -345.3702    XZZ      -8.2798    YZZ     -51.4954
       ZZZ   -1087.8241
    Hexadecapole Moments (Debye-Ang^3)
      XXXX   -1734.0290   XXXY      14.7423   XXYY    -482.0215
      XYYY      32.2205   YYYY   -1278.3462   XXXZ    -141.4434
      XXYZ      69.2048   XYYZ    -109.8850   YYYZ     324.0989
      XXZZ   -1446.9018   XYZZ    -153.3686   YYZZ   -1694.3477
      XZZZ    -100.2181   YZZZ    -104.0001   ZZZZ   -9401.8539
 -----------------------------------------------------------------
Archival summary:
1\1\vega03.cac.cornell.edu\SP\ProcedureUnspecified\BasisUnspecified\41010h24\jj585\MonApr215:39:542018MonApr215:39:542018\0\\#,ProcedureUnspecified,BasisUnspecified,\\0,1\O\C,1,1.3512\O,2,1.2069,1,123.501\C,1,1.43752,2,116.164,3,4.8931,0\H,4,1.08772,1,105.376,2,179.706,0\H,4,1.09086,1,110.507,2,-60.681,0\H,4,1.09163,1,110.367,2,60.0909,0\C,2,1.49626,1,110.928,3,178.057,0\C,8,1.40634,2,119.012,1,-130.615,0\H,9,1.032,8,121.232,2,-2.14291,0\C,9,1.39616,8,117.536,2,177.857,0\H,11,1.08475,9,118.991,8,-179.6,0\C,11,1.38856,9,121.629,8,0.183585,0\H,13,1.08495,11,119.453,9,179.671,0\C,13,1.3959,11,121.575,9,-0.129654,0\H,15,1.032,13,121.26,11,-179.84,0\C,15,1.40604,13,117.481,11,0.160349,0\C,17,1.49803,15,118.266,13,177.84,0\O,18,1.20668,17,125.302,15,50.5403,0\O,18,1.35063,17,111.128,15,-126.75,0\C,20,1.43835,18,115.94,17,-178.519,0\H,21,1.08762,20,105.403,18,179.104,0\H,21,1.09103,20,110.475,18,-61.3232,0\H,21,1.0915,20,110.399,18,59.3962,0\Gh,5,2.25456,4,123.374,1,-43.957,0\Gh,25,1.08762,5,122.635,4,114.555,0\Gh,26,1.09103,25,110.661,5,-166.621,0\Gh,26,1.0915,25,110.808,5,72.2654,0\Gh,26,1.43835,25,105.403,5,-47.1712,0\Gh,29,1.35063,26,115.94,25,179.104,0\Gh,30,1.20668,29,123.512,26,4.13325,0\Gh,30,1.49803,29,111.128,26,-178.519,0\Gh,32,1.40604,30,118.266,29,-126.75,0\Gh,33,1.032,32,121.26,30,-2.16035,0\Gh,33,1.3959,32,117.481,30,177.84,0\Gh,35,1.08495,33,118.972,32,-179.641,0\Gh,35,1.38856,33,121.575,32,0.160349,0\Gh,37,1.08475,35,119.38,33,179.653,0\Gh,37,1.39616,35,121.629,33,-0.129654,0\Gh,39,1.032,37,121.232,35,-179.817,0\Gh,39,1.40634,37,117.536,35,0.183585,0\Gh,41,1.49626,39,119.012,37,177.857,0\Gh,42,1.2069,41,125.54,39,47.3939,0\Gh,42,1.3512,41,110.928,39,-130.615,0\Gh,44,1.43752,42,116.164,41,-177.05,0\Gh,45,1.08772,44,105.376,42,179.706,0\Gh,45,1.09086,44,110.507,42,-60.681,0\Gh,45,1.09163,44,110.367,42,60.0909,0\\\@

 Total job time:  1336.65s(wall), 2654.94s(cpu) 
 Mon Apr  2 15:39:54 2018

        *************************************************************
        *                                                           *
        *  Thank you very much for using Q-Chem.  Have a nice day.  *
        *                                                           *
        *************************************************************


0 sent ACK to 0 
now end server 0 ... 
