mFile = /opt/software/qchem/qchem-5.0.1//bin/mpi/machines
Process 0 of 1 is on vega03.cac.cornell.edu - thread support 0
initial socket setup ...start
initial socket setup ...done 
now start server 0 ... 
vega03 10.84.3
Q-Chem Developer Version! Running on 10.84.3.*
                  Welcome to Q-Chem
     A Quantum Leap Into The Future Of Chemistry


 Q-Chem 5.0, Q-Chem, Inc., Pleasanton, CA (2017)

 Yihan Shao,  Zhengting Gan,  E. Epifanovsky,  A. T. B. Gilbert,  M. Wormit,  
 J. Kussmann,  A. W. Lange,  A. Behn,  Jia Deng,  Xintian Feng,  D. Ghosh,  
 M. Goldey,  P. R. Horn,  L. D. Jacobson,  I. Kaliman,  T. Kus,  A. Landau,  
 Jie Liu,  E. I. Proynov,  R. M. Richard,  R. P. Steele,  E. J. Sundstrom,  
 H. L. Woodcock III,  P. M. Zimmerman,  D. Zuev,  B. Albrecht,  E. Alguire,  
 S. A. Baeppler,  Z. Benda,  Y. A. Bernard,  E. J. Berquist,  K. B. Bravaya,  
 D. Casanova,  Chun-Min Chang,  Yunqing Chen,  A. Chien,  K. D. Closser,  
 M. P. Coons,  S. Dasgupta,  M. Diedenhofen,  Hainam Do,  R. G. Edgar,  
 Po-Tung Fang,  S. Fatehi,  Qingguo Feng,  Qinghui Ge,  A. Ghysels,  
 J. Gomes,  J. Gonthier,  A. Gunina,  M. W. D. Hanson-Heine,  
 P. H. P. Harbach,  A. W. Hauser,  J. E. Herr,  E. G. Hohenstein,  
 Z. C. Holden,  Kerwin Hui,  T.-C. Jagau,  Hyunjun Ji,  B. Kaduk,  
 K. Khistyaev,  Jaehoon Kim,  P. Klunzinger,  K. Koh,  D. Kosenkov,  
 T. Kowalczyk,  C. M. Krauter,  A. Kunitsa,  Ka Un Lao,  A. Laurent,  
 K. V. Lawler,  Joonho Lee,  D. Lefrancois,  S. Lehtola,  D. S. Levine,  
 Yi-Pei Li,  You-Sheng Lin,  Fenglai Liu,  E. Livshits,  A. Luenser,  
 P. Manohar,  E. Mansoor,  S. F. Manzer,  Shan-Ping Mao,  Yuezhi Mao,  
 N. Mardirossian,  A. V. Marenich,  L. A. Martinez-Martinez,  S. A. Maurer,  
 N. J. Mayhall,  S. C. McKenzie,  J.-M. Mewes,  A. F. Morrison,  K. Nanda,  
 T. S. Nguyen-Beck,  R. Olivares-Amaya,  J. A. Parkhill,  T. M. Perrine,  
 F. Plasser,  S. Prager,  A. Prociuk,  D. R. Rehn,  F. Rob,  M. Schneider,  
 N. Sergueev,  S. M. Sharada,  S. Sharma,  D. W. Small,  T. Stauch,  
 T. Stein,  Yu-Chuan Su,  A. J. W. Thom,  T. Tsuchimochi,  L. Vogt,  
 O. Vydrov,  M. A. Watson,  J. Wenzel,  M. de Wergifosse,  T. A. Wesolowski,  
 A. White,  J. Witte,  A. Yamada,  Jun Yang,  K. Yao,  S. Yeganeh,  
 S. R. Yost,  Zhi-Qiang You,  A. Zech,  Igor Ying Zhang,  Xing Zhang,  
 Yan Zhao,  Ying Zhu,  B. R. Brooks,  G. K. L. Chan,  C. J. Cramer,  
 M. S. Gordon,  W. J. Hehre,  A. Klamt,  M. W. Schmidt,  C. D. Sherrill,  
 D. G. Truhlar,  A. Aspuru-Guzik,  R. Baer,  A. T. Bell,  N. A. Besley,  
 Jeng-Da Chai,  A. Dreuw,  B. D. Dunietz,  T. R. Furlani,  Chao-Ping Hsu,  
 Yousung Jung,  Jing Kong,  D. S. Lambrecht,  WanZhen Liang,  C. Ochsenfeld,  
 V. A. Rassolov,  L. V. Slipchenko,  J. E. Subotnik,  T. Van Voorhis,  
 J. M. Herbert,  A. I. Krylov,  P. M. W. Gill,  M. Head-Gordon

 Contributors to earlier versions of Q-Chem not listed above: 
 R. D. Adamson,  B. Austin,  J. Baker,  G. J. O. Beran,  K. Brandhorst,  
 S. T. Brown,  E. F. C. Byrd,  A. K. Chakraborty,  C.-L. Cheng,  
 Siu Hung Chien,  D. M. Chipman,  D. L. Crittenden,  H. Dachsel,  
 R. A. DiStasio Jr.,  R. J. Doerksen,  A. D. Dutoi,  L. Fusti-Molnar,  
 W. A. Goddard III,  A. Golubeva-Zadorozhnaya,  S. R. Gwaltney,  G. Hawkins,  
 A. Heyden,  S. Hirata,  G. Kedziora,  F. J. Keil,  C. Kelley,  Jihan Kim,  
 R. A. King,  R. Z. Khaliullin,  P. P. Korambath,  W. Kurlancheek,  
 A. M. Lee,  M. S. Lee,  S. V. Levchenko,  Ching Yeh Lin,  D. Liotard,  
 R. C. Lochan,  I. Lotan,  P. E. Maslen,  N. Nair,  D. P. O'Neill,  
 D. Neuhauser,  E. Neuscamman,  C. M. Oana,  R. Olson,  B. Peters,  
 R. Peverati,  P. A. Pieniazek,  Y. M. Rhee,  J. Ritchie,  M. A. Rohrdanz,  
 E. Rosta,  N. J. Russ,  H. F. Schaefer III,  N. E. Schultz,  N. Shenvi,  
 A. C. Simmonett,  A. Sodt,  D. Stuck,  K. S. Thanthiriwatte,  V. Vanovschi,  
 Tao Wang,  A. Warshel,  C. F. Williams,  Q. Wu,  X. Xu,  W. Zhang

 Please cite Q-Chem as follows:
 Y. Shao et al., Mol. Phys. 113, 184-215 (2015)
 DOI: 10.1080/00268976.2014.952696

 Q-Chem 5.0.1 for Intel X86 EM64T Linux

 Parts of Q-Chem use Armadillo 5.200.1 (Boston Tea Smuggler).
 http://arma.sourceforge.net/

 Q-Chem begins on Mon Apr  2 01:39:51 2018  

Host: vega03.cac.cornell.edu
0

     Scratch files written to /scratch/jj585/vdw/11n11_distance_10.000_11.save//
 Parallel job on  1  processors

Checking the input file for inconsistencies... 	...done.

--------------------------------------------------------------
User input:
--------------------------------------------------------------
$molecule
0  1
--
0  1
C        -0.54444000        -0.68370000        -0.06689000
C        -0.55709000        +0.71878000        +0.05493000
C        +0.74969000        -1.43776000        -0.09374000
C        +0.72843000        +1.48436000        +0.06598000
O        +1.53645000        -1.09176000        +0.94813000
O        +1.04702000        -2.28405000        -0.90088000
O        +1.53784000        +1.08301000        -0.93877000
O        +1.01035000        +2.37097000        +0.83478000
C        +2.83449000        +1.70121000        -0.99358000
C        +2.82316000        -1.73208000        +1.00475000
C        -1.74320000        -1.41616000        -0.12552000
C        -2.93952000        -0.70056000        -0.05285000
C        -2.95313000        +0.68255000        +0.06934000
C        -1.77161000        +1.42404000        +0.12810000
H        +2.73835000        +2.77989000        -1.12464000
H        +2.70778000        -2.81319000        +1.09555000
H        -3.90354000        +1.20325000        +0.11710000
H        +3.38998000        +1.50093000        -0.07544000
H        +3.33184000        +1.25269000        -1.85067000
H        +3.31095000        -1.32281000        +1.88650000
H        +3.39889000        -1.50934000        +0.10459000
H        -3.87892000        -1.24211000        -0.08988000
C        -1.83960000        +2.92746000        +0.24839000
C        -1.78103000        -2.92226000        -0.24590000
H        -1.39752000        -3.25223000        -1.21323000
H        -2.80572000        -3.28175000        -0.13627000
H        -1.16958000        -3.40777000        +0.51926000
H        -1.24214000        +3.42352000        -0.52065000
H        -1.45503000        +3.26427000        +1.21284000
H        -2.87211000        +3.26623000        +0.14638000
--
0  1
C        -0.47562000        -1.55562000        +9.89479000
C        -0.48827000        -0.15314000       +10.01661000
C        +0.81851000        -2.30968000        +9.86794000
C        +0.79725000        +0.61244000       +10.02766000
O        +1.60527000        -1.96368000       +10.90981000
O        +1.11584000        -3.15597000        +9.06080000
O        +1.60666000        +0.21109000        +9.02291000
O        +1.07917000        +1.49905000       +10.79646000
C        +2.90331000        +0.82929000        +8.96810000
C        +2.89198000        -2.60400000       +10.96643000
C        -1.67438000        -2.28808000        +9.83616000
C        -2.87070000        -1.57248000        +9.90883000
C        -2.88431000        -0.18937000       +10.03102000
C        -1.70279000        +0.55212000       +10.08978000
H        +2.80717000        +1.90797000        +8.83704000
H        +2.77660000        -3.68511000       +11.05723000
H        -3.83472000        +0.33133000       +10.07878000
H        +3.45880000        +0.62901000        +9.88624000
H        +3.40066000        +0.38077000        +8.11101000
H        +3.37977000        -2.19473000       +11.84818000
H        +3.46771000        -2.38126000       +10.06627000
H        -3.81010000        -2.11403000        +9.87180000
C        -1.77078000        +2.05554000       +10.21007000
C        -1.71221000        -3.79418000        +9.71578000
H        -1.32870000        -4.12415000        +8.74845000
H        -2.73690000        -4.15367000        +9.82541000
H        -1.10076000        -4.27969000       +10.48094000
H        -1.17332000        +2.55160000        +9.44103000
H        -1.38621000        +2.39235000       +11.17452000
H        -2.80329000        +2.39431000       +10.10806000
$end

$rem
JOBTYPE                   SP
METHOD                    B3LYP
DFT_D                     d3_op
BASIS                     6-311++G(d,p)
SYMMETRY                  False
THRESH                    12
SCF_CONVERGENCE           8
MAX_SUB_FILE_NUM          128
MEM_STATIC                400
MEM_TOTAL                 4000
$end
--------------------------------------------------------------
 Adding empirical dispersion correction 
 ----------------------------------------------------------------
 Doing -D3(op) with
 s6 =   1.00000
 s8 =   0.78311
 a1 =   0.30000
 a2 =   4.25000
 n  =  10.00000
 -D3 energy without 3body term =     -0.0672845400 hartrees
 ----------------------------------------------------------------
             Standard Nuclear Orientation (Angstroms)
    I     Atom           X                Y                Z
 ----------------------------------------------------------------
    1      C      -4.9994360808     0.5038049703     0.7664217298
    2      C      -5.0151699186     0.5736362212    -0.6395748306
    3      C      -4.9427646936    -0.8195203530     1.4662062008
    4      C      -5.0691528098    -0.6801992203    -1.4543011912
    5      O      -3.9337070994    -1.5798554398     0.9888240456
    6      O      -5.6611841736    -1.1595464452     2.3741393370
    7      O      -6.0237783272    -1.5164397653    -0.9904684567
    8      O      -4.3884372444    -0.9177634194    -2.4221850627
    9      C      -6.1288372987    -2.7880161187    -1.6526865389
   10      C      -3.8051230587    -2.8902822730     1.5676900146
   11      C      -4.9953799128     1.6717249609     1.5493055712
   12      C      -5.0019571401     2.8963213802     0.8793308095
   13      C      -5.0154396384     2.9663455261    -0.5074005061
   14      C      -5.0203782670     1.8160114563    -1.2985748269
   15      H      -6.3652682086    -2.6505564955    -2.7087052142
   16      H      -3.6101235893    -2.8169631675     2.6386501129
   17      H      -5.0259238628     3.9372031843    -0.9911506111
   18      H      -5.1913536091    -3.3404340389    -1.5653879062
   19      H      -6.9342718361    -3.3126420074    -1.1435958161
   20      H      -2.9638554778    -3.3512290264     1.0551268210
   21      H      -4.7183377900    -3.4670137196     1.4102547607
   22      H      -4.9930720348     3.8129467342     1.4597091332
   23      C      -5.0479049654     1.9451330275    -2.8025475399
   24      C      -4.9684826558     1.6482249749     3.0602602203
   25      H      -5.8960596484     1.2407890995     3.4668120376
   26      H      -4.8320557016     2.6589967614     3.4488081258
   27      H      -4.1549838671     1.0267886552     3.4437931518
   28      H      -5.8571390921     1.3590713528    -3.2454113319
   29      H      -4.1180446529     1.5853866994    -3.2468911480
   30      H      -5.1903065129     2.9890600640    -3.0874794526
   31      C       5.0000183138     0.5149630914     0.6623236579
   32      C       4.9842844759     0.5847943423    -0.7436729026
   33      C       5.0566897010    -0.8083622318     1.3621081288
   34      C       4.9303015847    -0.6690410991    -1.5583992631
   35      O       6.0657472951    -1.5686973186     0.8847259737
   36      O       4.3382702210    -1.1483883241     2.2700412651
   37      O       3.9756760673    -1.5052816441    -1.0945665287
   38      O       5.6110171502    -0.9066052982    -2.5262831346
   39      C       3.8706170958    -2.7768579976    -1.7567846109
   40      C       6.1943313358    -2.8791241519     1.4635919426
   41      C       5.0040744818     1.6828830820     1.4452074993
   42      C       4.9974972544     2.9074795013     0.7752327376
   43      C       4.9840147562     2.9775036472    -0.6114985780
   44      C       4.9790761275     1.8271695775    -1.4026728989
   45      H       3.6341861860    -2.6393983743    -2.8128032861
   46      H       6.3893308052    -2.8058050464     2.5345520409
   47      H       4.9735305318     3.9483613054    -1.0952486831
   48      H       4.8081007854    -3.3292759177    -1.6694859781
   49      H       3.0651825585    -3.3014838862    -1.2476938881
   50      H       7.0355989167    -3.3400709053     0.9510287491
   51      H       5.2811166045    -3.4558555985     1.3061566888
   52      H       5.0063823598     3.8241048553     1.3556110613
   53      C       4.9515494292     1.9562911487    -2.9066456118
   54      C       5.0309717388     1.6593830961     2.9561621483
   55      H       4.1033947462     1.2519472206     3.3627139657
   56      H       5.1673986930     2.6701548826     3.3447100539
   57      H       5.8444705274     1.0379467764     3.3396950799
   58      H       4.1423153024     1.3702294739    -3.3495094038
   59      H       5.8814097417     1.5965448206    -3.3509892200
   60      H       4.8091478816     3.0002181851    -3.1915775245
 ----------------------------------------------------------------
 Molecular Point Group                 C1    NOp =  1
 Largest Abelian Subgroup              C1    NOp =  1
 Nuclear Repulsion Energy =  2989.1429570882 hartrees
 There are      118 alpha and      118 beta electrons
 Requested basis set is 6-311++G(d,p)
 There are 332 shells and 900 basis functions

 Total QAlloc Memory Limit   4000 MB
 Mega-Array Size       392 MB
 MEM_STATIC part       400 MB
 A cutoff of  1.0D-12 yielded  30984 shell pairs
 There are    225691 function pairs (    239578 Cartesian)
 
 -------------------------------------------------------
 OpenMP Integral Computing Module                       
 Release: version 1.0, May 2013, Q-Chem Inc. Pittsburgh 
 -------------------------------------------------------
 Integral Job Info:
 Integral job number is                      11
 Integral operator is                         1
 short-range coefficients                     0
 long-range coefficients              100000000
 Omega coefficients                           0
 if combine SR and LR in K                    0
 Integral screening is                        0
 Integral computing path is                   2
 max size of driver memory is            800000
 size of driver memory is                593474
 size of scratch memory is              2361544
 max col of scratch BK array               1296
 max len of scratch array in speh3          155
 max len of scratch index in speh4           18
 max int batch size is                      520
 min int batch size is                       52
 fixed nKL is                                52
 max L of basis functions is                  2
 order of int derivative is                   0
 number of shells is                        332
 number of basis is                         932
 number of cartesian basis is               932
 number of contracted shell pairs         30984
 number of primitive shell pairs          66916
 maxK2 (contraction) of shell pair           36
 max number of K2 of shell pair               1
 max number of CS2 of shell pair           6415
 max number of PS2 of shell pair          10200
 mem total for path MDJ                  406374
 -------------------------------------------------------
 Smallest overlap matrix eigenvalue = 3.10E-08
 Linear dependence detected in AO basis
 Number of orthogonalized atomic orbitals = 894
 Maximum deviation from orthogonality = 8.742E-10

 Scale SEOQF with 1.000000e-02/1.000000e-01/1.000000e-01

 Standard Electronic Orientation quadrupole field applied
 Nucleus-field energy     =     0.0000000018 hartrees
 Guess from superposition of atomic densities
 Warning:  Energy on first SCF cycle will be non-variational
 A restricted hybrid HF-DFT SCF calculation will be
 performed using Pulay DIIS extrapolation
 Exchange:     0.2000 Hartree-Fock + 0.0800 Slater + 0.7200 B88
 Correlation:  0.1900 VWN1RPA + 0.8100 LYP
 Using SG-1 standard quadrature grid
 Dispersion:   Grimme D3
 SCF converges when DIIS error is below 1.0E-08
 using 2 threads for integral computing
 -------------------------------------------------------
 OpenMP Integral computing Module                
 Release: version 1.0, May 2013, Q-Chem Inc. Pittsburgh 
 -------------------------------------------------------
 -------------------------------------------------------
 OpenMP BLAS3 based DFT computing Module                
 Release: version 1.0, May 2013, Q-Chem Inc. Pittsburgh 
 -------------------------------------------------------
 ---------------------------------------
  Cycle       Energy         DIIS Error
 ---------------------------------------
    1   -1540.3818914526      2.15E-02
    2   -1533.0982525206      2.77E-03
    3   -1532.0581398054      4.70E-03
    4   -1533.6324937814      1.19E-03
    5   -1533.7472084919      2.65E-04
    6   -1533.7513959221      1.20E-04
    7   -1533.7524478152      1.99E-05
    8   -1533.7524750513      7.48E-06
    9   -1533.7524796512      2.12E-06
   10   -1533.7524799177      1.12E-06
   11   -1533.7524800185      2.77E-07
   12   -1533.7524800241      1.07E-07
   13   -1533.7524800248      3.88E-08
   14   -1533.7524800247      7.61E-09 Convergence criterion met
 ---------------------------------------
 SCF time:  CPU 2882.55 s  wall 1449.77 s
 SCF   energy in the final basis set = -1533.75248002
 Total energy in the final basis set = -1533.75248002
 
 --------------------------------------------------------------
 
                    Orbital Energies (a.u.)
 --------------------------------------------------------------
 
 Alpha MOs
 -- Occupied --
-19.176 -19.175 -19.175 -19.175 -19.119 -19.118 -19.118 -19.118
-10.310 -10.310 -10.310 -10.310 -10.232 -10.231 -10.231 -10.231
-10.204 -10.204 -10.204 -10.204 -10.200 -10.200 -10.200 -10.200
-10.186 -10.186 -10.185 -10.185 -10.170 -10.169 -10.169 -10.169
 -1.120  -1.120  -1.114  -1.113  -1.030  -1.030  -1.030  -1.029
 -0.884  -0.884  -0.806  -0.806  -0.795  -0.795  -0.746  -0.746
 -0.733  -0.733  -0.724  -0.724  -0.674  -0.674  -0.648  -0.648
 -0.620  -0.619  -0.576  -0.576  -0.564  -0.564  -0.536  -0.536
 -0.516  -0.516  -0.514  -0.514  -0.490  -0.490  -0.488  -0.488
 -0.479  -0.479  -0.477  -0.477  -0.468  -0.468  -0.442  -0.441
 -0.433  -0.433  -0.429  -0.429  -0.420  -0.419  -0.415  -0.415
 -0.411  -0.410  -0.405  -0.405  -0.395  -0.395  -0.386  -0.386
 -0.379  -0.379  -0.372  -0.372  -0.361  -0.361  -0.358  -0.358
 -0.356  -0.356  -0.320  -0.320  -0.312  -0.312  -0.293  -0.292
 -0.292  -0.291  -0.265  -0.265  -0.252  -0.252
 -- Virtual --
 -0.057  -0.057  -0.033  -0.033  -0.013  -0.009  -0.005  -0.003
  0.001   0.003   0.011   0.012   0.012   0.014   0.014   0.017
  0.023   0.023   0.024   0.029   0.031   0.034   0.035   0.036
  0.037   0.039   0.042   0.045   0.047   0.048   0.053   0.055
  0.056   0.057   0.058   0.062   0.069   0.069   0.074   0.074
  0.075   0.079   0.081   0.083   0.089   0.090   0.091   0.095
  0.095   0.097   0.102   0.104   0.107   0.108   0.109   0.110
  0.113   0.113   0.113   0.113   0.116   0.118   0.119   0.121
  0.123   0.124   0.126   0.129   0.134   0.134   0.135   0.137
  0.138   0.139   0.141   0.142   0.143   0.144   0.144   0.147
  0.147   0.149   0.150   0.152   0.154   0.156   0.156   0.159
  0.162   0.163   0.163   0.165   0.168   0.169   0.171   0.172
  0.176   0.178   0.179   0.180   0.181   0.184   0.185   0.187
  0.188   0.192   0.196   0.199   0.199   0.200   0.202   0.203
  0.204   0.205   0.206   0.212   0.214   0.217   0.218   0.222
  0.222   0.223   0.224   0.227   0.231   0.232   0.243   0.243
  0.244   0.246   0.247   0.248   0.250   0.250   0.255   0.257
  0.258   0.259   0.262   0.265   0.265   0.266   0.270   0.273
  0.278   0.279   0.280   0.283   0.288   0.291   0.294   0.298
  0.299   0.300   0.305   0.305   0.306   0.307   0.308   0.312
  0.317   0.319   0.321   0.322   0.324   0.325   0.328   0.328
  0.329   0.332   0.332   0.334   0.341   0.347   0.349   0.353
  0.355   0.356   0.359   0.361   0.361   0.367   0.369   0.369
  0.370   0.371   0.376   0.380   0.380   0.387   0.394   0.395
  0.399   0.402   0.403   0.404   0.407   0.409   0.412   0.415
  0.419   0.422   0.426   0.427   0.428   0.429   0.439   0.443
  0.466   0.469   0.469   0.470   0.482   0.484   0.495   0.498
  0.500   0.504   0.507   0.508   0.509   0.511   0.523   0.529
  0.532   0.533   0.542   0.542   0.549   0.552   0.556   0.556
  0.564   0.566   0.574   0.574   0.576   0.576   0.583   0.584
  0.587   0.589   0.596   0.597   0.597   0.607   0.614   0.614
  0.622   0.622   0.629   0.631   0.636   0.639   0.641   0.642
  0.644   0.645   0.656   0.656   0.658   0.659   0.661   0.667
  0.673   0.674   0.676   0.677   0.677   0.678   0.682   0.682
  0.685   0.685   0.689   0.690   0.693   0.694   0.699   0.705
  0.710   0.711   0.721   0.722   0.727   0.727   0.729   0.732
  0.742   0.744   0.755   0.757   0.757   0.759   0.763   0.764
  0.774   0.776   0.786   0.787   0.793   0.794   0.807   0.808
  0.818   0.818   0.831   0.832   0.851   0.852   0.861   0.865
  0.866   0.869   0.882   0.883   0.894   0.899   0.926   0.928
  0.943   0.946   0.955   0.956   0.964   0.965   0.974   0.974
  0.977   0.978   0.996   0.996   1.016   1.017   1.021   1.022
  1.051   1.056   1.059   1.060   1.062   1.062   1.074   1.076
  1.090   1.091   1.094   1.095   1.101   1.103   1.131   1.132
  1.135   1.136   1.158   1.160   1.185   1.189   1.202   1.203
  1.207   1.212   1.214   1.219   1.222   1.225   1.237   1.238
  1.259   1.259   1.278   1.279   1.292   1.293   1.296   1.297
  1.320   1.320   1.328   1.330   1.346   1.346   1.368   1.369
  1.373   1.373   1.383   1.383   1.388   1.389   1.394   1.394
  1.416   1.417   1.421   1.422   1.446   1.446   1.450   1.450
  1.467   1.468   1.468   1.469   1.475   1.476   1.484   1.484
  1.505   1.507   1.516   1.517   1.522   1.523   1.537   1.537
  1.540   1.542   1.551   1.552   1.555   1.556   1.573   1.573
  1.576   1.579   1.591   1.591   1.593   1.593   1.597   1.598
  1.606   1.606   1.615   1.615   1.622   1.623   1.633   1.634
  1.643   1.644   1.651   1.651   1.674   1.674   1.691   1.691
  1.702   1.703   1.710   1.711   1.715   1.718   1.720   1.721
  1.729   1.731   1.742   1.743   1.764   1.765   1.771   1.772
  1.774   1.774   1.790   1.791   1.797   1.798   1.801   1.802
  1.828   1.829   1.830   1.830   1.833   1.834   1.874   1.875
  1.878   1.879   1.887   1.887   1.894   1.896   1.907   1.908
  1.945   1.945   1.950   1.951   1.982   1.983   1.994   1.994
  2.006   2.006   2.011   2.011   2.036   2.038   2.050   2.050
  2.084   2.084   2.090   2.091   2.102   2.102   2.116   2.117
  2.123   2.124   2.129   2.129   2.144   2.145   2.165   2.165
  2.175   2.175   2.192   2.193   2.203   2.203   2.237   2.237
  2.271   2.271   2.299   2.300   2.324   2.325   2.328   2.328
  2.330   2.331   2.407   2.408   2.414   2.416   2.449   2.450
  2.454   2.456   2.481   2.481   2.483   2.485   2.492   2.492
  2.504   2.505   2.506   2.507   2.523   2.524   2.530   2.533
  2.561   2.562   2.563   2.564   2.572   2.573   2.583   2.584
  2.592   2.593   2.595   2.596   2.606   2.607   2.611   2.612
  2.628   2.628   2.651   2.651   2.657   2.658   2.672   2.674
  2.685   2.689   2.700   2.700   2.723   2.723   2.729   2.729
  2.758   2.759   2.768   2.768   2.783   2.785   2.797   2.797
  2.807   2.807   2.834   2.835   2.840   2.842   2.858   2.861
  2.868   2.870   2.888   2.888   2.890   2.890   2.905   2.905
  2.916   2.917   2.936   2.936   2.948   2.948   2.971   2.972
  3.003   3.003   3.028   3.029   3.032   3.033   3.045   3.045
  3.057   3.058   3.074   3.074   3.102   3.102   3.113   3.113
  3.137   3.137   3.180   3.180   3.199   3.201   3.215   3.216
  3.230   3.230   3.232   3.233   3.259   3.259   3.268   3.268
  3.286   3.287   3.322   3.323   3.383   3.384   3.385   3.385
  3.442   3.442   3.445   3.445   3.521   3.521   3.584   3.585
  3.598   3.600   3.620   3.620   3.672   3.673   3.709   3.710
  3.766   3.766   3.779   3.779   3.782   3.782   3.795   3.796
  3.797   3.798   3.823   3.824   3.853   3.854   3.857   3.858
  3.894   3.894   3.943   3.943   4.038   4.038   4.066   4.066
  4.076   4.076   4.122   4.124   4.148   4.150   4.235   4.235
  4.324   4.325   4.335   4.335   4.389   4.389   4.865   4.865
  5.040   5.044   5.107   5.110   5.154   5.155   5.190   5.198
  5.250   5.252   5.258   5.260   5.392   5.393   5.419   5.420
  5.615   5.615   5.627   5.627   5.857   5.858   5.886   5.889
 23.543  23.544  23.850  23.851  23.859  23.860  23.909  23.910
 23.931  23.931  23.932  23.933  23.943  23.943  23.952  23.953
 24.000  24.000  24.060  24.060  24.068  24.068  24.168  24.168
 49.884  49.884  49.915  49.915  50.013  50.013  50.032  50.032
 --------------------------------------------------------------
 
          Ground-State Mulliken Net Atomic Charges

     Atom                 Charge (a.u.)
  ----------------------------------------
      1 C                     0.381708
      2 C                     0.384315
      3 C                    -0.514825
      4 C                    -0.446629
      5 O                     0.062975
      6 O                    -0.169597
      7 O                     0.045324
      8 O                    -0.176814
      9 C                    -0.226504
     10 C                    -0.224887
     11 C                     0.479251
     12 C                    -0.666568
     13 C                    -0.667784
     14 C                     0.459128
     15 H                     0.170406
     16 H                     0.171537
     17 H                     0.123279
     18 H                     0.176685
     19 H                     0.169727
     20 H                     0.163402
     21 H                     0.176047
     22 H                     0.124211
     23 C                    -0.520128
     24 C                    -0.514687
     25 H                     0.203326
     26 H                     0.142579
     27 H                     0.176521
     28 H                     0.175190
     29 H                     0.201373
     30 H                     0.141452
     31 C                     0.385800
     32 C                     0.380977
     33 C                    -0.502516
     34 C                    -0.461239
     35 O                     0.061369
     36 O                    -0.169612
     37 O                     0.046775
     38 O                    -0.176637
     39 C                    -0.222907
     40 C                    -0.228341
     41 C                     0.482785
     42 C                    -0.669252
     43 C                    -0.665582
     44 C                     0.457628
     45 H                     0.172243
     46 H                     0.169878
     47 H                     0.124228
     48 H                     0.176480
     49 H                     0.164327
     50 H                     0.167987
     51 H                     0.176300
     52 H                     0.123291
     53 C                    -0.521469
     54 C                    -0.512924
     55 H                     0.202220
     56 H                     0.143491
     57 H                     0.175229
     58 H                     0.176447
     59 H                     0.202316
     60 H                     0.140698
  ----------------------------------------
  Sum of atomic charges =     0.000000

 -----------------------------------------------------------------
                    Cartesian Multipole Moments
 -----------------------------------------------------------------
    Charge (ESU x 10^10)
                 0.0000
    Dipole Moment (Debye)
         X       0.1601      Y      -0.1457      Z       0.1937
       Tot       0.2905
    Quadrupole Moments (Debye-Ang)
        XX    -196.1024     XY      -1.2902     YY    -152.4923
        XZ      18.0032     YZ       1.7247     ZZ    -194.3534
    Octopole Moments (Debye-Ang^2)
       XXX      12.9959    XXY     -44.9159    XYY       3.6320
       YYY     -88.6999    XXZ       2.5197    XYZ     -32.9685
       YYZ      -5.5214    XZZ      -2.3311    YZZ      16.9628
       ZZZ       7.1721
    Hexadecapole Moments (Debye-Ang^3)
      XXXX  -30043.3051   XXXY    -101.0511   XXYY   -4675.5942
      XYYY      -6.9945   YYYY   -4075.6317   XXXZ    1380.5709
      XXYZ      44.3604   XYYZ      60.2154   YYYZ       8.7143
      XXZZ   -5650.7724   XYZZ      -2.2729   YYZZ   -1320.6708
      XZZZ     118.2554   YZZZ      10.6754   ZZZZ   -4026.2565
 -----------------------------------------------------------------
Archival summary:
1\1\vega03.cac.cornell.edu\SP\ProcedureUnspecified\BasisUnspecified\82428\jj585\MonApr202:04:032018MonApr202:04:032018\0\\#,ProcedureUnspecified,BasisUnspecified,\\0,1\O\C,1,1.3512\O,2,1.2069,1,123.501\C,1,1.43752,2,116.164,3,4.8931,0\H,4,1.08772,1,105.376,2,179.706,0\H,4,1.09086,1,110.507,2,-60.681,0\H,4,1.09163,1,110.367,2,60.0909,0\C,2,1.49626,1,110.928,3,178.057,0\C,8,1.40634,2,119.012,1,-130.615,0\C,9,1.39616,8,117.536,2,177.857,0\H,10,1.08475,9,118.991,8,-179.6,0\C,10,1.38856,9,121.629,8,0.183585,0\H,12,1.08495,10,119.453,9,179.671,0\C,12,1.3959,10,121.575,9,-0.129654,0\C,14,1.40604,12,117.481,10,0.160349,0\C,15,1.49803,14,118.266,12,177.84,0\O,16,1.20668,15,125.302,14,50.5403,0\O,16,1.35063,15,111.128,14,-126.75,0\C,18,1.43835,16,115.94,15,-178.519,0\H,19,1.08762,18,105.403,16,179.104,0\H,19,1.09103,18,110.475,16,-61.3232,0\H,19,1.0915,18,110.399,16,59.3962,0\C,9,1.50976,8,122.848,2,-1.37569,0\H,23,1.09144,9,110.135,8,171.975,0\H,23,1.09156,9,111.21,8,-67.4939,0\H,23,1.09291,9,111.796,8,51.7903,0\C,14,1.51138,12,119.574,10,179.468,0\H,27,1.09144,14,110.104,12,-7.00566,0\H,27,1.09164,14,111.284,12,113.49,0\H,27,1.09319,14,111.89,12,-127.081,0\H,5,6.45405,4,149.591,1,49.3479,0\C,31,1.08762,5,152.553,4,-40.8641,0\H,32,1.09103,31,110.661,5,-72.4067,0\H,32,1.0915,31,110.808,5,166.479,0\O,32,1.43835,31,105.403,5,47.0429,0\C,35,1.35063,32,115.94,31,179.104,0\O,36,1.20668,35,123.512,32,4.13325,0\C,36,1.49803,35,111.128,32,-178.519,0\C,38,1.40604,36,118.266,35,-126.75,0\C,39,1.3959,38,117.481,36,177.84,0\H,40,1.08495,39,118.972,38,-179.641,0\C,40,1.38856,39,121.575,38,0.160349,0\H,42,1.08475,40,119.38,39,179.653,0\C,42,1.39616,40,121.629,39,-0.129654,0\C,44,1.40634,42,117.536,40,0.183585,0\C,45,1.49626,44,119.012,42,177.857,0\O,46,1.2069,45,125.54,44,47.3939,0\O,46,1.3512,45,110.928,44,-130.615,0\C,48,1.43752,46,116.164,45,-177.05,0\H,49,1.08772,48,105.376,46,179.706,0\H,49,1.09086,48,110.507,46,-60.681,0\H,49,1.09163,48,110.367,46,60.0909,0\C,44,1.50976,42,119.611,40,179.442,0\H,53,1.09144,44,110.135,42,-7.24194,0\H,53,1.09156,44,111.21,42,113.289,0\H,53,1.09291,44,111.796,42,-127.427,0\C,39,1.51138,38,122.941,36,-1.44272,0\H,57,1.09144,39,110.104,38,172.262,0\H,57,1.09164,39,111.284,38,-67.2422,0\H,57,1.09319,39,111.89,38,52.1865,0\\\@

 Total job time:  1452.13s(wall), 2885.46s(cpu) 
 Mon Apr  2 02:04:03 2018

        *************************************************************
        *                                                           *
        *  Thank you very much for using Q-Chem.  Have a nice day.  *
        *                                                           *
        *************************************************************


0 sent ACK to 0 
now end server 0 ... 
