mFile = /opt/software/qchem/qchem-5.0.1//bin/mpi/machines
Process 0 of 1 is on vega01.cac.cornell.edu - thread support 0
initial socket setup ...start
initial socket setup ...done 
now start server 0 ... 
localhost 127.0.0
Q-Chem Developer Version! Running on 127.0.0.*
                  Welcome to Q-Chem
     A Quantum Leap Into The Future Of Chemistry


 Q-Chem 5.0, Q-Chem, Inc., Pleasanton, CA (2017)

 Yihan Shao,  Zhengting Gan,  E. Epifanovsky,  A. T. B. Gilbert,  M. Wormit,  
 J. Kussmann,  A. W. Lange,  A. Behn,  Jia Deng,  Xintian Feng,  D. Ghosh,  
 M. Goldey,  P. R. Horn,  L. D. Jacobson,  I. Kaliman,  T. Kus,  A. Landau,  
 Jie Liu,  E. I. Proynov,  R. M. Richard,  R. P. Steele,  E. J. Sundstrom,  
 H. L. Woodcock III,  P. M. Zimmerman,  D. Zuev,  B. Albrecht,  E. Alguire,  
 S. A. Baeppler,  Z. Benda,  Y. A. Bernard,  E. J. Berquist,  K. B. Bravaya,  
 D. Casanova,  Chun-Min Chang,  Yunqing Chen,  A. Chien,  K. D. Closser,  
 M. P. Coons,  S. Dasgupta,  M. Diedenhofen,  Hainam Do,  R. G. Edgar,  
 Po-Tung Fang,  S. Fatehi,  Qingguo Feng,  Qinghui Ge,  A. Ghysels,  
 J. Gomes,  J. Gonthier,  A. Gunina,  M. W. D. Hanson-Heine,  
 P. H. P. Harbach,  A. W. Hauser,  J. E. Herr,  E. G. Hohenstein,  
 Z. C. Holden,  Kerwin Hui,  T.-C. Jagau,  Hyunjun Ji,  B. Kaduk,  
 K. Khistyaev,  Jaehoon Kim,  P. Klunzinger,  K. Koh,  D. Kosenkov,  
 T. Kowalczyk,  C. M. Krauter,  A. Kunitsa,  Ka Un Lao,  A. Laurent,  
 K. V. Lawler,  Joonho Lee,  D. Lefrancois,  S. Lehtola,  D. S. Levine,  
 Yi-Pei Li,  You-Sheng Lin,  Fenglai Liu,  E. Livshits,  A. Luenser,  
 P. Manohar,  E. Mansoor,  S. F. Manzer,  Shan-Ping Mao,  Yuezhi Mao,  
 N. Mardirossian,  A. V. Marenich,  L. A. Martinez-Martinez,  S. A. Maurer,  
 N. J. Mayhall,  S. C. McKenzie,  J.-M. Mewes,  A. F. Morrison,  K. Nanda,  
 T. S. Nguyen-Beck,  R. Olivares-Amaya,  J. A. Parkhill,  T. M. Perrine,  
 F. Plasser,  S. Prager,  A. Prociuk,  D. R. Rehn,  F. Rob,  M. Schneider,  
 N. Sergueev,  S. M. Sharada,  S. Sharma,  D. W. Small,  T. Stauch,  
 T. Stein,  Yu-Chuan Su,  A. J. W. Thom,  T. Tsuchimochi,  L. Vogt,  
 O. Vydrov,  M. A. Watson,  J. Wenzel,  M. de Wergifosse,  T. A. Wesolowski,  
 A. White,  J. Witte,  A. Yamada,  Jun Yang,  K. Yao,  S. Yeganeh,  
 S. R. Yost,  Zhi-Qiang You,  A. Zech,  Igor Ying Zhang,  Xing Zhang,  
 Yan Zhao,  Ying Zhu,  B. R. Brooks,  G. K. L. Chan,  C. J. Cramer,  
 M. S. Gordon,  W. J. Hehre,  A. Klamt,  M. W. Schmidt,  C. D. Sherrill,  
 D. G. Truhlar,  A. Aspuru-Guzik,  R. Baer,  A. T. Bell,  N. A. Besley,  
 Jeng-Da Chai,  A. Dreuw,  B. D. Dunietz,  T. R. Furlani,  Chao-Ping Hsu,  
 Yousung Jung,  Jing Kong,  D. S. Lambrecht,  WanZhen Liang,  C. Ochsenfeld,  
 V. A. Rassolov,  L. V. Slipchenko,  J. E. Subotnik,  T. Van Voorhis,  
 J. M. Herbert,  A. I. Krylov,  P. M. W. Gill,  M. Head-Gordon

 Contributors to earlier versions of Q-Chem not listed above: 
 R. D. Adamson,  B. Austin,  J. Baker,  G. J. O. Beran,  K. Brandhorst,  
 S. T. Brown,  E. F. C. Byrd,  A. K. Chakraborty,  C.-L. Cheng,  
 Siu Hung Chien,  D. M. Chipman,  D. L. Crittenden,  H. Dachsel,  
 R. A. DiStasio Jr.,  R. J. Doerksen,  A. D. Dutoi,  L. Fusti-Molnar,  
 W. A. Goddard III,  A. Golubeva-Zadorozhnaya,  S. R. Gwaltney,  G. Hawkins,  
 A. Heyden,  S. Hirata,  G. Kedziora,  F. J. Keil,  C. Kelley,  Jihan Kim,  
 R. A. King,  R. Z. Khaliullin,  P. P. Korambath,  W. Kurlancheek,  
 A. M. Lee,  M. S. Lee,  S. V. Levchenko,  Ching Yeh Lin,  D. Liotard,  
 R. C. Lochan,  I. Lotan,  P. E. Maslen,  N. Nair,  D. P. O'Neill,  
 D. Neuhauser,  E. Neuscamman,  C. M. Oana,  R. Olson,  B. Peters,  
 R. Peverati,  P. A. Pieniazek,  Y. M. Rhee,  J. Ritchie,  M. A. Rohrdanz,  
 E. Rosta,  N. J. Russ,  H. F. Schaefer III,  N. E. Schultz,  N. Shenvi,  
 A. C. Simmonett,  A. Sodt,  D. Stuck,  K. S. Thanthiriwatte,  V. Vanovschi,  
 Tao Wang,  A. Warshel,  C. F. Williams,  Q. Wu,  X. Xu,  W. Zhang

 Please cite Q-Chem as follows:
 Y. Shao et al., Mol. Phys. 113, 184-215 (2015)
 DOI: 10.1080/00268976.2014.952696

 Q-Chem 5.0.1 for Intel X86 EM64T Linux

 Parts of Q-Chem use Armadillo 5.200.1 (Boston Tea Smuggler).
 http://arma.sourceforge.net/

 Q-Chem begins on Mon Apr 16 01:59:51 2018  

Host: vega01.cac.cornell.edu
0

     Scratch files written to /scratch/jj585/vdw/1001_distance_5.400_11.save//
 Parallel job on  1  processors

Checking the input file for inconsistencies... 	...done.

--------------------------------------------------------------
User input:
--------------------------------------------------------------
$molecule
0  1
--
0  1
C        +0.22270000        +1.04488000        +0.58595000
C        +0.62626000        -0.41353000        +0.99871000
C        -1.18200000        +1.23223000        +0.04377000
C        -0.37457000        -1.51643000        +0.72333000
O        -2.09172000        +0.78832000        +0.93966000
O        -1.47336000        +1.75939000        -0.99882000
O        -0.91364000        -1.42792000        -0.50620000
O        -0.62208000        -2.40877000        +1.49911000
C        -1.86134000        -2.44741000        -0.86560000
C        -3.47068000        +0.87492000        +0.53920000
C        +1.33008000        +1.39974000        -0.43491000
C        +2.63070000        +1.71700000        +0.32855000
C        +3.04336000        +0.29351000        +0.80300000
C        +1.94423000        -0.59299000        +0.15262000
O        +1.62840000        +0.13663000        -1.04376000
H        +0.27811000        +1.68786000        +1.46900000
H        +0.83923000        -0.48042000        +2.06408000
H        -2.68749000        -2.46677000        -0.15296000
H        -3.76076000        +1.91522000        +0.38406000
H        +3.37234000        +2.13782000        -0.35195000
H        +2.48236000        +2.42488000        +1.14651000
H        +4.02182000        +0.00994000        +0.41161000
H        +3.07359000        +0.18738000        +1.88928000
H        -2.21148000        -2.17765000        -1.85937000
H        -1.38062000        -3.42697000        -0.88096000
H        -4.03855000        +0.43623000        +1.35671000
H        -3.63120000        +0.31700000        -0.38495000
H        +1.03270000        +2.19943000        -1.08064000
H        +2.24339000        -1.61496000        +0.04786000
--
0  1
C        +0.25087000        +2.64053000        +5.74474000
C        +0.65443000        +1.18212000        +6.15750000
C        -1.15383000        +2.82788000        +5.20256000
C        -0.34640000        +0.07922000        +5.88212000
O        -2.06355000        +2.38397000        +6.09845000
O        -1.44519000        +3.35504000        +4.15997000
O        -0.88547000        +0.16773000        +4.65259000
O        -0.59391000        -0.81312000        +6.65790000
C        -1.83317000        -0.85176000        +4.29319000
C        -3.44251000        +2.47057000        +5.69799000
C        +1.35825000        +2.99539000        +4.72388000
C        +2.65887000        +3.31265000        +5.48734000
C        +3.07153000        +1.88916000        +5.96179000
C        +1.97240000        +1.00266000        +5.31141000
O        +1.65657000        +1.73228000        +4.11503000
H        +0.30628000        +3.28351000        +6.62779000
H        +0.86740000        +1.11523000        +7.22287000
H        -2.65932000        -0.87112000        +5.00583000
H        -3.73259000        +3.51087000        +5.54285000
H        +3.40051000        +3.73347000        +4.80684000
H        +2.51053000        +4.02053000        +6.30530000
H        +4.04999000        +1.60559000        +5.57040000
H        +3.10176000        +1.78303000        +7.04807000
H        -2.18331000        -0.58200000        +3.29942000
H        -1.35245000        -1.83132000        +4.27783000
H        -4.01038000        +2.03188000        +6.51550000
H        -3.60303000        +1.91265000        +4.77384000
H        +1.06087000        +3.79508000        +4.07815000
H        +2.27156000        -0.01931000        +5.20665000
$end

$rem
JOBTYPE                   SP
METHOD                    B3LYP
DFT_D                     d3_op
BASIS                     6-311++G(d,p)
SYMMETRY                  False
THRESH                    12
SCF_CONVERGENCE           8
MAX_SUB_FILE_NUM          128
MEM_STATIC                400
MEM_TOTAL                 4000
$end
--------------------------------------------------------------
 Adding empirical dispersion correction 
 ----------------------------------------------------------------
 Doing -D3(op) with
 s6 =   1.00000
 s8 =   0.78311
 a1 =   0.30000
 a2 =   4.25000
 n  =  10.00000
 -D3 energy without 3body term =     -0.0717847013 hartrees
 ----------------------------------------------------------------
             Standard Nuclear Orientation (Angstroms)
    I     Atom           X                Y                Z
 ----------------------------------------------------------------
    1      C      -1.9322150041     0.6185570498     0.8662836013
    2      C      -2.0282364180     0.7035959224    -0.6969628596
    3      C      -2.4617159306    -0.6491004547     1.5104221617
    4      C      -2.7317917970    -0.4303235955    -1.4132865287
    5      O      -1.8346727326    -1.7310851967     0.9972055362
    6      O      -3.2718243140    -0.7056784642     2.3994134773
    7      O      -3.8847803295    -0.7810948105    -0.8151632097
    8      O      -2.3318550421    -0.9288600933    -2.4384101488
    9      C      -4.6346145221    -1.8376454517    -1.4381503171
   10      C      -2.2650377348    -3.0096732994     1.4966020536
   11      C      -2.6948329730     1.8941168486     1.2972502551
   12      C      -1.7892887832     3.1197116994     1.0669364574
   13      C      -1.8148870987     3.2117208078    -0.4863162292
   14      C      -2.8001001215     2.0684788368    -0.8595671457
   15      O      -3.6851787307     2.0434346724     0.2715507452
   16      H      -0.8790341985     0.6703208290     1.1568030548
   17      H      -1.0416022094     0.7612331864    -1.1531148234
   18      H      -4.0261238867    -2.7399685438    -1.5175643333
   19      H      -2.0663820701    -3.0906040371     2.5663800954
   20      H      -2.2333344762     4.0056152657     1.5232235442
   21      H      -0.7871112207     2.9924415060     1.4811825711
   22      H      -2.2187374147     4.1679269938    -0.8232979808
   23      H      -0.8337192177     3.0814283220    -0.9473098578
   24      H      -5.4922442581    -2.0029703395    -0.7900097402
   25      H      -4.9597730991    -1.5378651468    -2.4357820679
   26      H      -1.6882167738    -3.7469242997     0.9425385242
   27      H      -3.3336252644    -3.1437947175     1.3198911142
   28      H      -3.0392642345     1.8277478174     2.3081253469
   29      H      -3.2349477631     2.1952678684    -1.8289618611
   30      C       3.4505381113     0.2545182121     0.6350881016
   31      C       3.3545166974     0.3395570848    -0.9281583593
   32      C       2.9210371848    -1.0131392924     1.2792266621
   33      C       2.6509613183    -0.7943624331    -1.6444820283
   34      O       3.5480803827    -2.0951240343     0.7660100366
   35      O       2.1109288014    -1.0697173019     2.1682179777
   36      O       1.4979727859    -1.1451336481    -1.0463587094
   37      O       3.0508980733    -1.2928989310    -2.6696056484
   38      C       0.7481385933    -2.2016842894    -1.6693458168
   39      C       3.1177153806    -3.3737121371     1.2654065540
   40      C       2.6879201423     1.5300780109     1.0660547555
   41      C       3.5934643322     2.7556728617     0.8357409577
   42      C       3.5678660166     2.8476819702    -0.7175117289
   43      C       2.5826529938     1.7044399991    -1.0907626454
   44      O       1.6975743847     1.6793958348     0.0403552455
   45      H       4.5037189169     0.3062819913     0.9256075551
   46      H       4.3411509060     0.3971943487    -1.3843103231
   47      H       1.3566292287    -3.1040073814    -1.7487598330
   48      H       3.3163710453    -3.4546428748     2.3351845957
   49      H       3.1494186392     3.6415764281     1.2920280445
   50      H       4.5956418947     2.6284026683     1.2499870714
   51      H       3.1640157007     3.8038881561    -1.0544934804
   52      H       4.5490338977     2.7173894843    -1.1785053574
   53      H      -0.1094911428    -2.3670091771    -1.0212052399
   54      H       0.4229800163    -1.9019039845    -2.6669775676
   55      H       3.6945363416    -4.1109631374     0.7113430245
   56      H       2.0491278510    -3.5078335552     1.0886956145
   57      H       2.3434888808     1.4637089797     2.0769298473
   58      H       2.1478053522     1.8312290308    -2.0601573608
 ----------------------------------------------------------------
 Molecular Point Group                 C1    NOp =  1
 Largest Abelian Subgroup              C1    NOp =  1
 Nuclear Repulsion Energy =  3380.8764932595 hartrees
 There are      114 alpha and      114 beta electrons
 Requested basis set is 6-311++G(d,p)
 There are 320 shells and 856 basis functions

 Total QAlloc Memory Limit   4000 MB
 Mega-Array Size       392 MB
 MEM_STATIC part       400 MB
 A cutoff of  1.0D-12 yielded  36634 shell pairs
 There are    259534 function pairs (    275142 Cartesian)
 Smallest overlap matrix eigenvalue = 6.31E-07
 Linear dependence detected in AO basis
 Number of orthogonalized atomic orbitals = 854
 Maximum deviation from orthogonality = 1.633E-10

 Scale SEOQF with 1.000000e-02/1.000000e-01/1.000000e-01

 Standard Electronic Orientation quadrupole field applied
 Nucleus-field energy     =     0.0000000202 hartrees
 Guess from superposition of atomic densities
 Warning:  Energy on first SCF cycle will be non-variational
 A restricted hybrid HF-DFT SCF calculation will be
 performed using Pulay DIIS extrapolation
 Exchange:     0.2000 Hartree-Fock + 0.0800 Slater + 0.7200 B88
 Correlation:  0.1900 VWN1RPA + 0.8100 LYP
 Using SG-1 standard quadrature grid
 Dispersion:   Grimme D3
 SCF converges when DIIS error is below 1.0E-08
 ---------------------------------------
  Cycle       Energy         DIIS Error
 ---------------------------------------
    1   -1537.8710789852      2.18E-02
    2   -1531.1604991587      2.78E-03
    3   -1530.2004482517      4.74E-03
    4   -1531.6501825312      1.04E-03
    5   -1531.7229300995      3.10E-04
    6   -1531.7287102528      9.61E-05
    7   -1531.7292812602      3.29E-05
    8   -1531.7293470804      1.15E-05
    9   -1531.7293565296      3.42E-06
   10   -1531.7293573304      1.16E-06
   11   -1531.7293571660      2.46E-07
   12   -1531.7293572386      1.20E-07
   13   -1531.7293571927      3.15E-08
   14   -1531.7293571794      1.62E-08
   15   -1531.7293571841      5.23E-09 Convergence criterion met
 ---------------------------------------
 SCF time:  CPU 6912.32 s  wall 6928.71 s
 SCF   energy in the final basis set = -1531.72935718
 Total energy in the final basis set = -1531.72935718
 
 --------------------------------------------------------------
 
                    Orbital Energies (a.u.)
 --------------------------------------------------------------
 
 Alpha MOs
 -- Occupied --
-19.179 -19.172 -19.170 -19.170 -19.147 -19.127 -19.124 -19.116
-19.114 -19.112 -10.314 -10.306 -10.303 -10.302 -10.249 -10.239
-10.235 -10.234 -10.229 -10.228 -10.222 -10.220 -10.212 -10.210
-10.197 -10.194 -10.188 -10.187 -10.172 -10.169  -1.123  -1.116
 -1.113  -1.109  -1.075  -1.056  -1.035  -1.026  -1.025  -1.024
 -0.839  -0.823  -0.791  -0.783  -0.776  -0.769  -0.742  -0.735
 -0.727  -0.724  -0.662  -0.651  -0.615  -0.603  -0.603  -0.586
 -0.583  -0.574  -0.568  -0.562  -0.555  -0.545  -0.524  -0.512
 -0.509  -0.501  -0.500  -0.491  -0.488  -0.487  -0.482  -0.479
 -0.476  -0.474  -0.471  -0.467  -0.465  -0.453  -0.444  -0.432
 -0.429  -0.426  -0.422  -0.419  -0.418  -0.412  -0.400  -0.394
 -0.390  -0.377  -0.376  -0.375  -0.374  -0.371  -0.366  -0.364
 -0.360  -0.359  -0.355  -0.346  -0.343  -0.341  -0.328  -0.325
 -0.323  -0.316  -0.311  -0.309  -0.294  -0.288  -0.284  -0.281
 -0.277  -0.268
 -- Virtual --
 -0.024  -0.016  -0.013  -0.010  -0.006  -0.000   0.002   0.005
  0.007   0.011   0.013   0.016   0.018   0.019   0.024   0.030
  0.032   0.035   0.037   0.041   0.042   0.045   0.047   0.048
  0.051   0.054   0.057   0.066   0.067   0.069   0.070   0.073
  0.080   0.081   0.087   0.090   0.092   0.093   0.094   0.098
  0.100   0.101   0.104   0.105   0.107   0.109   0.110   0.111
  0.113   0.115   0.118   0.119   0.122   0.123   0.125   0.129
  0.130   0.131   0.133   0.135   0.137   0.138   0.141   0.142
  0.144   0.146   0.148   0.149   0.150   0.154   0.154   0.155
  0.158   0.159   0.161   0.162   0.165   0.166   0.168   0.170
  0.172   0.173   0.174   0.176   0.179   0.181   0.183   0.186
  0.188   0.188   0.190   0.191   0.196   0.198   0.198   0.199
  0.203   0.203   0.208   0.210   0.211   0.212   0.217   0.220
  0.220   0.225   0.226   0.227   0.230   0.231   0.233   0.239
  0.241   0.244   0.246   0.249   0.252   0.254   0.257   0.260
  0.264   0.264   0.268   0.268   0.272   0.273   0.278   0.279
  0.280   0.281   0.284   0.285   0.287   0.291   0.294   0.300
  0.300   0.303   0.303   0.307   0.311   0.311   0.319   0.321
  0.323   0.324   0.326   0.330   0.332   0.336   0.337   0.340
  0.343   0.344   0.346   0.348   0.352   0.353   0.356   0.358
  0.361   0.363   0.366   0.368   0.369   0.373   0.376   0.378
  0.381   0.383   0.385   0.388   0.391   0.392   0.395   0.399
  0.401   0.403   0.409   0.410   0.413   0.418   0.422   0.422
  0.425   0.432   0.438   0.440   0.444   0.445   0.448   0.454
  0.458   0.461   0.471   0.475   0.483   0.486   0.488   0.489
  0.497   0.500   0.507   0.508   0.518   0.523   0.523   0.528
  0.531   0.537   0.539   0.545   0.549   0.552   0.554   0.561
  0.567   0.568   0.575   0.582   0.583   0.586   0.591   0.595
  0.600   0.604   0.609   0.613   0.618   0.623   0.626   0.635
  0.638   0.643   0.645   0.651   0.656   0.662   0.665   0.668
  0.670   0.671   0.677   0.683   0.685   0.686   0.687   0.693
  0.696   0.697   0.703   0.710   0.711   0.715   0.716   0.722
  0.722   0.733   0.736   0.740   0.741   0.747   0.750   0.753
  0.755   0.760   0.764   0.766   0.770   0.774   0.776   0.783
  0.787   0.793   0.794   0.803   0.804   0.805   0.811   0.816
  0.819   0.824   0.831   0.837   0.844   0.846   0.856   0.858
  0.861   0.872   0.876   0.878   0.884   0.892   0.899   0.933
  0.957   0.963   0.966   0.971   0.983   0.997   1.007   1.013
  1.026   1.029   1.035   1.047   1.064   1.072   1.081   1.086
  1.095   1.101   1.114   1.126   1.133   1.141   1.147   1.153
  1.159   1.172   1.178   1.181   1.183   1.194   1.199   1.205
  1.208   1.215   1.220   1.228   1.232   1.235   1.248   1.253
  1.259   1.260   1.267   1.269   1.272   1.284   1.288   1.292
  1.294   1.303   1.311   1.318   1.323   1.328   1.332   1.337
  1.345   1.357   1.358   1.366   1.374   1.378   1.385   1.394
  1.398   1.405   1.411   1.413   1.420   1.433   1.437   1.445
  1.451   1.461   1.464   1.474   1.483   1.484   1.494   1.495
  1.503   1.508   1.517   1.517   1.534   1.538   1.542   1.542
  1.554   1.556   1.559   1.569   1.570   1.576   1.578   1.582
  1.586   1.591   1.594   1.597   1.610   1.612   1.623   1.626
  1.633   1.639   1.642   1.649   1.654   1.662   1.671   1.672
  1.675   1.682   1.688   1.692   1.694   1.700   1.703   1.708
  1.710   1.717   1.723   1.724   1.731   1.734   1.740   1.746
  1.750   1.752   1.763   1.768   1.777   1.786   1.791   1.800
  1.804   1.813   1.818   1.826   1.830   1.836   1.846   1.850
  1.853   1.858   1.870   1.874   1.881   1.885   1.897   1.900
  1.907   1.912   1.917   1.926   1.933   1.945   1.949   1.955
  1.957   1.968   1.976   1.982   1.988   1.998   2.005   2.017
  2.024   2.029   2.033   2.040   2.042   2.045   2.058   2.067
  2.071   2.092   2.101   2.108   2.118   2.124   2.126   2.134
  2.145   2.153   2.159   2.163   2.169   2.176   2.185   2.191
  2.192   2.201   2.205   2.215   2.220   2.227   2.236   2.240
  2.252   2.270   2.279   2.282   2.287   2.308   2.310   2.325
  2.348   2.362   2.388   2.411   2.433   2.441   2.448   2.459
  2.465   2.470   2.481   2.490   2.501   2.508   2.512   2.513
  2.523   2.529   2.532   2.533   2.538   2.545   2.561   2.566
  2.567   2.581   2.586   2.589   2.596   2.603   2.608   2.626
  2.629   2.636   2.641   2.656   2.672   2.685   2.692   2.705
  2.718   2.724   2.727   2.738   2.746   2.760   2.763   2.776
  2.780   2.787   2.793   2.806   2.813   2.820   2.830   2.842
  2.849   2.857   2.862   2.864   2.871   2.873   2.876   2.888
  2.891   2.893   2.901   2.906   2.912   2.919   2.928   2.929
  2.941   2.954   2.959   2.983   2.988   3.002   3.004   3.022
  3.032   3.034   3.046   3.054   3.058   3.061   3.064   3.073
  3.087   3.100   3.102   3.109   3.116   3.119   3.138   3.144
  3.153   3.155   3.164   3.176   3.187   3.189   3.196   3.209
  3.219   3.229   3.239   3.247   3.252   3.257   3.264   3.273
  3.278   3.286   3.313   3.336   3.342   3.352   3.358   3.367
  3.390   3.393   3.395   3.407   3.413   3.425   3.431   3.448
  3.590   3.600   3.603   3.608   3.652   3.672   3.693   3.722
  3.728   3.739   3.781   3.787   3.792   3.807   3.842   3.850
  3.874   3.892   3.921   3.928   3.936   3.951   4.036   4.040
  4.056   4.064   4.073   4.075   4.080   4.085   4.096   4.100
  4.129   4.146   4.148   4.158   4.163   4.170   4.178   4.191
  4.223   4.232   4.251   4.261   4.393   4.408   4.489   4.504
  5.067   5.073   5.127   5.134   5.166   5.174   5.201   5.219
  5.226   5.232   5.260   5.271   5.283   5.285   5.415   5.440
  5.443   5.466   5.515   5.544   5.616   5.626   5.648   5.651
  5.660   5.666   5.898   5.903   5.905   5.921  23.839  23.842
 23.855  23.858  23.860  23.878  23.890  23.904  23.904  23.928
 23.934  23.948  23.956  23.961  23.963  23.975  23.987  23.990
 24.058  24.088  49.911  49.930  49.945  49.957  49.984  49.988
 50.037  50.040  50.050  50.055
 --------------------------------------------------------------
 
          Ground-State Mulliken Net Atomic Charges

     Atom                 Charge (a.u.)
  ----------------------------------------
      1 C                    -0.060883
      2 C                     0.895699
      3 C                    -0.585585
      4 C                    -0.846068
      5 O                     0.031603
      6 O                    -0.179656
      7 O                     0.017965
      8 O                    -0.125529
      9 C                    -0.196045
     10 C                    -0.255817
     11 C                    -0.464300
     12 C                    -0.252127
     13 C                    -0.428105
     14 C                    -0.208138
     15 O                    -0.087661
     16 H                     0.230661
     17 H                     0.369994
     18 H                     0.185184
     19 H                     0.190451
     20 H                     0.201636
     21 H                     0.111999
     22 H                     0.194385
     23 H                     0.089819
     24 H                     0.174228
     25 H                     0.174565
     26 H                     0.127566
     27 H                     0.186583
     28 H                     0.279704
     29 H                     0.262262
     30 C                    -0.054513
     31 C                     0.274910
     32 C                    -0.453146
     33 C                    -0.534503
     34 O                     0.023795
     35 O                    -0.129585
     36 O                    -0.007361
     37 O                    -0.145730
     38 C                    -0.369107
     39 C                    -0.164119
     40 C                    -0.172294
     41 C                    -0.640246
     42 C                    -0.479108
     43 C                    -0.127016
     44 O                     0.169879
     45 H                     0.246511
     46 H                     0.289978
     47 H                     0.214791
     48 H                     0.169505
     49 H                     0.182290
     50 H                     0.137976
     51 H                     0.179184
     52 H                     0.132032
     53 H                     0.124884
     54 H                     0.220930
     55 H                     0.167604
     56 H                     0.181318
     57 H                     0.271145
     58 H                     0.255610
  ----------------------------------------
  Sum of atomic charges =     0.000000

 -----------------------------------------------------------------
                    Cartesian Multipole Moments
 -----------------------------------------------------------------
    Charge (ESU x 10^10)
                 0.0000
    Dipole Moment (Debye)
         X       3.2672      Y      -0.0501      Z       0.5840
       Tot       3.3194
    Quadrupole Moments (Debye-Ang)
        XX    -176.8320     XY      14.6377     YY    -154.0036
        XZ      17.4153     YZ      -7.0063     ZZ    -193.5807
    Octopole Moments (Debye-Ang^2)
       XXX      54.0789    XXY     -31.8280    XYY      -1.2803
       YYY     -87.8724    XXZ     -12.2405    XYZ     -21.4556
       YYZ      17.5827    XZZ     -11.0815    YZZ      25.9598
       ZZZ      21.9699
    Hexadecapole Moments (Debye-Ang^3)
      XXXX   -8689.8085   XXXY     358.8077   XXYY   -2026.7029
      XYYY     -46.9855   YYYY   -3971.3769   XXXZ     405.9682
      XXYZ     -58.9769   XYYZ      43.8881   YYYZ     -70.4364
      XXZZ   -1962.4685   XYZZ       9.1494   YYZZ   -1037.8542
      XZZZ     116.3376   YZZZ     -52.9738   ZZZZ   -2432.0589
 -----------------------------------------------------------------
Archival summary:
1\1\vega01.cac.cornell.edu\SP\ProcedureUnspecified\BasisUnspecified\102028\jj585\MonApr1603:55:222018MonApr1603:55:222018\0\\#,ProcedureUnspecified,BasisUnspecified,\\0,1\O\C,1,1.34543\O,2,1.20804,1,123.598\C,1,1.43759,2,116.484,3,1.88648,0\H,4,1.08763,1,105.353,2,177.393,0\H,4,1.09122,1,110.39,2,57.5626,0\H,4,1.09127,1,110.468,2,-63.158,0\C,2,1.51456,1,112.521,3,177.156,0\H,8,1.08851,2,105.218,1,169.467,0\C,8,1.5685,2,117.337,1,44.9607,0\H,10,1.09374,8,108.73,2,123.22,0\C,10,1.51731,8,116.554,2,4.55568,0\O,12,1.20407,10,125.979,8,-126.895,0\O,12,1.35176,10,110.223,8,56.6764,0\C,14,1.43854,12,116.158,10,-178.482,0\H,15,1.08777,14,105.482,12,177.492,0\H,15,1.09107,14,110.6,12,-62.8398,0\H,15,1.09137,14,110.239,12,57.9539,0\C,10,1.54738,8,101.696,2,-119.387,0\H,19,1.07,10,111.755,8,159.179,0\O,19,1.43358,10,103.124,8,32.1918,0\C,21,1.43646,19,98.0224,10,-55.9256,0\H,22,1.07,21,117.714,19,-178.733,0\C,19,1.54115,10,108.926,8,-76.1436,0\H,24,1.09096,19,110.128,10,-170.072,0\H,24,1.09186,19,112.95,10,-49.1929,0\C,22,1.55466,21,102.371,19,-54.4128,0\H,27,1.09132,22,109.614,21,-87.4148,0\H,27,1.09187,22,112.355,21,152.676,0\O,5,2.73032,4,154.605,1,14.0694,0\C,30,1.35176,5,139.482,4,39.0456,0\O,31,1.20407,30,123.697,5,174.712,0\C,30,1.43854,5,103.807,4,-150.449,0\H,33,1.08777,30,105.482,5,4.34959,0\H,33,1.09107,30,110.6,5,124.017,0\H,33,1.09137,30,110.239,5,-115.189,0\C,31,1.51731,30,110.223,5,-8.76212,0\H,37,1.09374,31,105.237,30,-63.8664,0\C,37,1.54738,31,113.483,30,174.335,0\H,39,1.07,37,111.755,31,33.1865,0\O,39,1.43358,37,103.124,31,-93.8005,0\C,41,1.43646,39,98.0224,37,-55.9256,0\H,42,1.07,41,117.714,39,-178.733,0\C,39,1.54115,37,108.926,31,157.864,0\H,44,1.09096,39,110.128,37,-170.072,0\H,44,1.09186,39,112.95,37,-49.1929,0\C,42,1.55466,41,102.371,39,-54.4128,0\H,47,1.09132,42,109.614,41,-87.4148,0\H,47,1.09187,42,112.355,41,152.676,0\C,37,1.5685,31,116.554,30,56.6764,0\H,50,1.08851,37,111.41,31,-116.783,0\C,50,1.51456,37,117.337,31,4.55568,0\O,52,1.20804,50,123.816,37,-137.891,0\O,52,1.34543,50,112.521,37,44.9607,0\C,54,1.43759,52,116.484,50,179.042,0\H,55,1.08763,54,105.353,52,177.393,0\H,55,1.09122,54,110.39,52,57.5626,0\H,55,1.09127,54,110.468,52,-63.158,0\\\@

 Total job time:  6930.99s(wall), 6914.47s(cpu) 
 Mon Apr 16 03:55:22 2018

        *************************************************************
        *                                                           *
        *  Thank you very much for using Q-Chem.  Have a nice day.  *
        *                                                           *
        *************************************************************


0 sent ACK to 0 
now end server 0 ... 
