mFile = /opt/software/qchem/qchem-5.0.1//bin/mpi/machines
Process 0 of 1 is on vega03.cac.cornell.edu - thread support 0
initial socket setup ...start
initial socket setup ...done 
now start server 0 ... 
vega03 10.84.3
Q-Chem Developer Version! Running on 10.84.3.*
                  Welcome to Q-Chem
     A Quantum Leap Into The Future Of Chemistry


 Q-Chem 5.0, Q-Chem, Inc., Pleasanton, CA (2017)

 Yihan Shao,  Zhengting Gan,  E. Epifanovsky,  A. T. B. Gilbert,  M. Wormit,  
 J. Kussmann,  A. W. Lange,  A. Behn,  Jia Deng,  Xintian Feng,  D. Ghosh,  
 M. Goldey,  P. R. Horn,  L. D. Jacobson,  I. Kaliman,  T. Kus,  A. Landau,  
 Jie Liu,  E. I. Proynov,  R. M. Richard,  R. P. Steele,  E. J. Sundstrom,  
 H. L. Woodcock III,  P. M. Zimmerman,  D. Zuev,  B. Albrecht,  E. Alguire,  
 S. A. Baeppler,  Z. Benda,  Y. A. Bernard,  E. J. Berquist,  K. B. Bravaya,  
 D. Casanova,  Chun-Min Chang,  Yunqing Chen,  A. Chien,  K. D. Closser,  
 M. P. Coons,  S. Dasgupta,  M. Diedenhofen,  Hainam Do,  R. G. Edgar,  
 Po-Tung Fang,  S. Fatehi,  Qingguo Feng,  Qinghui Ge,  A. Ghysels,  
 J. Gomes,  J. Gonthier,  A. Gunina,  M. W. D. Hanson-Heine,  
 P. H. P. Harbach,  A. W. Hauser,  J. E. Herr,  E. G. Hohenstein,  
 Z. C. Holden,  Kerwin Hui,  T.-C. Jagau,  Hyunjun Ji,  B. Kaduk,  
 K. Khistyaev,  Jaehoon Kim,  P. Klunzinger,  K. Koh,  D. Kosenkov,  
 T. Kowalczyk,  C. M. Krauter,  A. Kunitsa,  Ka Un Lao,  A. Laurent,  
 K. V. Lawler,  Joonho Lee,  D. Lefrancois,  S. Lehtola,  D. S. Levine,  
 Yi-Pei Li,  You-Sheng Lin,  Fenglai Liu,  E. Livshits,  A. Luenser,  
 P. Manohar,  E. Mansoor,  S. F. Manzer,  Shan-Ping Mao,  Yuezhi Mao,  
 N. Mardirossian,  A. V. Marenich,  L. A. Martinez-Martinez,  S. A. Maurer,  
 N. J. Mayhall,  S. C. McKenzie,  J.-M. Mewes,  A. F. Morrison,  K. Nanda,  
 T. S. Nguyen-Beck,  R. Olivares-Amaya,  J. A. Parkhill,  T. M. Perrine,  
 F. Plasser,  S. Prager,  A. Prociuk,  D. R. Rehn,  F. Rob,  M. Schneider,  
 N. Sergueev,  S. M. Sharada,  S. Sharma,  D. W. Small,  T. Stauch,  
 T. Stein,  Yu-Chuan Su,  A. J. W. Thom,  T. Tsuchimochi,  L. Vogt,  
 O. Vydrov,  M. A. Watson,  J. Wenzel,  M. de Wergifosse,  T. A. Wesolowski,  
 A. White,  J. Witte,  A. Yamada,  Jun Yang,  K. Yao,  S. Yeganeh,  
 S. R. Yost,  Zhi-Qiang You,  A. Zech,  Igor Ying Zhang,  Xing Zhang,  
 Yan Zhao,  Ying Zhu,  B. R. Brooks,  G. K. L. Chan,  C. J. Cramer,  
 M. S. Gordon,  W. J. Hehre,  A. Klamt,  M. W. Schmidt,  C. D. Sherrill,  
 D. G. Truhlar,  A. Aspuru-Guzik,  R. Baer,  A. T. Bell,  N. A. Besley,  
 Jeng-Da Chai,  A. Dreuw,  B. D. Dunietz,  T. R. Furlani,  Chao-Ping Hsu,  
 Yousung Jung,  Jing Kong,  D. S. Lambrecht,  WanZhen Liang,  C. Ochsenfeld,  
 V. A. Rassolov,  L. V. Slipchenko,  J. E. Subotnik,  T. Van Voorhis,  
 J. M. Herbert,  A. I. Krylov,  P. M. W. Gill,  M. Head-Gordon

 Contributors to earlier versions of Q-Chem not listed above: 
 R. D. Adamson,  B. Austin,  J. Baker,  G. J. O. Beran,  K. Brandhorst,  
 S. T. Brown,  E. F. C. Byrd,  A. K. Chakraborty,  C.-L. Cheng,  
 Siu Hung Chien,  D. M. Chipman,  D. L. Crittenden,  H. Dachsel,  
 R. A. DiStasio Jr.,  R. J. Doerksen,  A. D. Dutoi,  L. Fusti-Molnar,  
 W. A. Goddard III,  A. Golubeva-Zadorozhnaya,  S. R. Gwaltney,  G. Hawkins,  
 A. Heyden,  S. Hirata,  G. Kedziora,  F. J. Keil,  C. Kelley,  Jihan Kim,  
 R. A. King,  R. Z. Khaliullin,  P. P. Korambath,  W. Kurlancheek,  
 A. M. Lee,  M. S. Lee,  S. V. Levchenko,  Ching Yeh Lin,  D. Liotard,  
 R. C. Lochan,  I. Lotan,  P. E. Maslen,  N. Nair,  D. P. O'Neill,  
 D. Neuhauser,  E. Neuscamman,  C. M. Oana,  R. Olson,  B. Peters,  
 R. Peverati,  P. A. Pieniazek,  Y. M. Rhee,  J. Ritchie,  M. A. Rohrdanz,  
 E. Rosta,  N. J. Russ,  H. F. Schaefer III,  N. E. Schultz,  N. Shenvi,  
 A. C. Simmonett,  A. Sodt,  D. Stuck,  K. S. Thanthiriwatte,  V. Vanovschi,  
 Tao Wang,  A. Warshel,  C. F. Williams,  Q. Wu,  X. Xu,  W. Zhang

 Please cite Q-Chem as follows:
 Y. Shao et al., Mol. Phys. 113, 184-215 (2015)
 DOI: 10.1080/00268976.2014.952696

 Q-Chem 5.0.1 for Intel X86 EM64T Linux

 Parts of Q-Chem use Armadillo 5.200.1 (Boston Tea Smuggler).
 http://arma.sourceforge.net/

 Q-Chem begins on Mon Apr  2 11:36:03 2018  

Host: vega03.cac.cornell.edu
0

     Scratch files written to /scratch/jj585/vdw/1111_distance_5.400_01.save//
 Parallel job on  1  processors

Checking the input file for inconsistencies... 	...done.

--------------------------------------------------------------
User input:
--------------------------------------------------------------
$molecule
0  1
C        +0.25087000        +2.64053000        +5.74474000
C        +0.65443000        +1.18212000        +6.15750000
C        -1.15383000        +2.82788000        +5.20256000
C        -0.34640000        +0.07922000        +5.88212000
O        -2.06355000        +2.38397000        +6.09845000
O        -1.44519000        +3.35504000        +4.15997000
O        -0.88547000        +0.16773000        +4.65259000
O        -0.59391000        -0.81312000        +6.65790000
C        -1.83317000        -0.85176000        +4.29319000
C        -3.44251000        +2.47057000        +5.69799000
C        +1.35825000        +2.99539000        +4.72388000
C        +2.65887000        +3.31265000        +5.48734000
C        +3.07153000        +1.88916000        +5.96179000
C        +1.97240000        +1.00266000        +5.31141000
O        +1.65657000        +1.73228000        +4.11503000
H        +0.30628000        +3.28351000        +6.62779000
H        +0.86740000        +1.11523000        +7.22287000
H        -2.65932000        -0.87112000        +5.00583000
H        -3.73259000        +3.51087000        +5.54285000
H        +3.40051000        +3.73347000        +4.80684000
H        +2.51053000        +4.02053000        +6.30530000
H        +4.04999000        +1.60559000        +5.57040000
H        +3.10176000        +1.78303000        +7.04807000
H        -2.18331000        -0.58200000        +3.29942000
H        -1.35245000        -1.83132000        +4.27783000
H        -4.01038000        +2.03188000        +6.51550000
H        -3.60303000        +1.91265000        +4.77384000
C        +0.92845000        +3.98642000        +3.66449000
C        +2.38267000        -0.41702000        +4.99067000
H        +3.29128000        -0.41113000        +4.38513000
H        +2.57807000        -0.97494000        +5.90958000
H        +1.60152000        -0.93331000        +4.43007000
H        +1.74662000        +4.17751000        +3.00193000
H        +0.62736000        +4.90043000        +4.13229000
H        +0.10742000        +3.58218000        +3.11005000
@C        +0.22270000        +1.04488000        +0.58595000
@C        +0.62626000        -0.41353000        +0.99871000
@C        -1.18200000        +1.23223000        +0.04377000
@C        -0.37457000        -1.51643000        +0.72333000
@O        -2.09172000        +0.78832000        +0.93966000
@O        -1.47336000        +1.75939000        -0.99882000
@O        -0.91364000        -1.42792000        -0.50620000
@O        -0.62208000        -2.40877000        +1.49911000
@C        -1.86134000        -2.44741000        -0.86560000
@C        -3.47068000        +0.87492000        +0.53920000
@C        +1.33008000        +1.39974000        -0.43491000
@C        +2.63070000        +1.71700000        +0.32855000
@C        +3.04336000        +0.29351000        +0.80300000
@C        +1.94423000        -0.59299000        +0.15262000
@O        +1.62840000        +0.13663000        -1.04376000
@H        +0.27811000        +1.68786000        +1.46900000
@H        +0.83923000        -0.48042000        +2.06408000
@H        -2.68749000        -2.46677000        -0.15296000
@H        -3.76076000        +1.91522000        +0.38406000
@H        +3.37234000        +2.13782000        -0.35195000
@H        +2.48236000        +2.42488000        +1.14651000
@H        +4.02182000        +0.00994000        +0.41161000
@H        +3.07359000        +0.18738000        +1.88928000
@H        -2.21148000        -2.17765000        -1.85937000
@H        -1.38062000        -3.42697000        -0.88096000
@H        -4.03855000        +0.43623000        +1.35671000
@H        -3.63120000        +0.31700000        -0.38495000
@C        +0.90028000        +2.39077000        -1.49430000
@C        +2.35450000        -2.01267000        -0.16812000
@H        +3.26311000        -2.00678000        -0.77366000
@H        +2.54990000        -2.57059000        +0.75079000
@H        +1.57335000        -2.52896000        -0.72872000
@H        +1.71845000        +2.58186000        -2.15686000
@H        +0.59919000        +3.30478000        -1.02650000
@H        +0.07925000        +1.98653000        -2.04874000
$end

$rem
JOBTYPE                   SP
METHOD                    B3LYP
DFT_D                     d3_op
BASIS                     6-311++G(d,p)
SYMMETRY                  False
THRESH                    12
SCF_CONVERGENCE           8
MAX_SUB_FILE_NUM          128
MEM_STATIC                400
MEM_TOTAL                 4000
$end
--------------------------------------------------------------
 Adding empirical dispersion correction 
 ----------------------------------------------------------------
 Doing -D3(op) with
 s6 =   1.00000
 s8 =   0.78311
 a1 =   0.30000
 a2 =   4.25000
 n  =  10.00000
 -D3 energy without 3body term =     -0.0426125932 hartrees
 ----------------------------------------------------------------
             Standard Nuclear Orientation (Angstroms)
    I     Atom           X                Y                Z
 ----------------------------------------------------------------
    1      C       0.2508700000     2.6405300000     5.7447400000
    2      C       0.6544300000     1.1821200000     6.1575000000
    3      C      -1.1538300000     2.8278800000     5.2025600000
    4      C      -0.3464000000     0.0792200000     5.8821200000
    5      O      -2.0635500000     2.3839700000     6.0984500000
    6      O      -1.4451900000     3.3550400000     4.1599700000
    7      O      -0.8854700000     0.1677300000     4.6525900000
    8      O      -0.5939100000    -0.8131200000     6.6579000000
    9      C      -1.8331700000    -0.8517600000     4.2931900000
   10      C      -3.4425100000     2.4705700000     5.6979900000
   11      C       1.3582500000     2.9953900000     4.7238800000
   12      C       2.6588700000     3.3126500000     5.4873400000
   13      C       3.0715300000     1.8891600000     5.9617900000
   14      C       1.9724000000     1.0026600000     5.3114100000
   15      O       1.6565700000     1.7322800000     4.1150300000
   16      H       0.3062800000     3.2835100000     6.6277900000
   17      H       0.8674000000     1.1152300000     7.2228700000
   18      H      -2.6593200000    -0.8711200000     5.0058300000
   19      H      -3.7325900000     3.5108700000     5.5428500000
   20      H       3.4005100000     3.7334700000     4.8068400000
   21      H       2.5105300000     4.0205300000     6.3053000000
   22      H       4.0499900000     1.6055900000     5.5704000000
   23      H       3.1017600000     1.7830300000     7.0480700000
   24      H      -2.1833100000    -0.5820000000     3.2994200000
   25      H      -1.3524500000    -1.8313200000     4.2778300000
   26      H      -4.0103800000     2.0318800000     6.5155000000
   27      H      -3.6030300000     1.9126500000     4.7738400000
   28      C       0.9284500000     3.9864200000     3.6644900000
   29      C       2.3826700000    -0.4170200000     4.9906700000
   30      H       3.2912800000    -0.4111300000     4.3851300000
   31      H       2.5780700000    -0.9749400000     5.9095800000
   32      H       1.6015200000    -0.9333100000     4.4300700000
   33      H       1.7466200000     4.1775100000     3.0019300000
   34      H       0.6273600000     4.9004300000     4.1322900000
   35      H       0.1074200000     3.5821800000     3.1100500000
   36      GH      0.2227000000     1.0448800000     0.5859500000
   37      GH      0.6262600000    -0.4135300000     0.9987100000
   38      GH     -1.1820000000     1.2322300000     0.0437700000
   39      GH     -0.3745700000    -1.5164300000     0.7233300000
   40      GH     -2.0917200000     0.7883200000     0.9396600000
   41      GH     -1.4733600000     1.7593900000    -0.9988200000
   42      GH     -0.9136400000    -1.4279200000    -0.5062000000
   43      GH     -0.6220800000    -2.4087700000     1.4991100000
   44      GH     -1.8613400000    -2.4474100000    -0.8656000000
   45      GH     -3.4706800000     0.8749200000     0.5392000000
   46      GH      1.3300800000     1.3997400000    -0.4349100000
   47      GH      2.6307000000     1.7170000000     0.3285500000
   48      GH      3.0433600000     0.2935100000     0.8030000000
   49      GH      1.9442300000    -0.5929900000     0.1526200000
   50      GH      1.6284000000     0.1366300000    -1.0437600000
   51      GH      0.2781100000     1.6878600000     1.4690000000
   52      GH      0.8392300000    -0.4804200000     2.0640800000
   53      GH     -2.6874900000    -2.4667700000    -0.1529600000
   54      GH     -3.7607600000     1.9152200000     0.3840600000
   55      GH      3.3723400000     2.1378200000    -0.3519500000
   56      GH      2.4823600000     2.4248800000     1.1465100000
   57      GH      4.0218200000     0.0099400000     0.4116100000
   58      GH      3.0735900000     0.1873800000     1.8892800000
   59      GH     -2.2114800000    -2.1776500000    -1.8593700000
   60      GH     -1.3806200000    -3.4269700000    -0.8809600000
   61      GH     -4.0385500000     0.4362300000     1.3567100000
   62      GH     -3.6312000000     0.3170000000    -0.3849500000
   63      GH      0.9002800000     2.3907700000    -1.4943000000
   64      GH      2.3545000000    -2.0126700000    -0.1681200000
   65      GH      3.2631100000    -2.0067800000    -0.7736600000
   66      GH      2.5499000000    -2.5705900000     0.7507900000
   67      GH      1.5733500000    -2.5289600000    -0.7287200000
   68      GH      1.7184500000     2.5818600000    -2.1568600000
   69      GH      0.5991900000     3.3047800000    -1.0265000000
   70      GH      0.0792500000     1.9865300000    -2.0487400000
 ----------------------------------------------------------------
 Nuclear Repulsion Energy =  1416.9633948670 hartrees
 There are       65 alpha and       65 beta electrons
 Requested basis set is 6-311++G(d,p)
 There are 384 shells and 1000 basis functions

 Total QAlloc Memory Limit   4000 MB
 Mega-Array Size       392 MB
 MEM_STATIC part       400 MB
 A cutoff of  1.0D-12 yielded  52561 shell pairs
 There are    351423 function pairs (    371983 Cartesian)
 
 -------------------------------------------------------
 OpenMP Integral Computing Module                       
 Release: version 1.0, May 2013, Q-Chem Inc. Pittsburgh 
 -------------------------------------------------------
 Integral Job Info:
 Integral job number is                      11
 Integral operator is                         1
 short-range coefficients                     0
 long-range coefficients              100000000
 Omega coefficients                           0
 if combine SR and LR in K                    0
 Integral screening is                        0
 Integral computing path is                   2
 max size of driver memory is            800000
 size of driver memory is                593474
 size of scratch memory is              2361544
 max col of scratch BK array               1296
 max len of scratch array in speh3          155
 max len of scratch index in speh4           18
 max int batch size is                      520
 min int batch size is                       52
 fixed nKL is                                52
 max L of basis functions is                  2
 order of int derivative is                   0
 number of shells is                        384
 number of basis is                        1034
 number of cartesian basis is              1034
 number of contracted shell pairs         52561
 number of primitive shell pairs         109430
 maxK2 (contraction) of shell pair           36
 max number of K2 of shell pair               1
 max number of CS2 of shell pair          10743
 max number of PS2 of shell pair          16962
 mem total for path MDJ                  588840
 -------------------------------------------------------
 Smallest overlap matrix eigenvalue = 1.90E-07
 Linear dependence detected in AO basis
 Number of orthogonalized atomic orbitals = 995
 Maximum deviation from orthogonality = 1.638E-10

 Scale SEOQF with 1.000000e-01/1.000000e-01/1.000000e-02

 Standard Electronic Orientation quadrupole field applied
 Nucleus-field energy     =     0.0000000267 hartrees
 Guess from superposition of atomic densities
 Warning:  Energy on first SCF cycle will be non-variational

 Q-Chem warning in module /opt/software/qchem/qchem-5.0.1/libgen/Atomic_PolEc.C, line 58:

 No atomic polarizability available.


 Q-Chem warning in module /opt/software/qchem/qchem-5.0.1/libgen/Atomic_PolEc.C, line 73:

 No atomic polarizability available.


 Q-Chem warning in module /opt/software/qchem/qchem-5.0.1/libgen/Atomic_PolEc.C, line 58:

 No atomic polarizability available.


 Q-Chem warning in module /opt/software/qchem/qchem-5.0.1/libgen/Atomic_PolEc.C, line 73:

 No atomic polarizability available.


 Q-Chem warning in module /opt/software/qchem/qchem-5.0.1/libgen/Atomic_PolEc.C, line 58:

 No atomic polarizability available.


 Q-Chem warning in module /opt/software/qchem/qchem-5.0.1/libgen/Atomic_PolEc.C, line 73:

 No atomic polarizability available.


 Q-Chem warning in module /opt/software/qchem/qchem-5.0.1/libgen/Atomic_PolEc.C, line 58:

 No atomic polarizability available.


 Q-Chem warning in module /opt/software/qchem/qchem-5.0.1/libgen/Atomic_PolEc.C, line 73:

 No atomic polarizability available.


 Q-Chem warning in module /opt/software/qchem/qchem-5.0.1/libgen/Atomic_PolEc.C, line 58:

 No atomic polarizability available.


 Q-Chem warning in module /opt/software/qchem/qchem-5.0.1/libgen/Atomic_PolEc.C, line 73:

 No atomic polarizability available.


 Q-Chem warning in module /opt/software/qchem/qchem-5.0.1/libgen/Atomic_PolEc.C, line 58:

 No atomic polarizability available.


 Q-Chem warning in module /opt/software/qchem/qchem-5.0.1/libgen/Atomic_PolEc.C, line 73:

 No atomic polarizability available.


 Q-Chem warning in module /opt/software/qchem/qchem-5.0.1/libgen/Atomic_PolEc.C, line 58:

 No atomic polarizability available.


 Q-Chem warning in module /opt/software/qchem/qchem-5.0.1/libgen/Atomic_PolEc.C, line 73:

 No atomic polarizability available.


 Q-Chem warning in module /opt/software/qchem/qchem-5.0.1/libgen/Atomic_PolEc.C, line 58:

 No atomic polarizability available.


 Q-Chem warning in module /opt/software/qchem/qchem-5.0.1/libgen/Atomic_PolEc.C, line 73:

 No atomic polarizability available.


 Q-Chem warning in module /opt/software/qchem/qchem-5.0.1/libgen/Atomic_PolEc.C, line 58:

 No atomic polarizability available.


 Q-Chem warning in module /opt/software/qchem/qchem-5.0.1/libgen/Atomic_PolEc.C, line 73:

 No atomic polarizability available.


 Q-Chem warning in module /opt/software/qchem/qchem-5.0.1/libgen/Atomic_PolEc.C, line 58:

 No atomic polarizability available.


 Q-Chem warning in module /opt/software/qchem/qchem-5.0.1/libgen/Atomic_PolEc.C, line 73:

 No atomic polarizability available.


 Q-Chem warning in module /opt/software/qchem/qchem-5.0.1/libgen/Atomic_PolEc.C, line 58:

 No atomic polarizability available.


 Q-Chem warning in module /opt/software/qchem/qchem-5.0.1/libgen/Atomic_PolEc.C, line 73:

 No atomic polarizability available.


 Q-Chem warning in module /opt/software/qchem/qchem-5.0.1/libgen/Atomic_PolEc.C, line 58:

 No atomic polarizability available.


 Q-Chem warning in module /opt/software/qchem/qchem-5.0.1/libgen/Atomic_PolEc.C, line 73:

 No atomic polarizability available.


 Q-Chem warning in module /opt/software/qchem/qchem-5.0.1/libgen/Atomic_PolEc.C, line 58:

 No atomic polarizability available.


 Q-Chem warning in module /opt/software/qchem/qchem-5.0.1/libgen/Atomic_PolEc.C, line 73:

 No atomic polarizability available.


 Q-Chem warning in module /opt/software/qchem/qchem-5.0.1/libgen/Atomic_PolEc.C, line 58:

 No atomic polarizability available.


 Q-Chem warning in module /opt/software/qchem/qchem-5.0.1/libgen/Atomic_PolEc.C, line 73:

 No atomic polarizability available.


 Q-Chem warning in module /opt/software/qchem/qchem-5.0.1/libgen/Atomic_PolEc.C, line 58:

 No atomic polarizability available.


 Q-Chem warning in module /opt/software/qchem/qchem-5.0.1/libgen/Atomic_PolEc.C, line 73:

 No atomic polarizability available.


 Q-Chem warning in module /opt/software/qchem/qchem-5.0.1/libgen/Atomic_PolEc.C, line 58:

 No atomic polarizability available.


 Q-Chem warning in module /opt/software/qchem/qchem-5.0.1/libgen/Atomic_PolEc.C, line 73:

 No atomic polarizability available.


 Q-Chem warning in module /opt/software/qchem/qchem-5.0.1/libgen/Atomic_PolEc.C, line 58:

 No atomic polarizability available.


 Q-Chem warning in module /opt/software/qchem/qchem-5.0.1/libgen/Atomic_PolEc.C, line 73:

 No atomic polarizability available.


 Q-Chem warning in module /opt/software/qchem/qchem-5.0.1/libgen/Atomic_PolEc.C, line 58:

 No atomic polarizability available.


 Q-Chem warning in module /opt/software/qchem/qchem-5.0.1/libgen/Atomic_PolEc.C, line 73:

 No atomic polarizability available.


 Q-Chem warning in module /opt/software/qchem/qchem-5.0.1/libgen/Atomic_PolEc.C, line 58:

 No atomic polarizability available.


 Q-Chem warning in module /opt/software/qchem/qchem-5.0.1/libgen/Atomic_PolEc.C, line 73:

 No atomic polarizability available.


 Q-Chem warning in module /opt/software/qchem/qchem-5.0.1/libgen/Atomic_PolEc.C, line 58:

 No atomic polarizability available.


 Q-Chem warning in module /opt/software/qchem/qchem-5.0.1/libgen/Atomic_PolEc.C, line 73:

 No atomic polarizability available.


 Q-Chem warning in module /opt/software/qchem/qchem-5.0.1/libgen/Atomic_PolEc.C, line 58:

 No atomic polarizability available.


 Q-Chem warning in module /opt/software/qchem/qchem-5.0.1/libgen/Atomic_PolEc.C, line 73:

 No atomic polarizability available.


 Q-Chem warning in module /opt/software/qchem/qchem-5.0.1/libgen/Atomic_PolEc.C, line 58:

 No atomic polarizability available.


 Q-Chem warning in module /opt/software/qchem/qchem-5.0.1/libgen/Atomic_PolEc.C, line 73:

 No atomic polarizability available.


 Q-Chem warning in module /opt/software/qchem/qchem-5.0.1/libgen/Atomic_PolEc.C, line 58:

 No atomic polarizability available.


 Q-Chem warning in module /opt/software/qchem/qchem-5.0.1/libgen/Atomic_PolEc.C, line 73:

 No atomic polarizability available.


 Q-Chem warning in module /opt/software/qchem/qchem-5.0.1/libgen/Atomic_PolEc.C, line 58:

 No atomic polarizability available.


 Q-Chem warning in module /opt/software/qchem/qchem-5.0.1/libgen/Atomic_PolEc.C, line 73:

 No atomic polarizability available.


 Q-Chem warning in module /opt/software/qchem/qchem-5.0.1/libgen/Atomic_PolEc.C, line 58:

 No atomic polarizability available.


 Q-Chem warning in module /opt/software/qchem/qchem-5.0.1/libgen/Atomic_PolEc.C, line 73:

 No atomic polarizability available.


 Q-Chem warning in module /opt/software/qchem/qchem-5.0.1/libgen/Atomic_PolEc.C, line 58:

 No atomic polarizability available.


 Q-Chem warning in module /opt/software/qchem/qchem-5.0.1/libgen/Atomic_PolEc.C, line 73:

 No atomic polarizability available.


 Q-Chem warning in module /opt/software/qchem/qchem-5.0.1/libgen/Atomic_PolEc.C, line 58:

 No atomic polarizability available.


 Q-Chem warning in module /opt/software/qchem/qchem-5.0.1/libgen/Atomic_PolEc.C, line 73:

 No atomic polarizability available.


 Q-Chem warning in module /opt/software/qchem/qchem-5.0.1/libgen/Atomic_PolEc.C, line 58:

 No atomic polarizability available.


 Q-Chem warning in module /opt/software/qchem/qchem-5.0.1/libgen/Atomic_PolEc.C, line 73:

 No atomic polarizability available.


 Q-Chem warning in module /opt/software/qchem/qchem-5.0.1/libgen/Atomic_PolEc.C, line 58:

 No atomic polarizability available.


 Q-Chem warning in module /opt/software/qchem/qchem-5.0.1/libgen/Atomic_PolEc.C, line 73:

 No atomic polarizability available.


 Q-Chem warning in module /opt/software/qchem/qchem-5.0.1/libgen/Atomic_PolEc.C, line 58:

 No atomic polarizability available.


 Q-Chem warning in module /opt/software/qchem/qchem-5.0.1/libgen/Atomic_PolEc.C, line 73:

 No atomic polarizability available.


 Q-Chem warning in module /opt/software/qchem/qchem-5.0.1/libgen/Atomic_PolEc.C, line 58:

 No atomic polarizability available.


 Q-Chem warning in module /opt/software/qchem/qchem-5.0.1/libgen/Atomic_PolEc.C, line 73:

 No atomic polarizability available.


 Q-Chem warning in module /opt/software/qchem/qchem-5.0.1/libgen/Atomic_PolEc.C, line 58:

 No atomic polarizability available.


 Q-Chem warning in module /opt/software/qchem/qchem-5.0.1/libgen/Atomic_PolEc.C, line 73:

 No atomic polarizability available.


 Q-Chem warning in module /opt/software/qchem/qchem-5.0.1/libgen/Atomic_PolEc.C, line 58:

 No atomic polarizability available.


 Q-Chem warning in module /opt/software/qchem/qchem-5.0.1/libgen/Atomic_PolEc.C, line 73:

 No atomic polarizability available.


 Q-Chem warning in module /opt/software/qchem/qchem-5.0.1/libgen/Atomic_PolEc.C, line 58:

 No atomic polarizability available.


 Q-Chem warning in module /opt/software/qchem/qchem-5.0.1/libgen/Atomic_PolEc.C, line 73:

 No atomic polarizability available.


 Q-Chem warning in module /opt/software/qchem/qchem-5.0.1/libgen/Atomic_PolEc.C, line 58:

 No atomic polarizability available.


 Q-Chem warning in module /opt/software/qchem/qchem-5.0.1/libgen/Atomic_PolEc.C, line 73:

 No atomic polarizability available.

 A restricted hybrid HF-DFT SCF calculation will be
 performed using Pulay DIIS extrapolation
 Exchange:     0.2000 Hartree-Fock + 0.0800 Slater + 0.7200 B88
 Correlation:  0.1900 VWN1RPA + 0.8100 LYP
 Using SG-1 standard quadrature grid
 Dispersion:   Grimme D3
 SCF converges when DIIS error is below 1.0E-08
 using 2 threads for integral computing
 -------------------------------------------------------
 OpenMP Integral computing Module                
 Release: version 1.0, May 2013, Q-Chem Inc. Pittsburgh 
 -------------------------------------------------------
 -------------------------------------------------------
 OpenMP BLAS3 based DFT computing Module                
 Release: version 1.0, May 2013, Q-Chem Inc. Pittsburgh 
 -------------------------------------------------------
 ---------------------------------------
  Cycle       Energy         DIIS Error
 ---------------------------------------
    1    -848.0547268197      1.42E-02
    2    -844.1488141343      1.88E-03
    3    -843.6609624824      3.00E-03
    4    -844.4618039424      7.51E-04
    5    -844.5152149826      1.66E-04
    6    -844.5170947682      8.03E-05
    7    -844.5176629432      1.48E-05
    8    -844.5176799579      5.92E-06
    9    -844.5176831320      1.47E-06
   10    -844.5176832825      7.47E-07
   11    -844.5176833310      2.29E-07
   12    -844.5176833355      6.78E-08
   13    -844.5176833358      1.98E-08
   14    -844.5176833360      5.81E-09 Convergence criterion met
 ---------------------------------------
 SCF time:  CPU 7110.03 s  wall 3570.89 s
 SCF   energy in the final basis set = -844.51768334
 Total energy in the final basis set = -844.51768334
 
 --------------------------------------------------------------
 
                    Orbital Energies (a.u.)
 --------------------------------------------------------------
 
 Alpha MOs
 -- Occupied --
-19.176 -19.174 -19.125 -19.117 -19.116 -10.311 -10.306 -10.242
-10.232 -10.231 -10.231 -10.204 -10.203 -10.178 -10.175 -10.169
-10.136  -1.121  -1.114  -1.061  -1.034  -1.027  -0.832  -0.804
 -0.784  -0.748  -0.730  -0.720  -0.674  -0.644  -0.603  -0.579
 -0.570  -0.561  -0.525  -0.514  -0.508  -0.493  -0.489  -0.480
 -0.476  -0.471  -0.459  -0.443  -0.435  -0.433  -0.414  -0.411
 -0.403  -0.399  -0.395  -0.374  -0.372  -0.364  -0.358  -0.355
 -0.349  -0.346  -0.333  -0.328  -0.321  -0.313  -0.284  -0.272
 -0.270
 -- Virtual --
 -0.021  -0.013  -0.007  -0.001   0.006   0.009   0.011   0.016
  0.020   0.025   0.027   0.033   0.036   0.037   0.040   0.041
  0.046   0.049   0.050   0.054   0.058   0.061   0.064   0.065
  0.066   0.071   0.074   0.077   0.077   0.079   0.082   0.084
  0.086   0.093   0.096   0.096   0.099   0.101   0.103   0.105
  0.106   0.107   0.110   0.111   0.114   0.117   0.118   0.122
  0.123   0.125   0.128   0.129   0.131   0.133   0.133   0.137
  0.139   0.141   0.142   0.143   0.143   0.147   0.149   0.151
  0.151   0.154   0.154   0.156   0.159   0.162   0.162   0.165
  0.168   0.169   0.171   0.171   0.174   0.176   0.177   0.180
  0.181   0.182   0.186   0.188   0.190   0.191   0.192   0.195
  0.198   0.201   0.202   0.203   0.204   0.205   0.208   0.214
  0.216   0.217   0.218   0.220   0.221   0.222   0.224   0.225
  0.228   0.230   0.233   0.234   0.237   0.241   0.243   0.244
  0.246   0.247   0.250   0.253   0.255   0.258   0.259   0.262
  0.263   0.268   0.272   0.273   0.275   0.278   0.280   0.282
  0.283   0.285   0.287   0.290   0.291   0.295   0.299   0.300
  0.302   0.307   0.308   0.309   0.312   0.315   0.316   0.319
  0.321   0.324   0.325   0.328   0.334   0.334   0.336   0.340
  0.343   0.345   0.351   0.351   0.352   0.355   0.359   0.361
  0.361   0.363   0.367   0.372   0.375   0.376   0.377   0.380
  0.382   0.384   0.386   0.387   0.391   0.396   0.396   0.398
  0.400   0.405   0.406   0.410   0.413   0.417   0.418   0.419
  0.424   0.427   0.430   0.433   0.433   0.438   0.439   0.443
  0.448   0.450   0.455   0.461   0.463   0.466   0.467   0.468
  0.472   0.476   0.480   0.483   0.487   0.489   0.492   0.499
  0.500   0.504   0.509   0.512   0.519   0.524   0.527   0.529
  0.532   0.537   0.539   0.542   0.550   0.553   0.553   0.556
  0.561   0.566   0.567   0.572   0.582   0.584   0.587   0.592
  0.595   0.601   0.603   0.608   0.619   0.623   0.626   0.629
  0.631   0.635   0.635   0.640   0.643   0.646   0.649   0.650
  0.655   0.660   0.663   0.665   0.669   0.670   0.674   0.678
  0.686   0.689   0.691   0.692   0.695   0.703   0.708   0.709
  0.713   0.716   0.718   0.722   0.726   0.729   0.731   0.735
  0.737   0.743   0.744   0.746   0.754   0.755   0.760   0.763
  0.766   0.769   0.770   0.772   0.775   0.785   0.786   0.789
  0.793   0.796   0.800   0.805   0.811   0.819   0.823   0.826
  0.826   0.833   0.835   0.845   0.850   0.853   0.855   0.860
  0.861   0.863   0.869   0.872   0.880   0.885   0.889   0.904
  0.907   0.912   0.923   0.931   0.937   0.938   0.948   0.954
  0.961   0.973   0.983   0.988   0.991   0.997   1.003   1.005
  1.017   1.022   1.032   1.036   1.045   1.053   1.058   1.065
  1.068   1.073   1.078   1.079   1.091   1.094   1.095   1.100
  1.108   1.116   1.122   1.129   1.130   1.137   1.139   1.146
  1.155   1.156   1.164   1.175   1.179   1.181   1.189   1.193
  1.200   1.203   1.208   1.220   1.222   1.227   1.232   1.242
  1.250   1.257   1.259   1.262   1.276   1.277   1.284   1.289
  1.291   1.294   1.301   1.307   1.315   1.321   1.328   1.335
  1.343   1.347   1.356   1.360   1.367   1.375   1.386   1.402
  1.408   1.420   1.422   1.425   1.436   1.440   1.449   1.452
  1.473   1.481   1.482   1.497   1.506   1.508   1.516   1.527
  1.530   1.536   1.550   1.564   1.572   1.577   1.580   1.582
  1.589   1.599   1.605   1.612   1.615   1.617   1.623   1.631
  1.632   1.634   1.641   1.648   1.656   1.658   1.664   1.675
  1.679   1.682   1.685   1.692   1.700   1.706   1.709   1.715
  1.717   1.722   1.730   1.732   1.736   1.737   1.743   1.747
  1.750   1.756   1.760   1.765   1.772   1.777   1.783   1.789
  1.796   1.802   1.812   1.820   1.825   1.826   1.830   1.831
  1.837   1.841   1.845   1.851   1.852   1.856   1.863   1.865
  1.870   1.874   1.878   1.882   1.887   1.895   1.898   1.908
  1.910   1.918   1.920   1.928   1.933   1.941   1.945   1.951
  1.956   1.957   1.963   1.969   1.975   1.981   1.991   2.000
  2.006   2.007   2.013   2.015   2.022   2.025   2.031   2.034
  2.043   2.049   2.058   2.063   2.068   2.076   2.079   2.091
  2.099   2.104   2.106   2.112   2.116   2.121   2.128   2.135
  2.140   2.145   2.150   2.153   2.159   2.161   2.166   2.169
  2.177   2.188   2.204   2.207   2.211   2.217   2.221   2.228
  2.233   2.240   2.249   2.267   2.269   2.275   2.284   2.293
  2.304   2.316   2.320   2.330   2.350   2.352   2.359   2.368
  2.377   2.378   2.393   2.396   2.402   2.410   2.414   2.422
  2.427   2.430   2.434   2.442   2.446   2.459   2.464   2.470
  2.475   2.488   2.492   2.499   2.506   2.512   2.517   2.526
  2.531   2.534   2.540   2.548   2.553   2.557   2.561   2.566
  2.572   2.579   2.583   2.592   2.593   2.607   2.611   2.612
  2.615   2.625   2.632   2.642   2.649   2.658   2.669   2.674
  2.681   2.683   2.684   2.694   2.700   2.703   2.713   2.716
  2.726   2.729   2.742   2.745   2.750   2.754   2.768   2.773
  2.773   2.786   2.791   2.802   2.805   2.810   2.820   2.825
  2.828   2.834   2.842   2.847   2.857   2.859   2.868   2.875
  2.887   2.891   2.899   2.903   2.905   2.914   2.915   2.930
  2.942   2.952   2.964   2.980   2.988   2.994   3.000   3.003
  3.015   3.016   3.018   3.031   3.035   3.038   3.043   3.045
  3.054   3.061   3.064   3.070   3.074   3.087   3.101   3.102
  3.109   3.115   3.125   3.128   3.138   3.141   3.155   3.162
  3.167   3.171   3.180   3.186   3.189   3.204   3.212   3.224
  3.232   3.235   3.251   3.257   3.273   3.276   3.281   3.299
  3.307   3.310   3.315   3.323   3.335   3.348   3.360   3.365
  3.372   3.380   3.384   3.397   3.404   3.407   3.419   3.423
  3.428   3.434   3.464   3.500   3.508   3.525   3.533   3.549
  3.552   3.555   3.567   3.577   3.588   3.593   3.604   3.614
  3.618   3.627   3.642   3.646   3.673   3.678   3.683   3.690
  3.719   3.723   3.751   3.762   3.785   3.802   3.812   3.830
  3.840   3.841   3.853   3.868   3.881   3.892   3.911   3.915
  3.928   3.951   3.971   3.974   3.987   4.006   4.010   4.037
  4.053   4.072   4.078   4.091   4.107   4.115   4.141   4.154
  4.163   4.179   4.200   4.217   4.220   4.268   4.306   4.328
  4.469   4.533   4.546   4.553   4.572   4.600   4.666   4.680
  4.728   4.747   4.770   4.794   4.802   4.821   4.843   4.860
  4.865   4.892   4.896   4.900   4.922   4.924   4.937   4.957
  4.963   4.970   4.977   5.000   5.034   5.047   5.084   5.102
  5.110   5.150   5.157   5.166   5.192   5.213   5.233   5.276
  5.304   5.316   5.342   5.358   5.420   5.434   5.471   5.557
  5.590   5.610   5.648   5.662   5.702   5.712   5.716   5.782
  5.918   5.940   6.141   6.153   7.380   7.423   7.487   7.542
  7.600   7.628   7.682   7.698   7.729   7.754   7.782   7.787
  7.802   7.811   7.820   7.832   7.850   7.869   7.899   7.907
  7.936   7.994   7.999   8.031   8.053   8.080   8.163   8.223
  8.307   8.324   8.392   8.509   8.547   8.567   8.753   8.952
  9.956   9.967  10.008  10.016  10.018  10.045  10.052  10.065
 10.087  10.109  10.131  10.216  13.573  13.624  13.668  13.704
 13.709  13.733  13.792  13.939  13.942  13.985  14.141  14.189
 14.200  14.324  14.350  18.600  18.615  18.665  18.794  18.839
 23.808  23.865  23.870  23.908  23.914  23.939  23.968  23.973
 23.988  24.002  24.035  24.102  49.936  49.968  50.021  50.058
 50.059  69.821  69.859  69.926  69.949  69.979  69.983  69.986
 70.004  70.023  70.032  70.046  70.090 139.771 139.795 139.814
139.875 139.887
 --------------------------------------------------------------
 
          Ground-State Mulliken Net Atomic Charges

     Atom                 Charge (a.u.)
  ----------------------------------------
      1 C                    -0.139276
      2 C                     0.481050
      3 C                    -0.644947
      4 C                    -0.804746
      5 O                     0.047048
      6 O                    -0.075947
      7 O                     0.047807
      8 O                    -0.098388
      9 C                    -0.288572
     10 C                    -0.158847
     11 C                     0.075511
     12 C                    -0.377632
     13 C                    -0.413473
     14 C                    -0.194020
     15 O                     0.313887
     16 H                     0.262441
     17 H                     0.284474
     18 H                     0.226658
     19 H                     0.168330
     20 H                     0.175124
     21 H                     0.149383
     22 H                     0.168553
     23 H                     0.145957
     24 H                     0.111722
     25 H                     0.203377
     26 H                     0.164763
     27 H                     0.176587
     28 C                    -0.648379
     29 C                    -0.383682
     30 H                     0.195978
     31 H                     0.191008
     32 H                     0.205689
     33 H                     0.132806
     34 H                     0.169615
     35 H                     0.186465
     36 GH                   -0.165132
     37 GH                    0.091267
     38 GH                    0.012054
     39 GH                    0.052911
     40 GH                    0.003544
     41 GH                    0.000289
     42 GH                    0.001174
     43 GH                   -0.005311
     44 GH                    0.001847
     45 GH                    0.013430
     46 GH                   -0.025584
     47 GH                   -0.002399
     48 GH                    0.011912
     49 GH                    0.040783
     50 GH                    0.000534
     51 GH                    0.044151
     52 GH                   -0.125688
     53 GH                    0.001255
     54 GH                   -0.000642
     55 GH                   -0.001317
     56 GH                   -0.004615
     57 GH                   -0.001238
     58 GH                   -0.012871
     59 GH                    0.000045
     60 GH                   -0.000260
     61 GH                    0.005505
     62 GH                    0.000374
     63 GH                   -0.003843
     64 GH                    0.010813
     65 GH                    0.000002
     66 GH                    0.000718
     67 GH                    0.000086
     68 GH                   -0.000045
     69 GH                   -0.000344
     70 GH                    0.000267
  ----------------------------------------
  Sum of atomic charges =    -0.000000

 -----------------------------------------------------------------
                    Cartesian Multipole Moments
 -----------------------------------------------------------------
    Charge (ESU x 10^10)
                -0.0000
    Dipole Moment (Debye)
         X      -0.3336      Y       0.5054      Z       0.9040
       Tot       1.0881
    Quadrupole Moments (Debye-Ang)
        XX     -89.0345     XY       1.2843     YY    -101.9483
        XZ       1.7966     YZ      14.8673     ZZ     -99.0495
    Octopole Moments (Debye-Ang^2)
       XXX     -95.0392    XXY    -153.2263    XYY     -13.1513
       YYY    -501.7899    XXZ    -457.6952    XYZ      -1.0613
       YYZ    -509.4783    XZZ       8.4245    YZZ     -31.9365
       ZZZ   -1621.9415
    Hexadecapole Moments (Debye-Ang^3)
      XXXX   -2212.7024   XXXY    -231.3204   XXYY    -917.3687
      XYYY    -132.2614   YYYY   -3332.6715   XXXZ    -513.8153
      XXYZ    -741.2289   XYYZ     -89.1857   YYYZ   -2430.3592
      XXZZ   -2857.2559   XYZZ     -90.8565   YYZZ   -3225.7694
      XZZZ     -29.5732   YZZZ   -1523.1599   ZZZZ  -17775.8117
 -----------------------------------------------------------------
Archival summary:
1\1\vega03.cac.cornell.edu\SP\ProcedureUnspecified\BasisUnspecified\51218h35\jj585\MonApr212:35:382018MonApr212:35:382018\0\\#,ProcedureUnspecified,BasisUnspecified,\\0,1\O\C,1,1.43358\C,1,1.43646,2,98.0224\C,3,1.51218,1,111.091,2,-178.393,0\H,4,1.09134,3,111.033,1,-57.0184,0\H,4,1.09192,3,109.775,1,62.6469,0\H,4,1.09264,3,110.458,1,-177.522,0\C,2,1.513,1,109.807,3,-177.944,0\H,8,1.07,2,109.471,1,-64.7983,0\H,8,1.07,2,109.471,1,55.2018,0\H,8,1.07,2,109.471,1,175.202,0\C,2,1.54115,1,102.483,3,57.1986,0\H,12,1.09096,2,110.128,1,81.1589,0\H,12,1.09186,2,112.95,1,-157.962,0\C,2,1.54738,1,103.124,3,-55.9256,0\H,15,1.09374,2,111.197,1,147.786,0\C,15,1.51731,2,113.483,1,-93.8005,0\O,17,1.20407,15,125.979,2,-9.23641,0\O,17,1.35176,15,110.223,2,174.335,0\C,19,1.43854,17,116.158,15,-178.482,0\H,20,1.08777,19,105.482,17,177.492,0\H,20,1.09107,19,110.6,17,-62.8398,0\H,20,1.09137,19,110.239,17,57.9539,0\C,3,1.55466,1,102.371,2,-54.4128,0\H,24,1.09132,3,109.614,1,-87.4148,0\H,24,1.09187,3,112.355,1,152.676,0\C,15,1.5685,2,101.696,1,32.1918,0\H,27,1.08851,15,111.41,2,119.274,0\C,27,1.51456,15,117.337,2,-119.387,0\O,29,1.20804,27,123.816,15,-137.891,0\O,29,1.34543,27,112.521,15,44.9607,0\C,31,1.43759,29,116.484,27,179.042,0\H,32,1.08763,31,105.353,29,177.393,0\H,32,1.09122,31,110.39,29,57.5626,0\H,32,1.09127,31,110.468,29,-63.158,0\Gh,10,2.5121,8,124.837,2,-71.4457,0\Gh,36,1.09374,10,165.303,8,-127.497,0\Gh,37,1.51731,36,105.237,10,-43.7624,0\Gh,38,1.20407,37,125.979,36,112.562,0\Gh,38,1.35176,37,110.223,36,-63.8664,0\Gh,40,1.43854,38,116.158,37,-178.482,0\Gh,41,1.08777,40,105.482,38,177.492,0\Gh,41,1.09107,40,110.6,38,-62.8398,0\Gh,41,1.09137,40,110.239,38,57.9539,0\Gh,37,1.54738,36,111.197,10,79.5085,0\Gh,45,1.43358,37,103.124,36,147.786,0\Gh,46,1.43646,45,98.0224,37,-55.9256,0\Gh,47,1.51218,46,111.091,45,-178.393,0\Gh,48,1.09134,47,111.033,46,-57.0184,0\Gh,48,1.09192,47,109.775,46,62.6469,0\Gh,48,1.09264,47,110.458,46,-177.522,0\Gh,45,1.513,37,114.133,36,-93.1535,0\Gh,52,1.07,45,109.471,37,180,0\Gh,52,1.07,45,109.471,37,-60.0002,0\Gh,52,1.07,45,109.471,37,60.0002,0\Gh,45,1.54115,37,108.926,36,39.451,0\Gh,56,1.09096,45,110.128,37,-170.072,0\Gh,56,1.09186,45,112.95,37,-49.1929,0\Gh,47,1.55466,46,102.371,45,-54.4128,0\Gh,59,1.09132,47,109.614,46,-87.4148,0\Gh,59,1.09187,47,112.355,46,152.676,0\Gh,37,1.5685,36,108.73,10,-169.325,0\Gh,62,1.08851,37,111.41,36,1.88124,0\Gh,62,1.51456,37,117.337,36,123.22,0\Gh,64,1.20804,62,123.816,37,-137.891,0\Gh,64,1.34543,62,112.521,37,44.9607,0\Gh,66,1.43759,64,116.484,62,179.042,0\Gh,67,1.08763,66,105.353,64,177.393,0\Gh,67,1.09122,66,110.39,64,57.5626,0\Gh,67,1.09127,66,110.468,64,-63.158,0\\\@

 Total job time:  3574.46s(wall), 7114.31s(cpu) 
 Mon Apr  2 12:35:38 2018

        *************************************************************
        *                                                           *
        *  Thank you very much for using Q-Chem.  Have a nice day.  *
        *                                                           *
        *************************************************************


0 sent ACK to 0 
now end server 0 ... 
