mFile = /opt/software/qchem/qchem-5.0.1//bin/mpi/machines
Process 0 of 1 is on vega02.cac.cornell.edu - thread support 0
initial socket setup ...start
initial socket setup ...done 
now start server 0 ... 
vega02.cac.cornell.edu 10.84.3
Q-Chem Developer Version! Running on 10.84.3.*
                  Welcome to Q-Chem
     A Quantum Leap Into The Future Of Chemistry


 Q-Chem 5.0, Q-Chem, Inc., Pleasanton, CA (2017)

 Yihan Shao,  Zhengting Gan,  E. Epifanovsky,  A. T. B. Gilbert,  M. Wormit,  
 J. Kussmann,  A. W. Lange,  A. Behn,  Jia Deng,  Xintian Feng,  D. Ghosh,  
 M. Goldey,  P. R. Horn,  L. D. Jacobson,  I. Kaliman,  T. Kus,  A. Landau,  
 Jie Liu,  E. I. Proynov,  R. M. Richard,  R. P. Steele,  E. J. Sundstrom,  
 H. L. Woodcock III,  P. M. Zimmerman,  D. Zuev,  B. Albrecht,  E. Alguire,  
 S. A. Baeppler,  Z. Benda,  Y. A. Bernard,  E. J. Berquist,  K. B. Bravaya,  
 D. Casanova,  Chun-Min Chang,  Yunqing Chen,  A. Chien,  K. D. Closser,  
 M. P. Coons,  S. Dasgupta,  M. Diedenhofen,  Hainam Do,  R. G. Edgar,  
 Po-Tung Fang,  S. Fatehi,  Qingguo Feng,  Qinghui Ge,  A. Ghysels,  
 J. Gomes,  J. Gonthier,  A. Gunina,  M. W. D. Hanson-Heine,  
 P. H. P. Harbach,  A. W. Hauser,  J. E. Herr,  E. G. Hohenstein,  
 Z. C. Holden,  Kerwin Hui,  T.-C. Jagau,  Hyunjun Ji,  B. Kaduk,  
 K. Khistyaev,  Jaehoon Kim,  P. Klunzinger,  K. Koh,  D. Kosenkov,  
 T. Kowalczyk,  C. M. Krauter,  A. Kunitsa,  Ka Un Lao,  A. Laurent,  
 K. V. Lawler,  Joonho Lee,  D. Lefrancois,  S. Lehtola,  D. S. Levine,  
 Yi-Pei Li,  You-Sheng Lin,  Fenglai Liu,  E. Livshits,  A. Luenser,  
 P. Manohar,  E. Mansoor,  S. F. Manzer,  Shan-Ping Mao,  Yuezhi Mao,  
 N. Mardirossian,  A. V. Marenich,  L. A. Martinez-Martinez,  S. A. Maurer,  
 N. J. Mayhall,  S. C. McKenzie,  J.-M. Mewes,  A. F. Morrison,  K. Nanda,  
 T. S. Nguyen-Beck,  R. Olivares-Amaya,  J. A. Parkhill,  T. M. Perrine,  
 F. Plasser,  S. Prager,  A. Prociuk,  D. R. Rehn,  F. Rob,  M. Schneider,  
 N. Sergueev,  S. M. Sharada,  S. Sharma,  D. W. Small,  T. Stauch,  
 T. Stein,  Yu-Chuan Su,  A. J. W. Thom,  T. Tsuchimochi,  L. Vogt,  
 O. Vydrov,  M. A. Watson,  J. Wenzel,  M. de Wergifosse,  T. A. Wesolowski,  
 A. White,  J. Witte,  A. Yamada,  Jun Yang,  K. Yao,  S. Yeganeh,  
 S. R. Yost,  Zhi-Qiang You,  A. Zech,  Igor Ying Zhang,  Xing Zhang,  
 Yan Zhao,  Ying Zhu,  B. R. Brooks,  G. K. L. Chan,  C. J. Cramer,  
 M. S. Gordon,  W. J. Hehre,  A. Klamt,  M. W. Schmidt,  C. D. Sherrill,  
 D. G. Truhlar,  A. Aspuru-Guzik,  R. Baer,  A. T. Bell,  N. A. Besley,  
 Jeng-Da Chai,  A. Dreuw,  B. D. Dunietz,  T. R. Furlani,  Chao-Ping Hsu,  
 Yousung Jung,  Jing Kong,  D. S. Lambrecht,  WanZhen Liang,  C. Ochsenfeld,  
 V. A. Rassolov,  L. V. Slipchenko,  J. E. Subotnik,  T. Van Voorhis,  
 J. M. Herbert,  A. I. Krylov,  P. M. W. Gill,  M. Head-Gordon

 Contributors to earlier versions of Q-Chem not listed above: 
 R. D. Adamson,  B. Austin,  J. Baker,  G. J. O. Beran,  K. Brandhorst,  
 S. T. Brown,  E. F. C. Byrd,  A. K. Chakraborty,  C.-L. Cheng,  
 Siu Hung Chien,  D. M. Chipman,  D. L. Crittenden,  H. Dachsel,  
 R. A. DiStasio Jr.,  R. J. Doerksen,  A. D. Dutoi,  L. Fusti-Molnar,  
 W. A. Goddard III,  A. Golubeva-Zadorozhnaya,  S. R. Gwaltney,  G. Hawkins,  
 A. Heyden,  S. Hirata,  G. Kedziora,  F. J. Keil,  C. Kelley,  Jihan Kim,  
 R. A. King,  R. Z. Khaliullin,  P. P. Korambath,  W. Kurlancheek,  
 A. M. Lee,  M. S. Lee,  S. V. Levchenko,  Ching Yeh Lin,  D. Liotard,  
 R. C. Lochan,  I. Lotan,  P. E. Maslen,  N. Nair,  D. P. O'Neill,  
 D. Neuhauser,  E. Neuscamman,  C. M. Oana,  R. Olson,  B. Peters,  
 R. Peverati,  P. A. Pieniazek,  Y. M. Rhee,  J. Ritchie,  M. A. Rohrdanz,  
 E. Rosta,  N. J. Russ,  H. F. Schaefer III,  N. E. Schultz,  N. Shenvi,  
 A. C. Simmonett,  A. Sodt,  D. Stuck,  K. S. Thanthiriwatte,  V. Vanovschi,  
 Tao Wang,  A. Warshel,  C. F. Williams,  Q. Wu,  X. Xu,  W. Zhang

 Please cite Q-Chem as follows:
 Y. Shao et al., Mol. Phys. 113, 184-215 (2015)
 DOI: 10.1080/00268976.2014.952696

 Q-Chem 5.0.1 for Intel X86 EM64T Linux

 Parts of Q-Chem use Armadillo 5.200.1 (Boston Tea Smuggler).
 http://arma.sourceforge.net/

 Q-Chem begins on Tue Apr 17 23:23:41 2018  

Host: vega02.cac.cornell.edu
0

     Scratch files written to /scratch/jj585/vdw/0110_distance_3.000_10.save//
 Parallel job on  1  processors

Checking the input file for inconsistencies... 	...done.

--------------------------------------------------------------
User input:
--------------------------------------------------------------
$molecule
0  1
C        +0.20186000        +1.01419000        +0.57588000
C        +0.65458000        -0.40740000        +1.00877000
C        +1.31047000        +1.40432000        -0.43622000
C        +2.61036000        +1.71622000        +0.34904000
C        +3.06420000        +0.29616000        +0.78527000
C        +1.94960000        -0.59295000        +0.17632000
O        +1.62620000        +0.12693000        -1.03574000
H        +3.34518000        +2.18171000        -0.31153000
H        +2.43386000        +2.39558000        +1.18603000
H        +4.02983000        +0.03650000        +0.34656000
H        +3.14253000        +0.17627000        +1.86830000
C        +0.91819000        +2.41036000        -1.49368000
C        +2.33867000        -2.01935000        -0.13734000
H        +3.21332000        -2.04461000        -0.79203000
H        +2.58239000        -2.55643000        +0.78377000
H        +1.51806000        -2.54232000        -0.63447000
H        +1.73500000        +2.55908000        -2.20400000
H        +0.68341000        +3.37378000        -1.03196000
H        +0.03753000        +2.06800000        -2.04235000
H        +0.83643000        -0.49892000        +2.08202000
H        -0.08220000        -1.16297000        +0.72684000
H        -0.76801000        +0.98583000        +0.07445000
H        +0.13288000        +1.72189000        +1.40479000
@C        +0.21299000        +1.89486000        +3.44368000
@C        +0.66571000        +0.47327000        +3.87657000
@C        +1.32160000        +2.28499000        +2.43158000
@C        +2.62149000        +2.59689000        +3.21684000
@C        +3.07533000        +1.17683000        +3.65307000
@C        +1.96073000        +0.28772000        +3.04412000
@O        +1.63733000        +1.00760000        +1.83206000
@H        +3.35631000        +3.06238000        +2.55627000
@H        +2.44499000        +3.27625000        +4.05383000
@H        +4.04096000        +0.91717000        +3.21436000
@H        +3.15366000        +1.05694000        +4.73610000
@C        +0.92932000        +3.29103000        +1.37412000
@C        +2.34980000        -1.13868000        +2.73046000
@H        +3.22445000        -1.16394000        +2.07577000
@H        +2.59352000        -1.67576000        +3.65157000
@H        +1.52919000        -1.66165000        +2.23333000
@H        +1.74613000        +3.43975000        +0.66380000
@H        +0.69454000        +4.25445000        +1.83584000
@H        +0.04866000        +2.94867000        +0.82545000
@H        +0.84756000        +0.38175000        +4.94982000
@H        -0.07107000        -0.28230000        +3.59464000
@H        -0.75688000        +1.86650000        +2.94225000
@H        +0.14401000        +2.60256000        +4.27259000
$end

$rem
JOBTYPE                   SP
METHOD                    B3LYP
DFT_D                     d3_op
BASIS                     6-311++G(d,p)
SYMMETRY                  False
THRESH                    12
SCF_CONVERGENCE           8
MAX_SUB_FILE_NUM          128
MEM_STATIC                400
MEM_TOTAL                 4000
$end
--------------------------------------------------------------
 Adding empirical dispersion correction 
 ----------------------------------------------------------------
 Doing -D3(op) with
 s6 =   1.00000
 s8 =   0.78311
 a1 =   0.30000
 a2 =   4.25000
 n  =  10.00000
 -D3 energy without 3body term =     -0.0215647334 hartrees
 ----------------------------------------------------------------
             Standard Nuclear Orientation (Angstroms)
    I     Atom           X                Y                Z
 ----------------------------------------------------------------
    1      C       0.2018600000     1.0141900000     0.5758800000
    2      C       0.6545800000    -0.4074000000     1.0087700000
    3      C       1.3104700000     1.4043200000    -0.4362200000
    4      C       2.6103600000     1.7162200000     0.3490400000
    5      C       3.0642000000     0.2961600000     0.7852700000
    6      C       1.9496000000    -0.5929500000     0.1763200000
    7      O       1.6262000000     0.1269300000    -1.0357400000
    8      H       3.3451800000     2.1817100000    -0.3115300000
    9      H       2.4338600000     2.3955800000     1.1860300000
   10      H       4.0298300000     0.0365000000     0.3465600000
   11      H       3.1425300000     0.1762700000     1.8683000000
   12      C       0.9181900000     2.4103600000    -1.4936800000
   13      C       2.3386700000    -2.0193500000    -0.1373400000
   14      H       3.2133200000    -2.0446100000    -0.7920300000
   15      H       2.5823900000    -2.5564300000     0.7837700000
   16      H       1.5180600000    -2.5423200000    -0.6344700000
   17      H       1.7350000000     2.5590800000    -2.2040000000
   18      H       0.6834100000     3.3737800000    -1.0319600000
   19      H       0.0375300000     2.0680000000    -2.0423500000
   20      H       0.8364300000    -0.4989200000     2.0820200000
   21      H      -0.0822000000    -1.1629700000     0.7268400000
   22      H      -0.7680100000     0.9858300000     0.0744500000
   23      H       0.1328800000     1.7218900000     1.4047900000
   24      GH      0.2129900000     1.8948600000     3.4436800000
   25      GH      0.6657100000     0.4732700000     3.8765700000
   26      GH      1.3216000000     2.2849900000     2.4315800000
   27      GH      2.6214900000     2.5968900000     3.2168400000
   28      GH      3.0753300000     1.1768300000     3.6530700000
   29      GH      1.9607300000     0.2877200000     3.0441200000
   30      GH      1.6373300000     1.0076000000     1.8320600000
   31      GH      3.3563100000     3.0623800000     2.5562700000
   32      GH      2.4449900000     3.2762500000     4.0538300000
   33      GH      4.0409600000     0.9171700000     3.2143600000
   34      GH      3.1536600000     1.0569400000     4.7361000000
   35      GH      0.9293200000     3.2910300000     1.3741200000
   36      GH      2.3498000000    -1.1386800000     2.7304600000
   37      GH      3.2244500000    -1.1639400000     2.0757700000
   38      GH      2.5935200000    -1.6757600000     3.6515700000
   39      GH      1.5291900000    -1.6616500000     2.2333300000
   40      GH      1.7461300000     3.4397500000     0.6638000000
   41      GH      0.6945400000     4.2544500000     1.8358400000
   42      GH      0.0486600000     2.9486700000     0.8254500000
   43      GH      0.8475600000     0.3817500000     4.9498200000
   44      GH     -0.0710700000    -0.2823000000     3.5946400000
   45      GH     -0.7568800000     1.8665000000     2.9422500000
   46      GH      0.1440100000     2.6025600000     4.2725900000
 ----------------------------------------------------------------
 Nuclear Repulsion Energy =   505.5140981702 hartrees
 There are       35 alpha and       35 beta electrons
 Requested basis set is 6-311++G(d,p)
 There are 248 shells and 592 basis functions

 Total QAlloc Memory Limit   4000 MB
 Mega-Array Size       392 MB
 MEM_STATIC part       400 MB
 A cutoff of  1.0D-12 yielded  27449 shell pairs
 There are    158652 function pairs (    168492 Cartesian)
 
 -------------------------------------------------------
 OpenMP Integral Computing Module                       
 Release: version 1.0, May 2013, Q-Chem Inc. Pittsburgh 
 -------------------------------------------------------
 Integral Job Info:
 Integral job number is                      11
 Integral operator is                         1
 short-range coefficients                     0
 long-range coefficients              100000000
 Omega coefficients                           0
 if combine SR and LR in K                    0
 Integral screening is                        0
 Integral computing path is                   2
 max size of driver memory is            800000
 size of driver memory is                593474
 size of scratch memory is              2361544
 max col of scratch BK array               1296
 max len of scratch array in speh3          155
 max len of scratch index in speh4           18
 max int batch size is                      520
 min int batch size is                       52
 fixed nKL is                                52
 max L of basis functions is                  2
 order of int derivative is                   0
 number of shells is                        248
 number of basis is                         610
 number of cartesian basis is               610
 number of contracted shell pairs         27449
 number of primitive shell pairs          58017
 maxK2 (contraction) of shell pair           36
 max number of K2 of shell pair               1
 max number of CS2 of shell pair           4778
 max number of PS2 of shell pair           8592
 mem total for path MDJ                  221010
 -------------------------------------------------------
 Smallest overlap matrix eigenvalue = 1.27E-07
 Linear dependence detected in AO basis
 Number of orthogonalized atomic orbitals = 588
 Maximum deviation from orthogonality = 3.528E-10

 Scale SEOQF with 1.000000e-01/1.000000e-01/1.000000e-01

 Standard Electronic Orientation quadrupole field applied
 Nucleus-field energy     =     0.0000000139 hartrees
 Guess from superposition of atomic densities
 Warning:  Energy on first SCF cycle will be non-variational

 Q-Chem warning in module /opt/software/qchem/qchem-5.0.1/libgen/Atomic_PolEc.C, line 58:

 No atomic polarizability available.


 Q-Chem warning in module /opt/software/qchem/qchem-5.0.1/libgen/Atomic_PolEc.C, line 73:

 No atomic polarizability available.


 Q-Chem warning in module /opt/software/qchem/qchem-5.0.1/libgen/Atomic_PolEc.C, line 58:

 No atomic polarizability available.


 Q-Chem warning in module /opt/software/qchem/qchem-5.0.1/libgen/Atomic_PolEc.C, line 73:

 No atomic polarizability available.


 Q-Chem warning in module /opt/software/qchem/qchem-5.0.1/libgen/Atomic_PolEc.C, line 58:

 No atomic polarizability available.


 Q-Chem warning in module /opt/software/qchem/qchem-5.0.1/libgen/Atomic_PolEc.C, line 73:

 No atomic polarizability available.


 Q-Chem warning in module /opt/software/qchem/qchem-5.0.1/libgen/Atomic_PolEc.C, line 58:

 No atomic polarizability available.


 Q-Chem warning in module /opt/software/qchem/qchem-5.0.1/libgen/Atomic_PolEc.C, line 73:

 No atomic polarizability available.


 Q-Chem warning in module /opt/software/qchem/qchem-5.0.1/libgen/Atomic_PolEc.C, line 58:

 No atomic polarizability available.


 Q-Chem warning in module /opt/software/qchem/qchem-5.0.1/libgen/Atomic_PolEc.C, line 73:

 No atomic polarizability available.


 Q-Chem warning in module /opt/software/qchem/qchem-5.0.1/libgen/Atomic_PolEc.C, line 58:

 No atomic polarizability available.


 Q-Chem warning in module /opt/software/qchem/qchem-5.0.1/libgen/Atomic_PolEc.C, line 73:

 No atomic polarizability available.


 Q-Chem warning in module /opt/software/qchem/qchem-5.0.1/libgen/Atomic_PolEc.C, line 58:

 No atomic polarizability available.


 Q-Chem warning in module /opt/software/qchem/qchem-5.0.1/libgen/Atomic_PolEc.C, line 73:

 No atomic polarizability available.


 Q-Chem warning in module /opt/software/qchem/qchem-5.0.1/libgen/Atomic_PolEc.C, line 58:

 No atomic polarizability available.


 Q-Chem warning in module /opt/software/qchem/qchem-5.0.1/libgen/Atomic_PolEc.C, line 73:

 No atomic polarizability available.


 Q-Chem warning in module /opt/software/qchem/qchem-5.0.1/libgen/Atomic_PolEc.C, line 58:

 No atomic polarizability available.


 Q-Chem warning in module /opt/software/qchem/qchem-5.0.1/libgen/Atomic_PolEc.C, line 73:

 No atomic polarizability available.


 Q-Chem warning in module /opt/software/qchem/qchem-5.0.1/libgen/Atomic_PolEc.C, line 58:

 No atomic polarizability available.


 Q-Chem warning in module /opt/software/qchem/qchem-5.0.1/libgen/Atomic_PolEc.C, line 73:

 No atomic polarizability available.


 Q-Chem warning in module /opt/software/qchem/qchem-5.0.1/libgen/Atomic_PolEc.C, line 58:

 No atomic polarizability available.


 Q-Chem warning in module /opt/software/qchem/qchem-5.0.1/libgen/Atomic_PolEc.C, line 73:

 No atomic polarizability available.


 Q-Chem warning in module /opt/software/qchem/qchem-5.0.1/libgen/Atomic_PolEc.C, line 58:

 No atomic polarizability available.


 Q-Chem warning in module /opt/software/qchem/qchem-5.0.1/libgen/Atomic_PolEc.C, line 73:

 No atomic polarizability available.


 Q-Chem warning in module /opt/software/qchem/qchem-5.0.1/libgen/Atomic_PolEc.C, line 58:

 No atomic polarizability available.


 Q-Chem warning in module /opt/software/qchem/qchem-5.0.1/libgen/Atomic_PolEc.C, line 73:

 No atomic polarizability available.


 Q-Chem warning in module /opt/software/qchem/qchem-5.0.1/libgen/Atomic_PolEc.C, line 58:

 No atomic polarizability available.


 Q-Chem warning in module /opt/software/qchem/qchem-5.0.1/libgen/Atomic_PolEc.C, line 73:

 No atomic polarizability available.


 Q-Chem warning in module /opt/software/qchem/qchem-5.0.1/libgen/Atomic_PolEc.C, line 58:

 No atomic polarizability available.


 Q-Chem warning in module /opt/software/qchem/qchem-5.0.1/libgen/Atomic_PolEc.C, line 73:

 No atomic polarizability available.


 Q-Chem warning in module /opt/software/qchem/qchem-5.0.1/libgen/Atomic_PolEc.C, line 58:

 No atomic polarizability available.


 Q-Chem warning in module /opt/software/qchem/qchem-5.0.1/libgen/Atomic_PolEc.C, line 73:

 No atomic polarizability available.


 Q-Chem warning in module /opt/software/qchem/qchem-5.0.1/libgen/Atomic_PolEc.C, line 58:

 No atomic polarizability available.


 Q-Chem warning in module /opt/software/qchem/qchem-5.0.1/libgen/Atomic_PolEc.C, line 73:

 No atomic polarizability available.


 Q-Chem warning in module /opt/software/qchem/qchem-5.0.1/libgen/Atomic_PolEc.C, line 58:

 No atomic polarizability available.


 Q-Chem warning in module /opt/software/qchem/qchem-5.0.1/libgen/Atomic_PolEc.C, line 73:

 No atomic polarizability available.


 Q-Chem warning in module /opt/software/qchem/qchem-5.0.1/libgen/Atomic_PolEc.C, line 58:

 No atomic polarizability available.


 Q-Chem warning in module /opt/software/qchem/qchem-5.0.1/libgen/Atomic_PolEc.C, line 73:

 No atomic polarizability available.


 Q-Chem warning in module /opt/software/qchem/qchem-5.0.1/libgen/Atomic_PolEc.C, line 58:

 No atomic polarizability available.


 Q-Chem warning in module /opt/software/qchem/qchem-5.0.1/libgen/Atomic_PolEc.C, line 73:

 No atomic polarizability available.


 Q-Chem warning in module /opt/software/qchem/qchem-5.0.1/libgen/Atomic_PolEc.C, line 58:

 No atomic polarizability available.


 Q-Chem warning in module /opt/software/qchem/qchem-5.0.1/libgen/Atomic_PolEc.C, line 73:

 No atomic polarizability available.


 Q-Chem warning in module /opt/software/qchem/qchem-5.0.1/libgen/Atomic_PolEc.C, line 58:

 No atomic polarizability available.


 Q-Chem warning in module /opt/software/qchem/qchem-5.0.1/libgen/Atomic_PolEc.C, line 73:

 No atomic polarizability available.


 Q-Chem warning in module /opt/software/qchem/qchem-5.0.1/libgen/Atomic_PolEc.C, line 58:

 No atomic polarizability available.


 Q-Chem warning in module /opt/software/qchem/qchem-5.0.1/libgen/Atomic_PolEc.C, line 73:

 No atomic polarizability available.

 A restricted hybrid HF-DFT SCF calculation will be
 performed using Pulay DIIS extrapolation
 Exchange:     0.2000 Hartree-Fock + 0.0800 Slater + 0.7200 B88
 Correlation:  0.1900 VWN1RPA + 0.8100 LYP
 Using SG-1 standard quadrature grid
 Dispersion:   Grimme D3
 SCF converges when DIIS error is below 1.0E-08
 using 4 threads for integral computing
 -------------------------------------------------------
 OpenMP Integral computing Module                
 Release: version 1.0, May 2013, Q-Chem Inc. Pittsburgh 
 -------------------------------------------------------
 -------------------------------------------------------
 OpenMP BLAS3 based DFT computing Module                
 Release: version 1.0, May 2013, Q-Chem Inc. Pittsburgh 
 -------------------------------------------------------
 ---------------------------------------
  Cycle       Energy         DIIS Error
 ---------------------------------------
    1    -390.4183004007      1.78E-02
    2    -388.4208336160      2.23E-03
    3    -388.3277016270      2.69E-03
    4    -388.6332159102      4.35E-04
    5    -388.6389112814      1.48E-04
    6    -388.6395607953      4.39E-05
    7    -388.6396176464      1.47E-05
    8    -388.6396256261      1.28E-06
    9    -388.6396256922      4.87E-07
   10    -388.6396257010      1.62E-07
   11    -388.6396257021      1.50E-08
   12    -388.6396257021      3.35E-09 Convergence criterion met
 ---------------------------------------
 SCF time:  CPU 1759.98 s  wall 443.98 s
 SCF   energy in the final basis set = -388.63962570
 Total energy in the final basis set = -388.63962570
 
 --------------------------------------------------------------
 
                    Orbital Energies (a.u.)
 --------------------------------------------------------------
 
 Alpha MOs
 -- Occupied --
-19.113 -10.223 -10.223 -10.166 -10.166 -10.166 -10.166 -10.160
-10.160  -1.043  -0.799  -0.788  -0.749  -0.716  -0.650  -0.613
 -0.557  -0.553  -0.484  -0.475  -0.466  -0.440  -0.417  -0.408
 -0.404  -0.402  -0.383  -0.359  -0.344  -0.343  -0.341  -0.335
 -0.317  -0.298  -0.260
 -- Virtual --
 -0.012  -0.000   0.008   0.009   0.022   0.027   0.030   0.030
  0.037   0.042   0.052   0.056   0.057   0.057   0.060   0.066
  0.066   0.070   0.081   0.084   0.085   0.086   0.090   0.096
  0.097   0.097   0.099   0.107   0.109   0.114   0.118   0.120
  0.121   0.122   0.129   0.131   0.137   0.138   0.144   0.145
  0.147   0.150   0.151   0.151   0.152   0.154   0.156   0.161
  0.161   0.165   0.172   0.176   0.177   0.178   0.180   0.182
  0.184   0.191   0.191   0.195   0.197   0.197   0.205   0.206
  0.209   0.211   0.212   0.214   0.223   0.225   0.229   0.230
  0.232   0.243   0.244   0.245   0.250   0.255   0.256   0.265
  0.266   0.269   0.270   0.273   0.277   0.278   0.278   0.283
  0.292   0.293   0.294   0.297   0.306   0.310   0.314   0.318
  0.320   0.326   0.328   0.330   0.337   0.337   0.341   0.353
  0.355   0.360   0.361   0.371   0.373   0.375   0.381   0.388
  0.392   0.393   0.395   0.398   0.402   0.406   0.407   0.414
  0.426   0.429   0.449   0.451   0.457   0.459   0.462   0.463
  0.471   0.477   0.485   0.493   0.499   0.502   0.505   0.514
  0.530   0.530   0.533   0.542   0.544   0.550   0.556   0.570
  0.573   0.579   0.590   0.595   0.603   0.609   0.626   0.636
  0.643   0.648   0.648   0.656   0.656   0.666   0.666   0.674
  0.675   0.676   0.687   0.691   0.704   0.704   0.713   0.714
  0.718   0.723   0.735   0.735   0.737   0.743   0.753   0.766
  0.766   0.775   0.778   0.785   0.794   0.796   0.797   0.815
  0.820   0.829   0.834   0.837   0.841   0.853   0.854   0.854
  0.866   0.882   0.904   0.911   0.921   0.922   0.951   0.962
  0.964   0.984   0.986   0.997   1.018   1.034   1.036   1.050
  1.070   1.078   1.092   1.112   1.124   1.130   1.150   1.152
  1.163   1.191   1.195   1.204   1.227   1.231   1.258   1.268
  1.271   1.276   1.291   1.292   1.321   1.327   1.346   1.360
  1.361   1.382   1.412   1.428   1.447   1.460   1.479   1.484
  1.489   1.492   1.495   1.499   1.505   1.529   1.530   1.533
  1.545   1.554   1.563   1.563   1.573   1.596   1.604   1.616
  1.620   1.620   1.632   1.634   1.643   1.644   1.655   1.673
  1.675   1.680   1.681   1.690   1.691   1.728   1.728   1.728
  1.750   1.766   1.766   1.775   1.776   1.794   1.802   1.814
  1.827   1.836   1.837   1.857   1.860   1.865   1.869   1.871
  1.879   1.892   1.898   1.906   1.916   1.926   1.930   1.935
  1.938   1.947   1.966   1.976   1.992   1.995   1.999   2.001
  2.018   2.023   2.037   2.049   2.056   2.057   2.067   2.089
  2.092   2.101   2.103   2.104   2.127   2.130   2.133   2.153
  2.178   2.193   2.207   2.208   2.211   2.215   2.243   2.255
  2.268   2.271   2.274   2.298   2.301   2.309   2.314   2.323
  2.328   2.333   2.338   2.371   2.382   2.384   2.398   2.410
  2.420   2.423   2.450   2.461   2.464   2.464   2.477   2.480
  2.494   2.496   2.523   2.526   2.533   2.536   2.541   2.542
  2.556   2.563   2.565   2.567   2.601   2.615   2.618   2.626
  2.636   2.650   2.662   2.667   2.672   2.674   2.682   2.694
  2.698   2.705   2.724   2.734   2.772   2.783   2.788   2.797
  2.805   2.829   2.843   2.855   2.858   2.869   2.886   2.894
  2.901   2.920   2.937   2.958   2.990   3.001   3.009   3.024
  3.054   3.060   3.063   3.065   3.068   3.084   3.086   3.127
  3.137   3.143   3.145   3.147   3.148   3.176   3.201   3.204
  3.210   3.215   3.224   3.250   3.269   3.278   3.284   3.306
  3.322   3.341   3.346   3.354   3.374   3.389   3.429   3.447
  3.484   3.490   3.494   3.515   3.531   3.567   3.575   3.583
  3.611   3.619   3.673   3.682   3.687   3.693   3.715   3.730
  3.750   3.759   3.770   3.783   3.839   3.839   3.843   3.843
  3.893   3.931   3.935   3.968   3.972   3.999   4.028   4.037
  4.082   4.083   4.150   4.182   4.187   4.190   4.233   4.234
  4.298   4.309   4.342   4.509   4.541   4.648   4.672   4.803
  4.811   4.832   4.835   4.866   4.928   4.931   4.975   4.984
  4.988   5.019   5.042   5.049   5.117   5.163   5.223   5.342
  5.564   5.700   5.741   7.414   7.455   7.530   7.613   7.624
  7.668   7.745   7.796   7.835   7.847   7.880   7.949   7.951
  7.993   8.043   8.108   8.156   8.276   8.282   8.362   8.522
  8.527   8.618   8.793   9.901   9.910   9.988  10.045  10.052
 10.077  10.118  10.358  13.946  14.291  14.403  18.872  23.870
 23.985  23.999  24.077  24.088  24.183  24.284  24.312  50.061
 69.815  69.820  69.911  69.934  69.965  69.985  70.037  70.235
139.783
 --------------------------------------------------------------
 
          Ground-State Mulliken Net Atomic Charges

     Atom                 Charge (a.u.)
  ----------------------------------------
      1 C                     0.028673
      2 C                     0.028300
      3 C                    -0.813248
      4 C                     0.030431
      5 C                     0.031916
      6 C                    -0.805180
      7 O                     0.155716
      8 H                     0.236480
      9 H                     0.090691
     10 H                     0.236868
     11 H                     0.089861
     12 C                    -0.293371
     13 C                    -0.295769
     14 H                     0.159475
     15 H                     0.126993
     16 H                     0.159497
     17 H                     0.159468
     18 H                     0.127091
     19 H                     0.159322
     20 H                     0.091812
     21 H                     0.236629
     22 H                     0.236157
     23 H                     0.089299
     24 GH                    0.011117
     25 GH                    0.012131
     26 GH                   -0.134559
     27 GH                    0.010337
     28 GH                    0.011692
     29 GH                   -0.140800
     30 GH                   -0.405477
     31 GH                   -0.001864
     32 GH                   -0.000380
     33 GH                   -0.001711
     34 GH                   -0.000289
     35 GH                    0.126765
     36 GH                    0.127527
     37 GH                    0.031180
     38 GH                   -0.001549
     39 GH                    0.031393
     40 GH                    0.031467
     41 GH                   -0.001481
     42 GH                    0.031614
     43 GH                   -0.000351
     44 GH                   -0.001859
     45 GH                   -0.001668
     46 GH                   -0.000347
  ----------------------------------------
  Sum of atomic charges =     0.000000

 -----------------------------------------------------------------
                    Cartesian Multipole Moments
 -----------------------------------------------------------------
    Charge (ESU x 10^10)
                 0.0000
    Dipole Moment (Debye)
         X       0.0078      Y       0.4520      Z       1.4714
       Tot       1.5392
    Quadrupole Moments (Debye-Ang)
        XX     -56.6153     XY       0.1753     YY     -54.8896
        XZ       2.5573     YZ      -0.6335     ZZ     -59.1100
    Octopole Moments (Debye-Ang^2)
       XXX    -277.0452    XXY     -26.8546    XYY     -90.4211
       YYY     -74.3726    XXZ       1.2890    XYZ      -1.5544
       YYZ      -1.0371    XZZ     -95.9237    YZZ     -23.9195
       ZZZ       5.8889
    Hexadecapole Moments (Debye-Ang^3)
      XXXX   -1330.2915   XXXY     -67.9617   XXYY    -360.8442
      XYYY     -60.3614   YYYY    -834.8722   XXXZ     -26.7645
      XXYZ      18.2998   XYYZ      -9.5118   YYYZ      73.0413
      XXZZ    -287.0506   XYZZ     -19.5104   YYZZ    -194.4148
      XZZZ      -7.6274   YZZZ      69.1133   ZZZZ    -352.8648
 -----------------------------------------------------------------
Archival summary:
1\1\vega02.cac.cornell.edu\SP\ProcedureUnspecified\BasisUnspecified\1814h23\jj585\TueApr1723:31:062018TueApr1723:31:062018\0\\#,ProcedureUnspecified,BasisUnspecified,\\0,1\O\C,1,1.44597\C,1,1.44634,2,98.1095\C,2,1.51136,1,110.77,3,-179.998,0\H,4,1.09262,2,110.608,1,60.2832,0\H,4,1.09263,2,110.575,1,-60.0402,0\H,4,1.09384,2,110.283,1,-179.869,0\C,3,1.51141,1,110.694,2,-179.879,0\H,8,1.09272,3,110.657,1,-60.1545,0\H,8,1.09283,3,110.62,1,60.1323,0\H,8,1.09375,3,110.244,1,179.953,0\C,2,1.55036,1,101.809,3,56.0867,0\H,12,1.09224,2,110.089,1,84.2905,0\H,12,1.09235,2,112.194,1,-155.556,0\Gh,14,1.35499,12,105.424,2,-50.6282,0\Gh,15,1.09263,14,91.3742,12,123.214,0\Gh,16,1.09262,15,108.586,14,-111.906,0\Gh,16,1.09384,15,108.36,14,130.597,0\H,17,1.35931,16,91.0789,15,111.518,0\C,19,1.0921,17,105.382,16,-123.231,0\H,20,1.09219,19,108.011,17,-70.2879,0\Gh,16,1.51136,15,110.575,14,9.61893,0\Gh,22,1.44597,16,110.77,15,-60.0402,0\Gh,23,1.44634,22,98.1095,16,-179.998,0\Gh,24,1.51141,23,110.694,22,-179.879,0\Gh,25,1.09272,24,110.657,23,-60.1545,0\Gh,25,1.09283,24,110.62,23,60.1323,0\Gh,25,1.09375,24,110.244,23,179.953,0\H,27,1.35865,25,91.1702,24,-9.84235,0\C,29,1.09246,27,105.305,25,-123.24,0\H,30,1.09194,29,107.987,27,-70.3794,0\H,26,1.36189,25,91.3721,24,9.69887,0\C,32,1.09239,26,105.389,25,123.041,0\H,33,1.09234,32,107.933,26,70.879,0\Gh,22,1.55036,16,115.982,15,55.3209,0\Gh,35,1.09224,22,110.089,16,-36.0353,0\Gh,35,1.09235,22,112.194,16,84.118,0\Gh,24,1.55038,23,101.798,22,-56.0407,0\Gh,38,1.09194,24,109.973,23,-84.3583,0\Gh,38,1.09246,24,112.21,23,155.424,0\Gh,24,1.55064,23,101.747,22,56.1879,0\Gh,41,1.09234,24,109.998,23,84.2326,0\Gh,41,1.09239,24,112.234,23,-155.586,0\Gh,22,1.55099,16,116.007,15,-175.4,0\Gh,44,1.0921,22,112.175,16,-84.3324,0\Gh,44,1.09219,22,109.978,16,35.8962,0\\\@

 Total job time:  445.26s(wall), 1763.02s(cpu) 
 Tue Apr 17 23:31:06 2018

        *************************************************************
        *                                                           *
        *  Thank you very much for using Q-Chem.  Have a nice day.  *
        *                                                           *
        *************************************************************


0 sent ACK to 0 
now end server 0 ... 
