mFile = /opt/software/qchem/qchem-5.0.1//bin/mpi/machines
Process 0 of 1 is on vega01.cac.cornell.edu - thread support 0
initial socket setup ...start
initial socket setup ...done 
now start server 0 ... 
localhost 127.0.0
Q-Chem Developer Version! Running on 127.0.0.*
                  Welcome to Q-Chem
     A Quantum Leap Into The Future Of Chemistry


 Q-Chem 5.0, Q-Chem, Inc., Pleasanton, CA (2017)

 Yihan Shao,  Zhengting Gan,  E. Epifanovsky,  A. T. B. Gilbert,  M. Wormit,  
 J. Kussmann,  A. W. Lange,  A. Behn,  Jia Deng,  Xintian Feng,  D. Ghosh,  
 M. Goldey,  P. R. Horn,  L. D. Jacobson,  I. Kaliman,  T. Kus,  A. Landau,  
 Jie Liu,  E. I. Proynov,  R. M. Richard,  R. P. Steele,  E. J. Sundstrom,  
 H. L. Woodcock III,  P. M. Zimmerman,  D. Zuev,  B. Albrecht,  E. Alguire,  
 S. A. Baeppler,  Z. Benda,  Y. A. Bernard,  E. J. Berquist,  K. B. Bravaya,  
 D. Casanova,  Chun-Min Chang,  Yunqing Chen,  A. Chien,  K. D. Closser,  
 M. P. Coons,  S. Dasgupta,  M. Diedenhofen,  Hainam Do,  R. G. Edgar,  
 Po-Tung Fang,  S. Fatehi,  Qingguo Feng,  Qinghui Ge,  A. Ghysels,  
 J. Gomes,  J. Gonthier,  A. Gunina,  M. W. D. Hanson-Heine,  
 P. H. P. Harbach,  A. W. Hauser,  J. E. Herr,  E. G. Hohenstein,  
 Z. C. Holden,  Kerwin Hui,  T.-C. Jagau,  Hyunjun Ji,  B. Kaduk,  
 K. Khistyaev,  Jaehoon Kim,  P. Klunzinger,  K. Koh,  D. Kosenkov,  
 T. Kowalczyk,  C. M. Krauter,  A. Kunitsa,  Ka Un Lao,  A. Laurent,  
 K. V. Lawler,  Joonho Lee,  D. Lefrancois,  S. Lehtola,  D. S. Levine,  
 Yi-Pei Li,  You-Sheng Lin,  Fenglai Liu,  E. Livshits,  A. Luenser,  
 P. Manohar,  E. Mansoor,  S. F. Manzer,  Shan-Ping Mao,  Yuezhi Mao,  
 N. Mardirossian,  A. V. Marenich,  L. A. Martinez-Martinez,  S. A. Maurer,  
 N. J. Mayhall,  S. C. McKenzie,  J.-M. Mewes,  A. F. Morrison,  K. Nanda,  
 T. S. Nguyen-Beck,  R. Olivares-Amaya,  J. A. Parkhill,  T. M. Perrine,  
 F. Plasser,  S. Prager,  A. Prociuk,  D. R. Rehn,  F. Rob,  M. Schneider,  
 N. Sergueev,  S. M. Sharada,  S. Sharma,  D. W. Small,  T. Stauch,  
 T. Stein,  Yu-Chuan Su,  A. J. W. Thom,  T. Tsuchimochi,  L. Vogt,  
 O. Vydrov,  M. A. Watson,  J. Wenzel,  M. de Wergifosse,  T. A. Wesolowski,  
 A. White,  J. Witte,  A. Yamada,  Jun Yang,  K. Yao,  S. Yeganeh,  
 S. R. Yost,  Zhi-Qiang You,  A. Zech,  Igor Ying Zhang,  Xing Zhang,  
 Yan Zhao,  Ying Zhu,  B. R. Brooks,  G. K. L. Chan,  C. J. Cramer,  
 M. S. Gordon,  W. J. Hehre,  A. Klamt,  M. W. Schmidt,  C. D. Sherrill,  
 D. G. Truhlar,  A. Aspuru-Guzik,  R. Baer,  A. T. Bell,  N. A. Besley,  
 Jeng-Da Chai,  A. Dreuw,  B. D. Dunietz,  T. R. Furlani,  Chao-Ping Hsu,  
 Yousung Jung,  Jing Kong,  D. S. Lambrecht,  WanZhen Liang,  C. Ochsenfeld,  
 V. A. Rassolov,  L. V. Slipchenko,  J. E. Subotnik,  T. Van Voorhis,  
 J. M. Herbert,  A. I. Krylov,  P. M. W. Gill,  M. Head-Gordon

 Contributors to earlier versions of Q-Chem not listed above: 
 R. D. Adamson,  B. Austin,  J. Baker,  G. J. O. Beran,  K. Brandhorst,  
 S. T. Brown,  E. F. C. Byrd,  A. K. Chakraborty,  C.-L. Cheng,  
 Siu Hung Chien,  D. M. Chipman,  D. L. Crittenden,  H. Dachsel,  
 R. A. DiStasio Jr.,  R. J. Doerksen,  A. D. Dutoi,  L. Fusti-Molnar,  
 W. A. Goddard III,  A. Golubeva-Zadorozhnaya,  S. R. Gwaltney,  G. Hawkins,  
 A. Heyden,  S. Hirata,  G. Kedziora,  F. J. Keil,  C. Kelley,  Jihan Kim,  
 R. A. King,  R. Z. Khaliullin,  P. P. Korambath,  W. Kurlancheek,  
 A. M. Lee,  M. S. Lee,  S. V. Levchenko,  Ching Yeh Lin,  D. Liotard,  
 R. C. Lochan,  I. Lotan,  P. E. Maslen,  N. Nair,  D. P. O'Neill,  
 D. Neuhauser,  E. Neuscamman,  C. M. Oana,  R. Olson,  B. Peters,  
 R. Peverati,  P. A. Pieniazek,  Y. M. Rhee,  J. Ritchie,  M. A. Rohrdanz,  
 E. Rosta,  N. J. Russ,  H. F. Schaefer III,  N. E. Schultz,  N. Shenvi,  
 A. C. Simmonett,  A. Sodt,  D. Stuck,  K. S. Thanthiriwatte,  V. Vanovschi,  
 Tao Wang,  A. Warshel,  C. F. Williams,  Q. Wu,  X. Xu,  W. Zhang

 Please cite Q-Chem as follows:
 Y. Shao et al., Mol. Phys. 113, 184-215 (2015)
 DOI: 10.1080/00268976.2014.952696

 Q-Chem 5.0.1 for Intel X86 EM64T Linux

 Parts of Q-Chem use Armadillo 5.200.1 (Boston Tea Smuggler).
 http://arma.sourceforge.net/

 Q-Chem begins on Tue Apr 17 15:44:13 2018  

Host: vega01.cac.cornell.edu
0

     Scratch files written to /scratch/jj585/vdw/01n00_distance_3.000_10.save//
 Parallel job on  1  processors

Checking the input file for inconsistencies... 	...done.

--------------------------------------------------------------
User input:
--------------------------------------------------------------
$molecule
0  1
C        -0.54444000        -0.68370000        -0.06689000
C        -0.55709000        +0.71878000        +0.05493000
C        -1.74320000        -1.41616000        -0.12552000
C        -2.93952000        -0.70056000        -0.05285000
C        -2.95313000        +0.68255000        +0.06934000
C        -1.77161000        +1.42404000        +0.12810000
H        -3.90354000        +1.20325000        +0.11710000
H        -3.87892000        -1.24211000        -0.08988000
C        -1.83960000        +2.92746000        +0.24839000
H        -1.24214000        +3.42352000        -0.52065000
H        -1.45503000        +3.26427000        +1.21284000
H        -2.87211000        +3.26623000        +0.14638000
H        -1.73878000        -2.44393000        -0.21875000
H        +0.35825000        -1.18166000        -0.11386000
H        +0.33551000        +1.23549000        +0.09097000
@C        -0.52380000        -0.94527000        +2.92161000
@C        -0.53645000        +0.45721000        +3.04343000
@C        -1.72256000        -1.67773000        +2.86298000
@C        -2.91888000        -0.96213000        +2.93565000
@C        -2.93249000        +0.42098000        +3.05784000
@C        -1.75097000        +1.16247000        +3.11660000
@H        -3.88290000        +0.94168000        +3.10560000
@H        -3.85828000        -1.50368000        +2.89862000
@C        -1.81896000        +2.66589000        +3.23689000
@H        -1.22150000        +3.16195000        +2.46785000
@H        -1.43439000        +3.00270000        +4.20134000
@H        -2.85147000        +3.00466000        +3.13488000
@H        -1.71814000        -2.70550000        +2.76975000
@H        +0.37889000        -1.44323000        +2.87464000
@H        +0.35615000        +0.97392000        +3.07947000
$end

$rem
JOBTYPE                   SP
METHOD                    B3LYP
DFT_D                     d3_op
BASIS                     6-311++G(d,p)
SYMMETRY                  False
THRESH                    12
SCF_CONVERGENCE           8
MAX_SUB_FILE_NUM          128
MEM_STATIC                400
MEM_TOTAL                 4000
$end
--------------------------------------------------------------
 Adding empirical dispersion correction 
 ----------------------------------------------------------------
 Doing -D3(op) with
 s6 =   1.00000
 s8 =   0.78311
 a1 =   0.30000
 a2 =   4.25000
 n  =  10.00000
 -D3 energy without 3body term =     -0.0113800034 hartrees
 ----------------------------------------------------------------
             Standard Nuclear Orientation (Angstroms)
    I     Atom           X                Y                Z
 ----------------------------------------------------------------
    1      C      -0.5444400000    -0.6837000000    -0.0668900000
    2      C      -0.5570900000     0.7187800000     0.0549300000
    3      C      -1.7432000000    -1.4161600000    -0.1255200000
    4      C      -2.9395200000    -0.7005600000    -0.0528500000
    5      C      -2.9531300000     0.6825500000     0.0693400000
    6      C      -1.7716100000     1.4240400000     0.1281000000
    7      H      -3.9035400000     1.2032500000     0.1171000000
    8      H      -3.8789200000    -1.2421100000    -0.0898800000
    9      C      -1.8396000000     2.9274600000     0.2483900000
   10      H      -1.2421400000     3.4235200000    -0.5206500000
   11      H      -1.4550300000     3.2642700000     1.2128400000
   12      H      -2.8721100000     3.2662300000     0.1463800000
   13      H      -1.7387800000    -2.4439300000    -0.2187500000
   14      H       0.3582500000    -1.1816600000    -0.1138600000
   15      H       0.3355100000     1.2354900000     0.0909700000
   16      GH     -0.5238000000    -0.9452700000     2.9216100000
   17      GH     -0.5364500000     0.4572100000     3.0434300000
   18      GH     -1.7225600000    -1.6777300000     2.8629800000
   19      GH     -2.9188800000    -0.9621300000     2.9356500000
   20      GH     -2.9324900000     0.4209800000     3.0578400000
   21      GH     -1.7509700000     1.1624700000     3.1166000000
   22      GH     -3.8829000000     0.9416800000     3.1056000000
   23      GH     -3.8582800000    -1.5036800000     2.8986200000
   24      GH     -1.8189600000     2.6658900000     3.2368900000
   25      GH     -1.2215000000     3.1619500000     2.4678500000
   26      GH     -1.4343900000     3.0027000000     4.2013400000
   27      GH     -2.8514700000     3.0046600000     3.1348800000
   28      GH     -1.7181400000    -2.7055000000     2.7697500000
   29      GH      0.3788900000    -1.4432300000     2.8746400000
   30      GH      0.3561500000     0.9739200000     3.0794700000
 ----------------------------------------------------------------
 Nuclear Repulsion Energy =   269.2168625664 hartrees
 There are       25 alpha and       25 beta electrons
 Requested basis set is 6-311++G(d,p)
 There are 164 shells and 420 basis functions

 Total QAlloc Memory Limit   4000 MB
 Mega-Array Size       392 MB
 MEM_STATIC part       400 MB
 A cutoff of  1.0D-12 yielded  12155 shell pairs
 There are     82185 function pairs (     87895 Cartesian)
 
 -------------------------------------------------------
 OpenMP Integral Computing Module                       
 Release: version 1.0, May 2013, Q-Chem Inc. Pittsburgh 
 -------------------------------------------------------
 Integral Job Info:
 Integral job number is                      11
 Integral operator is                         1
 short-range coefficients                     0
 long-range coefficients              100000000
 Omega coefficients                           0
 if combine SR and LR in K                    0
 Integral screening is                        0
 Integral computing path is                   2
 max size of driver memory is            800000
 size of driver memory is                593474
 size of scratch memory is              2361544
 max col of scratch BK array               1296
 max len of scratch array in speh3          155
 max len of scratch index in speh4           18
 max int batch size is                      520
 min int batch size is                       52
 fixed nKL is                                52
 max L of basis functions is                  2
 order of int derivative is                   0
 number of shells is                        164
 number of basis is                         434
 number of cartesian basis is               434
 number of contracted shell pairs         12155
 number of primitive shell pairs          27025
 maxK2 (contraction) of shell pair           36
 max number of K2 of shell pair               1
 max number of CS2 of shell pair           2135
 max number of PS2 of shell pair           3786
 mem total for path MDJ                  138520
 -------------------------------------------------------
 Smallest overlap matrix eigenvalue = 7.59E-08
 Linear dependence detected in AO basis
 Number of orthogonalized atomic orbitals = 418
 Maximum deviation from orthogonality = 1.004E-10

 Scale SEOQF with 1.000000e-01/1.000000e-01/1.000000e-01

 Standard Electronic Orientation quadrupole field applied
 Nucleus-field energy     =     0.0000000167 hartrees
 Guess from superposition of atomic densities
 Warning:  Energy on first SCF cycle will be non-variational

 Q-Chem warning in module /opt/software/qchem/qchem-5.0.1/libgen/Atomic_PolEc.C, line 58:

 No atomic polarizability available.


 Q-Chem warning in module /opt/software/qchem/qchem-5.0.1/libgen/Atomic_PolEc.C, line 73:

 No atomic polarizability available.


 Q-Chem warning in module /opt/software/qchem/qchem-5.0.1/libgen/Atomic_PolEc.C, line 58:

 No atomic polarizability available.


 Q-Chem warning in module /opt/software/qchem/qchem-5.0.1/libgen/Atomic_PolEc.C, line 73:

 No atomic polarizability available.


 Q-Chem warning in module /opt/software/qchem/qchem-5.0.1/libgen/Atomic_PolEc.C, line 58:

 No atomic polarizability available.


 Q-Chem warning in module /opt/software/qchem/qchem-5.0.1/libgen/Atomic_PolEc.C, line 73:

 No atomic polarizability available.


 Q-Chem warning in module /opt/software/qchem/qchem-5.0.1/libgen/Atomic_PolEc.C, line 58:

 No atomic polarizability available.


 Q-Chem warning in module /opt/software/qchem/qchem-5.0.1/libgen/Atomic_PolEc.C, line 73:

 No atomic polarizability available.


 Q-Chem warning in module /opt/software/qchem/qchem-5.0.1/libgen/Atomic_PolEc.C, line 58:

 No atomic polarizability available.


 Q-Chem warning in module /opt/software/qchem/qchem-5.0.1/libgen/Atomic_PolEc.C, line 73:

 No atomic polarizability available.


 Q-Chem warning in module /opt/software/qchem/qchem-5.0.1/libgen/Atomic_PolEc.C, line 58:

 No atomic polarizability available.


 Q-Chem warning in module /opt/software/qchem/qchem-5.0.1/libgen/Atomic_PolEc.C, line 73:

 No atomic polarizability available.


 Q-Chem warning in module /opt/software/qchem/qchem-5.0.1/libgen/Atomic_PolEc.C, line 58:

 No atomic polarizability available.


 Q-Chem warning in module /opt/software/qchem/qchem-5.0.1/libgen/Atomic_PolEc.C, line 73:

 No atomic polarizability available.


 Q-Chem warning in module /opt/software/qchem/qchem-5.0.1/libgen/Atomic_PolEc.C, line 58:

 No atomic polarizability available.


 Q-Chem warning in module /opt/software/qchem/qchem-5.0.1/libgen/Atomic_PolEc.C, line 73:

 No atomic polarizability available.


 Q-Chem warning in module /opt/software/qchem/qchem-5.0.1/libgen/Atomic_PolEc.C, line 58:

 No atomic polarizability available.


 Q-Chem warning in module /opt/software/qchem/qchem-5.0.1/libgen/Atomic_PolEc.C, line 73:

 No atomic polarizability available.


 Q-Chem warning in module /opt/software/qchem/qchem-5.0.1/libgen/Atomic_PolEc.C, line 58:

 No atomic polarizability available.


 Q-Chem warning in module /opt/software/qchem/qchem-5.0.1/libgen/Atomic_PolEc.C, line 73:

 No atomic polarizability available.


 Q-Chem warning in module /opt/software/qchem/qchem-5.0.1/libgen/Atomic_PolEc.C, line 58:

 No atomic polarizability available.


 Q-Chem warning in module /opt/software/qchem/qchem-5.0.1/libgen/Atomic_PolEc.C, line 73:

 No atomic polarizability available.


 Q-Chem warning in module /opt/software/qchem/qchem-5.0.1/libgen/Atomic_PolEc.C, line 58:

 No atomic polarizability available.


 Q-Chem warning in module /opt/software/qchem/qchem-5.0.1/libgen/Atomic_PolEc.C, line 73:

 No atomic polarizability available.


 Q-Chem warning in module /opt/software/qchem/qchem-5.0.1/libgen/Atomic_PolEc.C, line 58:

 No atomic polarizability available.


 Q-Chem warning in module /opt/software/qchem/qchem-5.0.1/libgen/Atomic_PolEc.C, line 73:

 No atomic polarizability available.


 Q-Chem warning in module /opt/software/qchem/qchem-5.0.1/libgen/Atomic_PolEc.C, line 58:

 No atomic polarizability available.


 Q-Chem warning in module /opt/software/qchem/qchem-5.0.1/libgen/Atomic_PolEc.C, line 73:

 No atomic polarizability available.


 Q-Chem warning in module /opt/software/qchem/qchem-5.0.1/libgen/Atomic_PolEc.C, line 58:

 No atomic polarizability available.


 Q-Chem warning in module /opt/software/qchem/qchem-5.0.1/libgen/Atomic_PolEc.C, line 73:

 No atomic polarizability available.

 A restricted hybrid HF-DFT SCF calculation will be
 performed using Pulay DIIS extrapolation
 Exchange:     0.2000 Hartree-Fock + 0.0800 Slater + 0.7200 B88
 Correlation:  0.1900 VWN1RPA + 0.8100 LYP
 Using SG-1 standard quadrature grid
 Dispersion:   Grimme D3
 SCF converges when DIIS error is below 1.0E-08
 using 4 threads for integral computing
 -------------------------------------------------------
 OpenMP Integral computing Module                
 Release: version 1.0, May 2013, Q-Chem Inc. Pittsburgh 
 -------------------------------------------------------
 -------------------------------------------------------
 OpenMP BLAS3 based DFT computing Module                
 Release: version 1.0, May 2013, Q-Chem Inc. Pittsburgh 
 -------------------------------------------------------
 ---------------------------------------
  Cycle       Energy         DIIS Error
 ---------------------------------------
    1    -273.1503916706      2.20E-02
    2    -271.4978806255      2.45E-03
    3    -271.4749114615      2.66E-03
    4    -271.6439559253      2.05E-04
    5    -271.6445981521      1.03E-04
    6    -271.6447799566      4.41E-05
    7    -271.6448190429      1.63E-05
    8    -271.6448254805      1.33E-06
    9    -271.6448255115      7.97E-07
   10    -271.6448255253      1.91E-07
   11    -271.6448255260      8.05E-08
   12    -271.6448255262      1.03E-08
   13    -271.6448255262      1.46E-09 Convergence criterion met
 ---------------------------------------
 SCF time:  CPU 462.51 s  wall 115.97 s
 SCF   energy in the final basis set = -271.64482553
 Total energy in the final basis set = -271.64482553
 
 --------------------------------------------------------------
 
                    Orbital Energies (a.u.)
 --------------------------------------------------------------
 
 Alpha MOs
 -- Occupied --
-10.185 -10.174 -10.172 -10.171 -10.170 -10.169 -10.169  -0.858
 -0.776  -0.747  -0.691  -0.611  -0.591  -0.521  -0.465  -0.462
 -0.424  -0.423  -0.418  -0.390  -0.358  -0.350  -0.342  -0.255
 -0.248
 -- Virtual --
 -0.018  -0.014  -0.008   0.005   0.009   0.020   0.028   0.031
  0.038   0.042   0.048   0.055   0.064   0.065   0.066   0.068
  0.081   0.085   0.094   0.095   0.100   0.102   0.105   0.111
  0.111   0.117   0.122   0.122   0.126   0.128   0.133   0.135
  0.138   0.147   0.150   0.151   0.159   0.163   0.166   0.166
  0.170   0.173   0.178   0.179   0.182   0.184   0.189   0.191
  0.196   0.202   0.213   0.215   0.216   0.222   0.223   0.225
  0.233   0.237   0.238   0.248   0.252   0.256   0.263   0.268
  0.270   0.276   0.277   0.280   0.285   0.290   0.292   0.298
  0.299   0.308   0.309   0.317   0.321   0.330   0.337   0.339
  0.344   0.349   0.366   0.369   0.377   0.380   0.383   0.393
  0.395   0.397   0.411   0.421   0.423   0.425   0.437   0.455
  0.459   0.482   0.485   0.497   0.498   0.513   0.522   0.539
  0.545   0.548   0.557   0.565   0.573   0.577   0.592   0.604
  0.609   0.614   0.622   0.626   0.644   0.647   0.651   0.657
  0.677   0.704   0.709   0.715   0.720   0.722   0.725   0.730
  0.738   0.740   0.754   0.763   0.770   0.780   0.785   0.792
  0.796   0.802   0.817   0.829   0.833   0.859   0.870   0.886
  0.898   0.906   0.911   0.924   0.930   0.940   0.946   0.953
  0.959   0.973   0.987   1.004   1.016   1.027   1.040   1.073
  1.083   1.109   1.120   1.127   1.129   1.145   1.157   1.173
  1.214   1.243   1.251   1.278   1.311   1.359   1.369   1.382
  1.404   1.428   1.462   1.465   1.475   1.493   1.518   1.531
  1.544   1.546   1.551   1.569   1.595   1.614   1.636   1.641
  1.649   1.658   1.662   1.668   1.674   1.682   1.695   1.701
  1.715   1.730   1.738   1.742   1.750   1.778   1.788   1.797
  1.803   1.814   1.827   1.831   1.837   1.856   1.864   1.876
  1.889   1.900   1.912   1.926   1.934   1.936   1.944   1.948
  1.963   1.970   1.976   1.994   2.005   2.018   2.029   2.037
  2.043   2.055   2.061   2.078   2.093   2.100   2.109   2.122
  2.144   2.166   2.189   2.226   2.240   2.267   2.289   2.305
  2.314   2.328   2.348   2.364   2.386   2.396   2.399   2.410
  2.430   2.432   2.449   2.467   2.496   2.502   2.522   2.524
  2.532   2.547   2.557   2.568   2.571   2.581   2.618   2.621
  2.644   2.677   2.688   2.713   2.730   2.733   2.748   2.771
  2.786   2.807   2.822   2.838   2.854   2.864   2.878   2.890
  2.918   2.933   2.943   2.948   2.951   2.970   2.980   2.987
  2.995   3.010   3.035   3.039   3.046   3.067   3.145   3.166
  3.172   3.185   3.245   3.271   3.299   3.360   3.361   3.371
  3.412   3.424   3.446   3.485   3.490   3.513   3.526   3.555
  3.594   3.608   3.620   3.642   3.658   3.666   3.692   3.711
  3.758   3.800   3.824   3.855   4.016   4.033   4.046   4.077
  4.149   4.181   4.201   4.224   4.363   4.680   4.744   4.826
  4.834   4.858   4.922   4.970   5.115   5.222   5.660   7.157
  7.208   7.236   7.250   7.295   7.423   7.659   7.722   7.754
  7.778   7.797   7.820   7.848   7.858   7.925   7.967   8.028
  8.049   8.179   8.473   8.884   9.732   9.984  10.190  10.211
 10.240  10.247  10.314  23.699  23.966  24.021  24.041  24.108
 24.116  24.216  69.726  69.862  69.950  69.960  69.969  69.972
 70.013
 --------------------------------------------------------------
 
          Ground-State Mulliken Net Atomic Charges

     Atom                 Charge (a.u.)
  ----------------------------------------
      1 C                    -0.156127
      2 C                    -0.299829
      3 C                    -0.340164
      4 C                    -0.339208
      5 C                    -0.110668
      6 C                     0.447514
      7 H                     0.163927
      8 H                     0.168560
      9 C                    -0.755765
     10 H                     0.163637
     11 H                     0.191788
     12 H                     0.144068
     13 H                     0.147105
     14 H                     0.164242
     15 H                     0.170751
     16 GH                    0.031690
     17 GH                    0.141693
     18 GH                   -0.058070
     19 GH                    0.098851
     20 GH                   -0.062652
     21 GH                    0.022785
     22 GH                    0.011182
     23 GH                    0.006764
     24 GH                    0.049520
     25 GH                   -0.026595
     26 GH                    0.006880
     27 GH                   -0.003312
     28 GH                    0.001866
     29 GH                    0.005631
     30 GH                    0.013936
  ----------------------------------------
  Sum of atomic charges =    -0.000000

 -----------------------------------------------------------------
                    Cartesian Multipole Moments
 -----------------------------------------------------------------
    Charge (ESU x 10^10)
                -0.0000
    Dipole Moment (Debye)
         X       0.0592      Y       0.3937      Z       0.0424
       Tot       0.4003
    Quadrupole Moments (Debye-Ang)
        XX     -39.5141     XY      -0.6404     YY     -38.2436
        XZ      -0.1075     YZ       0.6969     ZZ     -46.2614
    Octopole Moments (Debye-Ang^2)
       XXX     209.4030    XXY     -19.4993    XYY      68.1536
       YYY     -62.8220    XXZ      -1.7040    XYZ      -1.2059
       YYZ      -2.1031    XZZ      82.4724    YZZ     -19.6017
       ZZZ      -4.8082
    Hexadecapole Moments (Debye-Ang^3)
      XXXX   -1031.9745   XXXY     110.2897   XXYY    -281.2592
      XYYY     117.1767   YYYY    -686.4071   XXXZ      10.7038
      XXYZ      -6.5176   XYYZ       3.8863   YYYZ     -25.7315
      XXZZ    -217.1240   XYZZ      38.0746   YYZZ    -130.6604
      XZZZ      10.3144   YZZZ     -27.4466   ZZZZ     -67.6598
 -----------------------------------------------------------------
Archival summary:
1\1\vega01.cac.cornell.edu\SP\ProcedureUnspecified\BasisUnspecified\78h15\jj585\TueApr1715:46:092018TueApr1715:46:092018\0\\#,ProcedureUnspecified,BasisUnspecified,\\0,1\C\C,1,1.39616\H,2,1.08475,1,118.991\C,2,1.38856,1,121.629,3,179.783,0\H,4,1.08495,2,119.453,1,179.671,0\C,4,1.3959,2,121.575,1,-0.129654,0\H,6,1.032,4,121.26,2,-179.84,0\C,6,1.40604,4,117.481,2,0.160349,0\H,8,1.032,6,119.504,4,179.742,0\C,1,1.40634,2,117.536,3,-179.6,0\H,10,1.032,1,119.607,2,179.72,0\C,1,1.50976,2,119.611,3,-0.341033,0\H,12,1.09144,1,110.135,2,-7.24194,0\H,12,1.09156,1,111.21,2,113.289,0\H,12,1.09291,1,111.796,2,-127.427,0\Gh,14,1.28065,12,154.885,1,-31.525,0\Gh,16,1.09291,14,128.767,12,-32.8918,0\Gh,17,1.09144,16,108.09,14,-49.299,0\Gh,17,1.09156,16,106.802,14,-166.068,0\Gh,17,1.50976,16,111.796,14,72.0765,0\Gh,20,1.39616,17,119.611,16,-127.427,0\Gh,21,1.08475,20,118.991,17,-0.341033,0\Gh,21,1.38856,20,121.629,17,179.442,0\Gh,23,1.08495,21,119.453,20,179.671,0\Gh,23,1.3959,21,121.575,20,-0.129654,0\Gh,25,1.032,23,121.26,21,-179.84,0\Gh,25,1.40604,23,117.481,21,0.160349,0\Gh,27,1.032,25,119.504,23,179.742,0\Gh,20,1.40634,17,122.848,16,51.7903,0\Gh,29,1.032,20,119.607,17,0.487832,0\\\@

 Total job time:  116.57s(wall), 464.56s(cpu) 
 Tue Apr 17 15:46:09 2018

        *************************************************************
        *                                                           *
        *  Thank you very much for using Q-Chem.  Have a nice day.  *
        *                                                           *
        *************************************************************


0 sent ACK to 0 
now end server 0 ... 
