mFile = /opt/software/qchem/qchem-5.0.1//bin/mpi/machines
Process 0 of 1 is on vega01.cac.cornell.edu - thread support 0
initial socket setup ...start
initial socket setup ...done 
now start server 0 ... 
localhost 127.0.0
Q-Chem Developer Version! Running on 127.0.0.*
                  Welcome to Q-Chem
     A Quantum Leap Into The Future Of Chemistry


 Q-Chem 5.0, Q-Chem, Inc., Pleasanton, CA (2017)

 Yihan Shao,  Zhengting Gan,  E. Epifanovsky,  A. T. B. Gilbert,  M. Wormit,  
 J. Kussmann,  A. W. Lange,  A. Behn,  Jia Deng,  Xintian Feng,  D. Ghosh,  
 M. Goldey,  P. R. Horn,  L. D. Jacobson,  I. Kaliman,  T. Kus,  A. Landau,  
 Jie Liu,  E. I. Proynov,  R. M. Richard,  R. P. Steele,  E. J. Sundstrom,  
 H. L. Woodcock III,  P. M. Zimmerman,  D. Zuev,  B. Albrecht,  E. Alguire,  
 S. A. Baeppler,  Z. Benda,  Y. A. Bernard,  E. J. Berquist,  K. B. Bravaya,  
 D. Casanova,  Chun-Min Chang,  Yunqing Chen,  A. Chien,  K. D. Closser,  
 M. P. Coons,  S. Dasgupta,  M. Diedenhofen,  Hainam Do,  R. G. Edgar,  
 Po-Tung Fang,  S. Fatehi,  Qingguo Feng,  Qinghui Ge,  A. Ghysels,  
 J. Gomes,  J. Gonthier,  A. Gunina,  M. W. D. Hanson-Heine,  
 P. H. P. Harbach,  A. W. Hauser,  J. E. Herr,  E. G. Hohenstein,  
 Z. C. Holden,  Kerwin Hui,  T.-C. Jagau,  Hyunjun Ji,  B. Kaduk,  
 K. Khistyaev,  Jaehoon Kim,  P. Klunzinger,  K. Koh,  D. Kosenkov,  
 T. Kowalczyk,  C. M. Krauter,  A. Kunitsa,  Ka Un Lao,  A. Laurent,  
 K. V. Lawler,  Joonho Lee,  D. Lefrancois,  S. Lehtola,  D. S. Levine,  
 Yi-Pei Li,  You-Sheng Lin,  Fenglai Liu,  E. Livshits,  A. Luenser,  
 P. Manohar,  E. Mansoor,  S. F. Manzer,  Shan-Ping Mao,  Yuezhi Mao,  
 N. Mardirossian,  A. V. Marenich,  L. A. Martinez-Martinez,  S. A. Maurer,  
 N. J. Mayhall,  S. C. McKenzie,  J.-M. Mewes,  A. F. Morrison,  K. Nanda,  
 T. S. Nguyen-Beck,  R. Olivares-Amaya,  J. A. Parkhill,  T. M. Perrine,  
 F. Plasser,  S. Prager,  A. Prociuk,  D. R. Rehn,  F. Rob,  M. Schneider,  
 N. Sergueev,  S. M. Sharada,  S. Sharma,  D. W. Small,  T. Stauch,  
 T. Stein,  Yu-Chuan Su,  A. J. W. Thom,  T. Tsuchimochi,  L. Vogt,  
 O. Vydrov,  M. A. Watson,  J. Wenzel,  M. de Wergifosse,  T. A. Wesolowski,  
 A. White,  J. Witte,  A. Yamada,  Jun Yang,  K. Yao,  S. Yeganeh,  
 S. R. Yost,  Zhi-Qiang You,  A. Zech,  Igor Ying Zhang,  Xing Zhang,  
 Yan Zhao,  Ying Zhu,  B. R. Brooks,  G. K. L. Chan,  C. J. Cramer,  
 M. S. Gordon,  W. J. Hehre,  A. Klamt,  M. W. Schmidt,  C. D. Sherrill,  
 D. G. Truhlar,  A. Aspuru-Guzik,  R. Baer,  A. T. Bell,  N. A. Besley,  
 Jeng-Da Chai,  A. Dreuw,  B. D. Dunietz,  T. R. Furlani,  Chao-Ping Hsu,  
 Yousung Jung,  Jing Kong,  D. S. Lambrecht,  WanZhen Liang,  C. Ochsenfeld,  
 V. A. Rassolov,  L. V. Slipchenko,  J. E. Subotnik,  T. Van Voorhis,  
 J. M. Herbert,  A. I. Krylov,  P. M. W. Gill,  M. Head-Gordon

 Contributors to earlier versions of Q-Chem not listed above: 
 R. D. Adamson,  B. Austin,  J. Baker,  G. J. O. Beran,  K. Brandhorst,  
 S. T. Brown,  E. F. C. Byrd,  A. K. Chakraborty,  C.-L. Cheng,  
 Siu Hung Chien,  D. M. Chipman,  D. L. Crittenden,  H. Dachsel,  
 R. A. DiStasio Jr.,  R. J. Doerksen,  A. D. Dutoi,  L. Fusti-Molnar,  
 W. A. Goddard III,  A. Golubeva-Zadorozhnaya,  S. R. Gwaltney,  G. Hawkins,  
 A. Heyden,  S. Hirata,  G. Kedziora,  F. J. Keil,  C. Kelley,  Jihan Kim,  
 R. A. King,  R. Z. Khaliullin,  P. P. Korambath,  W. Kurlancheek,  
 A. M. Lee,  M. S. Lee,  S. V. Levchenko,  Ching Yeh Lin,  D. Liotard,  
 R. C. Lochan,  I. Lotan,  P. E. Maslen,  N. Nair,  D. P. O'Neill,  
 D. Neuhauser,  E. Neuscamman,  C. M. Oana,  R. Olson,  B. Peters,  
 R. Peverati,  P. A. Pieniazek,  Y. M. Rhee,  J. Ritchie,  M. A. Rohrdanz,  
 E. Rosta,  N. J. Russ,  H. F. Schaefer III,  N. E. Schultz,  N. Shenvi,  
 A. C. Simmonett,  A. Sodt,  D. Stuck,  K. S. Thanthiriwatte,  V. Vanovschi,  
 Tao Wang,  A. Warshel,  C. F. Williams,  Q. Wu,  X. Xu,  W. Zhang

 Please cite Q-Chem as follows:
 Y. Shao et al., Mol. Phys. 113, 184-215 (2015)
 DOI: 10.1080/00268976.2014.952696

 Q-Chem 5.0.1 for Intel X86 EM64T Linux

 Parts of Q-Chem use Armadillo 5.200.1 (Boston Tea Smuggler).
 http://arma.sourceforge.net/

 Q-Chem begins on Tue Apr 17 15:54:29 2018  

Host: vega01.cac.cornell.edu
0

     Scratch files written to /scratch/jj585/vdw/01n00_distance_6.500_10.save//
 Parallel job on  1  processors

Checking the input file for inconsistencies... 	...done.

--------------------------------------------------------------
User input:
--------------------------------------------------------------
$molecule
0  1
C        -0.54444000        -0.68370000        -0.06689000
C        -0.55709000        +0.71878000        +0.05493000
C        -1.74320000        -1.41616000        -0.12552000
C        -2.93952000        -0.70056000        -0.05285000
C        -2.95313000        +0.68255000        +0.06934000
C        -1.77161000        +1.42404000        +0.12810000
H        -3.90354000        +1.20325000        +0.11710000
H        -3.87892000        -1.24211000        -0.08988000
C        -1.83960000        +2.92746000        +0.24839000
H        -1.24214000        +3.42352000        -0.52065000
H        -1.45503000        +3.26427000        +1.21284000
H        -2.87211000        +3.26623000        +0.14638000
H        -1.73878000        -2.44393000        -0.21875000
H        +0.35825000        -1.18166000        -0.11386000
H        +0.33551000        +1.23549000        +0.09097000
@C        -0.49971000        -1.25045000        +6.40820000
@C        -0.51236000        +0.15203000        +6.53002000
@C        -1.69847000        -1.98291000        +6.34957000
@C        -2.89479000        -1.26731000        +6.42224000
@C        -2.90840000        +0.11580000        +6.54443000
@C        -1.72688000        +0.85729000        +6.60319000
@H        -3.85881000        +0.63650000        +6.59219000
@H        -3.83419000        -1.80886000        +6.38521000
@C        -1.79487000        +2.36071000        +6.72348000
@H        -1.19741000        +2.85677000        +5.95444000
@H        -1.41030000        +2.69752000        +7.68793000
@H        -2.82738000        +2.69948000        +6.62147000
@H        -1.69405000        -3.01068000        +6.25634000
@H        +0.40298000        -1.74841000        +6.36123000
@H        +0.38024000        +0.66874000        +6.56606000
$end

$rem
JOBTYPE                   SP
METHOD                    B3LYP
DFT_D                     d3_op
BASIS                     6-311++G(d,p)
SYMMETRY                  False
THRESH                    12
SCF_CONVERGENCE           8
MAX_SUB_FILE_NUM          128
MEM_STATIC                400
MEM_TOTAL                 4000
$end
--------------------------------------------------------------
 Adding empirical dispersion correction 
 ----------------------------------------------------------------
 Doing -D3(op) with
 s6 =   1.00000
 s8 =   0.78311
 a1 =   0.30000
 a2 =   4.25000
 n  =  10.00000
 -D3 energy without 3body term =     -0.0113800034 hartrees
 ----------------------------------------------------------------
             Standard Nuclear Orientation (Angstroms)
    I     Atom           X                Y                Z
 ----------------------------------------------------------------
    1      C      -0.5444400000    -0.6837000000    -0.0668900000
    2      C      -0.5570900000     0.7187800000     0.0549300000
    3      C      -1.7432000000    -1.4161600000    -0.1255200000
    4      C      -2.9395200000    -0.7005600000    -0.0528500000
    5      C      -2.9531300000     0.6825500000     0.0693400000
    6      C      -1.7716100000     1.4240400000     0.1281000000
    7      H      -3.9035400000     1.2032500000     0.1171000000
    8      H      -3.8789200000    -1.2421100000    -0.0898800000
    9      C      -1.8396000000     2.9274600000     0.2483900000
   10      H      -1.2421400000     3.4235200000    -0.5206500000
   11      H      -1.4550300000     3.2642700000     1.2128400000
   12      H      -2.8721100000     3.2662300000     0.1463800000
   13      H      -1.7387800000    -2.4439300000    -0.2187500000
   14      H       0.3582500000    -1.1816600000    -0.1138600000
   15      H       0.3355100000     1.2354900000     0.0909700000
   16      GH     -0.4997100000    -1.2504500000     6.4082000000
   17      GH     -0.5123600000     0.1520300000     6.5300200000
   18      GH     -1.6984700000    -1.9829100000     6.3495700000
   19      GH     -2.8947900000    -1.2673100000     6.4222400000
   20      GH     -2.9084000000     0.1158000000     6.5444300000
   21      GH     -1.7268800000     0.8572900000     6.6031900000
   22      GH     -3.8588100000     0.6365000000     6.5921900000
   23      GH     -3.8341900000    -1.8088600000     6.3852100000
   24      GH     -1.7948700000     2.3607100000     6.7234800000
   25      GH     -1.1974100000     2.8567700000     5.9544400000
   26      GH     -1.4103000000     2.6975200000     7.6879300000
   27      GH     -2.8273800000     2.6994800000     6.6214700000
   28      GH     -1.6940500000    -3.0106800000     6.2563400000
   29      GH      0.4029800000    -1.7484100000     6.3612300000
   30      GH      0.3802400000     0.6687400000     6.5660600000
 ----------------------------------------------------------------
 Nuclear Repulsion Energy =   269.2168625664 hartrees
 There are       25 alpha and       25 beta electrons
 Requested basis set is 6-311++G(d,p)
 There are 164 shells and 420 basis functions

 Total QAlloc Memory Limit   4000 MB
 Mega-Array Size       392 MB
 MEM_STATIC part       400 MB
 A cutoff of  1.0D-12 yielded  10348 shell pairs
 There are     67551 function pairs (     71549 Cartesian)
 
 -------------------------------------------------------
 OpenMP Integral Computing Module                       
 Release: version 1.0, May 2013, Q-Chem Inc. Pittsburgh 
 -------------------------------------------------------
 Integral Job Info:
 Integral job number is                      11
 Integral operator is                         1
 short-range coefficients                     0
 long-range coefficients              100000000
 Omega coefficients                           0
 if combine SR and LR in K                    0
 Integral screening is                        0
 Integral computing path is                   2
 max size of driver memory is            800000
 size of driver memory is                593474
 size of scratch memory is              2361544
 max col of scratch BK array               1296
 max len of scratch array in speh3          155
 max len of scratch index in speh4           18
 max int batch size is                      520
 min int batch size is                       52
 fixed nKL is                                52
 max L of basis functions is                  2
 order of int derivative is                   0
 number of shells is                        164
 number of basis is                         434
 number of cartesian basis is               434
 number of contracted shell pairs         10348
 number of primitive shell pairs          23012
 maxK2 (contraction) of shell pair           36
 max number of K2 of shell pair               1
 max number of CS2 of shell pair           1994
 max number of PS2 of shell pair           3264
 mem total for path MDJ                  114762
 -------------------------------------------------------
 Smallest overlap matrix eigenvalue = 7.79E-07
 Linear dependence detected in AO basis
 Number of orthogonalized atomic orbitals = 419
 Maximum deviation from orthogonality = 9.439E-11

 Scale SEOQF with 1.000000e-01/1.000000e-01/1.000000e-02

 Standard Electronic Orientation quadrupole field applied
 Nucleus-field energy     =     0.0000000169 hartrees
 Guess from superposition of atomic densities
 Warning:  Energy on first SCF cycle will be non-variational

 Q-Chem warning in module /opt/software/qchem/qchem-5.0.1/libgen/Atomic_PolEc.C, line 58:

 No atomic polarizability available.


 Q-Chem warning in module /opt/software/qchem/qchem-5.0.1/libgen/Atomic_PolEc.C, line 73:

 No atomic polarizability available.


 Q-Chem warning in module /opt/software/qchem/qchem-5.0.1/libgen/Atomic_PolEc.C, line 58:

 No atomic polarizability available.


 Q-Chem warning in module /opt/software/qchem/qchem-5.0.1/libgen/Atomic_PolEc.C, line 73:

 No atomic polarizability available.


 Q-Chem warning in module /opt/software/qchem/qchem-5.0.1/libgen/Atomic_PolEc.C, line 58:

 No atomic polarizability available.


 Q-Chem warning in module /opt/software/qchem/qchem-5.0.1/libgen/Atomic_PolEc.C, line 73:

 No atomic polarizability available.


 Q-Chem warning in module /opt/software/qchem/qchem-5.0.1/libgen/Atomic_PolEc.C, line 58:

 No atomic polarizability available.


 Q-Chem warning in module /opt/software/qchem/qchem-5.0.1/libgen/Atomic_PolEc.C, line 73:

 No atomic polarizability available.


 Q-Chem warning in module /opt/software/qchem/qchem-5.0.1/libgen/Atomic_PolEc.C, line 58:

 No atomic polarizability available.


 Q-Chem warning in module /opt/software/qchem/qchem-5.0.1/libgen/Atomic_PolEc.C, line 73:

 No atomic polarizability available.


 Q-Chem warning in module /opt/software/qchem/qchem-5.0.1/libgen/Atomic_PolEc.C, line 58:

 No atomic polarizability available.


 Q-Chem warning in module /opt/software/qchem/qchem-5.0.1/libgen/Atomic_PolEc.C, line 73:

 No atomic polarizability available.


 Q-Chem warning in module /opt/software/qchem/qchem-5.0.1/libgen/Atomic_PolEc.C, line 58:

 No atomic polarizability available.


 Q-Chem warning in module /opt/software/qchem/qchem-5.0.1/libgen/Atomic_PolEc.C, line 73:

 No atomic polarizability available.


 Q-Chem warning in module /opt/software/qchem/qchem-5.0.1/libgen/Atomic_PolEc.C, line 58:

 No atomic polarizability available.


 Q-Chem warning in module /opt/software/qchem/qchem-5.0.1/libgen/Atomic_PolEc.C, line 73:

 No atomic polarizability available.


 Q-Chem warning in module /opt/software/qchem/qchem-5.0.1/libgen/Atomic_PolEc.C, line 58:

 No atomic polarizability available.


 Q-Chem warning in module /opt/software/qchem/qchem-5.0.1/libgen/Atomic_PolEc.C, line 73:

 No atomic polarizability available.


 Q-Chem warning in module /opt/software/qchem/qchem-5.0.1/libgen/Atomic_PolEc.C, line 58:

 No atomic polarizability available.


 Q-Chem warning in module /opt/software/qchem/qchem-5.0.1/libgen/Atomic_PolEc.C, line 73:

 No atomic polarizability available.


 Q-Chem warning in module /opt/software/qchem/qchem-5.0.1/libgen/Atomic_PolEc.C, line 58:

 No atomic polarizability available.


 Q-Chem warning in module /opt/software/qchem/qchem-5.0.1/libgen/Atomic_PolEc.C, line 73:

 No atomic polarizability available.


 Q-Chem warning in module /opt/software/qchem/qchem-5.0.1/libgen/Atomic_PolEc.C, line 58:

 No atomic polarizability available.


 Q-Chem warning in module /opt/software/qchem/qchem-5.0.1/libgen/Atomic_PolEc.C, line 73:

 No atomic polarizability available.


 Q-Chem warning in module /opt/software/qchem/qchem-5.0.1/libgen/Atomic_PolEc.C, line 58:

 No atomic polarizability available.


 Q-Chem warning in module /opt/software/qchem/qchem-5.0.1/libgen/Atomic_PolEc.C, line 73:

 No atomic polarizability available.


 Q-Chem warning in module /opt/software/qchem/qchem-5.0.1/libgen/Atomic_PolEc.C, line 58:

 No atomic polarizability available.


 Q-Chem warning in module /opt/software/qchem/qchem-5.0.1/libgen/Atomic_PolEc.C, line 73:

 No atomic polarizability available.


 Q-Chem warning in module /opt/software/qchem/qchem-5.0.1/libgen/Atomic_PolEc.C, line 58:

 No atomic polarizability available.


 Q-Chem warning in module /opt/software/qchem/qchem-5.0.1/libgen/Atomic_PolEc.C, line 73:

 No atomic polarizability available.

 A restricted hybrid HF-DFT SCF calculation will be
 performed using Pulay DIIS extrapolation
 Exchange:     0.2000 Hartree-Fock + 0.0800 Slater + 0.7200 B88
 Correlation:  0.1900 VWN1RPA + 0.8100 LYP
 Using SG-1 standard quadrature grid
 Dispersion:   Grimme D3
 SCF converges when DIIS error is below 1.0E-08
 using 4 threads for integral computing
 -------------------------------------------------------
 OpenMP Integral computing Module                
 Release: version 1.0, May 2013, Q-Chem Inc. Pittsburgh 
 -------------------------------------------------------
 -------------------------------------------------------
 OpenMP BLAS3 based DFT computing Module                
 Release: version 1.0, May 2013, Q-Chem Inc. Pittsburgh 
 -------------------------------------------------------
 ---------------------------------------
  Cycle       Energy         DIIS Error
 ---------------------------------------
    1    -273.1501103134      2.19E-02
    2    -271.4965082580      2.44E-03
    3    -271.4751378678      2.65E-03
    4    -271.6427744497      1.96E-04
    5    -271.6433507300      1.00E-04
    6    -271.6435239960      4.34E-05
    7    -271.6435623412      1.57E-05
    8    -271.6435683140      1.31E-06
    9    -271.6435683430      8.01E-07
   10    -271.6435683570      1.83E-07
   11    -271.6435683577      8.05E-08
   12    -271.6435683578      9.54E-09 Convergence criterion met
 ---------------------------------------
 SCF time:  CPU 212.99 s  wall 53.37 s
 SCF   energy in the final basis set = -271.64356836
 Total energy in the final basis set = -271.64356836
 
 --------------------------------------------------------------
 
                    Orbital Energies (a.u.)
 --------------------------------------------------------------
 
 Alpha MOs
 -- Occupied --
-10.185 -10.174 -10.172 -10.171 -10.170 -10.169 -10.169  -0.858
 -0.776  -0.748  -0.691  -0.611  -0.591  -0.521  -0.465  -0.463
 -0.424  -0.423  -0.418  -0.390  -0.358  -0.350  -0.342  -0.255
 -0.247
 -- Virtual --
 -0.017  -0.013  -0.008   0.005   0.010   0.018   0.028   0.032
  0.035   0.039   0.042   0.051   0.055   0.060   0.062   0.068
  0.070   0.080   0.083   0.085   0.088   0.093   0.104   0.107
  0.110   0.113   0.116   0.119   0.122   0.123   0.126   0.126
  0.127   0.131   0.134   0.138   0.142   0.152   0.152   0.159
  0.161   0.163   0.165   0.167   0.171   0.173   0.176   0.180
  0.181   0.181   0.186   0.188   0.192   0.200   0.204   0.213
  0.215   0.219   0.224   0.227   0.231   0.235   0.240   0.246
  0.247   0.249   0.250   0.258   0.259   0.263   0.272   0.279
  0.284   0.287   0.290   0.294   0.296   0.302   0.305   0.314
  0.315   0.322   0.327   0.328   0.338   0.347   0.359   0.364
  0.369   0.373   0.377   0.378   0.391   0.400   0.412   0.423
  0.431   0.470   0.472   0.477   0.489   0.491   0.507   0.522
  0.530   0.539   0.545   0.557   0.562   0.567   0.571   0.578
  0.581   0.584   0.591   0.600   0.604   0.609   0.612   0.619
  0.634   0.643   0.645   0.653   0.657   0.661   0.662   0.679
  0.687   0.691   0.702   0.712   0.725   0.732   0.737   0.744
  0.753   0.769   0.780   0.796   0.809   0.818   0.826   0.848
  0.856   0.875   0.876   0.888   0.899   0.900   0.913   0.923
  0.929   0.945   0.951   0.970   0.999   1.015   1.018   1.025
  1.035   1.038   1.070   1.080   1.088   1.114   1.123   1.130
  1.145   1.148   1.184   1.190   1.202   1.282   1.324   1.355
  1.362   1.367   1.407   1.413   1.421   1.450   1.462   1.472
  1.498   1.521   1.528   1.530   1.531   1.535   1.546   1.554
  1.558   1.572   1.574   1.587   1.606   1.616   1.640   1.657
  1.673   1.686   1.693   1.711   1.715   1.719   1.736   1.739
  1.754   1.759   1.763   1.773   1.792   1.799   1.814   1.819
  1.840   1.850   1.854   1.867   1.882   1.883   1.896   1.901
  1.917   1.934   1.939   1.958   1.959   1.962   1.973   1.985
  2.019   2.022   2.031   2.035   2.045   2.054   2.068   2.098
  2.100   2.109   2.141   2.165   2.191   2.237   2.247   2.265
  2.305   2.315   2.320   2.324   2.342   2.399   2.401   2.412
  2.416   2.425   2.436   2.444   2.456   2.465   2.480   2.483
  2.487   2.500   2.543   2.546   2.551   2.557   2.567   2.593
  2.596   2.598   2.630   2.635   2.669   2.678   2.692   2.715
  2.731   2.736   2.742   2.744   2.756   2.758   2.767   2.819
  2.841   2.845   2.896   2.905   2.909   2.923   2.927   2.936
  2.951   2.993   2.997   3.003   3.003   3.011   3.051   3.089
  3.123   3.150   3.176   3.212   3.221   3.246   3.281   3.343
  3.350   3.358   3.382   3.393   3.397   3.453   3.462   3.482
  3.501   3.510   3.540   3.542   3.558   3.588   3.620   3.650
  3.668   3.703   3.717   3.791   3.796   3.858   4.013   4.030
  4.032   4.120   4.175   4.184   4.201   4.342   4.620   4.726
  4.838   4.848   4.865   4.910   4.969   5.110   5.220   5.664
  7.034   7.097   7.121   7.198   7.211   7.347   7.598   7.709
  7.717   7.735   7.774   7.778   7.817   7.834   7.843   7.982
  8.021   8.046   8.168   8.479   8.918   9.692   9.966  10.200
 10.214  10.253  10.260  10.326  23.642  23.938  23.998  24.006
 24.095  24.108  24.205  69.803  69.983  70.039  70.057  70.077
 70.089  70.115
 --------------------------------------------------------------
 
          Ground-State Mulliken Net Atomic Charges

     Atom                 Charge (a.u.)
  ----------------------------------------
      1 C                    -0.001429
      2 C                    -0.425617
      3 C                    -0.348063
      4 C                    -0.025773
      5 C                    -0.824123
      6 C                     1.006563
      7 H                     0.127487
      8 H                     0.171436
      9 C                    -0.591283
     10 H                     0.147486
     11 H                     0.155211
     12 H                     0.148846
     13 H                     0.145685
     14 H                     0.159670
     15 H                     0.154638
     16 GH                    0.000791
     17 GH                   -0.000611
     18 GH                    0.000827
     19 GH                    0.000164
     20 GH                   -0.003915
     21 GH                    0.002180
     22 GH                   -0.000495
     23 GH                   -0.000155
     24 GH                    0.000774
     25 GH                    0.000187
     26 GH                    0.000016
     27 GH                    0.000064
     28 GH                   -0.000003
     29 GH                   -0.000187
     30 GH                   -0.000371
  ----------------------------------------
  Sum of atomic charges =     0.000000

 -----------------------------------------------------------------
                    Cartesian Multipole Moments
 -----------------------------------------------------------------
    Charge (ESU x 10^10)
                -0.0000
    Dipole Moment (Debye)
         X       0.0622      Y       0.3880      Z       0.0347
       Tot       0.3945
    Quadrupole Moments (Debye-Ang)
        XX     -39.3507     XY      -0.6316     YY     -38.0678
        XZ      -0.0912     YZ       0.7297     ZZ     -46.4227
    Octopole Moments (Debye-Ang^2)
       XXX     208.5294    XXY     -19.5300    XYY      67.8454
       YYY     -62.7530    XXZ      -1.7477    XYZ      -1.2482
       YYZ      -2.0970    XZZ      82.7706    YZZ     -19.5941
       ZZZ      -4.8273
    Hexadecapole Moments (Debye-Ang^3)
      XXXX   -1027.1989   XXXY     110.3777   XXYY    -280.1872
      XYYY     116.9952   YYYY    -683.9739   XXXZ      10.8171
      XXYZ      -6.4412   XYYZ       3.9182   YYYZ     -25.4463
      XXZZ    -217.5211   XYZZ      38.0923   YYZZ    -130.4476
      XZZZ      10.3806   YZZZ     -27.3017   ZZZZ     -68.0446
 -----------------------------------------------------------------
Archival summary:
1\1\vega01.cac.cornell.edu\SP\ProcedureUnspecified\BasisUnspecified\78h15\jj585\TueApr1715:55:232018TueApr1715:55:232018\0\\#,ProcedureUnspecified,BasisUnspecified,\\0,1\C\C,1,1.39616\H,2,1.08475,1,118.991\C,2,1.38856,1,121.629,3,179.783,0\H,4,1.08495,2,119.453,1,179.671,0\C,4,1.3959,2,121.575,1,-0.129654,0\H,6,1.032,4,121.26,2,-179.84,0\C,6,1.40604,4,117.481,2,0.160349,0\H,8,1.032,6,119.504,4,179.742,0\C,1,1.40634,2,117.536,3,-179.6,0\H,10,1.032,1,119.607,2,179.72,0\C,1,1.50976,2,119.611,3,-0.341033,0\H,12,1.09144,1,110.135,2,-7.24194,0\H,12,1.09156,1,111.21,2,113.289,0\H,12,1.09291,1,111.796,2,-127.427,0\Gh,14,4.76605,12,150.655,1,-44.8893,0\Gh,16,1.09291,14,135.179,12,-17.631,0\Gh,17,1.09144,16,108.09,14,-54.311,0\Gh,17,1.09156,16,106.802,14,-171.08,0\Gh,17,1.50976,16,111.796,14,67.0644,0\Gh,20,1.39616,17,119.611,16,-127.427,0\Gh,21,1.08475,20,118.991,17,-0.341033,0\Gh,21,1.38856,20,121.629,17,179.442,0\Gh,23,1.08495,21,119.453,20,179.671,0\Gh,23,1.3959,21,121.575,20,-0.129654,0\Gh,25,1.032,23,121.26,21,-179.84,0\Gh,25,1.40604,23,117.481,21,0.160349,0\Gh,27,1.032,25,119.504,23,179.742,0\Gh,20,1.40634,17,122.848,16,51.7903,0\Gh,29,1.032,20,119.607,17,0.487832,0\\\@

 Total job time:  53.90s(wall), 214.89s(cpu) 
 Tue Apr 17 15:55:23 2018

        *************************************************************
        *                                                           *
        *  Thank you very much for using Q-Chem.  Have a nice day.  *
        *                                                           *
        *************************************************************


0 sent ACK to 0 
now end server 0 ... 
