mFile = /opt/software/qchem/qchem-5.0.1//bin/mpi/machines
Process 0 of 1 is on vega03.cac.cornell.edu - thread support 0
initial socket setup ...start
initial socket setup ...done 
now start server 0 ... 
vega03 10.84.3
Q-Chem Developer Version! Running on 10.84.3.*
                  Welcome to Q-Chem
     A Quantum Leap Into The Future Of Chemistry


 Q-Chem 5.0, Q-Chem, Inc., Pleasanton, CA (2017)

 Yihan Shao,  Zhengting Gan,  E. Epifanovsky,  A. T. B. Gilbert,  M. Wormit,  
 J. Kussmann,  A. W. Lange,  A. Behn,  Jia Deng,  Xintian Feng,  D. Ghosh,  
 M. Goldey,  P. R. Horn,  L. D. Jacobson,  I. Kaliman,  T. Kus,  A. Landau,  
 Jie Liu,  E. I. Proynov,  R. M. Richard,  R. P. Steele,  E. J. Sundstrom,  
 H. L. Woodcock III,  P. M. Zimmerman,  D. Zuev,  B. Albrecht,  E. Alguire,  
 S. A. Baeppler,  Z. Benda,  Y. A. Bernard,  E. J. Berquist,  K. B. Bravaya,  
 D. Casanova,  Chun-Min Chang,  Yunqing Chen,  A. Chien,  K. D. Closser,  
 M. P. Coons,  S. Dasgupta,  M. Diedenhofen,  Hainam Do,  R. G. Edgar,  
 Po-Tung Fang,  S. Fatehi,  Qingguo Feng,  Qinghui Ge,  A. Ghysels,  
 J. Gomes,  J. Gonthier,  A. Gunina,  M. W. D. Hanson-Heine,  
 P. H. P. Harbach,  A. W. Hauser,  J. E. Herr,  E. G. Hohenstein,  
 Z. C. Holden,  Kerwin Hui,  T.-C. Jagau,  Hyunjun Ji,  B. Kaduk,  
 K. Khistyaev,  Jaehoon Kim,  P. Klunzinger,  K. Koh,  D. Kosenkov,  
 T. Kowalczyk,  C. M. Krauter,  A. Kunitsa,  Ka Un Lao,  A. Laurent,  
 K. V. Lawler,  Joonho Lee,  D. Lefrancois,  S. Lehtola,  D. S. Levine,  
 Yi-Pei Li,  You-Sheng Lin,  Fenglai Liu,  E. Livshits,  A. Luenser,  
 P. Manohar,  E. Mansoor,  S. F. Manzer,  Shan-Ping Mao,  Yuezhi Mao,  
 N. Mardirossian,  A. V. Marenich,  L. A. Martinez-Martinez,  S. A. Maurer,  
 N. J. Mayhall,  S. C. McKenzie,  J.-M. Mewes,  A. F. Morrison,  K. Nanda,  
 T. S. Nguyen-Beck,  R. Olivares-Amaya,  J. A. Parkhill,  T. M. Perrine,  
 F. Plasser,  S. Prager,  A. Prociuk,  D. R. Rehn,  F. Rob,  M. Schneider,  
 N. Sergueev,  S. M. Sharada,  S. Sharma,  D. W. Small,  T. Stauch,  
 T. Stein,  Yu-Chuan Su,  A. J. W. Thom,  T. Tsuchimochi,  L. Vogt,  
 O. Vydrov,  M. A. Watson,  J. Wenzel,  M. de Wergifosse,  T. A. Wesolowski,  
 A. White,  J. Witte,  A. Yamada,  Jun Yang,  K. Yao,  S. Yeganeh,  
 S. R. Yost,  Zhi-Qiang You,  A. Zech,  Igor Ying Zhang,  Xing Zhang,  
 Yan Zhao,  Ying Zhu,  B. R. Brooks,  G. K. L. Chan,  C. J. Cramer,  
 M. S. Gordon,  W. J. Hehre,  A. Klamt,  M. W. Schmidt,  C. D. Sherrill,  
 D. G. Truhlar,  A. Aspuru-Guzik,  R. Baer,  A. T. Bell,  N. A. Besley,  
 Jeng-Da Chai,  A. Dreuw,  B. D. Dunietz,  T. R. Furlani,  Chao-Ping Hsu,  
 Yousung Jung,  Jing Kong,  D. S. Lambrecht,  WanZhen Liang,  C. Ochsenfeld,  
 V. A. Rassolov,  L. V. Slipchenko,  J. E. Subotnik,  T. Van Voorhis,  
 J. M. Herbert,  A. I. Krylov,  P. M. W. Gill,  M. Head-Gordon

 Contributors to earlier versions of Q-Chem not listed above: 
 R. D. Adamson,  B. Austin,  J. Baker,  G. J. O. Beran,  K. Brandhorst,  
 S. T. Brown,  E. F. C. Byrd,  A. K. Chakraborty,  C.-L. Cheng,  
 Siu Hung Chien,  D. M. Chipman,  D. L. Crittenden,  H. Dachsel,  
 R. A. DiStasio Jr.,  R. J. Doerksen,  A. D. Dutoi,  L. Fusti-Molnar,  
 W. A. Goddard III,  A. Golubeva-Zadorozhnaya,  S. R. Gwaltney,  G. Hawkins,  
 A. Heyden,  S. Hirata,  G. Kedziora,  F. J. Keil,  C. Kelley,  Jihan Kim,  
 R. A. King,  R. Z. Khaliullin,  P. P. Korambath,  W. Kurlancheek,  
 A. M. Lee,  M. S. Lee,  S. V. Levchenko,  Ching Yeh Lin,  D. Liotard,  
 R. C. Lochan,  I. Lotan,  P. E. Maslen,  N. Nair,  D. P. O'Neill,  
 D. Neuhauser,  E. Neuscamman,  C. M. Oana,  R. Olson,  B. Peters,  
 R. Peverati,  P. A. Pieniazek,  Y. M. Rhee,  J. Ritchie,  M. A. Rohrdanz,  
 E. Rosta,  N. J. Russ,  H. F. Schaefer III,  N. E. Schultz,  N. Shenvi,  
 A. C. Simmonett,  A. Sodt,  D. Stuck,  K. S. Thanthiriwatte,  V. Vanovschi,  
 Tao Wang,  A. Warshel,  C. F. Williams,  Q. Wu,  X. Xu,  W. Zhang

 Please cite Q-Chem as follows:
 Y. Shao et al., Mol. Phys. 113, 184-215 (2015)
 DOI: 10.1080/00268976.2014.952696

 Q-Chem 5.0.1 for Intel X86 EM64T Linux

 Parts of Q-Chem use Armadillo 5.200.1 (Boston Tea Smuggler).
 http://arma.sourceforge.net/

 Q-Chem begins on Tue Apr 17 00:59:01 2018  

Host: vega03.cac.cornell.edu
0

     Scratch files written to /scratch/jj585/vdw/01n00_distance_6.500_01.save//
 Parallel job on  1  processors

Checking the input file for inconsistencies... 	...done.

--------------------------------------------------------------
User input:
--------------------------------------------------------------
$molecule
0  1
C        -0.76659000        -1.14844000        +6.41267000
C        -0.77924000        +0.25404000        +6.53449000
C        -1.96535000        -1.88090000        +6.35404000
C        -3.16167000        -1.16530000        +6.42671000
C        -3.17528000        +0.21781000        +6.54890000
C        -1.99376000        +0.95930000        +6.60766000
H        -4.12569000        +0.73851000        +6.59666000
H        -4.10107000        -1.70685000        +6.38968000
C        -2.06175000        +2.46272000        +6.72795000
H        -1.46429000        +2.95878000        +5.95891000
H        -1.67718000        +2.79953000        +7.69240000
H        -3.09426000        +2.80149000        +6.62594000
H        -1.96093000        -2.90867000        +6.26081000
H        +0.13610000        -1.64640000        +6.36570000
H        +0.11336000        +0.77075000        +6.57053000
@C        -0.54444000        -0.68370000        -0.06689000
@C        -0.55709000        +0.71878000        +0.05493000
@C        -1.74320000        -1.41616000        -0.12552000
@C        -2.93952000        -0.70056000        -0.05285000
@C        -2.95313000        +0.68255000        +0.06934000
@C        -1.77161000        +1.42404000        +0.12810000
@H        -3.90354000        +1.20325000        +0.11710000
@H        -3.87892000        -1.24211000        -0.08988000
@C        -1.83960000        +2.92746000        +0.24839000
@H        -1.24214000        +3.42352000        -0.52065000
@H        -1.45503000        +3.26427000        +1.21284000
@H        -2.87211000        +3.26623000        +0.14638000
@H        -1.73878000        -2.44393000        -0.21875000
@H        +0.35825000        -1.18166000        -0.11386000
@H        +0.33551000        +1.23549000        +0.09097000
$end

$rem
JOBTYPE                   SP
METHOD                    B3LYP
DFT_D                     d3_op
BASIS                     6-311++G(d,p)
SYMMETRY                  False
THRESH                    12
SCF_CONVERGENCE           8
MAX_SUB_FILE_NUM          128
MEM_STATIC                400
MEM_TOTAL                 4000
$end
--------------------------------------------------------------
 Adding empirical dispersion correction 
 ----------------------------------------------------------------
 Doing -D3(op) with
 s6 =   1.00000
 s8 =   0.78311
 a1 =   0.30000
 a2 =   4.25000
 n  =  10.00000
 -D3 energy without 3body term =     -0.0113800034 hartrees
 ----------------------------------------------------------------
             Standard Nuclear Orientation (Angstroms)
    I     Atom           X                Y                Z
 ----------------------------------------------------------------
    1      C      -0.7665900000    -1.1484400000     6.4126700000
    2      C      -0.7792400000     0.2540400000     6.5344900000
    3      C      -1.9653500000    -1.8809000000     6.3540400000
    4      C      -3.1616700000    -1.1653000000     6.4267100000
    5      C      -3.1752800000     0.2178100000     6.5489000000
    6      C      -1.9937600000     0.9593000000     6.6076600000
    7      H      -4.1256900000     0.7385100000     6.5966600000
    8      H      -4.1010700000    -1.7068500000     6.3896800000
    9      C      -2.0617500000     2.4627200000     6.7279500000
   10      H      -1.4642900000     2.9587800000     5.9589100000
   11      H      -1.6771800000     2.7995300000     7.6924000000
   12      H      -3.0942600000     2.8014900000     6.6259400000
   13      H      -1.9609300000    -2.9086700000     6.2608100000
   14      H       0.1361000000    -1.6464000000     6.3657000000
   15      H       0.1133600000     0.7707500000     6.5705300000
   16      GH     -0.5444400000    -0.6837000000    -0.0668900000
   17      GH     -0.5570900000     0.7187800000     0.0549300000
   18      GH     -1.7432000000    -1.4161600000    -0.1255200000
   19      GH     -2.9395200000    -0.7005600000    -0.0528500000
   20      GH     -2.9531300000     0.6825500000     0.0693400000
   21      GH     -1.7716100000     1.4240400000     0.1281000000
   22      GH     -3.9035400000     1.2032500000     0.1171000000
   23      GH     -3.8789200000    -1.2421100000    -0.0898800000
   24      GH     -1.8396000000     2.9274600000     0.2483900000
   25      GH     -1.2421400000     3.4235200000    -0.5206500000
   26      GH     -1.4550300000     3.2642700000     1.2128400000
   27      GH     -2.8721100000     3.2662300000     0.1463800000
   28      GH     -1.7387800000    -2.4439300000    -0.2187500000
   29      GH      0.3582500000    -1.1816600000    -0.1138600000
   30      GH      0.3355100000     1.2354900000     0.0909700000
 ----------------------------------------------------------------
 Nuclear Repulsion Energy =   269.2168625664 hartrees
 There are       25 alpha and       25 beta electrons
 Requested basis set is 6-311++G(d,p)
 There are 164 shells and 420 basis functions

 Total QAlloc Memory Limit   4000 MB
 Mega-Array Size       392 MB
 MEM_STATIC part       400 MB
 A cutoff of  1.0D-12 yielded  10339 shell pairs
 There are     67501 function pairs (     71499 Cartesian)
 
 -------------------------------------------------------
 OpenMP Integral Computing Module                       
 Release: version 1.0, May 2013, Q-Chem Inc. Pittsburgh 
 -------------------------------------------------------
 Integral Job Info:
 Integral job number is                      11
 Integral operator is                         1
 short-range coefficients                     0
 long-range coefficients              100000000
 Omega coefficients                           0
 if combine SR and LR in K                    0
 Integral screening is                        0
 Integral computing path is                   2
 max size of driver memory is            800000
 size of driver memory is                593474
 size of scratch memory is              2361544
 max col of scratch BK array               1296
 max len of scratch array in speh3          155
 max len of scratch index in speh4           18
 max int batch size is                      520
 min int batch size is                       52
 fixed nKL is                                52
 max L of basis functions is                  2
 order of int derivative is                   0
 number of shells is                        164
 number of basis is                         434
 number of cartesian basis is               434
 number of contracted shell pairs         10339
 number of primitive shell pairs          22995
 maxK2 (contraction) of shell pair           36
 max number of K2 of shell pair               1
 max number of CS2 of shell pair           1987
 max number of PS2 of shell pair           3264
 mem total for path MDJ                  114306
 -------------------------------------------------------
 Smallest overlap matrix eigenvalue = 7.86E-07
 Linear dependence detected in AO basis
 Number of orthogonalized atomic orbitals = 419
 Maximum deviation from orthogonality = 8.327E-11

 Scale SEOQF with 1.000000e-01/1.000000e-01/1.000000e-02

 Standard Electronic Orientation quadrupole field applied
 Nucleus-field energy     =    -0.0000000053 hartrees
 Guess from superposition of atomic densities
 Warning:  Energy on first SCF cycle will be non-variational

 Q-Chem warning in module /opt/software/qchem/qchem-5.0.1/libgen/Atomic_PolEc.C, line 58:

 No atomic polarizability available.


 Q-Chem warning in module /opt/software/qchem/qchem-5.0.1/libgen/Atomic_PolEc.C, line 73:

 No atomic polarizability available.


 Q-Chem warning in module /opt/software/qchem/qchem-5.0.1/libgen/Atomic_PolEc.C, line 58:

 No atomic polarizability available.


 Q-Chem warning in module /opt/software/qchem/qchem-5.0.1/libgen/Atomic_PolEc.C, line 73:

 No atomic polarizability available.


 Q-Chem warning in module /opt/software/qchem/qchem-5.0.1/libgen/Atomic_PolEc.C, line 58:

 No atomic polarizability available.


 Q-Chem warning in module /opt/software/qchem/qchem-5.0.1/libgen/Atomic_PolEc.C, line 73:

 No atomic polarizability available.


 Q-Chem warning in module /opt/software/qchem/qchem-5.0.1/libgen/Atomic_PolEc.C, line 58:

 No atomic polarizability available.


 Q-Chem warning in module /opt/software/qchem/qchem-5.0.1/libgen/Atomic_PolEc.C, line 73:

 No atomic polarizability available.


 Q-Chem warning in module /opt/software/qchem/qchem-5.0.1/libgen/Atomic_PolEc.C, line 58:

 No atomic polarizability available.


 Q-Chem warning in module /opt/software/qchem/qchem-5.0.1/libgen/Atomic_PolEc.C, line 73:

 No atomic polarizability available.


 Q-Chem warning in module /opt/software/qchem/qchem-5.0.1/libgen/Atomic_PolEc.C, line 58:

 No atomic polarizability available.


 Q-Chem warning in module /opt/software/qchem/qchem-5.0.1/libgen/Atomic_PolEc.C, line 73:

 No atomic polarizability available.


 Q-Chem warning in module /opt/software/qchem/qchem-5.0.1/libgen/Atomic_PolEc.C, line 58:

 No atomic polarizability available.


 Q-Chem warning in module /opt/software/qchem/qchem-5.0.1/libgen/Atomic_PolEc.C, line 73:

 No atomic polarizability available.


 Q-Chem warning in module /opt/software/qchem/qchem-5.0.1/libgen/Atomic_PolEc.C, line 58:

 No atomic polarizability available.


 Q-Chem warning in module /opt/software/qchem/qchem-5.0.1/libgen/Atomic_PolEc.C, line 73:

 No atomic polarizability available.


 Q-Chem warning in module /opt/software/qchem/qchem-5.0.1/libgen/Atomic_PolEc.C, line 58:

 No atomic polarizability available.


 Q-Chem warning in module /opt/software/qchem/qchem-5.0.1/libgen/Atomic_PolEc.C, line 73:

 No atomic polarizability available.


 Q-Chem warning in module /opt/software/qchem/qchem-5.0.1/libgen/Atomic_PolEc.C, line 58:

 No atomic polarizability available.


 Q-Chem warning in module /opt/software/qchem/qchem-5.0.1/libgen/Atomic_PolEc.C, line 73:

 No atomic polarizability available.


 Q-Chem warning in module /opt/software/qchem/qchem-5.0.1/libgen/Atomic_PolEc.C, line 58:

 No atomic polarizability available.


 Q-Chem warning in module /opt/software/qchem/qchem-5.0.1/libgen/Atomic_PolEc.C, line 73:

 No atomic polarizability available.


 Q-Chem warning in module /opt/software/qchem/qchem-5.0.1/libgen/Atomic_PolEc.C, line 58:

 No atomic polarizability available.


 Q-Chem warning in module /opt/software/qchem/qchem-5.0.1/libgen/Atomic_PolEc.C, line 73:

 No atomic polarizability available.


 Q-Chem warning in module /opt/software/qchem/qchem-5.0.1/libgen/Atomic_PolEc.C, line 58:

 No atomic polarizability available.


 Q-Chem warning in module /opt/software/qchem/qchem-5.0.1/libgen/Atomic_PolEc.C, line 73:

 No atomic polarizability available.


 Q-Chem warning in module /opt/software/qchem/qchem-5.0.1/libgen/Atomic_PolEc.C, line 58:

 No atomic polarizability available.


 Q-Chem warning in module /opt/software/qchem/qchem-5.0.1/libgen/Atomic_PolEc.C, line 73:

 No atomic polarizability available.


 Q-Chem warning in module /opt/software/qchem/qchem-5.0.1/libgen/Atomic_PolEc.C, line 58:

 No atomic polarizability available.


 Q-Chem warning in module /opt/software/qchem/qchem-5.0.1/libgen/Atomic_PolEc.C, line 73:

 No atomic polarizability available.

 A restricted hybrid HF-DFT SCF calculation will be
 performed using Pulay DIIS extrapolation
 Exchange:     0.2000 Hartree-Fock + 0.0800 Slater + 0.7200 B88
 Correlation:  0.1900 VWN1RPA + 0.8100 LYP
 Using SG-1 standard quadrature grid
 Dispersion:   Grimme D3
 SCF converges when DIIS error is below 1.0E-08
 using 4 threads for integral computing
 -------------------------------------------------------
 OpenMP Integral computing Module                
 Release: version 1.0, May 2013, Q-Chem Inc. Pittsburgh 
 -------------------------------------------------------
 -------------------------------------------------------
 OpenMP BLAS3 based DFT computing Module                
 Release: version 1.0, May 2013, Q-Chem Inc. Pittsburgh 
 -------------------------------------------------------
 ---------------------------------------
  Cycle       Energy         DIIS Error
 ---------------------------------------
    1    -273.1501037322      2.19E-02
    2    -271.4965063858      2.44E-03
    3    -271.4751611961      2.65E-03
    4    -271.6427716887      1.96E-04
    5    -271.6433474362      1.00E-04
    6    -271.6435206011      4.34E-05
    7    -271.6435589384      1.57E-05
    8    -271.6435649076      1.31E-06
    9    -271.6435649365      8.01E-07
   10    -271.6435649505      1.83E-07
   11    -271.6435649512      8.05E-08
   12    -271.6435649513      9.51E-09 Convergence criterion met
 ---------------------------------------
 SCF time:  CPU 209.23 s  wall 52.51 s
 SCF   energy in the final basis set = -271.64356495
 Total energy in the final basis set = -271.64356495
 
 --------------------------------------------------------------
 
                    Orbital Energies (a.u.)
 --------------------------------------------------------------
 
 Alpha MOs
 -- Occupied --
-10.185 -10.174 -10.172 -10.171 -10.170 -10.169 -10.169  -0.858
 -0.776  -0.747  -0.691  -0.611  -0.591  -0.521  -0.465  -0.462
 -0.424  -0.423  -0.418  -0.390  -0.358  -0.350  -0.342  -0.255
 -0.247
 -- Virtual --
 -0.017  -0.013  -0.008   0.005   0.010   0.018   0.028   0.032
  0.034   0.039   0.041   0.049   0.055   0.060   0.062   0.067
  0.071   0.081   0.082   0.086   0.088   0.093   0.104   0.107
  0.110   0.113   0.116   0.121   0.123   0.123   0.125   0.126
  0.128   0.131   0.134   0.138   0.141   0.151   0.152   0.159
  0.161   0.162   0.166   0.169   0.171   0.172   0.175   0.180
  0.181   0.182   0.184   0.189   0.193   0.198   0.205   0.213
  0.215   0.220   0.225   0.225   0.232   0.237   0.239   0.245
  0.246   0.248   0.251   0.259   0.261   0.263   0.270   0.276
  0.285   0.289   0.291   0.294   0.298   0.302   0.306   0.314
  0.316   0.323   0.326   0.328   0.335   0.349   0.360   0.364
  0.369   0.373   0.378   0.379   0.394   0.402   0.411   0.422
  0.432   0.466   0.471   0.478   0.485   0.499   0.505   0.521
  0.531   0.540   0.545   0.557   0.563   0.567   0.573   0.579
  0.584   0.586   0.591   0.600   0.602   0.610   0.613   0.617
  0.633   0.638   0.647   0.653   0.655   0.662   0.664   0.673
  0.690   0.692   0.701   0.708   0.728   0.732   0.737   0.742
  0.753   0.769   0.779   0.799   0.809   0.819   0.824   0.848
  0.857   0.875   0.876   0.890   0.900   0.902   0.912   0.924
  0.928   0.943   0.951   0.975   0.999   1.012   1.015   1.023
  1.035   1.038   1.071   1.079   1.088   1.114   1.124   1.130
  1.145   1.149   1.184   1.190   1.203   1.283   1.323   1.355
  1.362   1.368   1.409   1.413   1.421   1.450   1.461   1.474
  1.498   1.519   1.528   1.530   1.531   1.532   1.546   1.553
  1.558   1.573   1.574   1.588   1.610   1.613   1.641   1.657
  1.673   1.684   1.693   1.711   1.714   1.719   1.735   1.742
  1.753   1.755   1.764   1.779   1.791   1.799   1.816   1.818
  1.840   1.849   1.854   1.867   1.881   1.885   1.896   1.901
  1.916   1.935   1.938   1.959   1.960   1.961   1.972   1.985
  2.019   2.023   2.031   2.035   2.045   2.053   2.068   2.095
  2.100   2.109   2.145   2.164   2.191   2.236   2.248   2.265
  2.306   2.315   2.320   2.324   2.341   2.399   2.399   2.412
  2.417   2.424   2.436   2.444   2.454   2.464   2.482   2.483
  2.490   2.499   2.541   2.547   2.554   2.554   2.567   2.592
  2.594   2.600   2.629   2.634   2.670   2.676   2.695   2.716
  2.731   2.736   2.742   2.744   2.755   2.758   2.769   2.820
  2.840   2.845   2.896   2.906   2.909   2.921   2.927   2.935
  2.951   2.992   2.995   3.003   3.004   3.011   3.050   3.089
  3.124   3.151   3.175   3.213   3.221   3.246   3.281   3.343
  3.351   3.358   3.382   3.394   3.396   3.452   3.463   3.488
  3.501   3.510   3.535   3.541   3.559   3.589   3.620   3.650
  3.668   3.703   3.718   3.791   3.796   3.857   4.013   4.030
  4.033   4.120   4.175   4.184   4.201   4.342   4.621   4.727
  4.838   4.845   4.867   4.909   4.968   5.110   5.219   5.663
  7.034   7.098   7.123   7.199   7.212   7.348   7.603   7.710
  7.717   7.736   7.777   7.778   7.815   7.833   7.845   7.982
  8.021   8.046   8.166   8.479   8.918   9.689   9.975  10.197
 10.210  10.248  10.258  10.323  23.642  23.938  23.998  24.006
 24.095  24.108  24.205  69.807  69.975  70.051  70.060  70.079
 70.089  70.121
 --------------------------------------------------------------
 
          Ground-State Mulliken Net Atomic Charges

     Atom                 Charge (a.u.)
  ----------------------------------------
      1 C                    -0.048664
      2 C                    -0.384396
      3 C                    -0.319672
      4 C                    -0.087430
      5 C                    -0.737536
      6 C                     0.956695
      7 H                     0.129674
      8 H                     0.171364
      9 C                    -0.593656
     10 H                     0.147261
     11 H                     0.158302
     12 H                     0.148760
     13 H                     0.146049
     14 H                     0.159800
     15 H                     0.154549
     16 GH                    0.000159
     17 GH                    0.000584
     18 GH                    0.000753
     19 GH                    0.000367
     20 GH                   -0.004429
     21 GH                    0.001710
     22 GH                   -0.000680
     23 GH                   -0.000091
     24 GH                    0.001122
     25 GH                    0.000009
     26 GH                   -0.000172
     27 GH                    0.000088
     28 GH                    0.000009
     29 GH                   -0.000242
     30 GH                   -0.000288
  ----------------------------------------
  Sum of atomic charges =     0.000000

 -----------------------------------------------------------------
                    Cartesian Multipole Moments
 -----------------------------------------------------------------
    Charge (ESU x 10^10)
                -0.0000
    Dipole Moment (Debye)
         X       0.0621      Y       0.3875      Z       0.0338
       Tot       0.3939
    Quadrupole Moments (Debye-Ang)
        XX     -39.3775     XY      -0.7458     YY     -38.4274
        XZ       0.3066     YZ       3.2258     ZZ     -45.9846
    Octopole Moments (Debye-Ang^2)
       XXX     234.7606    XXY      -0.9315    XYY      76.9816
       YYY      -9.4282    XXZ    -256.8706    XYZ      -6.1988
       YYZ    -251.7553    XZZ      94.4470    YZZ      27.5053
       ZZZ    -902.9204
    Hexadecapole Moments (Debye-Ang^3)
      XXXX   -1224.1408   XXXY      14.1967   XXYY    -302.8422
      XYYY      24.0902   YYYY    -616.7789   XXXZ    1533.1883
      XXYZ     -11.0755   XYYZ     504.4793   YYYZ     -83.1244
      XXZZ   -1932.1452   XYZZ     -49.8184   YYZZ   -1771.4249
      XZZZ    1825.5728   YZZZ     208.7637   ZZZZ  -11849.5071
 -----------------------------------------------------------------
Archival summary:
1\1\vega03.cac.cornell.edu\SP\ProcedureUnspecified\BasisUnspecified\78h15\jj585\TueApr1700:59:542018TueApr1700:59:542018\0\\#,ProcedureUnspecified,BasisUnspecified,\\0,1\C\C,1,1.39616\H,2,1.08475,1,118.991\C,2,1.38856,1,121.629,3,179.783,0\H,4,1.08495,2,119.453,1,179.671,0\C,4,1.3959,2,121.575,1,-0.129654,0\H,6,1.032,4,121.26,2,-179.84,0\C,6,1.40604,4,117.481,2,0.160349,0\H,8,1.032,6,119.504,4,179.742,0\C,1,1.40634,2,117.536,3,-179.6,0\H,10,1.032,1,119.607,2,179.72,0\C,1,1.50976,2,119.611,3,-0.341033,0\H,12,1.09144,1,110.135,2,-7.24194,0\H,12,1.09156,1,111.21,2,113.289,0\H,12,1.09291,1,111.796,2,-127.427,0\Gh,15,4.7559,12,137.09,1,62.9407,0\Gh,16,1.09156,15,149.454,12,-9.0614,0\Gh,17,1.09144,16,108.669,15,70.0469,0\Gh,17,1.09291,16,106.802,15,-173.569,0\Gh,17,1.50976,16,111.21,15,-51.3447,0\Gh,20,1.39616,17,119.611,16,113.289,0\Gh,21,1.08475,20,118.991,17,-0.341033,0\Gh,21,1.38856,20,121.629,17,179.442,0\Gh,23,1.08495,21,119.453,20,179.671,0\Gh,23,1.3959,21,121.575,20,-0.129654,0\Gh,25,1.032,23,121.26,21,-179.84,0\Gh,25,1.40604,23,117.481,21,0.160349,0\Gh,27,1.032,25,119.504,23,179.742,0\Gh,20,1.40634,17,122.848,16,-67.4939,0\Gh,29,1.032,20,119.607,17,0.487832,0\\\@

 Total job time:  53.08s(wall), 211.12s(cpu) 
 Tue Apr 17 00:59:54 2018

        *************************************************************
        *                                                           *
        *  Thank you very much for using Q-Chem.  Have a nice day.  *
        *                                                           *
        *************************************************************


0 sent ACK to 0 
now end server 0 ... 
