mFile = /opt/software/qchem/qchem-5.0.1//bin/mpi/machines
Process 0 of 1 is on vega02.cac.cornell.edu - thread support 0
initial socket setup ...start
initial socket setup ...done 
now start server 0 ... 
vega02.cac.cornell.edu 10.84.3
Q-Chem Developer Version! Running on 10.84.3.*
                  Welcome to Q-Chem
     A Quantum Leap Into The Future Of Chemistry


 Q-Chem 5.0, Q-Chem, Inc., Pleasanton, CA (2017)

 Yihan Shao,  Zhengting Gan,  E. Epifanovsky,  A. T. B. Gilbert,  M. Wormit,  
 J. Kussmann,  A. W. Lange,  A. Behn,  Jia Deng,  Xintian Feng,  D. Ghosh,  
 M. Goldey,  P. R. Horn,  L. D. Jacobson,  I. Kaliman,  T. Kus,  A. Landau,  
 Jie Liu,  E. I. Proynov,  R. M. Richard,  R. P. Steele,  E. J. Sundstrom,  
 H. L. Woodcock III,  P. M. Zimmerman,  D. Zuev,  B. Albrecht,  E. Alguire,  
 S. A. Baeppler,  Z. Benda,  Y. A. Bernard,  E. J. Berquist,  K. B. Bravaya,  
 D. Casanova,  Chun-Min Chang,  Yunqing Chen,  A. Chien,  K. D. Closser,  
 M. P. Coons,  S. Dasgupta,  M. Diedenhofen,  Hainam Do,  R. G. Edgar,  
 Po-Tung Fang,  S. Fatehi,  Qingguo Feng,  Qinghui Ge,  A. Ghysels,  
 J. Gomes,  J. Gonthier,  A. Gunina,  M. W. D. Hanson-Heine,  
 P. H. P. Harbach,  A. W. Hauser,  J. E. Herr,  E. G. Hohenstein,  
 Z. C. Holden,  Kerwin Hui,  T.-C. Jagau,  Hyunjun Ji,  B. Kaduk,  
 K. Khistyaev,  Jaehoon Kim,  P. Klunzinger,  K. Koh,  D. Kosenkov,  
 T. Kowalczyk,  C. M. Krauter,  A. Kunitsa,  Ka Un Lao,  A. Laurent,  
 K. V. Lawler,  Joonho Lee,  D. Lefrancois,  S. Lehtola,  D. S. Levine,  
 Yi-Pei Li,  You-Sheng Lin,  Fenglai Liu,  E. Livshits,  A. Luenser,  
 P. Manohar,  E. Mansoor,  S. F. Manzer,  Shan-Ping Mao,  Yuezhi Mao,  
 N. Mardirossian,  A. V. Marenich,  L. A. Martinez-Martinez,  S. A. Maurer,  
 N. J. Mayhall,  S. C. McKenzie,  J.-M. Mewes,  A. F. Morrison,  K. Nanda,  
 T. S. Nguyen-Beck,  R. Olivares-Amaya,  J. A. Parkhill,  T. M. Perrine,  
 F. Plasser,  S. Prager,  A. Prociuk,  D. R. Rehn,  F. Rob,  M. Schneider,  
 N. Sergueev,  S. M. Sharada,  S. Sharma,  D. W. Small,  T. Stauch,  
 T. Stein,  Yu-Chuan Su,  A. J. W. Thom,  T. Tsuchimochi,  L. Vogt,  
 O. Vydrov,  M. A. Watson,  J. Wenzel,  M. de Wergifosse,  T. A. Wesolowski,  
 A. White,  J. Witte,  A. Yamada,  Jun Yang,  K. Yao,  S. Yeganeh,  
 S. R. Yost,  Zhi-Qiang You,  A. Zech,  Igor Ying Zhang,  Xing Zhang,  
 Yan Zhao,  Ying Zhu,  B. R. Brooks,  G. K. L. Chan,  C. J. Cramer,  
 M. S. Gordon,  W. J. Hehre,  A. Klamt,  M. W. Schmidt,  C. D. Sherrill,  
 D. G. Truhlar,  A. Aspuru-Guzik,  R. Baer,  A. T. Bell,  N. A. Besley,  
 Jeng-Da Chai,  A. Dreuw,  B. D. Dunietz,  T. R. Furlani,  Chao-Ping Hsu,  
 Yousung Jung,  Jing Kong,  D. S. Lambrecht,  WanZhen Liang,  C. Ochsenfeld,  
 V. A. Rassolov,  L. V. Slipchenko,  J. E. Subotnik,  T. Van Voorhis,  
 J. M. Herbert,  A. I. Krylov,  P. M. W. Gill,  M. Head-Gordon

 Contributors to earlier versions of Q-Chem not listed above: 
 R. D. Adamson,  B. Austin,  J. Baker,  G. J. O. Beran,  K. Brandhorst,  
 S. T. Brown,  E. F. C. Byrd,  A. K. Chakraborty,  C.-L. Cheng,  
 Siu Hung Chien,  D. M. Chipman,  D. L. Crittenden,  H. Dachsel,  
 R. A. DiStasio Jr.,  R. J. Doerksen,  A. D. Dutoi,  L. Fusti-Molnar,  
 W. A. Goddard III,  A. Golubeva-Zadorozhnaya,  S. R. Gwaltney,  G. Hawkins,  
 A. Heyden,  S. Hirata,  G. Kedziora,  F. J. Keil,  C. Kelley,  Jihan Kim,  
 R. A. King,  R. Z. Khaliullin,  P. P. Korambath,  W. Kurlancheek,  
 A. M. Lee,  M. S. Lee,  S. V. Levchenko,  Ching Yeh Lin,  D. Liotard,  
 R. C. Lochan,  I. Lotan,  P. E. Maslen,  N. Nair,  D. P. O'Neill,  
 D. Neuhauser,  E. Neuscamman,  C. M. Oana,  R. Olson,  B. Peters,  
 R. Peverati,  P. A. Pieniazek,  Y. M. Rhee,  J. Ritchie,  M. A. Rohrdanz,  
 E. Rosta,  N. J. Russ,  H. F. Schaefer III,  N. E. Schultz,  N. Shenvi,  
 A. C. Simmonett,  A. Sodt,  D. Stuck,  K. S. Thanthiriwatte,  V. Vanovschi,  
 Tao Wang,  A. Warshel,  C. F. Williams,  Q. Wu,  X. Xu,  W. Zhang

 Please cite Q-Chem as follows:
 Y. Shao et al., Mol. Phys. 113, 184-215 (2015)
 DOI: 10.1080/00268976.2014.952696

 Q-Chem 5.0.1 for Intel X86 EM64T Linux

 Parts of Q-Chem use Armadillo 5.200.1 (Boston Tea Smuggler).
 http://arma.sourceforge.net/

 Q-Chem begins on Wed Apr 18 00:44:15 2018  

Host: vega02.cac.cornell.edu
0

     Scratch files written to /scratch/jj585/vdw/01n10_distance_3.000_01.save//
 Parallel job on  1  processors

Checking the input file for inconsistencies... 	...done.

--------------------------------------------------------------
User input:
--------------------------------------------------------------
$molecule
0  1
C        -0.55740000        -0.96257000        +2.91068000
C        -0.57137000        +0.42219000        +3.04420000
C        -1.74919000        -1.69691000        +2.85360000
C        -2.95114000        -0.99089000        +2.93001000
C        -2.96530000        +0.39776000        +3.06331000
C        -1.77799000        +1.12986000        +3.12064000
H        -3.91664000        +0.91740000        +3.12206000
H        -3.89150000        -1.53175000        +2.88590000
C        -1.78832000        +2.63509000        +3.23561000
C        -1.73018000        -3.20290000        +2.73972000
H        -1.00446000        -3.53886000        +1.99377000
H        -2.70998000        -3.59301000        +2.45507000
H        -1.45499000        -3.66641000        +3.69337000
H        -1.51292000        +3.10363000        +2.28465000
H        -1.07505000        +2.98290000        +3.98820000
H        -2.77751000        +3.00644000        +3.51224000
H        +0.39315000        -1.48409000        +2.85097000
H        +0.36890000        +0.96334000        +3.08844000
@C        -0.58454000        -0.67556000        -0.07544000
@C        -0.59851000        +0.70920000        +0.05808000
@C        -1.77633000        -1.40990000        -0.13252000
@C        -2.97828000        -0.70388000        -0.05611000
@C        -2.99244000        +0.68477000        +0.07719000
@C        -1.80513000        +1.41687000        +0.13452000
@H        -3.94378000        +1.20441000        +0.13594000
@H        -3.91864000        -1.24474000        -0.10022000
@C        -1.81546000        +2.92210000        +0.24949000
@C        -1.75732000        -2.91589000        -0.24640000
@H        -1.03160000        -3.25185000        -0.99235000
@H        -2.73712000        -3.30600000        -0.53105000
@H        -1.48213000        -3.37940000        +0.70725000
@H        -1.54006000        +3.39064000        -0.70147000
@H        -1.10219000        +3.26991000        +1.00208000
@H        -2.80465000        +3.29345000        +0.52612000
@H        +0.36601000        -1.19708000        -0.13515000
@H        +0.34176000        +1.25035000        +0.10232000
$end

$rem
JOBTYPE                   SP
METHOD                    B3LYP
DFT_D                     d3_op
BASIS                     6-311++G(d,p)
SYMMETRY                  False
THRESH                    12
SCF_CONVERGENCE           8
MAX_SUB_FILE_NUM          128
MEM_STATIC                400
MEM_TOTAL                 4000
$end
--------------------------------------------------------------
 Adding empirical dispersion correction 
 ----------------------------------------------------------------
 Doing -D3(op) with
 s6 =   1.00000
 s8 =   0.78311
 a1 =   0.30000
 a2 =   4.25000
 n  =  10.00000
 -D3 energy without 3body term =     -0.0145405323 hartrees
 ----------------------------------------------------------------
             Standard Nuclear Orientation (Angstroms)
    I     Atom           X                Y                Z
 ----------------------------------------------------------------
    1      C      -0.5574000000    -0.9625700000     2.9106800000
    2      C      -0.5713700000     0.4221900000     3.0442000000
    3      C      -1.7491900000    -1.6969100000     2.8536000000
    4      C      -2.9511400000    -0.9908900000     2.9300100000
    5      C      -2.9653000000     0.3977600000     3.0633100000
    6      C      -1.7779900000     1.1298600000     3.1206400000
    7      H      -3.9166400000     0.9174000000     3.1220600000
    8      H      -3.8915000000    -1.5317500000     2.8859000000
    9      C      -1.7883200000     2.6350900000     3.2356100000
   10      C      -1.7301800000    -3.2029000000     2.7397200000
   11      H      -1.0044600000    -3.5388600000     1.9937700000
   12      H      -2.7099800000    -3.5930100000     2.4550700000
   13      H      -1.4549900000    -3.6664100000     3.6933700000
   14      H      -1.5129200000     3.1036300000     2.2846500000
   15      H      -1.0750500000     2.9829000000     3.9882000000
   16      H      -2.7775100000     3.0064400000     3.5122400000
   17      H       0.3931500000    -1.4840900000     2.8509700000
   18      H       0.3689000000     0.9633400000     3.0884400000
   19      GH     -0.5845400000    -0.6755600000    -0.0754400000
   20      GH     -0.5985100000     0.7092000000     0.0580800000
   21      GH     -1.7763300000    -1.4099000000    -0.1325200000
   22      GH     -2.9782800000    -0.7038800000    -0.0561100000
   23      GH     -2.9924400000     0.6847700000     0.0771900000
   24      GH     -1.8051300000     1.4168700000     0.1345200000
   25      GH     -3.9437800000     1.2044100000     0.1359400000
   26      GH     -3.9186400000    -1.2447400000    -0.1002200000
   27      GH     -1.8154600000     2.9221000000     0.2494900000
   28      GH     -1.7573200000    -2.9158900000    -0.2464000000
   29      GH     -1.0316000000    -3.2518500000    -0.9923500000
   30      GH     -2.7371200000    -3.3060000000    -0.5310500000
   31      GH     -1.4821300000    -3.3794000000     0.7072500000
   32      GH     -1.5400600000     3.3906400000    -0.7014700000
   33      GH     -1.1021900000     3.2699100000     1.0020800000
   34      GH     -2.8046500000     3.2934500000     0.5261200000
   35      GH      0.3660100000    -1.1970800000    -0.1351500000
   36      GH      0.3417600000     1.2503500000     0.1023200000
 ----------------------------------------------------------------
 Nuclear Repulsion Energy =   339.7884744113 hartrees
 There are       29 alpha and       29 beta electrons
 Requested basis set is 6-311++G(d,p)
 There are 196 shells and 492 basis functions

 Total QAlloc Memory Limit   4000 MB
 Mega-Array Size       392 MB
 MEM_STATIC part       400 MB
 A cutoff of  1.0D-12 yielded  16736 shell pairs
 There are    108455 function pairs (    115739 Cartesian)
 
 -------------------------------------------------------
 OpenMP Integral Computing Module                       
 Release: version 1.0, May 2013, Q-Chem Inc. Pittsburgh 
 -------------------------------------------------------
 Integral Job Info:
 Integral job number is                      11
 Integral operator is                         1
 short-range coefficients                     0
 long-range coefficients              100000000
 Omega coefficients                           0
 if combine SR and LR in K                    0
 Integral screening is                        0
 Integral computing path is                   2
 max size of driver memory is            800000
 size of driver memory is                593474
 size of scratch memory is              2361544
 max col of scratch BK array               1296
 max len of scratch array in speh3          155
 max len of scratch index in speh4           18
 max int batch size is                      520
 min int batch size is                       52
 fixed nKL is                                52
 max L of basis functions is                  2
 order of int derivative is                   0
 number of shells is                        196
 number of basis is                         508
 number of cartesian basis is               508
 number of contracted shell pairs         16736
 number of primitive shell pairs          36276
 maxK2 (contraction) of shell pair           36
 max number of K2 of shell pair               1
 max number of CS2 of shell pair           3022
 max number of PS2 of shell pair           5256
 mem total for path MDJ                  176792
 -------------------------------------------------------
 Smallest overlap matrix eigenvalue = 5.71E-08
 Linear dependence detected in AO basis
 Number of orthogonalized atomic orbitals = 488
 Maximum deviation from orthogonality = 7.946E-11

 Scale SEOQF with 1.000000e-01/1.000000e-01/1.000000e-01

 Standard Electronic Orientation quadrupole field applied
 Nucleus-field energy     =    -0.0000000322 hartrees
 Guess from superposition of atomic densities
 Warning:  Energy on first SCF cycle will be non-variational

 Q-Chem warning in module /opt/software/qchem/qchem-5.0.1/libgen/Atomic_PolEc.C, line 58:

 No atomic polarizability available.


 Q-Chem warning in module /opt/software/qchem/qchem-5.0.1/libgen/Atomic_PolEc.C, line 73:

 No atomic polarizability available.


 Q-Chem warning in module /opt/software/qchem/qchem-5.0.1/libgen/Atomic_PolEc.C, line 58:

 No atomic polarizability available.


 Q-Chem warning in module /opt/software/qchem/qchem-5.0.1/libgen/Atomic_PolEc.C, line 73:

 No atomic polarizability available.


 Q-Chem warning in module /opt/software/qchem/qchem-5.0.1/libgen/Atomic_PolEc.C, line 58:

 No atomic polarizability available.


 Q-Chem warning in module /opt/software/qchem/qchem-5.0.1/libgen/Atomic_PolEc.C, line 73:

 No atomic polarizability available.


 Q-Chem warning in module /opt/software/qchem/qchem-5.0.1/libgen/Atomic_PolEc.C, line 58:

 No atomic polarizability available.


 Q-Chem warning in module /opt/software/qchem/qchem-5.0.1/libgen/Atomic_PolEc.C, line 73:

 No atomic polarizability available.


 Q-Chem warning in module /opt/software/qchem/qchem-5.0.1/libgen/Atomic_PolEc.C, line 58:

 No atomic polarizability available.


 Q-Chem warning in module /opt/software/qchem/qchem-5.0.1/libgen/Atomic_PolEc.C, line 73:

 No atomic polarizability available.


 Q-Chem warning in module /opt/software/qchem/qchem-5.0.1/libgen/Atomic_PolEc.C, line 58:

 No atomic polarizability available.


 Q-Chem warning in module /opt/software/qchem/qchem-5.0.1/libgen/Atomic_PolEc.C, line 73:

 No atomic polarizability available.


 Q-Chem warning in module /opt/software/qchem/qchem-5.0.1/libgen/Atomic_PolEc.C, line 58:

 No atomic polarizability available.


 Q-Chem warning in module /opt/software/qchem/qchem-5.0.1/libgen/Atomic_PolEc.C, line 73:

 No atomic polarizability available.


 Q-Chem warning in module /opt/software/qchem/qchem-5.0.1/libgen/Atomic_PolEc.C, line 58:

 No atomic polarizability available.


 Q-Chem warning in module /opt/software/qchem/qchem-5.0.1/libgen/Atomic_PolEc.C, line 73:

 No atomic polarizability available.


 Q-Chem warning in module /opt/software/qchem/qchem-5.0.1/libgen/Atomic_PolEc.C, line 58:

 No atomic polarizability available.


 Q-Chem warning in module /opt/software/qchem/qchem-5.0.1/libgen/Atomic_PolEc.C, line 73:

 No atomic polarizability available.


 Q-Chem warning in module /opt/software/qchem/qchem-5.0.1/libgen/Atomic_PolEc.C, line 58:

 No atomic polarizability available.


 Q-Chem warning in module /opt/software/qchem/qchem-5.0.1/libgen/Atomic_PolEc.C, line 73:

 No atomic polarizability available.


 Q-Chem warning in module /opt/software/qchem/qchem-5.0.1/libgen/Atomic_PolEc.C, line 58:

 No atomic polarizability available.


 Q-Chem warning in module /opt/software/qchem/qchem-5.0.1/libgen/Atomic_PolEc.C, line 73:

 No atomic polarizability available.


 Q-Chem warning in module /opt/software/qchem/qchem-5.0.1/libgen/Atomic_PolEc.C, line 58:

 No atomic polarizability available.


 Q-Chem warning in module /opt/software/qchem/qchem-5.0.1/libgen/Atomic_PolEc.C, line 73:

 No atomic polarizability available.


 Q-Chem warning in module /opt/software/qchem/qchem-5.0.1/libgen/Atomic_PolEc.C, line 58:

 No atomic polarizability available.


 Q-Chem warning in module /opt/software/qchem/qchem-5.0.1/libgen/Atomic_PolEc.C, line 73:

 No atomic polarizability available.


 Q-Chem warning in module /opt/software/qchem/qchem-5.0.1/libgen/Atomic_PolEc.C, line 58:

 No atomic polarizability available.


 Q-Chem warning in module /opt/software/qchem/qchem-5.0.1/libgen/Atomic_PolEc.C, line 73:

 No atomic polarizability available.


 Q-Chem warning in module /opt/software/qchem/qchem-5.0.1/libgen/Atomic_PolEc.C, line 58:

 No atomic polarizability available.


 Q-Chem warning in module /opt/software/qchem/qchem-5.0.1/libgen/Atomic_PolEc.C, line 73:

 No atomic polarizability available.


 Q-Chem warning in module /opt/software/qchem/qchem-5.0.1/libgen/Atomic_PolEc.C, line 58:

 No atomic polarizability available.


 Q-Chem warning in module /opt/software/qchem/qchem-5.0.1/libgen/Atomic_PolEc.C, line 73:

 No atomic polarizability available.


 Q-Chem warning in module /opt/software/qchem/qchem-5.0.1/libgen/Atomic_PolEc.C, line 58:

 No atomic polarizability available.


 Q-Chem warning in module /opt/software/qchem/qchem-5.0.1/libgen/Atomic_PolEc.C, line 73:

 No atomic polarizability available.


 Q-Chem warning in module /opt/software/qchem/qchem-5.0.1/libgen/Atomic_PolEc.C, line 58:

 No atomic polarizability available.


 Q-Chem warning in module /opt/software/qchem/qchem-5.0.1/libgen/Atomic_PolEc.C, line 73:

 No atomic polarizability available.

 A restricted hybrid HF-DFT SCF calculation will be
 performed using Pulay DIIS extrapolation
 Exchange:     0.2000 Hartree-Fock + 0.0800 Slater + 0.7200 B88
 Correlation:  0.1900 VWN1RPA + 0.8100 LYP
 Using SG-1 standard quadrature grid
 Dispersion:   Grimme D3
 SCF converges when DIIS error is below 1.0E-08
 using 4 threads for integral computing
 -------------------------------------------------------
 OpenMP Integral computing Module                
 Release: version 1.0, May 2013, Q-Chem Inc. Pittsburgh 
 -------------------------------------------------------
 -------------------------------------------------------
 OpenMP BLAS3 based DFT computing Module                
 Release: version 1.0, May 2013, Q-Chem Inc. Pittsburgh 
 -------------------------------------------------------
 ---------------------------------------
  Cycle       Energy         DIIS Error
 ---------------------------------------
    1    -312.6317921545      2.00E-02
    2    -310.8039731805      2.32E-03
    3    -310.7713385111      2.52E-03
    4    -310.9811691758      1.95E-04
    5    -310.9819531769      1.13E-04
    6    -310.9822963726      1.81E-05
    7    -310.9823034687      6.90E-06
    8    -310.9823048078      1.02E-06
    9    -310.9823048343      4.56E-07
   10    -310.9823048403      1.75E-07
   11    -310.9823048414      1.33E-08
   12    -310.9823048414      1.22E-08
   13    -310.9823048414      1.05E-09 Convergence criterion met
 ---------------------------------------
 SCF time:  CPU 833.26 s  wall 209.68 s
 SCF   energy in the final basis set = -310.98230484
 Total energy in the final basis set = -310.98230484
 
 --------------------------------------------------------------
 
                    Orbital Energies (a.u.)
 --------------------------------------------------------------
 
 Alpha MOs
 -- Occupied --
-10.180 -10.180 -10.171 -10.170 -10.170 -10.170 -10.167 -10.167
 -0.860  -0.787  -0.744  -0.721  -0.657  -0.608  -0.575  -0.494
 -0.473  -0.452  -0.425  -0.418  -0.417  -0.402  -0.398  -0.375
 -0.347  -0.342  -0.337  -0.254  -0.237
 -- Virtual --
 -0.015  -0.011  -0.008   0.001   0.009   0.020   0.022   0.029
  0.030   0.041   0.043   0.051   0.056   0.058   0.061   0.062
  0.067   0.076   0.081   0.085   0.086   0.091   0.094   0.097
  0.102   0.105   0.109   0.111   0.119   0.120   0.121   0.127
  0.131   0.131   0.132   0.136   0.145   0.147   0.147   0.152
  0.153   0.157   0.157   0.162   0.165   0.167   0.170   0.175
  0.179   0.181   0.186   0.190   0.194   0.194   0.198   0.201
  0.205   0.209   0.212   0.218   0.218   0.224   0.227   0.231
  0.234   0.237   0.239   0.244   0.245   0.260   0.262   0.262
  0.265   0.269   0.273   0.280   0.281   0.284   0.289   0.292
  0.296   0.297   0.302   0.304   0.309   0.313   0.316   0.327
  0.329   0.336   0.339   0.349   0.351   0.354   0.359   0.375
  0.378   0.381   0.384   0.387   0.398   0.404   0.414   0.419
  0.425   0.430   0.441   0.446   0.451   0.452   0.460   0.476
  0.483   0.492   0.493   0.499   0.508   0.527   0.531   0.539
  0.543   0.546   0.554   0.564   0.566   0.573   0.586   0.588
  0.596   0.604   0.611   0.614   0.622   0.625   0.636   0.648
  0.653   0.658   0.659   0.675   0.682   0.702   0.710   0.717
  0.720   0.725   0.727   0.734   0.744   0.747   0.759   0.761
  0.769   0.776   0.784   0.788   0.791   0.796   0.806   0.812
  0.818   0.824   0.834   0.840   0.862   0.879   0.899   0.918
  0.924   0.933   0.936   0.941   0.946   0.950   0.955   0.958
  0.984   1.003   1.012   1.017   1.025   1.032   1.044   1.066
  1.069   1.081   1.087   1.115   1.129   1.133   1.150   1.151
  1.168   1.194   1.212   1.227   1.242   1.268   1.279   1.324
  1.341   1.369   1.383   1.405   1.422   1.433   1.440   1.464
  1.468   1.479   1.493   1.520   1.532   1.534   1.542   1.553
  1.567   1.568   1.578   1.603   1.610   1.628   1.632   1.638
  1.649   1.655   1.663   1.671   1.676   1.685   1.691   1.699
  1.715   1.726   1.741   1.751   1.757   1.764   1.775   1.786
  1.792   1.796   1.801   1.810   1.820   1.826   1.835   1.840
  1.849   1.862   1.863   1.871   1.893   1.907   1.919   1.925
  1.929   1.941   1.946   1.950   1.958   1.967   1.977   1.993
  2.002   2.006   2.021   2.026   2.036   2.047   2.055   2.074
  2.086   2.094   2.106   2.119   2.128   2.140   2.146   2.164
  2.167   2.184   2.197   2.211   2.234   2.242   2.269   2.281
  2.287   2.306   2.321   2.328   2.338   2.364   2.365   2.381
  2.390   2.399   2.404   2.425   2.439   2.458   2.470   2.485
  2.491   2.499   2.509   2.511   2.537   2.539   2.543   2.551
  2.554   2.584   2.592   2.612   2.628   2.630   2.641   2.654
  2.672   2.674   2.714   2.727   2.744   2.752   2.764   2.778
  2.792   2.806   2.812   2.821   2.845   2.849   2.864   2.889
  2.910   2.914   2.931   2.942   2.952   2.955   2.969   2.972
  2.986   3.005   3.016   3.019   3.049   3.053   3.063   3.088
  3.092   3.140   3.153   3.181   3.203   3.247   3.259   3.276
  3.285   3.336   3.345   3.360   3.381   3.388   3.398   3.464
  3.478   3.519   3.538   3.544   3.547   3.566   3.601   3.607
  3.616   3.635   3.649   3.665   3.695   3.703   3.743   3.766
  3.811   3.838   3.848   3.860   3.891   3.955   3.999   4.047
  4.085   4.128   4.177   4.210   4.274   4.299   4.390   4.667
  4.709   4.806   4.825   4.831   4.859   4.874   4.887   4.913
  4.952   5.109   5.419   7.195   7.219   7.258   7.296   7.316
  7.453   7.638   7.701   7.735   7.765   7.792   7.805   7.810
  7.822   7.873   7.885   7.923   7.964   7.993   8.040   8.150
  8.377   8.531   8.915   9.706   9.979  10.001  10.183  10.235
 10.253  10.261  10.322  23.675  23.965  23.970  23.999  24.054
 24.102  24.116  24.207  69.689  69.857  69.871  69.923  69.957
 69.970  69.975  70.001
 --------------------------------------------------------------
 
          Ground-State Mulliken Net Atomic Charges

     Atom                 Charge (a.u.)
  ----------------------------------------
      1 C                    -0.272263
      2 C                    -0.368368
      3 C                     0.525248
      4 C                    -0.342401
      5 C                    -0.367338
      6 C                     0.241216
      7 H                     0.172696
      8 H                     0.162712
      9 C                    -0.746367
     10 C                    -0.579058
     11 H                     0.152753
     12 H                     0.142534
     13 H                     0.174750
     14 H                     0.189775
     15 H                     0.149823
     16 H                     0.141345
     17 H                     0.174926
     18 H                     0.178474
     19 GH                    0.072867
     20 GH                    0.107094
     21 GH                   -0.163070
     22 GH                    0.043259
     23 GH                    0.041385
     24 GH                    0.066558
     25 GH                    0.007449
     26 GH                    0.018641
     27 GH                    0.101916
     28 GH                   -0.061732
     29 GH                    0.002105
     30 GH                   -0.006571
     31 GH                    0.026103
     32 GH                    0.005820
     33 GH                   -0.011402
     34 GH                   -0.001739
     35 GH                    0.012548
     36 GH                    0.008313
  ----------------------------------------
  Sum of atomic charges =    -0.000000

 -----------------------------------------------------------------
                    Cartesian Multipole Moments
 -----------------------------------------------------------------
    Charge (ESU x 10^10)
                -0.0000
    Dipole Moment (Debye)
         X       0.0592      Y      -0.0013      Z      -0.0060
       Tot       0.0596
    Quadrupole Moments (Debye-Ang)
        XX     -46.4268     XY      -0.0181     YY     -44.9549
        XZ       0.1349     YZ       0.5909     ZZ     -52.6636
    Octopole Moments (Debye-Ang^2)
       XXX     244.0040    XXY      13.1730    XYY      79.3476
       YYY      38.1789    XXZ    -138.5379    XYZ      -1.1139
       YYZ    -134.6234    XZZ      93.8490    YZZ      18.4635
       ZZZ    -471.7664
    Hexadecapole Moments (Debye-Ang^3)
      XXXX   -1166.4993   XXXY     -65.5803   XXYY    -371.9888
      XYYY     -63.3950   YYYY   -1121.8601   XXXZ     729.5281
      XXYZ      30.8732   XYYZ     238.1660   YYYZ      69.9983
      XXZZ    -655.2726   XYZZ     -31.8506   YYZZ    -603.1818
      XZZZ     840.6605   YZZZ     102.6408   ZZZZ   -2903.2576
 -----------------------------------------------------------------
Archival summary:
1\1\vega02.cac.cornell.edu\SP\ProcedureUnspecified\BasisUnspecified\810h18\jj585\WedApr1800:47:462018WedApr1800:47:462018\0\\#,ProcedureUnspecified,BasisUnspecified,\\0,1\C\C,1,1.39605\H,2,1.0856,1,119.476\C,2,1.39511,1,121.149,3,179.917,0\H,4,1.0857,2,119.403,1,-179.853,0\C,4,1.39606,2,121.155,1,0.205671,0\C,1,1.40092,2,117.735,3,179.877,0\H,7,1.08578,1,119.465,2,-179.854,0\C,7,1.39125,1,121.109,2,0.234778,0\H,9,1.08586,7,119.479,1,179.822,0\C,1,1.50965,2,121.344,3,-1.22008,0\H,11,1.09221,1,111.376,2,14.1543,0\H,11,1.09367,1,111.41,2,134.753,0\H,11,1.09531,1,111.019,2,-105.715,0\Gh,14,1.35696,11,161.648,1,-5.96531,0\Gh,15,1.09367,14,114.459,11,70.5241,0\Gh,16,1.09221,15,107.954,14,46.1874,0\Gh,16,1.09531,15,107.303,14,161.886,0\Gh,16,1.50965,15,111.41,14,-76.4005,0\Gh,19,1.39605,16,121.344,15,134.753,0\Gh,20,1.0856,19,119.476,16,-1.22008,0\Gh,20,1.39511,19,121.149,16,178.696,0\Gh,22,1.0857,20,119.403,19,-179.853,0\Gh,22,1.39606,20,121.155,19,0.205671,0\Gh,19,1.40092,16,120.912,15,-46.3784,0\Gh,25,1.08578,19,119.465,16,1.23831,0\Gh,25,1.39125,19,121.109,16,-178.673,0\Gh,27,1.08586,25,119.479,19,179.822,0\Gh,24,1.51041,22,121.279,20,178.643,0\Gh,29,1.09235,24,111.373,22,15.5869,0\Gh,29,1.09361,24,111.474,22,136.192,0\Gh,29,1.09545,24,111.064,22,-104.227,0\H,32,1.38157,29,161.147,24,-15.2671,0\C,33,1.09361,32,111.733,29,79.7721,0\H,34,1.09235,33,107.925,32,44.9487,0\H,34,1.09545,33,107.284,32,160.547,0\\\@

 Total job time:  210.76s(wall), 836.30s(cpu) 
 Wed Apr 18 00:47:46 2018

        *************************************************************
        *                                                           *
        *  Thank you very much for using Q-Chem.  Have a nice day.  *
        *                                                           *
        *************************************************************


0 sent ACK to 0 
now end server 0 ... 
