mFile = /opt/software/qchem/qchem-5.0.1//bin/mpi/machines
Process 0 of 1 is on vega03.cac.cornell.edu - thread support 0
initial socket setup ...start
initial socket setup ...done 
now start server 0 ... 
vega03 10.84.3
Q-Chem Developer Version! Running on 10.84.3.*
                  Welcome to Q-Chem
     A Quantum Leap Into The Future Of Chemistry


 Q-Chem 5.0, Q-Chem, Inc., Pleasanton, CA (2017)

 Yihan Shao,  Zhengting Gan,  E. Epifanovsky,  A. T. B. Gilbert,  M. Wormit,  
 J. Kussmann,  A. W. Lange,  A. Behn,  Jia Deng,  Xintian Feng,  D. Ghosh,  
 M. Goldey,  P. R. Horn,  L. D. Jacobson,  I. Kaliman,  T. Kus,  A. Landau,  
 Jie Liu,  E. I. Proynov,  R. M. Richard,  R. P. Steele,  E. J. Sundstrom,  
 H. L. Woodcock III,  P. M. Zimmerman,  D. Zuev,  B. Albrecht,  E. Alguire,  
 S. A. Baeppler,  Z. Benda,  Y. A. Bernard,  E. J. Berquist,  K. B. Bravaya,  
 D. Casanova,  Chun-Min Chang,  Yunqing Chen,  A. Chien,  K. D. Closser,  
 M. P. Coons,  S. Dasgupta,  M. Diedenhofen,  Hainam Do,  R. G. Edgar,  
 Po-Tung Fang,  S. Fatehi,  Qingguo Feng,  Qinghui Ge,  A. Ghysels,  
 J. Gomes,  J. Gonthier,  A. Gunina,  M. W. D. Hanson-Heine,  
 P. H. P. Harbach,  A. W. Hauser,  J. E. Herr,  E. G. Hohenstein,  
 Z. C. Holden,  Kerwin Hui,  T.-C. Jagau,  Hyunjun Ji,  B. Kaduk,  
 K. Khistyaev,  Jaehoon Kim,  P. Klunzinger,  K. Koh,  D. Kosenkov,  
 T. Kowalczyk,  C. M. Krauter,  A. Kunitsa,  Ka Un Lao,  A. Laurent,  
 K. V. Lawler,  Joonho Lee,  D. Lefrancois,  S. Lehtola,  D. S. Levine,  
 Yi-Pei Li,  You-Sheng Lin,  Fenglai Liu,  E. Livshits,  A. Luenser,  
 P. Manohar,  E. Mansoor,  S. F. Manzer,  Shan-Ping Mao,  Yuezhi Mao,  
 N. Mardirossian,  A. V. Marenich,  L. A. Martinez-Martinez,  S. A. Maurer,  
 N. J. Mayhall,  S. C. McKenzie,  J.-M. Mewes,  A. F. Morrison,  K. Nanda,  
 T. S. Nguyen-Beck,  R. Olivares-Amaya,  J. A. Parkhill,  T. M. Perrine,  
 F. Plasser,  S. Prager,  A. Prociuk,  D. R. Rehn,  F. Rob,  M. Schneider,  
 N. Sergueev,  S. M. Sharada,  S. Sharma,  D. W. Small,  T. Stauch,  
 T. Stein,  Yu-Chuan Su,  A. J. W. Thom,  T. Tsuchimochi,  L. Vogt,  
 O. Vydrov,  M. A. Watson,  J. Wenzel,  M. de Wergifosse,  T. A. Wesolowski,  
 A. White,  J. Witte,  A. Yamada,  Jun Yang,  K. Yao,  S. Yeganeh,  
 S. R. Yost,  Zhi-Qiang You,  A. Zech,  Igor Ying Zhang,  Xing Zhang,  
 Yan Zhao,  Ying Zhu,  B. R. Brooks,  G. K. L. Chan,  C. J. Cramer,  
 M. S. Gordon,  W. J. Hehre,  A. Klamt,  M. W. Schmidt,  C. D. Sherrill,  
 D. G. Truhlar,  A. Aspuru-Guzik,  R. Baer,  A. T. Bell,  N. A. Besley,  
 Jeng-Da Chai,  A. Dreuw,  B. D. Dunietz,  T. R. Furlani,  Chao-Ping Hsu,  
 Yousung Jung,  Jing Kong,  D. S. Lambrecht,  WanZhen Liang,  C. Ochsenfeld,  
 V. A. Rassolov,  L. V. Slipchenko,  J. E. Subotnik,  T. Van Voorhis,  
 J. M. Herbert,  A. I. Krylov,  P. M. W. Gill,  M. Head-Gordon

 Contributors to earlier versions of Q-Chem not listed above: 
 R. D. Adamson,  B. Austin,  J. Baker,  G. J. O. Beran,  K. Brandhorst,  
 S. T. Brown,  E. F. C. Byrd,  A. K. Chakraborty,  C.-L. Cheng,  
 Siu Hung Chien,  D. M. Chipman,  D. L. Crittenden,  H. Dachsel,  
 R. A. DiStasio Jr.,  R. J. Doerksen,  A. D. Dutoi,  L. Fusti-Molnar,  
 W. A. Goddard III,  A. Golubeva-Zadorozhnaya,  S. R. Gwaltney,  G. Hawkins,  
 A. Heyden,  S. Hirata,  G. Kedziora,  F. J. Keil,  C. Kelley,  Jihan Kim,  
 R. A. King,  R. Z. Khaliullin,  P. P. Korambath,  W. Kurlancheek,  
 A. M. Lee,  M. S. Lee,  S. V. Levchenko,  Ching Yeh Lin,  D. Liotard,  
 R. C. Lochan,  I. Lotan,  P. E. Maslen,  N. Nair,  D. P. O'Neill,  
 D. Neuhauser,  E. Neuscamman,  C. M. Oana,  R. Olson,  B. Peters,  
 R. Peverati,  P. A. Pieniazek,  Y. M. Rhee,  J. Ritchie,  M. A. Rohrdanz,  
 E. Rosta,  N. J. Russ,  H. F. Schaefer III,  N. E. Schultz,  N. Shenvi,  
 A. C. Simmonett,  A. Sodt,  D. Stuck,  K. S. Thanthiriwatte,  V. Vanovschi,  
 Tao Wang,  A. Warshel,  C. F. Williams,  Q. Wu,  X. Xu,  W. Zhang

 Please cite Q-Chem as follows:
 Y. Shao et al., Mol. Phys. 113, 184-215 (2015)
 DOI: 10.1080/00268976.2014.952696

 Q-Chem 5.0.1 for Intel X86 EM64T Linux

 Parts of Q-Chem use Armadillo 5.200.1 (Boston Tea Smuggler).
 http://arma.sourceforge.net/

 Q-Chem begins on Tue Apr 17 01:11:22 2018  

Host: vega03.cac.cornell.edu
0

     Scratch files written to /scratch/jj585/vdw/01n10_distance_4.800_10.save//
 Parallel job on  1  processors

Checking the input file for inconsistencies... 	...done.

--------------------------------------------------------------
User input:
--------------------------------------------------------------
$molecule
0  1
C        -0.54444000        -0.68370000        -0.06689000
C        -0.55709000        +0.71878000        +0.05493000
C        -1.74320000        -1.41616000        -0.12552000
C        -2.93952000        -0.70056000        -0.05285000
C        -2.95313000        +0.68255000        +0.06934000
C        -1.77161000        +1.42404000        +0.12810000
H        -3.90354000        +1.20325000        +0.11710000
H        -3.87892000        -1.24211000        -0.08988000
C        -1.83960000        +2.92746000        +0.24839000
C        -1.78103000        -2.92226000        -0.24590000
H        -1.39752000        -3.25223000        -1.21323000
H        -2.80572000        -3.28175000        -0.13627000
H        -1.16958000        -3.40777000        +0.51926000
H        -1.24214000        +3.42352000        -0.52065000
H        -1.45503000        +3.26427000        +1.21284000
H        -2.87211000        +3.26623000        +0.14638000
H        +0.35825000        -1.18166000        -0.11386000
H        +0.33551000        +1.23549000        +0.09097000
@C        -2.00728000        +0.10922000        +4.43548000
@C        -2.01993000        +1.51170000        +4.55730000
@C        -3.20604000        -0.62324000        +4.37685000
@C        -4.40236000        +0.09236000        +4.44952000
@C        -4.41597000        +1.47547000        +4.57171000
@C        -3.23445000        +2.21696000        +4.63047000
@H        -5.36638000        +1.99617000        +4.61947000
@H        -5.34176000        -0.44919000        +4.41249000
@C        -3.30244000        +3.72038000        +4.75076000
@C        -3.24387000        -2.12934000        +4.25647000
@H        -2.86036000        -2.45931000        +3.28914000
@H        -4.26856000        -2.48883000        +4.36610000
@H        -2.63242000        -2.61485000        +5.02163000
@H        -2.70498000        +4.21644000        +3.98172000
@H        -2.91787000        +4.05719000        +5.71521000
@H        -4.33495000        +4.05915000        +4.64875000
@H        -1.10459000        -0.38874000        +4.38851000
@H        -1.12733000        +2.02841000        +4.59334000
$end

$rem
JOBTYPE                   SP
METHOD                    B3LYP
DFT_D                     d3_op
BASIS                     6-311++G(d,p)
SYMMETRY                  False
THRESH                    12
SCF_CONVERGENCE           8
MAX_SUB_FILE_NUM          128
MEM_STATIC                400
MEM_TOTAL                 4000
$end
--------------------------------------------------------------
 Adding empirical dispersion correction 
 ----------------------------------------------------------------
 Doing -D3(op) with
 s6 =   1.00000
 s8 =   0.78311
 a1 =   0.30000
 a2 =   4.25000
 n  =  10.00000
 -D3 energy without 3body term =     -0.0145338490 hartrees
 ----------------------------------------------------------------
             Standard Nuclear Orientation (Angstroms)
    I     Atom           X                Y                Z
 ----------------------------------------------------------------
    1      C      -0.5444400000    -0.6837000000    -0.0668900000
    2      C      -0.5570900000     0.7187800000     0.0549300000
    3      C      -1.7432000000    -1.4161600000    -0.1255200000
    4      C      -2.9395200000    -0.7005600000    -0.0528500000
    5      C      -2.9531300000     0.6825500000     0.0693400000
    6      C      -1.7716100000     1.4240400000     0.1281000000
    7      H      -3.9035400000     1.2032500000     0.1171000000
    8      H      -3.8789200000    -1.2421100000    -0.0898800000
    9      C      -1.8396000000     2.9274600000     0.2483900000
   10      C      -1.7810300000    -2.9222600000    -0.2459000000
   11      H      -1.3975200000    -3.2522300000    -1.2132300000
   12      H      -2.8057200000    -3.2817500000    -0.1362700000
   13      H      -1.1695800000    -3.4077700000     0.5192600000
   14      H      -1.2421400000     3.4235200000    -0.5206500000
   15      H      -1.4550300000     3.2642700000     1.2128400000
   16      H      -2.8721100000     3.2662300000     0.1463800000
   17      H       0.3582500000    -1.1816600000    -0.1138600000
   18      H       0.3355100000     1.2354900000     0.0909700000
   19      GH     -2.0072800000     0.1092200000     4.4354800000
   20      GH     -2.0199300000     1.5117000000     4.5573000000
   21      GH     -3.2060400000    -0.6232400000     4.3768500000
   22      GH     -4.4023600000     0.0923600000     4.4495200000
   23      GH     -4.4159700000     1.4754700000     4.5717100000
   24      GH     -3.2344500000     2.2169600000     4.6304700000
   25      GH     -5.3663800000     1.9961700000     4.6194700000
   26      GH     -5.3417600000    -0.4491900000     4.4124900000
   27      GH     -3.3024400000     3.7203800000     4.7507600000
   28      GH     -3.2438700000    -2.1293400000     4.2564700000
   29      GH     -2.8603600000    -2.4593100000     3.2891400000
   30      GH     -4.2685600000    -2.4888300000     4.3661000000
   31      GH     -2.6324200000    -2.6148500000     5.0216300000
   32      GH     -2.7049800000     4.2164400000     3.9817200000
   33      GH     -2.9178700000     4.0571900000     5.7152100000
   34      GH     -4.3349500000     4.0591500000     4.6487500000
   35      GH     -1.1045900000    -0.3887400000     4.3885100000
   36      GH     -1.1273300000     2.0284100000     4.5933400000
 ----------------------------------------------------------------
 Nuclear Repulsion Energy =   339.8694378517 hartrees
 There are       29 alpha and       29 beta electrons
 Requested basis set is 6-311++G(d,p)
 There are 196 shells and 492 basis functions

 Total QAlloc Memory Limit   4000 MB
 Mega-Array Size       392 MB
 MEM_STATIC part       400 MB
 A cutoff of  1.0D-12 yielded  15277 shell pairs
 There are     96429 function pairs (    102294 Cartesian)
 
 -------------------------------------------------------
 OpenMP Integral Computing Module                       
 Release: version 1.0, May 2013, Q-Chem Inc. Pittsburgh 
 -------------------------------------------------------
 Integral Job Info:
 Integral job number is                      11
 Integral operator is                         1
 short-range coefficients                     0
 long-range coefficients              100000000
 Omega coefficients                           0
 if combine SR and LR in K                    0
 Integral screening is                        0
 Integral computing path is                   2
 max size of driver memory is            800000
 size of driver memory is                593474
 size of scratch memory is              2361544
 max col of scratch BK array               1296
 max len of scratch array in speh3          155
 max len of scratch index in speh4           18
 max int batch size is                      520
 min int batch size is                       52
 fixed nKL is                                52
 max L of basis functions is                  2
 order of int derivative is                   0
 number of shells is                        196
 number of basis is                         508
 number of cartesian basis is               508
 number of contracted shell pairs         15277
 number of primitive shell pairs          32699
 maxK2 (contraction) of shell pair           36
 max number of K2 of shell pair               1
 max number of CS2 of shell pair           2933
 max number of PS2 of shell pair           4776
 mem total for path MDJ                  154328
 -------------------------------------------------------
 Smallest overlap matrix eigenvalue = 5.47E-07
 Linear dependence detected in AO basis
 Number of orthogonalized atomic orbitals = 490
 Maximum deviation from orthogonality = 8.454E-11

 Scale SEOQF with 1.000000e-02/1.000000e-01/1.000000e-02

 Standard Electronic Orientation quadrupole field applied
 Nucleus-field energy     =     0.0000000158 hartrees
 Guess from superposition of atomic densities
 Warning:  Energy on first SCF cycle will be non-variational

 Q-Chem warning in module /opt/software/qchem/qchem-5.0.1/libgen/Atomic_PolEc.C, line 58:

 No atomic polarizability available.


 Q-Chem warning in module /opt/software/qchem/qchem-5.0.1/libgen/Atomic_PolEc.C, line 73:

 No atomic polarizability available.


 Q-Chem warning in module /opt/software/qchem/qchem-5.0.1/libgen/Atomic_PolEc.C, line 58:

 No atomic polarizability available.


 Q-Chem warning in module /opt/software/qchem/qchem-5.0.1/libgen/Atomic_PolEc.C, line 73:

 No atomic polarizability available.


 Q-Chem warning in module /opt/software/qchem/qchem-5.0.1/libgen/Atomic_PolEc.C, line 58:

 No atomic polarizability available.


 Q-Chem warning in module /opt/software/qchem/qchem-5.0.1/libgen/Atomic_PolEc.C, line 73:

 No atomic polarizability available.


 Q-Chem warning in module /opt/software/qchem/qchem-5.0.1/libgen/Atomic_PolEc.C, line 58:

 No atomic polarizability available.


 Q-Chem warning in module /opt/software/qchem/qchem-5.0.1/libgen/Atomic_PolEc.C, line 73:

 No atomic polarizability available.


 Q-Chem warning in module /opt/software/qchem/qchem-5.0.1/libgen/Atomic_PolEc.C, line 58:

 No atomic polarizability available.


 Q-Chem warning in module /opt/software/qchem/qchem-5.0.1/libgen/Atomic_PolEc.C, line 73:

 No atomic polarizability available.


 Q-Chem warning in module /opt/software/qchem/qchem-5.0.1/libgen/Atomic_PolEc.C, line 58:

 No atomic polarizability available.


 Q-Chem warning in module /opt/software/qchem/qchem-5.0.1/libgen/Atomic_PolEc.C, line 73:

 No atomic polarizability available.


 Q-Chem warning in module /opt/software/qchem/qchem-5.0.1/libgen/Atomic_PolEc.C, line 58:

 No atomic polarizability available.


 Q-Chem warning in module /opt/software/qchem/qchem-5.0.1/libgen/Atomic_PolEc.C, line 73:

 No atomic polarizability available.


 Q-Chem warning in module /opt/software/qchem/qchem-5.0.1/libgen/Atomic_PolEc.C, line 58:

 No atomic polarizability available.


 Q-Chem warning in module /opt/software/qchem/qchem-5.0.1/libgen/Atomic_PolEc.C, line 73:

 No atomic polarizability available.


 Q-Chem warning in module /opt/software/qchem/qchem-5.0.1/libgen/Atomic_PolEc.C, line 58:

 No atomic polarizability available.


 Q-Chem warning in module /opt/software/qchem/qchem-5.0.1/libgen/Atomic_PolEc.C, line 73:

 No atomic polarizability available.


 Q-Chem warning in module /opt/software/qchem/qchem-5.0.1/libgen/Atomic_PolEc.C, line 58:

 No atomic polarizability available.


 Q-Chem warning in module /opt/software/qchem/qchem-5.0.1/libgen/Atomic_PolEc.C, line 73:

 No atomic polarizability available.


 Q-Chem warning in module /opt/software/qchem/qchem-5.0.1/libgen/Atomic_PolEc.C, line 58:

 No atomic polarizability available.


 Q-Chem warning in module /opt/software/qchem/qchem-5.0.1/libgen/Atomic_PolEc.C, line 73:

 No atomic polarizability available.


 Q-Chem warning in module /opt/software/qchem/qchem-5.0.1/libgen/Atomic_PolEc.C, line 58:

 No atomic polarizability available.


 Q-Chem warning in module /opt/software/qchem/qchem-5.0.1/libgen/Atomic_PolEc.C, line 73:

 No atomic polarizability available.


 Q-Chem warning in module /opt/software/qchem/qchem-5.0.1/libgen/Atomic_PolEc.C, line 58:

 No atomic polarizability available.


 Q-Chem warning in module /opt/software/qchem/qchem-5.0.1/libgen/Atomic_PolEc.C, line 73:

 No atomic polarizability available.


 Q-Chem warning in module /opt/software/qchem/qchem-5.0.1/libgen/Atomic_PolEc.C, line 58:

 No atomic polarizability available.


 Q-Chem warning in module /opt/software/qchem/qchem-5.0.1/libgen/Atomic_PolEc.C, line 73:

 No atomic polarizability available.


 Q-Chem warning in module /opt/software/qchem/qchem-5.0.1/libgen/Atomic_PolEc.C, line 58:

 No atomic polarizability available.


 Q-Chem warning in module /opt/software/qchem/qchem-5.0.1/libgen/Atomic_PolEc.C, line 73:

 No atomic polarizability available.


 Q-Chem warning in module /opt/software/qchem/qchem-5.0.1/libgen/Atomic_PolEc.C, line 58:

 No atomic polarizability available.


 Q-Chem warning in module /opt/software/qchem/qchem-5.0.1/libgen/Atomic_PolEc.C, line 73:

 No atomic polarizability available.


 Q-Chem warning in module /opt/software/qchem/qchem-5.0.1/libgen/Atomic_PolEc.C, line 58:

 No atomic polarizability available.


 Q-Chem warning in module /opt/software/qchem/qchem-5.0.1/libgen/Atomic_PolEc.C, line 73:

 No atomic polarizability available.


 Q-Chem warning in module /opt/software/qchem/qchem-5.0.1/libgen/Atomic_PolEc.C, line 58:

 No atomic polarizability available.


 Q-Chem warning in module /opt/software/qchem/qchem-5.0.1/libgen/Atomic_PolEc.C, line 73:

 No atomic polarizability available.

 A restricted hybrid HF-DFT SCF calculation will be
 performed using Pulay DIIS extrapolation
 Exchange:     0.2000 Hartree-Fock + 0.0800 Slater + 0.7200 B88
 Correlation:  0.1900 VWN1RPA + 0.8100 LYP
 Using SG-1 standard quadrature grid
 Dispersion:   Grimme D3
 SCF converges when DIIS error is below 1.0E-08
 using 4 threads for integral computing
 -------------------------------------------------------
 OpenMP Integral computing Module                
 Release: version 1.0, May 2013, Q-Chem Inc. Pittsburgh 
 -------------------------------------------------------
 -------------------------------------------------------
 OpenMP BLAS3 based DFT computing Module                
 Release: version 1.0, May 2013, Q-Chem Inc. Pittsburgh 
 -------------------------------------------------------
 ---------------------------------------
  Cycle       Energy         DIIS Error
 ---------------------------------------
    1    -312.6529392889      2.00E-02
    2    -310.7988877853      2.30E-03
    3    -310.7765269312      2.45E-03
    4    -310.9752368312      1.80E-04
    5    -310.9758569585      1.10E-04
    6    -310.9761856665      2.46E-05
    7    -310.9761981921      1.36E-05
    8    -310.9762043594      1.70E-06
    9    -310.9762044308      8.47E-07
   10    -310.9762044520      9.57E-08
   11    -310.9762044523      1.18E-08
   12    -310.9762044523      1.10E-08
   13    -310.9762044523      1.35E-09 Convergence criterion met
 ---------------------------------------
 SCF time:  CPU 576.09 s  wall 144.49 s
 SCF   energy in the final basis set = -310.97620445
 Total energy in the final basis set = -310.97620445
 
 --------------------------------------------------------------
 
                    Orbital Energies (a.u.)
 --------------------------------------------------------------
 
 Alpha MOs
 -- Occupied --
-10.180 -10.180 -10.168 -10.168 -10.168 -10.167 -10.167 -10.167
 -0.859  -0.787  -0.745  -0.721  -0.658  -0.612  -0.577  -0.496
 -0.472  -0.460  -0.425  -0.421  -0.417  -0.404  -0.397  -0.376
 -0.345  -0.342  -0.339  -0.252  -0.236
 -- Virtual --
 -0.016  -0.011  -0.008   0.001   0.009   0.020   0.021   0.028
  0.031   0.038   0.042   0.050   0.052   0.054   0.057   0.060
  0.063   0.072   0.074   0.081   0.083   0.086   0.091   0.094
  0.097   0.104   0.109   0.113   0.113   0.116   0.119   0.124
  0.125   0.128   0.132   0.134   0.137   0.139   0.141   0.145
  0.148   0.152   0.153   0.157   0.160   0.162   0.164   0.169
  0.173   0.177   0.182   0.184   0.185   0.188   0.192   0.197
  0.198   0.200   0.204   0.205   0.212   0.213   0.216   0.218
  0.225   0.229   0.237   0.238   0.244   0.245   0.248   0.248
  0.252   0.258   0.261   0.268   0.269   0.270   0.274   0.278
  0.283   0.287   0.289   0.292   0.296   0.299   0.302   0.306
  0.314   0.316   0.325   0.330   0.334   0.339   0.348   0.349
  0.358   0.363   0.368   0.376   0.379   0.386   0.392   0.396
  0.403   0.408   0.419   0.423   0.425   0.433   0.441   0.455
  0.476   0.480   0.482   0.499   0.502   0.516   0.520   0.528
  0.529   0.546   0.551   0.554   0.561   0.570   0.574   0.582
  0.588   0.594   0.599   0.605   0.606   0.616   0.625   0.628
  0.632   0.636   0.642   0.647   0.656   0.661   0.666   0.668
  0.678   0.682   0.689   0.690   0.701   0.705   0.715   0.720
  0.725   0.729   0.732   0.745   0.757   0.768   0.775   0.782
  0.788   0.793   0.805   0.816   0.823   0.834   0.841   0.862
  0.885   0.898   0.903   0.910   0.918   0.938   0.941   0.949
  0.959   0.962   0.969   0.980   0.994   1.006   1.018   1.022
  1.026   1.031   1.043   1.048   1.069   1.088   1.098   1.111
  1.121   1.125   1.150   1.158   1.178   1.202   1.219   1.236
  1.246   1.329   1.333   1.336   1.373   1.383   1.421   1.426
  1.436   1.443   1.458   1.467   1.473   1.483   1.490   1.504
  1.509   1.532   1.537   1.544   1.550   1.556   1.564   1.574
  1.590   1.592   1.606   1.617   1.621   1.626   1.638   1.652
  1.656   1.677   1.683   1.694   1.702   1.705   1.723   1.732
  1.739   1.747   1.753   1.763   1.766   1.785   1.800   1.803
  1.810   1.825   1.830   1.834   1.843   1.846   1.857   1.862
  1.869   1.888   1.894   1.907   1.915   1.922   1.930   1.934
  1.949   1.952   1.965   1.981   1.985   1.988   2.008   2.027
  2.040   2.044   2.064   2.081   2.092   2.096   2.098   2.105
  2.108   2.136   2.147   2.156   2.165   2.193   2.208   2.218
  2.233   2.282   2.306   2.312   2.313   2.318   2.327   2.332
  2.337   2.398   2.408   2.410   2.426   2.427   2.434   2.444
  2.452   2.462   2.473   2.490   2.499   2.502   2.508   2.527
  2.539   2.560   2.567   2.578   2.580   2.587   2.596   2.605
  2.620   2.630   2.642   2.665   2.669   2.679   2.691   2.700
  2.732   2.741   2.763   2.767   2.780   2.787   2.806   2.814
  2.826   2.844   2.850   2.859   2.887   2.913   2.926   2.931
  2.942   2.955   2.966   2.972   2.974   2.992   3.004   3.014
  3.029   3.075   3.077   3.100   3.111   3.130   3.181   3.190
  3.196   3.228   3.244   3.303   3.306   3.346   3.368   3.373
  3.397   3.406   3.429   3.451   3.470   3.484   3.514   3.520
  3.546   3.550   3.563   3.594   3.601   3.615   3.647   3.665
  3.686   3.721   3.729   3.736   3.794   3.797   3.855   3.875
  3.983   4.036   4.052   4.079   4.194   4.217   4.295   4.299
  4.384   4.633   4.685   4.836   4.842   4.847   4.860   4.871
  4.903   4.944   5.010   5.188   5.536   7.093   7.159   7.193
  7.244   7.259   7.388   7.594   7.646   7.720   7.770   7.773
  7.787   7.796   7.812   7.844   7.856   7.873   7.895   7.996
  8.069   8.159   8.399   8.543   8.937   9.719   9.996  10.009
 10.201  10.225  10.254  10.261  10.322  23.659  23.935  23.954
 24.009  24.016  24.085  24.116  24.199  69.798  69.938  69.957
 70.030  70.042  70.061  70.071  70.105
 --------------------------------------------------------------
 
          Ground-State Mulliken Net Atomic Charges

     Atom                 Charge (a.u.)
  ----------------------------------------
      1 C                    -0.182769
      2 C                    -0.355327
      3 C                     0.543192
      4 C                    -0.427216
      5 C                    -0.386056
      6 C                     0.605525
      7 H                     0.157736
      8 H                     0.148422
      9 C                    -0.662023
     10 C                    -0.664102
     11 H                     0.156070
     12 H                     0.142787
     13 H                     0.150831
     14 H                     0.147037
     15 H                     0.175025
     16 H                     0.134774
     17 H                     0.167342
     18 H                     0.169196
     19 GH                   -0.082216
     20 GH                   -0.038301
     21 GH                    0.041801
     22 GH                    0.028155
     23 GH                   -0.013794
     24 GH                    0.039126
     25 GH                   -0.002586
     26 GH                    0.000311
     27 GH                    0.011559
     28 GH                    0.000280
     29 GH                   -0.004309
     30 GH                   -0.000540
     31 GH                    0.000039
     32 GH                    0.000400
     33 GH                   -0.000370
     34 GH                    0.000571
     35 GH                   -0.005198
     36 GH                    0.004625
  ----------------------------------------
  Sum of atomic charges =     0.000000

 -----------------------------------------------------------------
                    Cartesian Multipole Moments
 -----------------------------------------------------------------
    Charge (ESU x 10^10)
                -0.0000
    Dipole Moment (Debye)
         X       0.0903      Y       0.0002      Z       0.0012
       Tot       0.0903
    Quadrupole Moments (Debye-Ang)
        XX     -46.2984     XY       0.0017     YY     -44.7157
        XZ      -0.0504     YZ       0.6726     ZZ     -52.7004
    Octopole Moments (Debye-Ang^2)
       XXX     245.1064    XXY      -0.1663    XYY      79.9566
       YYY      -0.5291    XXZ       0.1290    XYZ      -1.1347
       YYZ      -0.0657    XZZ      94.5843    YZZ      -0.1835
       ZZZ      -0.2925
    Hexadecapole Moments (Debye-Ang^3)
      XXXX   -1173.3555   XXXY       4.5268   XXYY    -370.0563
      XYYY       4.9918   YYYY   -1100.4950   XXXZ       0.7361
      XXYZ     -12.6901   XYYZ       0.4620   YYYZ     -44.4251
      XXZZ    -245.2777   XYZZ       1.4893   YYZZ    -196.7247
      XZZZ       1.8920   YZZZ     -41.8950   ZZZZ     -83.6460
 -----------------------------------------------------------------
Archival summary:
1\1\vega03.cac.cornell.edu\SP\ProcedureUnspecified\BasisUnspecified\810h18\jj585\TueApr1701:13:472018TueApr1701:13:472018\0\\#,ProcedureUnspecified,BasisUnspecified,\\0,1\C\C,1,1.39616\H,2,1.08475,1,118.991\C,2,1.38856,1,121.629,3,179.783,0\H,4,1.08495,2,119.453,1,179.671,0\C,4,1.3959,2,121.575,1,-0.129654,0\C,6,1.40604,4,117.481,2,0.160349,0\H,7,1.032,6,119.504,4,179.742,0\C,1,1.40634,2,117.536,3,-179.6,0\H,9,1.032,1,119.607,2,179.72,0\C,1,1.50976,2,119.611,3,-0.341033,0\H,11,1.09144,1,110.135,2,-7.24194,0\H,11,1.09156,1,111.21,2,113.289,0\H,11,1.09291,1,111.796,2,-127.427,0\C,6,1.51138,4,119.574,2,179.468,0\H,15,1.09144,6,110.104,4,-7.00566,0\H,15,1.09164,6,111.284,4,113.49,0\H,15,1.09319,6,111.89,4,-127.081,0\Gh,13,3.18366,11,136.253,1,-101.04,0\Gh,19,1.09291,13,133.699,11,65.1602,0\Gh,20,1.09144,19,108.09,13,-104.188,0\Gh,20,1.09156,19,106.802,13,139.043,0\Gh,20,1.50976,19,111.796,13,17.1878,0\Gh,23,1.39616,20,119.611,19,-127.427,0\Gh,24,1.08475,23,118.991,20,-0.341033,0\Gh,24,1.38856,23,121.629,20,179.442,0\Gh,26,1.08495,24,119.453,23,179.671,0\Gh,26,1.3959,24,121.575,23,-0.129654,0\Gh,28,1.40604,26,117.481,24,0.160349,0\Gh,29,1.032,28,119.504,26,179.742,0\Gh,23,1.40634,20,122.848,19,51.7903,0\Gh,31,1.032,23,119.607,20,0.487832,0\Gh,28,1.51138,26,119.574,24,179.468,0\Gh,33,1.09144,28,110.104,26,-7.00566,0\Gh,33,1.09164,28,111.284,26,113.49,0\Gh,33,1.09319,28,111.89,26,-127.081,0\\\@

 Total job time:  145.37s(wall), 578.61s(cpu) 
 Tue Apr 17 01:13:47 2018

        *************************************************************
        *                                                           *
        *  Thank you very much for using Q-Chem.  Have a nice day.  *
        *                                                           *
        *************************************************************


0 sent ACK to 0 
now end server 0 ... 
