mFile = /opt/software/qchem/qchem-5.0.1//bin/mpi/machines
Process 0 of 1 is on vega01.cac.cornell.edu - thread support 0
initial socket setup ...start
initial socket setup ...done 
now start server 0 ... 
localhost 127.0.0
Q-Chem Developer Version! Running on 127.0.0.*
                  Welcome to Q-Chem
     A Quantum Leap Into The Future Of Chemistry


 Q-Chem 5.0, Q-Chem, Inc., Pleasanton, CA (2017)

 Yihan Shao,  Zhengting Gan,  E. Epifanovsky,  A. T. B. Gilbert,  M. Wormit,  
 J. Kussmann,  A. W. Lange,  A. Behn,  Jia Deng,  Xintian Feng,  D. Ghosh,  
 M. Goldey,  P. R. Horn,  L. D. Jacobson,  I. Kaliman,  T. Kus,  A. Landau,  
 Jie Liu,  E. I. Proynov,  R. M. Richard,  R. P. Steele,  E. J. Sundstrom,  
 H. L. Woodcock III,  P. M. Zimmerman,  D. Zuev,  B. Albrecht,  E. Alguire,  
 S. A. Baeppler,  Z. Benda,  Y. A. Bernard,  E. J. Berquist,  K. B. Bravaya,  
 D. Casanova,  Chun-Min Chang,  Yunqing Chen,  A. Chien,  K. D. Closser,  
 M. P. Coons,  S. Dasgupta,  M. Diedenhofen,  Hainam Do,  R. G. Edgar,  
 Po-Tung Fang,  S. Fatehi,  Qingguo Feng,  Qinghui Ge,  A. Ghysels,  
 J. Gomes,  J. Gonthier,  A. Gunina,  M. W. D. Hanson-Heine,  
 P. H. P. Harbach,  A. W. Hauser,  J. E. Herr,  E. G. Hohenstein,  
 Z. C. Holden,  Kerwin Hui,  T.-C. Jagau,  Hyunjun Ji,  B. Kaduk,  
 K. Khistyaev,  Jaehoon Kim,  P. Klunzinger,  K. Koh,  D. Kosenkov,  
 T. Kowalczyk,  C. M. Krauter,  A. Kunitsa,  Ka Un Lao,  A. Laurent,  
 K. V. Lawler,  Joonho Lee,  D. Lefrancois,  S. Lehtola,  D. S. Levine,  
 Yi-Pei Li,  You-Sheng Lin,  Fenglai Liu,  E. Livshits,  A. Luenser,  
 P. Manohar,  E. Mansoor,  S. F. Manzer,  Shan-Ping Mao,  Yuezhi Mao,  
 N. Mardirossian,  A. V. Marenich,  L. A. Martinez-Martinez,  S. A. Maurer,  
 N. J. Mayhall,  S. C. McKenzie,  J.-M. Mewes,  A. F. Morrison,  K. Nanda,  
 T. S. Nguyen-Beck,  R. Olivares-Amaya,  J. A. Parkhill,  T. M. Perrine,  
 F. Plasser,  S. Prager,  A. Prociuk,  D. R. Rehn,  F. Rob,  M. Schneider,  
 N. Sergueev,  S. M. Sharada,  S. Sharma,  D. W. Small,  T. Stauch,  
 T. Stein,  Yu-Chuan Su,  A. J. W. Thom,  T. Tsuchimochi,  L. Vogt,  
 O. Vydrov,  M. A. Watson,  J. Wenzel,  M. de Wergifosse,  T. A. Wesolowski,  
 A. White,  J. Witte,  A. Yamada,  Jun Yang,  K. Yao,  S. Yeganeh,  
 S. R. Yost,  Zhi-Qiang You,  A. Zech,  Igor Ying Zhang,  Xing Zhang,  
 Yan Zhao,  Ying Zhu,  B. R. Brooks,  G. K. L. Chan,  C. J. Cramer,  
 M. S. Gordon,  W. J. Hehre,  A. Klamt,  M. W. Schmidt,  C. D. Sherrill,  
 D. G. Truhlar,  A. Aspuru-Guzik,  R. Baer,  A. T. Bell,  N. A. Besley,  
 Jeng-Da Chai,  A. Dreuw,  B. D. Dunietz,  T. R. Furlani,  Chao-Ping Hsu,  
 Yousung Jung,  Jing Kong,  D. S. Lambrecht,  WanZhen Liang,  C. Ochsenfeld,  
 V. A. Rassolov,  L. V. Slipchenko,  J. E. Subotnik,  T. Van Voorhis,  
 J. M. Herbert,  A. I. Krylov,  P. M. W. Gill,  M. Head-Gordon

 Contributors to earlier versions of Q-Chem not listed above: 
 R. D. Adamson,  B. Austin,  J. Baker,  G. J. O. Beran,  K. Brandhorst,  
 S. T. Brown,  E. F. C. Byrd,  A. K. Chakraborty,  C.-L. Cheng,  
 Siu Hung Chien,  D. M. Chipman,  D. L. Crittenden,  H. Dachsel,  
 R. A. DiStasio Jr.,  R. J. Doerksen,  A. D. Dutoi,  L. Fusti-Molnar,  
 W. A. Goddard III,  A. Golubeva-Zadorozhnaya,  S. R. Gwaltney,  G. Hawkins,  
 A. Heyden,  S. Hirata,  G. Kedziora,  F. J. Keil,  C. Kelley,  Jihan Kim,  
 R. A. King,  R. Z. Khaliullin,  P. P. Korambath,  W. Kurlancheek,  
 A. M. Lee,  M. S. Lee,  S. V. Levchenko,  Ching Yeh Lin,  D. Liotard,  
 R. C. Lochan,  I. Lotan,  P. E. Maslen,  N. Nair,  D. P. O'Neill,  
 D. Neuhauser,  E. Neuscamman,  C. M. Oana,  R. Olson,  B. Peters,  
 R. Peverati,  P. A. Pieniazek,  Y. M. Rhee,  J. Ritchie,  M. A. Rohrdanz,  
 E. Rosta,  N. J. Russ,  H. F. Schaefer III,  N. E. Schultz,  N. Shenvi,  
 A. C. Simmonett,  A. Sodt,  D. Stuck,  K. S. Thanthiriwatte,  V. Vanovschi,  
 Tao Wang,  A. Warshel,  C. F. Williams,  Q. Wu,  X. Xu,  W. Zhang

 Please cite Q-Chem as follows:
 Y. Shao et al., Mol. Phys. 113, 184-215 (2015)
 DOI: 10.1080/00268976.2014.952696

 Q-Chem 5.0.1 for Intel X86 EM64T Linux

 Parts of Q-Chem use Armadillo 5.200.1 (Boston Tea Smuggler).
 http://arma.sourceforge.net/

 Q-Chem begins on Mon Apr 16 20:01:03 2018  

Host: vega01.cac.cornell.edu
0

     Scratch files written to /scratch/jj585/vdw/1101_distance_3.000_11.save//
 Parallel job on  1  processors

Checking the input file for inconsistencies... 	...done.

--------------------------------------------------------------
User input:
--------------------------------------------------------------
$molecule
0  1
--
0  1
C        +0.22270000        +1.04488000        +0.58595000
C        +0.62626000        -0.41353000        +0.99871000
C        -1.18200000        +1.23223000        +0.04377000
C        -0.37457000        -1.51643000        +0.72333000
O        -2.09172000        +0.78832000        +0.93966000
O        -1.47336000        +1.75939000        -0.99882000
O        -0.91364000        -1.42792000        -0.50620000
O        -0.62208000        -2.40877000        +1.49911000
C        -1.86134000        -2.44741000        -0.86560000
C        -3.47068000        +0.87492000        +0.53920000
C        +1.33008000        +1.39974000        -0.43491000
C        +2.63070000        +1.71700000        +0.32855000
C        +3.04336000        +0.29351000        +0.80300000
C        +1.94423000        -0.59299000        +0.15262000
O        +1.62840000        +0.13663000        -1.04376000
H        +0.27811000        +1.68786000        +1.46900000
H        +0.83923000        -0.48042000        +2.06408000
H        -2.68749000        -2.46677000        -0.15296000
H        -3.76076000        +1.91522000        +0.38406000
H        +3.37234000        +2.13782000        -0.35195000
H        +2.48236000        +2.42488000        +1.14651000
H        +4.02182000        +0.00994000        +0.41161000
H        +3.07359000        +0.18738000        +1.88928000
H        -2.21148000        -2.17765000        -1.85937000
H        -1.38062000        -3.42697000        -0.88096000
H        -4.03855000        +0.43623000        +1.35671000
H        -3.63120000        +0.31700000        -0.38495000
C        +2.35450000        -2.01267000        -0.16812000
H        +3.26311000        -2.00678000        -0.77366000
H        +2.54990000        -2.57059000        +0.75079000
H        +1.57335000        -2.52896000        -0.72872000
H        +1.03270000        +2.19943000        -1.08064000
--
0  1
C        +0.23835000        +1.93135000        +3.45194000
C        +0.64191000        +0.47294000        +3.86470000
C        -1.16635000        +2.11870000        +2.90976000
C        -0.35892000        -0.62996000        +3.58932000
O        -2.07607000        +1.67479000        +3.80565000
O        -1.45771000        +2.64586000        +1.86717000
O        -0.89799000        -0.54145000        +2.35979000
O        -0.60643000        -1.52230000        +4.36510000
C        -1.84569000        -1.56094000        +2.00039000
C        -3.45503000        +1.76139000        +3.40519000
C        +1.34573000        +2.28621000        +2.43108000
C        +2.64635000        +2.60347000        +3.19454000
C        +3.05901000        +1.17998000        +3.66899000
C        +1.95988000        +0.29348000        +3.01861000
O        +1.64405000        +1.02310000        +1.82223000
H        +0.29376000        +2.57433000        +4.33499000
H        +0.85488000        +0.40605000        +4.93007000
H        -2.67184000        -1.58030000        +2.71303000
H        -3.74511000        +2.80169000        +3.25005000
H        +3.38799000        +3.02429000        +2.51404000
H        +2.49801000        +3.31135000        +4.01250000
H        +4.03747000        +0.89641000        +3.27760000
H        +3.08924000        +1.07385000        +4.75527000
H        -2.19583000        -1.29118000        +1.00662000
H        -1.36497000        -2.54050000        +1.98503000
H        -4.02290000        +1.32270000        +4.22270000
H        -3.61555000        +1.20347000        +2.48104000
C        +2.37015000        -1.12620000        +2.69787000
H        +3.27876000        -1.12031000        +2.09233000
H        +2.56555000        -1.68412000        +3.61678000
H        +1.58900000        -1.64249000        +2.13727000
H        +1.04835000        +3.08590000        +1.78535000
$end

$rem
JOBTYPE                   SP
METHOD                    B3LYP
DFT_D                     d3_op
BASIS                     6-311++G(d,p)
SYMMETRY                  False
THRESH                    12
SCF_CONVERGENCE           8
MAX_SUB_FILE_NUM          128
MEM_STATIC                400
MEM_TOTAL                 4000
$end
--------------------------------------------------------------
 Adding empirical dispersion correction 
 ----------------------------------------------------------------
 Doing -D3(op) with
 s6 =   1.00000
 s8 =   0.78311
 a1 =   0.30000
 a2 =   4.25000
 n  =  10.00000
 -D3 energy without 3body term =     -0.1257701208 hartrees
 ----------------------------------------------------------------
             Standard Nuclear Orientation (Angstroms)
    I     Atom           X                Y                Z
 ----------------------------------------------------------------
    1      C       0.1314675167    -0.3375029420    -1.1945809651
    2      C       0.4422313788    -0.9649680390     0.2089519321
    3      C      -1.2887048636    -0.4902783118    -1.7064514187
    4      C      -0.6636137516    -1.7543661832     0.8781606893
    5      O      -2.1643169191     0.0291460758    -0.8172004459
    6      O      -1.6106828586    -0.9418359654    -2.7751927717
    7      O      -1.2816185872    -2.5963355881     0.0300262363
    8      O      -0.9268033096    -1.6781475959     2.0547185789
    9      C      -2.3338880019    -3.4050493383     0.5826333836
   10      C      -3.5569048079    -0.0787869738    -1.1613630267
   11      C       1.1870886785    -1.0306782615    -2.0887527399
   12      C       2.5615807891    -0.3817647963    -1.8341545936
   13      C       2.8887634888    -0.9406303199    -0.4191154896
   14      C       1.6757777861    -1.8765359084    -0.1550897978
   15      O       1.3349952290    -2.3193775871    -1.4784104446
   16      H       0.3039117202     0.7413245171    -1.1429557658
   17      H       0.7259506474    -0.2017822800     0.9313746641
   18      H      -3.1047318800    -2.7737862609     1.0276738811
   19      H      -3.7706379603     0.4772518900    -2.0754624947
   20      H       3.2839096791    -0.7299339941    -2.5738969787
   21      H       2.5321317504     0.7088273344    -1.8777317677
   22      H       3.8093731731    -1.5266640071    -0.4240526026
   23      H       2.9891361474    -0.1657195782     0.3435248844
   24      H      -2.7319834589    -3.9719254003    -0.2558884274
   25      H      -1.9380724046    -4.0765632246     1.3463509722
   26      H      -4.0980196421     0.3459123996    -0.3187047142
   27      H      -3.8297907438    -1.1254029810    -1.3070435630
   28      C       1.9430049749    -3.0506156500     0.7596852089
   29      H       2.8024933383    -3.6159591687     0.3936907076
   30      H       2.1580620950    -2.7038245775     1.7732619754
   31      H       1.0831654155    -3.7216603249     0.7970753543
   32      H       0.9105190600    -1.0042307546    -3.1220561653
   33      C       0.4288638364     2.4373102062    -0.0936994614
   34      C       0.7396276985     1.8098451092     1.3098334357
   35      C      -0.9913085440     2.2845348365    -0.6055699151
   36      C      -0.3662174319     1.0204469650     1.9790421929
   37      O      -1.8669205994     2.8039592240     0.2836810577
   38      O      -1.3132865389     1.8329771828    -1.6743112680
   39      O      -0.9842222676     0.1784775601     1.1309077400
   40      O      -0.6294069900     1.0966655523     3.1556000825
   41      C      -2.0364916822    -0.6302361901     1.6835148872
   42      C      -3.2595084882     2.6960261744    -0.0604815230
   43      C       1.4844849981     1.7441348867    -0.9878712363
   44      C       2.8589771087     2.3930483519    -0.7332730900
   45      C       3.1861598084     1.8341828283     0.6817660140
   46      C       1.9731741058     0.8982772398     0.9457917058
   47      O       1.6323915486     0.4554355611    -0.3775289409
   48      H       0.6013080398     3.5161376653    -0.0420742622
   49      H       1.0233469670     2.5730308682     2.0322561677
   50      H      -2.8073355603     0.0010268873     2.1285553847
   51      H      -3.4732416406     3.2520650382    -0.9745809911
   52      H       3.5813059988     2.0448791541    -1.4730154750
   53      H       2.8295280701     3.4836404827    -0.7768502641
   54      H       4.1067694928     1.2481491411     0.6768289010
   55      H       3.2865324671     2.6090935700     1.4444063880
   56      H      -2.4345871392    -1.1971122521     0.8449930762
   57      H      -1.6406760850    -1.3017500763     2.4472324759
   58      H      -3.8006233224     3.1207255478     0.7821767894
   59      H      -3.5323944242     1.6494101672    -0.2061620594
   60      C       2.2404012946    -0.2758025018     1.8605667125
   61      H       3.0998896579    -0.8411460205     1.4945722112
   62      H       2.4554584147     0.0709885707     2.8741434790
   63      H       1.3805617352    -0.9468471766     1.8979568579
   64      H       1.2079153796     1.7705823936    -2.0211746617
 ----------------------------------------------------------------
 Molecular Point Group                 C1    NOp =  1
 Largest Abelian Subgroup              C1    NOp =  1
 Nuclear Repulsion Energy =  4465.0288376371 hartrees
 There are      122 alpha and      122 beta electrons
 Requested basis set is 6-311++G(d,p)
 There are 352 shells and 928 basis functions

 Total QAlloc Memory Limit   4000 MB
 Mega-Array Size       392 MB
 MEM_STATIC part       400 MB
 A cutoff of  1.0D-12 yielded  49286 shell pairs
 There are    346233 function pairs (    368699 Cartesian)
 Smallest overlap matrix eigenvalue = 7.76E-08
 Linear dependence detected in AO basis
 Number of orthogonalized atomic orbitals = 919
 Maximum deviation from orthogonality = 3.239E-10

 Scale SEOQF with 1.000000e-01/1.000000e-01/1.000000e-01

 Standard Electronic Orientation quadrupole field applied
 Nucleus-field energy     =     0.0000000374 hartrees
 Guess from superposition of atomic densities
 Warning:  Energy on first SCF cycle will be non-variational
 A restricted hybrid HF-DFT SCF calculation will be
 performed using Pulay DIIS extrapolation
 Exchange:     0.2000 Hartree-Fock + 0.0800 Slater + 0.7200 B88
 Correlation:  0.1900 VWN1RPA + 0.8100 LYP
 Using SG-1 standard quadrature grid
 Dispersion:   Grimme D3
 SCF converges when DIIS error is below 1.0E-08
 ---------------------------------------
  Cycle       Energy         DIIS Error
 ---------------------------------------
    1   -1619.8377352651      2.31E-02
    2   -1608.7413222847      2.69E-03
    3   -1607.7551714235      4.47E-03
    4   -1609.2664493127      1.10E-03
    5   -1609.3560453614      3.65E-04
    6   -1609.3634604589      1.99E-04
    7   -1609.3662559082      7.40E-05
    8   -1609.3666658790      2.64E-05
    9   -1609.3667218717      7.79E-06
   10   -1609.3667262168      2.42E-06
   11   -1609.3667269650      1.06E-06
   12   -1609.3667267620      3.81E-07
   13   -1609.3667267619      1.87E-07
   14   -1609.3667267646      6.30E-08
   15   -1609.3667267915      2.57E-08
   16   -1609.3667267900      9.41E-09 Convergence criterion met
 ---------------------------------------
 SCF time:  CPU 9532.65 s  wall 9554.86 s
 SCF   energy in the final basis set = -1609.36672679
 Total energy in the final basis set = -1609.36672679
 
 --------------------------------------------------------------
 
                    Orbital Energies (a.u.)
 --------------------------------------------------------------
 
 Alpha MOs
 -- Occupied --
-19.186 -19.180 -19.165 -19.160 -19.142 -19.133 -19.127 -19.123
-19.104 -19.086 -10.317 -10.316 -10.272 -10.270 -10.264 -10.258
-10.231 -10.228 -10.228 -10.225 -10.221 -10.218 -10.211 -10.205
-10.202 -10.199 -10.175 -10.162 -10.155 -10.152 -10.142 -10.138
 -1.247  -1.148  -1.128  -1.120  -1.094  -1.074  -1.041  -1.038
 -1.034  -1.002  -0.875  -0.872  -0.840  -0.813  -0.792  -0.776
 -0.770  -0.753  -0.740  -0.733  -0.723  -0.714  -0.690  -0.688
 -0.645  -0.637  -0.623  -0.606  -0.594  -0.589  -0.581  -0.574
 -0.570  -0.554  -0.552  -0.537  -0.531  -0.527  -0.525  -0.509
 -0.503  -0.497  -0.492  -0.487  -0.478  -0.474  -0.471  -0.465
 -0.456  -0.455  -0.452  -0.448  -0.442  -0.440  -0.432  -0.429
 -0.426  -0.425  -0.414  -0.408  -0.403  -0.393  -0.389  -0.385
 -0.381  -0.376  -0.372  -0.369  -0.364  -0.362  -0.360  -0.355
 -0.348  -0.342  -0.334  -0.329  -0.325  -0.322  -0.312  -0.305
 -0.299  -0.296  -0.293  -0.288  -0.275  -0.270  -0.256  -0.244
 -0.219  -0.149
 -- Virtual --
 -0.042  -0.026  -0.013  -0.012  -0.006  -0.002   0.003   0.009
  0.011   0.016   0.020   0.022   0.023   0.027   0.034   0.035
  0.038   0.038   0.042   0.046   0.048   0.051   0.056   0.058
  0.062   0.065   0.068   0.071   0.071   0.074   0.076   0.080
  0.081   0.083   0.087   0.090   0.093   0.095   0.098   0.101
  0.102   0.104   0.105   0.107   0.109   0.111   0.113   0.114
  0.117   0.118   0.120   0.122   0.124   0.125   0.126   0.130
  0.132   0.136   0.137   0.140   0.141   0.142   0.143   0.147
  0.149   0.150   0.151   0.153   0.157   0.159   0.161   0.162
  0.163   0.164   0.166   0.168   0.170   0.171   0.173   0.175
  0.177   0.177   0.179   0.180   0.184   0.184   0.189   0.190
  0.191   0.196   0.197   0.198   0.204   0.208   0.209   0.209
  0.213   0.214   0.215   0.217   0.220   0.221   0.222   0.226
  0.228   0.229   0.232   0.232   0.235   0.238   0.241   0.242
  0.244   0.248   0.251   0.253   0.256   0.259   0.262   0.264
  0.264   0.270   0.272   0.272   0.276   0.279   0.283   0.284
  0.286   0.288   0.289   0.292   0.293   0.297   0.301   0.303
  0.306   0.309   0.313   0.313   0.316   0.318   0.320   0.323
  0.323   0.328   0.328   0.329   0.331   0.332   0.334   0.340
  0.341   0.344   0.345   0.348   0.349   0.350   0.356   0.360
  0.362   0.368   0.369   0.370   0.374   0.376   0.376   0.382
  0.383   0.385   0.386   0.389   0.392   0.396   0.398   0.400
  0.401   0.405   0.409   0.411   0.415   0.418   0.422   0.425
  0.430   0.432   0.433   0.437   0.440   0.440   0.445   0.451
  0.453   0.457   0.457   0.462   0.465   0.469   0.473   0.480
  0.483   0.487   0.489   0.495   0.501   0.507   0.509   0.514
  0.514   0.519   0.524   0.534   0.539   0.540   0.544   0.549
  0.552   0.557   0.565   0.566   0.572   0.576   0.585   0.589
  0.593   0.597   0.599   0.603   0.611   0.615   0.620   0.624
  0.628   0.633   0.634   0.639   0.644   0.649   0.652   0.657
  0.658   0.664   0.665   0.669   0.671   0.680   0.682   0.685
  0.688   0.691   0.694   0.699   0.702   0.704   0.711   0.712
  0.716   0.720   0.723   0.727   0.731   0.731   0.735   0.741
  0.744   0.749   0.750   0.751   0.758   0.763   0.765   0.767
  0.769   0.778   0.782   0.786   0.787   0.788   0.793   0.795
  0.801   0.804   0.807   0.812   0.818   0.821   0.825   0.830
  0.833   0.840   0.845   0.849   0.853   0.856   0.867   0.870
  0.872   0.878   0.887   0.894   0.901   0.913   0.920   0.924
  0.931   0.937   0.940   0.954   0.968   0.971   0.977   0.988
  1.004   1.009   1.011   1.029   1.034   1.035   1.048   1.057
  1.065   1.084   1.089   1.102   1.106   1.113   1.120   1.127
  1.134   1.140   1.147   1.159   1.165   1.180   1.181   1.190
  1.192   1.201   1.207   1.208   1.224   1.231   1.239   1.241
  1.246   1.255   1.259   1.263   1.270   1.278   1.286   1.298
  1.301   1.303   1.308   1.312   1.314   1.322   1.324   1.335
  1.344   1.345   1.351   1.358   1.362   1.370   1.373   1.376
  1.381   1.391   1.395   1.403   1.407   1.415   1.421   1.427
  1.431   1.435   1.441   1.447   1.457   1.462   1.473   1.478
  1.482   1.486   1.503   1.507   1.517   1.523   1.524   1.527
  1.536   1.542   1.553   1.557   1.562   1.565   1.570   1.582
  1.585   1.588   1.594   1.598   1.601   1.603   1.614   1.615
  1.622   1.625   1.630   1.633   1.641   1.645   1.652   1.656
  1.657   1.662   1.667   1.671   1.684   1.687   1.696   1.697
  1.702   1.706   1.711   1.718   1.726   1.727   1.731   1.736
  1.739   1.746   1.753   1.756   1.760   1.769   1.770   1.776
  1.781   1.785   1.792   1.798   1.803   1.809   1.812   1.816
  1.822   1.830   1.833   1.837   1.846   1.850   1.853   1.857
  1.866   1.872   1.874   1.880   1.886   1.891   1.896   1.897
  1.908   1.914   1.916   1.923   1.934   1.941   1.943   1.945
  1.962   1.964   1.969   1.976   1.981   1.988   1.993   1.996
  2.005   2.008   2.010   2.021   2.032   2.036   2.042   2.046
  2.064   2.067   2.071   2.082   2.086   2.089   2.096   2.102
  2.107   2.118   2.125   2.133   2.139   2.152   2.157   2.168
  2.172   2.176   2.180   2.185   2.193   2.210   2.216   2.218
  2.225   2.234   2.236   2.244   2.250   2.251   2.254   2.271
  2.275   2.283   2.291   2.301   2.307   2.312   2.326   2.335
  2.336   2.355   2.360   2.369   2.380   2.386   2.393   2.407
  2.417   2.428   2.430   2.447   2.454   2.461   2.471   2.474
  2.484   2.491   2.496   2.502   2.508   2.514   2.518   2.531
  2.539   2.546   2.552   2.557   2.562   2.568   2.585   2.586
  2.592   2.597   2.607   2.608   2.615   2.619   2.629   2.635
  2.655   2.657   2.671   2.683   2.687   2.693   2.701   2.709
  2.724   2.726   2.731   2.736   2.745   2.753   2.766   2.775
  2.786   2.795   2.803   2.811   2.819   2.832   2.839   2.855
  2.856   2.860   2.868   2.874   2.885   2.889   2.896   2.904
  2.911   2.917   2.928   2.938   2.941   2.947   2.954   2.957
  2.977   2.978   2.996   3.005   3.022   3.025   3.035   3.042
  3.049   3.058   3.064   3.075   3.084   3.090   3.091   3.104
  3.112   3.120   3.128   3.134   3.144   3.146   3.151   3.168
  3.170   3.175   3.189   3.191   3.198   3.199   3.212   3.217
  3.221   3.233   3.241   3.251   3.259   3.266   3.274   3.286
  3.293   3.304   3.311   3.322   3.330   3.336   3.349   3.356
  3.366   3.382   3.384   3.388   3.405   3.423   3.427   3.435
  3.443   3.449   3.455   3.461   3.477   3.487   3.506   3.522
  3.533   3.550   3.578   3.597   3.604   3.621   3.637   3.648
  3.679   3.715   3.723   3.751   3.767   3.787   3.798   3.810
  3.817   3.822   3.840   3.848   3.856   3.864   3.875   3.887
  3.910   3.921   3.931   3.941   3.943   3.974   3.981   3.997
  4.005   4.030   4.048   4.081   4.096   4.105   4.134   4.147
  4.155   4.172   4.173   4.192   4.194   4.205   4.220   4.233
  4.252   4.255   4.267   4.294   4.303   4.328   4.338   4.376
  4.421   4.455   4.486   4.523   4.539   4.610   4.623   5.165
  5.209   5.232   5.271   5.280   5.282   5.317   5.332   5.349
  5.371   5.415   5.442   5.457   5.526   5.572   5.580   5.617
  5.621   5.667   5.694   5.721   5.739   5.785   5.818   5.881
  5.950   5.966   6.000   6.038   6.197  23.899  23.904  23.935
 23.950  23.957  23.968  23.984  24.000  24.014  24.027  24.037
 24.048  24.055  24.096  24.103  24.137  24.156  24.196  24.230
 24.276  24.309  24.363  49.963  50.022  50.055  50.080  50.087
 50.089  50.138  50.148  50.161  50.244
 --------------------------------------------------------------
 
          Ground-State Mulliken Net Atomic Charges

     Atom                 Charge (a.u.)
  ----------------------------------------
      1 C                    -0.419378
      2 C                    -1.155420
      3 C                    -0.166308
      4 C                    -0.927151
      5 O                    -0.072804
      6 O                    -0.065105
      7 O                     0.264704
      8 O                     0.302065
      9 C                    -0.115068
     10 C                    -0.343999
     11 C                     0.024110
     12 C                    -0.292576
     13 C                    -0.222482
     14 C                    -0.144897
     15 O                    -0.018118
     16 H                     0.111707
     17 H                    -0.116681
     18 H                     0.220820
     19 H                     0.221787
     20 H                     0.192434
     21 H                     0.069888
     22 H                     0.173078
     23 H                    -0.050288
     24 H                     0.196228
     25 H                     0.156905
     26 H                     0.180190
     27 H                     0.208714
     28 C                    -0.332418
     29 H                     0.207659
     30 H                     0.126884
     31 H                     0.194152
     32 H                     0.266045
     33 C                     0.108702
     34 C                     0.206668
     35 C                    -0.695043
     36 C                    -0.618727
     37 O                     0.145190
     38 O                    -0.018467
     39 O                     0.371345
     40 O                    -0.071629
     41 C                     0.122312
     42 C                    -0.105497
     43 C                    -0.180741
     44 C                    -0.455257
     45 C                    -0.276656
     46 C                    -0.298463
     47 O                    -0.059952
     48 H                     0.278140
     49 H                     0.293106
     50 H                     0.224997
     51 H                     0.169743
     52 H                     0.211683
     53 H                     0.153029
     54 H                     0.211581
     55 H                     0.164291
     56 H                    -0.144175
     57 H                     0.352426
     58 H                     0.179471
     59 H                     0.163140
     60 C                    -0.326122
     61 H                     0.289713
     62 H                     0.213694
     63 H                     0.338992
     64 H                     0.377831
  ----------------------------------------
  Sum of atomic charges =     0.000000

 -----------------------------------------------------------------
                    Cartesian Multipole Moments
 -----------------------------------------------------------------
    Charge (ESU x 10^10)
                 0.0000
    Dipole Moment (Debye)
         X       0.3289      Y       3.8989      Z       2.7144
       Tot       4.7621
    Quadrupole Moments (Debye-Ang)
        XX    -172.5474     XY      13.0092     YY    -183.7096
        XZ       0.5168     YZ     -14.5050     ZZ    -216.0096
    Octopole Moments (Debye-Ang^2)
       XXX     -95.6841    XXY      18.4233    XYY     -33.1784
       YYY      19.1130    XXZ      12.4221    XYZ       6.7271
       YYZ      18.5983    XZZ      21.0614    YZZ       2.1058
       ZZZ     -12.0100
    Hexadecapole Moments (Debye-Ang^3)
      XXXX   -4507.1862   XXXY       2.1365   XXYY   -1312.8343
      XYYY     121.0672   YYYY   -3731.0428   XXXZ      58.9693
      XXYZ     -35.1961   XYYZ       9.3392   YYYZ     -63.9478
      XXZZ   -1233.2571   XYZZ      26.6490   YYZZ   -1108.3978
      XZZZ     -27.6619   YZZZ     -93.9767   ZZZZ   -2735.2001
 -----------------------------------------------------------------
Archival summary:
1\1\vega01.cac.cornell.edu\SP\ProcedureUnspecified\BasisUnspecified\102232\jj585\MonApr1622:40:212018MonApr1622:40:212018\0\\#,ProcedureUnspecified,BasisUnspecified,\\0,1\O\C,1,1.43358\H,2,1.07,1,117.389\C,1,1.43646,2,98.0224,3,-179.253,0\C,4,1.51218,1,111.091,2,-178.393,0\H,5,1.09134,4,111.033,1,-57.0184,0\H,5,1.09192,4,109.775,1,62.6469,0\H,5,1.09264,4,110.458,1,-177.522,0\H,7,1.33917,5,87.8145,4,-13.7835,0\C,9,1.09187,7,104.478,5,-123.836,0\H,10,1.09132,9,107.862,7,-63.3474,0\H,6,1.38489,5,91.0141,4,4.90935,0\C,12,1.08851,6,102.076,5,128.604,0\C,13,1.51456,12,105.218,6,71.552,0\O,14,1.20804,13,123.816,12,-13.3842,0\H,15,0.897417,14,128.737,13,108.648,0\C,16,1.09127,15,103.917,14,-19.3707,0\H,17,1.08763,16,110.585,15,67.399,0\H,17,1.09122,16,109.073,15,-170.34,0\O,14,1.34543,13,112.521,12,169.467,0\O,17,1.43759,16,110.468,15,-48.8363,0\C,21,1.34543,17,116.484,16,-63.158,0\O,22,1.20804,21,123.598,17,1.88648,0\C,20,1.43759,14,116.484,13,179.042,0\H,24,1.08763,20,105.353,14,177.393,0\H,24,1.09122,20,110.39,14,57.5626,0\H,24,1.09127,20,110.468,14,-63.158,0\C,22,1.51456,21,112.521,17,179.042,0\H,28,1.08851,22,105.218,21,169.467,0\C,2,1.54115,1,102.483,3,-123.548,0\H,30,1.09096,2,110.128,1,81.1589,0\H,30,1.09186,2,112.95,1,-157.962,0\C,2,1.54738,1,103.124,3,123.327,0\H,33,1.09374,2,111.197,1,147.786,0\C,33,1.51731,2,113.483,1,-93.8005,0\O,35,1.20407,33,125.979,2,-9.23641,0\O,35,1.35176,33,110.223,2,174.335,0\C,37,1.43854,35,116.158,33,-178.482,0\H,38,1.08777,37,105.482,35,177.492,0\H,38,1.09107,37,110.6,35,-62.8398,0\H,38,1.09137,37,110.239,35,57.9539,0\H,41,1.42538,38,170.663,37,148.862,0\C,42,1.08777,41,102.757,38,148.943,0\H,43,1.09107,42,110.646,41,-64.005,0\H,43,1.09137,42,110.698,41,174.867,0\O,43,1.43854,42,105.482,41,55.6321,0\C,46,1.35176,43,116.158,42,177.492,0\O,47,1.20407,46,123.697,43,4.99197,0\C,47,1.51731,46,110.223,43,-178.482,0\H,49,1.09374,47,105.237,46,-63.8664,0\C,49,1.54738,47,113.483,46,174.335,0\H,51,1.07,49,111.755,47,33.1865,0\O,51,1.43358,49,103.124,47,-93.8005,0\C,53,1.43646,51,98.0224,49,-55.9256,0\C,54,1.51218,53,111.091,51,-178.393,0\H,55,1.09134,54,111.033,53,-57.0184,0\H,55,1.09192,54,109.775,53,62.6469,0\H,55,1.09264,54,110.458,53,-177.522,0\C,51,1.54115,49,108.926,47,157.864,0\H,59,1.09096,51,110.128,49,-170.072,0\H,59,1.09186,51,112.95,49,-49.1929,0\C,4,1.55466,1,102.371,2,-54.4128,0\H,62,1.09132,4,109.614,1,-87.4148,0\H,62,1.09187,4,112.355,1,152.676,0\\\@

 Total job time:  9557.24s(wall), 9534.96s(cpu) 
 Mon Apr 16 22:40:21 2018

        *************************************************************
        *                                                           *
        *  Thank you very much for using Q-Chem.  Have a nice day.  *
        *                                                           *
        *************************************************************


0 sent ACK to 0 
now end server 0 ... 
