mFile = /opt/software/qchem/qchem-5.0.1//bin/mpi/machines
Process 0 of 1 is on vega03.cac.cornell.edu - thread support 0
initial socket setup ...start
initial socket setup ...done 
now start server 0 ... 
vega03 10.84.3
Q-Chem Developer Version! Running on 10.84.3.*
                  Welcome to Q-Chem
     A Quantum Leap Into The Future Of Chemistry


 Q-Chem 5.0, Q-Chem, Inc., Pleasanton, CA (2017)

 Yihan Shao,  Zhengting Gan,  E. Epifanovsky,  A. T. B. Gilbert,  M. Wormit,  
 J. Kussmann,  A. W. Lange,  A. Behn,  Jia Deng,  Xintian Feng,  D. Ghosh,  
 M. Goldey,  P. R. Horn,  L. D. Jacobson,  I. Kaliman,  T. Kus,  A. Landau,  
 Jie Liu,  E. I. Proynov,  R. M. Richard,  R. P. Steele,  E. J. Sundstrom,  
 H. L. Woodcock III,  P. M. Zimmerman,  D. Zuev,  B. Albrecht,  E. Alguire,  
 S. A. Baeppler,  Z. Benda,  Y. A. Bernard,  E. J. Berquist,  K. B. Bravaya,  
 D. Casanova,  Chun-Min Chang,  Yunqing Chen,  A. Chien,  K. D. Closser,  
 M. P. Coons,  S. Dasgupta,  M. Diedenhofen,  Hainam Do,  R. G. Edgar,  
 Po-Tung Fang,  S. Fatehi,  Qingguo Feng,  Qinghui Ge,  A. Ghysels,  
 J. Gomes,  J. Gonthier,  A. Gunina,  M. W. D. Hanson-Heine,  
 P. H. P. Harbach,  A. W. Hauser,  J. E. Herr,  E. G. Hohenstein,  
 Z. C. Holden,  Kerwin Hui,  T.-C. Jagau,  Hyunjun Ji,  B. Kaduk,  
 K. Khistyaev,  Jaehoon Kim,  P. Klunzinger,  K. Koh,  D. Kosenkov,  
 T. Kowalczyk,  C. M. Krauter,  A. Kunitsa,  Ka Un Lao,  A. Laurent,  
 K. V. Lawler,  Joonho Lee,  D. Lefrancois,  S. Lehtola,  D. S. Levine,  
 Yi-Pei Li,  You-Sheng Lin,  Fenglai Liu,  E. Livshits,  A. Luenser,  
 P. Manohar,  E. Mansoor,  S. F. Manzer,  Shan-Ping Mao,  Yuezhi Mao,  
 N. Mardirossian,  A. V. Marenich,  L. A. Martinez-Martinez,  S. A. Maurer,  
 N. J. Mayhall,  S. C. McKenzie,  J.-M. Mewes,  A. F. Morrison,  K. Nanda,  
 T. S. Nguyen-Beck,  R. Olivares-Amaya,  J. A. Parkhill,  T. M. Perrine,  
 F. Plasser,  S. Prager,  A. Prociuk,  D. R. Rehn,  F. Rob,  M. Schneider,  
 N. Sergueev,  S. M. Sharada,  S. Sharma,  D. W. Small,  T. Stauch,  
 T. Stein,  Yu-Chuan Su,  A. J. W. Thom,  T. Tsuchimochi,  L. Vogt,  
 O. Vydrov,  M. A. Watson,  J. Wenzel,  M. de Wergifosse,  T. A. Wesolowski,  
 A. White,  J. Witte,  A. Yamada,  Jun Yang,  K. Yao,  S. Yeganeh,  
 S. R. Yost,  Zhi-Qiang You,  A. Zech,  Igor Ying Zhang,  Xing Zhang,  
 Yan Zhao,  Ying Zhu,  B. R. Brooks,  G. K. L. Chan,  C. J. Cramer,  
 M. S. Gordon,  W. J. Hehre,  A. Klamt,  M. W. Schmidt,  C. D. Sherrill,  
 D. G. Truhlar,  A. Aspuru-Guzik,  R. Baer,  A. T. Bell,  N. A. Besley,  
 Jeng-Da Chai,  A. Dreuw,  B. D. Dunietz,  T. R. Furlani,  Chao-Ping Hsu,  
 Yousung Jung,  Jing Kong,  D. S. Lambrecht,  WanZhen Liang,  C. Ochsenfeld,  
 V. A. Rassolov,  L. V. Slipchenko,  J. E. Subotnik,  T. Van Voorhis,  
 J. M. Herbert,  A. I. Krylov,  P. M. W. Gill,  M. Head-Gordon

 Contributors to earlier versions of Q-Chem not listed above: 
 R. D. Adamson,  B. Austin,  J. Baker,  G. J. O. Beran,  K. Brandhorst,  
 S. T. Brown,  E. F. C. Byrd,  A. K. Chakraborty,  C.-L. Cheng,  
 Siu Hung Chien,  D. M. Chipman,  D. L. Crittenden,  H. Dachsel,  
 R. A. DiStasio Jr.,  R. J. Doerksen,  A. D. Dutoi,  L. Fusti-Molnar,  
 W. A. Goddard III,  A. Golubeva-Zadorozhnaya,  S. R. Gwaltney,  G. Hawkins,  
 A. Heyden,  S. Hirata,  G. Kedziora,  F. J. Keil,  C. Kelley,  Jihan Kim,  
 R. A. King,  R. Z. Khaliullin,  P. P. Korambath,  W. Kurlancheek,  
 A. M. Lee,  M. S. Lee,  S. V. Levchenko,  Ching Yeh Lin,  D. Liotard,  
 R. C. Lochan,  I. Lotan,  P. E. Maslen,  N. Nair,  D. P. O'Neill,  
 D. Neuhauser,  E. Neuscamman,  C. M. Oana,  R. Olson,  B. Peters,  
 R. Peverati,  P. A. Pieniazek,  Y. M. Rhee,  J. Ritchie,  M. A. Rohrdanz,  
 E. Rosta,  N. J. Russ,  H. F. Schaefer III,  N. E. Schultz,  N. Shenvi,  
 A. C. Simmonett,  A. Sodt,  D. Stuck,  K. S. Thanthiriwatte,  V. Vanovschi,  
 Tao Wang,  A. Warshel,  C. F. Williams,  Q. Wu,  X. Xu,  W. Zhang

 Please cite Q-Chem as follows:
 Y. Shao et al., Mol. Phys. 113, 184-215 (2015)
 DOI: 10.1080/00268976.2014.952696

 Q-Chem 5.0.1 for Intel X86 EM64T Linux

 Parts of Q-Chem use Armadillo 5.200.1 (Boston Tea Smuggler).
 http://arma.sourceforge.net/

 Q-Chem begins on Mon Apr  2 10:35:14 2018  

Host: vega03.cac.cornell.edu
0

     Scratch files written to /scratch/jj585/vdw/1111_distance_3.000_10.save//
 Parallel job on  1  processors

Checking the input file for inconsistencies... 	...done.

--------------------------------------------------------------
User input:
--------------------------------------------------------------
$molecule
0  1
C        +0.22270000        +1.04488000        +0.58595000
C        +0.62626000        -0.41353000        +0.99871000
C        -1.18200000        +1.23223000        +0.04377000
C        -0.37457000        -1.51643000        +0.72333000
O        -2.09172000        +0.78832000        +0.93966000
O        -1.47336000        +1.75939000        -0.99882000
O        -0.91364000        -1.42792000        -0.50620000
O        -0.62208000        -2.40877000        +1.49911000
C        -1.86134000        -2.44741000        -0.86560000
C        -3.47068000        +0.87492000        +0.53920000
C        +1.33008000        +1.39974000        -0.43491000
C        +2.63070000        +1.71700000        +0.32855000
C        +3.04336000        +0.29351000        +0.80300000
C        +1.94423000        -0.59299000        +0.15262000
O        +1.62840000        +0.13663000        -1.04376000
H        +0.27811000        +1.68786000        +1.46900000
H        +0.83923000        -0.48042000        +2.06408000
H        -2.68749000        -2.46677000        -0.15296000
H        -3.76076000        +1.91522000        +0.38406000
H        +3.37234000        +2.13782000        -0.35195000
H        +2.48236000        +2.42488000        +1.14651000
H        +4.02182000        +0.00994000        +0.41161000
H        +3.07359000        +0.18738000        +1.88928000
H        -2.21148000        -2.17765000        -1.85937000
H        -1.38062000        -3.42697000        -0.88096000
H        -4.03855000        +0.43623000        +1.35671000
H        -3.63120000        +0.31700000        -0.38495000
C        +0.90028000        +2.39077000        -1.49430000
C        +2.35450000        -2.01267000        -0.16812000
H        +3.26311000        -2.00678000        -0.77366000
H        +2.54990000        -2.57059000        +0.75079000
H        +1.57335000        -2.52896000        -0.72872000
H        +1.71845000        +2.58186000        -2.15686000
H        +0.59919000        +3.30478000        -1.02650000
H        +0.07925000        +1.98653000        -2.04874000
@C        +0.23835000        +1.93135000        +3.45194000
@C        +0.64191000        +0.47294000        +3.86470000
@C        -1.16635000        +2.11870000        +2.90976000
@C        -0.35892000        -0.62996000        +3.58932000
@O        -2.07607000        +1.67479000        +3.80565000
@O        -1.45771000        +2.64586000        +1.86717000
@O        -0.89799000        -0.54145000        +2.35979000
@O        -0.60643000        -1.52230000        +4.36510000
@C        -1.84569000        -1.56094000        +2.00039000
@C        -3.45503000        +1.76139000        +3.40519000
@C        +1.34573000        +2.28621000        +2.43108000
@C        +2.64635000        +2.60347000        +3.19454000
@C        +3.05901000        +1.17998000        +3.66899000
@C        +1.95988000        +0.29348000        +3.01861000
@O        +1.64405000        +1.02310000        +1.82223000
@H        +0.29376000        +2.57433000        +4.33499000
@H        +0.85488000        +0.40605000        +4.93007000
@H        -2.67184000        -1.58030000        +2.71303000
@H        -3.74511000        +2.80169000        +3.25005000
@H        +3.38799000        +3.02429000        +2.51404000
@H        +2.49801000        +3.31135000        +4.01250000
@H        +4.03747000        +0.89641000        +3.27760000
@H        +3.08924000        +1.07385000        +4.75527000
@H        -2.19583000        -1.29118000        +1.00662000
@H        -1.36497000        -2.54050000        +1.98503000
@H        -4.02290000        +1.32270000        +4.22270000
@H        -3.61555000        +1.20347000        +2.48104000
@C        +0.91593000        +3.27724000        +1.37169000
@C        +2.37015000        -1.12620000        +2.69787000
@H        +3.27876000        -1.12031000        +2.09233000
@H        +2.56555000        -1.68412000        +3.61678000
@H        +1.58900000        -1.64249000        +2.13727000
@H        +1.73410000        +3.46833000        +0.70913000
@H        +0.61484000        +4.19125000        +1.83949000
@H        +0.09490000        +2.87300000        +0.81725000
$end

$rem
JOBTYPE                   SP
METHOD                    B3LYP
DFT_D                     d3_op
BASIS                     6-311++G(d,p)
SYMMETRY                  False
THRESH                    12
SCF_CONVERGENCE           8
MAX_SUB_FILE_NUM          128
MEM_STATIC                400
MEM_TOTAL                 4000
$end
--------------------------------------------------------------
 Adding empirical dispersion correction 
 ----------------------------------------------------------------
 Doing -D3(op) with
 s6 =   1.00000
 s8 =   0.78311
 a1 =   0.30000
 a2 =   4.25000
 n  =  10.00000
 -D3 energy without 3body term =     -0.0426125932 hartrees
 ----------------------------------------------------------------
             Standard Nuclear Orientation (Angstroms)
    I     Atom           X                Y                Z
 ----------------------------------------------------------------
    1      C       0.2227000000     1.0448800000     0.5859500000
    2      C       0.6262600000    -0.4135300000     0.9987100000
    3      C      -1.1820000000     1.2322300000     0.0437700000
    4      C      -0.3745700000    -1.5164300000     0.7233300000
    5      O      -2.0917200000     0.7883200000     0.9396600000
    6      O      -1.4733600000     1.7593900000    -0.9988200000
    7      O      -0.9136400000    -1.4279200000    -0.5062000000
    8      O      -0.6220800000    -2.4087700000     1.4991100000
    9      C      -1.8613400000    -2.4474100000    -0.8656000000
   10      C      -3.4706800000     0.8749200000     0.5392000000
   11      C       1.3300800000     1.3997400000    -0.4349100000
   12      C       2.6307000000     1.7170000000     0.3285500000
   13      C       3.0433600000     0.2935100000     0.8030000000
   14      C       1.9442300000    -0.5929900000     0.1526200000
   15      O       1.6284000000     0.1366300000    -1.0437600000
   16      H       0.2781100000     1.6878600000     1.4690000000
   17      H       0.8392300000    -0.4804200000     2.0640800000
   18      H      -2.6874900000    -2.4667700000    -0.1529600000
   19      H      -3.7607600000     1.9152200000     0.3840600000
   20      H       3.3723400000     2.1378200000    -0.3519500000
   21      H       2.4823600000     2.4248800000     1.1465100000
   22      H       4.0218200000     0.0099400000     0.4116100000
   23      H       3.0735900000     0.1873800000     1.8892800000
   24      H      -2.2114800000    -2.1776500000    -1.8593700000
   25      H      -1.3806200000    -3.4269700000    -0.8809600000
   26      H      -4.0385500000     0.4362300000     1.3567100000
   27      H      -3.6312000000     0.3170000000    -0.3849500000
   28      C       0.9002800000     2.3907700000    -1.4943000000
   29      C       2.3545000000    -2.0126700000    -0.1681200000
   30      H       3.2631100000    -2.0067800000    -0.7736600000
   31      H       2.5499000000    -2.5705900000     0.7507900000
   32      H       1.5733500000    -2.5289600000    -0.7287200000
   33      H       1.7184500000     2.5818600000    -2.1568600000
   34      H       0.5991900000     3.3047800000    -1.0265000000
   35      H       0.0792500000     1.9865300000    -2.0487400000
   36      GH      0.2383500000     1.9313500000     3.4519400000
   37      GH      0.6419100000     0.4729400000     3.8647000000
   38      GH     -1.1663500000     2.1187000000     2.9097600000
   39      GH     -0.3589200000    -0.6299600000     3.5893200000
   40      GH     -2.0760700000     1.6747900000     3.8056500000
   41      GH     -1.4577100000     2.6458600000     1.8671700000
   42      GH     -0.8979900000    -0.5414500000     2.3597900000
   43      GH     -0.6064300000    -1.5223000000     4.3651000000
   44      GH     -1.8456900000    -1.5609400000     2.0003900000
   45      GH     -3.4550300000     1.7613900000     3.4051900000
   46      GH      1.3457300000     2.2862100000     2.4310800000
   47      GH      2.6463500000     2.6034700000     3.1945400000
   48      GH      3.0590100000     1.1799800000     3.6689900000
   49      GH      1.9598800000     0.2934800000     3.0186100000
   50      GH      1.6440500000     1.0231000000     1.8222300000
   51      GH      0.2937600000     2.5743300000     4.3349900000
   52      GH      0.8548800000     0.4060500000     4.9300700000
   53      GH     -2.6718400000    -1.5803000000     2.7130300000
   54      GH     -3.7451100000     2.8016900000     3.2500500000
   55      GH      3.3879900000     3.0242900000     2.5140400000
   56      GH      2.4980100000     3.3113500000     4.0125000000
   57      GH      4.0374700000     0.8964100000     3.2776000000
   58      GH      3.0892400000     1.0738500000     4.7552700000
   59      GH     -2.1958300000    -1.2911800000     1.0066200000
   60      GH     -1.3649700000    -2.5405000000     1.9850300000
   61      GH     -4.0229000000     1.3227000000     4.2227000000
   62      GH     -3.6155500000     1.2034700000     2.4810400000
   63      GH      0.9159300000     3.2772400000     1.3716900000
   64      GH      2.3701500000    -1.1262000000     2.6978700000
   65      GH      3.2787600000    -1.1203100000     2.0923300000
   66      GH      2.5655500000    -1.6841200000     3.6167800000
   67      GH      1.5890000000    -1.6424900000     2.1372700000
   68      GH      1.7341000000     3.4683300000     0.7091300000
   69      GH      0.6148400000     4.1912500000     1.8394900000
   70      GH      0.0949000000     2.8730000000     0.8172500000
 ----------------------------------------------------------------
 Nuclear Repulsion Energy =  1416.9633948670 hartrees
 There are       65 alpha and       65 beta electrons
 Requested basis set is 6-311++G(d,p)
 There are 384 shells and 1000 basis functions

 Total QAlloc Memory Limit   4000 MB
 Mega-Array Size       392 MB
 MEM_STATIC part       400 MB
 A cutoff of  1.0D-12 yielded  58330 shell pairs
 There are    399271 function pairs (    424788 Cartesian)
 
 -------------------------------------------------------
 OpenMP Integral Computing Module                       
 Release: version 1.0, May 2013, Q-Chem Inc. Pittsburgh 
 -------------------------------------------------------
 Integral Job Info:
 Integral job number is                      11
 Integral operator is                         1
 short-range coefficients                     0
 long-range coefficients              100000000
 Omega coefficients                           0
 if combine SR and LR in K                    0
 Integral screening is                        0
 Integral computing path is                   2
 max size of driver memory is            800000
 size of driver memory is                593474
 size of scratch memory is              2361544
 max col of scratch BK array               1296
 max len of scratch array in speh3          155
 max len of scratch index in speh4           18
 max int batch size is                      520
 min int batch size is                       52
 fixed nKL is                                52
 max L of basis functions is                  2
 order of int derivative is                   0
 number of shells is                        384
 number of basis is                        1034
 number of cartesian basis is              1034
 number of contracted shell pairs         58330
 number of primitive shell pairs         123679
 maxK2 (contraction) of shell pair           36
 max number of K2 of shell pair               1
 max number of CS2 of shell pair          11263
 max number of PS2 of shell pair          18864
 mem total for path MDJ                  685768
 -------------------------------------------------------
 Smallest overlap matrix eigenvalue = 3.41E-08
 Linear dependence detected in AO basis
 Number of orthogonalized atomic orbitals = 988
 Maximum deviation from orthogonality = 3.193E-10

 Scale SEOQF with 1.000000e-01/1.000000e-01/1.000000e-01

 Standard Electronic Orientation quadrupole field applied
 Nucleus-field energy     =     0.0000000292 hartrees
 Guess from superposition of atomic densities
 Warning:  Energy on first SCF cycle will be non-variational

 Q-Chem warning in module /opt/software/qchem/qchem-5.0.1/libgen/Atomic_PolEc.C, line 58:

 No atomic polarizability available.


 Q-Chem warning in module /opt/software/qchem/qchem-5.0.1/libgen/Atomic_PolEc.C, line 73:

 No atomic polarizability available.


 Q-Chem warning in module /opt/software/qchem/qchem-5.0.1/libgen/Atomic_PolEc.C, line 58:

 No atomic polarizability available.


 Q-Chem warning in module /opt/software/qchem/qchem-5.0.1/libgen/Atomic_PolEc.C, line 73:

 No atomic polarizability available.


 Q-Chem warning in module /opt/software/qchem/qchem-5.0.1/libgen/Atomic_PolEc.C, line 58:

 No atomic polarizability available.


 Q-Chem warning in module /opt/software/qchem/qchem-5.0.1/libgen/Atomic_PolEc.C, line 73:

 No atomic polarizability available.


 Q-Chem warning in module /opt/software/qchem/qchem-5.0.1/libgen/Atomic_PolEc.C, line 58:

 No atomic polarizability available.


 Q-Chem warning in module /opt/software/qchem/qchem-5.0.1/libgen/Atomic_PolEc.C, line 73:

 No atomic polarizability available.


 Q-Chem warning in module /opt/software/qchem/qchem-5.0.1/libgen/Atomic_PolEc.C, line 58:

 No atomic polarizability available.


 Q-Chem warning in module /opt/software/qchem/qchem-5.0.1/libgen/Atomic_PolEc.C, line 73:

 No atomic polarizability available.


 Q-Chem warning in module /opt/software/qchem/qchem-5.0.1/libgen/Atomic_PolEc.C, line 58:

 No atomic polarizability available.


 Q-Chem warning in module /opt/software/qchem/qchem-5.0.1/libgen/Atomic_PolEc.C, line 73:

 No atomic polarizability available.


 Q-Chem warning in module /opt/software/qchem/qchem-5.0.1/libgen/Atomic_PolEc.C, line 58:

 No atomic polarizability available.


 Q-Chem warning in module /opt/software/qchem/qchem-5.0.1/libgen/Atomic_PolEc.C, line 73:

 No atomic polarizability available.


 Q-Chem warning in module /opt/software/qchem/qchem-5.0.1/libgen/Atomic_PolEc.C, line 58:

 No atomic polarizability available.


 Q-Chem warning in module /opt/software/qchem/qchem-5.0.1/libgen/Atomic_PolEc.C, line 73:

 No atomic polarizability available.


 Q-Chem warning in module /opt/software/qchem/qchem-5.0.1/libgen/Atomic_PolEc.C, line 58:

 No atomic polarizability available.


 Q-Chem warning in module /opt/software/qchem/qchem-5.0.1/libgen/Atomic_PolEc.C, line 73:

 No atomic polarizability available.


 Q-Chem warning in module /opt/software/qchem/qchem-5.0.1/libgen/Atomic_PolEc.C, line 58:

 No atomic polarizability available.


 Q-Chem warning in module /opt/software/qchem/qchem-5.0.1/libgen/Atomic_PolEc.C, line 73:

 No atomic polarizability available.


 Q-Chem warning in module /opt/software/qchem/qchem-5.0.1/libgen/Atomic_PolEc.C, line 58:

 No atomic polarizability available.


 Q-Chem warning in module /opt/software/qchem/qchem-5.0.1/libgen/Atomic_PolEc.C, line 73:

 No atomic polarizability available.


 Q-Chem warning in module /opt/software/qchem/qchem-5.0.1/libgen/Atomic_PolEc.C, line 58:

 No atomic polarizability available.


 Q-Chem warning in module /opt/software/qchem/qchem-5.0.1/libgen/Atomic_PolEc.C, line 73:

 No atomic polarizability available.


 Q-Chem warning in module /opt/software/qchem/qchem-5.0.1/libgen/Atomic_PolEc.C, line 58:

 No atomic polarizability available.


 Q-Chem warning in module /opt/software/qchem/qchem-5.0.1/libgen/Atomic_PolEc.C, line 73:

 No atomic polarizability available.


 Q-Chem warning in module /opt/software/qchem/qchem-5.0.1/libgen/Atomic_PolEc.C, line 58:

 No atomic polarizability available.


 Q-Chem warning in module /opt/software/qchem/qchem-5.0.1/libgen/Atomic_PolEc.C, line 73:

 No atomic polarizability available.


 Q-Chem warning in module /opt/software/qchem/qchem-5.0.1/libgen/Atomic_PolEc.C, line 58:

 No atomic polarizability available.


 Q-Chem warning in module /opt/software/qchem/qchem-5.0.1/libgen/Atomic_PolEc.C, line 73:

 No atomic polarizability available.


 Q-Chem warning in module /opt/software/qchem/qchem-5.0.1/libgen/Atomic_PolEc.C, line 58:

 No atomic polarizability available.


 Q-Chem warning in module /opt/software/qchem/qchem-5.0.1/libgen/Atomic_PolEc.C, line 73:

 No atomic polarizability available.


 Q-Chem warning in module /opt/software/qchem/qchem-5.0.1/libgen/Atomic_PolEc.C, line 58:

 No atomic polarizability available.


 Q-Chem warning in module /opt/software/qchem/qchem-5.0.1/libgen/Atomic_PolEc.C, line 73:

 No atomic polarizability available.


 Q-Chem warning in module /opt/software/qchem/qchem-5.0.1/libgen/Atomic_PolEc.C, line 58:

 No atomic polarizability available.


 Q-Chem warning in module /opt/software/qchem/qchem-5.0.1/libgen/Atomic_PolEc.C, line 73:

 No atomic polarizability available.


 Q-Chem warning in module /opt/software/qchem/qchem-5.0.1/libgen/Atomic_PolEc.C, line 58:

 No atomic polarizability available.


 Q-Chem warning in module /opt/software/qchem/qchem-5.0.1/libgen/Atomic_PolEc.C, line 73:

 No atomic polarizability available.


 Q-Chem warning in module /opt/software/qchem/qchem-5.0.1/libgen/Atomic_PolEc.C, line 58:

 No atomic polarizability available.


 Q-Chem warning in module /opt/software/qchem/qchem-5.0.1/libgen/Atomic_PolEc.C, line 73:

 No atomic polarizability available.


 Q-Chem warning in module /opt/software/qchem/qchem-5.0.1/libgen/Atomic_PolEc.C, line 58:

 No atomic polarizability available.


 Q-Chem warning in module /opt/software/qchem/qchem-5.0.1/libgen/Atomic_PolEc.C, line 73:

 No atomic polarizability available.


 Q-Chem warning in module /opt/software/qchem/qchem-5.0.1/libgen/Atomic_PolEc.C, line 58:

 No atomic polarizability available.


 Q-Chem warning in module /opt/software/qchem/qchem-5.0.1/libgen/Atomic_PolEc.C, line 73:

 No atomic polarizability available.


 Q-Chem warning in module /opt/software/qchem/qchem-5.0.1/libgen/Atomic_PolEc.C, line 58:

 No atomic polarizability available.


 Q-Chem warning in module /opt/software/qchem/qchem-5.0.1/libgen/Atomic_PolEc.C, line 73:

 No atomic polarizability available.


 Q-Chem warning in module /opt/software/qchem/qchem-5.0.1/libgen/Atomic_PolEc.C, line 58:

 No atomic polarizability available.


 Q-Chem warning in module /opt/software/qchem/qchem-5.0.1/libgen/Atomic_PolEc.C, line 73:

 No atomic polarizability available.


 Q-Chem warning in module /opt/software/qchem/qchem-5.0.1/libgen/Atomic_PolEc.C, line 58:

 No atomic polarizability available.


 Q-Chem warning in module /opt/software/qchem/qchem-5.0.1/libgen/Atomic_PolEc.C, line 73:

 No atomic polarizability available.


 Q-Chem warning in module /opt/software/qchem/qchem-5.0.1/libgen/Atomic_PolEc.C, line 58:

 No atomic polarizability available.


 Q-Chem warning in module /opt/software/qchem/qchem-5.0.1/libgen/Atomic_PolEc.C, line 73:

 No atomic polarizability available.


 Q-Chem warning in module /opt/software/qchem/qchem-5.0.1/libgen/Atomic_PolEc.C, line 58:

 No atomic polarizability available.


 Q-Chem warning in module /opt/software/qchem/qchem-5.0.1/libgen/Atomic_PolEc.C, line 73:

 No atomic polarizability available.


 Q-Chem warning in module /opt/software/qchem/qchem-5.0.1/libgen/Atomic_PolEc.C, line 58:

 No atomic polarizability available.


 Q-Chem warning in module /opt/software/qchem/qchem-5.0.1/libgen/Atomic_PolEc.C, line 73:

 No atomic polarizability available.


 Q-Chem warning in module /opt/software/qchem/qchem-5.0.1/libgen/Atomic_PolEc.C, line 58:

 No atomic polarizability available.


 Q-Chem warning in module /opt/software/qchem/qchem-5.0.1/libgen/Atomic_PolEc.C, line 73:

 No atomic polarizability available.


 Q-Chem warning in module /opt/software/qchem/qchem-5.0.1/libgen/Atomic_PolEc.C, line 58:

 No atomic polarizability available.


 Q-Chem warning in module /opt/software/qchem/qchem-5.0.1/libgen/Atomic_PolEc.C, line 73:

 No atomic polarizability available.


 Q-Chem warning in module /opt/software/qchem/qchem-5.0.1/libgen/Atomic_PolEc.C, line 58:

 No atomic polarizability available.


 Q-Chem warning in module /opt/software/qchem/qchem-5.0.1/libgen/Atomic_PolEc.C, line 73:

 No atomic polarizability available.


 Q-Chem warning in module /opt/software/qchem/qchem-5.0.1/libgen/Atomic_PolEc.C, line 58:

 No atomic polarizability available.


 Q-Chem warning in module /opt/software/qchem/qchem-5.0.1/libgen/Atomic_PolEc.C, line 73:

 No atomic polarizability available.


 Q-Chem warning in module /opt/software/qchem/qchem-5.0.1/libgen/Atomic_PolEc.C, line 58:

 No atomic polarizability available.


 Q-Chem warning in module /opt/software/qchem/qchem-5.0.1/libgen/Atomic_PolEc.C, line 73:

 No atomic polarizability available.


 Q-Chem warning in module /opt/software/qchem/qchem-5.0.1/libgen/Atomic_PolEc.C, line 58:

 No atomic polarizability available.


 Q-Chem warning in module /opt/software/qchem/qchem-5.0.1/libgen/Atomic_PolEc.C, line 73:

 No atomic polarizability available.


 Q-Chem warning in module /opt/software/qchem/qchem-5.0.1/libgen/Atomic_PolEc.C, line 58:

 No atomic polarizability available.


 Q-Chem warning in module /opt/software/qchem/qchem-5.0.1/libgen/Atomic_PolEc.C, line 73:

 No atomic polarizability available.

 A restricted hybrid HF-DFT SCF calculation will be
 performed using Pulay DIIS extrapolation
 Exchange:     0.2000 Hartree-Fock + 0.0800 Slater + 0.7200 B88
 Correlation:  0.1900 VWN1RPA + 0.8100 LYP
 Using SG-1 standard quadrature grid
 Dispersion:   Grimme D3
 SCF converges when DIIS error is below 1.0E-08
 using 2 threads for integral computing
 -------------------------------------------------------
 OpenMP Integral computing Module                
 Release: version 1.0, May 2013, Q-Chem Inc. Pittsburgh 
 -------------------------------------------------------
 -------------------------------------------------------
 OpenMP BLAS3 based DFT computing Module                
 Release: version 1.0, May 2013, Q-Chem Inc. Pittsburgh 
 -------------------------------------------------------
 ---------------------------------------
  Cycle       Energy         DIIS Error
 ---------------------------------------
    1    -848.0543222530      1.43E-02
    2    -844.1525959505      1.89E-03
    3    -843.6648742724      3.02E-03
    4    -844.4657913948      7.56E-04
    5    -844.5191449034      1.67E-04
    6    -844.5210371126      8.10E-05
    7    -844.5216073102      1.50E-05
    8    -844.5216245601      5.94E-06
    9    -844.5216277184      1.46E-06
   10    -844.5216278657      7.39E-07
   11    -844.5216279122      2.35E-07
   12    -844.5216279170      6.88E-08
   13    -844.5216279173      2.02E-08
   14    -844.5216279172      5.99E-09 Convergence criterion met
 ---------------------------------------
 SCF time:  CPU 10518.59 s  wall 5280.22 s
 SCF   energy in the final basis set = -844.52162792
 Total energy in the final basis set = -844.52162792
 
 --------------------------------------------------------------
 
                    Orbital Energies (a.u.)
 --------------------------------------------------------------
 
 Alpha MOs
 -- Occupied --
-19.176 -19.174 -19.125 -19.117 -19.116 -10.311 -10.306 -10.243
-10.232 -10.231 -10.230 -10.204 -10.203 -10.178 -10.175 -10.168
-10.136  -1.120  -1.113  -1.061  -1.033  -1.027  -0.832  -0.804
 -0.783  -0.747  -0.730  -0.720  -0.674  -0.644  -0.603  -0.579
 -0.570  -0.561  -0.525  -0.514  -0.507  -0.493  -0.489  -0.479
 -0.475  -0.471  -0.458  -0.442  -0.434  -0.433  -0.414  -0.411
 -0.403  -0.399  -0.395  -0.373  -0.372  -0.364  -0.357  -0.355
 -0.349  -0.345  -0.333  -0.328  -0.320  -0.313  -0.284  -0.272
 -0.270
 -- Virtual --
 -0.021  -0.013  -0.007  -0.001   0.005   0.008   0.012   0.015
  0.020   0.026   0.029   0.035   0.035   0.039   0.041   0.045
  0.046   0.054   0.056   0.058   0.059   0.063   0.066   0.069
  0.071   0.076   0.077   0.078   0.081   0.084   0.086   0.089
  0.093   0.095   0.097   0.098   0.100   0.102   0.107   0.108
  0.111   0.113   0.117   0.117   0.119   0.123   0.124   0.125
  0.128   0.130   0.132   0.134   0.135   0.137   0.141   0.144
  0.146   0.149   0.151   0.151   0.154   0.156   0.158   0.160
  0.162   0.164   0.165   0.165   0.168   0.170   0.171   0.175
  0.177   0.178   0.180   0.183   0.186   0.188   0.189   0.191
  0.193   0.194   0.196   0.198   0.199   0.202   0.202   0.204
  0.208   0.211   0.213   0.216   0.217   0.218   0.222   0.223
  0.228   0.231   0.232   0.235   0.235   0.238   0.239   0.242
  0.245   0.246   0.248   0.252   0.257   0.258   0.260   0.262
  0.263   0.265   0.269   0.272   0.273   0.278   0.279   0.283
  0.284   0.286   0.288   0.293   0.296   0.297   0.300   0.301
  0.305   0.308   0.310   0.311   0.314   0.317   0.318   0.321
  0.323   0.323   0.324   0.330   0.333   0.334   0.338   0.341
  0.343   0.346   0.347   0.351   0.354   0.356   0.359   0.361
  0.363   0.365   0.371   0.374   0.379   0.382   0.385   0.387
  0.389   0.393   0.395   0.396   0.399   0.404   0.407   0.408
  0.411   0.415   0.421   0.422   0.424   0.425   0.428   0.431
  0.435   0.440   0.441   0.445   0.449   0.453   0.457   0.459
  0.463   0.464   0.470   0.472   0.477   0.483   0.484   0.485
  0.489   0.493   0.495   0.497   0.499   0.503   0.507   0.509
  0.514   0.522   0.523   0.525   0.529   0.531   0.533   0.536
  0.543   0.547   0.549   0.553   0.554   0.561   0.564   0.569
  0.576   0.577   0.582   0.584   0.589   0.594   0.597   0.603
  0.605   0.613   0.617   0.621   0.623   0.625   0.627   0.630
  0.633   0.643   0.645   0.651   0.657   0.658   0.663   0.668
  0.671   0.676   0.679   0.686   0.689   0.691   0.697   0.700
  0.704   0.709   0.711   0.718   0.720   0.723   0.724   0.726
  0.730   0.731   0.736   0.736   0.738   0.750   0.753   0.757
  0.761   0.762   0.767   0.771   0.775   0.778   0.781   0.782
  0.790   0.792   0.798   0.806   0.808   0.811   0.813   0.822
  0.823   0.828   0.833   0.839   0.844   0.850   0.854   0.856
  0.862   0.865   0.869   0.875   0.878   0.886   0.886   0.899
  0.899   0.901   0.918   0.922   0.931   0.932   0.936   0.946
  0.948   0.960   0.962   0.975   0.977   0.982   0.987   0.994
  1.000   1.011   1.017   1.029   1.033   1.039   1.047   1.048
  1.054   1.070   1.077   1.088   1.091   1.097   1.100   1.104
  1.113   1.121   1.128   1.135   1.139   1.149   1.154   1.158
  1.162   1.168   1.179   1.186   1.189   1.190   1.206   1.210
  1.214   1.220   1.228   1.234   1.244   1.248   1.251   1.257
  1.262   1.269   1.272   1.275   1.283   1.291   1.302   1.307
  1.309   1.318   1.326   1.333   1.336   1.351   1.359   1.361
  1.370   1.376   1.382   1.389   1.395   1.398   1.403   1.412
  1.414   1.420   1.432   1.439   1.444   1.457   1.462   1.467
  1.471   1.482   1.483   1.487   1.494   1.502   1.507   1.519
  1.524   1.539   1.545   1.549   1.558   1.568   1.572   1.577
  1.582   1.586   1.588   1.595   1.597   1.605   1.607   1.609
  1.619   1.623   1.626   1.632   1.641   1.645   1.652   1.655
  1.658   1.665   1.666   1.670   1.675   1.680   1.691   1.694
  1.705   1.714   1.716   1.722   1.724   1.726   1.732   1.738
  1.745   1.753   1.758   1.762   1.763   1.773   1.781   1.787
  1.788   1.790   1.802   1.803   1.811   1.817   1.821   1.828
  1.842   1.844   1.847   1.853   1.861   1.865   1.871   1.875
  1.878   1.883   1.888   1.890   1.892   1.901   1.911   1.917
  1.917   1.927   1.929   1.933   1.938   1.944   1.950   1.955
  1.960   1.965   1.973   1.980   1.989   1.996   2.000   2.005
  2.006   2.019   2.021   2.033   2.041   2.048   2.050   2.058
  2.064   2.065   2.074   2.081   2.086   2.098   2.102   2.106
  2.113   2.116   2.128   2.131   2.139   2.146   2.152   2.158
  2.161   2.167   2.177   2.186   2.196   2.206   2.212   2.216
  2.222   2.227   2.236   2.244   2.246   2.255   2.262   2.264
  2.268   2.272   2.281   2.286   2.296   2.303   2.314   2.326
  2.328   2.333   2.344   2.350   2.356   2.369   2.370   2.372
  2.390   2.395   2.401   2.409   2.413   2.417   2.427   2.430
  2.435   2.452   2.455   2.458   2.462   2.476   2.484   2.489
  2.494   2.504   2.504   2.516   2.519   2.523   2.529   2.539
  2.544   2.549   2.554   2.558   2.568   2.574   2.586   2.591
  2.597   2.605   2.608   2.609   2.611   2.623   2.629   2.633
  2.635   2.645   2.651   2.654   2.658   2.664   2.667   2.673
  2.678   2.682   2.685   2.697   2.708   2.722   2.726   2.733
  2.737   2.744   2.749   2.753   2.758   2.763   2.770   2.777
  2.785   2.794   2.801   2.809   2.819   2.827   2.834   2.843
  2.844   2.854   2.861   2.870   2.874   2.883   2.886   2.897
  2.899   2.905   2.913   2.930   2.938   2.949   2.961   2.964
  2.976   2.978   2.991   2.997   2.999   3.002   3.020   3.028
  3.036   3.040   3.062   3.064   3.073   3.080   3.087   3.092
  3.097   3.110   3.114   3.116   3.126   3.136   3.150   3.153
  3.161   3.166   3.171   3.184   3.191   3.199   3.206   3.211
  3.218   3.222   3.225   3.232   3.248   3.253   3.264   3.273
  3.282   3.292   3.299   3.303   3.310   3.313   3.328   3.332
  3.335   3.340   3.353   3.363   3.369   3.372   3.383   3.391
  3.397   3.408   3.414   3.421   3.434   3.440   3.448   3.461
  3.481   3.492   3.492   3.519   3.528   3.530   3.542   3.553
  3.559   3.579   3.585   3.592   3.597   3.606   3.621   3.627
  3.635   3.646   3.651   3.678   3.715   3.722   3.732   3.743
  3.755   3.769   3.780   3.786   3.800   3.805   3.824   3.835
  3.838   3.849   3.855   3.861   3.864   3.869   3.892   3.899
  3.920   3.928   3.937   3.944   3.957   3.970   3.985   4.011
  4.027   4.033   4.045   4.054   4.066   4.084   4.090   4.103
  4.113   4.128   4.141   4.153   4.192   4.202   4.222   4.241
  4.244   4.268   4.285   4.314   4.318   4.336   4.346   4.378
  4.410   4.543   4.574   4.599   4.641   4.657   4.681   4.693
  4.760   4.814   4.840   4.850   4.855   4.864   4.878   4.900
  4.914   4.932   4.942   4.951   4.959   4.975   4.988   5.000
  5.006   5.020   5.038   5.057   5.081   5.099   5.122   5.140
  5.147   5.186   5.193   5.249   5.282   5.295   5.305   5.311
  5.332   5.369   5.419   5.425   5.471   5.541   5.552   5.574
  5.603   5.618   5.692   5.703   5.709   5.718   5.757   5.785
  5.880   6.003   6.128   6.147   6.525   7.473   7.484   7.519
  7.544   7.622   7.673   7.705   7.754   7.791   7.811   7.821
  7.849   7.905   7.909   7.920   7.949   7.966   7.979   7.991
  8.000   8.017   8.044   8.053   8.100   8.125   8.150   8.217
  8.275   8.316   8.337   8.366   8.505   8.566   8.593   8.702
  8.942   9.933   9.961   9.997  10.008  10.040  10.069  10.088
 10.123  10.138  10.199  10.221  10.388  13.661  13.705  13.724
 13.763  13.812  13.912  13.916  14.013  14.130  14.192  14.246
 14.327  14.385  14.402  14.437  18.641  18.775  18.795  18.843
 18.950  23.906  23.977  24.009  24.022  24.032  24.068  24.093
 24.138  24.169  24.201  24.298  24.335  50.024  50.051  50.080
 50.136  50.225  69.841  69.850  69.921  69.944  69.956  69.978
 69.979  69.992  70.042  70.071  70.088  70.251 139.757 139.779
139.787 139.832 139.857
 --------------------------------------------------------------
 
          Ground-State Mulliken Net Atomic Charges

     Atom                 Charge (a.u.)
  ----------------------------------------
      1 C                    -0.407173
      2 C                    -1.209686
      3 C                    -0.203084
      4 C                    -0.580321
      5 O                     0.057199
      6 O                     0.057225
      7 O                     0.304945
      8 O                     0.065329
      9 C                    -0.093360
     10 C                    -0.245120
     11 C                    -0.248211
     12 C                     0.154806
     13 C                    -0.005331
     14 C                    -0.171356
     15 O                     0.180153
     16 H                     0.222855
     17 H                     0.297283
     18 H                     0.211432
     19 H                     0.211681
     20 H                     0.234139
     21 H                     0.176141
     22 H                     0.227920
     23 H                     0.088096
     24 H                     0.183639
     25 H                     0.182500
     26 H                     0.195732
     27 H                     0.224178
     28 C                    -0.566502
     29 C                    -0.594809
     30 H                     0.203217
     31 H                     0.119673
     32 H                     0.197387
     33 H                     0.156058
     34 H                     0.111397
     35 H                     0.211527
     36 GH                    0.067585
     37 GH                    0.150665
     38 GH                    0.122636
     39 GH                    0.053113
     40 GH                   -0.012919
     41 GH                   -0.095073
     42 GH                    0.342982
     43 GH                   -0.020638
     44 GH                    0.204869
     45 GH                   -0.014587
     46 GH                   -0.092408
     47 GH                    0.040412
     48 GH                   -0.000753
     49 GH                   -0.397212
     50 GH                   -0.515773
     51 GH                    0.007654
     52 GH                    0.008055
     53 GH                    0.016969
     54 GH                    0.002520
     55 GH                   -0.009729
     56 GH                    0.000032
     57 GH                   -0.006668
     58 GH                   -0.000478
     59 GH                   -0.279281
     60 GH                    0.057163
     61 GH                    0.001955
     62 GH                   -0.052833
     63 GH                    0.011848
     64 GH                    0.122808
     65 GH                    0.050774
     66 GH                   -0.009995
     67 GH                    0.106707
     68 GH                    0.025101
     69 GH                   -0.001394
     70 GH                    0.166335
  ----------------------------------------
  Sum of atomic charges =     0.000000

 -----------------------------------------------------------------
                    Cartesian Multipole Moments
 -----------------------------------------------------------------
    Charge (ESU x 10^10)
                 0.0000
    Dipole Moment (Debye)
         X      -0.3164      Y       0.5024      Z       0.9387
       Tot       1.1107
    Quadrupole Moments (Debye-Ang)
        XX     -89.1619     XY       1.8244     YY    -103.5458
        XZ       3.4280     YZ      10.7354     ZZ    -108.1526
    Octopole Moments (Debye-Ang^2)
       XXX     -86.8794    XXY     -11.3435    XYY     -15.0999
       YYY      -9.9336    XXZ       1.4914    XYZ     -13.4340
       YYZ     -20.1681    XZZ     -16.1475    YZZ       0.9163
       ZZZ     -16.6995
    Hexadecapole Moments (Debye-Ang^3)
      XXXX   -2205.9550   XXXY     -78.2369   XXYY    -654.5157
      XYYY     -57.9888   YYYY   -1694.8897   XXXZ     -23.2029
      XXYZ      47.3134   XYYZ      12.5374   YYYZ     168.3602
      XXZZ    -502.8075   XYZZ     -15.5186   YYZZ    -408.8289
      XZZZ      29.1727   YZZZ     115.1212   ZZZZ    -617.8153
 -----------------------------------------------------------------
Archival summary:
1\1\vega03.cac.cornell.edu\SP\ProcedureUnspecified\BasisUnspecified\51218h35\jj585\MonApr212:03:192018MonApr212:03:192018\0\\#,ProcedureUnspecified,BasisUnspecified,\\0,1\O\C,1,1.43358\C,1,1.43646,2,98.0224\C,3,1.51218,1,111.091,2,-178.393,0\H,4,1.09134,3,111.033,1,-57.0184,0\H,4,1.09192,3,109.775,1,62.6469,0\H,4,1.09264,3,110.458,1,-177.522,0\C,2,1.513,1,109.807,3,-177.944,0\H,8,1.07,2,109.471,1,-64.7983,0\H,8,1.07,2,109.471,1,55.2018,0\H,8,1.07,2,109.471,1,175.202,0\C,2,1.54115,1,102.483,3,57.1986,0\H,12,1.09096,2,110.128,1,81.1589,0\H,12,1.09186,2,112.95,1,-157.962,0\Gh,14,1.35646,12,109.397,2,-46.6349,0\Gh,15,1.07,14,94.8622,12,116.805,0\Gh,16,1.07,15,109.471,14,-106.798,0\Gh,16,1.07,15,109.471,14,133.202,0\H,17,1.36488,16,88.7171,15,112.163,0\C,19,1.09374,17,96.784,16,-133.389,0\Gh,16,1.513,15,109.471,14,13.2023,0\Gh,21,1.43358,16,109.807,15,-64.7983,0\Gh,22,1.43646,21,98.0224,16,-177.944,0\Gh,23,1.51218,22,111.091,21,-178.393,0\Gh,24,1.09134,23,111.033,22,-57.0184,0\Gh,24,1.09192,23,109.775,22,62.6469,0\Gh,24,1.09264,23,110.458,22,-177.522,0\H,26,1.33917,24,87.8145,23,-13.7835,0\C,28,1.09187,26,104.478,24,-123.836,0\H,29,1.09132,28,107.862,26,-63.3474,0\H,25,1.38489,24,91.0141,23,4.90935,0\C,31,1.08851,25,102.076,24,128.604,0\C,32,1.51456,31,105.218,25,71.552,0\O,33,1.20804,32,123.816,31,-13.3842,0\Gh,34,0.897417,33,128.737,32,108.648,0\Gh,35,1.09127,34,103.917,33,-19.3707,0\Gh,36,1.08763,35,110.585,34,67.399,0\Gh,36,1.09122,35,109.073,34,-170.34,0\O,33,1.34543,32,112.521,31,169.467,0\Gh,36,1.43759,35,110.468,34,-48.8363,0\Gh,40,1.34543,36,116.484,35,-63.158,0\Gh,41,1.20804,40,123.598,36,1.88648,0\C,39,1.43759,33,116.484,32,179.042,0\H,43,1.08763,39,105.353,33,177.393,0\H,43,1.09122,39,110.39,33,57.5626,0\H,43,1.09127,39,110.468,33,-63.158,0\Gh,41,1.51456,40,112.521,36,179.042,0\Gh,47,1.08851,41,105.218,40,169.467,0\C,20,1.51731,19,105.237,17,-63.1213,0\O,49,1.20407,20,125.979,19,112.562,0\O,49,1.35176,20,110.223,19,-63.8664,0\C,51,1.43854,49,116.158,20,-178.482,0\H,52,1.08777,51,105.482,49,177.492,0\H,52,1.09107,51,110.6,49,-62.8398,0\H,52,1.09137,51,110.239,49,57.9539,0\Gh,53,1.42538,52,102.757,51,55.6321,0\Gh,56,1.09137,53,170.663,52,148.943,0\Gh,57,1.08777,56,110.698,53,32.5388,0\Gh,57,1.09107,56,109.142,53,-89.4752,0\Gh,57,1.43854,56,110.239,53,148.862,0\Gh,60,1.35176,57,116.158,56,57.9539,0\Gh,61,1.20407,60,123.697,57,4.99197,0\Gh,61,1.51731,60,110.223,57,-178.482,0\Gh,63,1.09374,61,105.237,60,-63.8664,0\Gh,21,1.54115,16,116.857,15,51.2997,0\Gh,65,1.09096,21,110.128,16,-38.916,0\Gh,65,1.09186,21,112.95,16,81.963,0\Gh,23,1.55466,22,102.371,21,-54.4128,0\Gh,68,1.09132,23,109.614,22,-87.4148,0\Gh,68,1.09187,23,112.355,22,152.676,0\\\@

 Total job time:  5284.48s(wall), 10523.39s(cpu) 
 Mon Apr  2 12:03:19 2018

        *************************************************************
        *                                                           *
        *  Thank you very much for using Q-Chem.  Have a nice day.  *
        *                                                           *
        *************************************************************


0 sent ACK to 0 
now end server 0 ... 
