mFile = /opt/software/qchem/qchem-5.0.1//bin/mpi/machines
Process 0 of 1 is on vega03.cac.cornell.edu - thread support 0
initial socket setup ...start
initial socket setup ...done 
now start server 0 ... 
vega03 10.84.3
Q-Chem Developer Version! Running on 10.84.3.*
                  Welcome to Q-Chem
     A Quantum Leap Into The Future Of Chemistry


 Q-Chem 5.0, Q-Chem, Inc., Pleasanton, CA (2017)

 Yihan Shao,  Zhengting Gan,  E. Epifanovsky,  A. T. B. Gilbert,  M. Wormit,  
 J. Kussmann,  A. W. Lange,  A. Behn,  Jia Deng,  Xintian Feng,  D. Ghosh,  
 M. Goldey,  P. R. Horn,  L. D. Jacobson,  I. Kaliman,  T. Kus,  A. Landau,  
 Jie Liu,  E. I. Proynov,  R. M. Richard,  R. P. Steele,  E. J. Sundstrom,  
 H. L. Woodcock III,  P. M. Zimmerman,  D. Zuev,  B. Albrecht,  E. Alguire,  
 S. A. Baeppler,  Z. Benda,  Y. A. Bernard,  E. J. Berquist,  K. B. Bravaya,  
 D. Casanova,  Chun-Min Chang,  Yunqing Chen,  A. Chien,  K. D. Closser,  
 M. P. Coons,  S. Dasgupta,  M. Diedenhofen,  Hainam Do,  R. G. Edgar,  
 Po-Tung Fang,  S. Fatehi,  Qingguo Feng,  Qinghui Ge,  A. Ghysels,  
 J. Gomes,  J. Gonthier,  A. Gunina,  M. W. D. Hanson-Heine,  
 P. H. P. Harbach,  A. W. Hauser,  J. E. Herr,  E. G. Hohenstein,  
 Z. C. Holden,  Kerwin Hui,  T.-C. Jagau,  Hyunjun Ji,  B. Kaduk,  
 K. Khistyaev,  Jaehoon Kim,  P. Klunzinger,  K. Koh,  D. Kosenkov,  
 T. Kowalczyk,  C. M. Krauter,  A. Kunitsa,  Ka Un Lao,  A. Laurent,  
 K. V. Lawler,  Joonho Lee,  D. Lefrancois,  S. Lehtola,  D. S. Levine,  
 Yi-Pei Li,  You-Sheng Lin,  Fenglai Liu,  E. Livshits,  A. Luenser,  
 P. Manohar,  E. Mansoor,  S. F. Manzer,  Shan-Ping Mao,  Yuezhi Mao,  
 N. Mardirossian,  A. V. Marenich,  L. A. Martinez-Martinez,  S. A. Maurer,  
 N. J. Mayhall,  S. C. McKenzie,  J.-M. Mewes,  A. F. Morrison,  K. Nanda,  
 T. S. Nguyen-Beck,  R. Olivares-Amaya,  J. A. Parkhill,  T. M. Perrine,  
 F. Plasser,  S. Prager,  A. Prociuk,  D. R. Rehn,  F. Rob,  M. Schneider,  
 N. Sergueev,  S. M. Sharada,  S. Sharma,  D. W. Small,  T. Stauch,  
 T. Stein,  Yu-Chuan Su,  A. J. W. Thom,  T. Tsuchimochi,  L. Vogt,  
 O. Vydrov,  M. A. Watson,  J. Wenzel,  M. de Wergifosse,  T. A. Wesolowski,  
 A. White,  J. Witte,  A. Yamada,  Jun Yang,  K. Yao,  S. Yeganeh,  
 S. R. Yost,  Zhi-Qiang You,  A. Zech,  Igor Ying Zhang,  Xing Zhang,  
 Yan Zhao,  Ying Zhu,  B. R. Brooks,  G. K. L. Chan,  C. J. Cramer,  
 M. S. Gordon,  W. J. Hehre,  A. Klamt,  M. W. Schmidt,  C. D. Sherrill,  
 D. G. Truhlar,  A. Aspuru-Guzik,  R. Baer,  A. T. Bell,  N. A. Besley,  
 Jeng-Da Chai,  A. Dreuw,  B. D. Dunietz,  T. R. Furlani,  Chao-Ping Hsu,  
 Yousung Jung,  Jing Kong,  D. S. Lambrecht,  WanZhen Liang,  C. Ochsenfeld,  
 V. A. Rassolov,  L. V. Slipchenko,  J. E. Subotnik,  T. Van Voorhis,  
 J. M. Herbert,  A. I. Krylov,  P. M. W. Gill,  M. Head-Gordon

 Contributors to earlier versions of Q-Chem not listed above: 
 R. D. Adamson,  B. Austin,  J. Baker,  G. J. O. Beran,  K. Brandhorst,  
 S. T. Brown,  E. F. C. Byrd,  A. K. Chakraborty,  C.-L. Cheng,  
 Siu Hung Chien,  D. M. Chipman,  D. L. Crittenden,  H. Dachsel,  
 R. A. DiStasio Jr.,  R. J. Doerksen,  A. D. Dutoi,  L. Fusti-Molnar,  
 W. A. Goddard III,  A. Golubeva-Zadorozhnaya,  S. R. Gwaltney,  G. Hawkins,  
 A. Heyden,  S. Hirata,  G. Kedziora,  F. J. Keil,  C. Kelley,  Jihan Kim,  
 R. A. King,  R. Z. Khaliullin,  P. P. Korambath,  W. Kurlancheek,  
 A. M. Lee,  M. S. Lee,  S. V. Levchenko,  Ching Yeh Lin,  D. Liotard,  
 R. C. Lochan,  I. Lotan,  P. E. Maslen,  N. Nair,  D. P. O'Neill,  
 D. Neuhauser,  E. Neuscamman,  C. M. Oana,  R. Olson,  B. Peters,  
 R. Peverati,  P. A. Pieniazek,  Y. M. Rhee,  J. Ritchie,  M. A. Rohrdanz,  
 E. Rosta,  N. J. Russ,  H. F. Schaefer III,  N. E. Schultz,  N. Shenvi,  
 A. C. Simmonett,  A. Sodt,  D. Stuck,  K. S. Thanthiriwatte,  V. Vanovschi,  
 Tao Wang,  A. Warshel,  C. F. Williams,  Q. Wu,  X. Xu,  W. Zhang

 Please cite Q-Chem as follows:
 Y. Shao et al., Mol. Phys. 113, 184-215 (2015)
 DOI: 10.1080/00268976.2014.952696

 Q-Chem 5.0.1 for Intel X86 EM64T Linux

 Parts of Q-Chem use Armadillo 5.200.1 (Boston Tea Smuggler).
 http://arma.sourceforge.net/

 Q-Chem begins on Mon Apr 16 23:04:24 2018  

Host: vega03.cac.cornell.edu
0

     Scratch files written to /scratch/jj585/vdw/0000_distance_5.300_10.save//
 Parallel job on  1  processors

Checking the input file for inconsistencies... 	...done.

--------------------------------------------------------------
User input:
--------------------------------------------------------------
$molecule
0  1
C        +0.22270000        +1.04488000        +0.58595000
C        +0.62626000        -0.41353000        +0.99871000
C        +1.33008000        +1.39974000        -0.43491000
C        +2.63070000        +1.71700000        +0.32855000
C        +3.04336000        +0.29351000        +0.80300000
C        +1.94423000        -0.59299000        +0.15262000
O        +1.62840000        +0.13663000        -1.04376000
H        +3.37234000        +2.13782000        -0.35195000
H        +2.48236000        +2.42488000        +1.14651000
H        +4.02182000        +0.00994000        +0.41161000
H        +3.07359000        +0.18738000        +1.88928000
H        +1.03270000        +2.19943000        -1.08064000
H        +2.24339000        -1.61496000        +0.04786000
H        +0.81693000        -0.48905000        +2.04887000
H        -0.12524000        -1.15356000        +0.81843000
H        -0.74673000        +1.06811000        +0.13365000
H        +0.15552000        +1.72617000        +1.40828000
@C        +3.81211000        +3.13449000        +3.87831000
@C        +4.21567000        +1.67608000        +4.29107000
@C        +4.91949000        +3.48935000        +2.85745000
@C        +6.22011000        +3.80661000        +3.62091000
@C        +6.63277000        +2.38312000        +4.09536000
@C        +5.53364000        +1.49662000        +3.44498000
@O        +5.21781000        +2.22624000        +2.24860000
@H        +6.96175000        +4.22743000        +2.94041000
@H        +6.07177000        +4.51449000        +4.43887000
@H        +7.61123000        +2.09955000        +3.70397000
@H        +6.66300000        +2.27699000        +5.18164000
@H        +4.62211000        +4.28904000        +2.21172000
@H        +5.83280000        +0.47465000        +3.34022000
@H        +4.40634000        +1.60056000        +5.34123000
@H        +3.46417000        +0.93605000        +4.11079000
@H        +2.84268000        +3.15772000        +3.42601000
@H        +3.74493000        +3.81578000        +4.70064000
$end

$rem
JOBTYPE                   SP
METHOD                    B3LYP
DFT_D                     d3_op
BASIS                     6-311++G(d,p)
SYMMETRY                  False
THRESH                    12
SCF_CONVERGENCE           8
MAX_SUB_FILE_NUM          128
MEM_STATIC                400
MEM_TOTAL                 4000
$end
--------------------------------------------------------------
 Adding empirical dispersion correction 
 ----------------------------------------------------------------
 Doing -D3(op) with
 s6 =   1.00000
 s8 =   0.78311
 a1 =   0.30000
 a2 =   4.25000
 n  =  10.00000
 -D3 energy without 3body term =     -0.0133866839 hartrees
 ----------------------------------------------------------------
             Standard Nuclear Orientation (Angstroms)
    I     Atom           X                Y                Z
 ----------------------------------------------------------------
    1      C       0.2227000000     1.0448800000     0.5859500000
    2      C       0.6262600000    -0.4135300000     0.9987100000
    3      C       1.3300800000     1.3997400000    -0.4349100000
    4      C       2.6307000000     1.7170000000     0.3285500000
    5      C       3.0433600000     0.2935100000     0.8030000000
    6      C       1.9442300000    -0.5929900000     0.1526200000
    7      O       1.6284000000     0.1366300000    -1.0437600000
    8      H       3.3723400000     2.1378200000    -0.3519500000
    9      H       2.4823600000     2.4248800000     1.1465100000
   10      H       4.0218200000     0.0099400000     0.4116100000
   11      H       3.0735900000     0.1873800000     1.8892800000
   12      H       1.0327000000     2.1994300000    -1.0806400000
   13      H       2.2433900000    -1.6149600000     0.0478600000
   14      H       0.8169300000    -0.4890500000     2.0488700000
   15      H      -0.1252400000    -1.1535600000     0.8184300000
   16      H      -0.7467300000     1.0681100000     0.1336500000
   17      H       0.1555200000     1.7261700000     1.4082800000
   18      GH      3.8121100000     3.1344900000     3.8783100000
   19      GH      4.2156700000     1.6760800000     4.2910700000
   20      GH      4.9194900000     3.4893500000     2.8574500000
   21      GH      6.2201100000     3.8066100000     3.6209100000
   22      GH      6.6327700000     2.3831200000     4.0953600000
   23      GH      5.5336400000     1.4966200000     3.4449800000
   24      GH      5.2178100000     2.2262400000     2.2486000000
   25      GH      6.9617500000     4.2274300000     2.9404100000
   26      GH      6.0717700000     4.5144900000     4.4388700000
   27      GH      7.6112300000     2.0995500000     3.7039700000
   28      GH      6.6630000000     2.2769900000     5.1816400000
   29      GH      4.6221100000     4.2890400000     2.2117200000
   30      GH      5.8328000000     0.4746500000     3.3402200000
   31      GH      4.4063400000     1.6005600000     5.3412300000
   32      GH      3.4641700000     0.9360500000     4.1107900000
   33      GH      2.8426800000     3.1577200000     3.4260100000
   34      GH      3.7449300000     3.8157800000     4.7006400000
 ----------------------------------------------------------------
 Nuclear Repulsion Energy =   331.2533536408 hartrees
 There are       27 alpha and       27 beta electrons
 Requested basis set is 6-311++G(d,p)
 There are 184 shells and 448 basis functions

 Total QAlloc Memory Limit   4000 MB
 Mega-Array Size       392 MB
 MEM_STATIC part       400 MB
 A cutoff of  1.0D-12 yielded  14195 shell pairs
 There are     82993 function pairs (     87761 Cartesian)
 
 -------------------------------------------------------
 OpenMP Integral Computing Module                       
 Release: version 1.0, May 2013, Q-Chem Inc. Pittsburgh 
 -------------------------------------------------------
 Integral Job Info:
 Integral job number is                      11
 Integral operator is                         1
 short-range coefficients                     0
 long-range coefficients              100000000
 Omega coefficients                           0
 if combine SR and LR in K                    0
 Integral screening is                        0
 Integral computing path is                   2
 max size of driver memory is            800000
 size of driver memory is                593474
 size of scratch memory is              2361544
 max col of scratch BK array               1296
 max len of scratch array in speh3          155
 max len of scratch index in speh4           18
 max int batch size is                      520
 min int batch size is                       52
 fixed nKL is                                52
 max L of basis functions is                  2
 order of int derivative is                   0
 number of shells is                        184
 number of basis is                         462
 number of cartesian basis is               462
 number of contracted shell pairs         14195
 number of primitive shell pairs          30695
 maxK2 (contraction) of shell pair           36
 max number of K2 of shell pair               1
 max number of CS2 of shell pair           2587
 max number of PS2 of shell pair           4440
 mem total for path MDJ                  118410
 -------------------------------------------------------
 Smallest overlap matrix eigenvalue = 1.47E-06

 Scale SEOQF with 1.000000e-02/1.000000e-01/1.000000e-02

 Standard Electronic Orientation quadrupole field applied
 Nucleus-field energy     =     0.0000000049 hartrees
 Guess from superposition of atomic densities
 Warning:  Energy on first SCF cycle will be non-variational

 Q-Chem warning in module /opt/software/qchem/qchem-5.0.1/libgen/Atomic_PolEc.C, line 58:

 No atomic polarizability available.


 Q-Chem warning in module /opt/software/qchem/qchem-5.0.1/libgen/Atomic_PolEc.C, line 73:

 No atomic polarizability available.


 Q-Chem warning in module /opt/software/qchem/qchem-5.0.1/libgen/Atomic_PolEc.C, line 58:

 No atomic polarizability available.


 Q-Chem warning in module /opt/software/qchem/qchem-5.0.1/libgen/Atomic_PolEc.C, line 73:

 No atomic polarizability available.


 Q-Chem warning in module /opt/software/qchem/qchem-5.0.1/libgen/Atomic_PolEc.C, line 58:

 No atomic polarizability available.


 Q-Chem warning in module /opt/software/qchem/qchem-5.0.1/libgen/Atomic_PolEc.C, line 73:

 No atomic polarizability available.


 Q-Chem warning in module /opt/software/qchem/qchem-5.0.1/libgen/Atomic_PolEc.C, line 58:

 No atomic polarizability available.


 Q-Chem warning in module /opt/software/qchem/qchem-5.0.1/libgen/Atomic_PolEc.C, line 73:

 No atomic polarizability available.


 Q-Chem warning in module /opt/software/qchem/qchem-5.0.1/libgen/Atomic_PolEc.C, line 58:

 No atomic polarizability available.


 Q-Chem warning in module /opt/software/qchem/qchem-5.0.1/libgen/Atomic_PolEc.C, line 73:

 No atomic polarizability available.


 Q-Chem warning in module /opt/software/qchem/qchem-5.0.1/libgen/Atomic_PolEc.C, line 58:

 No atomic polarizability available.


 Q-Chem warning in module /opt/software/qchem/qchem-5.0.1/libgen/Atomic_PolEc.C, line 73:

 No atomic polarizability available.


 Q-Chem warning in module /opt/software/qchem/qchem-5.0.1/libgen/Atomic_PolEc.C, line 58:

 No atomic polarizability available.


 Q-Chem warning in module /opt/software/qchem/qchem-5.0.1/libgen/Atomic_PolEc.C, line 73:

 No atomic polarizability available.


 Q-Chem warning in module /opt/software/qchem/qchem-5.0.1/libgen/Atomic_PolEc.C, line 58:

 No atomic polarizability available.


 Q-Chem warning in module /opt/software/qchem/qchem-5.0.1/libgen/Atomic_PolEc.C, line 73:

 No atomic polarizability available.


 Q-Chem warning in module /opt/software/qchem/qchem-5.0.1/libgen/Atomic_PolEc.C, line 58:

 No atomic polarizability available.


 Q-Chem warning in module /opt/software/qchem/qchem-5.0.1/libgen/Atomic_PolEc.C, line 73:

 No atomic polarizability available.


 Q-Chem warning in module /opt/software/qchem/qchem-5.0.1/libgen/Atomic_PolEc.C, line 58:

 No atomic polarizability available.


 Q-Chem warning in module /opt/software/qchem/qchem-5.0.1/libgen/Atomic_PolEc.C, line 73:

 No atomic polarizability available.


 Q-Chem warning in module /opt/software/qchem/qchem-5.0.1/libgen/Atomic_PolEc.C, line 58:

 No atomic polarizability available.


 Q-Chem warning in module /opt/software/qchem/qchem-5.0.1/libgen/Atomic_PolEc.C, line 73:

 No atomic polarizability available.


 Q-Chem warning in module /opt/software/qchem/qchem-5.0.1/libgen/Atomic_PolEc.C, line 58:

 No atomic polarizability available.


 Q-Chem warning in module /opt/software/qchem/qchem-5.0.1/libgen/Atomic_PolEc.C, line 73:

 No atomic polarizability available.


 Q-Chem warning in module /opt/software/qchem/qchem-5.0.1/libgen/Atomic_PolEc.C, line 58:

 No atomic polarizability available.


 Q-Chem warning in module /opt/software/qchem/qchem-5.0.1/libgen/Atomic_PolEc.C, line 73:

 No atomic polarizability available.


 Q-Chem warning in module /opt/software/qchem/qchem-5.0.1/libgen/Atomic_PolEc.C, line 58:

 No atomic polarizability available.


 Q-Chem warning in module /opt/software/qchem/qchem-5.0.1/libgen/Atomic_PolEc.C, line 73:

 No atomic polarizability available.


 Q-Chem warning in module /opt/software/qchem/qchem-5.0.1/libgen/Atomic_PolEc.C, line 58:

 No atomic polarizability available.


 Q-Chem warning in module /opt/software/qchem/qchem-5.0.1/libgen/Atomic_PolEc.C, line 73:

 No atomic polarizability available.


 Q-Chem warning in module /opt/software/qchem/qchem-5.0.1/libgen/Atomic_PolEc.C, line 58:

 No atomic polarizability available.


 Q-Chem warning in module /opt/software/qchem/qchem-5.0.1/libgen/Atomic_PolEc.C, line 73:

 No atomic polarizability available.


 Q-Chem warning in module /opt/software/qchem/qchem-5.0.1/libgen/Atomic_PolEc.C, line 58:

 No atomic polarizability available.


 Q-Chem warning in module /opt/software/qchem/qchem-5.0.1/libgen/Atomic_PolEc.C, line 73:

 No atomic polarizability available.

 A restricted hybrid HF-DFT SCF calculation will be
 performed using Pulay DIIS extrapolation
 Exchange:     0.2000 Hartree-Fock + 0.0800 Slater + 0.7200 B88
 Correlation:  0.1900 VWN1RPA + 0.8100 LYP
 Using SG-1 standard quadrature grid
 Dispersion:   Grimme D3
 SCF converges when DIIS error is below 1.0E-08
 using 4 threads for integral computing
 -------------------------------------------------------
 OpenMP Integral computing Module                
 Release: version 1.0, May 2013, Q-Chem Inc. Pittsburgh 
 -------------------------------------------------------
 -------------------------------------------------------
 OpenMP BLAS3 based DFT computing Module                
 Release: version 1.0, May 2013, Q-Chem Inc. Pittsburgh 
 -------------------------------------------------------
 ---------------------------------------
  Cycle       Energy         DIIS Error
 ---------------------------------------
    1    -311.4034778063      2.06E-02
    2    -309.8166246375      2.37E-03
    3    -309.7370138299      3.02E-03
    4    -309.9570281215      3.72E-04
    5    -309.9591645382      1.65E-04
    6    -309.9596482706      4.79E-05
    7    -309.9596872481      1.34E-05
    8    -309.9596910772      1.58E-06
    9    -309.9596911383      3.99E-07
   10    -309.9596911424      7.39E-08
   11    -309.9596911425      2.73E-08
   12    -309.9596911426      6.25E-09 Convergence criterion met
 ---------------------------------------
 SCF time:  CPU 495.07 s  wall 124.17 s
 SCF   energy in the final basis set = -309.95969114
 Total energy in the final basis set = -309.95969114
 
 --------------------------------------------------------------
 
                    Orbital Energies (a.u.)
 --------------------------------------------------------------
 
 Alpha MOs
 -- Occupied --
-19.123 -10.221 -10.218 -10.168 -10.167 -10.165 -10.163  -1.050
 -0.798  -0.749  -0.747  -0.614  -0.578  -0.574  -0.527  -0.478
 -0.465  -0.431  -0.406  -0.395  -0.364  -0.360  -0.351  -0.339
 -0.317  -0.304  -0.264
 -- Virtual --
 -0.011   0.006   0.008   0.011   0.026   0.028   0.032   0.035
  0.041   0.047   0.051   0.052   0.061   0.070   0.072   0.076
  0.078   0.079   0.088   0.093   0.098   0.102   0.105   0.109
  0.111   0.115   0.117   0.120   0.120   0.128   0.133   0.135
  0.142   0.143   0.145   0.147   0.153   0.154   0.157   0.159
  0.161   0.166   0.167   0.171   0.176   0.178   0.182   0.184
  0.186   0.192   0.194   0.197   0.200   0.202   0.209   0.213
  0.214   0.221   0.223   0.229   0.230   0.235   0.244   0.245
  0.247   0.254   0.258   0.263   0.265   0.268   0.277   0.282
  0.286   0.289   0.295   0.299   0.315   0.320   0.322   0.325
  0.327   0.330   0.346   0.356   0.360   0.362   0.364   0.375
  0.376   0.384   0.388   0.396   0.397   0.401   0.407   0.416
  0.421   0.427   0.430   0.434   0.439   0.451   0.461   0.463
  0.475   0.481   0.496   0.500   0.515   0.520   0.532   0.542
  0.554   0.555   0.563   0.570   0.572   0.581   0.588   0.620
  0.633   0.637   0.640   0.643   0.649   0.658   0.666   0.669
  0.680   0.691   0.697   0.703   0.718   0.726   0.733   0.737
  0.744   0.748   0.758   0.765   0.768   0.780   0.782   0.784
  0.786   0.792   0.798   0.814   0.818   0.832   0.843   0.859
  0.884   0.891   0.907   0.919   0.926   0.935   0.943   0.964
  0.994   1.024   1.053   1.072   1.078   1.101   1.103   1.130
  1.146   1.160   1.172   1.189   1.195   1.201   1.207   1.227
  1.231   1.235   1.246   1.257   1.311   1.333   1.355   1.414
  1.415   1.437   1.450   1.463   1.472   1.488   1.499   1.516
  1.526   1.541   1.548   1.565   1.569   1.582   1.595   1.599
  1.628   1.633   1.640   1.651   1.671   1.677   1.685   1.691
  1.704   1.731   1.733   1.735   1.744   1.748   1.758   1.767
  1.772   1.788   1.807   1.815   1.829   1.846   1.853   1.863
  1.871   1.882   1.886   1.891   1.901   1.909   1.915   1.917
  1.925   1.940   1.943   1.948   1.958   1.981   1.992   2.016
  2.018   2.022   2.032   2.047   2.064   2.115   2.136   2.145
  2.152   2.164   2.174   2.179   2.205   2.224   2.240   2.255
  2.258   2.263   2.317   2.319   2.332   2.339   2.352   2.385
  2.406   2.427   2.434   2.449   2.453   2.454   2.463   2.472
  2.475   2.485   2.493   2.511   2.513   2.531   2.535   2.552
  2.562   2.585   2.600   2.616   2.631   2.639   2.655   2.708
  2.724   2.727   2.732   2.760   2.765   2.778   2.779   2.785
  2.796   2.820   2.833   2.844   2.858   2.869   2.878   2.899
  2.905   2.916   2.933   2.943   2.967   2.977   3.016   3.034
  3.041   3.044   3.071   3.098   3.108   3.112   3.142   3.163
  3.173   3.189   3.211   3.232   3.268   3.282   3.291   3.297
  3.319   3.375   3.380   3.405   3.459   3.518   3.524   3.566
  3.574   3.583   3.619   3.643   3.683   3.690   3.706   3.766
  3.776   3.795   3.804   3.863   3.906   3.936   3.959   3.974
  4.009   4.013   4.083   4.097   4.141   4.184   4.214   4.365
  4.479   4.559   4.622   4.744   4.781   4.824   4.846   4.856
  4.875   4.888   4.980   5.076   5.091   5.152   5.165   5.319
  5.482   5.635   5.685   7.314   7.365   7.498   7.515   7.577
  7.585   7.600   7.702   7.909   7.934   7.980   8.029   8.152
  8.266   8.373   8.395   8.655   8.709   9.891   9.914   9.992
 10.028  10.033  10.119  13.631  13.918  14.013  18.545  23.837
 23.855  23.949  23.992  24.004  24.062  49.947  69.800  69.858
 69.914  69.928  70.002  70.065 139.772
 --------------------------------------------------------------
 
          Ground-State Mulliken Net Atomic Charges

     Atom                 Charge (a.u.)
  ----------------------------------------
      1 C                    -0.452536
      2 C                    -0.433432
      3 C                     0.040529
      4 C                    -0.330070
      5 C                    -0.273411
      6 C                     0.009411
      7 O                    -0.131270
      8 H                     0.187776
      9 H                     0.075844
     10 H                     0.178833
     11 H                     0.068705
     12 H                     0.231627
     13 H                     0.233251
     14 H                     0.106475
     15 H                     0.180766
     16 H                     0.173451
     17 H                     0.114138
     18 GH                   -0.000263
     19 GH                    0.009160
     20 GH                   -0.015364
     21 GH                    0.001393
     22 GH                   -0.005078
     23 GH                   -0.015777
     24 GH                    0.017429
     25 GH                   -0.000415
     26 GH                    0.000379
     27 GH                   -0.000291
     28 GH                    0.000168
     29 GH                    0.003297
     30 GH                    0.003687
     31 GH                   -0.001158
     32 GH                    0.013098
     33 GH                    0.011241
     34 GH                   -0.001594
  ----------------------------------------
  Sum of atomic charges =    -0.000000

 -----------------------------------------------------------------
                    Cartesian Multipole Moments
 -----------------------------------------------------------------
    Charge (ESU x 10^10)
                -0.0000
    Dipole Moment (Debye)
         X      -0.0156      Y       0.5158      Z       1.7191
       Tot       1.7948
    Quadrupole Moments (Debye-Ang)
        XX     -43.2400     XY      -0.0597     YY     -40.6252
        XZ       2.7762     YZ      -0.8615     ZZ     -46.2326
    Octopole Moments (Debye-Ang^2)
       XXX    -212.4913    XXY     -25.3418    XYY     -67.3663
       YYY     -68.3367    XXZ      -8.9983    XYZ      -1.0895
       YYZ     -13.9801    XZZ     -75.8012    YZZ     -21.3928
       ZZZ     -30.3078
    Hexadecapole Moments (Debye-Ang^3)
      XXXX   -1042.3169   XXXY    -131.9545   XXYY    -228.8665
      XYYY    -126.0714   YYYY    -349.3265   XXXZ     -56.1957
      XXYZ      -5.0887   XYYZ     -21.8375   YYYZ      -7.2556
      XXZZ    -221.7622   XYZZ     -39.7383   YYZZ     -91.5875
      XZZZ     -43.5015   YZZZ      -4.3362   ZZZZ    -219.3324
 -----------------------------------------------------------------
Archival summary:
1\1\vega03.cac.cornell.edu\SP\ProcedureUnspecified\BasisUnspecified\1610h17\jj585\MonApr1623:06:292018MonApr1623:06:292018\0\\#,ProcedureUnspecified,BasisUnspecified,\\0,1\O\C,1,1.43358\H,2,1.07,1,117.389\C,1,1.43646,2,98.0224,3,-179.253,0\H,4,1.07,1,117.714,2,-178.733,0\C,2,1.54115,1,102.483,3,-123.548,0\H,6,1.09096,2,110.128,1,81.1589,0\H,6,1.09186,2,112.95,1,-157.962,0\C,2,1.54738,1,103.124,3,123.327,0\H,9,1.07,2,113.95,1,155.255,0\H,9,1.07,2,111.379,1,-86.5463,0\C,4,1.55466,1,102.371,2,-54.4128,0\H,12,1.09132,4,109.614,1,-87.4148,0\H,12,1.09187,4,112.355,1,152.676,0\C,9,1.5685,2,101.696,1,32.1918,0\H,15,1.07,9,111.7,2,120.458,0\H,15,1.07,9,114.71,2,-121.541,0\Gh,14,2.37659,12,154.674,4,-150.134,0\Gh,18,1.07,14,119.393,12,-29.6874,0\Gh,19,1.07,18,103.987,14,-162.394,0\Gh,19,1.5685,18,114.71,14,75.3241,0\Gh,21,1.07,19,113.95,18,115.396,0\Gh,21,1.07,19,111.379,18,-2.80271,0\Gh,21,1.54738,19,101.696,18,-121.541,0\Gh,24,1.07,21,111.755,19,159.179,0\Gh,24,1.43358,21,103.124,19,32.1918,0\Gh,26,1.43646,24,98.0224,21,-55.9256,0\Gh,27,1.07,26,117.714,24,-178.733,0\Gh,24,1.54115,21,108.926,19,-76.1436,0\Gh,29,1.09096,24,110.128,21,-170.072,0\Gh,29,1.09186,24,112.95,21,-49.1929,0\Gh,27,1.55466,26,102.371,24,-54.4128,0\Gh,32,1.09132,27,109.614,26,-87.4148,0\Gh,32,1.09187,27,112.355,26,152.676,0\\\@

 Total job time:  125.05s(wall), 497.54s(cpu) 
 Mon Apr 16 23:06:29 2018

        *************************************************************
        *                                                           *
        *  Thank you very much for using Q-Chem.  Have a nice day.  *
        *                                                           *
        *************************************************************


0 sent ACK to 0 
now end server 0 ... 
