mFile = /opt/software/qchem/qchem-5.0.1//bin/mpi/machines
Process 0 of 1 is on vega03.cac.cornell.edu - thread support 0
initial socket setup ...start
initial socket setup ...done 
now start server 0 ... 
vega03 10.84.3
Q-Chem Developer Version! Running on 10.84.3.*
                  Welcome to Q-Chem
     A Quantum Leap Into The Future Of Chemistry


 Q-Chem 5.0, Q-Chem, Inc., Pleasanton, CA (2017)

 Yihan Shao,  Zhengting Gan,  E. Epifanovsky,  A. T. B. Gilbert,  M. Wormit,  
 J. Kussmann,  A. W. Lange,  A. Behn,  Jia Deng,  Xintian Feng,  D. Ghosh,  
 M. Goldey,  P. R. Horn,  L. D. Jacobson,  I. Kaliman,  T. Kus,  A. Landau,  
 Jie Liu,  E. I. Proynov,  R. M. Richard,  R. P. Steele,  E. J. Sundstrom,  
 H. L. Woodcock III,  P. M. Zimmerman,  D. Zuev,  B. Albrecht,  E. Alguire,  
 S. A. Baeppler,  Z. Benda,  Y. A. Bernard,  E. J. Berquist,  K. B. Bravaya,  
 D. Casanova,  Chun-Min Chang,  Yunqing Chen,  A. Chien,  K. D. Closser,  
 M. P. Coons,  S. Dasgupta,  M. Diedenhofen,  Hainam Do,  R. G. Edgar,  
 Po-Tung Fang,  S. Fatehi,  Qingguo Feng,  Qinghui Ge,  A. Ghysels,  
 J. Gomes,  J. Gonthier,  A. Gunina,  M. W. D. Hanson-Heine,  
 P. H. P. Harbach,  A. W. Hauser,  J. E. Herr,  E. G. Hohenstein,  
 Z. C. Holden,  Kerwin Hui,  T.-C. Jagau,  Hyunjun Ji,  B. Kaduk,  
 K. Khistyaev,  Jaehoon Kim,  P. Klunzinger,  K. Koh,  D. Kosenkov,  
 T. Kowalczyk,  C. M. Krauter,  A. Kunitsa,  Ka Un Lao,  A. Laurent,  
 K. V. Lawler,  Joonho Lee,  D. Lefrancois,  S. Lehtola,  D. S. Levine,  
 Yi-Pei Li,  You-Sheng Lin,  Fenglai Liu,  E. Livshits,  A. Luenser,  
 P. Manohar,  E. Mansoor,  S. F. Manzer,  Shan-Ping Mao,  Yuezhi Mao,  
 N. Mardirossian,  A. V. Marenich,  L. A. Martinez-Martinez,  S. A. Maurer,  
 N. J. Mayhall,  S. C. McKenzie,  J.-M. Mewes,  A. F. Morrison,  K. Nanda,  
 T. S. Nguyen-Beck,  R. Olivares-Amaya,  J. A. Parkhill,  T. M. Perrine,  
 F. Plasser,  S. Prager,  A. Prociuk,  D. R. Rehn,  F. Rob,  M. Schneider,  
 N. Sergueev,  S. M. Sharada,  S. Sharma,  D. W. Small,  T. Stauch,  
 T. Stein,  Yu-Chuan Su,  A. J. W. Thom,  T. Tsuchimochi,  L. Vogt,  
 O. Vydrov,  M. A. Watson,  J. Wenzel,  M. de Wergifosse,  T. A. Wesolowski,  
 A. White,  J. Witte,  A. Yamada,  Jun Yang,  K. Yao,  S. Yeganeh,  
 S. R. Yost,  Zhi-Qiang You,  A. Zech,  Igor Ying Zhang,  Xing Zhang,  
 Yan Zhao,  Ying Zhu,  B. R. Brooks,  G. K. L. Chan,  C. J. Cramer,  
 M. S. Gordon,  W. J. Hehre,  A. Klamt,  M. W. Schmidt,  C. D. Sherrill,  
 D. G. Truhlar,  A. Aspuru-Guzik,  R. Baer,  A. T. Bell,  N. A. Besley,  
 Jeng-Da Chai,  A. Dreuw,  B. D. Dunietz,  T. R. Furlani,  Chao-Ping Hsu,  
 Yousung Jung,  Jing Kong,  D. S. Lambrecht,  WanZhen Liang,  C. Ochsenfeld,  
 V. A. Rassolov,  L. V. Slipchenko,  J. E. Subotnik,  T. Van Voorhis,  
 J. M. Herbert,  A. I. Krylov,  P. M. W. Gill,  M. Head-Gordon

 Contributors to earlier versions of Q-Chem not listed above: 
 R. D. Adamson,  B. Austin,  J. Baker,  G. J. O. Beran,  K. Brandhorst,  
 S. T. Brown,  E. F. C. Byrd,  A. K. Chakraborty,  C.-L. Cheng,  
 Siu Hung Chien,  D. M. Chipman,  D. L. Crittenden,  H. Dachsel,  
 R. A. DiStasio Jr.,  R. J. Doerksen,  A. D. Dutoi,  L. Fusti-Molnar,  
 W. A. Goddard III,  A. Golubeva-Zadorozhnaya,  S. R. Gwaltney,  G. Hawkins,  
 A. Heyden,  S. Hirata,  G. Kedziora,  F. J. Keil,  C. Kelley,  Jihan Kim,  
 R. A. King,  R. Z. Khaliullin,  P. P. Korambath,  W. Kurlancheek,  
 A. M. Lee,  M. S. Lee,  S. V. Levchenko,  Ching Yeh Lin,  D. Liotard,  
 R. C. Lochan,  I. Lotan,  P. E. Maslen,  N. Nair,  D. P. O'Neill,  
 D. Neuhauser,  E. Neuscamman,  C. M. Oana,  R. Olson,  B. Peters,  
 R. Peverati,  P. A. Pieniazek,  Y. M. Rhee,  J. Ritchie,  M. A. Rohrdanz,  
 E. Rosta,  N. J. Russ,  H. F. Schaefer III,  N. E. Schultz,  N. Shenvi,  
 A. C. Simmonett,  A. Sodt,  D. Stuck,  K. S. Thanthiriwatte,  V. Vanovschi,  
 Tao Wang,  A. Warshel,  C. F. Williams,  Q. Wu,  X. Xu,  W. Zhang

 Please cite Q-Chem as follows:
 Y. Shao et al., Mol. Phys. 113, 184-215 (2015)
 DOI: 10.1080/00268976.2014.952696

 Q-Chem 5.0.1 for Intel X86 EM64T Linux

 Parts of Q-Chem use Armadillo 5.200.1 (Boston Tea Smuggler).
 http://arma.sourceforge.net/

 Q-Chem begins on Mon Apr 16 23:37:19 2018  

Host: vega03.cac.cornell.edu
0

     Scratch files written to /scratch/jj585/vdw/0100_distance_5.300_01.save//
 Parallel job on  1  processors

Checking the input file for inconsistencies... 	...done.

--------------------------------------------------------------
User input:
--------------------------------------------------------------
$molecule
0  1
C        +4.05553000        +2.93405000        +3.72130000
C        +4.45909000        +1.47564000        +4.13406000
C        +5.16291000        +3.28891000        +2.70044000
C        +6.46353000        +3.60617000        +3.46390000
C        +6.87619000        +2.18268000        +3.93835000
C        +5.77706000        +1.29618000        +3.28797000
O        +5.46123000        +2.02580000        +2.09159000
H        +7.20517000        +4.02699000        +2.78340000
H        +6.31519000        +4.31405000        +4.28186000
H        +7.85465000        +1.89911000        +3.54696000
H        +6.90642000        +2.07655000        +5.02463000
H        +4.86553000        +4.08860000        +2.05471000
C        +6.18733000        -0.12350000        +2.96723000
H        +7.09026000        -0.11278000        +2.39320000
H        +5.41234000        -0.60015000        +2.40412000
H        +6.34970000        -0.66212000        +3.87741000
H        +3.08610000        +2.95728000        +3.26900000
H        +3.98835000        +3.61534000        +4.54363000
H        +4.64976000        +1.40012000        +5.18422000
H        +3.70759000        +0.73561000        +3.95378000
@C        +0.22270000        +1.04488000        +0.58595000
@C        +0.62626000        -0.41353000        +0.99871000
@C        +1.33008000        +1.39974000        -0.43491000
@C        +2.63070000        +1.71700000        +0.32855000
@C        +3.04336000        +0.29351000        +0.80300000
@C        +1.94423000        -0.59299000        +0.15262000
@O        +1.62840000        +0.13663000        -1.04376000
@H        +3.37234000        +2.13782000        -0.35195000
@H        +2.48236000        +2.42488000        +1.14651000
@H        +4.02182000        +0.00994000        +0.41161000
@H        +3.07359000        +0.18738000        +1.88928000
@H        +1.03270000        +2.19943000        -1.08064000
@C        +2.35450000        -2.01267000        -0.16812000
@H        +3.25743000        -2.00195000        -0.74215000
@H        +1.57951000        -2.48932000        -0.73123000
@H        +2.51687000        -2.55129000        +0.74206000
@H        -0.74673000        +1.06811000        +0.13365000
@H        +0.15552000        +1.72617000        +1.40828000
@H        +0.81693000        -0.48905000        +2.04887000
@H        -0.12524000        -1.15356000        +0.81843000
$end

$rem
JOBTYPE                   SP
METHOD                    B3LYP
DFT_D                     d3_op
BASIS                     6-311++G(d,p)
SYMMETRY                  False
THRESH                    12
SCF_CONVERGENCE           8
MAX_SUB_FILE_NUM          128
MEM_STATIC                400
MEM_TOTAL                 4000
$end
--------------------------------------------------------------
 Adding empirical dispersion correction 
 ----------------------------------------------------------------
 Doing -D3(op) with
 s6 =   1.00000
 s8 =   0.78311
 a1 =   0.30000
 a2 =   4.25000
 n  =  10.00000
 -D3 energy without 3body term =     -0.0174576512 hartrees
 ----------------------------------------------------------------
             Standard Nuclear Orientation (Angstroms)
    I     Atom           X                Y                Z
 ----------------------------------------------------------------
    1      C       4.0555300000     2.9340500000     3.7213000000
    2      C       4.4590900000     1.4756400000     4.1340600000
    3      C       5.1629100000     3.2889100000     2.7004400000
    4      C       6.4635300000     3.6061700000     3.4639000000
    5      C       6.8761900000     2.1826800000     3.9383500000
    6      C       5.7770600000     1.2961800000     3.2879700000
    7      O       5.4612300000     2.0258000000     2.0915900000
    8      H       7.2051700000     4.0269900000     2.7834000000
    9      H       6.3151900000     4.3140500000     4.2818600000
   10      H       7.8546500000     1.8991100000     3.5469600000
   11      H       6.9064200000     2.0765500000     5.0246300000
   12      H       4.8655300000     4.0886000000     2.0547100000
   13      C       6.1873300000    -0.1235000000     2.9672300000
   14      H       7.0902600000    -0.1127800000     2.3932000000
   15      H       5.4123400000    -0.6001500000     2.4041200000
   16      H       6.3497000000    -0.6621200000     3.8774100000
   17      H       3.0861000000     2.9572800000     3.2690000000
   18      H       3.9883500000     3.6153400000     4.5436300000
   19      H       4.6497600000     1.4001200000     5.1842200000
   20      H       3.7075900000     0.7356100000     3.9537800000
   21      GH      0.2227000000     1.0448800000     0.5859500000
   22      GH      0.6262600000    -0.4135300000     0.9987100000
   23      GH      1.3300800000     1.3997400000    -0.4349100000
   24      GH      2.6307000000     1.7170000000     0.3285500000
   25      GH      3.0433600000     0.2935100000     0.8030000000
   26      GH      1.9442300000    -0.5929900000     0.1526200000
   27      GH      1.6284000000     0.1366300000    -1.0437600000
   28      GH      3.3723400000     2.1378200000    -0.3519500000
   29      GH      2.4823600000     2.4248800000     1.1465100000
   30      GH      4.0218200000     0.0099400000     0.4116100000
   31      GH      3.0735900000     0.1873800000     1.8892800000
   32      GH      1.0327000000     2.1994300000    -1.0806400000
   33      GH      2.3545000000    -2.0126700000    -0.1681200000
   34      GH      3.2574300000    -2.0019500000    -0.7421500000
   35      GH      1.5795100000    -2.4893200000    -0.7312300000
   36      GH      2.5168700000    -2.5512900000     0.7420600000
   37      GH     -0.7467300000     1.0681100000     0.1336500000
   38      GH      0.1555200000     1.7261700000     1.4082800000
   39      GH      0.8169300000    -0.4890500000     2.0488700000
   40      GH     -0.1252400000    -1.1535600000     0.8184300000
 ----------------------------------------------------------------
 Nuclear Repulsion Energy =   415.4951797453 hartrees
 There are       31 alpha and       31 beta electrons
 Requested basis set is 6-311++G(d,p)
 There are 216 shells and 520 basis functions

 Total QAlloc Memory Limit   4000 MB
 Mega-Array Size       392 MB
 MEM_STATIC part       400 MB
 A cutoff of  1.0D-12 yielded  19252 shell pairs
 There are    110022 function pairs (    116288 Cartesian)
 
 -------------------------------------------------------
 OpenMP Integral Computing Module                       
 Release: version 1.0, May 2013, Q-Chem Inc. Pittsburgh 
 -------------------------------------------------------
 Integral Job Info:
 Integral job number is                      11
 Integral operator is                         1
 short-range coefficients                     0
 long-range coefficients              100000000
 Omega coefficients                           0
 if combine SR and LR in K                    0
 Integral screening is                        0
 Integral computing path is                   2
 max size of driver memory is            800000
 size of driver memory is                593474
 size of scratch memory is              2361544
 max col of scratch BK array               1296
 max len of scratch array in speh3          155
 max len of scratch index in speh4           18
 max int batch size is                      520
 min int batch size is                       52
 fixed nKL is                                52
 max L of basis functions is                  2
 order of int derivative is                   0
 number of shells is                        216
 number of basis is                         536
 number of cartesian basis is               536
 number of contracted shell pairs         19252
 number of primitive shell pairs          40617
 maxK2 (contraction) of shell pair           36
 max number of K2 of shell pair               1
 max number of CS2 of shell pair           3531
 max number of PS2 of shell pair           5982
 mem total for path MDJ                  153066
 -------------------------------------------------------
 Smallest overlap matrix eigenvalue = 1.01E-06

 Scale SEOQF with 1.000000e-02/1.000000e-01/1.000000e-02

 Standard Electronic Orientation quadrupole field applied
 Nucleus-field energy     =     0.0000000254 hartrees
 Guess from superposition of atomic densities
 Warning:  Energy on first SCF cycle will be non-variational

 Q-Chem warning in module /opt/software/qchem/qchem-5.0.1/libgen/Atomic_PolEc.C, line 58:

 No atomic polarizability available.


 Q-Chem warning in module /opt/software/qchem/qchem-5.0.1/libgen/Atomic_PolEc.C, line 73:

 No atomic polarizability available.


 Q-Chem warning in module /opt/software/qchem/qchem-5.0.1/libgen/Atomic_PolEc.C, line 58:

 No atomic polarizability available.


 Q-Chem warning in module /opt/software/qchem/qchem-5.0.1/libgen/Atomic_PolEc.C, line 73:

 No atomic polarizability available.


 Q-Chem warning in module /opt/software/qchem/qchem-5.0.1/libgen/Atomic_PolEc.C, line 58:

 No atomic polarizability available.


 Q-Chem warning in module /opt/software/qchem/qchem-5.0.1/libgen/Atomic_PolEc.C, line 73:

 No atomic polarizability available.


 Q-Chem warning in module /opt/software/qchem/qchem-5.0.1/libgen/Atomic_PolEc.C, line 58:

 No atomic polarizability available.


 Q-Chem warning in module /opt/software/qchem/qchem-5.0.1/libgen/Atomic_PolEc.C, line 73:

 No atomic polarizability available.


 Q-Chem warning in module /opt/software/qchem/qchem-5.0.1/libgen/Atomic_PolEc.C, line 58:

 No atomic polarizability available.


 Q-Chem warning in module /opt/software/qchem/qchem-5.0.1/libgen/Atomic_PolEc.C, line 73:

 No atomic polarizability available.


 Q-Chem warning in module /opt/software/qchem/qchem-5.0.1/libgen/Atomic_PolEc.C, line 58:

 No atomic polarizability available.


 Q-Chem warning in module /opt/software/qchem/qchem-5.0.1/libgen/Atomic_PolEc.C, line 73:

 No atomic polarizability available.


 Q-Chem warning in module /opt/software/qchem/qchem-5.0.1/libgen/Atomic_PolEc.C, line 58:

 No atomic polarizability available.


 Q-Chem warning in module /opt/software/qchem/qchem-5.0.1/libgen/Atomic_PolEc.C, line 73:

 No atomic polarizability available.


 Q-Chem warning in module /opt/software/qchem/qchem-5.0.1/libgen/Atomic_PolEc.C, line 58:

 No atomic polarizability available.


 Q-Chem warning in module /opt/software/qchem/qchem-5.0.1/libgen/Atomic_PolEc.C, line 73:

 No atomic polarizability available.


 Q-Chem warning in module /opt/software/qchem/qchem-5.0.1/libgen/Atomic_PolEc.C, line 58:

 No atomic polarizability available.


 Q-Chem warning in module /opt/software/qchem/qchem-5.0.1/libgen/Atomic_PolEc.C, line 73:

 No atomic polarizability available.


 Q-Chem warning in module /opt/software/qchem/qchem-5.0.1/libgen/Atomic_PolEc.C, line 58:

 No atomic polarizability available.


 Q-Chem warning in module /opt/software/qchem/qchem-5.0.1/libgen/Atomic_PolEc.C, line 73:

 No atomic polarizability available.


 Q-Chem warning in module /opt/software/qchem/qchem-5.0.1/libgen/Atomic_PolEc.C, line 58:

 No atomic polarizability available.


 Q-Chem warning in module /opt/software/qchem/qchem-5.0.1/libgen/Atomic_PolEc.C, line 73:

 No atomic polarizability available.


 Q-Chem warning in module /opt/software/qchem/qchem-5.0.1/libgen/Atomic_PolEc.C, line 58:

 No atomic polarizability available.


 Q-Chem warning in module /opt/software/qchem/qchem-5.0.1/libgen/Atomic_PolEc.C, line 73:

 No atomic polarizability available.


 Q-Chem warning in module /opt/software/qchem/qchem-5.0.1/libgen/Atomic_PolEc.C, line 58:

 No atomic polarizability available.


 Q-Chem warning in module /opt/software/qchem/qchem-5.0.1/libgen/Atomic_PolEc.C, line 73:

 No atomic polarizability available.


 Q-Chem warning in module /opt/software/qchem/qchem-5.0.1/libgen/Atomic_PolEc.C, line 58:

 No atomic polarizability available.


 Q-Chem warning in module /opt/software/qchem/qchem-5.0.1/libgen/Atomic_PolEc.C, line 73:

 No atomic polarizability available.


 Q-Chem warning in module /opt/software/qchem/qchem-5.0.1/libgen/Atomic_PolEc.C, line 58:

 No atomic polarizability available.


 Q-Chem warning in module /opt/software/qchem/qchem-5.0.1/libgen/Atomic_PolEc.C, line 73:

 No atomic polarizability available.


 Q-Chem warning in module /opt/software/qchem/qchem-5.0.1/libgen/Atomic_PolEc.C, line 58:

 No atomic polarizability available.


 Q-Chem warning in module /opt/software/qchem/qchem-5.0.1/libgen/Atomic_PolEc.C, line 73:

 No atomic polarizability available.


 Q-Chem warning in module /opt/software/qchem/qchem-5.0.1/libgen/Atomic_PolEc.C, line 58:

 No atomic polarizability available.


 Q-Chem warning in module /opt/software/qchem/qchem-5.0.1/libgen/Atomic_PolEc.C, line 73:

 No atomic polarizability available.


 Q-Chem warning in module /opt/software/qchem/qchem-5.0.1/libgen/Atomic_PolEc.C, line 58:

 No atomic polarizability available.


 Q-Chem warning in module /opt/software/qchem/qchem-5.0.1/libgen/Atomic_PolEc.C, line 73:

 No atomic polarizability available.


 Q-Chem warning in module /opt/software/qchem/qchem-5.0.1/libgen/Atomic_PolEc.C, line 58:

 No atomic polarizability available.


 Q-Chem warning in module /opt/software/qchem/qchem-5.0.1/libgen/Atomic_PolEc.C, line 73:

 No atomic polarizability available.


 Q-Chem warning in module /opt/software/qchem/qchem-5.0.1/libgen/Atomic_PolEc.C, line 58:

 No atomic polarizability available.


 Q-Chem warning in module /opt/software/qchem/qchem-5.0.1/libgen/Atomic_PolEc.C, line 73:

 No atomic polarizability available.

 A restricted hybrid HF-DFT SCF calculation will be
 performed using Pulay DIIS extrapolation
 Exchange:     0.2000 Hartree-Fock + 0.0800 Slater + 0.7200 B88
 Correlation:  0.1900 VWN1RPA + 0.8100 LYP
 Using SG-1 standard quadrature grid
 Dispersion:   Grimme D3
 SCF converges when DIIS error is below 1.0E-08
 using 4 threads for integral computing
 -------------------------------------------------------
 OpenMP Integral computing Module                
 Release: version 1.0, May 2013, Q-Chem Inc. Pittsburgh 
 -------------------------------------------------------
 -------------------------------------------------------
 OpenMP BLAS3 based DFT computing Module                
 Release: version 1.0, May 2013, Q-Chem Inc. Pittsburgh 
 -------------------------------------------------------
 ---------------------------------------
  Cycle       Energy         DIIS Error
 ---------------------------------------
    1    -350.9522739435      1.91E-02
    2    -349.1121849823      2.32E-03
    3    -349.0359155150      2.80E-03
    4    -349.2920224707      4.08E-04
    5    -349.2957983980      1.60E-04
    6    -349.2964049706      4.47E-05
    7    -349.2964480666      1.68E-05
    8    -349.2964561460      1.58E-06
    9    -349.2964562160      7.38E-07
   10    -349.2964562330      1.38E-07
   11    -349.2964562336      2.83E-08
   12    -349.2964562336      1.05E-08
   13    -349.2964562336      2.61E-09 Convergence criterion met
 ---------------------------------------
 SCF time:  CPU 854.83 s  wall 214.93 s
 SCF   energy in the final basis set = -349.29645623
 Total energy in the final basis set = -349.29645623
 
 --------------------------------------------------------------
 
                    Orbital Energies (a.u.)
 --------------------------------------------------------------
 
 Alpha MOs
 -- Occupied --
-19.119 -10.225 -10.216 -10.166 -10.166 -10.163 -10.162 -10.154
 -1.049  -0.798  -0.775  -0.748  -0.684  -0.615  -0.575  -0.556
 -0.503  -0.482  -0.465  -0.440  -0.418  -0.405  -0.392  -0.377
 -0.360  -0.348  -0.344  -0.336  -0.316  -0.301  -0.262
 -- Virtual --
 -0.010   0.003   0.008   0.012   0.026   0.028   0.029   0.032
  0.038   0.043   0.048   0.052   0.060   0.061   0.065   0.068
  0.072   0.078   0.083   0.084   0.086   0.091   0.096   0.100
  0.104   0.108   0.113   0.115   0.117   0.118   0.121   0.124
  0.126   0.129   0.133   0.136   0.139   0.142   0.145   0.149
  0.150   0.152   0.154   0.160   0.163   0.168   0.169   0.172
  0.173   0.176   0.179   0.183   0.184   0.187   0.189   0.190
  0.195   0.199   0.202   0.203   0.209   0.213   0.214   0.217
  0.222   0.226   0.229   0.230   0.231   0.237   0.241   0.243
  0.248   0.250   0.250   0.255   0.259   0.262   0.264   0.266
  0.268   0.280   0.283   0.288   0.298   0.300   0.306   0.312
  0.315   0.321   0.328   0.330   0.335   0.344   0.353   0.354
  0.359   0.365   0.366   0.369   0.371   0.379   0.382   0.387
  0.395   0.398   0.401   0.409   0.411   0.415   0.425   0.433
  0.438   0.441   0.450   0.456   0.464   0.471   0.474   0.481
  0.483   0.499   0.508   0.509   0.519   0.534   0.537   0.550
  0.557   0.560   0.572   0.576   0.580   0.590   0.599   0.606
  0.616   0.619   0.622   0.634   0.640   0.642   0.651   0.657
  0.663   0.667   0.669   0.677   0.678   0.687   0.697   0.700
  0.704   0.709   0.716   0.721   0.730   0.734   0.746   0.753
  0.759   0.761   0.767   0.776   0.783   0.786   0.787   0.796
  0.802   0.806   0.822   0.828   0.839   0.851   0.859   0.870
  0.873   0.879   0.905   0.922   0.931   0.934   0.946   0.961
  1.008   1.015   1.017   1.031   1.047   1.068   1.081   1.089
  1.099   1.127   1.139   1.153   1.159   1.177   1.189   1.200
  1.209   1.217   1.228   1.235   1.245   1.256   1.268   1.280
  1.286   1.307   1.344   1.353   1.366   1.393   1.438   1.467
  1.469   1.488   1.508   1.510   1.515   1.518   1.532   1.539
  1.548   1.565   1.575   1.581   1.592   1.598   1.602   1.614
  1.629   1.641   1.649   1.660   1.671   1.687   1.690   1.696
  1.707   1.710   1.713   1.724   1.740   1.750   1.756   1.764
  1.772   1.785   1.788   1.795   1.806   1.810   1.814   1.818
  1.827   1.842   1.852   1.855   1.859   1.870   1.879   1.895
  1.911   1.914   1.919   1.923   1.934   1.935   1.939   1.957
  1.981   1.985   1.992   2.000   2.020   2.022   2.028   2.037
  2.044   2.058   2.083   2.096   2.106   2.119   2.131   2.135
  2.149   2.157   2.167   2.184   2.200   2.216   2.225   2.233
  2.249   2.257   2.269   2.292   2.301   2.322   2.338   2.343
  2.362   2.373   2.387   2.395   2.405   2.425   2.449   2.457
  2.463   2.467   2.481   2.484   2.490   2.498   2.517   2.522
  2.530   2.532   2.544   2.547   2.559   2.566   2.569   2.599
  2.605   2.629   2.638   2.643   2.652   2.678   2.682   2.690
  2.713   2.726   2.738   2.742   2.745   2.766   2.785   2.792
  2.800   2.808   2.818   2.830   2.838   2.854   2.866   2.871
  2.887   2.907   2.919   2.932   2.937   2.956   2.966   2.984
  2.988   3.017   3.028   3.038   3.053   3.067   3.072   3.094
  3.117   3.120   3.151   3.153   3.187   3.195   3.203   3.248
  3.260   3.274   3.279   3.309   3.317   3.329   3.332   3.345
  3.391   3.413   3.480   3.491   3.522   3.559   3.563   3.568
  3.588   3.598   3.615   3.623   3.656   3.680   3.687   3.703
  3.750   3.791   3.827   3.874   3.882   3.894   3.904   3.931
  3.951   3.973   3.981   4.035   4.059   4.070   4.106   4.144
  4.191   4.205   4.271   4.439   4.486   4.595   4.661   4.713
  4.822   4.852   4.872   4.889   4.901   4.924   4.927   4.986
  5.013   5.076   5.124   5.173   5.257   5.382   5.538   5.665
  5.737   7.372   7.440   7.502   7.532   7.611   7.632   7.674
  7.679   7.736   7.819   7.845   7.936   7.976   7.997   8.186
  8.320   8.330   8.406   8.453   8.699   8.778   9.902   9.930
  9.981  10.037  10.053  10.070  10.145  13.648  13.941  14.075
 18.600  23.799  23.853  23.956  23.995  24.022  24.038  24.072
 49.987  69.842  69.865  69.965  69.992  70.004  70.023  70.073
139.778
 --------------------------------------------------------------
 
          Ground-State Mulliken Net Atomic Charges

     Atom                 Charge (a.u.)
  ----------------------------------------
      1 C                    -0.398711
      2 C                    -0.367259
      3 C                     0.211510
      4 C                    -0.689270
      5 C                    -0.423415
      6 C                     0.251598
      7 O                    -0.005746
      8 H                     0.163871
      9 H                     0.128174
     10 H                     0.154231
     11 H                     0.138364
     12 H                     0.231195
     13 C                    -0.378714
     14 H                     0.154679
     15 H                     0.140503
     16 H                     0.139862
     17 H                     0.122636
     18 H                     0.163594
     19 H                     0.158404
     20 H                     0.168955
     21 GH                   -0.007253
     22 GH                    0.006810
     23 GH                   -0.028349
     24 GH                    0.036470
     25 GH                   -0.007313
     26 GH                   -0.044869
     27 GH                    0.000147
     28 GH                    0.002097
     29 GH                   -0.010111
     30 GH                    0.010709
     31 GH                   -0.028133
     32 GH                   -0.000390
     33 GH                    0.000576
     34 GH                   -0.000463
     35 GH                   -0.000040
     36 GH                    0.001639
     37 GH                   -0.000351
     38 GH                    0.002201
     39 GH                    0.002152
     40 GH                    0.000009
  ----------------------------------------
  Sum of atomic charges =     0.000000

 -----------------------------------------------------------------
                    Cartesian Multipole Moments
 -----------------------------------------------------------------
    Charge (ESU x 10^10)
                 0.0000
    Dipole Moment (Debye)
         X      -0.0059      Y       0.4033      Z       1.6139
       Tot       1.6635
    Quadrupole Moments (Debye-Ang)
        XX     -49.8326     XY       1.4595     YY     -46.0985
        XZ       8.7035     YZ       3.6414     ZZ     -42.5284
    Octopole Moments (Debye-Ang^2)
       XXX    -832.4450    XXY     -99.4921    XYY    -261.6752
       YYY    -289.0857    XXZ    -121.6633    XYZ      17.5124
       YYZ    -153.7857    XZZ    -238.2740    YZZ     -88.2437
       ZZZ    -473.2218
    Hexadecapole Moments (Debye-Ang^3)
      XXXX   -9655.4688   XXXY   -1704.2148   XXYY   -1854.0203
      XYYY   -1605.7796   YYYY   -1743.4581   XXXZ   -2556.7630
      XXYZ    -271.1036   XYYZ    -867.7660   YYYZ    -989.9641
      XXZZ   -2008.1270   XYZZ    -494.1302   YYZZ    -853.7608
      XZZZ   -2628.7169   YZZZ    -987.0223   ZZZZ   -3462.7474
 -----------------------------------------------------------------
Archival summary:
1\1\vega03.cac.cornell.edu\SP\ProcedureUnspecified\BasisUnspecified\1712h20\jj585\MonApr1623:40:552018MonApr1623:40:552018\0\\#,ProcedureUnspecified,BasisUnspecified,\\0,1\O\C,1,1.43358\H,2,1.07,1,117.389\C,1,1.43646,2,98.0224,3,-179.253,0\C,4,1.51218,1,111.091,2,-178.393,0\H,5,1.07,4,109.471,1,-56.0506,0\H,5,1.07,4,109.472,1,-176.051,0\H,5,1.07,4,109.471,1,63.9491,0\C,2,1.54115,1,102.483,3,-123.548,0\H,9,1.09096,2,110.128,1,81.1589,0\H,9,1.09186,2,112.95,1,-157.962,0\C,2,1.54738,1,103.124,3,123.327,0\H,12,1.07,2,113.95,1,155.255,0\H,12,1.07,2,111.379,1,-86.5463,0\C,4,1.55466,1,102.371,2,-54.4128,0\H,15,1.09132,4,109.614,1,-87.4148,0\H,15,1.09187,4,112.355,1,152.676,0\C,12,1.5685,2,101.696,1,32.1918,0\H,18,1.07,12,111.7,2,120.458,0\H,18,1.07,12,114.71,2,-121.541,0\Gh,20,2.22815,18,121.744,12,66.488,0\Gh,21,1.09187,20,154.927,18,-8.18789,0\Gh,22,1.09132,21,107.862,20,70.1886,0\Gh,22,1.55466,21,112.355,20,-168.89,0\Gh,24,1.43646,22,102.371,21,152.676,0\Gh,25,1.43358,24,98.0224,22,-54.4128,0\Gh,26,1.07,25,117.389,24,-179.253,0\Gh,24,1.51218,22,115.611,21,-86.4144,0\Gh,28,1.07,24,109.471,22,-172.124,0\Gh,28,1.07,24,109.472,22,67.8758,0\Gh,28,1.07,24,109.471,22,-52.1243,0\Gh,26,1.54115,25,102.483,24,57.1986,0\Gh,32,1.09096,26,110.128,25,81.1589,0\Gh,32,1.09186,26,112.95,25,-157.962,0\Gh,26,1.54738,25,103.124,24,-55.9256,0\Gh,35,1.07,26,113.95,25,155.255,0\Gh,35,1.07,26,111.379,25,-86.5463,0\Gh,35,1.5685,26,101.696,25,32.1918,0\Gh,38,1.07,35,111.7,26,120.458,0\Gh,38,1.07,35,114.71,26,-121.541,0\\\@

 Total job time:  215.94s(wall), 857.40s(cpu) 
 Mon Apr 16 23:40:55 2018

        *************************************************************
        *                                                           *
        *  Thank you very much for using Q-Chem.  Have a nice day.  *
        *                                                           *
        *************************************************************


0 sent ACK to 0 
now end server 0 ... 
