mFile = /opt/software/qchem/qchem-5.0.1//bin/mpi/machines
Process 0 of 1 is on vega03.cac.cornell.edu - thread support 0
initial socket setup ...start
initial socket setup ...done 
now start server 0 ... 
vega03 10.84.3
Q-Chem Developer Version! Running on 10.84.3.*
                  Welcome to Q-Chem
     A Quantum Leap Into The Future Of Chemistry


 Q-Chem 5.0, Q-Chem, Inc., Pleasanton, CA (2017)

 Yihan Shao,  Zhengting Gan,  E. Epifanovsky,  A. T. B. Gilbert,  M. Wormit,  
 J. Kussmann,  A. W. Lange,  A. Behn,  Jia Deng,  Xintian Feng,  D. Ghosh,  
 M. Goldey,  P. R. Horn,  L. D. Jacobson,  I. Kaliman,  T. Kus,  A. Landau,  
 Jie Liu,  E. I. Proynov,  R. M. Richard,  R. P. Steele,  E. J. Sundstrom,  
 H. L. Woodcock III,  P. M. Zimmerman,  D. Zuev,  B. Albrecht,  E. Alguire,  
 S. A. Baeppler,  Z. Benda,  Y. A. Bernard,  E. J. Berquist,  K. B. Bravaya,  
 D. Casanova,  Chun-Min Chang,  Yunqing Chen,  A. Chien,  K. D. Closser,  
 M. P. Coons,  S. Dasgupta,  M. Diedenhofen,  Hainam Do,  R. G. Edgar,  
 Po-Tung Fang,  S. Fatehi,  Qingguo Feng,  Qinghui Ge,  A. Ghysels,  
 J. Gomes,  J. Gonthier,  A. Gunina,  M. W. D. Hanson-Heine,  
 P. H. P. Harbach,  A. W. Hauser,  J. E. Herr,  E. G. Hohenstein,  
 Z. C. Holden,  Kerwin Hui,  T.-C. Jagau,  Hyunjun Ji,  B. Kaduk,  
 K. Khistyaev,  Jaehoon Kim,  P. Klunzinger,  K. Koh,  D. Kosenkov,  
 T. Kowalczyk,  C. M. Krauter,  A. Kunitsa,  Ka Un Lao,  A. Laurent,  
 K. V. Lawler,  Joonho Lee,  D. Lefrancois,  S. Lehtola,  D. S. Levine,  
 Yi-Pei Li,  You-Sheng Lin,  Fenglai Liu,  E. Livshits,  A. Luenser,  
 P. Manohar,  E. Mansoor,  S. F. Manzer,  Shan-Ping Mao,  Yuezhi Mao,  
 N. Mardirossian,  A. V. Marenich,  L. A. Martinez-Martinez,  S. A. Maurer,  
 N. J. Mayhall,  S. C. McKenzie,  J.-M. Mewes,  A. F. Morrison,  K. Nanda,  
 T. S. Nguyen-Beck,  R. Olivares-Amaya,  J. A. Parkhill,  T. M. Perrine,  
 F. Plasser,  S. Prager,  A. Prociuk,  D. R. Rehn,  F. Rob,  M. Schneider,  
 N. Sergueev,  S. M. Sharada,  S. Sharma,  D. W. Small,  T. Stauch,  
 T. Stein,  Yu-Chuan Su,  A. J. W. Thom,  T. Tsuchimochi,  L. Vogt,  
 O. Vydrov,  M. A. Watson,  J. Wenzel,  M. de Wergifosse,  T. A. Wesolowski,  
 A. White,  J. Witte,  A. Yamada,  Jun Yang,  K. Yao,  S. Yeganeh,  
 S. R. Yost,  Zhi-Qiang You,  A. Zech,  Igor Ying Zhang,  Xing Zhang,  
 Yan Zhao,  Ying Zhu,  B. R. Brooks,  G. K. L. Chan,  C. J. Cramer,  
 M. S. Gordon,  W. J. Hehre,  A. Klamt,  M. W. Schmidt,  C. D. Sherrill,  
 D. G. Truhlar,  A. Aspuru-Guzik,  R. Baer,  A. T. Bell,  N. A. Besley,  
 Jeng-Da Chai,  A. Dreuw,  B. D. Dunietz,  T. R. Furlani,  Chao-Ping Hsu,  
 Yousung Jung,  Jing Kong,  D. S. Lambrecht,  WanZhen Liang,  C. Ochsenfeld,  
 V. A. Rassolov,  L. V. Slipchenko,  J. E. Subotnik,  T. Van Voorhis,  
 J. M. Herbert,  A. I. Krylov,  P. M. W. Gill,  M. Head-Gordon

 Contributors to earlier versions of Q-Chem not listed above: 
 R. D. Adamson,  B. Austin,  J. Baker,  G. J. O. Beran,  K. Brandhorst,  
 S. T. Brown,  E. F. C. Byrd,  A. K. Chakraborty,  C.-L. Cheng,  
 Siu Hung Chien,  D. M. Chipman,  D. L. Crittenden,  H. Dachsel,  
 R. A. DiStasio Jr.,  R. J. Doerksen,  A. D. Dutoi,  L. Fusti-Molnar,  
 W. A. Goddard III,  A. Golubeva-Zadorozhnaya,  S. R. Gwaltney,  G. Hawkins,  
 A. Heyden,  S. Hirata,  G. Kedziora,  F. J. Keil,  C. Kelley,  Jihan Kim,  
 R. A. King,  R. Z. Khaliullin,  P. P. Korambath,  W. Kurlancheek,  
 A. M. Lee,  M. S. Lee,  S. V. Levchenko,  Ching Yeh Lin,  D. Liotard,  
 R. C. Lochan,  I. Lotan,  P. E. Maslen,  N. Nair,  D. P. O'Neill,  
 D. Neuhauser,  E. Neuscamman,  C. M. Oana,  R. Olson,  B. Peters,  
 R. Peverati,  P. A. Pieniazek,  Y. M. Rhee,  J. Ritchie,  M. A. Rohrdanz,  
 E. Rosta,  N. J. Russ,  H. F. Schaefer III,  N. E. Schultz,  N. Shenvi,  
 A. C. Simmonett,  A. Sodt,  D. Stuck,  K. S. Thanthiriwatte,  V. Vanovschi,  
 Tao Wang,  A. Warshel,  C. F. Williams,  Q. Wu,  X. Xu,  W. Zhang

 Please cite Q-Chem as follows:
 Y. Shao et al., Mol. Phys. 113, 184-215 (2015)
 DOI: 10.1080/00268976.2014.952696

 Q-Chem 5.0.1 for Intel X86 EM64T Linux

 Parts of Q-Chem use Armadillo 5.200.1 (Boston Tea Smuggler).
 http://arma.sourceforge.net/

 Q-Chem begins on Mon Apr  2 00:58:46 2018  

Host: vega03.cac.cornell.edu
0

     Scratch files written to /scratch/jj585/vdw/11n11_distance_4.500_10.save//
 Parallel job on  1  processors

Checking the input file for inconsistencies... 	...done.

--------------------------------------------------------------
User input:
--------------------------------------------------------------
$molecule
0  1
C        -0.54444000        -0.68370000        -0.06689000
C        -0.55709000        +0.71878000        +0.05493000
C        +0.74969000        -1.43776000        -0.09374000
C        +0.72843000        +1.48436000        +0.06598000
O        +1.53645000        -1.09176000        +0.94813000
O        +1.04702000        -2.28405000        -0.90088000
O        +1.53784000        +1.08301000        -0.93877000
O        +1.01035000        +2.37097000        +0.83478000
C        +2.83449000        +1.70121000        -0.99358000
C        +2.82316000        -1.73208000        +1.00475000
C        -1.74320000        -1.41616000        -0.12552000
C        -2.93952000        -0.70056000        -0.05285000
C        -2.95313000        +0.68255000        +0.06934000
C        -1.77161000        +1.42404000        +0.12810000
H        +2.73835000        +2.77989000        -1.12464000
H        +2.70778000        -2.81319000        +1.09555000
H        -3.90354000        +1.20325000        +0.11710000
H        +3.38998000        +1.50093000        -0.07544000
H        +3.33184000        +1.25269000        -1.85067000
H        +3.31095000        -1.32281000        +1.88650000
H        +3.39889000        -1.50934000        +0.10459000
H        -3.87892000        -1.24211000        -0.08988000
C        -1.83960000        +2.92746000        +0.24839000
C        -1.78103000        -2.92226000        -0.24590000
H        -1.39752000        -3.25223000        -1.21323000
H        -2.80572000        -3.28175000        -0.13627000
H        -1.16958000        -3.40777000        +0.51926000
H        -1.24214000        +3.42352000        -0.52065000
H        -1.45503000        +3.26427000        +1.21284000
H        -2.87211000        +3.26623000        +0.14638000
@C        -0.51347000        -1.07606000        +4.41587000
@C        -0.52612000        +0.32642000        +4.53769000
@C        +0.78066000        -1.83012000        +4.38902000
@C        +0.75940000        +1.09200000        +4.54874000
@O        +1.56742000        -1.48412000        +5.43089000
@O        +1.07799000        -2.67641000        +3.58188000
@O        +1.56881000        +0.69065000        +3.54399000
@O        +1.04132000        +1.97861000        +5.31754000
@C        +2.86546000        +1.30885000        +3.48918000
@C        +2.85413000        -2.12444000        +5.48751000
@C        -1.71223000        -1.80852000        +4.35724000
@C        -2.90855000        -1.09292000        +4.42991000
@C        -2.92216000        +0.29019000        +4.55210000
@C        -1.74064000        +1.03168000        +4.61086000
@H        +2.76932000        +2.38753000        +3.35812000
@H        +2.73875000        -3.20555000        +5.57831000
@H        -3.87257000        +0.81089000        +4.59986000
@H        +3.42095000        +1.10857000        +4.40732000
@H        +3.36281000        +0.86033000        +2.63209000
@H        +3.34192000        -1.71517000        +6.36926000
@H        +3.42986000        -1.90170000        +4.58735000
@H        -3.84795000        -1.63447000        +4.39288000
@C        -1.80863000        +2.53510000        +4.73115000
@C        -1.75006000        -3.31462000        +4.23686000
@H        -1.36655000        -3.64459000        +3.26953000
@H        -2.77475000        -3.67411000        +4.34649000
@H        -1.13861000        -3.80013000        +5.00202000
@H        -1.21117000        +3.03116000        +3.96211000
@H        -1.42406000        +2.87191000        +5.69560000
@H        -2.84114000        +2.87387000        +4.62914000
$end

$rem
JOBTYPE                   SP
METHOD                    B3LYP
DFT_D                     d3_op
BASIS                     6-311++G(d,p)
SYMMETRY                  False
THRESH                    12
SCF_CONVERGENCE           8
MAX_SUB_FILE_NUM          128
MEM_STATIC                400
MEM_TOTAL                 4000
$end
--------------------------------------------------------------
 Adding empirical dispersion correction 
 ----------------------------------------------------------------
 Doing -D3(op) with
 s6 =   1.00000
 s8 =   0.78311
 a1 =   0.30000
 a2 =   4.25000
 n  =  10.00000
 -D3 energy without 3body term =     -0.0335599997 hartrees
 ----------------------------------------------------------------
             Standard Nuclear Orientation (Angstroms)
    I     Atom           X                Y                Z
 ----------------------------------------------------------------
    1      C      -0.5444400000    -0.6837000000    -0.0668900000
    2      C      -0.5570900000     0.7187800000     0.0549300000
    3      C       0.7496900000    -1.4377600000    -0.0937400000
    4      C       0.7284300000     1.4843600000     0.0659800000
    5      O       1.5364500000    -1.0917600000     0.9481300000
    6      O       1.0470200000    -2.2840500000    -0.9008800000
    7      O       1.5378400000     1.0830100000    -0.9387700000
    8      O       1.0103500000     2.3709700000     0.8347800000
    9      C       2.8344900000     1.7012100000    -0.9935800000
   10      C       2.8231600000    -1.7320800000     1.0047500000
   11      C      -1.7432000000    -1.4161600000    -0.1255200000
   12      C      -2.9395200000    -0.7005600000    -0.0528500000
   13      C      -2.9531300000     0.6825500000     0.0693400000
   14      C      -1.7716100000     1.4240400000     0.1281000000
   15      H       2.7383500000     2.7798900000    -1.1246400000
   16      H       2.7077800000    -2.8131900000     1.0955500000
   17      H      -3.9035400000     1.2032500000     0.1171000000
   18      H       3.3899800000     1.5009300000    -0.0754400000
   19      H       3.3318400000     1.2526900000    -1.8506700000
   20      H       3.3109500000    -1.3228100000     1.8865000000
   21      H       3.3988900000    -1.5093400000     0.1045900000
   22      H      -3.8789200000    -1.2421100000    -0.0898800000
   23      C      -1.8396000000     2.9274600000     0.2483900000
   24      C      -1.7810300000    -2.9222600000    -0.2459000000
   25      H      -1.3975200000    -3.2522300000    -1.2132300000
   26      H      -2.8057200000    -3.2817500000    -0.1362700000
   27      H      -1.1695800000    -3.4077700000     0.5192600000
   28      H      -1.2421400000     3.4235200000    -0.5206500000
   29      H      -1.4550300000     3.2642700000     1.2128400000
   30      H      -2.8721100000     3.2662300000     0.1463800000
   31      GH     -0.5134700000    -1.0760600000     4.4158700000
   32      GH     -0.5261200000     0.3264200000     4.5376900000
   33      GH      0.7806600000    -1.8301200000     4.3890200000
   34      GH      0.7594000000     1.0920000000     4.5487400000
   35      GH      1.5674200000    -1.4841200000     5.4308900000
   36      GH      1.0779900000    -2.6764100000     3.5818800000
   37      GH      1.5688100000     0.6906500000     3.5439900000
   38      GH      1.0413200000     1.9786100000     5.3175400000
   39      GH      2.8654600000     1.3088500000     3.4891800000
   40      GH      2.8541300000    -2.1244400000     5.4875100000
   41      GH     -1.7122300000    -1.8085200000     4.3572400000
   42      GH     -2.9085500000    -1.0929200000     4.4299100000
   43      GH     -2.9221600000     0.2901900000     4.5521000000
   44      GH     -1.7406400000     1.0316800000     4.6108600000
   45      GH      2.7693200000     2.3875300000     3.3581200000
   46      GH      2.7387500000    -3.2055500000     5.5783100000
   47      GH     -3.8725700000     0.8108900000     4.5998600000
   48      GH      3.4209500000     1.1085700000     4.4073200000
   49      GH      3.3628100000     0.8603300000     2.6320900000
   50      GH      3.3419200000    -1.7151700000     6.3692600000
   51      GH      3.4298600000    -1.9017000000     4.5873500000
   52      GH     -3.8479500000    -1.6344700000     4.3928800000
   53      GH     -1.8086300000     2.5351000000     4.7311500000
   54      GH     -1.7500600000    -3.3146200000     4.2368600000
   55      GH     -1.3665500000    -3.6445900000     3.2695300000
   56      GH     -2.7747500000    -3.6741100000     4.3464900000
   57      GH     -1.1386100000    -3.8001300000     5.0020200000
   58      GH     -1.2111700000     3.0311600000     3.9621100000
   59      GH     -1.4240600000     2.8719100000     5.6956000000
   60      GH     -2.8411400000     2.8738700000     4.6291400000
 ----------------------------------------------------------------
 Nuclear Repulsion Energy =  1146.4724567292 hartrees
 There are       59 alpha and       59 beta electrons
 Requested basis set is 6-311++G(d,p)
 There are 332 shells and 900 basis functions

 Total QAlloc Memory Limit   4000 MB
 Mega-Array Size       392 MB
 MEM_STATIC part       400 MB
 A cutoff of  1.0D-12 yielded  39471 shell pairs
 There are    292667 function pairs (    310894 Cartesian)
 
 -------------------------------------------------------
 OpenMP Integral Computing Module                       
 Release: version 1.0, May 2013, Q-Chem Inc. Pittsburgh 
 -------------------------------------------------------
 Integral Job Info:
 Integral job number is                      11
 Integral operator is                         1
 short-range coefficients                     0
 long-range coefficients              100000000
 Omega coefficients                           0
 if combine SR and LR in K                    0
 Integral screening is                        0
 Integral computing path is                   2
 max size of driver memory is            800000
 size of driver memory is                593474
 size of scratch memory is              2361544
 max col of scratch BK array               1296
 max len of scratch array in speh3          155
 max len of scratch index in speh4           18
 max int batch size is                      520
 min int batch size is                       52
 fixed nKL is                                52
 max L of basis functions is                  2
 order of int derivative is                   0
 number of shells is                        332
 number of basis is                         932
 number of cartesian basis is               932
 number of contracted shell pairs         39471
 number of primitive shell pairs          84243
 maxK2 (contraction) of shell pair           36
 max number of K2 of shell pair               1
 max number of CS2 of shell pair           7917
 max number of PS2 of shell pair          13368
 mem total for path MDJ                  558888
 -------------------------------------------------------
 Smallest overlap matrix eigenvalue = 1.31E-08
 Linear dependence detected in AO basis
 Number of orthogonalized atomic orbitals = 889
 Maximum deviation from orthogonality = 1.738E-10

 Scale SEOQF with 1.000000e-01/1.000000e-01/1.000000e-02

 Standard Electronic Orientation quadrupole field applied
 Nucleus-field energy     =     0.0000000441 hartrees
 Guess from superposition of atomic densities
 Warning:  Energy on first SCF cycle will be non-variational

 Q-Chem warning in module /opt/software/qchem/qchem-5.0.1/libgen/Atomic_PolEc.C, line 58:

 No atomic polarizability available.


 Q-Chem warning in module /opt/software/qchem/qchem-5.0.1/libgen/Atomic_PolEc.C, line 73:

 No atomic polarizability available.


 Q-Chem warning in module /opt/software/qchem/qchem-5.0.1/libgen/Atomic_PolEc.C, line 58:

 No atomic polarizability available.


 Q-Chem warning in module /opt/software/qchem/qchem-5.0.1/libgen/Atomic_PolEc.C, line 73:

 No atomic polarizability available.


 Q-Chem warning in module /opt/software/qchem/qchem-5.0.1/libgen/Atomic_PolEc.C, line 58:

 No atomic polarizability available.


 Q-Chem warning in module /opt/software/qchem/qchem-5.0.1/libgen/Atomic_PolEc.C, line 73:

 No atomic polarizability available.


 Q-Chem warning in module /opt/software/qchem/qchem-5.0.1/libgen/Atomic_PolEc.C, line 58:

 No atomic polarizability available.


 Q-Chem warning in module /opt/software/qchem/qchem-5.0.1/libgen/Atomic_PolEc.C, line 73:

 No atomic polarizability available.


 Q-Chem warning in module /opt/software/qchem/qchem-5.0.1/libgen/Atomic_PolEc.C, line 58:

 No atomic polarizability available.


 Q-Chem warning in module /opt/software/qchem/qchem-5.0.1/libgen/Atomic_PolEc.C, line 73:

 No atomic polarizability available.


 Q-Chem warning in module /opt/software/qchem/qchem-5.0.1/libgen/Atomic_PolEc.C, line 58:

 No atomic polarizability available.


 Q-Chem warning in module /opt/software/qchem/qchem-5.0.1/libgen/Atomic_PolEc.C, line 73:

 No atomic polarizability available.


 Q-Chem warning in module /opt/software/qchem/qchem-5.0.1/libgen/Atomic_PolEc.C, line 58:

 No atomic polarizability available.


 Q-Chem warning in module /opt/software/qchem/qchem-5.0.1/libgen/Atomic_PolEc.C, line 73:

 No atomic polarizability available.


 Q-Chem warning in module /opt/software/qchem/qchem-5.0.1/libgen/Atomic_PolEc.C, line 58:

 No atomic polarizability available.


 Q-Chem warning in module /opt/software/qchem/qchem-5.0.1/libgen/Atomic_PolEc.C, line 73:

 No atomic polarizability available.


 Q-Chem warning in module /opt/software/qchem/qchem-5.0.1/libgen/Atomic_PolEc.C, line 58:

 No atomic polarizability available.


 Q-Chem warning in module /opt/software/qchem/qchem-5.0.1/libgen/Atomic_PolEc.C, line 73:

 No atomic polarizability available.


 Q-Chem warning in module /opt/software/qchem/qchem-5.0.1/libgen/Atomic_PolEc.C, line 58:

 No atomic polarizability available.


 Q-Chem warning in module /opt/software/qchem/qchem-5.0.1/libgen/Atomic_PolEc.C, line 73:

 No atomic polarizability available.


 Q-Chem warning in module /opt/software/qchem/qchem-5.0.1/libgen/Atomic_PolEc.C, line 58:

 No atomic polarizability available.


 Q-Chem warning in module /opt/software/qchem/qchem-5.0.1/libgen/Atomic_PolEc.C, line 73:

 No atomic polarizability available.


 Q-Chem warning in module /opt/software/qchem/qchem-5.0.1/libgen/Atomic_PolEc.C, line 58:

 No atomic polarizability available.


 Q-Chem warning in module /opt/software/qchem/qchem-5.0.1/libgen/Atomic_PolEc.C, line 73:

 No atomic polarizability available.


 Q-Chem warning in module /opt/software/qchem/qchem-5.0.1/libgen/Atomic_PolEc.C, line 58:

 No atomic polarizability available.


 Q-Chem warning in module /opt/software/qchem/qchem-5.0.1/libgen/Atomic_PolEc.C, line 73:

 No atomic polarizability available.


 Q-Chem warning in module /opt/software/qchem/qchem-5.0.1/libgen/Atomic_PolEc.C, line 58:

 No atomic polarizability available.


 Q-Chem warning in module /opt/software/qchem/qchem-5.0.1/libgen/Atomic_PolEc.C, line 73:

 No atomic polarizability available.


 Q-Chem warning in module /opt/software/qchem/qchem-5.0.1/libgen/Atomic_PolEc.C, line 58:

 No atomic polarizability available.


 Q-Chem warning in module /opt/software/qchem/qchem-5.0.1/libgen/Atomic_PolEc.C, line 73:

 No atomic polarizability available.


 Q-Chem warning in module /opt/software/qchem/qchem-5.0.1/libgen/Atomic_PolEc.C, line 58:

 No atomic polarizability available.


 Q-Chem warning in module /opt/software/qchem/qchem-5.0.1/libgen/Atomic_PolEc.C, line 73:

 No atomic polarizability available.


 Q-Chem warning in module /opt/software/qchem/qchem-5.0.1/libgen/Atomic_PolEc.C, line 58:

 No atomic polarizability available.


 Q-Chem warning in module /opt/software/qchem/qchem-5.0.1/libgen/Atomic_PolEc.C, line 73:

 No atomic polarizability available.


 Q-Chem warning in module /opt/software/qchem/qchem-5.0.1/libgen/Atomic_PolEc.C, line 58:

 No atomic polarizability available.


 Q-Chem warning in module /opt/software/qchem/qchem-5.0.1/libgen/Atomic_PolEc.C, line 73:

 No atomic polarizability available.


 Q-Chem warning in module /opt/software/qchem/qchem-5.0.1/libgen/Atomic_PolEc.C, line 58:

 No atomic polarizability available.


 Q-Chem warning in module /opt/software/qchem/qchem-5.0.1/libgen/Atomic_PolEc.C, line 73:

 No atomic polarizability available.


 Q-Chem warning in module /opt/software/qchem/qchem-5.0.1/libgen/Atomic_PolEc.C, line 58:

 No atomic polarizability available.


 Q-Chem warning in module /opt/software/qchem/qchem-5.0.1/libgen/Atomic_PolEc.C, line 73:

 No atomic polarizability available.


 Q-Chem warning in module /opt/software/qchem/qchem-5.0.1/libgen/Atomic_PolEc.C, line 58:

 No atomic polarizability available.


 Q-Chem warning in module /opt/software/qchem/qchem-5.0.1/libgen/Atomic_PolEc.C, line 73:

 No atomic polarizability available.


 Q-Chem warning in module /opt/software/qchem/qchem-5.0.1/libgen/Atomic_PolEc.C, line 58:

 No atomic polarizability available.


 Q-Chem warning in module /opt/software/qchem/qchem-5.0.1/libgen/Atomic_PolEc.C, line 73:

 No atomic polarizability available.


 Q-Chem warning in module /opt/software/qchem/qchem-5.0.1/libgen/Atomic_PolEc.C, line 58:

 No atomic polarizability available.


 Q-Chem warning in module /opt/software/qchem/qchem-5.0.1/libgen/Atomic_PolEc.C, line 73:

 No atomic polarizability available.


 Q-Chem warning in module /opt/software/qchem/qchem-5.0.1/libgen/Atomic_PolEc.C, line 58:

 No atomic polarizability available.


 Q-Chem warning in module /opt/software/qchem/qchem-5.0.1/libgen/Atomic_PolEc.C, line 73:

 No atomic polarizability available.


 Q-Chem warning in module /opt/software/qchem/qchem-5.0.1/libgen/Atomic_PolEc.C, line 58:

 No atomic polarizability available.


 Q-Chem warning in module /opt/software/qchem/qchem-5.0.1/libgen/Atomic_PolEc.C, line 73:

 No atomic polarizability available.


 Q-Chem warning in module /opt/software/qchem/qchem-5.0.1/libgen/Atomic_PolEc.C, line 58:

 No atomic polarizability available.


 Q-Chem warning in module /opt/software/qchem/qchem-5.0.1/libgen/Atomic_PolEc.C, line 73:

 No atomic polarizability available.


 Q-Chem warning in module /opt/software/qchem/qchem-5.0.1/libgen/Atomic_PolEc.C, line 58:

 No atomic polarizability available.


 Q-Chem warning in module /opt/software/qchem/qchem-5.0.1/libgen/Atomic_PolEc.C, line 73:

 No atomic polarizability available.


 Q-Chem warning in module /opt/software/qchem/qchem-5.0.1/libgen/Atomic_PolEc.C, line 58:

 No atomic polarizability available.


 Q-Chem warning in module /opt/software/qchem/qchem-5.0.1/libgen/Atomic_PolEc.C, line 73:

 No atomic polarizability available.


 Q-Chem warning in module /opt/software/qchem/qchem-5.0.1/libgen/Atomic_PolEc.C, line 58:

 No atomic polarizability available.


 Q-Chem warning in module /opt/software/qchem/qchem-5.0.1/libgen/Atomic_PolEc.C, line 73:

 No atomic polarizability available.


 Q-Chem warning in module /opt/software/qchem/qchem-5.0.1/libgen/Atomic_PolEc.C, line 58:

 No atomic polarizability available.


 Q-Chem warning in module /opt/software/qchem/qchem-5.0.1/libgen/Atomic_PolEc.C, line 73:

 No atomic polarizability available.

 A restricted hybrid HF-DFT SCF calculation will be
 performed using Pulay DIIS extrapolation
 Exchange:     0.2000 Hartree-Fock + 0.0800 Slater + 0.7200 B88
 Correlation:  0.1900 VWN1RPA + 0.8100 LYP
 Using SG-1 standard quadrature grid
 Dispersion:   Grimme D3
 SCF converges when DIIS error is below 1.0E-08
 using 2 threads for integral computing
 -------------------------------------------------------
 OpenMP Integral computing Module                
 Release: version 1.0, May 2013, Q-Chem Inc. Pittsburgh 
 -------------------------------------------------------
 -------------------------------------------------------
 OpenMP BLAS3 based DFT computing Module                
 Release: version 1.0, May 2013, Q-Chem Inc. Pittsburgh 
 -------------------------------------------------------
 ---------------------------------------
  Cycle       Energy         DIIS Error
 ---------------------------------------
    1    -770.1914462291      1.53E-02
    2    -766.5506704772      1.97E-03
    3    -766.0291972358      3.35E-03
    4    -766.8178142670      8.45E-04
    5    -766.8751829526      1.89E-04
    6    -766.8772772852      8.51E-05
    7    -766.8778025862      1.42E-05
    8    -766.8778162970      5.18E-06
    9    -766.8778185760      1.25E-06
   10    -766.8778186694      7.06E-07
   11    -766.8778187213      1.48E-07
   12    -766.8778187230      6.51E-08
   13    -766.8778187232      2.88E-08
   14    -766.8778187232      6.09E-09 Convergence criterion met
 ---------------------------------------
 SCF time:  CPU 4930.92 s  wall 2476.82 s
 SCF   energy in the final basis set = -766.87781872
 Total energy in the final basis set = -766.87781872
 
 --------------------------------------------------------------
 
                    Orbital Energies (a.u.)
 --------------------------------------------------------------
 
 Alpha MOs
 -- Occupied --
-19.176 -19.176 -19.119 -19.119 -10.311 -10.311 -10.232 -10.232
-10.205 -10.205 -10.201 -10.201 -10.187 -10.186 -10.171 -10.170
 -1.121  -1.114  -1.031  -1.030  -0.885  -0.807  -0.795  -0.747
 -0.734  -0.725  -0.675  -0.649  -0.620  -0.577  -0.565  -0.537
 -0.517  -0.515  -0.491  -0.489  -0.480  -0.477  -0.469  -0.442
 -0.434  -0.429  -0.420  -0.416  -0.411  -0.406  -0.396  -0.387
 -0.380  -0.373  -0.362  -0.359  -0.357  -0.321  -0.313  -0.293
 -0.292  -0.266  -0.253
 -- Virtual --
 -0.058  -0.034  -0.012  -0.006  -0.000   0.009   0.011   0.013
  0.019   0.022   0.025   0.028   0.030   0.035   0.037   0.040
  0.044   0.048   0.049   0.056   0.057   0.058   0.061   0.063
  0.067   0.071   0.074   0.074   0.078   0.083   0.088   0.090
  0.092   0.094   0.097   0.101   0.101   0.104   0.106   0.109
  0.110   0.112   0.113   0.118   0.119   0.121   0.125   0.128
  0.129   0.132   0.133   0.135   0.139   0.140   0.141   0.143
  0.144   0.145   0.148   0.150   0.152   0.154   0.155   0.159
  0.160   0.164   0.165   0.168   0.171   0.173   0.173   0.178
  0.179   0.179   0.184   0.187   0.188   0.188   0.192   0.194
  0.198   0.199   0.202   0.205   0.206   0.207   0.212   0.212
  0.216   0.219   0.222   0.223   0.225   0.229   0.230   0.231
  0.234   0.237   0.237   0.239   0.242   0.249   0.249   0.250
  0.251   0.255   0.258   0.260   0.264   0.265   0.267   0.268
  0.271   0.274   0.276   0.278   0.279   0.283   0.288   0.290
  0.292   0.295   0.297   0.301   0.305   0.307   0.311   0.315
  0.316   0.319   0.323   0.325   0.326   0.330   0.334   0.337
  0.337   0.338   0.342   0.345   0.351   0.353   0.355   0.356
  0.359   0.362   0.367   0.370   0.373   0.375   0.381   0.383
  0.384   0.386   0.389   0.393   0.394   0.398   0.400   0.404
  0.408   0.410   0.411   0.413   0.420   0.422   0.426   0.428
  0.430   0.435   0.437   0.445   0.446   0.448   0.453   0.456
  0.462   0.463   0.469   0.474   0.478   0.482   0.485   0.488
  0.493   0.493   0.495   0.501   0.506   0.510   0.512   0.521
  0.521   0.528   0.535   0.538   0.542   0.545   0.548   0.555
  0.561   0.565   0.569   0.573   0.576   0.578   0.588   0.590
  0.594   0.597   0.602   0.606   0.611   0.615   0.616   0.620
  0.624   0.625   0.629   0.635   0.637   0.643   0.643   0.647
  0.651   0.653   0.659   0.667   0.669   0.670   0.674   0.677
  0.685   0.686   0.692   0.695   0.699   0.700   0.702   0.708
  0.715   0.717   0.718   0.724   0.731   0.735   0.737   0.741
  0.745   0.748   0.756   0.758   0.761   0.766   0.768   0.774
  0.776   0.779   0.787   0.790   0.795   0.798   0.804   0.811
  0.813   0.816   0.823   0.831   0.834   0.837   0.839   0.846
  0.857   0.862   0.868   0.886   0.888   0.891   0.898   0.916
  0.928   0.932   0.938   0.941   0.947   0.955   0.957   0.959
  0.981   0.985   0.991   0.996   1.003   1.007   1.013   1.019
  1.029   1.035   1.035   1.038   1.040   1.054   1.058   1.064
  1.071   1.074   1.080   1.085   1.094   1.095   1.100   1.105
  1.108   1.120   1.125   1.130   1.137   1.142   1.151   1.159
  1.165   1.167   1.171   1.178   1.189   1.202   1.206   1.212
  1.214   1.225   1.238   1.241   1.245   1.257   1.262   1.268
  1.274   1.286   1.293   1.298   1.308   1.315   1.321   1.328
  1.336   1.339   1.343   1.359   1.365   1.377   1.382   1.387
  1.396   1.408   1.412   1.420   1.431   1.434   1.439   1.456
  1.458   1.467   1.477   1.483   1.492   1.498   1.503   1.521
  1.524   1.527   1.537   1.543   1.546   1.550   1.554   1.562
  1.565   1.573   1.584   1.592   1.595   1.596   1.599   1.604
  1.614   1.617   1.621   1.628   1.633   1.638   1.644   1.653
  1.656   1.663   1.665   1.681   1.682   1.691   1.696   1.708
  1.724   1.727   1.730   1.733   1.735   1.742   1.752   1.752
  1.760   1.767   1.771   1.774   1.785   1.786   1.794   1.799
  1.803   1.807   1.808   1.811   1.822   1.825   1.831   1.836
  1.839   1.842   1.848   1.851   1.854   1.862   1.871   1.878
  1.886   1.890   1.895   1.900   1.902   1.906   1.911   1.913
  1.920   1.926   1.934   1.944   1.950   1.957   1.957   1.969
  1.973   1.982   1.992   1.998   2.010   2.017   2.024   2.031
  2.034   2.041   2.052   2.066   2.070   2.090   2.093   2.096
  2.099   2.111   2.112   2.114   2.120   2.125   2.131   2.139
  2.142   2.147   2.152   2.162   2.168   2.176   2.181   2.188
  2.193   2.198   2.208   2.217   2.221   2.233   2.237   2.258
  2.296   2.305   2.310   2.317   2.324   2.333   2.336   2.341
  2.343   2.348   2.356   2.366   2.380   2.385   2.393   2.402
  2.412   2.419   2.431   2.441   2.453   2.466   2.471   2.478
  2.495   2.503   2.510   2.511   2.514   2.515   2.522   2.526
  2.529   2.533   2.549   2.557   2.558   2.572   2.577   2.582
  2.592   2.600   2.604   2.605   2.614   2.620   2.625   2.628
  2.642   2.651   2.661   2.664   2.676   2.680   2.685   2.688
  2.690   2.695   2.708   2.714   2.725   2.731   2.739   2.745
  2.752   2.757   2.769   2.772   2.774   2.779   2.787   2.804
  2.812   2.823   2.826   2.831   2.844   2.856   2.863   2.875
  2.884   2.890   2.898   2.905   2.910   2.916   2.919   2.922
  2.927   2.935   2.945   2.954   2.961   2.964   2.972   2.991
  2.997   3.009   3.022   3.027   3.035   3.048   3.053   3.062
  3.068   3.073   3.085   3.093   3.100   3.110   3.115   3.120
  3.133   3.145   3.150   3.153   3.172   3.199   3.204   3.219
  3.225   3.233   3.246   3.246   3.254   3.258   3.268   3.278
  3.290   3.296   3.298   3.310   3.327   3.335   3.348   3.355
  3.357   3.389   3.398   3.407   3.414   3.419   3.433   3.445
  3.473   3.477   3.492   3.499   3.504   3.527   3.532   3.533
  3.543   3.556   3.559   3.569   3.581   3.599   3.601   3.623
  3.628   3.635   3.648   3.669   3.680   3.701   3.712   3.742
  3.759   3.762   3.786   3.800   3.801   3.802   3.809   3.836
  3.848   3.863   3.890   3.908   3.922   3.950   3.977   4.027
  4.048   4.059   4.081   4.090   4.093   4.147   4.179   4.238
  4.242   4.247   4.335   4.364   4.392   4.422   4.541   4.554
  4.574   4.610   4.667   4.725   4.741   4.772   4.789   4.798
  4.824   4.832   4.846   4.848   4.862   4.867   4.870   4.901
  4.918   4.923   4.951   4.959   4.976   4.983   5.029   5.088
  5.157   5.171   5.193   5.198   5.250   5.268   5.277   5.304
  5.313   5.346   5.420   5.467   5.568   5.584   5.629   5.642
  5.691   5.717   5.898   5.931   6.124   6.147   7.129   7.217
  7.228   7.315   7.340   7.421   7.436   7.488   7.646   7.693
  7.737   7.754   7.792   7.799   7.802   7.813   7.827   7.834
  7.863   7.873   7.877   7.896   7.910   7.940   7.971   7.978
  8.015   8.061   8.082   8.111   8.127   8.272   8.510   8.541
  8.676   9.045   9.731   9.995  10.011  10.018  10.020  10.054
 10.089  10.228  10.257  10.280  10.282  10.332  13.585  13.633
 13.654  13.724  13.726  13.763  13.883  13.958  14.159  14.195
 14.314  14.334  18.582  18.610  18.720  18.778  23.612  23.867
 23.881  23.936  23.941  23.952  23.964  23.984  24.031  24.074
 24.076  24.170  49.911  49.944  50.028  50.044  69.783  69.938
 69.948  69.954  69.974  69.981  70.029  70.045  70.070  70.078
 70.092  70.119 139.745 139.798 139.822 139.852
 --------------------------------------------------------------
 
          Ground-State Mulliken Net Atomic Charges

     Atom                 Charge (a.u.)
  ----------------------------------------
      1 C                     0.078082
      2 C                     0.472790
      3 C                    -0.455118
      4 C                    -0.910598
      5 O                     0.141189
      6 O                    -0.125060
      7 O                     0.112921
      8 O                    -0.073916
      9 C                    -0.151520
     10 C                    -0.354051
     11 C                     0.447335
     12 C                    -0.254809
     13 C                    -0.340313
     14 C                     0.265797
     15 H                     0.164818
     16 H                     0.200344
     17 H                     0.167061
     18 H                     0.185271
     19 H                     0.171423
     20 H                     0.100785
     21 H                     0.197366
     22 H                     0.168157
     23 C                    -0.628275
     24 C                    -0.608327
     25 H                     0.215703
     26 H                     0.127815
     27 H                     0.214303
     28 H                     0.175218
     29 H                     0.209963
     30 H                     0.139406
     31 GH                   -0.177787
     32 GH                    0.111017
     33 GH                    0.074069
     34 GH                   -0.123443
     35 GH                    0.000097
     36 GH                   -0.000681
     37 GH                   -0.014431
     38 GH                    0.001695
     39 GH                    0.015837
     40 GH                   -0.010297
     41 GH                    0.019581
     42 GH                    0.058172
     43 GH                   -0.034426
     44 GH                   -0.000125
     45 GH                    0.000815
     46 GH                    0.000861
     47 GH                   -0.001315
     48 GH                    0.002805
     49 GH                    0.001524
     50 GH                   -0.000946
     51 GH                    0.005816
     52 GH                    0.000273
     53 GH                    0.008400
     54 GH                    0.025658
     55 GH                   -0.013303
     56 GH                    0.000714
     57 GH                   -0.000260
     58 GH                   -0.005558
     59 GH                   -0.001187
     60 GH                    0.002666
  ----------------------------------------
  Sum of atomic charges =     0.000000

 -----------------------------------------------------------------
                    Cartesian Multipole Moments
 -----------------------------------------------------------------
    Charge (ESU x 10^10)
                 0.0000
    Dipole Moment (Debye)
         X       0.0653      Y      -0.1068      Z       0.0819
       Tot       0.1497
    Quadrupole Moments (Debye-Ang)
        XX     -76.2246     XY      -0.0563     YY     -95.4539
        XZ       0.0726     YZ      -8.9341     ZZ     -99.4693
    Octopole Moments (Debye-Ang^2)
       XXX      45.9745    XXY      -0.4812    XYY      -4.6694
       YYY      -4.4079    XXZ       0.7139    XYZ     -18.9821
       YYZ       0.1405    XZZ      17.6951    YZZ      -0.0534
       ZZZ       1.1555
    Hexadecapole Moments (Debye-Ang^3)
      XXXX   -2039.3496   XXXY       6.6411   XXYY    -656.1609
      XYYY       3.7002   YYYY   -2002.5568   XXXZ       1.4307
      XXYZ     -32.4149   XYYZ       1.1294   YYYZ     -66.5857
      XXZZ    -435.2213   XYZZ       2.4040   YYZZ    -396.0474
      XZZZ       3.7993   YZZZ     -10.6627   ZZZZ    -334.6559
 -----------------------------------------------------------------
Archival summary:
1\1\vega03.cac.cornell.edu\SP\ProcedureUnspecified\BasisUnspecified\41214h30\jj585\MonApr201:40:052018MonApr201:40:052018\0\\#,ProcedureUnspecified,BasisUnspecified,\\0,1\O\C,1,1.3512\O,2,1.2069,1,123.501\C,1,1.43752,2,116.164,3,4.8931,0\H,4,1.08772,1,105.376,2,179.706,0\H,4,1.09086,1,110.507,2,-60.681,0\H,4,1.09163,1,110.367,2,60.0909,0\C,2,1.49626,1,110.928,3,178.057,0\C,8,1.40634,2,119.012,1,-130.615,0\C,9,1.39616,8,117.536,2,177.857,0\H,10,1.08475,9,118.991,8,-179.6,0\C,10,1.38856,9,121.629,8,0.183585,0\H,12,1.08495,10,119.453,9,179.671,0\C,12,1.3959,10,121.575,9,-0.129654,0\C,14,1.40604,12,117.481,10,0.160349,0\C,15,1.49803,14,118.266,12,177.84,0\O,16,1.20668,15,125.302,14,50.5403,0\O,16,1.35063,15,111.128,14,-126.75,0\C,18,1.43835,16,115.94,15,-178.519,0\H,19,1.08762,18,105.403,16,179.104,0\H,19,1.09103,18,110.475,16,-61.3232,0\H,19,1.0915,18,110.399,16,59.3962,0\C,9,1.50976,8,122.848,2,-1.37569,0\H,23,1.09144,9,110.135,8,171.975,0\H,23,1.09156,9,111.21,8,-67.4939,0\H,23,1.09291,9,111.796,8,51.7903,0\C,14,1.51138,12,119.574,10,179.468,0\H,27,1.09144,14,110.104,12,-7.00566,0\H,27,1.09164,14,111.284,12,113.49,0\H,27,1.09319,14,111.89,12,-127.081,0\Gh,20,2.30753,19,128.906,18,-42.2688,0\Gh,31,1.08772,20,129.379,19,108.459,0\Gh,32,1.09086,31,110.694,20,-158.019,0\Gh,32,1.09163,31,110.757,20,80.8259,0\Gh,32,1.43752,31,105.376,20,-38.5296,0\Gh,35,1.3512,32,116.164,31,179.706,0\Gh,36,1.2069,35,123.501,32,4.8931,0\Gh,36,1.49626,35,110.928,32,-177.05,0\Gh,38,1.40634,36,119.012,35,-130.615,0\Gh,39,1.39616,38,117.536,36,177.857,0\Gh,40,1.08475,39,118.991,38,-179.6,0\Gh,40,1.38856,39,121.629,38,0.183585,0\Gh,42,1.08495,40,119.453,39,179.671,0\Gh,42,1.3959,40,121.575,39,-0.129654,0\Gh,44,1.40604,42,117.481,40,0.160349,0\Gh,45,1.49803,44,118.266,42,177.84,0\Gh,46,1.20668,45,125.302,44,50.5403,0\Gh,46,1.35063,45,111.128,44,-126.75,0\Gh,48,1.43835,46,115.94,45,-178.519,0\Gh,49,1.08762,48,105.403,46,179.104,0\Gh,49,1.09103,48,110.475,46,-61.3232,0\Gh,49,1.0915,48,110.399,46,59.3962,0\Gh,39,1.50976,38,122.848,36,-1.37569,0\Gh,53,1.09144,39,110.135,38,171.975,0\Gh,53,1.09156,39,111.21,38,-67.4939,0\Gh,53,1.09291,39,111.796,38,51.7903,0\Gh,44,1.51138,42,119.574,40,179.468,0\Gh,57,1.09144,44,110.104,42,-7.00566,0\Gh,57,1.09164,44,111.284,42,113.49,0\Gh,57,1.09319,44,111.89,42,-127.081,0\\\@

 Total job time:  2479.86s(wall), 4934.51s(cpu) 
 Mon Apr  2 01:40:05 2018

        *************************************************************
        *                                                           *
        *  Thank you very much for using Q-Chem.  Have a nice day.  *
        *                                                           *
        *************************************************************


0 sent ACK to 0 
now end server 0 ... 
