mFile = /opt/software/qchem/qchem-5.0.1//bin/mpi/machines
Process 0 of 1 is on vega03.cac.cornell.edu - thread support 0
initial socket setup ...start
initial socket setup ...done 
now start server 0 ... 
vega03 10.84.3
Q-Chem Developer Version! Running on 10.84.3.*
                  Welcome to Q-Chem
     A Quantum Leap Into The Future Of Chemistry


 Q-Chem 5.0, Q-Chem, Inc., Pleasanton, CA (2017)

 Yihan Shao,  Zhengting Gan,  E. Epifanovsky,  A. T. B. Gilbert,  M. Wormit,  
 J. Kussmann,  A. W. Lange,  A. Behn,  Jia Deng,  Xintian Feng,  D. Ghosh,  
 M. Goldey,  P. R. Horn,  L. D. Jacobson,  I. Kaliman,  T. Kus,  A. Landau,  
 Jie Liu,  E. I. Proynov,  R. M. Richard,  R. P. Steele,  E. J. Sundstrom,  
 H. L. Woodcock III,  P. M. Zimmerman,  D. Zuev,  B. Albrecht,  E. Alguire,  
 S. A. Baeppler,  Z. Benda,  Y. A. Bernard,  E. J. Berquist,  K. B. Bravaya,  
 D. Casanova,  Chun-Min Chang,  Yunqing Chen,  A. Chien,  K. D. Closser,  
 M. P. Coons,  S. Dasgupta,  M. Diedenhofen,  Hainam Do,  R. G. Edgar,  
 Po-Tung Fang,  S. Fatehi,  Qingguo Feng,  Qinghui Ge,  A. Ghysels,  
 J. Gomes,  J. Gonthier,  A. Gunina,  M. W. D. Hanson-Heine,  
 P. H. P. Harbach,  A. W. Hauser,  J. E. Herr,  E. G. Hohenstein,  
 Z. C. Holden,  Kerwin Hui,  T.-C. Jagau,  Hyunjun Ji,  B. Kaduk,  
 K. Khistyaev,  Jaehoon Kim,  P. Klunzinger,  K. Koh,  D. Kosenkov,  
 T. Kowalczyk,  C. M. Krauter,  A. Kunitsa,  Ka Un Lao,  A. Laurent,  
 K. V. Lawler,  Joonho Lee,  D. Lefrancois,  S. Lehtola,  D. S. Levine,  
 Yi-Pei Li,  You-Sheng Lin,  Fenglai Liu,  E. Livshits,  A. Luenser,  
 P. Manohar,  E. Mansoor,  S. F. Manzer,  Shan-Ping Mao,  Yuezhi Mao,  
 N. Mardirossian,  A. V. Marenich,  L. A. Martinez-Martinez,  S. A. Maurer,  
 N. J. Mayhall,  S. C. McKenzie,  J.-M. Mewes,  A. F. Morrison,  K. Nanda,  
 T. S. Nguyen-Beck,  R. Olivares-Amaya,  J. A. Parkhill,  T. M. Perrine,  
 F. Plasser,  S. Prager,  A. Prociuk,  D. R. Rehn,  F. Rob,  M. Schneider,  
 N. Sergueev,  S. M. Sharada,  S. Sharma,  D. W. Small,  T. Stauch,  
 T. Stein,  Yu-Chuan Su,  A. J. W. Thom,  T. Tsuchimochi,  L. Vogt,  
 O. Vydrov,  M. A. Watson,  J. Wenzel,  M. de Wergifosse,  T. A. Wesolowski,  
 A. White,  J. Witte,  A. Yamada,  Jun Yang,  K. Yao,  S. Yeganeh,  
 S. R. Yost,  Zhi-Qiang You,  A. Zech,  Igor Ying Zhang,  Xing Zhang,  
 Yan Zhao,  Ying Zhu,  B. R. Brooks,  G. K. L. Chan,  C. J. Cramer,  
 M. S. Gordon,  W. J. Hehre,  A. Klamt,  M. W. Schmidt,  C. D. Sherrill,  
 D. G. Truhlar,  A. Aspuru-Guzik,  R. Baer,  A. T. Bell,  N. A. Besley,  
 Jeng-Da Chai,  A. Dreuw,  B. D. Dunietz,  T. R. Furlani,  Chao-Ping Hsu,  
 Yousung Jung,  Jing Kong,  D. S. Lambrecht,  WanZhen Liang,  C. Ochsenfeld,  
 V. A. Rassolov,  L. V. Slipchenko,  J. E. Subotnik,  T. Van Voorhis,  
 J. M. Herbert,  A. I. Krylov,  P. M. W. Gill,  M. Head-Gordon

 Contributors to earlier versions of Q-Chem not listed above: 
 R. D. Adamson,  B. Austin,  J. Baker,  G. J. O. Beran,  K. Brandhorst,  
 S. T. Brown,  E. F. C. Byrd,  A. K. Chakraborty,  C.-L. Cheng,  
 Siu Hung Chien,  D. M. Chipman,  D. L. Crittenden,  H. Dachsel,  
 R. A. DiStasio Jr.,  R. J. Doerksen,  A. D. Dutoi,  L. Fusti-Molnar,  
 W. A. Goddard III,  A. Golubeva-Zadorozhnaya,  S. R. Gwaltney,  G. Hawkins,  
 A. Heyden,  S. Hirata,  G. Kedziora,  F. J. Keil,  C. Kelley,  Jihan Kim,  
 R. A. King,  R. Z. Khaliullin,  P. P. Korambath,  W. Kurlancheek,  
 A. M. Lee,  M. S. Lee,  S. V. Levchenko,  Ching Yeh Lin,  D. Liotard,  
 R. C. Lochan,  I. Lotan,  P. E. Maslen,  N. Nair,  D. P. O'Neill,  
 D. Neuhauser,  E. Neuscamman,  C. M. Oana,  R. Olson,  B. Peters,  
 R. Peverati,  P. A. Pieniazek,  Y. M. Rhee,  J. Ritchie,  M. A. Rohrdanz,  
 E. Rosta,  N. J. Russ,  H. F. Schaefer III,  N. E. Schultz,  N. Shenvi,  
 A. C. Simmonett,  A. Sodt,  D. Stuck,  K. S. Thanthiriwatte,  V. Vanovschi,  
 Tao Wang,  A. Warshel,  C. F. Williams,  Q. Wu,  X. Xu,  W. Zhang

 Please cite Q-Chem as follows:
 Y. Shao et al., Mol. Phys. 113, 184-215 (2015)
 DOI: 10.1080/00268976.2014.952696

 Q-Chem 5.0.1 for Intel X86 EM64T Linux

 Parts of Q-Chem use Armadillo 5.200.1 (Boston Tea Smuggler).
 http://arma.sourceforge.net/

 Q-Chem begins on Mon Apr  2 02:07:31 2018  

Host: vega03.cac.cornell.edu
0

     Scratch files written to /scratch/jj585/vdw/11n11_distance_5.800_11.save//
 Parallel job on  1  processors

Checking the input file for inconsistencies... 	...done.

--------------------------------------------------------------
User input:
--------------------------------------------------------------
$molecule
0  1
--
0  1
C        -0.54444000        -0.68370000        -0.06689000
C        -0.55709000        +0.71878000        +0.05493000
C        +0.74969000        -1.43776000        -0.09374000
C        +0.72843000        +1.48436000        +0.06598000
O        +1.53645000        -1.09176000        +0.94813000
O        +1.04702000        -2.28405000        -0.90088000
O        +1.53784000        +1.08301000        -0.93877000
O        +1.01035000        +2.37097000        +0.83478000
C        +2.83449000        +1.70121000        -0.99358000
C        +2.82316000        -1.73208000        +1.00475000
C        -1.74320000        -1.41616000        -0.12552000
C        -2.93952000        -0.70056000        -0.05285000
C        -2.95313000        +0.68255000        +0.06934000
C        -1.77161000        +1.42404000        +0.12810000
H        +2.73835000        +2.77989000        -1.12464000
H        +2.70778000        -2.81319000        +1.09555000
H        -3.90354000        +1.20325000        +0.11710000
H        +3.38998000        +1.50093000        -0.07544000
H        +3.33184000        +1.25269000        -1.85067000
H        +3.31095000        -1.32281000        +1.88650000
H        +3.39889000        -1.50934000        +0.10459000
H        -3.87892000        -1.24211000        -0.08988000
C        -1.83960000        +2.92746000        +0.24839000
C        -1.78103000        -2.92226000        -0.24590000
H        -1.39752000        -3.25223000        -1.21323000
H        -2.80572000        -3.28175000        -0.13627000
H        -1.16958000        -3.40777000        +0.51926000
H        -1.24214000        +3.42352000        -0.52065000
H        -1.45503000        +3.26427000        +1.21284000
H        -2.87211000        +3.26623000        +0.14638000
--
0  1
C        -0.50453000        -1.18941000        +5.71088000
C        -0.51718000        +0.21307000        +5.83270000
C        +0.78960000        -1.94347000        +5.68403000
C        +0.76834000        +0.97865000        +5.84375000
O        +1.57636000        -1.59747000        +6.72590000
O        +1.08693000        -2.78976000        +4.87689000
O        +1.57775000        +0.57730000        +4.83900000
O        +1.05026000        +1.86526000        +6.61255000
C        +2.87440000        +1.19550000        +4.78419000
C        +2.86307000        -2.23779000        +6.78252000
C        -1.70329000        -1.92187000        +5.65225000
C        -2.89961000        -1.20627000        +5.72492000
C        -2.91322000        +0.17684000        +5.84711000
C        -1.73170000        +0.91833000        +5.90587000
H        +2.77826000        +2.27418000        +4.65313000
H        +2.74769000        -3.31890000        +6.87332000
H        -3.86363000        +0.69754000        +5.89487000
H        +3.42989000        +0.99522000        +5.70233000
H        +3.37175000        +0.74698000        +3.92710000
H        +3.35086000        -1.82852000        +7.66427000
H        +3.43880000        -2.01505000        +5.88236000
H        -3.83901000        -1.74782000        +5.68789000
C        -1.79969000        +2.42175000        +6.02616000
C        -1.74112000        -3.42797000        +5.53187000
H        -1.35761000        -3.75794000        +4.56454000
H        -2.76581000        -3.78746000        +5.64150000
H        -1.12967000        -3.91348000        +6.29703000
H        -1.20223000        +2.91781000        +5.25712000
H        -1.41512000        +2.75856000        +6.99061000
H        -2.83220000        +2.76052000        +5.92415000
$end

$rem
JOBTYPE                   SP
METHOD                    B3LYP
DFT_D                     d3_op
BASIS                     6-311++G(d,p)
SYMMETRY                  False
THRESH                    12
SCF_CONVERGENCE           8
MAX_SUB_FILE_NUM          128
MEM_STATIC                400
MEM_TOTAL                 4000
$end
--------------------------------------------------------------
 Adding empirical dispersion correction 
 ----------------------------------------------------------------
 Doing -D3(op) with
 s6 =   1.00000
 s8 =   0.78311
 a1 =   0.30000
 a2 =   4.25000
 n  =  10.00000
 -D3 energy without 3body term =     -0.0708548752 hartrees
 ----------------------------------------------------------------
             Standard Nuclear Orientation (Angstroms)
    I     Atom           X                Y                Z
 ----------------------------------------------------------------
    1      C      -2.8767650982     0.4968155822     0.8338666464
    2      C      -2.9365867739     0.5643264070    -0.5710582416
    3      C      -2.7934353340    -0.8251674071     1.5335215537
    4      C      -3.0113345353    -0.6910062815    -1.3818289383
    5      O      -1.7969633997    -1.5826023671     1.0260411501
    6      O      -3.4819408303    -1.1663371536     2.4639248309
    7      O      -3.9479515489    -1.5299586118    -0.8872013102
    8      O      -2.3602592652    -0.9276556048    -2.3701141750
    9      C      -4.0689297760    -2.8029720131    -1.5439187131
   10      C      -1.6455740938    -2.8916205607     1.6025745817
   11      C      -2.8525962983     1.6660010395     1.6144958168
   12      C      -2.8845640145     2.8894856969     0.9432215140
   13      C      -2.9415354826     2.9572285914    -0.4425180187
   14      C      -2.9669094843     1.8056123710    -1.2314324051
   15      H      -4.3386762030    -2.6680711346    -2.5922549109
   16      H      -1.4175480476    -2.8158707026     2.6668217794
   17      H      -2.9706685716     3.9272620115    -0.9271571656
   18      H      -3.1271545131    -3.3518424453    -1.4850724652
   19      H      -4.8561643274    -3.3296978111    -1.0091737496
   20      H      -0.8190075348    -3.3503351675     1.0647152017
   21      H      -2.5611262415    -3.4719153860     1.4745576040
   22      H      -2.8609584965     3.8070701187     1.5216690844
   23      C      -3.0417911560     1.9322125662    -2.7340065784
   24      C      -2.7785145343     1.6450305490     3.1239102046
   25      H      -3.6914594955     1.2348854962     3.5598000800
   26      H      -2.6337575527     2.6569148538     3.5065026289
   27      H      -1.9511726635     1.0271690033     3.4828160798
   28      H      -3.8622792611     1.3425056282    -3.1505416832
   29      H      -2.1249206748     1.5751289288    -3.2065937768
   30      H      -3.1968461617     2.9751559610    -3.0159198161
   31      C       2.9181481151     0.5242459432     0.5926405890
   32      C       2.8583264394     0.5917567680    -0.8122842991
   33      C       3.0014778793    -0.7977370461     1.2922954962
   34      C       2.7835786780    -0.6635759205    -1.6230549957
   35      O       3.9979498136    -1.5551720061     0.7848150926
   36      O       2.3129723830    -1.1389067926     2.2226987734
   37      O       1.8469616644    -1.5025282508    -1.1284273677
   38      O       3.4346539480    -0.9002252438    -2.6113402324
   39      C       1.7259834373    -2.7755416521    -1.7851447705
   40      C       4.1493391195    -2.8641901997     1.3613485242
   41      C       2.9423169150     1.6934314005     1.3732697594
   42      C       2.9103491988     2.9169160579     0.7019954565
   43      C       2.8533777307     2.9846589524    -0.6837440761
   44      C       2.8280037290     1.8330427320    -1.4726584625
   45      H       1.4562370103    -2.6406407736    -2.8334809684
   46      H       4.3773651657    -2.7884403416     2.4255957219
   47      H       2.8242446417     3.9546923725    -1.1683832231
   48      H       2.6677587002    -3.3244120843    -1.7262985227
   49      H       0.9387488859    -3.3022674500    -1.2503998071
   50      H       4.9759056785    -3.3229048065     0.8234891443
   51      H       3.2337869718    -3.4444850250     1.2333315465
   52      H       2.9339547168     3.8345004797     1.2804430270
   53      C       2.7531220573     1.9596429272    -2.9752326359
   54      C       3.0163986790     1.6724609101     2.8826841472
   55      H       2.1034537178     1.2623158572     3.3185740225
   56      H       3.1611556606     2.6843452148     3.2652765715
   57      H       3.8437405498     1.0545993643     3.2415900223
   58      H       1.9326339522     1.3699359892    -3.3917677406
   59      H       3.6699925385     1.6025592898    -3.4478198342
   60      H       2.5980670516     3.0025863220    -3.2571458735
 ----------------------------------------------------------------
 Molecular Point Group                 C1    NOp =  1
 Largest Abelian Subgroup              C1    NOp =  1
 Nuclear Repulsion Energy =  3392.7093629502 hartrees
 There are      118 alpha and      118 beta electrons
 Requested basis set is 6-311++G(d,p)
 There are 332 shells and 900 basis functions

 Total QAlloc Memory Limit   4000 MB
 Mega-Array Size       392 MB
 MEM_STATIC part       400 MB
 A cutoff of  1.0D-12 yielded  37181 shell pairs
 There are    272738 function pairs (    288967 Cartesian)
 
 -------------------------------------------------------
 OpenMP Integral Computing Module                       
 Release: version 1.0, May 2013, Q-Chem Inc. Pittsburgh 
 -------------------------------------------------------
 Integral Job Info:
 Integral job number is                      11
 Integral operator is                         1
 short-range coefficients                     0
 long-range coefficients              100000000
 Omega coefficients                           0
 if combine SR and LR in K                    0
 Integral screening is                        0
 Integral computing path is                   2
 max size of driver memory is            800000
 size of driver memory is                593474
 size of scratch memory is              2361544
 max col of scratch BK array               1296
 max len of scratch array in speh3          155
 max len of scratch index in speh4           18
 max int batch size is                      520
 min int batch size is                       52
 fixed nKL is                                52
 max L of basis functions is                  2
 order of int derivative is                   0
 number of shells is                        332
 number of basis is                         932
 number of cartesian basis is               932
 number of contracted shell pairs         37181
 number of primitive shell pairs          79507
 maxK2 (contraction) of shell pair           36
 max number of K2 of shell pair               1
 max number of CS2 of shell pair           7663
 max number of PS2 of shell pair          12624
 mem total for path MDJ                  501272
 -------------------------------------------------------
 Smallest overlap matrix eigenvalue = 1.89E-08
 Linear dependence detected in AO basis
 Number of orthogonalized atomic orbitals = 891
 Maximum deviation from orthogonality = 2.340E-10

 Scale SEOQF with 1.000000e-01/1.000000e-01/1.000000e-01

 Standard Electronic Orientation quadrupole field applied
 Nucleus-field energy     =     0.0000000554 hartrees
 Guess from superposition of atomic densities
 Warning:  Energy on first SCF cycle will be non-variational
 A restricted hybrid HF-DFT SCF calculation will be
 performed using Pulay DIIS extrapolation
 Exchange:     0.2000 Hartree-Fock + 0.0800 Slater + 0.7200 B88
 Correlation:  0.1900 VWN1RPA + 0.8100 LYP
 Using SG-1 standard quadrature grid
 Dispersion:   Grimme D3
 SCF converges when DIIS error is below 1.0E-08
 using 2 threads for integral computing
 -------------------------------------------------------
 OpenMP Integral computing Module                
 Release: version 1.0, May 2013, Q-Chem Inc. Pittsburgh 
 -------------------------------------------------------
 -------------------------------------------------------
 OpenMP BLAS3 based DFT computing Module                
 Release: version 1.0, May 2013, Q-Chem Inc. Pittsburgh 
 -------------------------------------------------------
 ---------------------------------------
  Cycle       Energy         DIIS Error
 ---------------------------------------
    1   -1540.3857638527      2.16E-02
    2   -1533.1020803006      2.78E-03
    3   -1532.0771884083      4.70E-03
    4   -1533.6349708754      1.20E-03
    5   -1533.7506027349      2.69E-04
    6   -1533.7549511238      1.22E-04
    7   -1533.7560377962      2.35E-05
    8   -1533.7560677073      1.36E-05
    9   -1533.7560805902      3.32E-06
   10   -1533.7560813786      8.57E-07
   11   -1533.7560814372      2.36E-07
   12   -1533.7560814419      8.26E-08
   13   -1533.7560814421      3.94E-08
   14   -1533.7560814420      9.46E-09 Convergence criterion met
 ---------------------------------------
 SCF time:  CPU 4277.51 s  wall 2148.65 s
 SCF   energy in the final basis set = -1533.75608144
 Total energy in the final basis set = -1533.75608144
 
 --------------------------------------------------------------
 
                    Orbital Energies (a.u.)
 --------------------------------------------------------------
 
 Alpha MOs
 -- Occupied --
-19.175 -19.175 -19.171 -19.171 -19.118 -19.118 -19.115 -19.114
-10.310 -10.309 -10.307 -10.306 -10.232 -10.231 -10.228 -10.227
-10.203 -10.202 -10.202 -10.202 -10.199 -10.199 -10.198 -10.198
-10.184 -10.184 -10.184 -10.183 -10.170 -10.169 -10.167 -10.167
 -1.119  -1.118  -1.111  -1.111  -1.030  -1.030  -1.027  -1.026
 -0.883  -0.882  -0.805  -0.804  -0.793  -0.793  -0.744  -0.744
 -0.732  -0.731  -0.722  -0.722  -0.673  -0.672  -0.647  -0.646
 -0.618  -0.618  -0.575  -0.574  -0.563  -0.562  -0.535  -0.534
 -0.515  -0.514  -0.512  -0.512  -0.489  -0.489  -0.486  -0.485
 -0.478  -0.477  -0.475  -0.474  -0.467  -0.466  -0.441  -0.439
 -0.432  -0.432  -0.428  -0.426  -0.418  -0.418  -0.414  -0.413
 -0.409  -0.409  -0.403  -0.403  -0.394  -0.393  -0.385  -0.385
 -0.378  -0.377  -0.371  -0.370  -0.360  -0.359  -0.356  -0.356
 -0.355  -0.354  -0.319  -0.318  -0.310  -0.309  -0.292  -0.291
 -0.289  -0.289  -0.264  -0.263  -0.251  -0.250
 -- Virtual --
 -0.056  -0.055  -0.032  -0.031  -0.016  -0.010  -0.005   0.000
  0.004   0.008   0.012   0.012   0.014   0.016   0.017   0.022
  0.025   0.026   0.027   0.031   0.034   0.037   0.040   0.040
  0.041   0.046   0.046   0.047   0.049   0.056   0.059   0.060
  0.065   0.066   0.068   0.070   0.076   0.078   0.083   0.086
  0.086   0.092   0.093   0.094   0.096   0.099   0.101   0.103
  0.104   0.107   0.109   0.111   0.113   0.113   0.117   0.120
  0.121   0.123   0.124   0.127   0.128   0.128   0.130   0.132
  0.135   0.137   0.139   0.139   0.140   0.142   0.144   0.145
  0.145   0.146   0.149   0.150   0.152   0.154   0.155   0.158
  0.161   0.165   0.165   0.167   0.170   0.171   0.172   0.174
  0.176   0.176   0.178   0.179   0.185   0.186   0.188   0.189
  0.190   0.192   0.195   0.195   0.196   0.198   0.202   0.205
  0.207   0.210   0.212   0.214   0.216   0.218   0.219   0.221
  0.221   0.223   0.226   0.228   0.230   0.232   0.237   0.239
  0.241   0.246   0.248   0.249   0.249   0.251   0.255   0.257
  0.258   0.260   0.263   0.263   0.271   0.271   0.273   0.273
  0.274   0.278   0.279   0.281   0.281   0.285   0.287   0.291
  0.296   0.298   0.302   0.303   0.305   0.306   0.309   0.311
  0.314   0.317   0.319   0.319   0.324   0.326   0.330   0.332
  0.332   0.337   0.338   0.342   0.343   0.345   0.349   0.354
  0.355   0.360   0.361   0.361   0.367   0.372   0.373   0.374
  0.379   0.381   0.383   0.386   0.389   0.392   0.393   0.397
  0.398   0.401   0.403   0.411   0.412   0.415   0.417   0.423
  0.425   0.426   0.427   0.431   0.435   0.444   0.451   0.454
  0.455   0.458   0.460   0.463   0.467   0.478   0.488   0.499
  0.501   0.503   0.508   0.516   0.517   0.521   0.522   0.526
  0.529   0.533   0.538   0.542   0.550   0.552   0.553   0.561
  0.566   0.571   0.574   0.574   0.576   0.579   0.582   0.582
  0.588   0.592   0.592   0.598   0.606   0.609   0.614   0.615
  0.619   0.623   0.624   0.626   0.631   0.632   0.638   0.641
  0.650   0.654   0.660   0.661   0.665   0.669   0.670   0.674
  0.675   0.676   0.679   0.681   0.684   0.687   0.688   0.691
  0.692   0.694   0.698   0.703   0.710   0.713   0.714   0.717
  0.720   0.723   0.729   0.731   0.734   0.738   0.739   0.745
  0.747   0.752   0.757   0.760   0.764   0.766   0.768   0.775
  0.780   0.784   0.791   0.793   0.796   0.799   0.804   0.806
  0.816   0.821   0.827   0.829   0.836   0.839   0.846   0.853
  0.860   0.869   0.874   0.880   0.886   0.896   0.909   0.911
  0.913   0.925   0.939   0.941   0.944   0.953   0.954   0.969
  0.973   0.981   0.987   0.994   1.002   1.011   1.015   1.024
  1.025   1.026   1.031   1.044   1.053   1.056   1.066   1.071
  1.073   1.078   1.084   1.086   1.094   1.099   1.103   1.109
  1.117   1.134   1.146   1.153   1.155   1.157   1.172   1.178
  1.193   1.197   1.212   1.217   1.221   1.223   1.226   1.227
  1.240   1.245   1.257   1.262   1.275   1.279   1.282   1.294
  1.299   1.306   1.308   1.316   1.327   1.328   1.333   1.343
  1.346   1.363   1.364   1.380   1.381   1.382   1.389   1.390
  1.397   1.399   1.406   1.411   1.413   1.425   1.427   1.431
  1.431   1.449   1.457   1.458   1.468   1.471   1.478   1.480
  1.482   1.484   1.487   1.493   1.504   1.514   1.517   1.521
  1.530   1.531   1.543   1.544   1.546   1.559   1.560   1.562
  1.566   1.573   1.577   1.581   1.587   1.592   1.599   1.600
  1.601   1.606   1.609   1.613   1.617   1.619   1.625   1.633
  1.636   1.638   1.646   1.648   1.651   1.655   1.656   1.661
  1.669   1.686   1.690   1.701   1.702   1.706   1.714   1.722
  1.726   1.730   1.731   1.735   1.737   1.748   1.751   1.756
  1.767   1.769   1.776   1.779   1.784   1.793   1.796   1.800
  1.804   1.806   1.810   1.814   1.823   1.837   1.838   1.840
  1.843   1.858   1.861   1.879   1.884   1.886   1.893   1.898
  1.907   1.909   1.911   1.917   1.924   1.956   1.957   1.959
  1.964   1.990   1.993   2.007   2.008   2.015   2.017   2.026
  2.036   2.052   2.055   2.057   2.062   2.084   2.091   2.096
  2.102   2.109   2.113   2.124   2.126   2.129   2.131   2.137
  2.144   2.154   2.160   2.171   2.175   2.179   2.185   2.200
  2.201   2.212   2.215   2.241   2.245   2.282   2.289   2.305
  2.307   2.328   2.329   2.334   2.336   2.336   2.339   2.412
  2.416   2.418   2.425   2.454   2.456   2.486   2.487   2.490
  2.494   2.498   2.499   2.502   2.504   2.513   2.514   2.520
  2.522   2.534   2.538   2.545   2.552   2.564   2.569   2.574
  2.577   2.586   2.591   2.596   2.598   2.602   2.607   2.611
  2.615   2.618   2.620   2.629   2.639   2.647   2.648   2.651
  2.667   2.670   2.674   2.687   2.696   2.705   2.709   2.718
  2.721   2.721   2.731   2.735   2.767   2.770   2.772   2.781
  2.783   2.795   2.805   2.809   2.812   2.821   2.835   2.848
  2.850   2.853   2.864   2.876   2.878   2.891   2.895   2.899
  2.903   2.905   2.910   2.917   2.925   2.927   2.934   2.942
  2.950   2.957   2.959   2.981   2.988   3.013   3.020   3.033
  3.036   3.047   3.051   3.061   3.062   3.064   3.080   3.085
  3.092   3.111   3.112   3.121   3.134   3.145   3.148   3.187
  3.189   3.208   3.219   3.220   3.233   3.237   3.238   3.245
  3.246   3.264   3.267   3.271   3.280   3.294   3.296   3.326
  3.331   3.390   3.390   3.393   3.397   3.445   3.450   3.471
  3.473   3.527   3.528   3.589   3.590   3.600   3.613   3.624
  3.627   3.677   3.700   3.711   3.735   3.769   3.779   3.783
  3.788   3.793   3.796   3.798   3.799   3.802   3.803   3.825
  3.831   3.856   3.858   3.861   3.881   3.898   3.904   3.947
  3.968   4.047   4.051   4.074   4.078   4.082   4.083   4.133
  4.140   4.159   4.170   4.235   4.243   4.328   4.331   4.339
  4.362   4.392   4.393   4.867   4.869   5.055   5.072   5.124
  5.142   5.172   5.184   5.207   5.229   5.263   5.268   5.284
  5.285   5.403   5.406   5.431   5.452   5.623   5.624   5.633
  5.637   5.886   5.888   5.905   5.915  23.548  23.583  23.852
 23.859  23.865  23.876  23.911  23.929  23.932  23.937  23.940
 23.947  23.947  23.955  23.958  23.967  24.005  24.011  24.064
 24.069  24.071  24.075  24.170  24.171  49.890  49.898  49.929
 49.932  50.021  50.022  50.036  50.042
 --------------------------------------------------------------
 
          Ground-State Mulliken Net Atomic Charges

     Atom                 Charge (a.u.)
  ----------------------------------------
      1 C                     0.535045
      2 C                     0.836471
      3 C                    -0.715253
      4 C                    -1.075695
      5 O                     0.122413
      6 O                    -0.155852
      7 O                     0.067925
      8 O                    -0.088704
      9 C                    -0.192896
     10 C                    -0.305080
     11 C                     0.538660
     12 C                    -0.482919
     13 C                    -0.482513
     14 C                     0.363797
     15 H                     0.167284
     16 H                     0.186508
     17 H                     0.154019
     18 H                     0.173175
     19 H                     0.172493
     20 H                     0.116020
     21 H                     0.188684
     22 H                     0.149678
     23 C                    -0.654771
     24 C                    -0.653355
     25 H                     0.211559
     26 H                     0.136082
     27 H                     0.190095
     28 H                     0.171293
     29 H                     0.187158
     30 H                     0.139212
     31 C                     0.819213
     32 C                     0.518813
     33 C                    -1.132180
     34 C                    -0.660985
     35 O                     0.082315
     36 O                    -0.076541
     37 O                     0.102776
     38 O                    -0.158366
     39 C                    -0.305024
     40 C                    -0.193490
     41 C                     0.374183
     42 C                    -0.469115
     43 C                    -0.483689
     44 C                     0.547186
     45 H                     0.188765
     46 H                     0.166770
     47 H                     0.149241
     48 H                     0.191443
     49 H                     0.115433
     50 H                     0.170344
     51 H                     0.172726
     52 H                     0.154918
     53 C                    -0.642034
     54 C                    -0.667730
     55 H                     0.187811
     56 H                     0.140254
     57 H                     0.171266
     58 H                     0.189574
     59 H                     0.210638
     60 H                     0.134946
  ----------------------------------------
  Sum of atomic charges =     0.000000

 -----------------------------------------------------------------
                    Cartesian Multipole Moments
 -----------------------------------------------------------------
    Charge (ESU x 10^10)
                 0.0000
    Dipole Moment (Debye)
         X       0.1824      Y      -0.1119      Z       0.1852
       Tot       0.2830
    Quadrupole Moments (Debye-Ang)
        XX    -195.7560     XY      -1.3571     YY    -153.8912
        XZ      17.7827     YZ       1.7225     ZZ    -195.6574
    Octopole Moments (Debye-Ang^2)
       XXX       5.7662    XXY     -44.9972    XYY       3.4428
       YYY     -87.3173    XXZ      -0.7488    XYZ     -30.7995
       YYZ      -5.5847    XZZ      -1.8277    YZZ      17.8598
       ZZZ       7.0712
    Hexadecapole Moments (Debye-Ang^3)
      XXXX  -10523.1714   XXXY     -38.1169   XXYY   -2154.6053
      XYYY      -6.7576   YYYY   -4101.7385   XXXZ     473.9210
      XXYZ      16.1358   XYYZ      60.0005   YYYZ       9.0305
      XXZZ   -2441.6034   XYZZ      -2.6797   YYZZ   -1327.3339
      XZZZ     116.1281   YZZZ      10.4048   ZZZZ   -4037.0097
 -----------------------------------------------------------------
Archival summary:
1\1\vega03.cac.cornell.edu\SP\ProcedureUnspecified\BasisUnspecified\82428\jj585\MonApr202:43:222018MonApr202:43:222018\0\\#,ProcedureUnspecified,BasisUnspecified,\\0,1\O\C,1,1.35063\O,2,1.20668,1,123.512\C,1,1.43835,2,115.94,3,4.13325,0\H,4,1.08762,1,105.403,2,179.104,0\H,4,1.09103,1,110.475,2,-61.3232,0\H,4,1.0915,1,110.399,2,59.3962,0\C,2,1.49803,1,111.128,3,177.348,0\C,8,1.40604,2,118.266,1,-126.75,0\C,9,1.3959,8,117.481,2,177.84,0\H,10,1.08495,9,118.972,8,-179.641,0\C,10,1.38856,9,121.575,8,0.160349,0\H,12,1.08475,10,119.38,9,179.653,0\C,12,1.39616,10,121.629,9,-0.129654,0\C,14,1.40634,12,117.536,10,0.183585,0\C,15,1.49626,14,119.012,12,177.857,0\O,16,1.2069,15,125.54,14,47.3939,0\O,16,1.3512,15,110.928,14,-130.615,0\C,18,1.43752,16,116.164,15,-177.05,0\H,19,1.08772,18,105.376,16,179.706,0\H,19,1.09086,18,110.507,16,-60.681,0\H,19,1.09163,18,110.367,16,60.0909,0\C,14,1.50976,12,119.611,10,179.442,0\H,23,1.09144,14,110.135,12,-7.24194,0\H,23,1.09156,14,111.21,12,113.289,0\H,23,1.09291,14,111.796,12,-127.427,0\C,9,1.51138,8,122.941,2,-1.44272,0\H,27,1.09144,9,110.104,8,172.262,0\H,27,1.09164,9,111.284,8,-67.2422,0\H,27,1.09319,9,111.89,8,52.1865,0\H,5,2.90719,4,147.815,1,-15.2653,0\C,31,1.08772,5,146.835,4,65.7768,0\H,32,1.09086,31,110.694,5,-128.995,0\H,32,1.09163,31,110.757,5,109.85,0\O,32,1.43752,31,105.376,5,-9.50514,0\C,35,1.3512,32,116.164,31,179.706,0\O,36,1.2069,35,123.501,32,4.8931,0\C,36,1.49626,35,110.928,32,-177.05,0\C,38,1.40634,36,119.012,35,-130.615,0\C,39,1.39616,38,117.536,36,177.857,0\H,40,1.08475,39,118.991,38,-179.6,0\C,40,1.38856,39,121.629,38,0.183585,0\H,42,1.08495,40,119.453,39,179.671,0\C,42,1.3959,40,121.575,39,-0.129654,0\C,44,1.40604,42,117.481,40,0.160349,0\C,45,1.49803,44,118.266,42,177.84,0\O,46,1.20668,45,125.302,44,50.5403,0\O,46,1.35063,45,111.128,44,-126.75,0\C,48,1.43835,46,115.94,45,-178.519,0\H,49,1.08762,48,105.403,46,179.104,0\H,49,1.09103,48,110.475,46,-61.3232,0\H,49,1.0915,48,110.399,46,59.3962,0\C,39,1.50976,38,122.848,36,-1.37569,0\H,53,1.09144,39,110.135,38,171.975,0\H,53,1.09156,39,111.21,38,-67.4939,0\H,53,1.09291,39,111.796,38,51.7903,0\C,44,1.51138,42,119.574,40,179.468,0\H,57,1.09144,44,110.104,42,-7.00566,0\H,57,1.09164,44,111.284,42,113.49,0\H,57,1.09319,44,111.89,42,-127.081,0\\\@

 Total job time:  2151.10s(wall), 4280.53s(cpu) 
 Mon Apr  2 02:43:22 2018

        *************************************************************
        *                                                           *
        *  Thank you very much for using Q-Chem.  Have a nice day.  *
        *                                                           *
        *************************************************************


0 sent ACK to 0 
now end server 0 ... 
