mFile = /opt/software/qchem/qchem-5.0.1//bin/mpi/machines
Process 0 of 1 is on vega03.cac.cornell.edu - thread support 0
initial socket setup ...start
initial socket setup ...done 
now start server 0 ... 
vega03 10.84.3
Q-Chem Developer Version! Running on 10.84.3.*
                  Welcome to Q-Chem
     A Quantum Leap Into The Future Of Chemistry


 Q-Chem 5.0, Q-Chem, Inc., Pleasanton, CA (2017)

 Yihan Shao,  Zhengting Gan,  E. Epifanovsky,  A. T. B. Gilbert,  M. Wormit,  
 J. Kussmann,  A. W. Lange,  A. Behn,  Jia Deng,  Xintian Feng,  D. Ghosh,  
 M. Goldey,  P. R. Horn,  L. D. Jacobson,  I. Kaliman,  T. Kus,  A. Landau,  
 Jie Liu,  E. I. Proynov,  R. M. Richard,  R. P. Steele,  E. J. Sundstrom,  
 H. L. Woodcock III,  P. M. Zimmerman,  D. Zuev,  B. Albrecht,  E. Alguire,  
 S. A. Baeppler,  Z. Benda,  Y. A. Bernard,  E. J. Berquist,  K. B. Bravaya,  
 D. Casanova,  Chun-Min Chang,  Yunqing Chen,  A. Chien,  K. D. Closser,  
 M. P. Coons,  S. Dasgupta,  M. Diedenhofen,  Hainam Do,  R. G. Edgar,  
 Po-Tung Fang,  S. Fatehi,  Qingguo Feng,  Qinghui Ge,  A. Ghysels,  
 J. Gomes,  J. Gonthier,  A. Gunina,  M. W. D. Hanson-Heine,  
 P. H. P. Harbach,  A. W. Hauser,  J. E. Herr,  E. G. Hohenstein,  
 Z. C. Holden,  Kerwin Hui,  T.-C. Jagau,  Hyunjun Ji,  B. Kaduk,  
 K. Khistyaev,  Jaehoon Kim,  P. Klunzinger,  K. Koh,  D. Kosenkov,  
 T. Kowalczyk,  C. M. Krauter,  A. Kunitsa,  Ka Un Lao,  A. Laurent,  
 K. V. Lawler,  Joonho Lee,  D. Lefrancois,  S. Lehtola,  D. S. Levine,  
 Yi-Pei Li,  You-Sheng Lin,  Fenglai Liu,  E. Livshits,  A. Luenser,  
 P. Manohar,  E. Mansoor,  S. F. Manzer,  Shan-Ping Mao,  Yuezhi Mao,  
 N. Mardirossian,  A. V. Marenich,  L. A. Martinez-Martinez,  S. A. Maurer,  
 N. J. Mayhall,  S. C. McKenzie,  J.-M. Mewes,  A. F. Morrison,  K. Nanda,  
 T. S. Nguyen-Beck,  R. Olivares-Amaya,  J. A. Parkhill,  T. M. Perrine,  
 F. Plasser,  S. Prager,  A. Prociuk,  D. R. Rehn,  F. Rob,  M. Schneider,  
 N. Sergueev,  S. M. Sharada,  S. Sharma,  D. W. Small,  T. Stauch,  
 T. Stein,  Yu-Chuan Su,  A. J. W. Thom,  T. Tsuchimochi,  L. Vogt,  
 O. Vydrov,  M. A. Watson,  J. Wenzel,  M. de Wergifosse,  T. A. Wesolowski,  
 A. White,  J. Witte,  A. Yamada,  Jun Yang,  K. Yao,  S. Yeganeh,  
 S. R. Yost,  Zhi-Qiang You,  A. Zech,  Igor Ying Zhang,  Xing Zhang,  
 Yan Zhao,  Ying Zhu,  B. R. Brooks,  G. K. L. Chan,  C. J. Cramer,  
 M. S. Gordon,  W. J. Hehre,  A. Klamt,  M. W. Schmidt,  C. D. Sherrill,  
 D. G. Truhlar,  A. Aspuru-Guzik,  R. Baer,  A. T. Bell,  N. A. Besley,  
 Jeng-Da Chai,  A. Dreuw,  B. D. Dunietz,  T. R. Furlani,  Chao-Ping Hsu,  
 Yousung Jung,  Jing Kong,  D. S. Lambrecht,  WanZhen Liang,  C. Ochsenfeld,  
 V. A. Rassolov,  L. V. Slipchenko,  J. E. Subotnik,  T. Van Voorhis,  
 J. M. Herbert,  A. I. Krylov,  P. M. W. Gill,  M. Head-Gordon

 Contributors to earlier versions of Q-Chem not listed above: 
 R. D. Adamson,  B. Austin,  J. Baker,  G. J. O. Beran,  K. Brandhorst,  
 S. T. Brown,  E. F. C. Byrd,  A. K. Chakraborty,  C.-L. Cheng,  
 Siu Hung Chien,  D. M. Chipman,  D. L. Crittenden,  H. Dachsel,  
 R. A. DiStasio Jr.,  R. J. Doerksen,  A. D. Dutoi,  L. Fusti-Molnar,  
 W. A. Goddard III,  A. Golubeva-Zadorozhnaya,  S. R. Gwaltney,  G. Hawkins,  
 A. Heyden,  S. Hirata,  G. Kedziora,  F. J. Keil,  C. Kelley,  Jihan Kim,  
 R. A. King,  R. Z. Khaliullin,  P. P. Korambath,  W. Kurlancheek,  
 A. M. Lee,  M. S. Lee,  S. V. Levchenko,  Ching Yeh Lin,  D. Liotard,  
 R. C. Lochan,  I. Lotan,  P. E. Maslen,  N. Nair,  D. P. O'Neill,  
 D. Neuhauser,  E. Neuscamman,  C. M. Oana,  R. Olson,  B. Peters,  
 R. Peverati,  P. A. Pieniazek,  Y. M. Rhee,  J. Ritchie,  M. A. Rohrdanz,  
 E. Rosta,  N. J. Russ,  H. F. Schaefer III,  N. E. Schultz,  N. Shenvi,  
 A. C. Simmonett,  A. Sodt,  D. Stuck,  K. S. Thanthiriwatte,  V. Vanovschi,  
 Tao Wang,  A. Warshel,  C. F. Williams,  Q. Wu,  X. Xu,  W. Zhang

 Please cite Q-Chem as follows:
 Y. Shao et al., Mol. Phys. 113, 184-215 (2015)
 DOI: 10.1080/00268976.2014.952696

 Q-Chem 5.0.1 for Intel X86 EM64T Linux

 Parts of Q-Chem use Armadillo 5.200.1 (Boston Tea Smuggler).
 http://arma.sourceforge.net/

 Q-Chem begins on Mon Apr 16 23:32:01 2018  

Host: vega03.cac.cornell.edu
0

     Scratch files written to /scratch/jj585/vdw/0100_distance_6.000_10.save//
 Parallel job on  1  processors

Checking the input file for inconsistencies... 	...done.

--------------------------------------------------------------
User input:
--------------------------------------------------------------
$molecule
0  1
C        +0.22270000        +1.04488000        +0.58595000
C        +0.62626000        -0.41353000        +0.99871000
C        +1.33008000        +1.39974000        -0.43491000
C        +2.63070000        +1.71700000        +0.32855000
C        +3.04336000        +0.29351000        +0.80300000
C        +1.94423000        -0.59299000        +0.15262000
O        +1.62840000        +0.13663000        -1.04376000
H        +3.37234000        +2.13782000        -0.35195000
H        +2.48236000        +2.42488000        +1.14651000
H        +4.02182000        +0.00994000        +0.41161000
H        +3.07359000        +0.18738000        +1.88928000
H        +1.03270000        +2.19943000        -1.08064000
C        +2.35450000        -2.01267000        -0.16812000
H        +3.25743000        -2.00195000        -0.74215000
H        +1.57951000        -2.48932000        -0.73123000
H        +2.51687000        -2.55129000        +0.74206000
H        -0.74673000        +1.06811000        +0.13365000
H        +0.15552000        +1.72617000        +1.40828000
H        +0.81693000        -0.48905000        +2.04887000
H        -0.12524000        -1.15356000        +0.81843000
@C        +4.56175000        +3.18357000        +4.13541000
@C        +4.96531000        +1.72516000        +4.54817000
@C        +5.66913000        +3.53843000        +3.11455000
@C        +6.96975000        +3.85569000        +3.87801000
@C        +7.38241000        +2.43220000        +4.35246000
@C        +6.28328000        +1.54570000        +3.70208000
@O        +5.96745000        +2.27532000        +2.50570000
@H        +7.71139000        +4.27651000        +3.19751000
@H        +6.82141000        +4.56357000        +4.69597000
@H        +8.36087000        +2.14863000        +3.96107000
@H        +7.41264000        +2.32607000        +5.43874000
@H        +5.37175000        +4.33812000        +2.46882000
@C        +6.69355000        +0.12602000        +3.38134000
@H        +7.59648000        +0.13674000        +2.80731000
@H        +5.91856000        -0.35063000        +2.81823000
@H        +6.85592000        -0.41260000        +4.29152000
@H        +3.59232000        +3.20680000        +3.68311000
@H        +4.49457000        +3.86486000        +4.95774000
@H        +5.15598000        +1.64964000        +5.59833000
@H        +4.21381000        +0.98513000        +4.36789000
$end

$rem
JOBTYPE                   SP
METHOD                    B3LYP
DFT_D                     d3_op
BASIS                     6-311++G(d,p)
SYMMETRY                  False
THRESH                    12
SCF_CONVERGENCE           8
MAX_SUB_FILE_NUM          128
MEM_STATIC                400
MEM_TOTAL                 4000
$end
--------------------------------------------------------------
 Adding empirical dispersion correction 
 ----------------------------------------------------------------
 Doing -D3(op) with
 s6 =   1.00000
 s8 =   0.78311
 a1 =   0.30000
 a2 =   4.25000
 n  =  10.00000
 -D3 energy without 3body term =     -0.0174576512 hartrees
 ----------------------------------------------------------------
             Standard Nuclear Orientation (Angstroms)
    I     Atom           X                Y                Z
 ----------------------------------------------------------------
    1      C       0.2227000000     1.0448800000     0.5859500000
    2      C       0.6262600000    -0.4135300000     0.9987100000
    3      C       1.3300800000     1.3997400000    -0.4349100000
    4      C       2.6307000000     1.7170000000     0.3285500000
    5      C       3.0433600000     0.2935100000     0.8030000000
    6      C       1.9442300000    -0.5929900000     0.1526200000
    7      O       1.6284000000     0.1366300000    -1.0437600000
    8      H       3.3723400000     2.1378200000    -0.3519500000
    9      H       2.4823600000     2.4248800000     1.1465100000
   10      H       4.0218200000     0.0099400000     0.4116100000
   11      H       3.0735900000     0.1873800000     1.8892800000
   12      H       1.0327000000     2.1994300000    -1.0806400000
   13      C       2.3545000000    -2.0126700000    -0.1681200000
   14      H       3.2574300000    -2.0019500000    -0.7421500000
   15      H       1.5795100000    -2.4893200000    -0.7312300000
   16      H       2.5168700000    -2.5512900000     0.7420600000
   17      H      -0.7467300000     1.0681100000     0.1336500000
   18      H       0.1555200000     1.7261700000     1.4082800000
   19      H       0.8169300000    -0.4890500000     2.0488700000
   20      H      -0.1252400000    -1.1535600000     0.8184300000
   21      GH      4.5617500000     3.1835700000     4.1354100000
   22      GH      4.9653100000     1.7251600000     4.5481700000
   23      GH      5.6691300000     3.5384300000     3.1145500000
   24      GH      6.9697500000     3.8556900000     3.8780100000
   25      GH      7.3824100000     2.4322000000     4.3524600000
   26      GH      6.2832800000     1.5457000000     3.7020800000
   27      GH      5.9674500000     2.2753200000     2.5057000000
   28      GH      7.7113900000     4.2765100000     3.1975100000
   29      GH      6.8214100000     4.5635700000     4.6959700000
   30      GH      8.3608700000     2.1486300000     3.9610700000
   31      GH      7.4126400000     2.3260700000     5.4387400000
   32      GH      5.3717500000     4.3381200000     2.4688200000
   33      GH      6.6935500000     0.1260200000     3.3813400000
   34      GH      7.5964800000     0.1367400000     2.8073100000
   35      GH      5.9185600000    -0.3506300000     2.8182300000
   36      GH      6.8559200000    -0.4126000000     4.2915200000
   37      GH      3.5923200000     3.2068000000     3.6831100000
   38      GH      4.4945700000     3.8648600000     4.9577400000
   39      GH      5.1559800000     1.6496400000     5.5983300000
   40      GH      4.2138100000     0.9851300000     4.3678900000
 ----------------------------------------------------------------
 Nuclear Repulsion Energy =   415.4951797453 hartrees
 There are       31 alpha and       31 beta electrons
 Requested basis set is 6-311++G(d,p)
 There are 216 shells and 520 basis functions

 Total QAlloc Memory Limit   4000 MB
 Mega-Array Size       392 MB
 MEM_STATIC part       400 MB
 A cutoff of  1.0D-12 yielded  18579 shell pairs
 There are    105542 function pairs (    111490 Cartesian)
 
 -------------------------------------------------------
 OpenMP Integral Computing Module                       
 Release: version 1.0, May 2013, Q-Chem Inc. Pittsburgh 
 -------------------------------------------------------
 Integral Job Info:
 Integral job number is                      11
 Integral operator is                         1
 short-range coefficients                     0
 long-range coefficients              100000000
 Omega coefficients                           0
 if combine SR and LR in K                    0
 Integral screening is                        0
 Integral computing path is                   2
 max size of driver memory is            800000
 size of driver memory is                593474
 size of scratch memory is              2361544
 max col of scratch BK array               1296
 max len of scratch array in speh3          155
 max len of scratch index in speh4           18
 max int batch size is                      520
 min int batch size is                       52
 fixed nKL is                                52
 max L of basis functions is                  2
 order of int derivative is                   0
 number of shells is                        216
 number of basis is                         536
 number of cartesian basis is               536
 number of contracted shell pairs         18579
 number of primitive shell pairs          39196
 maxK2 (contraction) of shell pair           36
 max number of K2 of shell pair               1
 max number of CS2 of shell pair           3445
 max number of PS2 of shell pair           5766
 mem total for path MDJ                  147366
 -------------------------------------------------------
 Smallest overlap matrix eigenvalue = 1.38E-06

 Scale SEOQF with 1.000000e-02/1.000000e-01/1.000000e-02

 Standard Electronic Orientation quadrupole field applied
 Nucleus-field energy     =     0.0000000078 hartrees
 Guess from superposition of atomic densities
 Warning:  Energy on first SCF cycle will be non-variational

 Q-Chem warning in module /opt/software/qchem/qchem-5.0.1/libgen/Atomic_PolEc.C, line 58:

 No atomic polarizability available.


 Q-Chem warning in module /opt/software/qchem/qchem-5.0.1/libgen/Atomic_PolEc.C, line 73:

 No atomic polarizability available.


 Q-Chem warning in module /opt/software/qchem/qchem-5.0.1/libgen/Atomic_PolEc.C, line 58:

 No atomic polarizability available.


 Q-Chem warning in module /opt/software/qchem/qchem-5.0.1/libgen/Atomic_PolEc.C, line 73:

 No atomic polarizability available.


 Q-Chem warning in module /opt/software/qchem/qchem-5.0.1/libgen/Atomic_PolEc.C, line 58:

 No atomic polarizability available.


 Q-Chem warning in module /opt/software/qchem/qchem-5.0.1/libgen/Atomic_PolEc.C, line 73:

 No atomic polarizability available.


 Q-Chem warning in module /opt/software/qchem/qchem-5.0.1/libgen/Atomic_PolEc.C, line 58:

 No atomic polarizability available.


 Q-Chem warning in module /opt/software/qchem/qchem-5.0.1/libgen/Atomic_PolEc.C, line 73:

 No atomic polarizability available.


 Q-Chem warning in module /opt/software/qchem/qchem-5.0.1/libgen/Atomic_PolEc.C, line 58:

 No atomic polarizability available.


 Q-Chem warning in module /opt/software/qchem/qchem-5.0.1/libgen/Atomic_PolEc.C, line 73:

 No atomic polarizability available.


 Q-Chem warning in module /opt/software/qchem/qchem-5.0.1/libgen/Atomic_PolEc.C, line 58:

 No atomic polarizability available.


 Q-Chem warning in module /opt/software/qchem/qchem-5.0.1/libgen/Atomic_PolEc.C, line 73:

 No atomic polarizability available.


 Q-Chem warning in module /opt/software/qchem/qchem-5.0.1/libgen/Atomic_PolEc.C, line 58:

 No atomic polarizability available.


 Q-Chem warning in module /opt/software/qchem/qchem-5.0.1/libgen/Atomic_PolEc.C, line 73:

 No atomic polarizability available.


 Q-Chem warning in module /opt/software/qchem/qchem-5.0.1/libgen/Atomic_PolEc.C, line 58:

 No atomic polarizability available.


 Q-Chem warning in module /opt/software/qchem/qchem-5.0.1/libgen/Atomic_PolEc.C, line 73:

 No atomic polarizability available.


 Q-Chem warning in module /opt/software/qchem/qchem-5.0.1/libgen/Atomic_PolEc.C, line 58:

 No atomic polarizability available.


 Q-Chem warning in module /opt/software/qchem/qchem-5.0.1/libgen/Atomic_PolEc.C, line 73:

 No atomic polarizability available.


 Q-Chem warning in module /opt/software/qchem/qchem-5.0.1/libgen/Atomic_PolEc.C, line 58:

 No atomic polarizability available.


 Q-Chem warning in module /opt/software/qchem/qchem-5.0.1/libgen/Atomic_PolEc.C, line 73:

 No atomic polarizability available.


 Q-Chem warning in module /opt/software/qchem/qchem-5.0.1/libgen/Atomic_PolEc.C, line 58:

 No atomic polarizability available.


 Q-Chem warning in module /opt/software/qchem/qchem-5.0.1/libgen/Atomic_PolEc.C, line 73:

 No atomic polarizability available.


 Q-Chem warning in module /opt/software/qchem/qchem-5.0.1/libgen/Atomic_PolEc.C, line 58:

 No atomic polarizability available.


 Q-Chem warning in module /opt/software/qchem/qchem-5.0.1/libgen/Atomic_PolEc.C, line 73:

 No atomic polarizability available.


 Q-Chem warning in module /opt/software/qchem/qchem-5.0.1/libgen/Atomic_PolEc.C, line 58:

 No atomic polarizability available.


 Q-Chem warning in module /opt/software/qchem/qchem-5.0.1/libgen/Atomic_PolEc.C, line 73:

 No atomic polarizability available.


 Q-Chem warning in module /opt/software/qchem/qchem-5.0.1/libgen/Atomic_PolEc.C, line 58:

 No atomic polarizability available.


 Q-Chem warning in module /opt/software/qchem/qchem-5.0.1/libgen/Atomic_PolEc.C, line 73:

 No atomic polarizability available.


 Q-Chem warning in module /opt/software/qchem/qchem-5.0.1/libgen/Atomic_PolEc.C, line 58:

 No atomic polarizability available.


 Q-Chem warning in module /opt/software/qchem/qchem-5.0.1/libgen/Atomic_PolEc.C, line 73:

 No atomic polarizability available.


 Q-Chem warning in module /opt/software/qchem/qchem-5.0.1/libgen/Atomic_PolEc.C, line 58:

 No atomic polarizability available.


 Q-Chem warning in module /opt/software/qchem/qchem-5.0.1/libgen/Atomic_PolEc.C, line 73:

 No atomic polarizability available.


 Q-Chem warning in module /opt/software/qchem/qchem-5.0.1/libgen/Atomic_PolEc.C, line 58:

 No atomic polarizability available.


 Q-Chem warning in module /opt/software/qchem/qchem-5.0.1/libgen/Atomic_PolEc.C, line 73:

 No atomic polarizability available.


 Q-Chem warning in module /opt/software/qchem/qchem-5.0.1/libgen/Atomic_PolEc.C, line 58:

 No atomic polarizability available.


 Q-Chem warning in module /opt/software/qchem/qchem-5.0.1/libgen/Atomic_PolEc.C, line 73:

 No atomic polarizability available.


 Q-Chem warning in module /opt/software/qchem/qchem-5.0.1/libgen/Atomic_PolEc.C, line 58:

 No atomic polarizability available.


 Q-Chem warning in module /opt/software/qchem/qchem-5.0.1/libgen/Atomic_PolEc.C, line 73:

 No atomic polarizability available.


 Q-Chem warning in module /opt/software/qchem/qchem-5.0.1/libgen/Atomic_PolEc.C, line 58:

 No atomic polarizability available.


 Q-Chem warning in module /opt/software/qchem/qchem-5.0.1/libgen/Atomic_PolEc.C, line 73:

 No atomic polarizability available.

 A restricted hybrid HF-DFT SCF calculation will be
 performed using Pulay DIIS extrapolation
 Exchange:     0.2000 Hartree-Fock + 0.0800 Slater + 0.7200 B88
 Correlation:  0.1900 VWN1RPA + 0.8100 LYP
 Using SG-1 standard quadrature grid
 Dispersion:   Grimme D3
 SCF converges when DIIS error is below 1.0E-08
 using 4 threads for integral computing
 -------------------------------------------------------
 OpenMP Integral computing Module                
 Release: version 1.0, May 2013, Q-Chem Inc. Pittsburgh 
 -------------------------------------------------------
 -------------------------------------------------------
 OpenMP BLAS3 based DFT computing Module                
 Release: version 1.0, May 2013, Q-Chem Inc. Pittsburgh 
 -------------------------------------------------------
 ---------------------------------------
  Cycle       Energy         DIIS Error
 ---------------------------------------
    1    -350.9522832018      1.91E-02
    2    -349.1119399992      2.32E-03
    3    -349.0359817300      2.79E-03
    4    -349.2917206423      4.07E-04
    5    -349.2954727962      1.59E-04
    6    -349.2960788320      4.46E-05
    7    -349.2961217086      1.68E-05
    8    -349.2961297700      1.58E-06
    9    -349.2961298396      7.36E-07
   10    -349.2961298565      1.38E-07
   11    -349.2961298571      2.82E-08
   12    -349.2961298571      1.05E-08
   13    -349.2961298571      2.61E-09 Convergence criterion met
 ---------------------------------------
 SCF time:  CPU 776.63 s  wall 195.30 s
 SCF   energy in the final basis set = -349.29612986
 Total energy in the final basis set = -349.29612986
 
 --------------------------------------------------------------
 
                    Orbital Energies (a.u.)
 --------------------------------------------------------------
 
 Alpha MOs
 -- Occupied --
-19.119 -10.225 -10.216 -10.166 -10.166 -10.163 -10.162 -10.154
 -1.049  -0.798  -0.775  -0.748  -0.684  -0.615  -0.575  -0.556
 -0.503  -0.482  -0.465  -0.441  -0.418  -0.405  -0.392  -0.378
 -0.360  -0.348  -0.344  -0.336  -0.316  -0.301  -0.262
 -- Virtual --
 -0.011   0.003   0.008   0.011   0.024   0.027   0.029   0.033
  0.039   0.042   0.048   0.049   0.057   0.061   0.064   0.066
  0.069   0.072   0.079   0.082   0.084   0.086   0.093   0.096
  0.100   0.104   0.108   0.109   0.114   0.115   0.116   0.123
  0.125   0.130   0.134   0.137   0.139   0.141   0.143   0.147
  0.150   0.152   0.153   0.156   0.158   0.162   0.164   0.166
  0.170   0.172   0.175   0.175   0.182   0.183   0.189   0.190
  0.193   0.195   0.197   0.199   0.204   0.207   0.208   0.213
  0.215   0.216   0.219   0.225   0.229   0.234   0.237   0.239
  0.242   0.243   0.252   0.254   0.255   0.257   0.258   0.261
  0.268   0.275   0.276   0.283   0.290   0.294   0.297   0.301
  0.309   0.312   0.320   0.328   0.331   0.335   0.342   0.345
  0.349   0.354   0.358   0.368   0.372   0.373   0.380   0.386
  0.390   0.391   0.399   0.401   0.408   0.413   0.417   0.421
  0.428   0.437   0.444   0.446   0.451   0.458   0.463   0.464
  0.488   0.491   0.497   0.504   0.509   0.516   0.525   0.530
  0.551   0.558   0.561   0.565   0.571   0.577   0.583   0.592
  0.595   0.597   0.611   0.623   0.625   0.629   0.633   0.641
  0.644   0.657   0.660   0.661   0.670   0.683   0.686   0.691
  0.699   0.708   0.714   0.718   0.727   0.739   0.743   0.751
  0.756   0.761   0.763   0.768   0.772   0.782   0.789   0.791
  0.801   0.801   0.805   0.817   0.818   0.827   0.847   0.851
  0.862   0.875   0.878   0.910   0.913   0.929   0.936   0.945
  0.957   0.987   1.007   1.014   1.029   1.044   1.055   1.077
  1.079   1.115   1.131   1.138   1.155   1.176   1.178   1.192
  1.202   1.206   1.221   1.228   1.241   1.249   1.253   1.268
  1.277   1.292   1.338   1.339   1.355   1.377   1.436   1.441
  1.461   1.477   1.486   1.501   1.509   1.518   1.524   1.535
  1.540   1.556   1.562   1.566   1.583   1.585   1.589   1.601
  1.622   1.629   1.644   1.649   1.657   1.672   1.680   1.684
  1.703   1.705   1.714   1.719   1.723   1.729   1.739   1.746
  1.762   1.769   1.778   1.782   1.792   1.802   1.808   1.811
  1.820   1.830   1.840   1.853   1.858   1.864   1.872   1.891
  1.895   1.898   1.903   1.910   1.918   1.925   1.929   1.940
  1.950   1.961   1.984   1.988   1.994   2.006   2.014   2.027
  2.034   2.039   2.048   2.079   2.090   2.107   2.112   2.124
  2.139   2.151   2.164   2.181   2.191   2.203   2.223   2.226
  2.242   2.249   2.263   2.277   2.297   2.317   2.341   2.348
  2.350   2.357   2.386   2.388   2.390   2.424   2.437   2.446
  2.455   2.460   2.470   2.471   2.479   2.497   2.505   2.511
  2.523   2.530   2.539   2.541   2.550   2.558   2.566   2.580
  2.597   2.613   2.625   2.635   2.642   2.647   2.667   2.673
  2.685   2.710   2.728   2.737   2.747   2.765   2.767   2.774
  2.786   2.793   2.810   2.826   2.832   2.847   2.855   2.860
  2.872   2.895   2.907   2.914   2.940   2.942   2.949   2.957
  2.975   2.989   3.008   3.021   3.041   3.051   3.066   3.093
  3.110   3.112   3.146   3.154   3.174   3.185   3.189   3.244
  3.244   3.267   3.275   3.299   3.306   3.322   3.323   3.329
  3.380   3.414   3.469   3.477   3.513   3.536   3.550   3.571
  3.586   3.593   3.603   3.619   3.643   3.669   3.693   3.707
  3.738   3.781   3.814   3.826   3.876   3.882   3.885   3.925
  3.947   3.964   3.977   4.035   4.040   4.051   4.099   4.140
  4.186   4.195   4.266   4.437   4.486   4.578   4.637   4.704
  4.807   4.826   4.849   4.856   4.894   4.907   4.911   4.986
  5.009   5.061   5.100   5.162   5.196   5.352   5.502   5.658
  5.707   7.364   7.402   7.498   7.518   7.587   7.619   7.657
  7.675   7.702   7.818   7.832   7.920   7.964   7.987   8.166
  8.296   8.317   8.396   8.444   8.692   8.767   9.896   9.912
  9.991  10.032  10.042  10.069  10.135  13.647  13.936  14.057
 18.553  23.795  23.856  23.949  23.995  24.019  24.024  24.063
 49.969  69.827  69.860  69.934  69.963  69.970  70.012  70.073
139.813
 --------------------------------------------------------------
 
          Ground-State Mulliken Net Atomic Charges

     Atom                 Charge (a.u.)
  ----------------------------------------
      1 C                    -0.646453
      2 C                    -0.245679
      3 C                     0.376993
      4 C                    -0.603079
      5 C                    -0.110383
      6 C                    -0.027855
      7 O                    -0.071631
      8 H                     0.176810
      9 H                     0.088753
     10 H                     0.160686
     11 H                     0.051148
     12 H                     0.253094
     13 C                    -0.451183
     14 H                     0.145773
     15 H                     0.158713
     16 H                     0.140253
     17 H                     0.171988
     18 H                     0.119019
     19 H                     0.137302
     20 H                     0.169238
     21 GH                    0.007468
     22 GH                    0.003158
     23 GH                   -0.018452
     24 GH                    0.002230
     25 GH                   -0.005184
     26 GH                   -0.008523
     27 GH                    0.002712
     28 GH                   -0.000179
     29 GH                    0.000093
     30 GH                   -0.000112
     31 GH                    0.000003
     32 GH                    0.001524
     33 GH                    0.001698
     34 GH                    0.001294
     35 GH                    0.004017
     36 GH                   -0.000927
     37 GH                    0.009861
     38 GH                   -0.001136
     39 GH                   -0.000524
     40 GH                    0.007473
  ----------------------------------------
  Sum of atomic charges =     0.000000

 -----------------------------------------------------------------
                    Cartesian Multipole Moments
 -----------------------------------------------------------------
    Charge (ESU x 10^10)
                 0.0000
    Dipole Moment (Debye)
         X      -0.0070      Y       0.4046      Z       1.6162
       Tot       1.6661
    Quadrupole Moments (Debye-Ang)
        XX     -49.7937     XY      -0.0708     YY     -47.6109
        XZ       2.5526     YZ      -0.6762     ZZ     -52.6604
    Octopole Moments (Debye-Ang^2)
       XXX    -259.7641    XXY     -10.6965    XYY     -84.6882
       YYY     -23.5164    XXZ      -8.5505    XYZ      -0.9855
       YYZ     -12.5096    XZZ     -91.1898    YZZ      -7.6788
       ZZZ     -25.6558
    Hexadecapole Moments (Debye-Ang^3)
      XXXX   -1284.2406   XXXY     -27.8892   XXYY    -307.1824
      XYYY     -16.9678   YYYY    -556.8855   XXXZ     -50.7976
      XXYZ      -7.2611   XYYZ     -17.3005   YYYZ     -16.6125
      XXZZ    -263.4024   XYZZ      -6.9235   YYZZ    -125.7690
      XZZZ     -32.5008   YZZZ     -13.6677   ZZZZ    -235.3702
 -----------------------------------------------------------------
Archival summary:
1\1\vega03.cac.cornell.edu\SP\ProcedureUnspecified\BasisUnspecified\1712h20\jj585\MonApr1623:35:172018MonApr1623:35:172018\0\\#,ProcedureUnspecified,BasisUnspecified,\\0,1\O\C,1,1.43358\H,2,1.07,1,117.389\C,1,1.43646,2,98.0224,3,-179.253,0\C,4,1.51218,1,111.091,2,-178.393,0\H,5,1.07,4,109.471,1,-56.0506,0\H,5,1.07,4,109.472,1,-176.051,0\H,5,1.07,4,109.471,1,63.9491,0\C,2,1.54115,1,102.483,3,-123.548,0\H,9,1.09096,2,110.128,1,81.1589,0\H,9,1.09186,2,112.95,1,-157.962,0\C,2,1.54738,1,103.124,3,123.327,0\H,12,1.07,2,113.95,1,155.255,0\H,12,1.07,2,111.379,1,-86.5463,0\C,4,1.55466,1,102.371,2,-54.4128,0\H,15,1.09132,4,109.614,1,-87.4148,0\H,15,1.09187,4,112.355,1,152.676,0\C,12,1.5685,2,101.696,1,32.1918,0\H,18,1.07,12,111.7,2,120.458,0\H,18,1.07,12,114.71,2,-121.541,0\Gh,17,2.84254,15,148.357,4,-177.169,0\Gh,21,1.07,17,128.517,15,1.61393,0\Gh,22,1.07,21,103.987,17,-175.568,0\Gh,22,1.5685,21,114.71,17,62.15,0\Gh,24,1.07,22,113.95,21,115.396,0\Gh,24,1.07,22,111.379,21,-2.80271,0\Gh,24,1.54738,22,101.696,21,-121.541,0\Gh,27,1.07,24,111.755,22,159.179,0\Gh,27,1.43358,24,103.124,22,32.1918,0\Gh,29,1.43646,27,98.0224,24,-55.9256,0\Gh,30,1.51218,29,111.091,27,-178.393,0\Gh,31,1.07,30,109.471,29,-56.0506,0\Gh,31,1.07,30,109.472,29,-176.051,0\Gh,31,1.07,30,109.471,29,63.9491,0\Gh,27,1.54115,24,108.926,22,-76.1436,0\Gh,35,1.09096,27,110.128,24,-170.072,0\Gh,35,1.09186,27,112.95,24,-49.1929,0\Gh,30,1.55466,29,102.371,27,-54.4128,0\Gh,38,1.09132,30,109.614,29,-87.4148,0\Gh,38,1.09187,30,112.355,29,152.676,0\\\@

 Total job time:  196.31s(wall), 779.26s(cpu) 
 Mon Apr 16 23:35:17 2018

        *************************************************************
        *                                                           *
        *  Thank you very much for using Q-Chem.  Have a nice day.  *
        *                                                           *
        *************************************************************


0 sent ACK to 0 
now end server 0 ... 
