mFile = /opt/software/qchem/qchem-5.0.1//bin/mpi/machines
Process 0 of 1 is on vega01.cac.cornell.edu - thread support 0
initial socket setup ...start
initial socket setup ...done 
now start server 0 ... 
localhost 127.0.0
Q-Chem Developer Version! Running on 127.0.0.*
                  Welcome to Q-Chem
     A Quantum Leap Into The Future Of Chemistry


 Q-Chem 5.0, Q-Chem, Inc., Pleasanton, CA (2017)

 Yihan Shao,  Zhengting Gan,  E. Epifanovsky,  A. T. B. Gilbert,  M. Wormit,  
 J. Kussmann,  A. W. Lange,  A. Behn,  Jia Deng,  Xintian Feng,  D. Ghosh,  
 M. Goldey,  P. R. Horn,  L. D. Jacobson,  I. Kaliman,  T. Kus,  A. Landau,  
 Jie Liu,  E. I. Proynov,  R. M. Richard,  R. P. Steele,  E. J. Sundstrom,  
 H. L. Woodcock III,  P. M. Zimmerman,  D. Zuev,  B. Albrecht,  E. Alguire,  
 S. A. Baeppler,  Z. Benda,  Y. A. Bernard,  E. J. Berquist,  K. B. Bravaya,  
 D. Casanova,  Chun-Min Chang,  Yunqing Chen,  A. Chien,  K. D. Closser,  
 M. P. Coons,  S. Dasgupta,  M. Diedenhofen,  Hainam Do,  R. G. Edgar,  
 Po-Tung Fang,  S. Fatehi,  Qingguo Feng,  Qinghui Ge,  A. Ghysels,  
 J. Gomes,  J. Gonthier,  A. Gunina,  M. W. D. Hanson-Heine,  
 P. H. P. Harbach,  A. W. Hauser,  J. E. Herr,  E. G. Hohenstein,  
 Z. C. Holden,  Kerwin Hui,  T.-C. Jagau,  Hyunjun Ji,  B. Kaduk,  
 K. Khistyaev,  Jaehoon Kim,  P. Klunzinger,  K. Koh,  D. Kosenkov,  
 T. Kowalczyk,  C. M. Krauter,  A. Kunitsa,  Ka Un Lao,  A. Laurent,  
 K. V. Lawler,  Joonho Lee,  D. Lefrancois,  S. Lehtola,  D. S. Levine,  
 Yi-Pei Li,  You-Sheng Lin,  Fenglai Liu,  E. Livshits,  A. Luenser,  
 P. Manohar,  E. Mansoor,  S. F. Manzer,  Shan-Ping Mao,  Yuezhi Mao,  
 N. Mardirossian,  A. V. Marenich,  L. A. Martinez-Martinez,  S. A. Maurer,  
 N. J. Mayhall,  S. C. McKenzie,  J.-M. Mewes,  A. F. Morrison,  K. Nanda,  
 T. S. Nguyen-Beck,  R. Olivares-Amaya,  J. A. Parkhill,  T. M. Perrine,  
 F. Plasser,  S. Prager,  A. Prociuk,  D. R. Rehn,  F. Rob,  M. Schneider,  
 N. Sergueev,  S. M. Sharada,  S. Sharma,  D. W. Small,  T. Stauch,  
 T. Stein,  Yu-Chuan Su,  A. J. W. Thom,  T. Tsuchimochi,  L. Vogt,  
 O. Vydrov,  M. A. Watson,  J. Wenzel,  M. de Wergifosse,  T. A. Wesolowski,  
 A. White,  J. Witte,  A. Yamada,  Jun Yang,  K. Yao,  S. Yeganeh,  
 S. R. Yost,  Zhi-Qiang You,  A. Zech,  Igor Ying Zhang,  Xing Zhang,  
 Yan Zhao,  Ying Zhu,  B. R. Brooks,  G. K. L. Chan,  C. J. Cramer,  
 M. S. Gordon,  W. J. Hehre,  A. Klamt,  M. W. Schmidt,  C. D. Sherrill,  
 D. G. Truhlar,  A. Aspuru-Guzik,  R. Baer,  A. T. Bell,  N. A. Besley,  
 Jeng-Da Chai,  A. Dreuw,  B. D. Dunietz,  T. R. Furlani,  Chao-Ping Hsu,  
 Yousung Jung,  Jing Kong,  D. S. Lambrecht,  WanZhen Liang,  C. Ochsenfeld,  
 V. A. Rassolov,  L. V. Slipchenko,  J. E. Subotnik,  T. Van Voorhis,  
 J. M. Herbert,  A. I. Krylov,  P. M. W. Gill,  M. Head-Gordon

 Contributors to earlier versions of Q-Chem not listed above: 
 R. D. Adamson,  B. Austin,  J. Baker,  G. J. O. Beran,  K. Brandhorst,  
 S. T. Brown,  E. F. C. Byrd,  A. K. Chakraborty,  C.-L. Cheng,  
 Siu Hung Chien,  D. M. Chipman,  D. L. Crittenden,  H. Dachsel,  
 R. A. DiStasio Jr.,  R. J. Doerksen,  A. D. Dutoi,  L. Fusti-Molnar,  
 W. A. Goddard III,  A. Golubeva-Zadorozhnaya,  S. R. Gwaltney,  G. Hawkins,  
 A. Heyden,  S. Hirata,  G. Kedziora,  F. J. Keil,  C. Kelley,  Jihan Kim,  
 R. A. King,  R. Z. Khaliullin,  P. P. Korambath,  W. Kurlancheek,  
 A. M. Lee,  M. S. Lee,  S. V. Levchenko,  Ching Yeh Lin,  D. Liotard,  
 R. C. Lochan,  I. Lotan,  P. E. Maslen,  N. Nair,  D. P. O'Neill,  
 D. Neuhauser,  E. Neuscamman,  C. M. Oana,  R. Olson,  B. Peters,  
 R. Peverati,  P. A. Pieniazek,  Y. M. Rhee,  J. Ritchie,  M. A. Rohrdanz,  
 E. Rosta,  N. J. Russ,  H. F. Schaefer III,  N. E. Schultz,  N. Shenvi,  
 A. C. Simmonett,  A. Sodt,  D. Stuck,  K. S. Thanthiriwatte,  V. Vanovschi,  
 Tao Wang,  A. Warshel,  C. F. Williams,  Q. Wu,  X. Xu,  W. Zhang

 Please cite Q-Chem as follows:
 Y. Shao et al., Mol. Phys. 113, 184-215 (2015)
 DOI: 10.1080/00268976.2014.952696

 Q-Chem 5.0.1 for Intel X86 EM64T Linux

 Parts of Q-Chem use Armadillo 5.200.1 (Boston Tea Smuggler).
 http://arma.sourceforge.net/

 Q-Chem begins on Tue Apr 17 15:44:13 2018  

Host: vega01.cac.cornell.edu
0

     Scratch files written to /scratch/jj585/vdw/01n00_distance_4.700_10.save//
 Parallel job on  1  processors

Checking the input file for inconsistencies... 	...done.

--------------------------------------------------------------
User input:
--------------------------------------------------------------
$molecule
0  1
C        -0.54444000        -0.68370000        -0.06689000
C        -0.55709000        +0.71878000        +0.05493000
C        -1.74320000        -1.41616000        -0.12552000
C        -2.93952000        -0.70056000        -0.05285000
C        -2.95313000        +0.68255000        +0.06934000
C        -1.77161000        +1.42404000        +0.12810000
H        -3.90354000        +1.20325000        +0.11710000
H        -3.87892000        -1.24211000        -0.08988000
C        -1.83960000        +2.92746000        +0.24839000
H        -1.24214000        +3.42352000        -0.52065000
H        -1.45503000        +3.26427000        +1.21284000
H        -2.87211000        +3.26623000        +0.14638000
H        -1.73878000        -2.44393000        -0.21875000
H        +0.35825000        -1.18166000        -0.11386000
H        +0.33551000        +1.23549000        +0.09097000
@C        -0.51210000        -1.09350000        +4.61510000
@C        -0.52475000        +0.30898000        +4.73692000
@C        -1.71086000        -1.82596000        +4.55647000
@C        -2.90718000        -1.11036000        +4.62914000
@C        -2.92079000        +0.27275000        +4.75133000
@C        -1.73927000        +1.01424000        +4.81009000
@H        -3.87120000        +0.79345000        +4.79909000
@H        -3.84658000        -1.65191000        +4.59211000
@C        -1.80726000        +2.51766000        +4.93038000
@H        -1.20980000        +3.01372000        +4.16134000
@H        -1.42269000        +2.85447000        +5.89483000
@H        -2.83977000        +2.85643000        +4.82837000
@H        -1.70644000        -2.85373000        +4.46324000
@H        +0.39059000        -1.59146000        +4.56813000
@H        +0.36785000        +0.82569000        +4.77296000
$end

$rem
JOBTYPE                   SP
METHOD                    B3LYP
DFT_D                     d3_op
BASIS                     6-311++G(d,p)
SYMMETRY                  False
THRESH                    12
SCF_CONVERGENCE           8
MAX_SUB_FILE_NUM          128
MEM_STATIC                400
MEM_TOTAL                 4000
$end
--------------------------------------------------------------
 Adding empirical dispersion correction 
 ----------------------------------------------------------------
 Doing -D3(op) with
 s6 =   1.00000
 s8 =   0.78311
 a1 =   0.30000
 a2 =   4.25000
 n  =  10.00000
 -D3 energy without 3body term =     -0.0113800034 hartrees
 ----------------------------------------------------------------
             Standard Nuclear Orientation (Angstroms)
    I     Atom           X                Y                Z
 ----------------------------------------------------------------
    1      C      -0.5444400000    -0.6837000000    -0.0668900000
    2      C      -0.5570900000     0.7187800000     0.0549300000
    3      C      -1.7432000000    -1.4161600000    -0.1255200000
    4      C      -2.9395200000    -0.7005600000    -0.0528500000
    5      C      -2.9531300000     0.6825500000     0.0693400000
    6      C      -1.7716100000     1.4240400000     0.1281000000
    7      H      -3.9035400000     1.2032500000     0.1171000000
    8      H      -3.8789200000    -1.2421100000    -0.0898800000
    9      C      -1.8396000000     2.9274600000     0.2483900000
   10      H      -1.2421400000     3.4235200000    -0.5206500000
   11      H      -1.4550300000     3.2642700000     1.2128400000
   12      H      -2.8721100000     3.2662300000     0.1463800000
   13      H      -1.7387800000    -2.4439300000    -0.2187500000
   14      H       0.3582500000    -1.1816600000    -0.1138600000
   15      H       0.3355100000     1.2354900000     0.0909700000
   16      GH     -0.5121000000    -1.0935000000     4.6151000000
   17      GH     -0.5247500000     0.3089800000     4.7369200000
   18      GH     -1.7108600000    -1.8259600000     4.5564700000
   19      GH     -2.9071800000    -1.1103600000     4.6291400000
   20      GH     -2.9207900000     0.2727500000     4.7513300000
   21      GH     -1.7392700000     1.0142400000     4.8100900000
   22      GH     -3.8712000000     0.7934500000     4.7990900000
   23      GH     -3.8465800000    -1.6519100000     4.5921100000
   24      GH     -1.8072600000     2.5176600000     4.9303800000
   25      GH     -1.2098000000     3.0137200000     4.1613400000
   26      GH     -1.4226900000     2.8544700000     5.8948300000
   27      GH     -2.8397700000     2.8564300000     4.8283700000
   28      GH     -1.7064400000    -2.8537300000     4.4632400000
   29      GH      0.3905900000    -1.5914600000     4.5681300000
   30      GH      0.3678500000     0.8256900000     4.7729600000
 ----------------------------------------------------------------
 Nuclear Repulsion Energy =   269.2168625664 hartrees
 There are       25 alpha and       25 beta electrons
 Requested basis set is 6-311++G(d,p)
 There are 164 shells and 420 basis functions

 Total QAlloc Memory Limit   4000 MB
 Mega-Array Size       392 MB
 MEM_STATIC part       400 MB
 A cutoff of  1.0D-12 yielded  10970 shell pairs
 There are     71924 function pairs (     76408 Cartesian)
 
 -------------------------------------------------------
 OpenMP Integral Computing Module                       
 Release: version 1.0, May 2013, Q-Chem Inc. Pittsburgh 
 -------------------------------------------------------
 Integral Job Info:
 Integral job number is                      11
 Integral operator is                         1
 short-range coefficients                     0
 long-range coefficients              100000000
 Omega coefficients                           0
 if combine SR and LR in K                    0
 Integral screening is                        0
 Integral computing path is                   2
 max size of driver memory is            800000
 size of driver memory is                593474
 size of scratch memory is              2361544
 max col of scratch BK array               1296
 max len of scratch array in speh3          155
 max len of scratch index in speh4           18
 max int batch size is                      520
 min int batch size is                       52
 fixed nKL is                                52
 max L of basis functions is                  2
 order of int derivative is                   0
 number of shells is                        164
 number of basis is                         434
 number of cartesian basis is               434
 number of contracted shell pairs         10970
 number of primitive shell pairs          24112
 maxK2 (contraction) of shell pair           36
 max number of K2 of shell pair               1
 max number of CS2 of shell pair           2087
 max number of PS2 of shell pair           3348
 mem total for path MDJ                  118552
 -------------------------------------------------------
 Smallest overlap matrix eigenvalue = 3.86E-07
 Linear dependence detected in AO basis
 Number of orthogonalized atomic orbitals = 419
 Maximum deviation from orthogonality = 1.527E-10

 Scale SEOQF with 1.000000e-01/1.000000e-01/1.000000e-02

 Standard Electronic Orientation quadrupole field applied
 Nucleus-field energy     =     0.0000000169 hartrees
 Guess from superposition of atomic densities
 Warning:  Energy on first SCF cycle will be non-variational

 Q-Chem warning in module /opt/software/qchem/qchem-5.0.1/libgen/Atomic_PolEc.C, line 58:

 No atomic polarizability available.


 Q-Chem warning in module /opt/software/qchem/qchem-5.0.1/libgen/Atomic_PolEc.C, line 73:

 No atomic polarizability available.


 Q-Chem warning in module /opt/software/qchem/qchem-5.0.1/libgen/Atomic_PolEc.C, line 58:

 No atomic polarizability available.


 Q-Chem warning in module /opt/software/qchem/qchem-5.0.1/libgen/Atomic_PolEc.C, line 73:

 No atomic polarizability available.


 Q-Chem warning in module /opt/software/qchem/qchem-5.0.1/libgen/Atomic_PolEc.C, line 58:

 No atomic polarizability available.


 Q-Chem warning in module /opt/software/qchem/qchem-5.0.1/libgen/Atomic_PolEc.C, line 73:

 No atomic polarizability available.


 Q-Chem warning in module /opt/software/qchem/qchem-5.0.1/libgen/Atomic_PolEc.C, line 58:

 No atomic polarizability available.


 Q-Chem warning in module /opt/software/qchem/qchem-5.0.1/libgen/Atomic_PolEc.C, line 73:

 No atomic polarizability available.


 Q-Chem warning in module /opt/software/qchem/qchem-5.0.1/libgen/Atomic_PolEc.C, line 58:

 No atomic polarizability available.


 Q-Chem warning in module /opt/software/qchem/qchem-5.0.1/libgen/Atomic_PolEc.C, line 73:

 No atomic polarizability available.


 Q-Chem warning in module /opt/software/qchem/qchem-5.0.1/libgen/Atomic_PolEc.C, line 58:

 No atomic polarizability available.


 Q-Chem warning in module /opt/software/qchem/qchem-5.0.1/libgen/Atomic_PolEc.C, line 73:

 No atomic polarizability available.


 Q-Chem warning in module /opt/software/qchem/qchem-5.0.1/libgen/Atomic_PolEc.C, line 58:

 No atomic polarizability available.


 Q-Chem warning in module /opt/software/qchem/qchem-5.0.1/libgen/Atomic_PolEc.C, line 73:

 No atomic polarizability available.


 Q-Chem warning in module /opt/software/qchem/qchem-5.0.1/libgen/Atomic_PolEc.C, line 58:

 No atomic polarizability available.


 Q-Chem warning in module /opt/software/qchem/qchem-5.0.1/libgen/Atomic_PolEc.C, line 73:

 No atomic polarizability available.


 Q-Chem warning in module /opt/software/qchem/qchem-5.0.1/libgen/Atomic_PolEc.C, line 58:

 No atomic polarizability available.


 Q-Chem warning in module /opt/software/qchem/qchem-5.0.1/libgen/Atomic_PolEc.C, line 73:

 No atomic polarizability available.


 Q-Chem warning in module /opt/software/qchem/qchem-5.0.1/libgen/Atomic_PolEc.C, line 58:

 No atomic polarizability available.


 Q-Chem warning in module /opt/software/qchem/qchem-5.0.1/libgen/Atomic_PolEc.C, line 73:

 No atomic polarizability available.


 Q-Chem warning in module /opt/software/qchem/qchem-5.0.1/libgen/Atomic_PolEc.C, line 58:

 No atomic polarizability available.


 Q-Chem warning in module /opt/software/qchem/qchem-5.0.1/libgen/Atomic_PolEc.C, line 73:

 No atomic polarizability available.


 Q-Chem warning in module /opt/software/qchem/qchem-5.0.1/libgen/Atomic_PolEc.C, line 58:

 No atomic polarizability available.


 Q-Chem warning in module /opt/software/qchem/qchem-5.0.1/libgen/Atomic_PolEc.C, line 73:

 No atomic polarizability available.


 Q-Chem warning in module /opt/software/qchem/qchem-5.0.1/libgen/Atomic_PolEc.C, line 58:

 No atomic polarizability available.


 Q-Chem warning in module /opt/software/qchem/qchem-5.0.1/libgen/Atomic_PolEc.C, line 73:

 No atomic polarizability available.


 Q-Chem warning in module /opt/software/qchem/qchem-5.0.1/libgen/Atomic_PolEc.C, line 58:

 No atomic polarizability available.


 Q-Chem warning in module /opt/software/qchem/qchem-5.0.1/libgen/Atomic_PolEc.C, line 73:

 No atomic polarizability available.


 Q-Chem warning in module /opt/software/qchem/qchem-5.0.1/libgen/Atomic_PolEc.C, line 58:

 No atomic polarizability available.


 Q-Chem warning in module /opt/software/qchem/qchem-5.0.1/libgen/Atomic_PolEc.C, line 73:

 No atomic polarizability available.

 A restricted hybrid HF-DFT SCF calculation will be
 performed using Pulay DIIS extrapolation
 Exchange:     0.2000 Hartree-Fock + 0.0800 Slater + 0.7200 B88
 Correlation:  0.1900 VWN1RPA + 0.8100 LYP
 Using SG-1 standard quadrature grid
 Dispersion:   Grimme D3
 SCF converges when DIIS error is below 1.0E-08
 using 4 threads for integral computing
 -------------------------------------------------------
 OpenMP Integral computing Module                
 Release: version 1.0, May 2013, Q-Chem Inc. Pittsburgh 
 -------------------------------------------------------
 -------------------------------------------------------
 OpenMP BLAS3 based DFT computing Module                
 Release: version 1.0, May 2013, Q-Chem Inc. Pittsburgh 
 -------------------------------------------------------
 ---------------------------------------
  Cycle       Energy         DIIS Error
 ---------------------------------------
    1    -273.1500901560      2.19E-02
    2    -271.4966223569      2.44E-03
    3    -271.4746781243      2.65E-03
    4    -271.6429021621      1.99E-04
    5    -271.6434988373      1.01E-04
    6    -271.6436748715      4.36E-05
    7    -271.6437134601      1.59E-05
    8    -271.6437195756      1.31E-06
    9    -271.6437196052      7.98E-07
   10    -271.6437196191      1.85E-07
   11    -271.6437196198      8.02E-08
   12    -271.6437196199      9.85E-09 Convergence criterion met
 ---------------------------------------
 SCF time:  CPU 325.38 s  wall 81.55 s
 SCF   energy in the final basis set = -271.64371962
 Total energy in the final basis set = -271.64371962
 
 --------------------------------------------------------------
 
                    Orbital Energies (a.u.)
 --------------------------------------------------------------
 
 Alpha MOs
 -- Occupied --
-10.185 -10.174 -10.172 -10.171 -10.170 -10.169 -10.169  -0.858
 -0.776  -0.747  -0.691  -0.611  -0.591  -0.521  -0.465  -0.462
 -0.424  -0.423  -0.418  -0.390  -0.358  -0.350  -0.342  -0.255
 -0.247
 -- Virtual --
 -0.017  -0.013  -0.008   0.005   0.009   0.018   0.028   0.031
  0.036   0.040   0.049   0.051   0.055   0.062   0.064   0.068
  0.075   0.083   0.087   0.089   0.093   0.101   0.106   0.108
  0.110   0.114   0.118   0.122   0.124   0.127   0.128   0.131
  0.137   0.138   0.142   0.143   0.150   0.156   0.161   0.161
  0.163   0.169   0.172   0.176   0.176   0.180   0.183   0.186
  0.191   0.192   0.197   0.202   0.206   0.212   0.216   0.221
  0.224   0.228   0.233   0.235   0.243   0.245   0.250   0.251
  0.259   0.261   0.265   0.268   0.271   0.274   0.282   0.290
  0.293   0.297   0.300   0.305   0.310   0.313   0.318   0.324
  0.331   0.335   0.352   0.358   0.362   0.366   0.370   0.374
  0.378   0.392   0.400   0.415   0.427   0.427   0.441   0.445
  0.454   0.478   0.484   0.486   0.505   0.516   0.521   0.525
  0.544   0.546   0.553   0.556   0.570   0.580   0.582   0.589
  0.593   0.604   0.606   0.615   0.616   0.629   0.637   0.638
  0.642   0.649   0.652   0.661   0.662   0.674   0.681   0.692
  0.711   0.718   0.722   0.732   0.736   0.741   0.747   0.753
  0.774   0.779   0.799   0.806   0.813   0.825   0.852   0.857
  0.861   0.883   0.887   0.897   0.905   0.922   0.927   0.937
  0.942   0.948   0.965   0.967   1.006   1.015   1.019   1.035
  1.044   1.050   1.081   1.093   1.099   1.125   1.132   1.147
  1.163   1.186   1.209   1.212   1.231   1.291   1.333   1.360
  1.368   1.412   1.422   1.429   1.453   1.461   1.475   1.487
  1.501   1.526   1.531   1.532   1.538   1.544   1.560   1.564
  1.567   1.577   1.590   1.599   1.611   1.625   1.648   1.662
  1.677   1.690   1.696   1.711   1.717   1.725   1.739   1.743
  1.756   1.765   1.773   1.775   1.795   1.806   1.807   1.827
  1.850   1.857   1.862   1.867   1.886   1.897   1.902   1.908
  1.922   1.937   1.942   1.957   1.960   1.962   1.965   1.984
  2.009   2.026   2.036   2.037   2.041   2.050   2.064   2.099
  2.107   2.116   2.142   2.163   2.197   2.241   2.252   2.257
  2.306   2.314   2.322   2.324   2.335   2.393   2.404   2.412
  2.416   2.420   2.428   2.447   2.449   2.481   2.485   2.491
  2.495   2.522   2.536   2.552   2.557   2.563   2.570   2.586
  2.597   2.608   2.636   2.645   2.676   2.688   2.703   2.730
  2.737   2.753   2.755   2.764   2.766   2.780   2.807   2.836
  2.840   2.862   2.901   2.903   2.917   2.924   2.929   2.942
  2.954   2.989   2.992   3.000   3.002   3.015   3.044   3.094
  3.116   3.155   3.173   3.205   3.227   3.247   3.281   3.344
  3.356   3.358   3.387   3.393   3.399   3.446   3.477   3.490
  3.516   3.517   3.550   3.563   3.576   3.590   3.623   3.655
  3.665   3.713   3.723   3.793   3.795   3.861   4.016   4.035
  4.039   4.122   4.180   4.187   4.205   4.343   4.632   4.728
  4.838   4.843   4.870   4.916   4.960   5.099   5.206   5.647
  7.083   7.131   7.161   7.227   7.241   7.375   7.624   7.718
  7.727   7.748   7.774   7.787   7.825   7.840   7.873   7.986
  8.031   8.054   8.178   8.488   8.915   9.718  10.011  10.198
 10.218  10.247  10.259  10.321  23.667  23.941  24.002  24.014
 24.096  24.109  24.207  69.816  69.936  70.041  70.049  70.070
 70.072  70.114
 --------------------------------------------------------------
 
          Ground-State Mulliken Net Atomic Charges

     Atom                 Charge (a.u.)
  ----------------------------------------
      1 C                    -0.076514
      2 C                    -0.428266
      3 C                    -0.333472
      4 C                    -0.133822
      5 C                    -0.517889
      6 C                     0.915200
      7 H                     0.153058
      8 H                     0.168547
      9 C                    -0.668060
     10 H                     0.147404
     11 H                     0.163538
     12 H                     0.142705
     13 H                     0.151046
     14 H                     0.159861
     15 H                     0.169254
     16 GH                   -0.032123
     17 GH                    0.037345
     18 GH                    0.032510
     19 GH                   -0.030391
     20 GH                   -0.000596
     21 GH                   -0.026913
     22 GH                    0.000102
     23 GH                    0.000209
     24 GH                    0.004615
     25 GH                   -0.002315
     26 GH                   -0.000645
     27 GH                    0.001588
     28 GH                    0.002693
     29 GH                   -0.000353
     30 GH                    0.001684
  ----------------------------------------
  Sum of atomic charges =    -0.000000

 -----------------------------------------------------------------
                    Cartesian Multipole Moments
 -----------------------------------------------------------------
    Charge (ESU x 10^10)
                -0.0000
    Dipole Moment (Debye)
         X       0.0617      Y       0.3868      Z       0.0413
       Tot       0.3938
    Quadrupole Moments (Debye-Ang)
        XX     -39.3668     XY      -0.6295     YY     -38.0854
        XZ      -0.1050     YZ       0.7254     ZZ     -46.3960
    Octopole Moments (Debye-Ang^2)
       XXX     208.6162    XXY     -19.5398    XYY      67.8770
       YYY     -62.7866    XXZ      -1.6881    XYZ      -1.2451
       YYZ      -2.0841    XZZ      82.7182    YZZ     -19.5971
       ZZZ      -4.8332
    Hexadecapole Moments (Debye-Ang^3)
      XXXX   -1027.7219   XXXY     110.4163   XXYY    -280.3086
      XYYY     117.0597   YYYY    -684.2957   XXXZ      10.5892
      XXYZ      -6.4291   XYYZ       3.8830   YYYZ     -25.4939
      XXZZ    -217.3938   XYZZ      38.0862   YYZZ    -130.4401
      XZZZ      10.3774   YZZZ     -27.3446   ZZZZ     -68.0110
 -----------------------------------------------------------------
Archival summary:
1\1\vega01.cac.cornell.edu\SP\ProcedureUnspecified\BasisUnspecified\78h15\jj585\TueApr1715:45:352018TueApr1715:45:352018\0\\#,ProcedureUnspecified,BasisUnspecified,\\0,1\C\C,1,1.39616\H,2,1.08475,1,118.991\C,2,1.38856,1,121.629,3,179.783,0\H,4,1.08495,2,119.453,1,179.671,0\C,4,1.3959,2,121.575,1,-0.129654,0\H,6,1.032,4,121.26,2,-179.84,0\C,6,1.40604,4,117.481,2,0.160349,0\H,8,1.032,6,119.504,4,179.742,0\C,1,1.40634,2,117.536,3,-179.6,0\H,10,1.032,1,119.607,2,179.72,0\C,1,1.50976,2,119.611,3,-0.341033,0\H,12,1.09144,1,110.135,2,-7.24194,0\H,12,1.09156,1,111.21,2,113.289,0\H,12,1.09291,1,111.796,2,-127.427,0\Gh,14,2.96927,12,151.695,1,-42.259,0\Gh,16,1.09291,14,133.78,12,-20.7758,0\Gh,17,1.09144,16,108.09,14,-53.1119,0\Gh,17,1.09156,16,106.802,14,-169.881,0\Gh,17,1.50976,16,111.796,14,68.2635,0\Gh,20,1.39616,17,119.611,16,-127.427,0\Gh,21,1.08475,20,118.991,17,-0.341033,0\Gh,21,1.38856,20,121.629,17,179.442,0\Gh,23,1.08495,21,119.453,20,179.671,0\Gh,23,1.3959,21,121.575,20,-0.129654,0\Gh,25,1.032,23,121.26,21,-179.84,0\Gh,25,1.40604,23,117.481,21,0.160349,0\Gh,27,1.032,25,119.504,23,179.742,0\Gh,20,1.40634,17,122.848,16,51.7903,0\Gh,29,1.032,20,119.607,17,0.487832,0\\\@

 Total job time:  82.14s(wall), 327.54s(cpu) 
 Tue Apr 17 15:45:35 2018

        *************************************************************
        *                                                           *
        *  Thank you very much for using Q-Chem.  Have a nice day.  *
        *                                                           *
        *************************************************************


0 sent ACK to 0 
now end server 0 ... 
