mFile = /opt/software/qchem/qchem-5.0.1//bin/mpi/machines
Process 0 of 1 is on vega01.cac.cornell.edu - thread support 0
initial socket setup ...start
initial socket setup ...done 
now start server 0 ... 
localhost 127.0.0
Q-Chem Developer Version! Running on 127.0.0.*
                  Welcome to Q-Chem
     A Quantum Leap Into The Future Of Chemistry


 Q-Chem 5.0, Q-Chem, Inc., Pleasanton, CA (2017)

 Yihan Shao,  Zhengting Gan,  E. Epifanovsky,  A. T. B. Gilbert,  M. Wormit,  
 J. Kussmann,  A. W. Lange,  A. Behn,  Jia Deng,  Xintian Feng,  D. Ghosh,  
 M. Goldey,  P. R. Horn,  L. D. Jacobson,  I. Kaliman,  T. Kus,  A. Landau,  
 Jie Liu,  E. I. Proynov,  R. M. Richard,  R. P. Steele,  E. J. Sundstrom,  
 H. L. Woodcock III,  P. M. Zimmerman,  D. Zuev,  B. Albrecht,  E. Alguire,  
 S. A. Baeppler,  Z. Benda,  Y. A. Bernard,  E. J. Berquist,  K. B. Bravaya,  
 D. Casanova,  Chun-Min Chang,  Yunqing Chen,  A. Chien,  K. D. Closser,  
 M. P. Coons,  S. Dasgupta,  M. Diedenhofen,  Hainam Do,  R. G. Edgar,  
 Po-Tung Fang,  S. Fatehi,  Qingguo Feng,  Qinghui Ge,  A. Ghysels,  
 J. Gomes,  J. Gonthier,  A. Gunina,  M. W. D. Hanson-Heine,  
 P. H. P. Harbach,  A. W. Hauser,  J. E. Herr,  E. G. Hohenstein,  
 Z. C. Holden,  Kerwin Hui,  T.-C. Jagau,  Hyunjun Ji,  B. Kaduk,  
 K. Khistyaev,  Jaehoon Kim,  P. Klunzinger,  K. Koh,  D. Kosenkov,  
 T. Kowalczyk,  C. M. Krauter,  A. Kunitsa,  Ka Un Lao,  A. Laurent,  
 K. V. Lawler,  Joonho Lee,  D. Lefrancois,  S. Lehtola,  D. S. Levine,  
 Yi-Pei Li,  You-Sheng Lin,  Fenglai Liu,  E. Livshits,  A. Luenser,  
 P. Manohar,  E. Mansoor,  S. F. Manzer,  Shan-Ping Mao,  Yuezhi Mao,  
 N. Mardirossian,  A. V. Marenich,  L. A. Martinez-Martinez,  S. A. Maurer,  
 N. J. Mayhall,  S. C. McKenzie,  J.-M. Mewes,  A. F. Morrison,  K. Nanda,  
 T. S. Nguyen-Beck,  R. Olivares-Amaya,  J. A. Parkhill,  T. M. Perrine,  
 F. Plasser,  S. Prager,  A. Prociuk,  D. R. Rehn,  F. Rob,  M. Schneider,  
 N. Sergueev,  S. M. Sharada,  S. Sharma,  D. W. Small,  T. Stauch,  
 T. Stein,  Yu-Chuan Su,  A. J. W. Thom,  T. Tsuchimochi,  L. Vogt,  
 O. Vydrov,  M. A. Watson,  J. Wenzel,  M. de Wergifosse,  T. A. Wesolowski,  
 A. White,  J. Witte,  A. Yamada,  Jun Yang,  K. Yao,  S. Yeganeh,  
 S. R. Yost,  Zhi-Qiang You,  A. Zech,  Igor Ying Zhang,  Xing Zhang,  
 Yan Zhao,  Ying Zhu,  B. R. Brooks,  G. K. L. Chan,  C. J. Cramer,  
 M. S. Gordon,  W. J. Hehre,  A. Klamt,  M. W. Schmidt,  C. D. Sherrill,  
 D. G. Truhlar,  A. Aspuru-Guzik,  R. Baer,  A. T. Bell,  N. A. Besley,  
 Jeng-Da Chai,  A. Dreuw,  B. D. Dunietz,  T. R. Furlani,  Chao-Ping Hsu,  
 Yousung Jung,  Jing Kong,  D. S. Lambrecht,  WanZhen Liang,  C. Ochsenfeld,  
 V. A. Rassolov,  L. V. Slipchenko,  J. E. Subotnik,  T. Van Voorhis,  
 J. M. Herbert,  A. I. Krylov,  P. M. W. Gill,  M. Head-Gordon

 Contributors to earlier versions of Q-Chem not listed above: 
 R. D. Adamson,  B. Austin,  J. Baker,  G. J. O. Beran,  K. Brandhorst,  
 S. T. Brown,  E. F. C. Byrd,  A. K. Chakraborty,  C.-L. Cheng,  
 Siu Hung Chien,  D. M. Chipman,  D. L. Crittenden,  H. Dachsel,  
 R. A. DiStasio Jr.,  R. J. Doerksen,  A. D. Dutoi,  L. Fusti-Molnar,  
 W. A. Goddard III,  A. Golubeva-Zadorozhnaya,  S. R. Gwaltney,  G. Hawkins,  
 A. Heyden,  S. Hirata,  G. Kedziora,  F. J. Keil,  C. Kelley,  Jihan Kim,  
 R. A. King,  R. Z. Khaliullin,  P. P. Korambath,  W. Kurlancheek,  
 A. M. Lee,  M. S. Lee,  S. V. Levchenko,  Ching Yeh Lin,  D. Liotard,  
 R. C. Lochan,  I. Lotan,  P. E. Maslen,  N. Nair,  D. P. O'Neill,  
 D. Neuhauser,  E. Neuscamman,  C. M. Oana,  R. Olson,  B. Peters,  
 R. Peverati,  P. A. Pieniazek,  Y. M. Rhee,  J. Ritchie,  M. A. Rohrdanz,  
 E. Rosta,  N. J. Russ,  H. F. Schaefer III,  N. E. Schultz,  N. Shenvi,  
 A. C. Simmonett,  A. Sodt,  D. Stuck,  K. S. Thanthiriwatte,  V. Vanovschi,  
 Tao Wang,  A. Warshel,  C. F. Williams,  Q. Wu,  X. Xu,  W. Zhang

 Please cite Q-Chem as follows:
 Y. Shao et al., Mol. Phys. 113, 184-215 (2015)
 DOI: 10.1080/00268976.2014.952696

 Q-Chem 5.0.1 for Intel X86 EM64T Linux

 Parts of Q-Chem use Armadillo 5.200.1 (Boston Tea Smuggler).
 http://arma.sourceforge.net/

 Q-Chem begins on Tue Apr 17 15:49:55 2018  

Host: vega01.cac.cornell.edu
0

     Scratch files written to /scratch/jj585/vdw/01n00_distance_6.000_01.save//
 Parallel job on  1  processors

Checking the input file for inconsistencies... 	...done.

--------------------------------------------------------------
User input:
--------------------------------------------------------------
$molecule
0  1
C        -0.50315000        -1.20685000        +5.91012000
C        -0.51580000        +0.19563000        +6.03194000
C        -1.70191000        -1.93931000        +5.85149000
C        -2.89823000        -1.22371000        +5.92416000
C        -2.91184000        +0.15940000        +6.04635000
C        -1.73032000        +0.90089000        +6.10511000
H        -3.86225000        +0.68010000        +6.09411000
H        -3.83763000        -1.76526000        +5.88713000
C        -1.79831000        +2.40431000        +6.22540000
H        -1.20085000        +2.90037000        +5.45636000
H        -1.41374000        +2.74112000        +7.18985000
H        -2.83082000        +2.74308000        +6.12339000
H        -1.69749000        -2.96708000        +5.75826000
H        +0.39954000        -1.70481000        +5.86315000
H        +0.37680000        +0.71234000        +6.06798000
@C        -0.54444000        -0.68370000        -0.06689000
@C        -0.55709000        +0.71878000        +0.05493000
@C        -1.74320000        -1.41616000        -0.12552000
@C        -2.93952000        -0.70056000        -0.05285000
@C        -2.95313000        +0.68255000        +0.06934000
@C        -1.77161000        +1.42404000        +0.12810000
@H        -3.90354000        +1.20325000        +0.11710000
@H        -3.87892000        -1.24211000        -0.08988000
@C        -1.83960000        +2.92746000        +0.24839000
@H        -1.24214000        +3.42352000        -0.52065000
@H        -1.45503000        +3.26427000        +1.21284000
@H        -2.87211000        +3.26623000        +0.14638000
@H        -1.73878000        -2.44393000        -0.21875000
@H        +0.35825000        -1.18166000        -0.11386000
@H        +0.33551000        +1.23549000        +0.09097000
$end

$rem
JOBTYPE                   SP
METHOD                    B3LYP
DFT_D                     d3_op
BASIS                     6-311++G(d,p)
SYMMETRY                  False
THRESH                    12
SCF_CONVERGENCE           8
MAX_SUB_FILE_NUM          128
MEM_STATIC                400
MEM_TOTAL                 4000
$end
--------------------------------------------------------------
 Adding empirical dispersion correction 
 ----------------------------------------------------------------
 Doing -D3(op) with
 s6 =   1.00000
 s8 =   0.78311
 a1 =   0.30000
 a2 =   4.25000
 n  =  10.00000
 -D3 energy without 3body term =     -0.0113800034 hartrees
 ----------------------------------------------------------------
             Standard Nuclear Orientation (Angstroms)
    I     Atom           X                Y                Z
 ----------------------------------------------------------------
    1      C      -0.5031500000    -1.2068500000     5.9101200000
    2      C      -0.5158000000     0.1956300000     6.0319400000
    3      C      -1.7019100000    -1.9393100000     5.8514900000
    4      C      -2.8982300000    -1.2237100000     5.9241600000
    5      C      -2.9118400000     0.1594000000     6.0463500000
    6      C      -1.7303200000     0.9008900000     6.1051100000
    7      H      -3.8622500000     0.6801000000     6.0941100000
    8      H      -3.8376300000    -1.7652600000     5.8871300000
    9      C      -1.7983100000     2.4043100000     6.2254000000
   10      H      -1.2008500000     2.9003700000     5.4563600000
   11      H      -1.4137400000     2.7411200000     7.1898500000
   12      H      -2.8308200000     2.7430800000     6.1233900000
   13      H      -1.6974900000    -2.9670800000     5.7582600000
   14      H       0.3995400000    -1.7048100000     5.8631500000
   15      H       0.3768000000     0.7123400000     6.0679800000
   16      GH     -0.5444400000    -0.6837000000    -0.0668900000
   17      GH     -0.5570900000     0.7187800000     0.0549300000
   18      GH     -1.7432000000    -1.4161600000    -0.1255200000
   19      GH     -2.9395200000    -0.7005600000    -0.0528500000
   20      GH     -2.9531300000     0.6825500000     0.0693400000
   21      GH     -1.7716100000     1.4240400000     0.1281000000
   22      GH     -3.9035400000     1.2032500000     0.1171000000
   23      GH     -3.8789200000    -1.2421100000    -0.0898800000
   24      GH     -1.8396000000     2.9274600000     0.2483900000
   25      GH     -1.2421400000     3.4235200000    -0.5206500000
   26      GH     -1.4550300000     3.2642700000     1.2128400000
   27      GH     -2.8721100000     3.2662300000     0.1463800000
   28      GH     -1.7387800000    -2.4439300000    -0.2187500000
   29      GH      0.3582500000    -1.1816600000    -0.1138600000
   30      GH      0.3355100000     1.2354900000     0.0909700000
 ----------------------------------------------------------------
 Nuclear Repulsion Energy =   269.2168625664 hartrees
 There are       25 alpha and       25 beta electrons
 Requested basis set is 6-311++G(d,p)
 There are 164 shells and 420 basis functions

 Total QAlloc Memory Limit   4000 MB
 Mega-Array Size       392 MB
 MEM_STATIC part       400 MB
 A cutoff of  1.0D-12 yielded  10465 shell pairs
 There are     68241 function pairs (     72258 Cartesian)
 
 -------------------------------------------------------
 OpenMP Integral Computing Module                       
 Release: version 1.0, May 2013, Q-Chem Inc. Pittsburgh 
 -------------------------------------------------------
 Integral Job Info:
 Integral job number is                      11
 Integral operator is                         1
 short-range coefficients                     0
 long-range coefficients              100000000
 Omega coefficients                           0
 if combine SR and LR in K                    0
 Integral screening is                        0
 Integral computing path is                   2
 max size of driver memory is            800000
 size of driver memory is                593474
 size of scratch memory is              2361544
 max col of scratch BK array               1296
 max len of scratch array in speh3          155
 max len of scratch index in speh4           18
 max int batch size is                      520
 min int batch size is                       52
 fixed nKL is                                52
 max L of basis functions is                  2
 order of int derivative is                   0
 number of shells is                        164
 number of basis is                         434
 number of cartesian basis is               434
 number of contracted shell pairs         10465
 number of primitive shell pairs          23298
 maxK2 (contraction) of shell pair           36
 max number of K2 of shell pair               1
 max number of CS2 of shell pair           2002
 max number of PS2 of shell pair           3300
 mem total for path MDJ                  116586
 -------------------------------------------------------
 Smallest overlap matrix eigenvalue = 6.87E-07
 Linear dependence detected in AO basis
 Number of orthogonalized atomic orbitals = 419
 Maximum deviation from orthogonality = 1.596E-10

 Scale SEOQF with 1.000000e-01/1.000000e-01/1.000000e-02

 Standard Electronic Orientation quadrupole field applied
 Nucleus-field energy     =    -0.0000000036 hartrees
 Guess from superposition of atomic densities
 Warning:  Energy on first SCF cycle will be non-variational

 Q-Chem warning in module /opt/software/qchem/qchem-5.0.1/libgen/Atomic_PolEc.C, line 58:

 No atomic polarizability available.


 Q-Chem warning in module /opt/software/qchem/qchem-5.0.1/libgen/Atomic_PolEc.C, line 73:

 No atomic polarizability available.


 Q-Chem warning in module /opt/software/qchem/qchem-5.0.1/libgen/Atomic_PolEc.C, line 58:

 No atomic polarizability available.


 Q-Chem warning in module /opt/software/qchem/qchem-5.0.1/libgen/Atomic_PolEc.C, line 73:

 No atomic polarizability available.


 Q-Chem warning in module /opt/software/qchem/qchem-5.0.1/libgen/Atomic_PolEc.C, line 58:

 No atomic polarizability available.


 Q-Chem warning in module /opt/software/qchem/qchem-5.0.1/libgen/Atomic_PolEc.C, line 73:

 No atomic polarizability available.


 Q-Chem warning in module /opt/software/qchem/qchem-5.0.1/libgen/Atomic_PolEc.C, line 58:

 No atomic polarizability available.


 Q-Chem warning in module /opt/software/qchem/qchem-5.0.1/libgen/Atomic_PolEc.C, line 73:

 No atomic polarizability available.


 Q-Chem warning in module /opt/software/qchem/qchem-5.0.1/libgen/Atomic_PolEc.C, line 58:

 No atomic polarizability available.


 Q-Chem warning in module /opt/software/qchem/qchem-5.0.1/libgen/Atomic_PolEc.C, line 73:

 No atomic polarizability available.


 Q-Chem warning in module /opt/software/qchem/qchem-5.0.1/libgen/Atomic_PolEc.C, line 58:

 No atomic polarizability available.


 Q-Chem warning in module /opt/software/qchem/qchem-5.0.1/libgen/Atomic_PolEc.C, line 73:

 No atomic polarizability available.


 Q-Chem warning in module /opt/software/qchem/qchem-5.0.1/libgen/Atomic_PolEc.C, line 58:

 No atomic polarizability available.


 Q-Chem warning in module /opt/software/qchem/qchem-5.0.1/libgen/Atomic_PolEc.C, line 73:

 No atomic polarizability available.


 Q-Chem warning in module /opt/software/qchem/qchem-5.0.1/libgen/Atomic_PolEc.C, line 58:

 No atomic polarizability available.


 Q-Chem warning in module /opt/software/qchem/qchem-5.0.1/libgen/Atomic_PolEc.C, line 73:

 No atomic polarizability available.


 Q-Chem warning in module /opt/software/qchem/qchem-5.0.1/libgen/Atomic_PolEc.C, line 58:

 No atomic polarizability available.


 Q-Chem warning in module /opt/software/qchem/qchem-5.0.1/libgen/Atomic_PolEc.C, line 73:

 No atomic polarizability available.


 Q-Chem warning in module /opt/software/qchem/qchem-5.0.1/libgen/Atomic_PolEc.C, line 58:

 No atomic polarizability available.


 Q-Chem warning in module /opt/software/qchem/qchem-5.0.1/libgen/Atomic_PolEc.C, line 73:

 No atomic polarizability available.


 Q-Chem warning in module /opt/software/qchem/qchem-5.0.1/libgen/Atomic_PolEc.C, line 58:

 No atomic polarizability available.


 Q-Chem warning in module /opt/software/qchem/qchem-5.0.1/libgen/Atomic_PolEc.C, line 73:

 No atomic polarizability available.


 Q-Chem warning in module /opt/software/qchem/qchem-5.0.1/libgen/Atomic_PolEc.C, line 58:

 No atomic polarizability available.


 Q-Chem warning in module /opt/software/qchem/qchem-5.0.1/libgen/Atomic_PolEc.C, line 73:

 No atomic polarizability available.


 Q-Chem warning in module /opt/software/qchem/qchem-5.0.1/libgen/Atomic_PolEc.C, line 58:

 No atomic polarizability available.


 Q-Chem warning in module /opt/software/qchem/qchem-5.0.1/libgen/Atomic_PolEc.C, line 73:

 No atomic polarizability available.


 Q-Chem warning in module /opt/software/qchem/qchem-5.0.1/libgen/Atomic_PolEc.C, line 58:

 No atomic polarizability available.


 Q-Chem warning in module /opt/software/qchem/qchem-5.0.1/libgen/Atomic_PolEc.C, line 73:

 No atomic polarizability available.


 Q-Chem warning in module /opt/software/qchem/qchem-5.0.1/libgen/Atomic_PolEc.C, line 58:

 No atomic polarizability available.


 Q-Chem warning in module /opt/software/qchem/qchem-5.0.1/libgen/Atomic_PolEc.C, line 73:

 No atomic polarizability available.

 A restricted hybrid HF-DFT SCF calculation will be
 performed using Pulay DIIS extrapolation
 Exchange:     0.2000 Hartree-Fock + 0.0800 Slater + 0.7200 B88
 Correlation:  0.1900 VWN1RPA + 0.8100 LYP
 Using SG-1 standard quadrature grid
 Dispersion:   Grimme D3
 SCF converges when DIIS error is below 1.0E-08
 using 4 threads for integral computing
 -------------------------------------------------------
 OpenMP Integral computing Module                
 Release: version 1.0, May 2013, Q-Chem Inc. Pittsburgh 
 -------------------------------------------------------
 -------------------------------------------------------
 OpenMP BLAS3 based DFT computing Module                
 Release: version 1.0, May 2013, Q-Chem Inc. Pittsburgh 
 -------------------------------------------------------
 ---------------------------------------
  Cycle       Energy         DIIS Error
 ---------------------------------------
    1    -273.1500998550      2.19E-02
    2    -271.4965077526      2.44E-03
    3    -271.4750625123      2.65E-03
    4    -271.6427886964      1.96E-04
    5    -271.6433673991      1.00E-04
    6    -271.6435410075      4.34E-05
    7    -271.6435793554      1.57E-05
    8    -271.6435853459      1.31E-06
    9    -271.6435853749      8.01E-07
   10    -271.6435853889      1.83E-07
   11    -271.6435853896      8.05E-08
   12    -271.6435853897      9.55E-09 Convergence criterion met
 ---------------------------------------
 SCF time:  CPU 277.53 s  wall 69.55 s
 SCF   energy in the final basis set = -271.64358539
 Total energy in the final basis set = -271.64358539
 
 --------------------------------------------------------------
 
                    Orbital Energies (a.u.)
 --------------------------------------------------------------
 
 Alpha MOs
 -- Occupied --
-10.185 -10.174 -10.172 -10.171 -10.170 -10.169 -10.169  -0.858
 -0.776  -0.747  -0.691  -0.611  -0.591  -0.521  -0.465  -0.462
 -0.424  -0.423  -0.418  -0.390  -0.358  -0.350  -0.342  -0.255
 -0.247
 -- Virtual --
 -0.017  -0.013  -0.008   0.005   0.010   0.018   0.028   0.032
  0.035   0.040   0.043   0.049   0.055   0.060   0.063   0.067
  0.072   0.082   0.083   0.087   0.089   0.095   0.104   0.107
  0.111   0.113   0.116   0.121   0.123   0.124   0.126   0.128
  0.129   0.133   0.135   0.140   0.143   0.151   0.154   0.160
  0.163   0.163   0.167   0.171   0.173   0.177   0.178   0.181
  0.182   0.184   0.186   0.189   0.199   0.200   0.210   0.215
  0.217   0.222   0.227   0.231   0.234   0.237   0.243   0.247
  0.248   0.251   0.254   0.260   0.264   0.268   0.274   0.279
  0.285   0.291   0.295   0.299   0.300   0.307   0.308   0.314
  0.322   0.326   0.328   0.330   0.339   0.352   0.363   0.366
  0.369   0.375   0.381   0.385   0.402   0.410   0.419   0.426
  0.437   0.472   0.475   0.482   0.488   0.510   0.510   0.524
  0.533   0.542   0.549   0.559   0.568   0.570   0.577   0.581
  0.586   0.588   0.597   0.604   0.607   0.616   0.619   0.624
  0.638   0.644   0.650   0.656   0.659   0.662   0.667   0.674
  0.692   0.699   0.705   0.723   0.732   0.734   0.740   0.744
  0.754   0.771   0.780   0.803   0.809   0.824   0.825   0.849
  0.857   0.874   0.879   0.892   0.899   0.905   0.915   0.927
  0.930   0.944   0.950   0.976   1.000   1.013   1.015   1.022
  1.035   1.038   1.074   1.079   1.088   1.118   1.124   1.135
  1.145   1.161   1.191   1.198   1.209   1.285   1.323   1.356
  1.367   1.372   1.412   1.415   1.421   1.450   1.462   1.475
  1.500   1.526   1.528   1.530   1.534   1.538   1.548   1.556
  1.562   1.575   1.583   1.589   1.611   1.617   1.643   1.659
  1.675   1.683   1.696   1.712   1.716   1.721   1.738   1.744
  1.754   1.757   1.765   1.779   1.792   1.800   1.815   1.820
  1.842   1.848   1.856   1.867   1.882   1.886   1.895   1.898
  1.916   1.936   1.939   1.955   1.959   1.961   1.973   1.979
  2.020   2.024   2.032   2.035   2.046   2.054   2.068   2.096
  2.101   2.111   2.145   2.164   2.193   2.237   2.248   2.264
  2.306   2.310   2.320   2.324   2.336   2.396   2.399   2.413
  2.415   2.416   2.429   2.445   2.448   2.468   2.481   2.488
  2.492   2.497   2.537   2.551   2.555   2.557   2.569   2.590
  2.595   2.600   2.631   2.636   2.671   2.677   2.699   2.724
  2.735   2.736   2.745   2.749   2.758   2.763   2.777   2.827
  2.837   2.851   2.897   2.907   2.912   2.922   2.929   2.938
  2.952   2.991   2.995   3.004   3.004   3.010   3.049   3.090
  3.120   3.152   3.174   3.213   3.221   3.248   3.283   3.345
  3.352   3.358   3.383   3.396   3.397   3.452   3.470   3.496
  3.501   3.512   3.541   3.543   3.562   3.591   3.622   3.651
  3.668   3.708   3.722   3.791   3.799   3.858   4.018   4.033
  4.034   4.120   4.178   4.184   4.202   4.343   4.623   4.735
  4.838   4.842   4.862   4.908   4.980   5.121   5.231   5.675
  7.047   7.106   7.131   7.203   7.215   7.350   7.607   7.714
  7.718   7.742   7.771   7.777   7.818   7.835   7.848   7.981
  8.020   8.045   8.166   8.476   8.916   9.701   9.994  10.208
 10.222  10.263  10.271  10.338  23.646  23.939  23.999  24.007
 24.095  24.108  24.205  69.792  69.950  70.036  70.041  70.059
 70.067  70.101
 --------------------------------------------------------------
 
          Ground-State Mulliken Net Atomic Charges

     Atom                 Charge (a.u.)
  ----------------------------------------
      1 C                    -0.069362
      2 C                    -0.390206
      3 C                    -0.316915
      4 C                    -0.116164
      5 C                    -0.657020
      6 C                     0.930431
      7 H                     0.136272
      8 H                     0.171740
      9 C                    -0.609317
     10 H                     0.149023
     11 H                     0.158495
     12 H                     0.147563
     13 H                     0.148037
     14 H                     0.161374
     15 H                     0.158849
     16 GH                   -0.000879
     17 GH                    0.003537
     18 GH                    0.002678
     19 GH                   -0.001204
     20 GH                   -0.007297
     21 GH                    0.000668
     22 GH                   -0.000853
     23 GH                   -0.000176
     24 GH                    0.001716
     25 GH                   -0.000025
     26 GH                   -0.000499
     27 GH                    0.000198
     28 GH                    0.000213
     29 GH                   -0.000437
     30 GH                   -0.000439
  ----------------------------------------
  Sum of atomic charges =     0.000000

 -----------------------------------------------------------------
                    Cartesian Multipole Moments
 -----------------------------------------------------------------
    Charge (ESU x 10^10)
                 0.0000
    Dipole Moment (Debye)
         X       0.0620      Y       0.3877      Z       0.0306
       Tot       0.3939
    Quadrupole Moments (Debye-Ang)
        XX     -39.3457     XY      -0.6475     YY     -38.4748
        XZ       0.2895     YZ       3.0300     ZZ     -46.0503
    Octopole Moments (Debye-Ang^2)
       XXX     203.6576    XXY       1.0025    XYY      66.9384
       YYY      -2.6924    XXZ    -236.9593    XYZ      -5.0431
       YYZ    -232.8146    XZZ      82.0860    YZZ      27.0514
       ZZZ    -833.8000
    Hexadecapole Moments (Debye-Ang^3)
      XXXX    -993.1883   XXXY       1.4094   XXYY    -264.9489
      XYYY       9.8897   YYYY    -615.3923   XXXZ    1227.9923
      XXYZ       0.3824   XYYZ     405.1806   YYYZ     -37.6294
      XXZZ   -1637.7320   XYZZ     -42.1475   YYZZ   -1531.2141
      XZZZ    1464.2145   YZZZ     218.3664   ZZZZ  -10105.6495
 -----------------------------------------------------------------
Archival summary:
1\1\vega01.cac.cornell.edu\SP\ProcedureUnspecified\BasisUnspecified\78h15\jj585\TueApr1715:51:052018TueApr1715:51:052018\0\\#,ProcedureUnspecified,BasisUnspecified,\\0,1\C\C,1,1.39616\H,2,1.08475,1,118.991\C,2,1.38856,1,121.629,3,179.783,0\H,4,1.08495,2,119.453,1,179.671,0\C,4,1.3959,2,121.575,1,-0.129654,0\H,6,1.032,4,121.26,2,-179.84,0\C,6,1.40604,4,117.481,2,0.160349,0\H,8,1.032,6,119.504,4,179.742,0\C,1,1.40634,2,117.536,3,-179.6,0\H,10,1.032,1,119.607,2,179.72,0\C,1,1.50976,2,119.611,3,-0.341033,0\H,12,1.09144,1,110.135,2,-7.24194,0\H,12,1.09156,1,111.21,2,113.289,0\H,12,1.09291,1,111.796,2,-127.427,0\Gh,15,4.26667,12,134.909,1,67.3007,0\Gh,16,1.09156,15,150.86,12,-18.23,0\Gh,17,1.09144,16,108.669,15,76.9973,0\Gh,17,1.09291,16,106.802,15,-166.618,0\Gh,17,1.50976,16,111.21,15,-44.3943,0\Gh,20,1.39616,17,119.611,16,113.289,0\Gh,21,1.08475,20,118.991,17,-0.341033,0\Gh,21,1.38856,20,121.629,17,179.442,0\Gh,23,1.08495,21,119.453,20,179.671,0\Gh,23,1.3959,21,121.575,20,-0.129654,0\Gh,25,1.032,23,121.26,21,-179.84,0\Gh,25,1.40604,23,117.481,21,0.160349,0\Gh,27,1.032,25,119.504,23,179.742,0\Gh,20,1.40634,17,122.848,16,-67.4939,0\Gh,29,1.032,20,119.607,17,0.487832,0\\\@

 Total job time:  70.15s(wall), 279.62s(cpu) 
 Tue Apr 17 15:51:05 2018

        *************************************************************
        *                                                           *
        *  Thank you very much for using Q-Chem.  Have a nice day.  *
        *                                                           *
        *************************************************************


0 sent ACK to 0 
now end server 0 ... 
