mFile = /opt/software/qchem/qchem-5.0.1//bin/mpi/machines
Process 0 of 1 is on vega03.cac.cornell.edu - thread support 0
initial socket setup ...start
initial socket setup ...done 
now start server 0 ... 
vega03 10.84.3
Q-Chem Developer Version! Running on 10.84.3.*
                  Welcome to Q-Chem
     A Quantum Leap Into The Future Of Chemistry


 Q-Chem 5.0, Q-Chem, Inc., Pleasanton, CA (2017)

 Yihan Shao,  Zhengting Gan,  E. Epifanovsky,  A. T. B. Gilbert,  M. Wormit,  
 J. Kussmann,  A. W. Lange,  A. Behn,  Jia Deng,  Xintian Feng,  D. Ghosh,  
 M. Goldey,  P. R. Horn,  L. D. Jacobson,  I. Kaliman,  T. Kus,  A. Landau,  
 Jie Liu,  E. I. Proynov,  R. M. Richard,  R. P. Steele,  E. J. Sundstrom,  
 H. L. Woodcock III,  P. M. Zimmerman,  D. Zuev,  B. Albrecht,  E. Alguire,  
 S. A. Baeppler,  Z. Benda,  Y. A. Bernard,  E. J. Berquist,  K. B. Bravaya,  
 D. Casanova,  Chun-Min Chang,  Yunqing Chen,  A. Chien,  K. D. Closser,  
 M. P. Coons,  S. Dasgupta,  M. Diedenhofen,  Hainam Do,  R. G. Edgar,  
 Po-Tung Fang,  S. Fatehi,  Qingguo Feng,  Qinghui Ge,  A. Ghysels,  
 J. Gomes,  J. Gonthier,  A. Gunina,  M. W. D. Hanson-Heine,  
 P. H. P. Harbach,  A. W. Hauser,  J. E. Herr,  E. G. Hohenstein,  
 Z. C. Holden,  Kerwin Hui,  T.-C. Jagau,  Hyunjun Ji,  B. Kaduk,  
 K. Khistyaev,  Jaehoon Kim,  P. Klunzinger,  K. Koh,  D. Kosenkov,  
 T. Kowalczyk,  C. M. Krauter,  A. Kunitsa,  Ka Un Lao,  A. Laurent,  
 K. V. Lawler,  Joonho Lee,  D. Lefrancois,  S. Lehtola,  D. S. Levine,  
 Yi-Pei Li,  You-Sheng Lin,  Fenglai Liu,  E. Livshits,  A. Luenser,  
 P. Manohar,  E. Mansoor,  S. F. Manzer,  Shan-Ping Mao,  Yuezhi Mao,  
 N. Mardirossian,  A. V. Marenich,  L. A. Martinez-Martinez,  S. A. Maurer,  
 N. J. Mayhall,  S. C. McKenzie,  J.-M. Mewes,  A. F. Morrison,  K. Nanda,  
 T. S. Nguyen-Beck,  R. Olivares-Amaya,  J. A. Parkhill,  T. M. Perrine,  
 F. Plasser,  S. Prager,  A. Prociuk,  D. R. Rehn,  F. Rob,  M. Schneider,  
 N. Sergueev,  S. M. Sharada,  S. Sharma,  D. W. Small,  T. Stauch,  
 T. Stein,  Yu-Chuan Su,  A. J. W. Thom,  T. Tsuchimochi,  L. Vogt,  
 O. Vydrov,  M. A. Watson,  J. Wenzel,  M. de Wergifosse,  T. A. Wesolowski,  
 A. White,  J. Witte,  A. Yamada,  Jun Yang,  K. Yao,  S. Yeganeh,  
 S. R. Yost,  Zhi-Qiang You,  A. Zech,  Igor Ying Zhang,  Xing Zhang,  
 Yan Zhao,  Ying Zhu,  B. R. Brooks,  G. K. L. Chan,  C. J. Cramer,  
 M. S. Gordon,  W. J. Hehre,  A. Klamt,  M. W. Schmidt,  C. D. Sherrill,  
 D. G. Truhlar,  A. Aspuru-Guzik,  R. Baer,  A. T. Bell,  N. A. Besley,  
 Jeng-Da Chai,  A. Dreuw,  B. D. Dunietz,  T. R. Furlani,  Chao-Ping Hsu,  
 Yousung Jung,  Jing Kong,  D. S. Lambrecht,  WanZhen Liang,  C. Ochsenfeld,  
 V. A. Rassolov,  L. V. Slipchenko,  J. E. Subotnik,  T. Van Voorhis,  
 J. M. Herbert,  A. I. Krylov,  P. M. W. Gill,  M. Head-Gordon

 Contributors to earlier versions of Q-Chem not listed above: 
 R. D. Adamson,  B. Austin,  J. Baker,  G. J. O. Beran,  K. Brandhorst,  
 S. T. Brown,  E. F. C. Byrd,  A. K. Chakraborty,  C.-L. Cheng,  
 Siu Hung Chien,  D. M. Chipman,  D. L. Crittenden,  H. Dachsel,  
 R. A. DiStasio Jr.,  R. J. Doerksen,  A. D. Dutoi,  L. Fusti-Molnar,  
 W. A. Goddard III,  A. Golubeva-Zadorozhnaya,  S. R. Gwaltney,  G. Hawkins,  
 A. Heyden,  S. Hirata,  G. Kedziora,  F. J. Keil,  C. Kelley,  Jihan Kim,  
 R. A. King,  R. Z. Khaliullin,  P. P. Korambath,  W. Kurlancheek,  
 A. M. Lee,  M. S. Lee,  S. V. Levchenko,  Ching Yeh Lin,  D. Liotard,  
 R. C. Lochan,  I. Lotan,  P. E. Maslen,  N. Nair,  D. P. O'Neill,  
 D. Neuhauser,  E. Neuscamman,  C. M. Oana,  R. Olson,  B. Peters,  
 R. Peverati,  P. A. Pieniazek,  Y. M. Rhee,  J. Ritchie,  M. A. Rohrdanz,  
 E. Rosta,  N. J. Russ,  H. F. Schaefer III,  N. E. Schultz,  N. Shenvi,  
 A. C. Simmonett,  A. Sodt,  D. Stuck,  K. S. Thanthiriwatte,  V. Vanovschi,  
 Tao Wang,  A. Warshel,  C. F. Williams,  Q. Wu,  X. Xu,  W. Zhang

 Please cite Q-Chem as follows:
 Y. Shao et al., Mol. Phys. 113, 184-215 (2015)
 DOI: 10.1080/00268976.2014.952696

 Q-Chem 5.0.1 for Intel X86 EM64T Linux

 Parts of Q-Chem use Armadillo 5.200.1 (Boston Tea Smuggler).
 http://arma.sourceforge.net/

 Q-Chem begins on Mon Apr  2 12:40:06 2018  

Host: vega03.cac.cornell.edu
0

     Scratch files written to /scratch/jj585/vdw/1111_distance_5.100_11.save//
 Parallel job on  1  processors

Checking the input file for inconsistencies... 	...done.

--------------------------------------------------------------
User input:
--------------------------------------------------------------
$molecule
0  1
--
0  1
C        +0.22270000        +1.04488000        +0.58595000
C        +0.62626000        -0.41353000        +0.99871000
C        -1.18200000        +1.23223000        +0.04377000
C        -0.37457000        -1.51643000        +0.72333000
O        -2.09172000        +0.78832000        +0.93966000
O        -1.47336000        +1.75939000        -0.99882000
O        -0.91364000        -1.42792000        -0.50620000
O        -0.62208000        -2.40877000        +1.49911000
C        -1.86134000        -2.44741000        -0.86560000
C        -3.47068000        +0.87492000        +0.53920000
C        +1.33008000        +1.39974000        -0.43491000
C        +2.63070000        +1.71700000        +0.32855000
C        +3.04336000        +0.29351000        +0.80300000
C        +1.94423000        -0.59299000        +0.15262000
O        +1.62840000        +0.13663000        -1.04376000
H        +0.27811000        +1.68786000        +1.46900000
H        +0.83923000        -0.48042000        +2.06408000
H        -2.68749000        -2.46677000        -0.15296000
H        -3.76076000        +1.91522000        +0.38406000
H        +3.37234000        +2.13782000        -0.35195000
H        +2.48236000        +2.42488000        +1.14651000
H        +4.02182000        +0.00994000        +0.41161000
H        +3.07359000        +0.18738000        +1.88928000
H        -2.21148000        -2.17765000        -1.85937000
H        -1.38062000        -3.42697000        -0.88096000
H        -4.03855000        +0.43623000        +1.35671000
H        -3.63120000        +0.31700000        -0.38495000
C        +0.90028000        +2.39077000        -1.49430000
C        +2.35450000        -2.01267000        -0.16812000
H        +3.26311000        -2.00678000        -0.77366000
H        +2.54990000        -2.57059000        +0.75079000
H        +1.57335000        -2.52896000        -0.72872000
H        +1.71845000        +2.58186000        -2.15686000
H        +0.59919000        +3.30478000        -1.02650000
H        +0.07925000        +1.98653000        -2.04874000
--
0  1
C        +0.24931000        +2.55188000        +5.45814000
C        +0.65287000        +1.09347000        +5.87090000
C        -1.15539000        +2.73923000        +4.91596000
C        -0.34796000        -0.00943000        +5.59552000
O        -2.06511000        +2.29532000        +5.81185000
O        -1.44675000        +3.26639000        +3.87337000
O        -0.88703000        +0.07908000        +4.36599000
O        -0.59547000        -0.90177000        +6.37130000
C        -1.83473000        -0.94041000        +4.00659000
C        -3.44407000        +2.38192000        +5.41139000
C        +1.35669000        +2.90674000        +4.43728000
C        +2.65731000        +3.22400000        +5.20074000
C        +3.06997000        +1.80051000        +5.67519000
C        +1.97084000        +0.91401000        +5.02481000
O        +1.65501000        +1.64363000        +3.82843000
H        +0.30472000        +3.19486000        +6.34119000
H        +0.86584000        +1.02658000        +6.93627000
H        -2.66088000        -0.95977000        +4.71923000
H        -3.73415000        +3.42222000        +5.25625000
H        +3.39895000        +3.64482000        +4.52024000
H        +2.50897000        +3.93188000        +6.01870000
H        +4.04843000        +1.51694000        +5.28380000
H        +3.10020000        +1.69438000        +6.76147000
H        -2.18487000        -0.67065000        +3.01282000
H        -1.35401000        -1.91997000        +3.99123000
H        -4.01194000        +1.94323000        +6.22890000
H        -3.60459000        +1.82400000        +4.48724000
C        +0.92689000        +3.89777000        +3.37789000
C        +2.38111000        -0.50567000        +4.70407000
H        +3.28972000        -0.49978000        +4.09853000
H        +2.57651000        -1.06359000        +5.62298000
H        +1.59996000        -1.02196000        +4.14347000
H        +1.74506000        +4.08886000        +2.71533000
H        +0.62580000        +4.81178000        +3.84569000
H        +0.10586000        +3.49353000        +2.82345000
$end

$rem
JOBTYPE                   SP
METHOD                    B3LYP
DFT_D                     d3_op
BASIS                     6-311++G(d,p)
SYMMETRY                  False
THRESH                    12
SCF_CONVERGENCE           8
MAX_SUB_FILE_NUM          128
MEM_STATIC                400
MEM_TOTAL                 4000
$end
--------------------------------------------------------------
 Adding empirical dispersion correction 
 ----------------------------------------------------------------
 Doing -D3(op) with
 s6 =   1.00000
 s8 =   0.78311
 a1 =   0.30000
 a2 =   4.25000
 n  =  10.00000
 -D3 energy without 3body term =     -0.1011181316 hartrees
 ----------------------------------------------------------------
             Standard Nuclear Orientation (Angstroms)
    I     Atom           X                Y                Z
 ----------------------------------------------------------------
    1      C      -1.6880529774     0.2564719195     0.8617589081
    2      C      -1.7943818688     0.4044144116    -0.6961237593
    3      C      -2.1487434808    -1.0637952883     1.4507411023
    4      C      -2.4410667098    -0.7322024144    -1.4601814473
    5      O      -1.4685268457    -2.0884159504     0.8897390643
    6      O      -2.9513994378    -1.2009844941     2.3377048895
    7      O      -3.5720372330    -1.1680290022    -0.8761135001
    8      O      -2.0198242480    -1.1642023036    -2.5067460025
    9      C      -4.2685825132    -2.2339202387    -1.5434695181
   10      C      -1.8302081381    -3.4081423004     1.3334816217
   11      C      -2.5139980392     1.4707720451     1.3492639679
   12      C      -1.6739963154     2.7505585359     1.1712720978
   13      C      -1.7103191922     2.9086732881    -0.3764343447
   14      C      -2.6364750023     1.7332031818    -0.7977045620
   15      O      -3.5146974048     1.6130415259     0.3326518534
   16      H      -0.6378490434     0.3500993178     1.1525792274
   17      H      -0.8138216677     0.5329675278    -1.1508978991
   18      H      -3.6145172667    -3.0991465850    -1.6632043277
   19      H      -1.6235011813    -3.5251710623     2.3983832223
   20      H      -2.1615333547     3.5915208031     1.6665394118
   21      H      -0.6649829713     2.6575289204     1.5779599065
   22      H      -2.1644164020     3.8564091261    -0.6706698862
   23      H      -0.7255100118     2.8496555239    -0.8442478223
   24      H      -5.1139972944    -2.4715826367    -0.9018015959
   25      H      -4.6126702808    -1.9082489642    -2.5265296744
   26      H      -1.2181460573    -4.0896473317     0.7468141225
   27      H      -2.8910960637    -3.5896938544     1.1527872342
   28      C      -3.1753641692     1.2689307500     2.6950093400
   29      C      -3.4187507675     1.9427190202    -2.0747459331
   30      H      -3.9758847095     2.8800382803    -2.0171274376
   31      H      -2.7438734163     1.9888682181    -2.9328032079
   32      H      -4.1305257873     1.1312369000    -2.2356686987
   33      H      -3.7237482919     2.1491252775     2.9585159594
   34      H      -2.4265824176     1.0801307943     3.4356757786
   35      H      -3.8434780793     0.4347990165     2.6425497710
   36      C       3.4057570333     0.1866832281     0.6204673794
   37      C       3.2994281419     0.3346257203    -0.9374152879
   38      C       2.9450665299    -1.1335839796     1.2094495737
   39      C       2.6527433009    -0.8019911057    -1.7014729759
   40      O       3.6252831650    -2.1582046418     0.6484475357
   41      O       2.1424105729    -1.2707731855     2.0964133609
   42      O       1.5217727777    -1.2378176935    -1.1174050287
   43      O       3.0739857627    -1.2339909949    -2.7480375311
   44      C       0.8252274975    -2.3037089300    -1.7847610467
   45      C       3.2636018726    -3.4779309917     1.0921900931
   46      C       2.5798119715     1.4009833538     1.1079724393
   47      C       3.4198136953     2.6807698445     0.9299805691
   48      C       3.3834908185     2.8388845967    -0.6177258733
   49      C       2.4573350084     1.6634144904    -1.0389960906
   50      O       1.5791126058     1.5432528345     0.0913603247
   51      H       4.4559609673     0.2803106265     0.9112876988
   52      H       4.2799883430     0.4631788364    -1.3921894277
   53      H       1.4792927440    -3.1689352763    -1.9044958563
   54      H       3.4703088294    -3.5949597537     2.1570916937
   55      H       2.9322766560     3.5217321118     1.4252478832
   56      H       4.4288270393     2.5877402290     1.3366683778
   57      H       2.9293936086     3.7866204348    -0.9119614148
   58      H       4.3682999989     2.7798668325    -1.0855393509
   59      H      -0.0201872837    -2.5413713281    -1.1430931245
   60      H       0.4811397299    -1.9780376556    -2.7678212030
   61      H       3.8756639534    -4.1594360230     0.5055225939
   62      H       2.2027139469    -3.6594825458     0.9114957056
   63      C       1.9184458415     1.1991420586     2.4537178114
   64      C       1.6750592432     1.8729303288    -2.3160374617
   65      H       1.1179253011     2.8102495890    -2.2584189662
   66      H       2.3499365944     1.9190795267    -3.1740947365
   67      H       0.9632842234     1.0614482086    -2.4769602273
   68      H       1.3700617188     2.0793365861     2.7172244308
   69      H       2.6672275931     1.0103421029     3.1943842500
   70      H       1.2503319313     0.3650103251     2.4012582424
 ----------------------------------------------------------------
 Molecular Point Group                 C1    NOp =  1
 Largest Abelian Subgroup              C1    NOp =  1
 Nuclear Repulsion Energy =  4355.6107109120 hartrees
 There are      130 alpha and      130 beta electrons
 Requested basis set is 6-311++G(d,p)
 There are 384 shells and 1000 basis functions

 Total QAlloc Memory Limit   4000 MB
 Mega-Array Size       392 MB
 MEM_STATIC part       400 MB
 A cutoff of  1.0D-12 yielded  53395 shell pairs
 There are    357847 function pairs (    379032 Cartesian)
 
 -------------------------------------------------------
 OpenMP Integral Computing Module                       
 Release: version 1.0, May 2013, Q-Chem Inc. Pittsburgh 
 -------------------------------------------------------
 Integral Job Info:
 Integral job number is                      11
 Integral operator is                         1
 short-range coefficients                     0
 long-range coefficients              100000000
 Omega coefficients                           0
 if combine SR and LR in K                    0
 Integral screening is                        0
 Integral computing path is                   2
 max size of driver memory is            800000
 size of driver memory is                593474
 size of scratch memory is              2361544
 max col of scratch BK array               1296
 max len of scratch array in speh3          155
 max len of scratch index in speh4           18
 max int batch size is                      520
 min int batch size is                       52
 fixed nKL is                                52
 max L of basis functions is                  2
 order of int derivative is                   0
 number of shells is                        384
 number of basis is                        1034
 number of cartesian basis is              1034
 number of contracted shell pairs         53395
 number of primitive shell pairs         111115
 maxK2 (contraction) of shell pair           36
 max number of K2 of shell pair               1
 max number of CS2 of shell pair          10838
 max number of PS2 of shell pair          17310
 mem total for path MDJ                  605896
 -------------------------------------------------------
 Smallest overlap matrix eigenvalue = 1.70E-07
 Linear dependence detected in AO basis
 Number of orthogonalized atomic orbitals = 995
 Maximum deviation from orthogonality = 4.183E-10

 Scale SEOQF with 1.000000e-02/1.000000e-01/1.000000e-01

 Standard Electronic Orientation quadrupole field applied
 Nucleus-field energy     =     0.0000000052 hartrees
 Guess from superposition of atomic densities
 Warning:  Energy on first SCF cycle will be non-variational
 A restricted hybrid HF-DFT SCF calculation will be
 performed using Pulay DIIS extrapolation
 Exchange:     0.2000 Hartree-Fock + 0.0800 Slater + 0.7200 B88
 Correlation:  0.1900 VWN1RPA + 0.8100 LYP
 Using SG-1 standard quadrature grid
 Dispersion:   Grimme D3
 SCF converges when DIIS error is below 1.0E-08
 using 2 threads for integral computing
 -------------------------------------------------------
 OpenMP Integral computing Module                
 Release: version 1.0, May 2013, Q-Chem Inc. Pittsburgh 
 -------------------------------------------------------
 -------------------------------------------------------
 OpenMP BLAS3 based DFT computing Module                
 Release: version 1.0, May 2013, Q-Chem Inc. Pittsburgh 
 -------------------------------------------------------
 ---------------------------------------
  Cycle       Energy         DIIS Error
 ---------------------------------------
    1   -1696.1688618418      2.01E-02
    2   -1688.3234039764      2.64E-03
    3   -1687.3844577495      4.19E-03
    4   -1688.9382623856      1.07E-03
    5   -1689.0453238903      2.37E-04
    6   -1689.0492200791      1.15E-04
    7   -1689.0503822273      2.33E-05
    8   -1689.0504171572      1.27E-05
    9   -1689.0504310125      2.83E-06
   10   -1689.0504316697      1.04E-06
   11   -1689.0504317717      2.73E-07
   12   -1689.0504317781      9.45E-08
   13   -1689.0504317786      3.47E-08
   14   -1689.0504317790      1.42E-08
   15   -1689.0504317801      5.31E-09 Convergence criterion met
 ---------------------------------------
 SCF time:  CPU 7811.26 s  wall 3921.94 s
 SCF   energy in the final basis set = -1689.05043178
 Total energy in the final basis set = -1689.05043178
 
 --------------------------------------------------------------
 
                    Orbital Energies (a.u.)
 --------------------------------------------------------------
 
 Alpha MOs
 -- Occupied --
-19.179 -19.171 -19.171 -19.171 -19.135 -19.122 -19.115 -19.115
-19.115 -19.110 -10.316 -10.305 -10.304 -10.303 -10.249 -10.240
-10.235 -10.234 -10.231 -10.229 -10.221 -10.217 -10.209 -10.207
-10.193 -10.191 -10.184 -10.182 -10.175 -10.166 -10.163 -10.162
-10.147 -10.128  -1.123  -1.117  -1.112  -1.110  -1.071  -1.052
 -1.038  -1.028  -1.026  -1.025  -0.837  -0.822  -0.811  -0.795
 -0.789  -0.774  -0.749  -0.744  -0.732  -0.726  -0.724  -0.713
 -0.679  -0.667  -0.650  -0.635  -0.606  -0.597  -0.586  -0.573
 -0.570  -0.565  -0.564  -0.555  -0.529  -0.518  -0.517  -0.512
 -0.510  -0.501  -0.497  -0.492  -0.487  -0.484  -0.483  -0.477
 -0.475  -0.473  -0.471  -0.465  -0.463  -0.451  -0.446  -0.439
 -0.438  -0.434  -0.428  -0.428  -0.420  -0.413  -0.409  -0.407
 -0.405  -0.404  -0.397  -0.395  -0.393  -0.388  -0.378  -0.374
 -0.371  -0.369  -0.367  -0.364  -0.360  -0.357  -0.355  -0.353
 -0.350  -0.345  -0.341  -0.339  -0.335  -0.334  -0.325  -0.323
 -0.319  -0.318  -0.311  -0.309  -0.286  -0.282  -0.281  -0.275
 -0.263  -0.263
 -- Virtual --
 -0.024  -0.015  -0.012  -0.011  -0.006   0.001   0.003   0.004
  0.006   0.010   0.013   0.017   0.018   0.019   0.024   0.029
  0.033   0.034   0.038   0.039   0.041   0.043   0.046   0.049
  0.051   0.053   0.059   0.059   0.061   0.064   0.065   0.068
  0.071   0.073   0.076   0.080   0.084   0.084   0.086   0.090
  0.092   0.095   0.096   0.098   0.099   0.101   0.104   0.106
  0.107   0.109   0.111   0.114   0.116   0.117   0.118   0.119
  0.121   0.124   0.125   0.126   0.128   0.129   0.132   0.134
  0.135   0.137   0.138   0.139   0.141   0.142   0.143   0.146
  0.147   0.149   0.150   0.151   0.152   0.155   0.156   0.157
  0.157   0.160   0.162   0.163   0.164   0.167   0.168   0.168
  0.171   0.172   0.173   0.175   0.177   0.179   0.180   0.181
  0.185   0.185   0.189   0.189   0.192   0.193   0.194   0.197
  0.198   0.199   0.200   0.201   0.206   0.207   0.209   0.211
  0.212   0.212   0.216   0.218   0.220   0.222   0.223   0.225
  0.227   0.230   0.231   0.233   0.235   0.239   0.241   0.243
  0.245   0.246   0.246   0.249   0.252   0.252   0.256   0.258
  0.260   0.261   0.263   0.265   0.268   0.269   0.272   0.275
  0.277   0.281   0.283   0.287   0.288   0.290   0.290   0.296
  0.297   0.300   0.302   0.304   0.307   0.308   0.311   0.313
  0.315   0.318   0.319   0.320   0.323   0.327   0.328   0.331
  0.333   0.334   0.335   0.339   0.342   0.345   0.347   0.350
  0.352   0.352   0.354   0.355   0.356   0.359   0.363   0.366
  0.369   0.370   0.371   0.373   0.376   0.377   0.380   0.382
  0.384   0.388   0.390   0.393   0.394   0.395   0.397   0.401
  0.405   0.407   0.408   0.410   0.414   0.414   0.420   0.420
  0.428   0.429   0.431   0.436   0.437   0.443   0.445   0.448
  0.451   0.455   0.458   0.462   0.464   0.470   0.471   0.476
  0.476   0.483   0.487   0.489   0.492   0.499   0.502   0.506
  0.510   0.513   0.519   0.523   0.528   0.530   0.533   0.538
  0.544   0.546   0.546   0.550   0.555   0.559   0.564   0.567
  0.570   0.573   0.577   0.581   0.587   0.591   0.592   0.599
  0.601   0.604   0.608   0.611   0.615   0.617   0.624   0.627
  0.631   0.634   0.636   0.637   0.644   0.647   0.650   0.654
  0.662   0.663   0.667   0.671   0.675   0.676   0.681   0.684
  0.690   0.692   0.693   0.697   0.703   0.703   0.709   0.710
  0.712   0.715   0.716   0.721   0.723   0.726   0.729   0.732
  0.733   0.736   0.741   0.747   0.748   0.752   0.753   0.756
  0.760   0.763   0.767   0.768   0.771   0.773   0.779   0.781
  0.787   0.787   0.788   0.798   0.801   0.805   0.807   0.811
  0.816   0.816   0.819   0.827   0.829   0.835   0.837   0.839
  0.849   0.851   0.855   0.857   0.862   0.864   0.870   0.877
  0.883   0.890   0.895   0.908   0.912   0.918   0.922   0.926
  0.930   0.937   0.958   0.967   0.974   0.977   1.001   1.008
  1.015   1.020   1.022   1.033   1.051   1.057   1.067   1.070
  1.080   1.092   1.095   1.101   1.103   1.111   1.114   1.126
  1.128   1.130   1.146   1.150   1.160   1.168   1.173   1.182
  1.186   1.190   1.193   1.202   1.206   1.212   1.219   1.225
  1.229   1.231   1.237   1.244   1.249   1.260   1.264   1.273
  1.276   1.278   1.282   1.289   1.290   1.298   1.303   1.307
  1.313   1.314   1.317   1.325   1.327   1.332   1.341   1.343
  1.355   1.358   1.370   1.376   1.379   1.386   1.389   1.396
  1.404   1.408   1.416   1.423   1.435   1.439   1.443   1.449
  1.454   1.466   1.466   1.469   1.476   1.484   1.490   1.493
  1.496   1.502   1.508   1.510   1.516   1.523   1.531   1.536
  1.540   1.542   1.550   1.557   1.562   1.565   1.567   1.573
  1.579   1.580   1.586   1.587   1.593   1.596   1.600   1.602
  1.606   1.608   1.610   1.617   1.619   1.623   1.631   1.632
  1.638   1.643   1.645   1.650   1.652   1.658   1.665   1.667
  1.672   1.676   1.680   1.682   1.690   1.695   1.698   1.702
  1.706   1.711   1.714   1.716   1.719   1.721   1.724   1.730
  1.732   1.736   1.742   1.745   1.746   1.750   1.754   1.759
  1.763   1.770   1.774   1.776   1.781   1.783   1.795   1.796
  1.805   1.811   1.816   1.823   1.829   1.832   1.836   1.841
  1.844   1.851   1.856   1.861   1.866   1.869   1.873   1.877
  1.879   1.892   1.896   1.899   1.908   1.909   1.923   1.928
  1.932   1.940   1.942   1.948   1.960   1.968   1.972   1.980
  1.991   2.005   2.015   2.018   2.021   2.023   2.030   2.037
  2.042   2.048   2.054   2.058   2.068   2.072   2.086   2.090
  2.094   2.097   2.106   2.113   2.116   2.129   2.133   2.135
  2.146   2.149   2.151   2.161   2.162   2.169   2.176   2.183
  2.184   2.193   2.207   2.210   2.215   2.226   2.231   2.237
  2.239   2.247   2.253   2.263   2.270   2.276   2.288   2.288
  2.296   2.307   2.316   2.324   2.340   2.343   2.366   2.398
  2.409   2.419   2.422   2.434   2.443   2.448   2.455   2.463
  2.471   2.481   2.484   2.489   2.503   2.506   2.514   2.516
  2.522   2.525   2.534   2.538   2.541   2.548   2.549   2.554
  2.562   2.565   2.574   2.580   2.586   2.592   2.594   2.600
  2.606   2.614   2.619   2.622   2.624   2.629   2.631   2.636
  2.642   2.651   2.657   2.660   2.672   2.672   2.679   2.681
  2.694   2.696   2.700   2.718   2.719   2.724   2.727   2.736
  2.743   2.746   2.753   2.768   2.774   2.777   2.790   2.795
  2.802   2.812   2.819   2.829   2.840   2.845   2.855   2.861
  2.868   2.875   2.882   2.887   2.895   2.898   2.901   2.907
  2.917   2.921   2.927   2.942   2.946   2.958   2.966   2.979
  2.990   2.993   3.006   3.010   3.014   3.020   3.030   3.041
  3.045   3.047   3.060   3.061   3.067   3.073   3.083   3.086
  3.093   3.099   3.109   3.112   3.118   3.121   3.126   3.130
  3.138   3.152   3.155   3.159   3.165   3.172   3.176   3.187
  3.193   3.201   3.213   3.223   3.231   3.234   3.243   3.251
  3.260   3.263   3.275   3.281   3.304   3.310   3.312   3.326
  3.357   3.361   3.364   3.371   3.379   3.395   3.399   3.407
  3.414   3.419   3.427   3.430   3.447   3.548   3.570   3.601
  3.613   3.614   3.621   3.671   3.703   3.716   3.720   3.732
  3.746   3.755   3.768   3.784   3.791   3.797   3.818   3.833
  3.836   3.837   3.848   3.852   3.866   3.889   3.905   3.908
  3.915   3.921   3.928   3.966   3.985   4.006   4.026   4.072
  4.083   4.089   4.104   4.110   4.119   4.141   4.146   4.160
  4.168   4.174   4.187   4.193   4.205   4.216   4.229   4.267
  4.273   4.298   4.314   4.325   4.338   4.463   4.483   4.531
  4.546   5.087   5.097   5.159   5.172   5.194   5.216   5.237
  5.243   5.269   5.282   5.299   5.310   5.355   5.360   5.432
  5.463   5.483   5.494   5.562   5.628   5.647   5.649   5.660
  5.671   5.712   5.719   5.924   5.940   5.944   5.960  23.793
 23.816  23.863  23.870  23.875  23.891  23.908  23.915  23.927
 23.938  23.952  23.960  23.966  23.968  23.977  23.979  23.996
 24.003  24.014  24.020  24.036  24.052  24.097  24.116  49.937
 49.953  49.955  49.976  50.013  50.032  50.056  50.060  50.074
 50.078
 --------------------------------------------------------------
 
          Ground-State Mulliken Net Atomic Charges

     Atom                 Charge (a.u.)
  ----------------------------------------
      1 C                     0.220757
      2 C                     0.676486
      3 C                    -0.509435
      4 C                    -0.436584
      5 O                     0.066061
      6 O                    -0.106596
      7 O                     0.066538
      8 O                    -0.077844
      9 C                    -0.153580
     10 C                    -0.267799
     11 C                    -1.044572
     12 C                    -0.106992
     13 C                     0.048661
     14 C                    -0.985427
     15 O                     0.190570
     16 H                     0.195188
     17 H                     0.063147
     18 H                     0.191615
     19 H                     0.195320
     20 H                     0.196474
     21 H                     0.134062
     22 H                     0.199284
     23 H                     0.082657
     24 H                     0.176811
     25 H                     0.177578
     26 H                     0.126275
     27 H                     0.193519
     28 C                    -0.367521
     29 C                    -0.178093
     30 H                     0.177017
     31 H                     0.165418
     32 H                     0.184757
     33 H                     0.139902
     34 H                     0.143956
     35 H                     0.206327
     36 C                    -0.094775
     37 C                     0.469251
     38 C                    -0.729362
     39 C                    -0.776089
     40 O                     0.062264
     41 O                    -0.068567
     42 O                     0.051309
     43 O                    -0.087887
     44 C                    -0.361837
     45 C                    -0.165419
     46 C                     0.010144
     47 C                    -0.309590
     48 C                    -0.413638
     49 C                    -0.245323
     50 O                     0.309454
     51 H                     0.261023
     52 H                     0.285831
     53 H                     0.218309
     54 H                     0.167984
     55 H                     0.175287
     56 H                     0.154597
     57 H                     0.168936
     58 H                     0.150599
     59 H                     0.139550
     60 H                     0.237772
     61 H                     0.167126
     62 H                     0.176471
     63 C                    -0.670036
     64 C                    -0.405162
     65 H                     0.210276
     66 H                     0.196933
     67 H                     0.222930
     68 H                     0.139778
     69 H                     0.170852
     70 H                     0.197072
  ----------------------------------------
  Sum of atomic charges =    -0.000000

 -----------------------------------------------------------------
                    Cartesian Multipole Moments
 -----------------------------------------------------------------
    Charge (ESU x 10^10)
                -0.0000
    Dipole Moment (Debye)
         X       2.7402      Y      -0.5297      Z       0.4727
       Tot       2.8307
    Quadrupole Moments (Debye-Ang)
        XX    -202.6012     XY      11.8431     YY    -180.6323
        XZ      17.7933     YZ      -6.5232     ZZ    -220.7494
    Octopole Moments (Debye-Ang^2)
       XXX      41.3704    XXY     -31.9092    XYY      -0.6847
       YYY    -113.8996    XXZ      -6.5575    XYZ     -25.7153
       YYZ       6.0768    XZZ     -12.5019    YZZ      19.8124
       ZZZ      21.9329
    Hexadecapole Moments (Debye-Ang^3)
      XXXX   -9050.9844   XXXY     269.5187   XXYY   -2149.8183
      XYYY     -52.8534   YYYY   -4428.6006   XXXZ     367.3547
      XXYZ     -43.4690   XYYZ      54.9896   YYYZ     -64.9754
      XXZZ   -2194.2100   XYZZ      21.7732   YYZZ   -1339.8921
      XZZZ     118.9204   YZZZ     -61.7036   ZZZZ   -3535.6084
 -----------------------------------------------------------------
Archival summary:
1\1\vega03.cac.cornell.edu\SP\ProcedureUnspecified\BasisUnspecified\102436\jj585\MonApr213:45:322018MonApr213:45:322018\0\\#,ProcedureUnspecified,BasisUnspecified,\\0,1\O\C,1,1.43358\C,1,1.43646,2,98.0224\C,3,1.51218,1,111.091,2,-178.393,0\H,4,1.09134,3,111.033,1,-57.0184,0\H,4,1.09192,3,109.775,1,62.6469,0\H,4,1.09264,3,110.458,1,-177.522,0\C,2,1.513,1,109.807,3,-177.944,0\H,8,1.07,2,109.471,1,-64.7983,0\H,8,1.07,2,109.471,1,55.2018,0\H,8,1.07,2,109.471,1,175.202,0\C,2,1.54115,1,102.483,3,57.1986,0\H,12,1.09096,2,110.128,1,81.1589,0\H,12,1.09186,2,112.95,1,-157.962,0\C,2,1.54738,1,103.124,3,-55.9256,0\H,15,1.09374,2,111.197,1,147.786,0\C,15,1.51731,2,113.483,1,-93.8005,0\O,17,1.20407,15,125.979,2,-9.23641,0\O,17,1.35176,15,110.223,2,174.335,0\C,19,1.43854,17,116.158,15,-178.482,0\H,20,1.08777,19,105.482,17,177.492,0\H,20,1.09107,19,110.6,17,-62.8398,0\H,20,1.09137,19,110.239,17,57.9539,0\C,3,1.55466,1,102.371,2,-54.4128,0\H,24,1.09132,3,109.614,1,-87.4148,0\H,24,1.09187,3,112.355,1,152.676,0\C,15,1.5685,2,101.696,1,32.1918,0\H,27,1.08851,15,111.41,2,119.274,0\C,27,1.51456,15,117.337,2,-119.387,0\O,29,1.20804,27,123.816,15,-137.891,0\O,29,1.34543,27,112.521,15,44.9607,0\C,31,1.43759,29,116.484,27,179.042,0\H,32,1.08763,31,105.353,29,177.393,0\H,32,1.09122,31,110.39,29,57.5626,0\H,32,1.09127,31,110.468,29,-63.158,0\H,10,2.26377,8,123.572,2,-66.7993,0\C,36,1.09374,10,161.462,8,-125.819,0\C,37,1.51731,36,105.237,10,-48.238,0\O,38,1.20407,37,125.979,36,112.562,0\O,38,1.35176,37,110.223,36,-63.8664,0\C,40,1.43854,38,116.158,37,-178.482,0\H,41,1.08777,40,105.482,38,177.492,0\H,41,1.09107,40,110.6,38,-62.8398,0\H,41,1.09137,40,110.239,38,57.9539,0\C,37,1.54738,36,111.197,10,75.0329,0\O,45,1.43358,37,103.124,36,147.786,0\C,46,1.43646,45,98.0224,37,-55.9256,0\C,47,1.51218,46,111.091,45,-178.393,0\H,48,1.09134,47,111.033,46,-57.0184,0\H,48,1.09192,47,109.775,46,62.6469,0\H,48,1.09264,47,110.458,46,-177.522,0\C,45,1.513,37,114.133,36,-93.1535,0\H,52,1.07,45,109.471,37,180,0\H,52,1.07,45,109.471,37,-60.0002,0\H,52,1.07,45,109.471,37,60.0002,0\C,45,1.54115,37,108.926,36,39.451,0\H,56,1.09096,45,110.128,37,-170.072,0\H,56,1.09186,45,112.95,37,-49.1929,0\C,47,1.55466,46,102.371,45,-54.4128,0\H,59,1.09132,47,109.614,46,-87.4148,0\H,59,1.09187,47,112.355,46,152.676,0\C,37,1.5685,36,108.73,10,-173.8,0\H,62,1.08851,37,111.41,36,1.88124,0\C,62,1.51456,37,117.337,36,123.22,0\O,64,1.20804,62,123.816,37,-137.891,0\O,64,1.34543,62,112.521,37,44.9607,0\C,66,1.43759,64,116.484,62,179.042,0\H,67,1.08763,66,105.353,64,177.393,0\H,67,1.09122,66,110.39,64,57.5626,0\H,67,1.09127,66,110.468,64,-63.158,0\\\@

 Total job time:  3925.22s(wall), 7815.25s(cpu) 
 Mon Apr  2 13:45:32 2018

        *************************************************************
        *                                                           *
        *  Thank you very much for using Q-Chem.  Have a nice day.  *
        *                                                           *
        *************************************************************


0 sent ACK to 0 
now end server 0 ... 
