mFile = /opt/software/qchem/qchem-5.0.1//bin/mpi/machines
Process 0 of 1 is on vega03.cac.cornell.edu - thread support 0
initial socket setup ...start
initial socket setup ...done 
now start server 0 ... 
vega03 10.84.3
Q-Chem Developer Version! Running on 10.84.3.*
                  Welcome to Q-Chem
     A Quantum Leap Into The Future Of Chemistry


 Q-Chem 5.0, Q-Chem, Inc., Pleasanton, CA (2017)

 Yihan Shao,  Zhengting Gan,  E. Epifanovsky,  A. T. B. Gilbert,  M. Wormit,  
 J. Kussmann,  A. W. Lange,  A. Behn,  Jia Deng,  Xintian Feng,  D. Ghosh,  
 M. Goldey,  P. R. Horn,  L. D. Jacobson,  I. Kaliman,  T. Kus,  A. Landau,  
 Jie Liu,  E. I. Proynov,  R. M. Richard,  R. P. Steele,  E. J. Sundstrom,  
 H. L. Woodcock III,  P. M. Zimmerman,  D. Zuev,  B. Albrecht,  E. Alguire,  
 S. A. Baeppler,  Z. Benda,  Y. A. Bernard,  E. J. Berquist,  K. B. Bravaya,  
 D. Casanova,  Chun-Min Chang,  Yunqing Chen,  A. Chien,  K. D. Closser,  
 M. P. Coons,  S. Dasgupta,  M. Diedenhofen,  Hainam Do,  R. G. Edgar,  
 Po-Tung Fang,  S. Fatehi,  Qingguo Feng,  Qinghui Ge,  A. Ghysels,  
 J. Gomes,  J. Gonthier,  A. Gunina,  M. W. D. Hanson-Heine,  
 P. H. P. Harbach,  A. W. Hauser,  J. E. Herr,  E. G. Hohenstein,  
 Z. C. Holden,  Kerwin Hui,  T.-C. Jagau,  Hyunjun Ji,  B. Kaduk,  
 K. Khistyaev,  Jaehoon Kim,  P. Klunzinger,  K. Koh,  D. Kosenkov,  
 T. Kowalczyk,  C. M. Krauter,  A. Kunitsa,  Ka Un Lao,  A. Laurent,  
 K. V. Lawler,  Joonho Lee,  D. Lefrancois,  S. Lehtola,  D. S. Levine,  
 Yi-Pei Li,  You-Sheng Lin,  Fenglai Liu,  E. Livshits,  A. Luenser,  
 P. Manohar,  E. Mansoor,  S. F. Manzer,  Shan-Ping Mao,  Yuezhi Mao,  
 N. Mardirossian,  A. V. Marenich,  L. A. Martinez-Martinez,  S. A. Maurer,  
 N. J. Mayhall,  S. C. McKenzie,  J.-M. Mewes,  A. F. Morrison,  K. Nanda,  
 T. S. Nguyen-Beck,  R. Olivares-Amaya,  J. A. Parkhill,  T. M. Perrine,  
 F. Plasser,  S. Prager,  A. Prociuk,  D. R. Rehn,  F. Rob,  M. Schneider,  
 N. Sergueev,  S. M. Sharada,  S. Sharma,  D. W. Small,  T. Stauch,  
 T. Stein,  Yu-Chuan Su,  A. J. W. Thom,  T. Tsuchimochi,  L. Vogt,  
 O. Vydrov,  M. A. Watson,  J. Wenzel,  M. de Wergifosse,  T. A. Wesolowski,  
 A. White,  J. Witte,  A. Yamada,  Jun Yang,  K. Yao,  S. Yeganeh,  
 S. R. Yost,  Zhi-Qiang You,  A. Zech,  Igor Ying Zhang,  Xing Zhang,  
 Yan Zhao,  Ying Zhu,  B. R. Brooks,  G. K. L. Chan,  C. J. Cramer,  
 M. S. Gordon,  W. J. Hehre,  A. Klamt,  M. W. Schmidt,  C. D. Sherrill,  
 D. G. Truhlar,  A. Aspuru-Guzik,  R. Baer,  A. T. Bell,  N. A. Besley,  
 Jeng-Da Chai,  A. Dreuw,  B. D. Dunietz,  T. R. Furlani,  Chao-Ping Hsu,  
 Yousung Jung,  Jing Kong,  D. S. Lambrecht,  WanZhen Liang,  C. Ochsenfeld,  
 V. A. Rassolov,  L. V. Slipchenko,  J. E. Subotnik,  T. Van Voorhis,  
 J. M. Herbert,  A. I. Krylov,  P. M. W. Gill,  M. Head-Gordon

 Contributors to earlier versions of Q-Chem not listed above: 
 R. D. Adamson,  B. Austin,  J. Baker,  G. J. O. Beran,  K. Brandhorst,  
 S. T. Brown,  E. F. C. Byrd,  A. K. Chakraborty,  C.-L. Cheng,  
 Siu Hung Chien,  D. M. Chipman,  D. L. Crittenden,  H. Dachsel,  
 R. A. DiStasio Jr.,  R. J. Doerksen,  A. D. Dutoi,  L. Fusti-Molnar,  
 W. A. Goddard III,  A. Golubeva-Zadorozhnaya,  S. R. Gwaltney,  G. Hawkins,  
 A. Heyden,  S. Hirata,  G. Kedziora,  F. J. Keil,  C. Kelley,  Jihan Kim,  
 R. A. King,  R. Z. Khaliullin,  P. P. Korambath,  W. Kurlancheek,  
 A. M. Lee,  M. S. Lee,  S. V. Levchenko,  Ching Yeh Lin,  D. Liotard,  
 R. C. Lochan,  I. Lotan,  P. E. Maslen,  N. Nair,  D. P. O'Neill,  
 D. Neuhauser,  E. Neuscamman,  C. M. Oana,  R. Olson,  B. Peters,  
 R. Peverati,  P. A. Pieniazek,  Y. M. Rhee,  J. Ritchie,  M. A. Rohrdanz,  
 E. Rosta,  N. J. Russ,  H. F. Schaefer III,  N. E. Schultz,  N. Shenvi,  
 A. C. Simmonett,  A. Sodt,  D. Stuck,  K. S. Thanthiriwatte,  V. Vanovschi,  
 Tao Wang,  A. Warshel,  C. F. Williams,  Q. Wu,  X. Xu,  W. Zhang

 Please cite Q-Chem as follows:
 Y. Shao et al., Mol. Phys. 113, 184-215 (2015)
 DOI: 10.1080/00268976.2014.952696

 Q-Chem 5.0.1 for Intel X86 EM64T Linux

 Parts of Q-Chem use Armadillo 5.200.1 (Boston Tea Smuggler).
 http://arma.sourceforge.net/

 Q-Chem begins on Mon Apr  2 01:36:29 2018  

Host: vega03.cac.cornell.edu
0

     Scratch files written to /scratch/jj585/vdw/11n11_distance_5.100_01.save//
 Parallel job on  1  processors

Checking the input file for inconsistencies... 	...done.

--------------------------------------------------------------
User input:
--------------------------------------------------------------
$molecule
0  1
C        -0.50934000        -1.12838000        +5.01357000
C        -0.52199000        +0.27410000        +5.13539000
C        +0.78479000        -1.88244000        +4.98672000
C        +0.76353000        +1.03968000        +5.14644000
O        +1.57155000        -1.53644000        +6.02859000
O        +1.08212000        -2.72873000        +4.17958000
O        +1.57294000        +0.63833000        +4.14169000
O        +1.04545000        +1.92629000        +5.91524000
C        +2.86959000        +1.25653000        +4.08688000
C        +2.85826000        -2.17676000        +6.08521000
C        -1.70810000        -1.86084000        +4.95494000
C        -2.90442000        -1.14524000        +5.02761000
C        -2.91803000        +0.23787000        +5.14980000
C        -1.73651000        +0.97936000        +5.20856000
H        +2.77345000        +2.33521000        +3.95582000
H        +2.74288000        -3.25787000        +6.17601000
H        -3.86844000        +0.75857000        +5.19756000
H        +3.42508000        +1.05625000        +5.00502000
H        +3.36694000        +0.80801000        +3.22979000
H        +3.34605000        -1.76749000        +6.96696000
H        +3.43399000        -1.95402000        +5.18505000
H        -3.84382000        -1.68679000        +4.99058000
C        -1.80450000        +2.48278000        +5.32885000
C        -1.74593000        -3.36694000        +4.83456000
H        -1.36242000        -3.69691000        +3.86723000
H        -2.77062000        -3.72643000        +4.94419000
H        -1.13448000        -3.85245000        +5.59972000
H        -1.20704000        +2.97884000        +4.55981000
H        -1.41993000        +2.81959000        +6.29330000
H        -2.83701000        +2.82155000        +5.22684000
@C        -0.54444000        -0.68370000        -0.06689000
@C        -0.55709000        +0.71878000        +0.05493000
@C        +0.74969000        -1.43776000        -0.09374000
@C        +0.72843000        +1.48436000        +0.06598000
@O        +1.53645000        -1.09176000        +0.94813000
@O        +1.04702000        -2.28405000        -0.90088000
@O        +1.53784000        +1.08301000        -0.93877000
@O        +1.01035000        +2.37097000        +0.83478000
@C        +2.83449000        +1.70121000        -0.99358000
@C        +2.82316000        -1.73208000        +1.00475000
@C        -1.74320000        -1.41616000        -0.12552000
@C        -2.93952000        -0.70056000        -0.05285000
@C        -2.95313000        +0.68255000        +0.06934000
@C        -1.77161000        +1.42404000        +0.12810000
@H        +2.73835000        +2.77989000        -1.12464000
@H        +2.70778000        -2.81319000        +1.09555000
@H        -3.90354000        +1.20325000        +0.11710000
@H        +3.38998000        +1.50093000        -0.07544000
@H        +3.33184000        +1.25269000        -1.85067000
@H        +3.31095000        -1.32281000        +1.88650000
@H        +3.39889000        -1.50934000        +0.10459000
@H        -3.87892000        -1.24211000        -0.08988000
@C        -1.83960000        +2.92746000        +0.24839000
@C        -1.78103000        -2.92226000        -0.24590000
@H        -1.39752000        -3.25223000        -1.21323000
@H        -2.80572000        -3.28175000        -0.13627000
@H        -1.16958000        -3.40777000        +0.51926000
@H        -1.24214000        +3.42352000        -0.52065000
@H        -1.45503000        +3.26427000        +1.21284000
@H        -2.87211000        +3.26623000        +0.14638000
$end

$rem
JOBTYPE                   SP
METHOD                    B3LYP
DFT_D                     d3_op
BASIS                     6-311++G(d,p)
SYMMETRY                  False
THRESH                    12
SCF_CONVERGENCE           8
MAX_SUB_FILE_NUM          128
MEM_STATIC                400
MEM_TOTAL                 4000
$end
--------------------------------------------------------------
 Adding empirical dispersion correction 
 ----------------------------------------------------------------
 Doing -D3(op) with
 s6 =   1.00000
 s8 =   0.78311
 a1 =   0.30000
 a2 =   4.25000
 n  =  10.00000
 -D3 energy without 3body term =     -0.0335599997 hartrees
 ----------------------------------------------------------------
             Standard Nuclear Orientation (Angstroms)
    I     Atom           X                Y                Z
 ----------------------------------------------------------------
    1      C      -0.5093400000    -1.1283800000     5.0135700000
    2      C      -0.5219900000     0.2741000000     5.1353900000
    3      C       0.7847900000    -1.8824400000     4.9867200000
    4      C       0.7635300000     1.0396800000     5.1464400000
    5      O       1.5715500000    -1.5364400000     6.0285900000
    6      O       1.0821200000    -2.7287300000     4.1795800000
    7      O       1.5729400000     0.6383300000     4.1416900000
    8      O       1.0454500000     1.9262900000     5.9152400000
    9      C       2.8695900000     1.2565300000     4.0868800000
   10      C       2.8582600000    -2.1767600000     6.0852100000
   11      C      -1.7081000000    -1.8608400000     4.9549400000
   12      C      -2.9044200000    -1.1452400000     5.0276100000
   13      C      -2.9180300000     0.2378700000     5.1498000000
   14      C      -1.7365100000     0.9793600000     5.2085600000
   15      H       2.7734500000     2.3352100000     3.9558200000
   16      H       2.7428800000    -3.2578700000     6.1760100000
   17      H      -3.8684400000     0.7585700000     5.1975600000
   18      H       3.4250800000     1.0562500000     5.0050200000
   19      H       3.3669400000     0.8080100000     3.2297900000
   20      H       3.3460500000    -1.7674900000     6.9669600000
   21      H       3.4339900000    -1.9540200000     5.1850500000
   22      H      -3.8438200000    -1.6867900000     4.9905800000
   23      C      -1.8045000000     2.4827800000     5.3288500000
   24      C      -1.7459300000    -3.3669400000     4.8345600000
   25      H      -1.3624200000    -3.6969100000     3.8672300000
   26      H      -2.7706200000    -3.7264300000     4.9441900000
   27      H      -1.1344800000    -3.8524500000     5.5997200000
   28      H      -1.2070400000     2.9788400000     4.5598100000
   29      H      -1.4199300000     2.8195900000     6.2933000000
   30      H      -2.8370100000     2.8215500000     5.2268400000
   31      GH     -0.5444400000    -0.6837000000    -0.0668900000
   32      GH     -0.5570900000     0.7187800000     0.0549300000
   33      GH      0.7496900000    -1.4377600000    -0.0937400000
   34      GH      0.7284300000     1.4843600000     0.0659800000
   35      GH      1.5364500000    -1.0917600000     0.9481300000
   36      GH      1.0470200000    -2.2840500000    -0.9008800000
   37      GH      1.5378400000     1.0830100000    -0.9387700000
   38      GH      1.0103500000     2.3709700000     0.8347800000
   39      GH      2.8344900000     1.7012100000    -0.9935800000
   40      GH      2.8231600000    -1.7320800000     1.0047500000
   41      GH     -1.7432000000    -1.4161600000    -0.1255200000
   42      GH     -2.9395200000    -0.7005600000    -0.0528500000
   43      GH     -2.9531300000     0.6825500000     0.0693400000
   44      GH     -1.7716100000     1.4240400000     0.1281000000
   45      GH      2.7383500000     2.7798900000    -1.1246400000
   46      GH      2.7077800000    -2.8131900000     1.0955500000
   47      GH     -3.9035400000     1.2032500000     0.1171000000
   48      GH      3.3899800000     1.5009300000    -0.0754400000
   49      GH      3.3318400000     1.2526900000    -1.8506700000
   50      GH      3.3109500000    -1.3228100000     1.8865000000
   51      GH      3.3988900000    -1.5093400000     0.1045900000
   52      GH     -3.8789200000    -1.2421100000    -0.0898800000
   53      GH     -1.8396000000     2.9274600000     0.2483900000
   54      GH     -1.7810300000    -2.9222600000    -0.2459000000
   55      GH     -1.3975200000    -3.2522300000    -1.2132300000
   56      GH     -2.8057200000    -3.2817500000    -0.1362700000
   57      GH     -1.1695800000    -3.4077700000     0.5192600000
   58      GH     -1.2421400000     3.4235200000    -0.5206500000
   59      GH     -1.4550300000     3.2642700000     1.2128400000
   60      GH     -2.8721100000     3.2662300000     0.1463800000
 ----------------------------------------------------------------
 Nuclear Repulsion Energy =  1146.4724567292 hartrees
 There are       59 alpha and       59 beta electrons
 Requested basis set is 6-311++G(d,p)
 There are 332 shells and 900 basis functions

 Total QAlloc Memory Limit   4000 MB
 Mega-Array Size       392 MB
 MEM_STATIC part       400 MB
 A cutoff of  1.0D-12 yielded  38328 shell pairs
 There are    281555 function pairs (    298428 Cartesian)
 
 -------------------------------------------------------
 OpenMP Integral Computing Module                       
 Release: version 1.0, May 2013, Q-Chem Inc. Pittsburgh 
 -------------------------------------------------------
 Integral Job Info:
 Integral job number is                      11
 Integral operator is                         1
 short-range coefficients                     0
 long-range coefficients              100000000
 Omega coefficients                           0
 if combine SR and LR in K                    0
 Integral screening is                        0
 Integral computing path is                   2
 max size of driver memory is            800000
 size of driver memory is                593474
 size of scratch memory is              2361544
 max col of scratch BK array               1296
 max len of scratch array in speh3          155
 max len of scratch index in speh4           18
 max int batch size is                      520
 min int batch size is                       52
 fixed nKL is                                52
 max L of basis functions is                  2
 order of int derivative is                   0
 number of shells is                        332
 number of basis is                         932
 number of cartesian basis is               932
 number of contracted shell pairs         38328
 number of primitive shell pairs          81918
 maxK2 (contraction) of shell pair           36
 max number of K2 of shell pair               1
 max number of CS2 of shell pair           7830
 max number of PS2 of shell pair          13044
 mem total for path MDJ                  522696
 -------------------------------------------------------
 Smallest overlap matrix eigenvalue = 1.59E-08
 Linear dependence detected in AO basis
 Number of orthogonalized atomic orbitals = 889
 Maximum deviation from orthogonality = 1.110E-10

 Scale SEOQF with 1.000000e-01/1.000000e-01/1.000000e-02

 Standard Electronic Orientation quadrupole field applied
 Nucleus-field energy     =     0.0000000131 hartrees
 Guess from superposition of atomic densities
 Warning:  Energy on first SCF cycle will be non-variational

 Q-Chem warning in module /opt/software/qchem/qchem-5.0.1/libgen/Atomic_PolEc.C, line 58:

 No atomic polarizability available.


 Q-Chem warning in module /opt/software/qchem/qchem-5.0.1/libgen/Atomic_PolEc.C, line 73:

 No atomic polarizability available.


 Q-Chem warning in module /opt/software/qchem/qchem-5.0.1/libgen/Atomic_PolEc.C, line 58:

 No atomic polarizability available.


 Q-Chem warning in module /opt/software/qchem/qchem-5.0.1/libgen/Atomic_PolEc.C, line 73:

 No atomic polarizability available.


 Q-Chem warning in module /opt/software/qchem/qchem-5.0.1/libgen/Atomic_PolEc.C, line 58:

 No atomic polarizability available.


 Q-Chem warning in module /opt/software/qchem/qchem-5.0.1/libgen/Atomic_PolEc.C, line 73:

 No atomic polarizability available.


 Q-Chem warning in module /opt/software/qchem/qchem-5.0.1/libgen/Atomic_PolEc.C, line 58:

 No atomic polarizability available.


 Q-Chem warning in module /opt/software/qchem/qchem-5.0.1/libgen/Atomic_PolEc.C, line 73:

 No atomic polarizability available.


 Q-Chem warning in module /opt/software/qchem/qchem-5.0.1/libgen/Atomic_PolEc.C, line 58:

 No atomic polarizability available.


 Q-Chem warning in module /opt/software/qchem/qchem-5.0.1/libgen/Atomic_PolEc.C, line 73:

 No atomic polarizability available.


 Q-Chem warning in module /opt/software/qchem/qchem-5.0.1/libgen/Atomic_PolEc.C, line 58:

 No atomic polarizability available.


 Q-Chem warning in module /opt/software/qchem/qchem-5.0.1/libgen/Atomic_PolEc.C, line 73:

 No atomic polarizability available.


 Q-Chem warning in module /opt/software/qchem/qchem-5.0.1/libgen/Atomic_PolEc.C, line 58:

 No atomic polarizability available.


 Q-Chem warning in module /opt/software/qchem/qchem-5.0.1/libgen/Atomic_PolEc.C, line 73:

 No atomic polarizability available.


 Q-Chem warning in module /opt/software/qchem/qchem-5.0.1/libgen/Atomic_PolEc.C, line 58:

 No atomic polarizability available.


 Q-Chem warning in module /opt/software/qchem/qchem-5.0.1/libgen/Atomic_PolEc.C, line 73:

 No atomic polarizability available.


 Q-Chem warning in module /opt/software/qchem/qchem-5.0.1/libgen/Atomic_PolEc.C, line 58:

 No atomic polarizability available.


 Q-Chem warning in module /opt/software/qchem/qchem-5.0.1/libgen/Atomic_PolEc.C, line 73:

 No atomic polarizability available.


 Q-Chem warning in module /opt/software/qchem/qchem-5.0.1/libgen/Atomic_PolEc.C, line 58:

 No atomic polarizability available.


 Q-Chem warning in module /opt/software/qchem/qchem-5.0.1/libgen/Atomic_PolEc.C, line 73:

 No atomic polarizability available.


 Q-Chem warning in module /opt/software/qchem/qchem-5.0.1/libgen/Atomic_PolEc.C, line 58:

 No atomic polarizability available.


 Q-Chem warning in module /opt/software/qchem/qchem-5.0.1/libgen/Atomic_PolEc.C, line 73:

 No atomic polarizability available.


 Q-Chem warning in module /opt/software/qchem/qchem-5.0.1/libgen/Atomic_PolEc.C, line 58:

 No atomic polarizability available.


 Q-Chem warning in module /opt/software/qchem/qchem-5.0.1/libgen/Atomic_PolEc.C, line 73:

 No atomic polarizability available.


 Q-Chem warning in module /opt/software/qchem/qchem-5.0.1/libgen/Atomic_PolEc.C, line 58:

 No atomic polarizability available.


 Q-Chem warning in module /opt/software/qchem/qchem-5.0.1/libgen/Atomic_PolEc.C, line 73:

 No atomic polarizability available.


 Q-Chem warning in module /opt/software/qchem/qchem-5.0.1/libgen/Atomic_PolEc.C, line 58:

 No atomic polarizability available.


 Q-Chem warning in module /opt/software/qchem/qchem-5.0.1/libgen/Atomic_PolEc.C, line 73:

 No atomic polarizability available.


 Q-Chem warning in module /opt/software/qchem/qchem-5.0.1/libgen/Atomic_PolEc.C, line 58:

 No atomic polarizability available.


 Q-Chem warning in module /opt/software/qchem/qchem-5.0.1/libgen/Atomic_PolEc.C, line 73:

 No atomic polarizability available.


 Q-Chem warning in module /opt/software/qchem/qchem-5.0.1/libgen/Atomic_PolEc.C, line 58:

 No atomic polarizability available.


 Q-Chem warning in module /opt/software/qchem/qchem-5.0.1/libgen/Atomic_PolEc.C, line 73:

 No atomic polarizability available.


 Q-Chem warning in module /opt/software/qchem/qchem-5.0.1/libgen/Atomic_PolEc.C, line 58:

 No atomic polarizability available.


 Q-Chem warning in module /opt/software/qchem/qchem-5.0.1/libgen/Atomic_PolEc.C, line 73:

 No atomic polarizability available.


 Q-Chem warning in module /opt/software/qchem/qchem-5.0.1/libgen/Atomic_PolEc.C, line 58:

 No atomic polarizability available.


 Q-Chem warning in module /opt/software/qchem/qchem-5.0.1/libgen/Atomic_PolEc.C, line 73:

 No atomic polarizability available.


 Q-Chem warning in module /opt/software/qchem/qchem-5.0.1/libgen/Atomic_PolEc.C, line 58:

 No atomic polarizability available.


 Q-Chem warning in module /opt/software/qchem/qchem-5.0.1/libgen/Atomic_PolEc.C, line 73:

 No atomic polarizability available.


 Q-Chem warning in module /opt/software/qchem/qchem-5.0.1/libgen/Atomic_PolEc.C, line 58:

 No atomic polarizability available.


 Q-Chem warning in module /opt/software/qchem/qchem-5.0.1/libgen/Atomic_PolEc.C, line 73:

 No atomic polarizability available.


 Q-Chem warning in module /opt/software/qchem/qchem-5.0.1/libgen/Atomic_PolEc.C, line 58:

 No atomic polarizability available.


 Q-Chem warning in module /opt/software/qchem/qchem-5.0.1/libgen/Atomic_PolEc.C, line 73:

 No atomic polarizability available.


 Q-Chem warning in module /opt/software/qchem/qchem-5.0.1/libgen/Atomic_PolEc.C, line 58:

 No atomic polarizability available.


 Q-Chem warning in module /opt/software/qchem/qchem-5.0.1/libgen/Atomic_PolEc.C, line 73:

 No atomic polarizability available.


 Q-Chem warning in module /opt/software/qchem/qchem-5.0.1/libgen/Atomic_PolEc.C, line 58:

 No atomic polarizability available.


 Q-Chem warning in module /opt/software/qchem/qchem-5.0.1/libgen/Atomic_PolEc.C, line 73:

 No atomic polarizability available.


 Q-Chem warning in module /opt/software/qchem/qchem-5.0.1/libgen/Atomic_PolEc.C, line 58:

 No atomic polarizability available.


 Q-Chem warning in module /opt/software/qchem/qchem-5.0.1/libgen/Atomic_PolEc.C, line 73:

 No atomic polarizability available.


 Q-Chem warning in module /opt/software/qchem/qchem-5.0.1/libgen/Atomic_PolEc.C, line 58:

 No atomic polarizability available.


 Q-Chem warning in module /opt/software/qchem/qchem-5.0.1/libgen/Atomic_PolEc.C, line 73:

 No atomic polarizability available.


 Q-Chem warning in module /opt/software/qchem/qchem-5.0.1/libgen/Atomic_PolEc.C, line 58:

 No atomic polarizability available.


 Q-Chem warning in module /opt/software/qchem/qchem-5.0.1/libgen/Atomic_PolEc.C, line 73:

 No atomic polarizability available.


 Q-Chem warning in module /opt/software/qchem/qchem-5.0.1/libgen/Atomic_PolEc.C, line 58:

 No atomic polarizability available.


 Q-Chem warning in module /opt/software/qchem/qchem-5.0.1/libgen/Atomic_PolEc.C, line 73:

 No atomic polarizability available.


 Q-Chem warning in module /opt/software/qchem/qchem-5.0.1/libgen/Atomic_PolEc.C, line 58:

 No atomic polarizability available.


 Q-Chem warning in module /opt/software/qchem/qchem-5.0.1/libgen/Atomic_PolEc.C, line 73:

 No atomic polarizability available.


 Q-Chem warning in module /opt/software/qchem/qchem-5.0.1/libgen/Atomic_PolEc.C, line 58:

 No atomic polarizability available.


 Q-Chem warning in module /opt/software/qchem/qchem-5.0.1/libgen/Atomic_PolEc.C, line 73:

 No atomic polarizability available.


 Q-Chem warning in module /opt/software/qchem/qchem-5.0.1/libgen/Atomic_PolEc.C, line 58:

 No atomic polarizability available.


 Q-Chem warning in module /opt/software/qchem/qchem-5.0.1/libgen/Atomic_PolEc.C, line 73:

 No atomic polarizability available.

 A restricted hybrid HF-DFT SCF calculation will be
 performed using Pulay DIIS extrapolation
 Exchange:     0.2000 Hartree-Fock + 0.0800 Slater + 0.7200 B88
 Correlation:  0.1900 VWN1RPA + 0.8100 LYP
 Using SG-1 standard quadrature grid
 Dispersion:   Grimme D3
 SCF converges when DIIS error is below 1.0E-08
 using 2 threads for integral computing
 -------------------------------------------------------
 OpenMP Integral computing Module                
 Release: version 1.0, May 2013, Q-Chem Inc. Pittsburgh 
 -------------------------------------------------------
 -------------------------------------------------------
 OpenMP BLAS3 based DFT computing Module                
 Release: version 1.0, May 2013, Q-Chem Inc. Pittsburgh 
 -------------------------------------------------------
 ---------------------------------------
  Cycle       Energy         DIIS Error
 ---------------------------------------
    1    -770.1913006190      1.53E-02
    2    -766.5500561240      1.97E-03
    3    -766.0285296489      3.35E-03
    4    -766.8172363977      8.45E-04
    5    -766.8746027302      1.89E-04
    6    -766.8766934406      8.51E-05
    7    -766.8772187462      1.42E-05
    8    -766.8772324268      5.18E-06
    9    -766.8772347087      1.26E-06
   10    -766.8772348035      7.07E-07
   11    -766.8772348553      1.50E-07
   12    -766.8772348570      6.68E-08
   13    -766.8772348572      2.90E-08
   14    -766.8772348572      5.96E-09 Convergence criterion met
 ---------------------------------------
 SCF time:  CPU 4440.77 s  wall 2230.02 s
 SCF   energy in the final basis set = -766.87723486
 Total energy in the final basis set = -766.87723486
 
 --------------------------------------------------------------
 
                    Orbital Energies (a.u.)
 --------------------------------------------------------------
 
 Alpha MOs
 -- Occupied --
-19.176 -19.176 -19.119 -19.119 -10.311 -10.311 -10.232 -10.232
-10.205 -10.205 -10.201 -10.201 -10.187 -10.186 -10.171 -10.170
 -1.121  -1.114  -1.031  -1.030  -0.885  -0.807  -0.795  -0.747
 -0.734  -0.725  -0.675  -0.649  -0.620  -0.577  -0.565  -0.537
 -0.517  -0.515  -0.491  -0.489  -0.480  -0.477  -0.469  -0.442
 -0.434  -0.429  -0.420  -0.416  -0.411  -0.406  -0.396  -0.387
 -0.380  -0.373  -0.362  -0.359  -0.357  -0.321  -0.313  -0.293
 -0.292  -0.266  -0.253
 -- Virtual --
 -0.058  -0.034  -0.012  -0.006  -0.000   0.009   0.011   0.013
  0.019   0.022   0.024   0.028   0.029   0.035   0.035   0.039
  0.044   0.047   0.049   0.054   0.055   0.056   0.058   0.062
  0.066   0.071   0.073   0.073   0.076   0.081   0.087   0.088
  0.091   0.093   0.096   0.098   0.099   0.105   0.105   0.107
  0.109   0.110   0.111   0.117   0.118   0.120   0.122   0.126
  0.127   0.128   0.132   0.133   0.137   0.138   0.139   0.141
  0.142   0.143   0.146   0.148   0.150   0.153   0.154   0.157
  0.158   0.162   0.163   0.167   0.169   0.170   0.173   0.175
  0.176   0.178   0.182   0.183   0.186   0.187   0.188   0.194
  0.196   0.198   0.199   0.202   0.202   0.204   0.207   0.210
  0.212   0.216   0.219   0.220   0.221   0.223   0.224   0.228
  0.229   0.232   0.236   0.237   0.239   0.243   0.246   0.248
  0.248   0.253   0.254   0.257   0.260   0.262   0.262   0.264
  0.269   0.270   0.272   0.275   0.276   0.279   0.282   0.287
  0.289   0.291   0.294   0.299   0.300   0.303   0.307   0.311
  0.313   0.316   0.317   0.319   0.320   0.323   0.328   0.331
  0.333   0.334   0.336   0.341   0.345   0.347   0.350   0.354
  0.354   0.361   0.363   0.364   0.367   0.369   0.374   0.377
  0.379   0.382   0.384   0.386   0.387   0.390   0.392   0.397
  0.401   0.405   0.407   0.410   0.414   0.415   0.420   0.421
  0.424   0.428   0.434   0.435   0.439   0.443   0.446   0.451
  0.452   0.455   0.459   0.460   0.471   0.472   0.475   0.482
  0.486   0.487   0.492   0.498   0.501   0.504   0.510   0.511
  0.518   0.521   0.530   0.533   0.538   0.542   0.545   0.549
  0.553   0.554   0.561   0.565   0.568   0.577   0.580   0.580
  0.588   0.593   0.597   0.601   0.607   0.610   0.612   0.614
  0.617   0.620   0.624   0.625   0.631   0.636   0.640   0.642
  0.646   0.649   0.655   0.655   0.663   0.665   0.665   0.673
  0.674   0.677   0.680   0.687   0.688   0.691   0.693   0.700
  0.703   0.707   0.711   0.711   0.719   0.724   0.727   0.732
  0.734   0.740   0.745   0.749   0.755   0.756   0.761   0.761
  0.767   0.771   0.776   0.782   0.786   0.790   0.794   0.796
  0.802   0.808   0.812   0.818   0.820   0.822   0.828   0.835
  0.848   0.850   0.859   0.869   0.877   0.883   0.898   0.900
  0.915   0.921   0.928   0.936   0.942   0.946   0.949   0.955
  0.968   0.978   0.982   0.988   0.993   0.996   1.005   1.011
  1.013   1.017   1.023   1.033   1.038   1.041   1.048   1.051
  1.060   1.069   1.072   1.076   1.080   1.083   1.090   1.097
  1.101   1.109   1.110   1.118   1.122   1.128   1.137   1.151
  1.154   1.160   1.168   1.170   1.175   1.185   1.188   1.202
  1.213   1.222   1.227   1.234   1.235   1.244   1.249   1.255
  1.260   1.273   1.279   1.283   1.294   1.303   1.314   1.319
  1.330   1.334   1.339   1.351   1.352   1.369   1.378   1.380
  1.389   1.400   1.404   1.409   1.421   1.425   1.430   1.440
  1.456   1.460   1.465   1.471   1.480   1.484   1.493   1.501
  1.502   1.515   1.519   1.525   1.529   1.537   1.544   1.552
  1.558   1.565   1.572   1.577   1.588   1.589   1.593   1.600
  1.602   1.609   1.612   1.615   1.617   1.627   1.636   1.639
  1.644   1.648   1.656   1.660   1.673   1.681   1.686   1.696
  1.705   1.717   1.720   1.727   1.730   1.737   1.741   1.746
  1.754   1.760   1.763   1.768   1.776   1.779   1.787   1.791
  1.799   1.800   1.803   1.804   1.813   1.813   1.819   1.827
  1.832   1.835   1.838   1.849   1.853   1.858   1.861   1.863
  1.870   1.878   1.884   1.889   1.892   1.903   1.905   1.911
  1.914   1.920   1.921   1.927   1.943   1.948   1.958   1.959
  1.964   1.969   1.977   1.995   2.001   2.013   2.020   2.026
  2.036   2.039   2.052   2.059   2.065   2.077   2.089   2.090
  2.097   2.102   2.106   2.113   2.115   2.118   2.128   2.132
  2.134   2.140   2.144   2.145   2.161   2.175   2.180   2.181
  2.186   2.193   2.202   2.216   2.218   2.222   2.235   2.248
  2.290   2.301   2.304   2.318   2.326   2.330   2.336   2.339
  2.339   2.344   2.355   2.365   2.381   2.383   2.392   2.402
  2.410   2.417   2.426   2.441   2.454   2.459   2.472   2.477
  2.489   2.499   2.503   2.504   2.509   2.515   2.518   2.522
  2.528   2.535   2.538   2.543   2.560   2.571   2.573   2.579
  2.585   2.595   2.597   2.603   2.605   2.616   2.620   2.624
  2.634   2.643   2.654   2.663   2.667   2.673   2.680   2.683
  2.688   2.697   2.701   2.706   2.715   2.726   2.731   2.740
  2.747   2.755   2.758   2.762   2.773   2.774   2.782   2.797
  2.803   2.814   2.818   2.823   2.828   2.855   2.856   2.863
  2.879   2.885   2.896   2.900   2.902   2.911   2.914   2.922
  2.924   2.932   2.939   2.946   2.954   2.961   2.967   2.986
  2.996   3.007   3.018   3.026   3.032   3.043   3.049   3.053
  3.064   3.069   3.073   3.077   3.093   3.104   3.110   3.115
  3.126   3.138   3.142   3.149   3.168   3.188   3.202   3.215
  3.222   3.230   3.238   3.242   3.245   3.250   3.262   3.272
  3.278   3.293   3.297   3.305   3.323   3.331   3.344   3.353
  3.357   3.387   3.397   3.406   3.409   3.417   3.427   3.442
  3.464   3.465   3.494   3.499   3.505   3.522   3.531   3.533
  3.537   3.548   3.558   3.566   3.569   3.585   3.594   3.618
  3.626   3.629   3.650   3.661   3.672   3.697   3.701   3.732
  3.753   3.759   3.781   3.793   3.795   3.799   3.800   3.831
  3.848   3.859   3.876   3.903   3.922   3.954   3.966   4.028
  4.050   4.055   4.076   4.085   4.093   4.140   4.167   4.235
  4.239   4.242   4.328   4.358   4.390   4.426   4.544   4.551
  4.577   4.599   4.676   4.714   4.737   4.767   4.787   4.798
  4.817   4.837   4.845   4.855   4.859   4.864   4.867   4.900
  4.913   4.924   4.952   4.965   4.972   4.986   5.032   5.077
  5.140   5.172   5.182   5.197   5.230   5.266   5.292   5.296
  5.313   5.346   5.409   5.449   5.569   5.584   5.624   5.637
  5.694   5.713   5.889   5.919   6.126   6.140   7.113   7.197
  7.209   7.296   7.321   7.396   7.410   7.464   7.633   7.676
  7.729   7.742   7.784   7.790   7.798   7.804   7.820   7.825
  7.845   7.863   7.866   7.883   7.898   7.930   7.963   7.964
  8.006   8.024   8.072   8.100   8.113   8.254   8.502   8.530
  8.666   9.041   9.753  10.012  10.015  10.022  10.025  10.082
 10.095  10.255  10.297  10.316  10.326  10.377  13.563  13.626
 13.640  13.708  13.720  13.747  13.878  13.940  14.155  14.189
 14.310  14.325  18.587  18.618  18.736  18.790  23.584  23.859
 23.874  23.928  23.937  23.946  23.955  23.966  24.015  24.068
 24.073  24.169  49.898  49.934  50.022  50.038  69.693  69.851
 69.900  69.915  69.946  69.959  69.969  69.987  70.021  70.045
 70.054  70.075 139.705 139.710 139.806 139.862
 --------------------------------------------------------------
 
          Ground-State Mulliken Net Atomic Charges

     Atom                 Charge (a.u.)
  ----------------------------------------
      1 C                     0.441526
      2 C                     0.238873
      3 C                    -0.901311
      4 C                    -0.484837
      5 O                     0.100432
      6 O                    -0.069554
      7 O                     0.109335
      8 O                    -0.145141
      9 C                    -0.343217
     10 C                    -0.159903
     11 C                     0.352630
     12 C                    -0.374058
     13 C                    -0.350620
     14 C                     0.494504
     15 H                     0.193379
     16 H                     0.164485
     17 H                     0.162245
     18 H                     0.197411
     19 H                     0.105772
     20 H                     0.170255
     21 H                     0.177909
     22 H                     0.164954
     23 C                    -0.633413
     24 C                    -0.657144
     25 H                     0.204269
     26 H                     0.140145
     27 H                     0.174068
     28 H                     0.198776
     29 H                     0.214227
     30 H                     0.131037
     31 GH                    0.094664
     32 GH                   -0.091752
     33 GH                   -0.065667
     34 GH                    0.044048
     35 GH                   -0.017441
     36 GH                    0.000147
     37 GH                    0.000437
     38 GH                   -0.006219
     39 GH                   -0.004794
     40 GH                    0.003744
     41 GH                   -0.007546
     42 GH                   -0.023385
     43 GH                    0.024810
     44 GH                    0.026548
     45 GH                    0.000465
     46 GH                   -0.002101
     47 GH                    0.000080
     48 GH                    0.002657
     49 GH                   -0.000451
     50 GH                    0.016115
     51 GH                    0.001525
     52 GH                   -0.001604
     53 GH                    0.002157
     54 GH                   -0.003680
     55 GH                   -0.000105
     56 GH                    0.001411
     57 GH                   -0.004281
     58 GH                    0.000134
     59 GH                   -0.006785
     60 GH                   -0.000164
  ----------------------------------------
  Sum of atomic charges =     0.000000

 -----------------------------------------------------------------
                    Cartesian Multipole Moments
 -----------------------------------------------------------------
    Charge (ESU x 10^10)
                 0.0000
    Dipole Moment (Debye)
         X       0.0681      Y      -0.1078      Z       0.0535
       Tot       0.1383
    Quadrupole Moments (Debye-Ang)
        XX     -76.1753     XY      -0.1212     YY     -95.3399
        XZ       0.4975     YZ      -9.5117     ZZ     -98.9544
    Octopole Moments (Debye-Ang^2)
       XXX      38.0179    XXY      33.2873    XYY      -7.9107
       YYY     122.8606    XXZ    -386.3307    XYZ     -20.0208
       YYZ    -476.2377    XZZ      17.5151    YZZ     -49.6704
       ZZZ   -1510.9313
    Hexadecapole Moments (Debye-Ang^3)
      XXXX   -2032.3737   XXXY     -10.6608   XXYY    -670.8685
      XYYY      13.9208   YYYY   -2107.6593   XXXZ     195.6945
      XXYZ     134.9350   XYYZ     -21.5109   YYYZ     551.9597
      XXZZ   -2393.4194   XYZZ    -204.1365   YYZZ   -2793.8758
      XZZZ     241.1212   YZZZ     -45.9383   ZZZZ  -15686.9990
 -----------------------------------------------------------------
Archival summary:
1\1\vega03.cac.cornell.edu\SP\ProcedureUnspecified\BasisUnspecified\41214h30\jj585\MonApr202:13:422018MonApr202:13:422018\0\\#,ProcedureUnspecified,BasisUnspecified,\\0,1\O\C,1,1.3512\O,2,1.2069,1,123.501\C,1,1.43752,2,116.164,3,4.8931,0\H,4,1.08772,1,105.376,2,179.706,0\H,4,1.09086,1,110.507,2,-60.681,0\H,4,1.09163,1,110.367,2,60.0909,0\C,2,1.49626,1,110.928,3,178.057,0\C,8,1.40634,2,119.012,1,-130.615,0\C,9,1.39616,8,117.536,2,177.857,0\H,10,1.08475,9,118.991,8,-179.6,0\C,10,1.38856,9,121.629,8,0.183585,0\H,12,1.08495,10,119.453,9,179.671,0\C,12,1.3959,10,121.575,9,-0.129654,0\C,14,1.40604,12,117.481,10,0.160349,0\C,15,1.49803,14,118.266,12,177.84,0\O,16,1.20668,15,125.302,14,50.5403,0\O,16,1.35063,15,111.128,14,-126.75,0\C,18,1.43835,16,115.94,15,-178.519,0\H,19,1.08762,18,105.403,16,179.104,0\H,19,1.09103,18,110.475,16,-61.3232,0\H,19,1.0915,18,110.399,16,59.3962,0\C,9,1.50976,8,122.848,2,-1.37569,0\H,23,1.09144,9,110.135,8,171.975,0\H,23,1.09156,9,111.21,8,-67.4939,0\H,23,1.09291,9,111.796,8,51.7903,0\C,14,1.51138,12,119.574,10,179.468,0\H,27,1.09144,14,110.104,12,-7.00566,0\H,27,1.09164,14,111.284,12,113.49,0\H,27,1.09319,14,111.89,12,-127.081,0\Gh,5,2.51952,4,139.348,1,-25.9979,0\Gh,31,1.08762,5,139.504,4,91.6223,0\Gh,32,1.09103,31,110.661,5,-150.279,0\Gh,32,1.0915,31,110.808,5,88.6071,0\Gh,32,1.43835,31,105.403,5,-30.8294,0\Gh,35,1.35063,32,115.94,31,179.104,0\Gh,36,1.20668,35,123.512,32,4.13325,0\Gh,36,1.49803,35,111.128,32,-178.519,0\Gh,38,1.40604,36,118.266,35,-126.75,0\Gh,39,1.3959,38,117.481,36,177.84,0\Gh,40,1.08495,39,118.972,38,-179.641,0\Gh,40,1.38856,39,121.575,38,0.160349,0\Gh,42,1.08475,40,119.38,39,179.653,0\Gh,42,1.39616,40,121.629,39,-0.129654,0\Gh,44,1.40634,42,117.536,40,0.183585,0\Gh,45,1.49626,44,119.012,42,177.857,0\Gh,46,1.2069,45,125.54,44,47.3939,0\Gh,46,1.3512,45,110.928,44,-130.615,0\Gh,48,1.43752,46,116.164,45,-177.05,0\Gh,49,1.08772,48,105.376,46,179.706,0\Gh,49,1.09086,48,110.507,46,-60.681,0\Gh,49,1.09163,48,110.367,46,60.0909,0\Gh,44,1.50976,42,119.611,40,179.442,0\Gh,53,1.09144,44,110.135,42,-7.24194,0\Gh,53,1.09156,44,111.21,42,113.289,0\Gh,53,1.09291,44,111.796,42,-127.427,0\Gh,39,1.51138,38,122.941,36,-1.44272,0\Gh,57,1.09144,39,110.104,38,172.262,0\Gh,57,1.09164,39,111.284,38,-67.2422,0\Gh,57,1.09319,39,111.89,38,52.1865,0\\\@

 Total job time:  2232.67s(wall), 4444.06s(cpu) 
 Mon Apr  2 02:13:42 2018

        *************************************************************
        *                                                           *
        *  Thank you very much for using Q-Chem.  Have a nice day.  *
        *                                                           *
        *************************************************************


0 sent ACK to 0 
now end server 0 ... 
