mFile = /opt/software/qchem/qchem-5.0.1//bin/mpi/machines
Process 0 of 1 is on vega03.cac.cornell.edu - thread support 0
initial socket setup ...start
initial socket setup ...done 
now start server 0 ... 
vega03 10.84.3
Q-Chem Developer Version! Running on 10.84.3.*
                  Welcome to Q-Chem
     A Quantum Leap Into The Future Of Chemistry


 Q-Chem 5.0, Q-Chem, Inc., Pleasanton, CA (2017)

 Yihan Shao,  Zhengting Gan,  E. Epifanovsky,  A. T. B. Gilbert,  M. Wormit,  
 J. Kussmann,  A. W. Lange,  A. Behn,  Jia Deng,  Xintian Feng,  D. Ghosh,  
 M. Goldey,  P. R. Horn,  L. D. Jacobson,  I. Kaliman,  T. Kus,  A. Landau,  
 Jie Liu,  E. I. Proynov,  R. M. Richard,  R. P. Steele,  E. J. Sundstrom,  
 H. L. Woodcock III,  P. M. Zimmerman,  D. Zuev,  B. Albrecht,  E. Alguire,  
 S. A. Baeppler,  Z. Benda,  Y. A. Bernard,  E. J. Berquist,  K. B. Bravaya,  
 D. Casanova,  Chun-Min Chang,  Yunqing Chen,  A. Chien,  K. D. Closser,  
 M. P. Coons,  S. Dasgupta,  M. Diedenhofen,  Hainam Do,  R. G. Edgar,  
 Po-Tung Fang,  S. Fatehi,  Qingguo Feng,  Qinghui Ge,  A. Ghysels,  
 J. Gomes,  J. Gonthier,  A. Gunina,  M. W. D. Hanson-Heine,  
 P. H. P. Harbach,  A. W. Hauser,  J. E. Herr,  E. G. Hohenstein,  
 Z. C. Holden,  Kerwin Hui,  T.-C. Jagau,  Hyunjun Ji,  B. Kaduk,  
 K. Khistyaev,  Jaehoon Kim,  P. Klunzinger,  K. Koh,  D. Kosenkov,  
 T. Kowalczyk,  C. M. Krauter,  A. Kunitsa,  Ka Un Lao,  A. Laurent,  
 K. V. Lawler,  Joonho Lee,  D. Lefrancois,  S. Lehtola,  D. S. Levine,  
 Yi-Pei Li,  You-Sheng Lin,  Fenglai Liu,  E. Livshits,  A. Luenser,  
 P. Manohar,  E. Mansoor,  S. F. Manzer,  Shan-Ping Mao,  Yuezhi Mao,  
 N. Mardirossian,  A. V. Marenich,  L. A. Martinez-Martinez,  S. A. Maurer,  
 N. J. Mayhall,  S. C. McKenzie,  J.-M. Mewes,  A. F. Morrison,  K. Nanda,  
 T. S. Nguyen-Beck,  R. Olivares-Amaya,  J. A. Parkhill,  T. M. Perrine,  
 F. Plasser,  S. Prager,  A. Prociuk,  D. R. Rehn,  F. Rob,  M. Schneider,  
 N. Sergueev,  S. M. Sharada,  S. Sharma,  D. W. Small,  T. Stauch,  
 T. Stein,  Yu-Chuan Su,  A. J. W. Thom,  T. Tsuchimochi,  L. Vogt,  
 O. Vydrov,  M. A. Watson,  J. Wenzel,  M. de Wergifosse,  T. A. Wesolowski,  
 A. White,  J. Witte,  A. Yamada,  Jun Yang,  K. Yao,  S. Yeganeh,  
 S. R. Yost,  Zhi-Qiang You,  A. Zech,  Igor Ying Zhang,  Xing Zhang,  
 Yan Zhao,  Ying Zhu,  B. R. Brooks,  G. K. L. Chan,  C. J. Cramer,  
 M. S. Gordon,  W. J. Hehre,  A. Klamt,  M. W. Schmidt,  C. D. Sherrill,  
 D. G. Truhlar,  A. Aspuru-Guzik,  R. Baer,  A. T. Bell,  N. A. Besley,  
 Jeng-Da Chai,  A. Dreuw,  B. D. Dunietz,  T. R. Furlani,  Chao-Ping Hsu,  
 Yousung Jung,  Jing Kong,  D. S. Lambrecht,  WanZhen Liang,  C. Ochsenfeld,  
 V. A. Rassolov,  L. V. Slipchenko,  J. E. Subotnik,  T. Van Voorhis,  
 J. M. Herbert,  A. I. Krylov,  P. M. W. Gill,  M. Head-Gordon

 Contributors to earlier versions of Q-Chem not listed above: 
 R. D. Adamson,  B. Austin,  J. Baker,  G. J. O. Beran,  K. Brandhorst,  
 S. T. Brown,  E. F. C. Byrd,  A. K. Chakraborty,  C.-L. Cheng,  
 Siu Hung Chien,  D. M. Chipman,  D. L. Crittenden,  H. Dachsel,  
 R. A. DiStasio Jr.,  R. J. Doerksen,  A. D. Dutoi,  L. Fusti-Molnar,  
 W. A. Goddard III,  A. Golubeva-Zadorozhnaya,  S. R. Gwaltney,  G. Hawkins,  
 A. Heyden,  S. Hirata,  G. Kedziora,  F. J. Keil,  C. Kelley,  Jihan Kim,  
 R. A. King,  R. Z. Khaliullin,  P. P. Korambath,  W. Kurlancheek,  
 A. M. Lee,  M. S. Lee,  S. V. Levchenko,  Ching Yeh Lin,  D. Liotard,  
 R. C. Lochan,  I. Lotan,  P. E. Maslen,  N. Nair,  D. P. O'Neill,  
 D. Neuhauser,  E. Neuscamman,  C. M. Oana,  R. Olson,  B. Peters,  
 R. Peverati,  P. A. Pieniazek,  Y. M. Rhee,  J. Ritchie,  M. A. Rohrdanz,  
 E. Rosta,  N. J. Russ,  H. F. Schaefer III,  N. E. Schultz,  N. Shenvi,  
 A. C. Simmonett,  A. Sodt,  D. Stuck,  K. S. Thanthiriwatte,  V. Vanovschi,  
 Tao Wang,  A. Warshel,  C. F. Williams,  Q. Wu,  X. Xu,  W. Zhang

 Please cite Q-Chem as follows:
 Y. Shao et al., Mol. Phys. 113, 184-215 (2015)
 DOI: 10.1080/00268976.2014.952696

 Q-Chem 5.0.1 for Intel X86 EM64T Linux

 Parts of Q-Chem use Armadillo 5.200.1 (Boston Tea Smuggler).
 http://arma.sourceforge.net/

 Q-Chem begins on Mon Apr  2 02:13:44 2018  

Host: vega03.cac.cornell.edu
0

     Scratch files written to /scratch/jj585/vdw/11n11_distance_5.100_11.save//
 Parallel job on  1  processors

Checking the input file for inconsistencies... 	...done.

--------------------------------------------------------------
User input:
--------------------------------------------------------------
$molecule
0  1
--
0  1
C        -0.54444000        -0.68370000        -0.06689000
C        -0.55709000        +0.71878000        +0.05493000
C        +0.74969000        -1.43776000        -0.09374000
C        +0.72843000        +1.48436000        +0.06598000
O        +1.53645000        -1.09176000        +0.94813000
O        +1.04702000        -2.28405000        -0.90088000
O        +1.53784000        +1.08301000        -0.93877000
O        +1.01035000        +2.37097000        +0.83478000
C        +2.83449000        +1.70121000        -0.99358000
C        +2.82316000        -1.73208000        +1.00475000
C        -1.74320000        -1.41616000        -0.12552000
C        -2.93952000        -0.70056000        -0.05285000
C        -2.95313000        +0.68255000        +0.06934000
C        -1.77161000        +1.42404000        +0.12810000
H        +2.73835000        +2.77989000        -1.12464000
H        +2.70778000        -2.81319000        +1.09555000
H        -3.90354000        +1.20325000        +0.11710000
H        +3.38998000        +1.50093000        -0.07544000
H        +3.33184000        +1.25269000        -1.85067000
H        +3.31095000        -1.32281000        +1.88650000
H        +3.39889000        -1.50934000        +0.10459000
H        -3.87892000        -1.24211000        -0.08988000
C        -1.83960000        +2.92746000        +0.24839000
C        -1.78103000        -2.92226000        -0.24590000
H        -1.39752000        -3.25223000        -1.21323000
H        -2.80572000        -3.28175000        -0.13627000
H        -1.16958000        -3.40777000        +0.51926000
H        -1.24214000        +3.42352000        -0.52065000
H        -1.45503000        +3.26427000        +1.21284000
H        -2.87211000        +3.26623000        +0.14638000
--
0  1
C        -0.50934000        -1.12838000        +5.01357000
C        -0.52199000        +0.27410000        +5.13539000
C        +0.78479000        -1.88244000        +4.98672000
C        +0.76353000        +1.03968000        +5.14644000
O        +1.57155000        -1.53644000        +6.02859000
O        +1.08212000        -2.72873000        +4.17958000
O        +1.57294000        +0.63833000        +4.14169000
O        +1.04545000        +1.92629000        +5.91524000
C        +2.86959000        +1.25653000        +4.08688000
C        +2.85826000        -2.17676000        +6.08521000
C        -1.70810000        -1.86084000        +4.95494000
C        -2.90442000        -1.14524000        +5.02761000
C        -2.91803000        +0.23787000        +5.14980000
C        -1.73651000        +0.97936000        +5.20856000
H        +2.77345000        +2.33521000        +3.95582000
H        +2.74288000        -3.25787000        +6.17601000
H        -3.86844000        +0.75857000        +5.19756000
H        +3.42508000        +1.05625000        +5.00502000
H        +3.36694000        +0.80801000        +3.22979000
H        +3.34605000        -1.76749000        +6.96696000
H        +3.43399000        -1.95402000        +5.18505000
H        -3.84382000        -1.68679000        +4.99058000
C        -1.80450000        +2.48278000        +5.32885000
C        -1.74593000        -3.36694000        +4.83456000
H        -1.36242000        -3.69691000        +3.86723000
H        -2.77062000        -3.72643000        +4.94419000
H        -1.13448000        -3.85245000        +5.59972000
H        -1.20704000        +2.97884000        +4.55981000
H        -1.41993000        +2.81959000        +6.29330000
H        -2.83701000        +2.82155000        +5.22684000
$end

$rem
JOBTYPE                   SP
METHOD                    B3LYP
DFT_D                     d3_op
BASIS                     6-311++G(d,p)
SYMMETRY                  False
THRESH                    12
SCF_CONVERGENCE           8
MAX_SUB_FILE_NUM          128
MEM_STATIC                400
MEM_TOTAL                 4000
$end
--------------------------------------------------------------
 Adding empirical dispersion correction 
 ----------------------------------------------------------------
 Doing -D3(op) with
 s6 =   1.00000
 s8 =   0.78311
 a1 =   0.30000
 a2 =   4.25000
 n  =  10.00000
 -D3 energy without 3body term =     -0.0746675224 hartrees
 ----------------------------------------------------------------
             Standard Nuclear Orientation (Angstroms)
    I     Atom           X                Y                Z
 ----------------------------------------------------------------
    1      C      -2.5100767513     0.4921978171     0.8735624796
    2      C      -2.6006498070     0.5579029583    -0.5298012085
    3      C      -2.4077293561    -0.8287266854     1.5726928913
    4      C      -2.6894008493    -0.6985806456    -1.3373708432
    5      O      -1.4203554151    -1.5838985805     1.0444803355
    6      O      -3.0748393555    -1.1707815511     2.5182348471
    7      O      -3.6126091736    -1.5396322059    -0.8215534374
    8      O      -2.0593048409    -0.9345164726    -2.3393303854
    9      C      -3.7441763551    -2.8137494490    -1.4740807750
   10      C      -1.2526813872    -2.8918069286     1.6190230443
   11      C      -2.4722998690     1.6623548889     1.6521933297
   12      C      -2.5223959121     2.8849614314     0.9804274032
   13      C      -2.6097026445     2.9509291099    -0.4038177702
   14      C      -2.6489154025     1.7983281067    -1.1907249790
   15      H      -4.0370586282    -2.6808401311    -2.5164459955
   16      H      -1.0017708446    -2.8141673203     2.6779715829
   17      H      -2.6521724945     3.9203108332    -0.8887755644
   18      H      -2.7997642888    -3.3598554561    -1.4351403567
   19      H      -4.5180658786    -3.3421020839    -0.9217502765
   20      H      -0.4366945908    -3.3487811401     1.0638075928
   21      H      -2.1691247195    -3.4748662654     1.5116005395
   22      H      -2.4888558868     3.8032818682     1.5572138676
   23      C      -2.7568401105     1.9229656765    -2.6914520542
   24      C      -2.3653307233     1.6433521896     3.1596601328
   25      H      -3.2673877257     1.2311052353     3.6157665491
   26      H      -2.2152022259     2.6560907089     3.5378975172
   27      H      -1.5285961980     1.0282771775     3.5011553039
   28      H      -3.5844932874     1.3304305240    -3.0893827120
   29      H      -1.8494439871     1.5679561355    -3.1834879925
   30      H      -2.9210005472     2.9651327275    -2.9710718709
   31      C       2.5795452248     0.5306365772     0.5505814802
   32      C       2.4889721691     0.5963417185    -0.8527822080
   33      C       2.6818926200    -0.7902879252     1.2497118918
   34      C       2.4002211268    -0.6601418855    -1.6603518426
   35      O       3.6692665610    -1.5454598204     0.7214993361
   36      O       2.0147826207    -1.1323427910     2.1952538476
   37      O       1.4770128025    -1.5011934458    -1.1445344369
   38      O       3.0303171352    -0.8960777125    -2.6623113848
   39      C       1.3454456211    -2.7753106889    -1.7970617744
   40      C       3.8369405889    -2.8533681685     1.2960420449
   41      C       2.6173221071     1.7007936490     1.3292123302
   42      C       2.5672260640     2.9234001915     0.6574464038
   43      C       2.4799193316     2.9893678700    -0.7267987697
   44      C       2.4407065736     1.8367668669    -1.5137059785
   45      H       1.0525633479    -2.6424013710    -2.8394269949
   46      H       4.0878511315    -2.7757285602     2.3549905835
   47      H       2.4374494816     3.9587495933    -1.2117565638
   48      H       2.2898576873    -3.3214166960    -1.7581213561
   49      H       0.5715560975    -3.3036633238    -1.2447312760
   50      H       4.6529273853    -3.3103423800     0.7408265934
   51      H       2.9204972566    -3.4364275053     1.1886195401
   52      H       2.6007660893     3.8417206283     1.2342328682
   53      C       2.3327818657     1.9614044366    -3.0144330537
   54      C       2.7242912529     1.6817909498     2.8366791334
   55      H       1.8222342504     1.2695439955     3.2927855496
   56      H       2.8744197502     2.6945294690     3.2149165178
   57      H       3.5610257781     1.0667159376     3.1781743044
   58      H       1.5051286887     1.3688692841    -3.4123637114
   59      H       3.2401779891     1.6063948956    -3.5064689919
   60      H       2.1686214289     3.0035714877    -3.2940528704
 ----------------------------------------------------------------
 Molecular Point Group                 C1    NOp =  1
 Largest Abelian Subgroup              C1    NOp =  1
 Nuclear Repulsion Energy =  3504.0864449299 hartrees
 There are      118 alpha and      118 beta electrons
 Requested basis set is 6-311++G(d,p)
 There are 332 shells and 900 basis functions

 Total QAlloc Memory Limit   4000 MB
 Mega-Array Size       392 MB
 MEM_STATIC part       400 MB
 A cutoff of  1.0D-12 yielded  38328 shell pairs
 There are    281555 function pairs (    298428 Cartesian)
 
 -------------------------------------------------------
 OpenMP Integral Computing Module                       
 Release: version 1.0, May 2013, Q-Chem Inc. Pittsburgh 
 -------------------------------------------------------
 Integral Job Info:
 Integral job number is                      11
 Integral operator is                         1
 short-range coefficients                     0
 long-range coefficients              100000000
 Omega coefficients                           0
 if combine SR and LR in K                    0
 Integral screening is                        0
 Integral computing path is                   2
 max size of driver memory is            800000
 size of driver memory is                593474
 size of scratch memory is              2361544
 max col of scratch BK array               1296
 max len of scratch array in speh3          155
 max len of scratch index in speh4           18
 max int batch size is                      520
 min int batch size is                       52
 fixed nKL is                                52
 max L of basis functions is                  2
 order of int derivative is                   0
 number of shells is                        332
 number of basis is                         932
 number of cartesian basis is               932
 number of contracted shell pairs         38328
 number of primitive shell pairs          81918
 maxK2 (contraction) of shell pair           36
 max number of K2 of shell pair               1
 max number of CS2 of shell pair           7830
 max number of PS2 of shell pair          13044
 mem total for path MDJ                  522696
 -------------------------------------------------------
 Smallest overlap matrix eigenvalue = 1.59E-08
 Linear dependence detected in AO basis
 Number of orthogonalized atomic orbitals = 889
 Maximum deviation from orthogonality = 8.099E-11

 Scale SEOQF with 1.000000e-01/1.000000e-01/1.000000e-01

 Standard Electronic Orientation quadrupole field applied
 Nucleus-field energy     =     0.0000000395 hartrees
 Guess from superposition of atomic densities
 Warning:  Energy on first SCF cycle will be non-variational
 A restricted hybrid HF-DFT SCF calculation will be
 performed using Pulay DIIS extrapolation
 Exchange:     0.2000 Hartree-Fock + 0.0800 Slater + 0.7200 B88
 Correlation:  0.1900 VWN1RPA + 0.8100 LYP
 Using SG-1 standard quadrature grid
 Dispersion:   Grimme D3
 SCF converges when DIIS error is below 1.0E-08
 using 2 threads for integral computing
 -------------------------------------------------------
 OpenMP Integral computing Module                
 Release: version 1.0, May 2013, Q-Chem Inc. Pittsburgh 
 -------------------------------------------------------
 -------------------------------------------------------
 OpenMP BLAS3 based DFT computing Module                
 Release: version 1.0, May 2013, Q-Chem Inc. Pittsburgh 
 -------------------------------------------------------
 ---------------------------------------
  Cycle       Energy         DIIS Error
 ---------------------------------------
    1   -1540.3923514599      2.16E-02
    2   -1533.1058933166      2.78E-03
    3   -1532.0883552844      4.70E-03
    4   -1533.6374026142      1.21E-03
    5   -1533.7538119344      2.73E-04
    6   -1533.7582895493      1.24E-04
    7   -1533.7594139947      2.70E-05
    8   -1533.7594514932      1.63E-05
    9   -1533.7594698938      3.25E-06
   10   -1533.7594706692      8.58E-07
   11   -1533.7594707287      2.78E-07
   12   -1533.7594707352      1.04E-07
   13   -1533.7594707358      4.24E-08
   14   -1533.7594707357      9.32E-09 Convergence criterion met
 ---------------------------------------
 SCF time:  CPU 4597.27 s  wall 2308.23 s
 SCF   energy in the final basis set = -1533.75947074
 Total energy in the final basis set = -1533.75947074
 
 --------------------------------------------------------------
 
                    Orbital Energies (a.u.)
 --------------------------------------------------------------
 
 Alpha MOs
 -- Occupied --
-19.176 -19.175 -19.170 -19.169 -19.118 -19.118 -19.114 -19.113
-10.310 -10.310 -10.306 -10.305 -10.232 -10.232 -10.227 -10.225
-10.202 -10.202 -10.201 -10.201 -10.198 -10.198 -10.198 -10.197
-10.184 -10.184 -10.183 -10.183 -10.170 -10.169 -10.167 -10.166
 -1.119  -1.118  -1.110  -1.109  -1.030  -1.030  -1.025  -1.024
 -0.882  -0.882  -0.804  -0.804  -0.792  -0.792  -0.744  -0.743
 -0.731  -0.731  -0.722  -0.721  -0.672  -0.672  -0.646  -0.646
 -0.618  -0.617  -0.575  -0.574  -0.562  -0.561  -0.534  -0.534
 -0.515  -0.514  -0.512  -0.511  -0.489  -0.489  -0.485  -0.484
 -0.478  -0.475  -0.474  -0.472  -0.467  -0.466  -0.441  -0.439
 -0.433  -0.431  -0.428  -0.425  -0.419  -0.417  -0.413  -0.413
 -0.409  -0.408  -0.403  -0.402  -0.393  -0.392  -0.385  -0.384
 -0.378  -0.377  -0.370  -0.369  -0.359  -0.358  -0.356  -0.355
 -0.354  -0.353  -0.319  -0.318  -0.309  -0.308  -0.292  -0.292
 -0.288  -0.287  -0.264  -0.262  -0.251  -0.249
 -- Virtual --
 -0.056  -0.054  -0.032  -0.029  -0.016  -0.010  -0.005   0.001
  0.006   0.008   0.013   0.014   0.015   0.017   0.020   0.022
  0.026   0.027   0.028   0.033   0.034   0.039   0.041   0.043
  0.046   0.046   0.048   0.051   0.052   0.057   0.061   0.062
  0.066   0.067   0.068   0.074   0.078   0.080   0.085   0.089
  0.090   0.094   0.094   0.095   0.101   0.103   0.104   0.106
  0.107   0.109   0.109   0.111   0.115   0.118   0.119   0.123
  0.123   0.125   0.126   0.130   0.131   0.132   0.133   0.137
  0.140   0.141   0.141   0.141   0.143   0.144   0.146   0.148
  0.148   0.149   0.151   0.152   0.155   0.156   0.159   0.161
  0.166   0.169   0.170   0.171   0.173   0.173   0.174   0.177
  0.180   0.181   0.186   0.187   0.188   0.193   0.193   0.195
  0.198   0.198   0.200   0.200   0.205   0.206   0.209   0.211
  0.214   0.218   0.219   0.220   0.222   0.223   0.226   0.227
  0.229   0.232   0.234   0.235   0.236   0.240   0.242   0.244
  0.249   0.250   0.251   0.253   0.255   0.258   0.260   0.264
  0.266   0.268   0.270   0.271   0.273   0.276   0.277   0.278
  0.281   0.284   0.284   0.285   0.288   0.290   0.299   0.303
  0.305   0.306   0.311   0.312   0.313   0.314   0.315   0.321
  0.324   0.325   0.330   0.330   0.332   0.335   0.338   0.339
  0.339   0.346   0.348   0.349   0.354   0.354   0.362   0.364
  0.366   0.367   0.374   0.375   0.378   0.379   0.382   0.386
  0.389   0.391   0.391   0.395   0.400   0.400   0.403   0.405
  0.411   0.411   0.416   0.417   0.424   0.427   0.427   0.429
  0.437   0.439   0.441   0.448   0.455   0.460   0.463   0.466
  0.475   0.476   0.477   0.483   0.499   0.502   0.505   0.510
  0.515   0.516   0.524   0.526   0.532   0.532   0.540   0.541
  0.545   0.549   0.554   0.564   0.565   0.570   0.573   0.575
  0.577   0.581   0.582   0.584   0.586   0.590   0.595   0.598
  0.602   0.607   0.610   0.613   0.616   0.619   0.621   0.628
  0.629   0.636   0.639   0.641   0.651   0.658   0.660   0.661
  0.662   0.670   0.674   0.676   0.677   0.680   0.681   0.683
  0.685   0.689   0.693   0.694   0.695   0.700   0.703   0.704
  0.707   0.709   0.716   0.717   0.724   0.729   0.730   0.734
  0.735   0.741   0.742   0.750   0.751   0.755   0.761   0.763
  0.766   0.768   0.771   0.781   0.784   0.788   0.791   0.797
  0.802   0.804   0.804   0.809   0.818   0.821   0.823   0.827
  0.833   0.835   0.839   0.844   0.860   0.864   0.870   0.870
  0.888   0.891   0.907   0.910   0.921   0.926   0.928   0.935
  0.940   0.942   0.959   0.961   0.974   0.981   0.985   0.995
  0.997   1.000   1.012   1.019   1.026   1.037   1.038   1.051
  1.054   1.060   1.062   1.072   1.077   1.082   1.085   1.094
  1.097   1.099   1.103   1.106   1.128   1.138   1.140   1.147
  1.148   1.172   1.175   1.182   1.196   1.199   1.203   1.208
  1.215   1.223   1.235   1.237   1.246   1.248   1.257   1.260
  1.268   1.271   1.278   1.287   1.295   1.299   1.309   1.311
  1.320   1.328   1.329   1.330   1.340   1.348   1.359   1.365
  1.369   1.382   1.385   1.388   1.394   1.396   1.404   1.412
  1.414   1.416   1.426   1.430   1.433   1.437   1.446   1.457
  1.459   1.466   1.475   1.476   1.482   1.483   1.487   1.490
  1.495   1.499   1.505   1.516   1.526   1.530   1.534   1.535
  1.548   1.551   1.556   1.561   1.563   1.569   1.571   1.577
  1.578   1.589   1.592   1.598   1.601   1.606   1.608   1.612
  1.613   1.621   1.628   1.629   1.638   1.639   1.643   1.646
  1.652   1.653   1.664   1.667   1.669   1.680   1.686   1.696
  1.702   1.704   1.716   1.719   1.724   1.726   1.733   1.737
  1.738   1.743   1.744   1.749   1.760   1.774   1.776   1.781
  1.783   1.784   1.799   1.802   1.804   1.808   1.816   1.818
  1.821   1.825   1.837   1.842   1.844   1.851   1.853   1.866
  1.868   1.884   1.889   1.891   1.900   1.902   1.910   1.918
  1.921   1.927   1.932   1.957   1.960   1.969   1.972   1.992
  1.994   2.012   2.016   2.021   2.026   2.038   2.042   2.055
  2.062   2.067   2.074   2.088   2.095   2.099   2.104   2.113
  2.118   2.129   2.131   2.133   2.138   2.143   2.145   2.164
  2.164   2.178   2.179   2.184   2.187   2.201   2.209   2.218
  2.223   2.250   2.252   2.285   2.302   2.305   2.310   2.329
  2.332   2.334   2.337   2.342   2.344   2.413   2.421   2.424
  2.433   2.456   2.457   2.487   2.489   2.490   2.493   2.501
  2.509   2.511   2.514   2.523   2.523   2.527   2.530   2.538
  2.551   2.555   2.561   2.568   2.572   2.584   2.586   2.591
  2.592   2.596   2.598   2.604   2.612   2.619   2.623   2.624
  2.629   2.634   2.655   2.656   2.657   2.665   2.668   2.678
  2.680   2.696   2.704   2.709   2.710   2.727   2.730   2.733
  2.748   2.766   2.769   2.775   2.777   2.793   2.801   2.805
  2.809   2.813   2.817   2.831   2.849   2.854   2.859   2.862
  2.882   2.883   2.890   2.895   2.906   2.907   2.910   2.914
  2.922   2.923   2.932   2.934   2.937   2.944   2.957   2.966
  2.967   2.988   2.991   3.020   3.024   3.041   3.044   3.049
  3.059   3.066   3.069   3.077   3.086   3.099   3.103   3.115
  3.115   3.138   3.141   3.152   3.153   3.190   3.198   3.216
  3.224   3.230   3.235   3.243   3.245   3.247   3.252   3.266
  3.271   3.274   3.287   3.298   3.301   3.329   3.338   3.391
  3.392   3.398   3.400   3.457   3.462   3.477   3.479   3.528
  3.535   3.591   3.595   3.611   3.618   3.627   3.630   3.692
  3.702   3.723   3.743   3.774   3.781   3.783   3.797   3.798
  3.799   3.800   3.803   3.803   3.812   3.832   3.836   3.859
  3.860   3.881   3.885   3.904   3.911   3.958   3.979   4.055
  4.056   4.078   4.079   4.087   4.090   4.139   4.147   4.165
  4.181   4.239   4.245   4.329   4.335   4.352   4.370   4.392
  4.395   4.867   4.871   5.069   5.086   5.121   5.167   5.185
  5.189   5.222   5.245   5.267   5.273   5.293   5.295   5.407
  5.416   5.451   5.459   5.627   5.629   5.639   5.642   5.894
  5.894   5.913   5.925  23.552  23.622  23.858  23.863  23.871
 23.885  23.916  23.934  23.936  23.942  23.944  23.952  23.954
 23.957  23.967  23.989  24.001  24.039  24.067  24.070  24.077
 24.080  24.170  24.174  49.899  49.902  49.938  49.941  50.021
 50.029  50.041  50.043
 --------------------------------------------------------------
 
          Ground-State Mulliken Net Atomic Charges

     Atom                 Charge (a.u.)
  ----------------------------------------
      1 C                     0.311681
      2 C                     0.385660
      3 C                    -0.550912
      4 C                    -0.825998
      5 O                     0.132289
      6 O                    -0.150325
      7 O                     0.088799
      8 O                    -0.097856
      9 C                    -0.164965
     10 C                    -0.314543
     11 C                     0.485299
     12 C                    -0.383141
     13 C                    -0.361961
     14 C                     0.376250
     15 H                     0.165754
     16 H                     0.195410
     17 H                     0.161426
     18 H                     0.176118
     19 H                     0.171931
     20 H                     0.096581
     21 H                     0.190737
     22 H                     0.158021
     23 C                    -0.644431
     24 C                    -0.647283
     25 H                     0.214132
     26 H                     0.129981
     27 H                     0.199963
     28 H                     0.173761
     29 H                     0.190718
     30 H                     0.138818
     31 C                     0.364055
     32 C                     0.327972
     33 C                    -0.861842
     34 C                    -0.536242
     35 O                     0.103850
     36 O                    -0.085520
     37 O                     0.107297
     38 O                    -0.150629
     39 C                    -0.319560
     40 C                    -0.158329
     41 C                     0.378023
     42 C                    -0.355420
     43 C                    -0.375511
     44 C                     0.489965
     45 H                     0.198642
     46 H                     0.164677
     47 H                     0.157922
     48 H                     0.194652
     49 H                     0.095018
     50 H                     0.170942
     51 H                     0.175264
     52 H                     0.162255
     53 C                    -0.642309
     54 C                    -0.653541
     55 H                     0.191390
     56 H                     0.139661
     57 H                     0.173966
     58 H                     0.199515
     59 H                     0.213171
     60 H                     0.128748
  ----------------------------------------
  Sum of atomic charges =     0.000000

 -----------------------------------------------------------------
                    Cartesian Multipole Moments
 -----------------------------------------------------------------
    Charge (ESU x 10^10)
                 0.0000
    Dipole Moment (Debye)
         X       0.1917      Y      -0.0832      Z       0.1813
       Tot       0.2767
    Quadrupole Moments (Debye-Ang)
        XX    -195.0835     XY      -1.4229     YY    -154.6289
        XZ      17.7858     YZ       1.7362     ZZ    -196.5483
    Octopole Moments (Debye-Ang^2)
       XXX       5.1614    XXY     -46.1758    XYY       3.2607
       YYY     -86.0598    XXZ      -1.0577    XYZ     -29.4142
       YYZ      -5.6417    XZZ      -1.5493    YZZ      18.6424
       ZZZ       7.0150
    Hexadecapole Moments (Debye-Ang^3)
      XXXX   -8267.3757   XXXY     -31.5611   XXYY   -1863.1774
      XYYY      -6.5692   YYYY   -4115.2806   XXXZ     369.3994
      XXYZ      13.1246   XYYZ      60.0372   YYYZ       9.4236
      XXZZ   -2074.7395   XYZZ      -3.0710   YYZZ   -1331.0944
      XZZZ     116.5129   YZZZ      10.3598   ZZZZ   -4043.3294
 -----------------------------------------------------------------
Archival summary:
1\1\vega03.cac.cornell.edu\SP\ProcedureUnspecified\BasisUnspecified\82428\jj585\MonApr202:52:152018MonApr202:52:152018\0\\#,ProcedureUnspecified,BasisUnspecified,\\0,1\O\C,1,1.35063\O,2,1.20668,1,123.512\C,1,1.43835,2,115.94,3,4.13325,0\H,4,1.08762,1,105.403,2,179.104,0\H,4,1.09103,1,110.475,2,-61.3232,0\H,4,1.0915,1,110.399,2,59.3962,0\C,2,1.49803,1,111.128,3,177.348,0\C,8,1.40604,2,118.266,1,-126.75,0\C,9,1.3959,8,117.481,2,177.84,0\H,10,1.08495,9,118.972,8,-179.641,0\C,10,1.38856,9,121.575,8,0.160349,0\H,12,1.08475,10,119.38,9,179.653,0\C,12,1.39616,10,121.629,9,-0.129654,0\C,14,1.40634,12,117.536,10,0.183585,0\C,15,1.49626,14,119.012,12,177.857,0\O,16,1.2069,15,125.54,14,47.3939,0\O,16,1.3512,15,110.928,14,-130.615,0\C,18,1.43752,16,116.164,15,-177.05,0\H,19,1.08772,18,105.376,16,179.706,0\H,19,1.09086,18,110.507,16,-60.681,0\H,19,1.09163,18,110.367,16,60.0909,0\C,14,1.50976,12,119.611,10,179.442,0\H,23,1.09144,14,110.135,12,-7.24194,0\H,23,1.09156,14,111.21,12,113.289,0\H,23,1.09291,14,111.796,12,-127.427,0\C,9,1.51138,8,122.941,2,-1.44272,0\H,27,1.09144,9,110.104,8,172.262,0\H,27,1.09164,9,111.284,8,-67.2422,0\H,27,1.09319,9,111.89,8,52.1865,0\H,5,2.51952,4,139.504,1,-30.8294,0\C,31,1.08772,5,139.348,4,91.6223,0\H,32,1.09086,31,110.694,5,-145.488,0\H,32,1.09163,31,110.757,5,93.3575,0\O,32,1.43752,31,105.376,5,-25.9979,0\C,35,1.3512,32,116.164,31,179.706,0\O,36,1.2069,35,123.501,32,4.8931,0\C,36,1.49626,35,110.928,32,-177.05,0\C,38,1.40634,36,119.012,35,-130.615,0\C,39,1.39616,38,117.536,36,177.857,0\H,40,1.08475,39,118.991,38,-179.6,0\C,40,1.38856,39,121.629,38,0.183585,0\H,42,1.08495,40,119.453,39,179.671,0\C,42,1.3959,40,121.575,39,-0.129654,0\C,44,1.40604,42,117.481,40,0.160349,0\C,45,1.49803,44,118.266,42,177.84,0\O,46,1.20668,45,125.302,44,50.5403,0\O,46,1.35063,45,111.128,44,-126.75,0\C,48,1.43835,46,115.94,45,-178.519,0\H,49,1.08762,48,105.403,46,179.104,0\H,49,1.09103,48,110.475,46,-61.3232,0\H,49,1.0915,48,110.399,46,59.3962,0\C,39,1.50976,38,122.848,36,-1.37569,0\H,53,1.09144,39,110.135,38,171.975,0\H,53,1.09156,39,111.21,38,-67.4939,0\H,53,1.09291,39,111.796,38,51.7903,0\C,44,1.51138,42,119.574,40,179.468,0\H,57,1.09144,44,110.104,42,-7.00566,0\H,57,1.09164,44,111.284,42,113.49,0\H,57,1.09319,44,111.89,42,-127.081,0\\\@

 Total job time:  2310.70s(wall), 4600.31s(cpu) 
 Mon Apr  2 02:52:15 2018

        *************************************************************
        *                                                           *
        *  Thank you very much for using Q-Chem.  Have a nice day.  *
        *                                                           *
        *************************************************************


0 sent ACK to 0 
now end server 0 ... 
