mFile = /opt/software/qchem/qchem-5.0.1//bin/mpi/machines
Process 0 of 1 is on vega03.cac.cornell.edu - thread support 0
initial socket setup ...start
initial socket setup ...done 
now start server 0 ... 
vega03 10.84.3
Q-Chem Developer Version! Running on 10.84.3.*
                  Welcome to Q-Chem
     A Quantum Leap Into The Future Of Chemistry


 Q-Chem 5.0, Q-Chem, Inc., Pleasanton, CA (2017)

 Yihan Shao,  Zhengting Gan,  E. Epifanovsky,  A. T. B. Gilbert,  M. Wormit,  
 J. Kussmann,  A. W. Lange,  A. Behn,  Jia Deng,  Xintian Feng,  D. Ghosh,  
 M. Goldey,  P. R. Horn,  L. D. Jacobson,  I. Kaliman,  T. Kus,  A. Landau,  
 Jie Liu,  E. I. Proynov,  R. M. Richard,  R. P. Steele,  E. J. Sundstrom,  
 H. L. Woodcock III,  P. M. Zimmerman,  D. Zuev,  B. Albrecht,  E. Alguire,  
 S. A. Baeppler,  Z. Benda,  Y. A. Bernard,  E. J. Berquist,  K. B. Bravaya,  
 D. Casanova,  Chun-Min Chang,  Yunqing Chen,  A. Chien,  K. D. Closser,  
 M. P. Coons,  S. Dasgupta,  M. Diedenhofen,  Hainam Do,  R. G. Edgar,  
 Po-Tung Fang,  S. Fatehi,  Qingguo Feng,  Qinghui Ge,  A. Ghysels,  
 J. Gomes,  J. Gonthier,  A. Gunina,  M. W. D. Hanson-Heine,  
 P. H. P. Harbach,  A. W. Hauser,  J. E. Herr,  E. G. Hohenstein,  
 Z. C. Holden,  Kerwin Hui,  T.-C. Jagau,  Hyunjun Ji,  B. Kaduk,  
 K. Khistyaev,  Jaehoon Kim,  P. Klunzinger,  K. Koh,  D. Kosenkov,  
 T. Kowalczyk,  C. M. Krauter,  A. Kunitsa,  Ka Un Lao,  A. Laurent,  
 K. V. Lawler,  Joonho Lee,  D. Lefrancois,  S. Lehtola,  D. S. Levine,  
 Yi-Pei Li,  You-Sheng Lin,  Fenglai Liu,  E. Livshits,  A. Luenser,  
 P. Manohar,  E. Mansoor,  S. F. Manzer,  Shan-Ping Mao,  Yuezhi Mao,  
 N. Mardirossian,  A. V. Marenich,  L. A. Martinez-Martinez,  S. A. Maurer,  
 N. J. Mayhall,  S. C. McKenzie,  J.-M. Mewes,  A. F. Morrison,  K. Nanda,  
 T. S. Nguyen-Beck,  R. Olivares-Amaya,  J. A. Parkhill,  T. M. Perrine,  
 F. Plasser,  S. Prager,  A. Prociuk,  D. R. Rehn,  F. Rob,  M. Schneider,  
 N. Sergueev,  S. M. Sharada,  S. Sharma,  D. W. Small,  T. Stauch,  
 T. Stein,  Yu-Chuan Su,  A. J. W. Thom,  T. Tsuchimochi,  L. Vogt,  
 O. Vydrov,  M. A. Watson,  J. Wenzel,  M. de Wergifosse,  T. A. Wesolowski,  
 A. White,  J. Witte,  A. Yamada,  Jun Yang,  K. Yao,  S. Yeganeh,  
 S. R. Yost,  Zhi-Qiang You,  A. Zech,  Igor Ying Zhang,  Xing Zhang,  
 Yan Zhao,  Ying Zhu,  B. R. Brooks,  G. K. L. Chan,  C. J. Cramer,  
 M. S. Gordon,  W. J. Hehre,  A. Klamt,  M. W. Schmidt,  C. D. Sherrill,  
 D. G. Truhlar,  A. Aspuru-Guzik,  R. Baer,  A. T. Bell,  N. A. Besley,  
 Jeng-Da Chai,  A. Dreuw,  B. D. Dunietz,  T. R. Furlani,  Chao-Ping Hsu,  
 Yousung Jung,  Jing Kong,  D. S. Lambrecht,  WanZhen Liang,  C. Ochsenfeld,  
 V. A. Rassolov,  L. V. Slipchenko,  J. E. Subotnik,  T. Van Voorhis,  
 J. M. Herbert,  A. I. Krylov,  P. M. W. Gill,  M. Head-Gordon

 Contributors to earlier versions of Q-Chem not listed above: 
 R. D. Adamson,  B. Austin,  J. Baker,  G. J. O. Beran,  K. Brandhorst,  
 S. T. Brown,  E. F. C. Byrd,  A. K. Chakraborty,  C.-L. Cheng,  
 Siu Hung Chien,  D. M. Chipman,  D. L. Crittenden,  H. Dachsel,  
 R. A. DiStasio Jr.,  R. J. Doerksen,  A. D. Dutoi,  L. Fusti-Molnar,  
 W. A. Goddard III,  A. Golubeva-Zadorozhnaya,  S. R. Gwaltney,  G. Hawkins,  
 A. Heyden,  S. Hirata,  G. Kedziora,  F. J. Keil,  C. Kelley,  Jihan Kim,  
 R. A. King,  R. Z. Khaliullin,  P. P. Korambath,  W. Kurlancheek,  
 A. M. Lee,  M. S. Lee,  S. V. Levchenko,  Ching Yeh Lin,  D. Liotard,  
 R. C. Lochan,  I. Lotan,  P. E. Maslen,  N. Nair,  D. P. O'Neill,  
 D. Neuhauser,  E. Neuscamman,  C. M. Oana,  R. Olson,  B. Peters,  
 R. Peverati,  P. A. Pieniazek,  Y. M. Rhee,  J. Ritchie,  M. A. Rohrdanz,  
 E. Rosta,  N. J. Russ,  H. F. Schaefer III,  N. E. Schultz,  N. Shenvi,  
 A. C. Simmonett,  A. Sodt,  D. Stuck,  K. S. Thanthiriwatte,  V. Vanovschi,  
 Tao Wang,  A. Warshel,  C. F. Williams,  Q. Wu,  X. Xu,  W. Zhang

 Please cite Q-Chem as follows:
 Y. Shao et al., Mol. Phys. 113, 184-215 (2015)
 DOI: 10.1080/00268976.2014.952696

 Q-Chem 5.0.1 for Intel X86 EM64T Linux

 Parts of Q-Chem use Armadillo 5.200.1 (Boston Tea Smuggler).
 http://arma.sourceforge.net/

 Q-Chem begins on Mon Apr  2 12:18:51 2018  

Host: vega03.cac.cornell.edu
0

     Scratch files written to /scratch/jj585/vdw/1111_distance_6.500_11.save//
 Parallel job on  1  processors

Checking the input file for inconsistencies... 	...done.

--------------------------------------------------------------
User input:
--------------------------------------------------------------
$molecule
0  1
--
0  1
C        +0.22270000        +1.04488000        +0.58595000
C        +0.62626000        -0.41353000        +0.99871000
C        -1.18200000        +1.23223000        +0.04377000
C        -0.37457000        -1.51643000        +0.72333000
O        -2.09172000        +0.78832000        +0.93966000
O        -1.47336000        +1.75939000        -0.99882000
O        -0.91364000        -1.42792000        -0.50620000
O        -0.62208000        -2.40877000        +1.49911000
C        -1.86134000        -2.44741000        -0.86560000
C        -3.47068000        +0.87492000        +0.53920000
C        +1.33008000        +1.39974000        -0.43491000
C        +2.63070000        +1.71700000        +0.32855000
C        +3.04336000        +0.29351000        +0.80300000
C        +1.94423000        -0.59299000        +0.15262000
O        +1.62840000        +0.13663000        -1.04376000
H        +0.27811000        +1.68786000        +1.46900000
H        +0.83923000        -0.48042000        +2.06408000
H        -2.68749000        -2.46677000        -0.15296000
H        -3.76076000        +1.91522000        +0.38406000
H        +3.37234000        +2.13782000        -0.35195000
H        +2.48236000        +2.42488000        +1.14651000
H        +4.02182000        +0.00994000        +0.41161000
H        +3.07359000        +0.18738000        +1.88928000
H        -2.21148000        -2.17765000        -1.85937000
H        -1.38062000        -3.42697000        -0.88096000
H        -4.03855000        +0.43623000        +1.35671000
H        -3.63120000        +0.31700000        -0.38495000
C        +0.90028000        +2.39077000        -1.49430000
C        +2.35450000        -2.01267000        -0.16812000
H        +3.26311000        -2.00678000        -0.77366000
H        +2.54990000        -2.57059000        +0.75079000
H        +1.57335000        -2.52896000        -0.72872000
H        +1.71845000        +2.58186000        -2.15686000
H        +0.59919000        +3.30478000        -1.02650000
H        +0.07925000        +1.98653000        -2.04874000
--
0  1
C        +0.25661000        +2.96556000        +6.79561000
C        +0.66017000        +1.50715000        +7.20837000
C        -1.14809000        +3.15291000        +6.25343000
C        -0.34066000        +0.40425000        +6.93299000
O        -2.05781000        +2.70900000        +7.14932000
O        -1.43945000        +3.68007000        +5.21084000
O        -0.87973000        +0.49276000        +5.70346000
O        -0.58817000        -0.48809000        +7.70877000
C        -1.82743000        -0.52673000        +5.34406000
C        -3.43677000        +2.79560000        +6.74886000
C        +1.36399000        +3.32042000        +5.77475000
C        +2.66461000        +3.63768000        +6.53821000
C        +3.07727000        +2.21419000        +7.01266000
C        +1.97814000        +1.32769000        +6.36228000
O        +1.66231000        +2.05731000        +5.16590000
H        +0.31202000        +3.60854000        +7.67866000
H        +0.87314000        +1.44026000        +8.27374000
H        -2.65358000        -0.54609000        +6.05670000
H        -3.72685000        +3.83590000        +6.59372000
H        +3.40625000        +4.05850000        +5.85771000
H        +2.51627000        +4.34556000        +7.35617000
H        +4.05573000        +1.93062000        +6.62127000
H        +3.10750000        +2.10806000        +8.09894000
H        -2.17757000        -0.25697000        +4.35029000
H        -1.34671000        -1.50629000        +5.32870000
H        -4.00464000        +2.35691000        +7.56637000
H        -3.59729000        +2.23768000        +5.82471000
C        +0.93419000        +4.31145000        +4.71536000
C        +2.38841000        -0.09199000        +6.04154000
H        +3.29702000        -0.08610000        +5.43600000
H        +2.58381000        -0.64991000        +6.96045000
H        +1.60726000        -0.60828000        +5.48094000
H        +1.75236000        +4.50254000        +4.05280000
H        +0.63310000        +5.22546000        +5.18316000
H        +0.11316000        +3.90721000        +4.16092000
$end

$rem
JOBTYPE                   SP
METHOD                    B3LYP
DFT_D                     d3_op
BASIS                     6-311++G(d,p)
SYMMETRY                  False
THRESH                    12
SCF_CONVERGENCE           8
MAX_SUB_FILE_NUM          128
MEM_STATIC                400
MEM_TOTAL                 4000
$end
--------------------------------------------------------------
 Adding empirical dispersion correction 
 ----------------------------------------------------------------
 Doing -D3(op) with
 s6 =   1.00000
 s8 =   0.78311
 a1 =   0.30000
 a2 =   4.25000
 n  =  10.00000
 -D3 energy without 3body term =     -0.0890227268 hartrees
 ----------------------------------------------------------------
             Standard Nuclear Orientation (Angstroms)
    I     Atom           X                Y                Z
 ----------------------------------------------------------------
    1      C      -2.4079236992     0.2496410792     0.8425719735
    2      C      -2.4814948353     0.3951659134    -0.7174283566
    3      C      -2.8717107092    -1.0733180354     1.4230218466
    4      C      -3.1032006793    -0.7469246117    -1.4939554452
    5      O      -2.1720790929    -2.0935587752     0.8781458121
    6      O      -3.6924075310    -1.2154022769     2.2925337892
    7      O      -4.2433913280    -1.1903431352    -0.9340270538
    8      O      -2.6562323094    -1.1769540106    -2.5306137671
    9      C      -4.9175549387    -2.2619704608    -1.6150423334
   10      C      -2.5337354462    -3.4154105197     1.3155370567
   11      C      -3.2530247131     1.4584197257     1.3105780458
   12      C      -2.4186498093     2.7440886243     1.1492973386
   13      C      -2.4225277144     2.9003049056    -0.3990231365
   14      C      -3.3307874769     1.7176922660    -0.8388579916
   15      O      -4.2324351918     1.5923423374     0.2723295855
   16      H      -1.3649825804     0.3512042443     1.1559879866
   17      H      -1.4922549985     0.5303623883    -1.1509836452
   18      H      -4.2547964778    -3.1225464276    -1.7195154382
   19      H      -2.3493401804    -3.5298122691     2.3848122980
   20      H      -2.9228958375     3.5820069068     1.6328555120
   21      H      -1.4180506080     2.6588225176     1.5778861168
   22      H      -2.8769861141     3.8444052847    -0.7041855290
   23      H      -1.4273986013     2.8479527003    -0.8452954333
   24      H      -5.7749495235    -2.5050942968    -0.9915741173
   25      H      -5.2425818931    -1.9398439814    -2.6057276779
   26      H      -1.9041687246    -4.0930672010     0.7431080058
   27      H      -3.5891103700    -3.6048571130     1.1120957191
   28      C      -3.9419546237     1.2531951568     2.6419060022
   29      C      -4.0866680001     1.9201724158    -2.1328183258
   30      H      -4.6516949160     2.8534783355    -2.0884318384
   31      H      -3.3936841741     1.9703209690    -2.9760917181
   32      H      -4.7888880341     1.1033701122    -2.3081581881
   33      H      -4.5022874397     2.1296583381     2.8923909674
   34      H      -3.2080716469     1.0706219464     3.3988664420
   35      H      -4.6027142590     0.4141753887     2.5759781234
   36      C       4.0898088528     0.2075461605     0.6760229803
   37      C       4.0162377167     0.3530709948    -0.8839773498
   38      C       3.6260218428    -1.1154129541     1.2564728534
   39      C       3.3945318726    -0.7890195303    -1.6605044384
   40      O       4.3256534590    -2.1356536939     0.7115968189
   41      O       2.8053250210    -1.2574971956     2.1259847960
   42      O       2.2543412239    -1.2324380539    -1.1005760470
   43      O       3.8415002426    -1.2190489293    -2.6971627603
   44      C       1.5801776132    -2.3040653795    -1.7815913267
   45      C       3.9639971057    -3.4575054384     1.1489880635
   46      C       3.2447078388     1.4163248070     1.1440290526
   47      C       4.0790827426     2.7019937057     0.9827483454
   48      C       4.0752048375     2.8582099869    -0.5655721297
   49      C       3.1669450750     1.6755973473    -1.0054069848
   50      O       2.2652973602     1.5502474188     0.1057805922
   51      H       5.1327499715     0.3091093256     0.9894389934
   52      H       5.0054775535     0.4882674696    -1.3175326384
   53      H       2.2429360741    -3.1646413463    -1.8860644314
   54      H       4.1483923716    -3.5719071878     2.2182633048
   55      H       3.5748367145     3.5399119881     1.4663065188
   56      H       5.0796819440     2.6167275989     1.4113371236
   57      H       3.6207464379     3.8023103660    -0.8707345222
   58      H       5.0703339507     2.8058577817    -1.0118444265
   59      H       0.7227830285    -2.5471892155    -1.1581231105
   60      H       1.2551506588    -1.9819389001    -2.7722766711
   61      H       4.5935638274    -4.1351621197     0.5765590126
   62      H       2.9086221820    -3.6469520317     0.9455467259
   63      C       2.5557779283     1.2111002381     2.4753570090
   64      C       2.4110645519     1.8780774971    -2.2993673190
   65      H       1.8460376359     2.8113834168    -2.2549808316
   66      H       3.1040483778     1.9282260504    -3.1426407113
   67      H       1.7088445179     1.0612751936    -2.4747071813
   68      H       1.9954451123     2.0875634194     2.7258419742
   69      H       3.2896609051     1.0285270277     3.2323174488
   70      H       1.8950182929     0.3720804701     2.4094291302
 ----------------------------------------------------------------
 Molecular Point Group                 C1    NOp =  1
 Largest Abelian Subgroup              C1    NOp =  1
 Nuclear Repulsion Energy =  4086.0561370853 hartrees
 There are      130 alpha and      130 beta electrons
 Requested basis set is 6-311++G(d,p)
 There are 384 shells and 1000 basis functions

 Total QAlloc Memory Limit   4000 MB
 Mega-Array Size       392 MB
 MEM_STATIC part       400 MB
 A cutoff of  1.0D-12 yielded  49903 shell pairs
 There are    331512 function pairs (    350663 Cartesian)
 
 -------------------------------------------------------
 OpenMP Integral Computing Module                       
 Release: version 1.0, May 2013, Q-Chem Inc. Pittsburgh 
 -------------------------------------------------------
 Integral Job Info:
 Integral job number is                      11
 Integral operator is                         1
 short-range coefficients                     0
 long-range coefficients              100000000
 Omega coefficients                           0
 if combine SR and LR in K                    0
 Integral screening is                        0
 Integral computing path is                   2
 max size of driver memory is            800000
 size of driver memory is                593474
 size of scratch memory is              2361544
 max col of scratch BK array               1296
 max len of scratch array in speh3          155
 max len of scratch index in speh4           18
 max int batch size is                      520
 min int batch size is                       52
 fixed nKL is                                52
 max L of basis functions is                  2
 order of int derivative is                   0
 number of shells is                        384
 number of basis is                        1034
 number of cartesian basis is              1034
 number of contracted shell pairs         49903
 number of primitive shell pairs         103689
 maxK2 (contraction) of shell pair           36
 max number of K2 of shell pair               1
 max number of CS2 of shell pair          10366
 max number of PS2 of shell pair          15978
 mem total for path MDJ                  546824
 -------------------------------------------------------
 Smallest overlap matrix eigenvalue = 2.67E-07
 Linear dependence detected in AO basis
 Number of orthogonalized atomic orbitals = 998
 Maximum deviation from orthogonality = 2.827E-10

 Scale SEOQF with 1.000000e-02/1.000000e-01/1.000000e-01

 Standard Electronic Orientation quadrupole field applied
 Nucleus-field energy     =     0.0000000088 hartrees
 Guess from superposition of atomic densities
 Warning:  Energy on first SCF cycle will be non-variational
 A restricted hybrid HF-DFT SCF calculation will be
 performed using Pulay DIIS extrapolation
 Exchange:     0.2000 Hartree-Fock + 0.0800 Slater + 0.7200 B88
 Correlation:  0.1900 VWN1RPA + 0.8100 LYP
 Using SG-1 standard quadrature grid
 Dispersion:   Grimme D3
 SCF converges when DIIS error is below 1.0E-08
 using 2 threads for integral computing
 -------------------------------------------------------
 OpenMP Integral computing Module                
 Release: version 1.0, May 2013, Q-Chem Inc. Pittsburgh 
 -------------------------------------------------------
 -------------------------------------------------------
 OpenMP BLAS3 based DFT computing Module                
 Release: version 1.0, May 2013, Q-Chem Inc. Pittsburgh 
 -------------------------------------------------------
 ---------------------------------------
  Cycle       Energy         DIIS Error
 ---------------------------------------
    1   -1696.1127960763      2.01E-02
    2   -1688.3052361220      2.64E-03
    3   -1687.3471165970      4.21E-03
    4   -1688.9283659160      1.06E-03
    5   -1689.0347313221      2.34E-04
    6   -1689.0385247827      1.13E-04
    7   -1689.0396564079      2.13E-05
    8   -1689.0396893800      9.80E-06
    9   -1689.0396978181      2.62E-06
   10   -1689.0396983387      1.10E-06
   11   -1689.0396984511      2.79E-07
   12   -1689.0396984579      9.20E-08
   13   -1689.0396984584      2.80E-08
   14   -1689.0396984586      1.08E-08
   15   -1689.0396984598      5.11E-09 Convergence criterion met
 ---------------------------------------
 SCF time:  CPU 6671.79 s  wall 3350.90 s
 SCF   energy in the final basis set = -1689.03969846
 Total energy in the final basis set = -1689.03969846
 
 --------------------------------------------------------------
 
                    Orbital Energies (a.u.)
 --------------------------------------------------------------
 
 Alpha MOs
 -- Occupied --
-19.178 -19.173 -19.173 -19.172 -19.129 -19.120 -19.119 -19.116
-19.115 -19.113 -10.313 -10.307 -10.306 -10.304 -10.246 -10.238
-10.235 -10.234 -10.231 -10.230 -10.227 -10.226 -10.207 -10.205
-10.198 -10.198 -10.181 -10.178 -10.172 -10.171 -10.168 -10.165
-10.141 -10.132  -1.122  -1.118  -1.114  -1.111  -1.065  -1.056
 -1.036  -1.030  -1.027  -1.026  -0.835  -0.827  -0.807  -0.799
 -0.786  -0.778  -0.748  -0.745  -0.731  -0.727  -0.724  -0.717
 -0.677  -0.670  -0.647  -0.639  -0.605  -0.599  -0.582  -0.575
 -0.570  -0.567  -0.563  -0.557  -0.527  -0.520  -0.516  -0.511
 -0.510  -0.503  -0.495  -0.491  -0.490  -0.486  -0.481  -0.477
 -0.476  -0.473  -0.473  -0.468  -0.461  -0.454  -0.444  -0.439
 -0.437  -0.434  -0.431  -0.430  -0.417  -0.412  -0.410  -0.408
 -0.406  -0.402  -0.399  -0.396  -0.396  -0.392  -0.376  -0.373
 -0.371  -0.369  -0.368  -0.361  -0.360  -0.357  -0.353  -0.353
 -0.350  -0.349  -0.344  -0.340  -0.337  -0.332  -0.329  -0.324
 -0.322  -0.318  -0.313  -0.311  -0.285  -0.282  -0.276  -0.273
 -0.267  -0.266
 -- Virtual --
 -0.023  -0.017  -0.014  -0.011  -0.006  -0.001   0.000   0.004
  0.005   0.008   0.012   0.014   0.016   0.016   0.021   0.027
  0.030   0.031   0.034   0.035   0.039   0.039   0.041   0.044
  0.046   0.048   0.050   0.053   0.057   0.060   0.061   0.064
  0.065   0.069   0.071   0.072   0.078   0.079   0.082   0.083
  0.086   0.088   0.089   0.093   0.094   0.095   0.097   0.100
  0.103   0.105   0.106   0.108   0.110   0.113   0.114   0.116
  0.118   0.118   0.120   0.121   0.123   0.125   0.127   0.130
  0.131   0.132   0.132   0.135   0.136   0.137   0.139   0.140
  0.142   0.142   0.144   0.145   0.147   0.147   0.149   0.152
  0.155   0.155   0.157   0.157   0.159   0.161   0.163   0.165
  0.165   0.166   0.168   0.169   0.170   0.172   0.174   0.175
  0.176   0.179   0.181   0.183   0.184   0.185   0.185   0.188
  0.189   0.192   0.192   0.193   0.196   0.199   0.200   0.205
  0.206   0.207   0.208   0.209   0.211   0.213   0.214   0.215
  0.216   0.218   0.221   0.222   0.223   0.226   0.226   0.228
  0.229   0.232   0.233   0.236   0.238   0.241   0.241   0.243
  0.245   0.247   0.249   0.252   0.254   0.256   0.259   0.265
  0.266   0.268   0.269   0.272   0.274   0.276   0.279   0.281
  0.283   0.286   0.288   0.289   0.292   0.293   0.293   0.298
  0.299   0.302   0.303   0.306   0.307   0.310   0.311   0.314
  0.316   0.318   0.321   0.324   0.328   0.329   0.330   0.331
  0.340   0.340   0.343   0.345   0.348   0.351   0.352   0.354
  0.355   0.358   0.360   0.362   0.365   0.365   0.367   0.370
  0.371   0.372   0.377   0.378   0.379   0.383   0.385   0.387
  0.388   0.390   0.393   0.394   0.395   0.397   0.399   0.401
  0.403   0.405   0.405   0.412   0.412   0.415   0.420   0.426
  0.430   0.430   0.435   0.436   0.439   0.442   0.446   0.448
  0.450   0.456   0.458   0.460   0.470   0.475   0.481   0.485
  0.487   0.490   0.493   0.495   0.505   0.510   0.512   0.518
  0.519   0.523   0.527   0.530   0.532   0.537   0.538   0.542
  0.549   0.551   0.552   0.558   0.563   0.567   0.571   0.577
  0.580   0.582   0.586   0.586   0.591   0.596   0.599   0.605
  0.606   0.611   0.612   0.620   0.622   0.624   0.628   0.631
  0.634   0.635   0.639   0.642   0.649   0.650   0.656   0.657
  0.662   0.664   0.666   0.669   0.670   0.679   0.681   0.685
  0.686   0.687   0.690   0.693   0.697   0.700   0.704   0.705
  0.707   0.711   0.713   0.716   0.718   0.725   0.728   0.731
  0.733   0.733   0.740   0.741   0.743   0.747   0.749   0.756
  0.757   0.760   0.763   0.765   0.767   0.769   0.771   0.774
  0.780   0.781   0.784   0.789   0.793   0.794   0.805   0.805
  0.810   0.818   0.819   0.823   0.827   0.830   0.839   0.844
  0.847   0.854   0.860   0.863   0.867   0.869   0.880   0.883
  0.888   0.892   0.902   0.906   0.916   0.925   0.934   0.948
  0.951   0.973   0.975   0.986   0.991   1.003   1.007   1.017
  1.024   1.040   1.043   1.054   1.057   1.068   1.078   1.079
  1.089   1.091   1.101   1.105   1.110   1.118   1.125   1.133
  1.144   1.148   1.160   1.165   1.167   1.172   1.180   1.184
  1.189   1.197   1.199   1.207   1.212   1.217   1.221   1.230
  1.238   1.238   1.246   1.250   1.256   1.262   1.275   1.276
  1.277   1.279   1.284   1.287   1.291   1.293   1.297   1.305
  1.309   1.319   1.322   1.330   1.334   1.344   1.354   1.361
  1.368   1.376   1.382   1.389   1.395   1.399   1.400   1.407
  1.411   1.417   1.426   1.433   1.441   1.444   1.450   1.457
  1.467   1.472   1.475   1.477   1.480   1.486   1.487   1.493
  1.497   1.504   1.515   1.521   1.524   1.533   1.537   1.546
  1.548   1.555   1.558   1.563   1.568   1.571   1.574   1.577
  1.579   1.586   1.590   1.594   1.595   1.598   1.601   1.605
  1.610   1.612   1.622   1.625   1.626   1.628   1.633   1.634
  1.640   1.646   1.649   1.654   1.656   1.660   1.660   1.669
  1.675   1.677   1.684   1.688   1.699   1.701   1.703   1.708
  1.710   1.714   1.716   1.721   1.724   1.727   1.729   1.731
  1.733   1.736   1.740   1.741   1.749   1.751   1.758   1.765
  1.766   1.769   1.772   1.775   1.782   1.789   1.801   1.807
  1.810   1.815   1.820   1.824   1.827   1.836   1.840   1.843
  1.849   1.850   1.855   1.857   1.867   1.875   1.877   1.881
  1.890   1.893   1.901   1.902   1.914   1.921   1.936   1.947
  1.949   1.955   1.964   1.966   1.985   1.995   2.004   2.005
  2.009   2.014   2.021   2.029   2.033   2.038   2.047   2.050
  2.053   2.057   2.065   2.067   2.075   2.081   2.093   2.100
  2.108   2.114   2.123   2.128   2.133   2.138   2.142   2.145
  2.152   2.155   2.161   2.166   2.171   2.177   2.194   2.198
  2.203   2.206   2.209   2.211   2.230   2.233   2.238   2.243
  2.256   2.267   2.270   2.278   2.290   2.295   2.312   2.325
  2.326   2.332   2.389   2.396   2.405   2.414   2.422   2.427
  2.432   2.442   2.457   2.464   2.467   2.475   2.482   2.486
  2.497   2.504   2.506   2.509   2.514   2.515   2.520   2.528
  2.530   2.538   2.539   2.541   2.546   2.558   2.560   2.568
  2.572   2.575   2.580   2.590   2.595   2.597   2.603   2.610
  2.612   2.619   2.622   2.625   2.629   2.630   2.636   2.658
  2.659   2.662   2.664   2.671   2.675   2.684   2.694   2.695
  2.700   2.710   2.714   2.722   2.728   2.728   2.737   2.744
  2.746   2.762   2.770   2.780   2.794   2.797   2.804   2.818
  2.824   2.836   2.844   2.847   2.859   2.860   2.866   2.875
  2.879   2.886   2.888   2.895   2.900   2.910   2.914   2.921
  2.935   2.945   2.954   2.967   2.977   2.986   2.990   2.998
  3.006   3.019   3.021   3.022   3.026   3.039   3.041   3.053
  3.055   3.058   3.067   3.068   3.083   3.088   3.092   3.092
  3.098   3.110   3.115   3.123   3.127   3.133   3.135   3.140
  3.153   3.157   3.169   3.172   3.180   3.183   3.208   3.216
  3.223   3.227   3.242   3.245   3.249   3.255   3.268   3.273
  3.287   3.293   3.315   3.331   3.348   3.354   3.360   3.367
  3.384   3.388   3.394   3.399   3.403   3.410   3.414   3.423
  3.545   3.554   3.599   3.607   3.611   3.612   3.670   3.687
  3.708   3.715   3.717   3.726   3.742   3.750   3.781   3.786
  3.791   3.797   3.828   3.830   3.831   3.839   3.847   3.855
  3.865   3.880   3.903   3.907   3.916   3.922   3.966   3.976
  4.001   4.008   4.061   4.072   4.085   4.092   4.097   4.103
  4.135   4.136   4.151   4.152   4.163   4.167   4.183   4.186
  4.205   4.208   4.259   4.264   4.288   4.289   4.318   4.322
  4.465   4.475   4.526   4.535   5.060   5.073   5.132   5.144
  5.182   5.193   5.210   5.219   5.250   5.262   5.273   5.286
  5.342   5.347   5.425   5.442   5.452   5.456   5.546   5.571
  5.641   5.644   5.650   5.655   5.699   5.711   5.908   5.920
  5.929   5.933  23.789  23.795  23.858  23.861  23.865  23.878
 23.901  23.907  23.916  23.929  23.935  23.947  23.955  23.957
 23.962  23.968  23.973  23.986  23.993  24.003  24.025  24.035
 24.088  24.098  49.925  49.935  49.949  49.955  50.008  50.013
 50.052  50.054  50.060  50.065
 --------------------------------------------------------------
 
          Ground-State Mulliken Net Atomic Charges

     Atom                 Charge (a.u.)
  ----------------------------------------
      1 C                     0.549480
      2 C                     1.018068
      3 C                    -1.043081
      4 C                    -1.258420
      5 O                     0.060546
      6 O                    -0.126559
      7 O                     0.010045
      8 O                    -0.098058
      9 C                    -0.185790
     10 C                    -0.224659
     11 C                    -0.767447
     12 C                    -0.231276
     13 C                    -0.530846
     14 C                    -0.535757
     15 O                     0.082549
     16 H                     0.248520
     17 H                     0.379405
     18 H                     0.194013
     19 H                     0.180905
     20 H                     0.192725
     21 H                     0.133662
     22 H                     0.186152
     23 H                     0.090650
     24 H                     0.173310
     25 H                     0.177320
     26 H                     0.143390
     27 H                     0.184248
     28 C                    -0.108424
     29 C                     0.090724
     30 H                     0.175209
     31 H                     0.164885
     32 H                     0.176698
     33 H                     0.140182
     34 H                     0.156308
     35 H                     0.198745
     36 C                     0.336914
     37 C                     0.835070
     38 C                    -0.826593
     39 C                    -1.144430
     40 O                     0.016218
     41 O                    -0.079371
     42 O                     0.025697
     43 O                    -0.103748
     44 C                    -0.249942
     45 C                    -0.177941
     46 C                    -0.512881
     47 C                    -0.490825
     48 C                    -0.382690
     49 C                    -0.734340
     50 O                     0.242385
     51 H                     0.272642
     52 H                     0.284747
     53 H                     0.202688
     54 H                     0.169614
     55 H                     0.174106
     56 H                     0.145622
     57 H                     0.166070
     58 H                     0.146378
     59 H                     0.141708
     60 H                     0.193617
     61 H                     0.166410
     62 H                     0.178971
     63 C                    -0.091084
     64 C                     0.053382
     65 H                     0.188608
     66 H                     0.184415
     67 H                     0.199768
     68 H                     0.127932
     69 H                     0.173261
     70 H                     0.170199
  ----------------------------------------
  Sum of atomic charges =     0.000000

 -----------------------------------------------------------------
                    Cartesian Multipole Moments
 -----------------------------------------------------------------
    Charge (ESU x 10^10)
                 0.0000
    Dipole Moment (Debye)
         X       2.3578      Y      -0.5788      Z       0.4908
       Tot       2.4769
    Quadrupole Moments (Debye-Ang)
        XX    -203.3375     XY      11.0316     YY    -179.4968
        XZ      18.0365     YZ      -6.1018     ZZ    -220.1802
    Octopole Moments (Debye-Ang^2)
       XXX      64.1131    XXY     -33.4118    XYY      -3.4334
       YYY    -115.2731    XXZ      -3.5554    XYZ     -26.7728
       YYZ       5.3549    XZZ     -15.6804    YZZ      18.8082
       ZZZ      21.3058
    Hexadecapole Moments (Debye-Ang^3)
      XXXX  -14029.1135   XXXY     396.9362   XXYY   -2873.0733
      XYYY     -61.6373   YYYY   -4410.8251   XXXZ     600.0133
      XXYZ     -64.7070   XYYZ      55.3069   YYYZ     -63.3103
      XXZZ   -3083.6320   XYZZ      17.7363   YYZZ   -1336.8606
      XZZZ     121.1031   YZZZ     -59.7935   ZZZZ   -3536.9313
 -----------------------------------------------------------------
Archival summary:
1\1\vega03.cac.cornell.edu\SP\ProcedureUnspecified\BasisUnspecified\102436\jj585\MonApr213:14:462018MonApr213:14:462018\0\\#,ProcedureUnspecified,BasisUnspecified,\\0,1\O\C,1,1.43358\C,1,1.43646,2,98.0224\C,3,1.51218,1,111.091,2,-178.393,0\H,4,1.09134,3,111.033,1,-57.0184,0\H,4,1.09192,3,109.775,1,62.6469,0\H,4,1.09264,3,110.458,1,-177.522,0\C,2,1.513,1,109.807,3,-177.944,0\H,8,1.07,2,109.471,1,-64.7983,0\H,8,1.07,2,109.471,1,55.2018,0\H,8,1.07,2,109.471,1,175.202,0\C,2,1.54115,1,102.483,3,57.1986,0\H,12,1.09096,2,110.128,1,81.1589,0\H,12,1.09186,2,112.95,1,-157.962,0\C,2,1.54738,1,103.124,3,-55.9256,0\H,15,1.09374,2,111.197,1,147.786,0\C,15,1.51731,2,113.483,1,-93.8005,0\O,17,1.20407,15,125.979,2,-9.23641,0\O,17,1.35176,15,110.223,2,174.335,0\C,19,1.43854,17,116.158,15,-178.482,0\H,20,1.08777,19,105.482,17,177.492,0\H,20,1.09107,19,110.6,17,-62.8398,0\H,20,1.09137,19,110.239,17,57.9539,0\C,3,1.55466,1,102.371,2,-54.4128,0\H,24,1.09132,3,109.614,1,-87.4148,0\H,24,1.09187,3,112.355,1,152.676,0\C,15,1.5685,2,101.696,1,32.1918,0\H,27,1.08851,15,111.41,2,119.274,0\C,27,1.51456,15,117.337,2,-119.387,0\O,29,1.20804,27,123.816,15,-137.891,0\O,29,1.34543,27,112.521,15,44.9607,0\C,31,1.43759,29,116.484,27,179.042,0\H,32,1.08763,31,105.353,29,177.393,0\H,32,1.09122,31,110.39,29,57.5626,0\H,32,1.09127,31,110.468,29,-63.158,0\H,10,3.49273,8,127.098,2,-83.0473,0\C,36,1.09374,10,173.417,8,-151.181,0\C,37,1.51731,36,105.237,10,-12.8135,0\O,38,1.20407,37,125.979,36,112.562,0\O,38,1.35176,37,110.223,36,-63.8664,0\C,40,1.43854,38,116.158,37,-178.482,0\H,41,1.08777,40,105.482,38,177.492,0\H,41,1.09107,40,110.6,38,-62.8398,0\H,41,1.09137,40,110.239,38,57.9539,0\C,37,1.54738,36,111.197,10,110.457,0\O,45,1.43358,37,103.124,36,147.786,0\C,46,1.43646,45,98.0224,37,-55.9256,0\C,47,1.51218,46,111.091,45,-178.393,0\H,48,1.09134,47,111.033,46,-57.0184,0\H,48,1.09192,47,109.775,46,62.6469,0\H,48,1.09264,47,110.458,46,-177.522,0\C,45,1.513,37,114.133,36,-93.1535,0\H,52,1.07,45,109.471,37,180,0\H,52,1.07,45,109.471,37,-60.0002,0\H,52,1.07,45,109.471,37,60.0002,0\C,45,1.54115,37,108.926,36,39.451,0\H,56,1.09096,45,110.128,37,-170.072,0\H,56,1.09186,45,112.95,37,-49.1929,0\C,47,1.55466,46,102.371,45,-54.4128,0\H,59,1.09132,47,109.614,46,-87.4148,0\H,59,1.09187,47,112.355,46,152.676,0\C,37,1.5685,36,108.73,10,-138.376,0\H,62,1.08851,37,111.41,36,1.88124,0\C,62,1.51456,37,117.337,36,123.22,0\O,64,1.20804,62,123.816,37,-137.891,0\O,64,1.34543,62,112.521,37,44.9607,0\C,66,1.43759,64,116.484,62,179.042,0\H,67,1.08763,66,105.353,64,177.393,0\H,67,1.09122,66,110.39,64,57.5626,0\H,67,1.09127,66,110.468,64,-63.158,0\\\@

 Total job time:  3354.13s(wall), 6675.69s(cpu) 
 Mon Apr  2 13:14:46 2018

        *************************************************************
        *                                                           *
        *  Thank you very much for using Q-Chem.  Have a nice day.  *
        *                                                           *
        *************************************************************


0 sent ACK to 0 
now end server 0 ... 
