mFile = /opt/software/qchem/qchem-5.0.1//bin/mpi/machines
Process 0 of 1 is on vega03.cac.cornell.edu - thread support 0
initial socket setup ...start
initial socket setup ...done 
now start server 0 ... 
vega03 10.84.3
Q-Chem Developer Version! Running on 10.84.3.*
                  Welcome to Q-Chem
     A Quantum Leap Into The Future Of Chemistry


 Q-Chem 5.0, Q-Chem, Inc., Pleasanton, CA (2017)

 Yihan Shao,  Zhengting Gan,  E. Epifanovsky,  A. T. B. Gilbert,  M. Wormit,  
 J. Kussmann,  A. W. Lange,  A. Behn,  Jia Deng,  Xintian Feng,  D. Ghosh,  
 M. Goldey,  P. R. Horn,  L. D. Jacobson,  I. Kaliman,  T. Kus,  A. Landau,  
 Jie Liu,  E. I. Proynov,  R. M. Richard,  R. P. Steele,  E. J. Sundstrom,  
 H. L. Woodcock III,  P. M. Zimmerman,  D. Zuev,  B. Albrecht,  E. Alguire,  
 S. A. Baeppler,  Z. Benda,  Y. A. Bernard,  E. J. Berquist,  K. B. Bravaya,  
 D. Casanova,  Chun-Min Chang,  Yunqing Chen,  A. Chien,  K. D. Closser,  
 M. P. Coons,  S. Dasgupta,  M. Diedenhofen,  Hainam Do,  R. G. Edgar,  
 Po-Tung Fang,  S. Fatehi,  Qingguo Feng,  Qinghui Ge,  A. Ghysels,  
 J. Gomes,  J. Gonthier,  A. Gunina,  M. W. D. Hanson-Heine,  
 P. H. P. Harbach,  A. W. Hauser,  J. E. Herr,  E. G. Hohenstein,  
 Z. C. Holden,  Kerwin Hui,  T.-C. Jagau,  Hyunjun Ji,  B. Kaduk,  
 K. Khistyaev,  Jaehoon Kim,  P. Klunzinger,  K. Koh,  D. Kosenkov,  
 T. Kowalczyk,  C. M. Krauter,  A. Kunitsa,  Ka Un Lao,  A. Laurent,  
 K. V. Lawler,  Joonho Lee,  D. Lefrancois,  S. Lehtola,  D. S. Levine,  
 Yi-Pei Li,  You-Sheng Lin,  Fenglai Liu,  E. Livshits,  A. Luenser,  
 P. Manohar,  E. Mansoor,  S. F. Manzer,  Shan-Ping Mao,  Yuezhi Mao,  
 N. Mardirossian,  A. V. Marenich,  L. A. Martinez-Martinez,  S. A. Maurer,  
 N. J. Mayhall,  S. C. McKenzie,  J.-M. Mewes,  A. F. Morrison,  K. Nanda,  
 T. S. Nguyen-Beck,  R. Olivares-Amaya,  J. A. Parkhill,  T. M. Perrine,  
 F. Plasser,  S. Prager,  A. Prociuk,  D. R. Rehn,  F. Rob,  M. Schneider,  
 N. Sergueev,  S. M. Sharada,  S. Sharma,  D. W. Small,  T. Stauch,  
 T. Stein,  Yu-Chuan Su,  A. J. W. Thom,  T. Tsuchimochi,  L. Vogt,  
 O. Vydrov,  M. A. Watson,  J. Wenzel,  M. de Wergifosse,  T. A. Wesolowski,  
 A. White,  J. Witte,  A. Yamada,  Jun Yang,  K. Yao,  S. Yeganeh,  
 S. R. Yost,  Zhi-Qiang You,  A. Zech,  Igor Ying Zhang,  Xing Zhang,  
 Yan Zhao,  Ying Zhu,  B. R. Brooks,  G. K. L. Chan,  C. J. Cramer,  
 M. S. Gordon,  W. J. Hehre,  A. Klamt,  M. W. Schmidt,  C. D. Sherrill,  
 D. G. Truhlar,  A. Aspuru-Guzik,  R. Baer,  A. T. Bell,  N. A. Besley,  
 Jeng-Da Chai,  A. Dreuw,  B. D. Dunietz,  T. R. Furlani,  Chao-Ping Hsu,  
 Yousung Jung,  Jing Kong,  D. S. Lambrecht,  WanZhen Liang,  C. Ochsenfeld,  
 V. A. Rassolov,  L. V. Slipchenko,  J. E. Subotnik,  T. Van Voorhis,  
 J. M. Herbert,  A. I. Krylov,  P. M. W. Gill,  M. Head-Gordon

 Contributors to earlier versions of Q-Chem not listed above: 
 R. D. Adamson,  B. Austin,  J. Baker,  G. J. O. Beran,  K. Brandhorst,  
 S. T. Brown,  E. F. C. Byrd,  A. K. Chakraborty,  C.-L. Cheng,  
 Siu Hung Chien,  D. M. Chipman,  D. L. Crittenden,  H. Dachsel,  
 R. A. DiStasio Jr.,  R. J. Doerksen,  A. D. Dutoi,  L. Fusti-Molnar,  
 W. A. Goddard III,  A. Golubeva-Zadorozhnaya,  S. R. Gwaltney,  G. Hawkins,  
 A. Heyden,  S. Hirata,  G. Kedziora,  F. J. Keil,  C. Kelley,  Jihan Kim,  
 R. A. King,  R. Z. Khaliullin,  P. P. Korambath,  W. Kurlancheek,  
 A. M. Lee,  M. S. Lee,  S. V. Levchenko,  Ching Yeh Lin,  D. Liotard,  
 R. C. Lochan,  I. Lotan,  P. E. Maslen,  N. Nair,  D. P. O'Neill,  
 D. Neuhauser,  E. Neuscamman,  C. M. Oana,  R. Olson,  B. Peters,  
 R. Peverati,  P. A. Pieniazek,  Y. M. Rhee,  J. Ritchie,  M. A. Rohrdanz,  
 E. Rosta,  N. J. Russ,  H. F. Schaefer III,  N. E. Schultz,  N. Shenvi,  
 A. C. Simmonett,  A. Sodt,  D. Stuck,  K. S. Thanthiriwatte,  V. Vanovschi,  
 Tao Wang,  A. Warshel,  C. F. Williams,  Q. Wu,  X. Xu,  W. Zhang

 Please cite Q-Chem as follows:
 Y. Shao et al., Mol. Phys. 113, 184-215 (2015)
 DOI: 10.1080/00268976.2014.952696

 Q-Chem 5.0.1 for Intel X86 EM64T Linux

 Parts of Q-Chem use Armadillo 5.200.1 (Boston Tea Smuggler).
 http://arma.sourceforge.net/

 Q-Chem begins on Mon Apr  2 17:02:17 2018  

Host: vega03.cac.cornell.edu
0

     Scratch files written to /scratch/jj585/vdw/11n01_distance_6.500_11.save//
 Parallel job on  1  processors

Checking the input file for inconsistencies... 	...done.

--------------------------------------------------------------
User input:
--------------------------------------------------------------
$molecule
0  1
--
0  1
C        -0.54444000        -0.68370000        -0.06689000
C        -0.55709000        +0.71878000        +0.05493000
C        +0.74969000        -1.43776000        -0.09374000
C        +0.72843000        +1.48436000        +0.06598000
O        +1.53645000        -1.09176000        +0.94813000
O        +1.04702000        -2.28405000        -0.90088000
O        +1.53784000        +1.08301000        -0.93877000
O        +1.01035000        +2.37097000        +0.83478000
C        +2.83449000        +1.70121000        -0.99358000
C        +2.82316000        -1.73208000        +1.00475000
C        -1.74320000        -1.41616000        -0.12552000
C        -2.93952000        -0.70056000        -0.05285000
C        -2.95313000        +0.68255000        +0.06934000
C        -1.77161000        +1.42404000        +0.12810000
H        +2.73835000        +2.77989000        -1.12464000
H        +2.70778000        -2.81319000        +1.09555000
H        -3.90354000        +1.20325000        +0.11710000
H        +3.38998000        +1.50093000        -0.07544000
H        +3.33184000        +1.25269000        -1.85067000
H        +3.31095000        -1.32281000        +1.88650000
H        +3.39889000        -1.50934000        +0.10459000
H        -3.87892000        -1.24211000        -0.08988000
C        -1.83960000        +2.92746000        +0.24839000
H        -1.24214000        +3.42352000        -0.52065000
H        -1.45503000        +3.26427000        +1.21284000
H        -2.87211000        +3.26623000        +0.14638000
H        -1.73878000        -2.44393000        -0.21875000
--
0  1
C        -0.49971000        -1.25045000        +6.40820000
C        -0.51236000        +0.15203000        +6.53002000
C        +0.79442000        -2.00451000        +6.38135000
C        +0.77316000        +0.91761000        +6.54107000
O        +1.58118000        -1.65851000        +7.42322000
O        +1.09175000        -2.85080000        +5.57421000
O        +1.58257000        +0.51626000        +5.53632000
O        +1.05508000        +1.80422000        +7.30987000
C        +2.87922000        +1.13446000        +5.48151000
C        +2.86789000        -2.29883000        +7.47984000
C        -1.69847000        -1.98291000        +6.34957000
C        -2.89479000        -1.26731000        +6.42224000
C        -2.90840000        +0.11580000        +6.54443000
C        -1.72688000        +0.85729000        +6.60319000
H        +2.78308000        +2.21314000        +5.35045000
H        +2.75251000        -3.37994000        +7.57064000
H        -3.85881000        +0.63650000        +6.59219000
H        +3.43471000        +0.93418000        +6.39965000
H        +3.37657000        +0.68594000        +4.62442000
H        +3.35568000        -1.88956000        +8.36159000
H        +3.44362000        -2.07609000        +6.57968000
H        -3.83419000        -1.80886000        +6.38521000
C        -1.79487000        +2.36071000        +6.72348000
H        -1.19741000        +2.85677000        +5.95444000
H        -1.41030000        +2.69752000        +7.68793000
H        -2.82738000        +2.69948000        +6.62147000
H        -1.69405000        -3.01068000        +6.25634000
$end

$rem
JOBTYPE                   SP
METHOD                    B3LYP
DFT_D                     d3_op
BASIS                     6-311++G(d,p)
SYMMETRY                  False
THRESH                    12
SCF_CONVERGENCE           8
MAX_SUB_FILE_NUM          128
MEM_STATIC                400
MEM_TOTAL                 4000
$end
--------------------------------------------------------------
 Adding empirical dispersion correction 
 ----------------------------------------------------------------
 Doing -D3(op) with
 s6 =   1.00000
 s8 =   0.78311
 a1 =   0.30000
 a2 =   4.25000
 n  =  10.00000
 -D3 energy without 3body term =     -0.0600297077 hartrees
 ----------------------------------------------------------------
             Standard Nuclear Orientation (Angstroms)
    I     Atom           X                Y                Z
 ----------------------------------------------------------------
    1      C      -3.2296898499     0.2557450852     1.1842038258
    2      C      -3.2732924683     0.7598897138    -0.1295264701
    3      C      -3.1535564738    -1.2190663215     1.4356693039
    4      C      -3.3377892415    -0.1782724114    -1.2933514151
    5      O      -2.1507577664    -1.7825005962     0.7277590236
    6      O      -3.8525505093    -1.8323250494     2.2046998258
    7      O      -4.2794925315    -1.1271177743    -1.0967901677
    8      O      -2.6751563452    -0.0955489412    -2.2986792674
    9      C      -4.3919876245    -2.1301648868    -2.1203711087
   10      C      -2.0051532470    -3.2066547610     0.8671232573
   11      C      -3.2153606323     1.1216781611     2.2918658896
   12      C      -3.2403962967     2.4939054640     2.0370889754
   13      C      -3.2813711203     2.9922555221     0.7416827905
   14      C      -3.2968216206     2.1456058497    -0.3683601287
   15      H      -4.6496744929    -1.6730343378    -3.0767179625
   16      H      -1.7895127076    -3.4685828493     1.9040653245
   17      H      -3.3055585982     4.0653346888     0.5848237982
   18      H      -3.4505800464    -2.6726621658    -2.2257786623
   19      H      -5.1849971456    -2.7954853467    -1.7862826983
   20      H      -1.1721019111    -3.4763715205     0.2219857364
   21      H      -2.9187637970    -3.7149737936     0.5536050120
   22      H      -3.2241174637     3.1841874275     2.8739675770
   23      C      -3.3543935348     2.7364855550    -1.7564922078
   24      H      -4.1696005044     2.3092735985    -2.3458851479
   25      H      -2.4318696025     2.5425864271    -2.3068117387
   26      H      -3.5068909711     3.8157143399    -1.6994149373
   27      H      -3.1873914633     0.7565686296     3.2567157732
   28      C       3.2672844880     0.3502713029     1.0098877592
   29      C       3.2236818695     0.8544159314    -0.3038425367
   30      C       3.3434178640    -1.1245401039     1.2613532373
   31      C       3.1591850963    -0.0837461938    -1.4676674816
   32      O       4.3462165715    -1.6879743786     0.5534429571
   33      O       2.6444238286    -1.7377988318     2.0303837592
   34      O       2.2174818063    -1.0325915567    -1.2711062342
   35      O       3.8218179926    -0.0010227235    -2.4729953340
   36      C       2.1049867134    -2.0356386691    -2.2946871753
   37      C       4.4918210908    -3.1121285434     0.6928071907
   38      C       3.2816137056     1.2162043788     2.1175498231
   39      C       3.2565780411     2.5884316817     1.8627729088
   40      C       3.2156032175     3.0867817397     0.5673667240
   41      C       3.2001527173     2.2401320674    -0.5426761952
   42      H       1.8472998450    -1.5785081201    -3.2510340290
   43      H       4.7074616303    -3.3740566316     1.7297492580
   44      H       3.1914157396     4.1598609065     0.4105077317
   45      H       3.0463942914    -2.5781359481    -2.4000947289
   46      H       1.3119771922    -2.7009591290    -1.9605987648
   47      H       5.3248724268    -3.3818453029     0.0476696699
   48      H       3.5782105408    -3.6204475760     0.3792889455
   49      H       3.2728568742     3.2787136452     2.6996515104
   50      C       3.1425808031     2.8310117726    -1.9308082744
   51      H       2.3273738335     2.4037998162    -2.5202012145
   52      H       4.0651047354     2.6371126448    -2.4811278052
   53      H       2.9900833667     3.9102405575    -1.8737310038
   54      H       3.3095828745     0.8510948472     3.0823997066
 ----------------------------------------------------------------
 Molecular Point Group                 C1    NOp =  1
 Largest Abelian Subgroup              C1    NOp =  1
 Nuclear Repulsion Energy =  2923.3470242220 hartrees
 There are      110 alpha and      110 beta electrons
 Requested basis set is 6-311++G(d,p)
 There are 300 shells and 828 basis functions

 Total QAlloc Memory Limit   4000 MB
 Mega-Array Size       392 MB
 MEM_STATIC part       400 MB
 A cutoff of  1.0D-12 yielded  29787 shell pairs
 There are    226853 function pairs (    240704 Cartesian)
 
 -------------------------------------------------------
 OpenMP Integral Computing Module                       
 Release: version 1.0, May 2013, Q-Chem Inc. Pittsburgh 
 -------------------------------------------------------
 Integral Job Info:
 Integral job number is                      11
 Integral operator is                         1
 short-range coefficients                     0
 long-range coefficients              100000000
 Omega coefficients                           0
 if combine SR and LR in K                    0
 Integral screening is                        0
 Integral computing path is                   2
 max size of driver memory is            800000
 size of driver memory is                593474
 size of scratch memory is              2361544
 max col of scratch BK array               1296
 max len of scratch array in speh3          155
 max len of scratch index in speh4           18
 max int batch size is                      520
 min int batch size is                       52
 fixed nKL is                                52
 max L of basis functions is                  2
 order of int derivative is                   0
 number of shells is                        300
 number of basis is                         858
 number of cartesian basis is               858
 number of contracted shell pairs         29787
 number of primitive shell pairs          64741
 maxK2 (contraction) of shell pair           36
 max number of K2 of shell pair               1
 max number of CS2 of shell pair           6052
 max number of PS2 of shell pair          10638
 mem total for path MDJ                  427848
 -------------------------------------------------------
 Smallest overlap matrix eigenvalue = 1.01E-07
 Linear dependence detected in AO basis
 Number of orthogonalized atomic orbitals = 823
 Maximum deviation from orthogonality = 2.864E-10

 Scale SEOQF with 1.000000e-02/1.000000e-01/1.000000e-01

 Standard Electronic Orientation quadrupole field applied
 Nucleus-field energy     =     0.0000000099 hartrees
 Guess from superposition of atomic densities
 Warning:  Energy on first SCF cycle will be non-variational
 A restricted hybrid HF-DFT SCF calculation will be
 performed using Pulay DIIS extrapolation
 Exchange:     0.2000 Hartree-Fock + 0.0800 Slater + 0.7200 B88
 Correlation:  0.1900 VWN1RPA + 0.8100 LYP
 Using SG-1 standard quadrature grid
 Dispersion:   Grimme D3
 SCF converges when DIIS error is below 1.0E-08
 using 2 threads for integral computing
 -------------------------------------------------------
 OpenMP Integral computing Module                
 Release: version 1.0, May 2013, Q-Chem Inc. Pittsburgh 
 -------------------------------------------------------
 -------------------------------------------------------
 OpenMP BLAS3 based DFT computing Module                
 Release: version 1.0, May 2013, Q-Chem Inc. Pittsburgh 
 -------------------------------------------------------
 ---------------------------------------
  Cycle       Energy         DIIS Error
 ---------------------------------------
    1   -1461.3584497833      2.25E-02
    2   -1454.4909643180      2.90E-03
    3   -1453.4504742316      5.06E-03
    4   -1454.9822509607      1.21E-03
    5   -1455.0830020822      2.96E-04
    6   -1455.0876535753      1.21E-04
    7   -1455.0885630533      2.54E-05
    8   -1455.0885976643      1.17E-05
    9   -1455.0886057412      3.72E-06
   10   -1455.0886065581      9.61E-07
   11   -1455.0886066180      2.49E-07
   12   -1455.0886066220      1.21E-07
   13   -1455.0886066230      3.73E-08
   14   -1455.0886066230      9.06E-09 Convergence criterion met
 ---------------------------------------
 SCF time:  CPU 2800.48 s  wall 1406.54 s
 SCF   energy in the final basis set = -1455.08860662
 Total energy in the final basis set = -1455.08860662
 
 --------------------------------------------------------------
 
                    Orbital Energies (a.u.)
 --------------------------------------------------------------
 
 Alpha MOs
 -- Occupied --
-19.176 -19.176 -19.174 -19.172 -19.120 -19.118 -19.118 -19.116
-10.312 -10.310 -10.310 -10.308 -10.232 -10.232 -10.230 -10.228
-10.209 -10.208 -10.206 -10.206 -10.205 -10.205 -10.192 -10.191
-10.189 -10.188 -10.188 -10.188 -10.173 -10.171  -1.120  -1.120
 -1.113  -1.112  -1.032  -1.030  -1.029  -1.026  -0.884  -0.884
 -0.799  -0.799  -0.793  -0.793  -0.745  -0.745  -0.730  -0.729
 -0.703  -0.702  -0.653  -0.652  -0.625  -0.625  -0.580  -0.579
 -0.574  -0.572  -0.548  -0.547  -0.519  -0.519  -0.512  -0.511
 -0.490  -0.490  -0.488  -0.487  -0.481  -0.480  -0.476  -0.476
 -0.470  -0.470  -0.445  -0.445  -0.434  -0.433  -0.430  -0.429
 -0.427  -0.426  -0.411  -0.410  -0.405  -0.404  -0.394  -0.394
 -0.382  -0.381  -0.376  -0.375  -0.368  -0.368  -0.363  -0.362
 -0.361  -0.361  -0.320  -0.320  -0.312  -0.311  -0.295  -0.295
 -0.292  -0.291  -0.267  -0.267  -0.262  -0.261
 -- Virtual --
 -0.057  -0.057  -0.037  -0.036  -0.016  -0.010  -0.005   0.001
  0.002   0.008   0.009   0.010   0.013   0.016   0.017   0.022
  0.024   0.025   0.028   0.031   0.035   0.037   0.037   0.041
  0.042   0.045   0.046   0.049   0.056   0.060   0.060   0.064
  0.065   0.070   0.075   0.076   0.080   0.083   0.086   0.087
  0.087   0.091   0.097   0.100   0.103   0.105   0.107   0.109
  0.110   0.110   0.112   0.114   0.116   0.117   0.118   0.122
  0.123   0.125   0.127   0.127   0.130   0.131   0.135   0.137
  0.138   0.139   0.140   0.142   0.143   0.145   0.147   0.149
  0.149   0.152   0.155   0.156   0.158   0.159   0.159   0.164
  0.167   0.168   0.171   0.172   0.175   0.177   0.178   0.181
  0.183   0.185   0.186   0.188   0.190   0.192   0.194   0.195
  0.200   0.201   0.201   0.206   0.209   0.209   0.215   0.216
  0.219   0.220   0.222   0.224   0.228   0.231   0.232   0.236
  0.237   0.239   0.241   0.242   0.246   0.248   0.251   0.254
  0.255   0.258   0.261   0.263   0.264   0.267   0.269   0.273
  0.276   0.278   0.280   0.281   0.285   0.286   0.289   0.290
  0.292   0.294   0.296   0.298   0.304   0.305   0.306   0.311
  0.313   0.318   0.319   0.321   0.323   0.324   0.327   0.329
  0.335   0.336   0.340   0.345   0.346   0.350   0.353   0.356
  0.361   0.363   0.365   0.367   0.371   0.376   0.377   0.380
  0.382   0.385   0.387   0.387   0.389   0.392   0.395   0.398
  0.400   0.403   0.409   0.410   0.414   0.420   0.428   0.430
  0.432   0.434   0.436   0.444   0.451   0.456   0.460   0.469
  0.475   0.481   0.494   0.496   0.500   0.508   0.513   0.515
  0.516   0.519   0.524   0.528   0.529   0.540   0.545   0.549
  0.551   0.556   0.557   0.561   0.563   0.570   0.574   0.575
  0.580   0.587   0.589   0.597   0.598   0.605   0.606   0.610
  0.613   0.614   0.615   0.625   0.627   0.629   0.640   0.641
  0.646   0.654   0.656   0.659   0.661   0.662   0.663   0.666
  0.670   0.672   0.677   0.681   0.683   0.687   0.688   0.692
  0.696   0.698   0.705   0.707   0.710   0.714   0.720   0.721
  0.725   0.731   0.734   0.739   0.743   0.744   0.750   0.754
  0.759   0.765   0.770   0.771   0.775   0.779   0.781   0.784
  0.794   0.799   0.807   0.811   0.815   0.817   0.826   0.835
  0.842   0.851   0.856   0.865   0.867   0.868   0.874   0.882
  0.884   0.898   0.903   0.915   0.920   0.931   0.933   0.943
  0.956   0.958   0.976   0.981   0.984   0.989   0.990   1.006
  1.008   1.020   1.024   1.033   1.046   1.048   1.053   1.056
  1.069   1.071   1.077   1.082   1.086   1.091   1.102   1.106
  1.109   1.119   1.137   1.140   1.147   1.150   1.154   1.167
  1.182   1.199   1.207   1.207   1.209   1.218   1.219   1.232
  1.238   1.253   1.258   1.260   1.262   1.281   1.289   1.296
  1.300   1.311   1.316   1.320   1.325   1.330   1.340   1.352
  1.357   1.376   1.377   1.382   1.383   1.389   1.391   1.396
  1.398   1.407   1.412   1.432   1.436   1.448   1.458   1.464
  1.467   1.468   1.476   1.480   1.481   1.484   1.494   1.512
  1.515   1.521   1.524   1.527   1.535   1.549   1.551   1.554
  1.558   1.559   1.562   1.571   1.574   1.576   1.578   1.588
  1.590   1.595   1.598   1.600   1.605   1.607   1.612   1.621
  1.628   1.637   1.640   1.654   1.655   1.666   1.673   1.687
  1.689   1.699   1.708   1.711   1.713   1.716   1.719   1.720
  1.728   1.736   1.737   1.747   1.747   1.760   1.763   1.769
  1.771   1.778   1.784   1.788   1.793   1.795   1.797   1.807
  1.810   1.817   1.822   1.839   1.846   1.858   1.859   1.868
  1.875   1.888   1.895   1.914   1.918   1.922   1.924   1.934
  1.937   1.952   1.954   1.966   1.971   1.989   1.995   2.000
  2.001   2.008   2.012   2.023   2.034   2.056   2.059   2.062
  2.063   2.092   2.096   2.097   2.101   2.119   2.122   2.125
  2.131   2.144   2.151   2.155   2.159   2.188   2.190   2.198
  2.204   2.229   2.233   2.248   2.248   2.272   2.281   2.306
  2.310   2.343   2.343   2.382   2.383   2.408   2.411   2.440
  2.445   2.453   2.458   2.483   2.484   2.486   2.491   2.497
  2.499   2.508   2.510   2.513   2.514   2.532   2.535   2.543
  2.551   2.560   2.579   2.583   2.586   2.590   2.596   2.603
  2.604   2.607   2.612   2.623   2.633   2.653   2.655   2.661
  2.663   2.680   2.687   2.700   2.702   2.705   2.711   2.715
  2.725   2.746   2.748   2.756   2.759   2.765   2.768   2.775
  2.784   2.792   2.798   2.822   2.827   2.831   2.834   2.841
  2.848   2.854   2.859   2.863   2.874   2.879   2.885   2.891
  2.894   2.898   2.905   2.908   2.912   2.924   2.932   2.950
  2.951   2.962   2.968   3.003   3.009   3.032   3.037   3.042
  3.044   3.055   3.057   3.073   3.075   3.099   3.101   3.113
  3.121   3.126   3.128   3.178   3.179   3.206   3.217   3.224
  3.227   3.233   3.244   3.254   3.257   3.259   3.261   3.281
  3.284   3.315   3.318   3.367   3.372   3.381   3.384   3.404
  3.415   3.440   3.452   3.516   3.522   3.554   3.564   3.593
  3.594   3.627   3.628   3.641   3.658   3.692   3.706   3.737
  3.744   3.778   3.780   3.786   3.787   3.795   3.797   3.825
  3.831   3.853   3.861   3.867   3.874   3.919   3.929   4.036
  4.037   4.043   4.046   4.070   4.074   4.112   4.115   4.147
  4.153   4.157   4.159   4.271   4.277   4.328   4.340   4.361
  4.362   4.843   4.843   5.046   5.050   5.098   5.118   5.148
  5.157   5.200   5.207   5.240   5.254   5.260   5.275   5.391
  5.397   5.425   5.427   5.618   5.620   5.628   5.629   5.875
  5.877   5.897   5.903  23.578  23.594  23.845  23.852  23.858
 23.864  23.926  23.929  23.930  23.931  23.937  23.940  23.942
 23.946  23.990  23.995  24.056  24.060  24.080  24.081  24.174
 24.175  49.886  49.890  49.921  49.921  50.015  50.017  50.030
 50.033
 --------------------------------------------------------------
 
          Ground-State Mulliken Net Atomic Charges

     Atom                 Charge (a.u.)
  ----------------------------------------
      1 C                     0.446098
      2 C                     1.604336
      3 C                    -0.556767
      4 C                    -1.289141
      5 O                     0.084738
      6 O                    -0.185230
      7 O                     0.053620
      8 O                    -0.103144
      9 C                    -0.212794
     10 C                    -0.278798
     11 C                    -0.564995
     12 C                    -0.136979
     13 C                    -0.479675
     14 C                     0.154637
     15 H                     0.168600
     16 H                     0.186894
     17 H                     0.133016
     18 H                     0.175292
     19 H                     0.170370
     20 H                     0.129220
     21 H                     0.178980
     22 H                     0.184868
     23 C                    -0.552073
     24 H                     0.171797
     25 H                     0.187135
     26 H                     0.148191
     27 H                     0.179376
     28 C                     0.573622
     29 C                     1.332281
     30 C                    -0.765414
     31 C                    -0.846174
     32 O                     0.049808
     33 O                    -0.123369
     34 O                     0.088314
     35 O                    -0.168188
     36 C                    -0.278804
     37 C                    -0.211382
     38 C                    -0.611450
     39 C                    -0.120959
     40 C                    -0.504148
     41 C                     0.166863
     42 H                     0.182531
     43 H                     0.172000
     44 H                     0.135658
     45 H                     0.185438
     46 H                     0.132542
     47 H                     0.168726
     48 H                     0.171620
     49 H                     0.185085
     50 C                    -0.610718
     51 H                     0.182491
     52 H                     0.207815
     53 H                     0.140314
     54 H                     0.167922
  ----------------------------------------
  Sum of atomic charges =     0.000000

 -----------------------------------------------------------------
                    Cartesian Multipole Moments
 -----------------------------------------------------------------
    Charge (ESU x 10^10)
                 0.0000
    Dipole Moment (Debye)
         X       0.2776      Y       0.3384      Z      -0.8593
       Tot       0.9643
    Quadrupole Moments (Debye-Ang)
        XX    -183.2979     XY      -7.0004     YY    -143.3709
        XZ      17.1307     YZ      14.1216     ZZ    -179.4538
    Octopole Moments (Debye-Ang^2)
       XXX      10.5872    XXY     -35.6809    XYY      21.1065
       YYY     -57.8063    XXZ     -27.9869    XYZ     -25.7643
       YYZ     -26.6919    XZZ      -8.6431    YZZ       8.2944
       ZZZ      10.4194
    Hexadecapole Moments (Debye-Ang^3)
      XXXX  -12232.2027   XXXY    -233.8951   XXYY   -2356.7797
      XYYY     -57.4605   YYYY   -4013.9542   XXXZ     570.7656
      XXYZ     152.3850   XYYZ      52.8095   YYYZ      44.3633
      XXZZ   -2525.5587   XYZZ     -19.8688   YYZZ   -1162.2116
      XZZZ     114.2243   YZZZ     113.9803   ZZZZ   -2903.3230
 -----------------------------------------------------------------
Archival summary:
1\1\vega03.cac.cornell.edu\SP\ProcedureUnspecified\BasisUnspecified\82224\jj585\MonApr217:25:452018MonApr217:25:452018\0\\#,ProcedureUnspecified,BasisUnspecified,\\0,1\O\C,1,1.3512\O,2,1.2069,1,123.501\C,1,1.43752,2,116.164,3,4.8931,0\H,4,1.08772,1,105.376,2,179.706,0\H,4,1.09086,1,110.507,2,-60.681,0\H,4,1.09163,1,110.367,2,60.0909,0\C,2,1.49626,1,110.928,3,178.057,0\C,8,1.40634,2,119.012,1,-130.615,0\C,9,1.39616,8,117.536,2,177.857,0\H,10,1.08475,9,118.991,8,-179.6,0\C,10,1.38856,9,121.629,8,0.183585,0\H,12,1.08495,10,119.453,9,179.671,0\C,12,1.3959,10,121.575,9,-0.129654,0\H,14,1.032,12,121.26,10,-179.84,0\C,14,1.40604,12,117.481,10,0.160349,0\C,16,1.49803,14,118.266,12,177.84,0\O,17,1.20668,16,125.302,14,50.5403,0\O,17,1.35063,16,111.128,14,-126.75,0\C,19,1.43835,17,115.94,16,-178.519,0\H,20,1.08762,19,105.403,17,179.104,0\H,20,1.09103,19,110.475,17,-61.3232,0\H,20,1.0915,19,110.399,17,59.3962,0\C,9,1.50976,8,122.848,2,-1.37569,0\H,24,1.09144,9,110.135,8,171.975,0\H,24,1.09156,9,111.21,8,-67.4939,0\H,24,1.09291,9,111.796,8,51.7903,0\H,5,3.39641,4,150.487,1,6.66632,0\C,28,1.08762,5,152.221,4,37.9526,0\H,29,1.09103,28,110.661,5,-118.613,0\H,29,1.0915,28,110.808,5,120.273,0\O,29,1.43835,28,105.403,5,0.836571,0\C,32,1.35063,29,115.94,28,179.104,0\O,33,1.20668,32,123.512,29,4.13325,0\C,33,1.49803,32,111.128,29,-178.519,0\C,35,1.40604,33,118.266,32,-126.75,0\H,36,1.032,35,121.26,33,-2.16035,0\C,36,1.3959,35,117.481,33,177.84,0\H,38,1.08495,36,118.972,35,-179.641,0\C,38,1.38856,36,121.575,35,0.160349,0\H,40,1.08475,38,119.38,36,179.653,0\C,40,1.39616,38,121.629,36,-0.129654,0\C,42,1.40634,40,117.536,38,0.183585,0\C,43,1.49626,42,119.012,40,177.857,0\O,44,1.2069,43,125.54,42,47.3939,0\O,44,1.3512,43,110.928,42,-130.615,0\C,46,1.43752,44,116.164,43,-177.05,0\H,47,1.08772,46,105.376,44,179.706,0\H,47,1.09086,46,110.507,44,-60.681,0\H,47,1.09163,46,110.367,44,60.0909,0\C,42,1.50976,40,119.611,38,179.442,0\H,51,1.09144,42,110.135,40,-7.24194,0\H,51,1.09156,42,111.21,40,113.289,0\H,51,1.09291,42,111.796,40,-127.427,0\\\@

 Total job time:  1408.48s(wall), 2802.94s(cpu) 
 Mon Apr  2 17:25:46 2018

        *************************************************************
        *                                                           *
        *  Thank you very much for using Q-Chem.  Have a nice day.  *
        *                                                           *
        *************************************************************


0 sent ACK to 0 
now end server 0 ... 
