mFile = /opt/software/qchem/qchem-5.0.1//bin/mpi/machines
Process 0 of 1 is on vega01.cac.cornell.edu - thread support 0
initial socket setup ...start
initial socket setup ...done 
now start server 0 ... 
localhost 127.0.0
Q-Chem Developer Version! Running on 127.0.0.*
                  Welcome to Q-Chem
     A Quantum Leap Into The Future Of Chemistry


 Q-Chem 5.0, Q-Chem, Inc., Pleasanton, CA (2017)

 Yihan Shao,  Zhengting Gan,  E. Epifanovsky,  A. T. B. Gilbert,  M. Wormit,  
 J. Kussmann,  A. W. Lange,  A. Behn,  Jia Deng,  Xintian Feng,  D. Ghosh,  
 M. Goldey,  P. R. Horn,  L. D. Jacobson,  I. Kaliman,  T. Kus,  A. Landau,  
 Jie Liu,  E. I. Proynov,  R. M. Richard,  R. P. Steele,  E. J. Sundstrom,  
 H. L. Woodcock III,  P. M. Zimmerman,  D. Zuev,  B. Albrecht,  E. Alguire,  
 S. A. Baeppler,  Z. Benda,  Y. A. Bernard,  E. J. Berquist,  K. B. Bravaya,  
 D. Casanova,  Chun-Min Chang,  Yunqing Chen,  A. Chien,  K. D. Closser,  
 M. P. Coons,  S. Dasgupta,  M. Diedenhofen,  Hainam Do,  R. G. Edgar,  
 Po-Tung Fang,  S. Fatehi,  Qingguo Feng,  Qinghui Ge,  A. Ghysels,  
 J. Gomes,  J. Gonthier,  A. Gunina,  M. W. D. Hanson-Heine,  
 P. H. P. Harbach,  A. W. Hauser,  J. E. Herr,  E. G. Hohenstein,  
 Z. C. Holden,  Kerwin Hui,  T.-C. Jagau,  Hyunjun Ji,  B. Kaduk,  
 K. Khistyaev,  Jaehoon Kim,  P. Klunzinger,  K. Koh,  D. Kosenkov,  
 T. Kowalczyk,  C. M. Krauter,  A. Kunitsa,  Ka Un Lao,  A. Laurent,  
 K. V. Lawler,  Joonho Lee,  D. Lefrancois,  S. Lehtola,  D. S. Levine,  
 Yi-Pei Li,  You-Sheng Lin,  Fenglai Liu,  E. Livshits,  A. Luenser,  
 P. Manohar,  E. Mansoor,  S. F. Manzer,  Shan-Ping Mao,  Yuezhi Mao,  
 N. Mardirossian,  A. V. Marenich,  L. A. Martinez-Martinez,  S. A. Maurer,  
 N. J. Mayhall,  S. C. McKenzie,  J.-M. Mewes,  A. F. Morrison,  K. Nanda,  
 T. S. Nguyen-Beck,  R. Olivares-Amaya,  J. A. Parkhill,  T. M. Perrine,  
 F. Plasser,  S. Prager,  A. Prociuk,  D. R. Rehn,  F. Rob,  M. Schneider,  
 N. Sergueev,  S. M. Sharada,  S. Sharma,  D. W. Small,  T. Stauch,  
 T. Stein,  Yu-Chuan Su,  A. J. W. Thom,  T. Tsuchimochi,  L. Vogt,  
 O. Vydrov,  M. A. Watson,  J. Wenzel,  M. de Wergifosse,  T. A. Wesolowski,  
 A. White,  J. Witte,  A. Yamada,  Jun Yang,  K. Yao,  S. Yeganeh,  
 S. R. Yost,  Zhi-Qiang You,  A. Zech,  Igor Ying Zhang,  Xing Zhang,  
 Yan Zhao,  Ying Zhu,  B. R. Brooks,  G. K. L. Chan,  C. J. Cramer,  
 M. S. Gordon,  W. J. Hehre,  A. Klamt,  M. W. Schmidt,  C. D. Sherrill,  
 D. G. Truhlar,  A. Aspuru-Guzik,  R. Baer,  A. T. Bell,  N. A. Besley,  
 Jeng-Da Chai,  A. Dreuw,  B. D. Dunietz,  T. R. Furlani,  Chao-Ping Hsu,  
 Yousung Jung,  Jing Kong,  D. S. Lambrecht,  WanZhen Liang,  C. Ochsenfeld,  
 V. A. Rassolov,  L. V. Slipchenko,  J. E. Subotnik,  T. Van Voorhis,  
 J. M. Herbert,  A. I. Krylov,  P. M. W. Gill,  M. Head-Gordon

 Contributors to earlier versions of Q-Chem not listed above: 
 R. D. Adamson,  B. Austin,  J. Baker,  G. J. O. Beran,  K. Brandhorst,  
 S. T. Brown,  E. F. C. Byrd,  A. K. Chakraborty,  C.-L. Cheng,  
 Siu Hung Chien,  D. M. Chipman,  D. L. Crittenden,  H. Dachsel,  
 R. A. DiStasio Jr.,  R. J. Doerksen,  A. D. Dutoi,  L. Fusti-Molnar,  
 W. A. Goddard III,  A. Golubeva-Zadorozhnaya,  S. R. Gwaltney,  G. Hawkins,  
 A. Heyden,  S. Hirata,  G. Kedziora,  F. J. Keil,  C. Kelley,  Jihan Kim,  
 R. A. King,  R. Z. Khaliullin,  P. P. Korambath,  W. Kurlancheek,  
 A. M. Lee,  M. S. Lee,  S. V. Levchenko,  Ching Yeh Lin,  D. Liotard,  
 R. C. Lochan,  I. Lotan,  P. E. Maslen,  N. Nair,  D. P. O'Neill,  
 D. Neuhauser,  E. Neuscamman,  C. M. Oana,  R. Olson,  B. Peters,  
 R. Peverati,  P. A. Pieniazek,  Y. M. Rhee,  J. Ritchie,  M. A. Rohrdanz,  
 E. Rosta,  N. J. Russ,  H. F. Schaefer III,  N. E. Schultz,  N. Shenvi,  
 A. C. Simmonett,  A. Sodt,  D. Stuck,  K. S. Thanthiriwatte,  V. Vanovschi,  
 Tao Wang,  A. Warshel,  C. F. Williams,  Q. Wu,  X. Xu,  W. Zhang

 Please cite Q-Chem as follows:
 Y. Shao et al., Mol. Phys. 113, 184-215 (2015)
 DOI: 10.1080/00268976.2014.952696

 Q-Chem 5.0.1 for Intel X86 EM64T Linux

 Parts of Q-Chem use Armadillo 5.200.1 (Boston Tea Smuggler).
 http://arma.sourceforge.net/

 Q-Chem begins on Tue Apr 17 15:48:45 2018  

Host: vega01.cac.cornell.edu
0

     Scratch files written to /scratch/jj585/vdw/01n00_distance_5.800_10.save//
 Parallel job on  1  processors

Checking the input file for inconsistencies... 	...done.

--------------------------------------------------------------
User input:
--------------------------------------------------------------
$molecule
0  1
C        -0.54444000        -0.68370000        -0.06689000
C        -0.55709000        +0.71878000        +0.05493000
C        -1.74320000        -1.41616000        -0.12552000
C        -2.93952000        -0.70056000        -0.05285000
C        -2.95313000        +0.68255000        +0.06934000
C        -1.77161000        +1.42404000        +0.12810000
H        -3.90354000        +1.20325000        +0.11710000
H        -3.87892000        -1.24211000        -0.08988000
C        -1.83960000        +2.92746000        +0.24839000
H        -1.24214000        +3.42352000        -0.52065000
H        -1.45503000        +3.26427000        +1.21284000
H        -2.87211000        +3.26623000        +0.14638000
H        -1.73878000        -2.44393000        -0.21875000
H        +0.35825000        -1.18166000        -0.11386000
H        +0.33551000        +1.23549000        +0.09097000
@C        -0.50453000        -1.18941000        +5.71088000
@C        -0.51718000        +0.21307000        +5.83270000
@C        -1.70329000        -1.92187000        +5.65225000
@C        -2.89961000        -1.20627000        +5.72492000
@C        -2.91322000        +0.17684000        +5.84711000
@C        -1.73170000        +0.91833000        +5.90587000
@H        -3.86363000        +0.69754000        +5.89487000
@H        -3.83901000        -1.74782000        +5.68789000
@C        -1.79969000        +2.42175000        +6.02616000
@H        -1.20223000        +2.91781000        +5.25712000
@H        -1.41512000        +2.75856000        +6.99061000
@H        -2.83220000        +2.76052000        +5.92415000
@H        -1.69887000        -2.94964000        +5.55902000
@H        +0.39816000        -1.68737000        +5.66391000
@H        +0.37542000        +0.72978000        +5.86874000
$end

$rem
JOBTYPE                   SP
METHOD                    B3LYP
DFT_D                     d3_op
BASIS                     6-311++G(d,p)
SYMMETRY                  False
THRESH                    12
SCF_CONVERGENCE           8
MAX_SUB_FILE_NUM          128
MEM_STATIC                400
MEM_TOTAL                 4000
$end
--------------------------------------------------------------
 Adding empirical dispersion correction 
 ----------------------------------------------------------------
 Doing -D3(op) with
 s6 =   1.00000
 s8 =   0.78311
 a1 =   0.30000
 a2 =   4.25000
 n  =  10.00000
 -D3 energy without 3body term =     -0.0113800034 hartrees
 ----------------------------------------------------------------
             Standard Nuclear Orientation (Angstroms)
    I     Atom           X                Y                Z
 ----------------------------------------------------------------
    1      C      -0.5444400000    -0.6837000000    -0.0668900000
    2      C      -0.5570900000     0.7187800000     0.0549300000
    3      C      -1.7432000000    -1.4161600000    -0.1255200000
    4      C      -2.9395200000    -0.7005600000    -0.0528500000
    5      C      -2.9531300000     0.6825500000     0.0693400000
    6      C      -1.7716100000     1.4240400000     0.1281000000
    7      H      -3.9035400000     1.2032500000     0.1171000000
    8      H      -3.8789200000    -1.2421100000    -0.0898800000
    9      C      -1.8396000000     2.9274600000     0.2483900000
   10      H      -1.2421400000     3.4235200000    -0.5206500000
   11      H      -1.4550300000     3.2642700000     1.2128400000
   12      H      -2.8721100000     3.2662300000     0.1463800000
   13      H      -1.7387800000    -2.4439300000    -0.2187500000
   14      H       0.3582500000    -1.1816600000    -0.1138600000
   15      H       0.3355100000     1.2354900000     0.0909700000
   16      GH     -0.5045300000    -1.1894100000     5.7108800000
   17      GH     -0.5171800000     0.2130700000     5.8327000000
   18      GH     -1.7032900000    -1.9218700000     5.6522500000
   19      GH     -2.8996100000    -1.2062700000     5.7249200000
   20      GH     -2.9132200000     0.1768400000     5.8471100000
   21      GH     -1.7317000000     0.9183300000     5.9058700000
   22      GH     -3.8636300000     0.6975400000     5.8948700000
   23      GH     -3.8390100000    -1.7478200000     5.6878900000
   24      GH     -1.7996900000     2.4217500000     6.0261600000
   25      GH     -1.2022300000     2.9178100000     5.2571200000
   26      GH     -1.4151200000     2.7585600000     6.9906100000
   27      GH     -2.8322000000     2.7605200000     5.9241500000
   28      GH     -1.6988700000    -2.9496400000     5.5590200000
   29      GH      0.3981600000    -1.6873700000     5.6639100000
   30      GH      0.3754200000     0.7297800000     5.8687400000
 ----------------------------------------------------------------
 Nuclear Repulsion Energy =   269.2168625664 hartrees
 There are       25 alpha and       25 beta electrons
 Requested basis set is 6-311++G(d,p)
 There are 164 shells and 420 basis functions

 Total QAlloc Memory Limit   4000 MB
 Mega-Array Size       392 MB
 MEM_STATIC part       400 MB
 A cutoff of  1.0D-12 yielded  10492 shell pairs
 There are     68365 function pairs (     72385 Cartesian)
 
 -------------------------------------------------------
 OpenMP Integral Computing Module                       
 Release: version 1.0, May 2013, Q-Chem Inc. Pittsburgh 
 -------------------------------------------------------
 Integral Job Info:
 Integral job number is                      11
 Integral operator is                         1
 short-range coefficients                     0
 long-range coefficients              100000000
 Omega coefficients                           0
 if combine SR and LR in K                    0
 Integral screening is                        0
 Integral computing path is                   2
 max size of driver memory is            800000
 size of driver memory is                593474
 size of scratch memory is              2361544
 max col of scratch BK array               1296
 max len of scratch array in speh3          155
 max len of scratch index in speh4           18
 max int batch size is                      520
 min int batch size is                       52
 fixed nKL is                                52
 max L of basis functions is                  2
 order of int derivative is                   0
 number of shells is                        164
 number of basis is                         434
 number of cartesian basis is               434
 number of contracted shell pairs         10492
 number of primitive shell pairs          23401
 maxK2 (contraction) of shell pair           36
 max number of K2 of shell pair               1
 max number of CS2 of shell pair           1993
 max number of PS2 of shell pair           3312
 mem total for path MDJ                  116586
 -------------------------------------------------------
 Smallest overlap matrix eigenvalue = 6.45E-07
 Linear dependence detected in AO basis
 Number of orthogonalized atomic orbitals = 419
 Maximum deviation from orthogonality = 1.042E-10

 Scale SEOQF with 1.000000e-01/1.000000e-01/1.000000e-02

 Standard Electronic Orientation quadrupole field applied
 Nucleus-field energy     =     0.0000000169 hartrees
 Guess from superposition of atomic densities
 Warning:  Energy on first SCF cycle will be non-variational

 Q-Chem warning in module /opt/software/qchem/qchem-5.0.1/libgen/Atomic_PolEc.C, line 58:

 No atomic polarizability available.


 Q-Chem warning in module /opt/software/qchem/qchem-5.0.1/libgen/Atomic_PolEc.C, line 73:

 No atomic polarizability available.


 Q-Chem warning in module /opt/software/qchem/qchem-5.0.1/libgen/Atomic_PolEc.C, line 58:

 No atomic polarizability available.


 Q-Chem warning in module /opt/software/qchem/qchem-5.0.1/libgen/Atomic_PolEc.C, line 73:

 No atomic polarizability available.


 Q-Chem warning in module /opt/software/qchem/qchem-5.0.1/libgen/Atomic_PolEc.C, line 58:

 No atomic polarizability available.


 Q-Chem warning in module /opt/software/qchem/qchem-5.0.1/libgen/Atomic_PolEc.C, line 73:

 No atomic polarizability available.


 Q-Chem warning in module /opt/software/qchem/qchem-5.0.1/libgen/Atomic_PolEc.C, line 58:

 No atomic polarizability available.


 Q-Chem warning in module /opt/software/qchem/qchem-5.0.1/libgen/Atomic_PolEc.C, line 73:

 No atomic polarizability available.


 Q-Chem warning in module /opt/software/qchem/qchem-5.0.1/libgen/Atomic_PolEc.C, line 58:

 No atomic polarizability available.


 Q-Chem warning in module /opt/software/qchem/qchem-5.0.1/libgen/Atomic_PolEc.C, line 73:

 No atomic polarizability available.


 Q-Chem warning in module /opt/software/qchem/qchem-5.0.1/libgen/Atomic_PolEc.C, line 58:

 No atomic polarizability available.


 Q-Chem warning in module /opt/software/qchem/qchem-5.0.1/libgen/Atomic_PolEc.C, line 73:

 No atomic polarizability available.


 Q-Chem warning in module /opt/software/qchem/qchem-5.0.1/libgen/Atomic_PolEc.C, line 58:

 No atomic polarizability available.


 Q-Chem warning in module /opt/software/qchem/qchem-5.0.1/libgen/Atomic_PolEc.C, line 73:

 No atomic polarizability available.


 Q-Chem warning in module /opt/software/qchem/qchem-5.0.1/libgen/Atomic_PolEc.C, line 58:

 No atomic polarizability available.


 Q-Chem warning in module /opt/software/qchem/qchem-5.0.1/libgen/Atomic_PolEc.C, line 73:

 No atomic polarizability available.


 Q-Chem warning in module /opt/software/qchem/qchem-5.0.1/libgen/Atomic_PolEc.C, line 58:

 No atomic polarizability available.


 Q-Chem warning in module /opt/software/qchem/qchem-5.0.1/libgen/Atomic_PolEc.C, line 73:

 No atomic polarizability available.


 Q-Chem warning in module /opt/software/qchem/qchem-5.0.1/libgen/Atomic_PolEc.C, line 58:

 No atomic polarizability available.


 Q-Chem warning in module /opt/software/qchem/qchem-5.0.1/libgen/Atomic_PolEc.C, line 73:

 No atomic polarizability available.


 Q-Chem warning in module /opt/software/qchem/qchem-5.0.1/libgen/Atomic_PolEc.C, line 58:

 No atomic polarizability available.


 Q-Chem warning in module /opt/software/qchem/qchem-5.0.1/libgen/Atomic_PolEc.C, line 73:

 No atomic polarizability available.


 Q-Chem warning in module /opt/software/qchem/qchem-5.0.1/libgen/Atomic_PolEc.C, line 58:

 No atomic polarizability available.


 Q-Chem warning in module /opt/software/qchem/qchem-5.0.1/libgen/Atomic_PolEc.C, line 73:

 No atomic polarizability available.


 Q-Chem warning in module /opt/software/qchem/qchem-5.0.1/libgen/Atomic_PolEc.C, line 58:

 No atomic polarizability available.


 Q-Chem warning in module /opt/software/qchem/qchem-5.0.1/libgen/Atomic_PolEc.C, line 73:

 No atomic polarizability available.


 Q-Chem warning in module /opt/software/qchem/qchem-5.0.1/libgen/Atomic_PolEc.C, line 58:

 No atomic polarizability available.


 Q-Chem warning in module /opt/software/qchem/qchem-5.0.1/libgen/Atomic_PolEc.C, line 73:

 No atomic polarizability available.


 Q-Chem warning in module /opt/software/qchem/qchem-5.0.1/libgen/Atomic_PolEc.C, line 58:

 No atomic polarizability available.


 Q-Chem warning in module /opt/software/qchem/qchem-5.0.1/libgen/Atomic_PolEc.C, line 73:

 No atomic polarizability available.

 A restricted hybrid HF-DFT SCF calculation will be
 performed using Pulay DIIS extrapolation
 Exchange:     0.2000 Hartree-Fock + 0.0800 Slater + 0.7200 B88
 Correlation:  0.1900 VWN1RPA + 0.8100 LYP
 Using SG-1 standard quadrature grid
 Dispersion:   Grimme D3
 SCF converges when DIIS error is below 1.0E-08
 using 4 threads for integral computing
 -------------------------------------------------------
 OpenMP Integral computing Module                
 Release: version 1.0, May 2013, Q-Chem Inc. Pittsburgh 
 -------------------------------------------------------
 -------------------------------------------------------
 OpenMP BLAS3 based DFT computing Module                
 Release: version 1.0, May 2013, Q-Chem Inc. Pittsburgh 
 -------------------------------------------------------
 ---------------------------------------
  Cycle       Energy         DIIS Error
 ---------------------------------------
    1    -273.1501019645      2.19E-02
    2    -271.4965024978      2.44E-03
    3    -271.4749842830      2.65E-03
    4    -271.6427931797      1.97E-04
    5    -271.6433741230      1.00E-04
    6    -271.6435482088      4.34E-05
    7    -271.6435866416      1.57E-05
    8    -271.6435926477      1.31E-06
    9    -271.6435926768      8.01E-07
   10    -271.6435926908      1.83E-07
   11    -271.6435926915      8.05E-08
   12    -271.6435926916      9.60E-09 Convergence criterion met
 ---------------------------------------
 SCF time:  CPU 284.88 s  wall 71.40 s
 SCF   energy in the final basis set = -271.64359269
 Total energy in the final basis set = -271.64359269
 
 --------------------------------------------------------------
 
                    Orbital Energies (a.u.)
 --------------------------------------------------------------
 
 Alpha MOs
 -- Occupied --
-10.185 -10.174 -10.172 -10.171 -10.170 -10.169 -10.169  -0.858
 -0.776  -0.747  -0.691  -0.611  -0.591  -0.521  -0.465  -0.462
 -0.424  -0.423  -0.418  -0.390  -0.358  -0.350  -0.342  -0.255
 -0.247
 -- Virtual --
 -0.017  -0.013  -0.008   0.005   0.009   0.018   0.028   0.032
  0.035   0.040   0.044   0.051   0.055   0.061   0.063   0.068
  0.071   0.080   0.085   0.086   0.090   0.096   0.104   0.106
  0.111   0.113   0.115   0.121   0.123   0.125   0.126   0.128
  0.131   0.134   0.137   0.140   0.145   0.151   0.156   0.160
  0.163   0.164   0.168   0.171   0.175   0.178   0.180   0.182
  0.183   0.185   0.187   0.191   0.196   0.205   0.211   0.214
  0.216   0.223   0.228   0.232   0.235   0.240   0.245   0.248
  0.249   0.252   0.256   0.260   0.263   0.272   0.273   0.284
  0.287   0.291   0.296   0.299   0.301   0.306   0.309   0.314
  0.323   0.329   0.332   0.336   0.344   0.355   0.362   0.367
  0.370   0.376   0.380   0.387   0.402   0.410   0.421   0.432
  0.439   0.476   0.480   0.482   0.495   0.501   0.513   0.525
  0.533   0.542   0.547   0.561   0.563   0.573   0.577   0.582
  0.587   0.590   0.599   0.608   0.611   0.618   0.623   0.627
  0.639   0.649   0.651   0.656   0.660   0.663   0.665   0.683
  0.694   0.702   0.707   0.727   0.731   0.734   0.744   0.749
  0.756   0.771   0.781   0.798   0.811   0.827   0.828   0.849
  0.857   0.876   0.880   0.891   0.899   0.904   0.916   0.928
  0.932   0.948   0.952   0.969   1.002   1.015   1.017   1.028
  1.036   1.039   1.075   1.081   1.088   1.121   1.124   1.138
  1.145   1.164   1.192   1.201   1.211   1.285   1.324   1.357
  1.366   1.377   1.414   1.416   1.421   1.449   1.463   1.474
  1.500   1.528   1.529   1.532   1.536   1.543   1.550   1.557
  1.563   1.575   1.585   1.587   1.606   1.621   1.642   1.659
  1.675   1.687   1.696   1.713   1.719   1.721   1.738   1.743
  1.755   1.761   1.765   1.772   1.794   1.800   1.816   1.821
  1.842   1.849   1.857   1.867   1.883   1.889   1.894   1.898
  1.918   1.935   1.939   1.955   1.959   1.961   1.972   1.978
  2.019   2.024   2.033   2.036   2.045   2.056   2.069   2.098
  2.101   2.111   2.143   2.164   2.193   2.238   2.249   2.263
  2.306   2.309   2.320   2.324   2.336   2.395   2.402   2.413
  2.414   2.415   2.427   2.445   2.448   2.470   2.480   2.485
  2.493   2.495   2.539   2.551   2.553   2.561   2.570   2.590
  2.597   2.598   2.633   2.639   2.672   2.682   2.697   2.727
  2.734   2.739   2.748   2.750   2.761   2.765   2.778   2.828
  2.839   2.854   2.897   2.906   2.913   2.926   2.929   2.939
  2.952   2.991   2.996   3.003   3.006   3.010   3.050   3.090
  3.119   3.152   3.174   3.211   3.222   3.248   3.284   3.345
  3.351   3.358   3.385   3.397   3.397   3.452   3.472   3.482
  3.506   3.516   3.545   3.552   3.562   3.589   3.621   3.652
  3.668   3.710   3.723   3.791   3.800   3.858   4.019   4.033
  4.035   4.120   4.179   4.185   4.202   4.342   4.625   4.739
  4.838   4.842   4.862   4.912   4.982   5.124   5.233   5.677
  7.054   7.108   7.133   7.206   7.217   7.352   7.608   7.716
  7.721   7.744   7.768   7.778   7.821   7.840   7.852   7.981
  8.022   8.046   8.169   8.480   8.917   9.712   9.986  10.218
 10.231  10.274  10.281  10.349  23.648  23.939  24.000  24.008
 24.096  24.108  24.205  69.777  69.948  70.017  70.033  70.052
 70.059  70.086
 --------------------------------------------------------------
 
          Ground-State Mulliken Net Atomic Charges

     Atom                 Charge (a.u.)
  ----------------------------------------
      1 C                    -0.024804
      2 C                    -0.425160
      3 C                    -0.344413
      4 C                    -0.055703
      5 C                    -0.730934
      6 C                     0.966891
      7 H                     0.137906
      8 H                     0.171487
      9 C                    -0.613970
     10 H                     0.147183
     11 H                     0.157495
     12 H                     0.147138
     13 H                     0.148243
     14 H                     0.160845
     15 H                     0.161258
     16 GH                   -0.001085
     17 GH                    0.005566
     18 GH                    0.004697
     19 GH                   -0.003385
     20 GH                   -0.009369
     21 GH                    0.001745
     22 GH                   -0.000870
     23 GH                   -0.000296
     24 GH                   -0.000547
     25 GH                    0.000124
     26 GH                   -0.000040
     27 GH                    0.000494
     28 GH                    0.000343
     29 GH                   -0.000421
     30 GH                   -0.000420
  ----------------------------------------
  Sum of atomic charges =     0.000000

 -----------------------------------------------------------------
                    Cartesian Multipole Moments
 -----------------------------------------------------------------
    Charge (ESU x 10^10)
                 0.0000
    Dipole Moment (Debye)
         X       0.0623      Y       0.3870      Z       0.0404
       Tot       0.3941
    Quadrupole Moments (Debye-Ang)
        XX     -39.3527     XY      -0.6300     YY     -38.0706
        XZ      -0.1014     YZ       0.7283     ZZ     -46.4114
    Octopole Moments (Debye-Ang^2)
       XXX     208.5396    XXY     -19.5356    XYY      67.8507
       YYY     -62.7699    XXZ      -1.7119    XYZ      -1.2462
       YYZ      -2.0911    XZZ      82.7502    YZZ     -19.5960
       ZZZ      -4.8161
    Hexadecapole Moments (Debye-Ang^3)
      XXXX   -1027.2668   XXXY     110.3975   XXYY    -280.2070
      XYYY     117.0218   YYYY    -684.0387   XXXZ      10.6908
      XXYZ      -6.4422   XYYZ       3.9045   YYYZ     -25.4767
      XXZZ    -217.4600   XYZZ      38.0945   YYZZ    -130.4391
      XZZZ      10.3614   YZZZ     -27.3215   ZZZZ     -68.0359
 -----------------------------------------------------------------
Archival summary:
1\1\vega01.cac.cornell.edu\SP\ProcedureUnspecified\BasisUnspecified\78h15\jj585\TueApr1715:49:572018TueApr1715:49:572018\0\\#,ProcedureUnspecified,BasisUnspecified,\\0,1\C\C,1,1.39616\H,2,1.08475,1,118.991\C,2,1.38856,1,121.629,3,179.783,0\H,4,1.08495,2,119.453,1,179.671,0\C,4,1.3959,2,121.575,1,-0.129654,0\H,6,1.032,4,121.26,2,-179.84,0\C,6,1.40604,4,117.481,2,0.160349,0\H,8,1.032,6,119.504,4,179.742,0\C,1,1.40634,2,117.536,3,-179.6,0\H,10,1.032,1,119.607,2,179.72,0\C,1,1.50976,2,119.611,3,-0.341033,0\H,12,1.09144,1,110.135,2,-7.24194,0\H,12,1.09156,1,111.21,2,113.289,0\H,12,1.09291,1,111.796,2,-127.427,0\Gh,14,4.06696,12,150.955,1,-44.1602,0\Gh,16,1.09291,14,134.783,12,-18.5121,0\Gh,17,1.09144,16,108.09,14,-53.9648,0\Gh,17,1.09156,16,106.802,14,-170.734,0\Gh,17,1.50976,16,111.796,14,67.4106,0\Gh,20,1.39616,17,119.611,16,-127.427,0\Gh,21,1.08475,20,118.991,17,-0.341033,0\Gh,21,1.38856,20,121.629,17,179.442,0\Gh,23,1.08495,21,119.453,20,179.671,0\Gh,23,1.3959,21,121.575,20,-0.129654,0\Gh,25,1.032,23,121.26,21,-179.84,0\Gh,25,1.40604,23,117.481,21,0.160349,0\Gh,27,1.032,25,119.504,23,179.742,0\Gh,20,1.40634,17,122.848,16,51.7903,0\Gh,29,1.032,20,119.607,17,0.487832,0\\\@

 Total job time:  71.96s(wall), 286.77s(cpu) 
 Tue Apr 17 15:49:57 2018

        *************************************************************
        *                                                           *
        *  Thank you very much for using Q-Chem.  Have a nice day.  *
        *                                                           *
        *************************************************************


0 sent ACK to 0 
now end server 0 ... 
