mFile = /opt/software/qchem/qchem-5.0.1//bin/mpi/machines
Process 0 of 1 is on vega03.cac.cornell.edu - thread support 0
initial socket setup ...start
initial socket setup ...done 
now start server 0 ... 
vega03 10.84.3
Q-Chem Developer Version! Running on 10.84.3.*
                  Welcome to Q-Chem
     A Quantum Leap Into The Future Of Chemistry


 Q-Chem 5.0, Q-Chem, Inc., Pleasanton, CA (2017)

 Yihan Shao,  Zhengting Gan,  E. Epifanovsky,  A. T. B. Gilbert,  M. Wormit,  
 J. Kussmann,  A. W. Lange,  A. Behn,  Jia Deng,  Xintian Feng,  D. Ghosh,  
 M. Goldey,  P. R. Horn,  L. D. Jacobson,  I. Kaliman,  T. Kus,  A. Landau,  
 Jie Liu,  E. I. Proynov,  R. M. Richard,  R. P. Steele,  E. J. Sundstrom,  
 H. L. Woodcock III,  P. M. Zimmerman,  D. Zuev,  B. Albrecht,  E. Alguire,  
 S. A. Baeppler,  Z. Benda,  Y. A. Bernard,  E. J. Berquist,  K. B. Bravaya,  
 D. Casanova,  Chun-Min Chang,  Yunqing Chen,  A. Chien,  K. D. Closser,  
 M. P. Coons,  S. Dasgupta,  M. Diedenhofen,  Hainam Do,  R. G. Edgar,  
 Po-Tung Fang,  S. Fatehi,  Qingguo Feng,  Qinghui Ge,  A. Ghysels,  
 J. Gomes,  J. Gonthier,  A. Gunina,  M. W. D. Hanson-Heine,  
 P. H. P. Harbach,  A. W. Hauser,  J. E. Herr,  E. G. Hohenstein,  
 Z. C. Holden,  Kerwin Hui,  T.-C. Jagau,  Hyunjun Ji,  B. Kaduk,  
 K. Khistyaev,  Jaehoon Kim,  P. Klunzinger,  K. Koh,  D. Kosenkov,  
 T. Kowalczyk,  C. M. Krauter,  A. Kunitsa,  Ka Un Lao,  A. Laurent,  
 K. V. Lawler,  Joonho Lee,  D. Lefrancois,  S. Lehtola,  D. S. Levine,  
 Yi-Pei Li,  You-Sheng Lin,  Fenglai Liu,  E. Livshits,  A. Luenser,  
 P. Manohar,  E. Mansoor,  S. F. Manzer,  Shan-Ping Mao,  Yuezhi Mao,  
 N. Mardirossian,  A. V. Marenich,  L. A. Martinez-Martinez,  S. A. Maurer,  
 N. J. Mayhall,  S. C. McKenzie,  J.-M. Mewes,  A. F. Morrison,  K. Nanda,  
 T. S. Nguyen-Beck,  R. Olivares-Amaya,  J. A. Parkhill,  T. M. Perrine,  
 F. Plasser,  S. Prager,  A. Prociuk,  D. R. Rehn,  F. Rob,  M. Schneider,  
 N. Sergueev,  S. M. Sharada,  S. Sharma,  D. W. Small,  T. Stauch,  
 T. Stein,  Yu-Chuan Su,  A. J. W. Thom,  T. Tsuchimochi,  L. Vogt,  
 O. Vydrov,  M. A. Watson,  J. Wenzel,  M. de Wergifosse,  T. A. Wesolowski,  
 A. White,  J. Witte,  A. Yamada,  Jun Yang,  K. Yao,  S. Yeganeh,  
 S. R. Yost,  Zhi-Qiang You,  A. Zech,  Igor Ying Zhang,  Xing Zhang,  
 Yan Zhao,  Ying Zhu,  B. R. Brooks,  G. K. L. Chan,  C. J. Cramer,  
 M. S. Gordon,  W. J. Hehre,  A. Klamt,  M. W. Schmidt,  C. D. Sherrill,  
 D. G. Truhlar,  A. Aspuru-Guzik,  R. Baer,  A. T. Bell,  N. A. Besley,  
 Jeng-Da Chai,  A. Dreuw,  B. D. Dunietz,  T. R. Furlani,  Chao-Ping Hsu,  
 Yousung Jung,  Jing Kong,  D. S. Lambrecht,  WanZhen Liang,  C. Ochsenfeld,  
 V. A. Rassolov,  L. V. Slipchenko,  J. E. Subotnik,  T. Van Voorhis,  
 J. M. Herbert,  A. I. Krylov,  P. M. W. Gill,  M. Head-Gordon

 Contributors to earlier versions of Q-Chem not listed above: 
 R. D. Adamson,  B. Austin,  J. Baker,  G. J. O. Beran,  K. Brandhorst,  
 S. T. Brown,  E. F. C. Byrd,  A. K. Chakraborty,  C.-L. Cheng,  
 Siu Hung Chien,  D. M. Chipman,  D. L. Crittenden,  H. Dachsel,  
 R. A. DiStasio Jr.,  R. J. Doerksen,  A. D. Dutoi,  L. Fusti-Molnar,  
 W. A. Goddard III,  A. Golubeva-Zadorozhnaya,  S. R. Gwaltney,  G. Hawkins,  
 A. Heyden,  S. Hirata,  G. Kedziora,  F. J. Keil,  C. Kelley,  Jihan Kim,  
 R. A. King,  R. Z. Khaliullin,  P. P. Korambath,  W. Kurlancheek,  
 A. M. Lee,  M. S. Lee,  S. V. Levchenko,  Ching Yeh Lin,  D. Liotard,  
 R. C. Lochan,  I. Lotan,  P. E. Maslen,  N. Nair,  D. P. O'Neill,  
 D. Neuhauser,  E. Neuscamman,  C. M. Oana,  R. Olson,  B. Peters,  
 R. Peverati,  P. A. Pieniazek,  Y. M. Rhee,  J. Ritchie,  M. A. Rohrdanz,  
 E. Rosta,  N. J. Russ,  H. F. Schaefer III,  N. E. Schultz,  N. Shenvi,  
 A. C. Simmonett,  A. Sodt,  D. Stuck,  K. S. Thanthiriwatte,  V. Vanovschi,  
 Tao Wang,  A. Warshel,  C. F. Williams,  Q. Wu,  X. Xu,  W. Zhang

 Please cite Q-Chem as follows:
 Y. Shao et al., Mol. Phys. 113, 184-215 (2015)
 DOI: 10.1080/00268976.2014.952696

 Q-Chem 5.0.1 for Intel X86 EM64T Linux

 Parts of Q-Chem use Armadillo 5.200.1 (Boston Tea Smuggler).
 http://arma.sourceforge.net/

 Q-Chem begins on Tue Apr 17 00:04:05 2018  

Host: vega03.cac.cornell.edu
0

     Scratch files written to /scratch/jj585/vdw/0110_distance_4.000_01.save//
 Parallel job on  1  processors

Checking the input file for inconsistencies... 	...done.

--------------------------------------------------------------
User input:
--------------------------------------------------------------
$molecule
0  1
C        +3.22499000        +2.64959000        +2.68623000
C        +3.62855000        +1.19118000        +3.09899000
C        +4.33237000        +3.00445000        +1.66537000
C        +5.63299000        +3.32171000        +2.42883000
C        +6.04565000        +1.89822000        +2.90328000
C        +4.94652000        +1.01172000        +2.25290000
O        +4.63069000        +1.74134000        +1.05652000
H        +6.37463000        +3.74253000        +1.74833000
H        +5.48465000        +4.02959000        +3.24679000
H        +7.02411000        +1.61465000        +2.51189000
H        +6.07588000        +1.79209000        +3.98956000
C        +3.90257000        +3.99548000        +0.60598000
C        +5.35679000        -0.40796000        +1.93216000
H        +6.26540000        -0.40207000        +1.32662000
H        +5.55219000        -0.96588000        +2.85107000
H        +4.57564000        -0.92425000        +1.37156000
H        +4.72074000        +4.18657000        -0.05658000
H        +3.60148000        +4.90949000        +1.07378000
H        +3.08154000        +3.59124000        +0.05154000
H        +3.81922000        +1.11566000        +4.14915000
H        +2.87705000        +0.45115000        +2.91871000
H        +2.25556000        +2.67282000        +2.23393000
H        +3.15781000        +3.33088000        +3.50856000
@C        +0.22270000        +1.04488000        +0.58595000
@C        +0.62626000        -0.41353000        +0.99871000
@C        +1.33008000        +1.39974000        -0.43491000
@C        +2.63070000        +1.71700000        +0.32855000
@C        +3.04336000        +0.29351000        +0.80300000
@C        +1.94423000        -0.59299000        +0.15262000
@O        +1.62840000        +0.13663000        -1.04376000
@H        +3.37234000        +2.13782000        -0.35195000
@H        +2.48236000        +2.42488000        +1.14651000
@H        +4.02182000        +0.00994000        +0.41161000
@H        +3.07359000        +0.18738000        +1.88928000
@C        +0.90028000        +2.39077000        -1.49430000
@C        +2.35450000        -2.01267000        -0.16812000
@H        +3.26311000        -2.00678000        -0.77366000
@H        +2.54990000        -2.57059000        +0.75079000
@H        +1.57335000        -2.52896000        -0.72872000
@H        +1.71845000        +2.58186000        -2.15686000
@H        +0.59919000        +3.30478000        -1.02650000
@H        +0.07925000        +1.98653000        -2.04874000
@H        +0.81693000        -0.48905000        +2.04887000
@H        -0.12524000        -1.15356000        +0.81843000
@H        -0.74673000        +1.06811000        +0.13365000
@H        +0.15552000        +1.72617000        +1.40828000
$end

$rem
JOBTYPE                   SP
METHOD                    B3LYP
DFT_D                     d3_op
BASIS                     6-311++G(d,p)
SYMMETRY                  False
THRESH                    12
SCF_CONVERGENCE           8
MAX_SUB_FILE_NUM          128
MEM_STATIC                400
MEM_TOTAL                 4000
$end
--------------------------------------------------------------
 Adding empirical dispersion correction 
 ----------------------------------------------------------------
 Doing -D3(op) with
 s6 =   1.00000
 s8 =   0.78311
 a1 =   0.30000
 a2 =   4.25000
 n  =  10.00000
 -D3 energy without 3body term =     -0.0216033054 hartrees
 ----------------------------------------------------------------
             Standard Nuclear Orientation (Angstroms)
    I     Atom           X                Y                Z
 ----------------------------------------------------------------
    1      C       3.2249900000     2.6495900000     2.6862300000
    2      C       3.6285500000     1.1911800000     3.0989900000
    3      C       4.3323700000     3.0044500000     1.6653700000
    4      C       5.6329900000     3.3217100000     2.4288300000
    5      C       6.0456500000     1.8982200000     2.9032800000
    6      C       4.9465200000     1.0117200000     2.2529000000
    7      O       4.6306900000     1.7413400000     1.0565200000
    8      H       6.3746300000     3.7425300000     1.7483300000
    9      H       5.4846500000     4.0295900000     3.2467900000
   10      H       7.0241100000     1.6146500000     2.5118900000
   11      H       6.0758800000     1.7920900000     3.9895600000
   12      C       3.9025700000     3.9954800000     0.6059800000
   13      C       5.3567900000    -0.4079600000     1.9321600000
   14      H       6.2654000000    -0.4020700000     1.3266200000
   15      H       5.5521900000    -0.9658800000     2.8510700000
   16      H       4.5756400000    -0.9242500000     1.3715600000
   17      H       4.7207400000     4.1865700000    -0.0565800000
   18      H       3.6014800000     4.9094900000     1.0737800000
   19      H       3.0815400000     3.5912400000     0.0515400000
   20      H       3.8192200000     1.1156600000     4.1491500000
   21      H       2.8770500000     0.4511500000     2.9187100000
   22      H       2.2555600000     2.6728200000     2.2339300000
   23      H       3.1578100000     3.3308800000     3.5085600000
   24      GH      0.2227000000     1.0448800000     0.5859500000
   25      GH      0.6262600000    -0.4135300000     0.9987100000
   26      GH      1.3300800000     1.3997400000    -0.4349100000
   27      GH      2.6307000000     1.7170000000     0.3285500000
   28      GH      3.0433600000     0.2935100000     0.8030000000
   29      GH      1.9442300000    -0.5929900000     0.1526200000
   30      GH      1.6284000000     0.1366300000    -1.0437600000
   31      GH      3.3723400000     2.1378200000    -0.3519500000
   32      GH      2.4823600000     2.4248800000     1.1465100000
   33      GH      4.0218200000     0.0099400000     0.4116100000
   34      GH      3.0735900000     0.1873800000     1.8892800000
   35      GH      0.9002800000     2.3907700000    -1.4943000000
   36      GH      2.3545000000    -2.0126700000    -0.1681200000
   37      GH      3.2631100000    -2.0067800000    -0.7736600000
   38      GH      2.5499000000    -2.5705900000     0.7507900000
   39      GH      1.5733500000    -2.5289600000    -0.7287200000
   40      GH      1.7184500000     2.5818600000    -2.1568600000
   41      GH      0.5991900000     3.3047800000    -1.0265000000
   42      GH      0.0792500000     1.9865300000    -2.0487400000
   43      GH      0.8169300000    -0.4890500000     2.0488700000
   44      GH     -0.1252400000    -1.1535600000     0.8184300000
   45      GH     -0.7467300000     1.0681100000     0.1336500000
   46      GH      0.1555200000     1.7261700000     1.4082800000
 ----------------------------------------------------------------
 Nuclear Repulsion Energy =   506.2703564319 hartrees
 There are       35 alpha and       35 beta electrons
 Requested basis set is 6-311++G(d,p)
 There are 248 shells and 592 basis functions

 Total QAlloc Memory Limit   4000 MB
 Mega-Array Size       392 MB
 MEM_STATIC part       400 MB
 A cutoff of  1.0D-12 yielded  26404 shell pairs
 There are    150625 function pairs (    159572 Cartesian)
 
 -------------------------------------------------------
 OpenMP Integral Computing Module                       
 Release: version 1.0, May 2013, Q-Chem Inc. Pittsburgh 
 -------------------------------------------------------
 Integral Job Info:
 Integral job number is                      11
 Integral operator is                         1
 short-range coefficients                     0
 long-range coefficients              100000000
 Omega coefficients                           0
 if combine SR and LR in K                    0
 Integral screening is                        0
 Integral computing path is                   2
 max size of driver memory is            800000
 size of driver memory is                593474
 size of scratch memory is              2361544
 max col of scratch BK array               1296
 max len of scratch array in speh3          155
 max len of scratch index in speh4           18
 max int batch size is                      520
 min int batch size is                       52
 fixed nKL is                                52
 max L of basis functions is                  2
 order of int derivative is                   0
 number of shells is                        248
 number of basis is                         610
 number of cartesian basis is               610
 number of contracted shell pairs         26404
 number of primitive shell pairs          55261
 maxK2 (contraction) of shell pair           36
 max number of K2 of shell pair               1
 max number of CS2 of shell pair           4728
 max number of PS2 of shell pair           8238
 mem total for path MDJ                  207786
 -------------------------------------------------------
 Smallest overlap matrix eigenvalue = 1.58E-07
 Linear dependence detected in AO basis
 Number of orthogonalized atomic orbitals = 589
 Maximum deviation from orthogonality = 3.407E-10

 Scale SEOQF with 1.000000e-02/1.000000e-01/1.000000e-01

 Standard Electronic Orientation quadrupole field applied
 Nucleus-field energy     =    -0.0000000020 hartrees
 Guess from superposition of atomic densities
 Warning:  Energy on first SCF cycle will be non-variational

 Q-Chem warning in module /opt/software/qchem/qchem-5.0.1/libgen/Atomic_PolEc.C, line 58:

 No atomic polarizability available.


 Q-Chem warning in module /opt/software/qchem/qchem-5.0.1/libgen/Atomic_PolEc.C, line 73:

 No atomic polarizability available.


 Q-Chem warning in module /opt/software/qchem/qchem-5.0.1/libgen/Atomic_PolEc.C, line 58:

 No atomic polarizability available.


 Q-Chem warning in module /opt/software/qchem/qchem-5.0.1/libgen/Atomic_PolEc.C, line 73:

 No atomic polarizability available.


 Q-Chem warning in module /opt/software/qchem/qchem-5.0.1/libgen/Atomic_PolEc.C, line 58:

 No atomic polarizability available.


 Q-Chem warning in module /opt/software/qchem/qchem-5.0.1/libgen/Atomic_PolEc.C, line 73:

 No atomic polarizability available.


 Q-Chem warning in module /opt/software/qchem/qchem-5.0.1/libgen/Atomic_PolEc.C, line 58:

 No atomic polarizability available.


 Q-Chem warning in module /opt/software/qchem/qchem-5.0.1/libgen/Atomic_PolEc.C, line 73:

 No atomic polarizability available.


 Q-Chem warning in module /opt/software/qchem/qchem-5.0.1/libgen/Atomic_PolEc.C, line 58:

 No atomic polarizability available.


 Q-Chem warning in module /opt/software/qchem/qchem-5.0.1/libgen/Atomic_PolEc.C, line 73:

 No atomic polarizability available.


 Q-Chem warning in module /opt/software/qchem/qchem-5.0.1/libgen/Atomic_PolEc.C, line 58:

 No atomic polarizability available.


 Q-Chem warning in module /opt/software/qchem/qchem-5.0.1/libgen/Atomic_PolEc.C, line 73:

 No atomic polarizability available.


 Q-Chem warning in module /opt/software/qchem/qchem-5.0.1/libgen/Atomic_PolEc.C, line 58:

 No atomic polarizability available.


 Q-Chem warning in module /opt/software/qchem/qchem-5.0.1/libgen/Atomic_PolEc.C, line 73:

 No atomic polarizability available.


 Q-Chem warning in module /opt/software/qchem/qchem-5.0.1/libgen/Atomic_PolEc.C, line 58:

 No atomic polarizability available.


 Q-Chem warning in module /opt/software/qchem/qchem-5.0.1/libgen/Atomic_PolEc.C, line 73:

 No atomic polarizability available.


 Q-Chem warning in module /opt/software/qchem/qchem-5.0.1/libgen/Atomic_PolEc.C, line 58:

 No atomic polarizability available.


 Q-Chem warning in module /opt/software/qchem/qchem-5.0.1/libgen/Atomic_PolEc.C, line 73:

 No atomic polarizability available.


 Q-Chem warning in module /opt/software/qchem/qchem-5.0.1/libgen/Atomic_PolEc.C, line 58:

 No atomic polarizability available.


 Q-Chem warning in module /opt/software/qchem/qchem-5.0.1/libgen/Atomic_PolEc.C, line 73:

 No atomic polarizability available.


 Q-Chem warning in module /opt/software/qchem/qchem-5.0.1/libgen/Atomic_PolEc.C, line 58:

 No atomic polarizability available.


 Q-Chem warning in module /opt/software/qchem/qchem-5.0.1/libgen/Atomic_PolEc.C, line 73:

 No atomic polarizability available.


 Q-Chem warning in module /opt/software/qchem/qchem-5.0.1/libgen/Atomic_PolEc.C, line 58:

 No atomic polarizability available.


 Q-Chem warning in module /opt/software/qchem/qchem-5.0.1/libgen/Atomic_PolEc.C, line 73:

 No atomic polarizability available.


 Q-Chem warning in module /opt/software/qchem/qchem-5.0.1/libgen/Atomic_PolEc.C, line 58:

 No atomic polarizability available.


 Q-Chem warning in module /opt/software/qchem/qchem-5.0.1/libgen/Atomic_PolEc.C, line 73:

 No atomic polarizability available.


 Q-Chem warning in module /opt/software/qchem/qchem-5.0.1/libgen/Atomic_PolEc.C, line 58:

 No atomic polarizability available.


 Q-Chem warning in module /opt/software/qchem/qchem-5.0.1/libgen/Atomic_PolEc.C, line 73:

 No atomic polarizability available.


 Q-Chem warning in module /opt/software/qchem/qchem-5.0.1/libgen/Atomic_PolEc.C, line 58:

 No atomic polarizability available.


 Q-Chem warning in module /opt/software/qchem/qchem-5.0.1/libgen/Atomic_PolEc.C, line 73:

 No atomic polarizability available.


 Q-Chem warning in module /opt/software/qchem/qchem-5.0.1/libgen/Atomic_PolEc.C, line 58:

 No atomic polarizability available.


 Q-Chem warning in module /opt/software/qchem/qchem-5.0.1/libgen/Atomic_PolEc.C, line 73:

 No atomic polarizability available.


 Q-Chem warning in module /opt/software/qchem/qchem-5.0.1/libgen/Atomic_PolEc.C, line 58:

 No atomic polarizability available.


 Q-Chem warning in module /opt/software/qchem/qchem-5.0.1/libgen/Atomic_PolEc.C, line 73:

 No atomic polarizability available.


 Q-Chem warning in module /opt/software/qchem/qchem-5.0.1/libgen/Atomic_PolEc.C, line 58:

 No atomic polarizability available.


 Q-Chem warning in module /opt/software/qchem/qchem-5.0.1/libgen/Atomic_PolEc.C, line 73:

 No atomic polarizability available.


 Q-Chem warning in module /opt/software/qchem/qchem-5.0.1/libgen/Atomic_PolEc.C, line 58:

 No atomic polarizability available.


 Q-Chem warning in module /opt/software/qchem/qchem-5.0.1/libgen/Atomic_PolEc.C, line 73:

 No atomic polarizability available.


 Q-Chem warning in module /opt/software/qchem/qchem-5.0.1/libgen/Atomic_PolEc.C, line 58:

 No atomic polarizability available.


 Q-Chem warning in module /opt/software/qchem/qchem-5.0.1/libgen/Atomic_PolEc.C, line 73:

 No atomic polarizability available.


 Q-Chem warning in module /opt/software/qchem/qchem-5.0.1/libgen/Atomic_PolEc.C, line 58:

 No atomic polarizability available.


 Q-Chem warning in module /opt/software/qchem/qchem-5.0.1/libgen/Atomic_PolEc.C, line 73:

 No atomic polarizability available.


 Q-Chem warning in module /opt/software/qchem/qchem-5.0.1/libgen/Atomic_PolEc.C, line 58:

 No atomic polarizability available.


 Q-Chem warning in module /opt/software/qchem/qchem-5.0.1/libgen/Atomic_PolEc.C, line 73:

 No atomic polarizability available.


 Q-Chem warning in module /opt/software/qchem/qchem-5.0.1/libgen/Atomic_PolEc.C, line 58:

 No atomic polarizability available.


 Q-Chem warning in module /opt/software/qchem/qchem-5.0.1/libgen/Atomic_PolEc.C, line 73:

 No atomic polarizability available.

 A restricted hybrid HF-DFT SCF calculation will be
 performed using Pulay DIIS extrapolation
 Exchange:     0.2000 Hartree-Fock + 0.0800 Slater + 0.7200 B88
 Correlation:  0.1900 VWN1RPA + 0.8100 LYP
 Using SG-1 standard quadrature grid
 Dispersion:   Grimme D3
 SCF converges when DIIS error is below 1.0E-08
 using 4 threads for integral computing
 -------------------------------------------------------
 OpenMP Integral computing Module                
 Release: version 1.0, May 2013, Q-Chem Inc. Pittsburgh 
 -------------------------------------------------------
 -------------------------------------------------------
 OpenMP BLAS3 based DFT computing Module                
 Release: version 1.0, May 2013, Q-Chem Inc. Pittsburgh 
 -------------------------------------------------------
 ---------------------------------------
  Cycle       Energy         DIIS Error
 ---------------------------------------
    1    -390.4762134586      1.79E-02
    2    -388.4117797963      2.25E-03
    3    -388.3328874096      2.64E-03
    4    -388.6287801609      4.10E-04
    5    -388.6338056298      1.46E-04
    6    -388.6344535579      3.98E-05
    7    -388.6344987751      1.45E-05
    8    -388.6345064932      1.36E-06
    9    -388.6345065633      5.62E-07
   10    -388.6345065754      1.48E-07
   11    -388.6345065763      1.61E-08
   12    -388.6345065764      7.04E-09 Convergence criterion met
 ---------------------------------------
 SCF time:  CPU 1437.41 s  wall 362.60 s
 SCF   energy in the final basis set = -388.63450658
 Total energy in the final basis set = -388.63450658
 
 --------------------------------------------------------------
 
                    Orbital Energies (a.u.)
 --------------------------------------------------------------
 
 Alpha MOs
 -- Occupied --
-19.115 -10.224 -10.221 -10.166 -10.165 -10.162 -10.161 -10.160
-10.151  -1.048  -0.799  -0.788  -0.748  -0.717  -0.652  -0.616
 -0.562  -0.555  -0.486  -0.474  -0.464  -0.444  -0.420  -0.410
 -0.406  -0.402  -0.383  -0.360  -0.346  -0.343  -0.340  -0.333
 -0.316  -0.299  -0.261
 -- Virtual --
 -0.010   0.001   0.008   0.011   0.022   0.027   0.029   0.031
  0.036   0.047   0.050   0.051   0.054   0.057   0.061   0.062
  0.071   0.073   0.080   0.080   0.084   0.090   0.094   0.096
  0.103   0.104   0.106   0.108   0.110   0.114   0.115   0.116
  0.119   0.124   0.125   0.129   0.134   0.138   0.139   0.145
  0.146   0.147   0.151   0.155   0.155   0.157   0.160   0.162
  0.164   0.164   0.167   0.171   0.173   0.181   0.183   0.184
  0.185   0.191   0.191   0.194   0.198   0.199   0.202   0.203
  0.205   0.209   0.215   0.216   0.219   0.221   0.223   0.230
  0.231   0.233   0.238   0.240   0.242   0.245   0.247   0.250
  0.255   0.256   0.262   0.265   0.271   0.273   0.278   0.280
  0.283   0.289   0.293   0.294   0.300   0.302   0.304   0.307
  0.319   0.326   0.326   0.333   0.334   0.343   0.344   0.352
  0.354   0.358   0.361   0.364   0.368   0.372   0.377   0.381
  0.384   0.389   0.390   0.397   0.405   0.412   0.415   0.417
  0.421   0.423   0.426   0.428   0.437   0.442   0.448   0.461
  0.474   0.479   0.488   0.493   0.497   0.505   0.508   0.511
  0.515   0.520   0.533   0.545   0.547   0.561   0.565   0.572
  0.576   0.582   0.583   0.591   0.595   0.611   0.612   0.615
  0.621   0.624   0.637   0.637   0.648   0.655   0.661   0.664
  0.669   0.674   0.675   0.680   0.683   0.686   0.703   0.707
  0.714   0.716   0.724   0.728   0.735   0.740   0.743   0.747
  0.759   0.762   0.771   0.777   0.784   0.787   0.791   0.798
  0.807   0.808   0.812   0.819   0.824   0.830   0.844   0.854
  0.856   0.862   0.871   0.874   0.883   0.904   0.914   0.924
  0.930   0.951   0.967   0.971   0.987   1.000   1.010   1.021
  1.036   1.052   1.056   1.071   1.079   1.082   1.085   1.095
  1.113   1.126   1.140   1.164   1.174   1.201   1.207   1.214
  1.222   1.241   1.253   1.277   1.282   1.284   1.306   1.313
  1.328   1.343   1.356   1.372   1.377   1.394   1.401   1.432
  1.466   1.484   1.496   1.503   1.504   1.522   1.533   1.537
  1.548   1.551   1.554   1.557   1.566   1.583   1.591   1.598
  1.599   1.614   1.617   1.626   1.633   1.642   1.655   1.660
  1.677   1.679   1.689   1.693   1.707   1.716   1.729   1.731
  1.750   1.755   1.760   1.769   1.780   1.783   1.789   1.795
  1.797   1.809   1.814   1.820   1.828   1.837   1.844   1.850
  1.862   1.865   1.876   1.879   1.885   1.891   1.894   1.898
  1.918   1.923   1.929   1.936   1.942   1.963   1.971   1.980
  1.987   1.993   2.002   2.009   2.018   2.024   2.031   2.050
  2.059   2.065   2.073   2.086   2.089   2.095   2.106   2.111
  2.118   2.140   2.146   2.156   2.171   2.182   2.195   2.198
  2.223   2.229   2.248   2.262   2.269   2.297   2.305   2.308
  2.314   2.321   2.324   2.335   2.343   2.357   2.366   2.373
  2.381   2.388   2.399   2.421   2.430   2.440   2.454   2.458
  2.473   2.478   2.487   2.511   2.513   2.519   2.525   2.528
  2.544   2.547   2.559   2.567   2.583   2.591   2.595   2.612
  2.615   2.621   2.629   2.648   2.656   2.662   2.674   2.689
  2.706   2.714   2.720   2.726   2.736   2.757   2.765   2.776
  2.792   2.804   2.814   2.818   2.826   2.832   2.851   2.855
  2.865   2.874   2.881   2.895   2.902   2.918   2.920   2.936
  2.955   2.972   2.984   2.991   3.015   3.028   3.032   3.047
  3.056   3.062   3.071   3.079   3.104   3.113   3.131   3.154
  3.155   3.169   3.196   3.216   3.237   3.253   3.268   3.270
  3.290   3.309   3.321   3.327   3.336   3.348   3.364   3.380
  3.400   3.409   3.423   3.432   3.465   3.482   3.527   3.542
  3.559   3.574   3.587   3.591   3.602   3.614   3.628   3.644
  3.653   3.680   3.713   3.742   3.758   3.769   3.792   3.843
  3.865   3.877   3.895   3.910   3.935   3.946   3.965   3.982
  4.007   4.055   4.077   4.093   4.115   4.170   4.186   4.189
  4.218   4.299   4.318   4.394   4.492   4.542   4.616   4.711
  4.727   4.833   4.844   4.879   4.887   4.902   4.929   4.961
  4.978   5.034   5.067   5.088   5.108   5.162   5.282   5.384
  5.435   5.660   5.734   5.760   7.407   7.513   7.548   7.589
  7.633   7.691   7.711   7.735   7.754   7.782   7.818   7.831
  7.850   7.873   7.954   8.054   8.166   8.246   8.379   8.429
  8.487   8.505   8.761   8.886   9.912   9.944  10.005  10.047
 10.062  10.069  10.103  10.188  13.682  13.949  14.125  18.630
 23.822  23.888  23.974  24.005  24.046  24.095  24.105  24.167
 50.128  69.812  69.840  69.960  69.972  70.001  70.010  70.029
 70.068 139.707
 --------------------------------------------------------------
 
          Ground-State Mulliken Net Atomic Charges

     Atom                 Charge (a.u.)
  ----------------------------------------
      1 C                    -0.401573
      2 C                    -0.382943
      3 C                     0.285127
      4 C                    -0.374454
      5 C                    -0.399795
      6 C                     0.302925
      7 O                     0.094279
      8 H                     0.151335
      9 H                     0.137960
     10 H                     0.159298
     11 H                     0.132066
     12 C                    -0.461396
     13 C                    -0.464752
     14 H                     0.147525
     15 H                     0.158503
     16 H                     0.100181
     17 H                     0.149971
     18 H                     0.155725
     19 H                     0.086142
     20 H                     0.197720
     21 H                     0.143703
     22 H                     0.164611
     23 H                     0.199274
     24 GH                   -0.033672
     25 GH                   -0.012890
     26 GH                   -0.103146
     27 GH                   -0.000698
     28 GH                   -0.076905
     29 GH                   -0.133639
     30 GH                   -0.009639
     31 GH                    0.023871
     32 GH                   -0.053689
     33 GH                    0.066940
     34 GH                    0.019384
     35 GH                    0.031066
     36 GH                   -0.002658
     37 GH                   -0.002519
     38 GH                    0.004516
     39 GH                    0.000223
     40 GH                   -0.001835
     41 GH                    0.005389
     42 GH                   -0.000083
     43 GH                    0.000695
     44 GH                   -0.001078
     45 GH                   -0.001187
     46 GH                    0.000123
  ----------------------------------------
  Sum of atomic charges =     0.000000

 -----------------------------------------------------------------
                    Cartesian Multipole Moments
 -----------------------------------------------------------------
    Charge (ESU x 10^10)
                 0.0000
    Dipole Moment (Debye)
         X      -0.0376      Y       0.4259      Z       1.4917
       Tot       1.5518
    Quadrupole Moments (Debye-Ang)
        XX     -56.7139     XY       1.3690     YY     -53.4572
        XZ       6.7911     YZ       2.8167     ZZ     -52.7990
    Octopole Moments (Debye-Ang^2)
       XXX    -786.7909    XXY    -112.6754    XYY    -250.8683
       YYY    -335.1742    XXZ     -89.6172    XYZ      11.1518
       YYZ    -109.9071    XZZ    -245.0105    YZZ    -109.1845
       ZZZ    -345.8263
    Hexadecapole Moments (Debye-Ang^3)
      XXXX   -7716.0987   XXXY   -1551.2383   XXYY   -1614.4480
      XYYY   -1502.3159   YYYY   -2146.4326   XXXZ   -1556.0693
      XXYZ    -183.8450   XYYZ    -525.8898   YYYZ    -629.8177
      XXZZ   -1525.3667   XYZZ    -490.8057   YYZZ    -649.4430
      XZZZ   -1619.2253   YZZZ    -643.5098   ZZZZ   -1805.6645
 -----------------------------------------------------------------
Archival summary:
1\1\vega03.cac.cornell.edu\SP\ProcedureUnspecified\BasisUnspecified\1814h23\jj585\TueApr1700:10:092018TueApr1700:10:092018\0\\#,ProcedureUnspecified,BasisUnspecified,\\0,1\O\C,1,1.43358\C,1,1.43646,2,98.0224\C,3,1.51218,1,111.091,2,-178.393,0\H,4,1.09134,3,111.033,1,-57.0184,0\H,4,1.09192,3,109.775,1,62.6469,0\H,4,1.09264,3,110.458,1,-177.522,0\Gh,5,1.44946,4,107.986,3,40.0971,0\Gh,8,1.09132,5,105.814,4,-105.883,0\Gh,9,1.09187,8,107.862,5,27.0351,0\H,10,1.08071,9,156.768,8,139.678,0\C,11,1.07,10,101.629,9,-80.2574,0\H,12,1.07,11,103.987,10,-151.662,0\C,2,1.513,1,109.807,3,-177.944,0\H,14,1.07,2,109.471,1,-64.7983,0\H,14,1.07,2,109.471,1,55.2018,0\H,14,1.07,2,109.471,1,175.202,0\Gh,16,1.53616,14,110.383,2,-46.7378,0\Gh,18,1.09096,16,94.1535,14,109.945,0\Gh,19,1.09186,18,108.033,16,-25.1724,0\H,20,1.13815,19,152.136,18,-147.236,0\C,21,1.07,20,102.627,19,88.2727,0\H,22,1.07,21,104.724,20,151.568,0\Gh,19,1.54115,18,110.128,16,98.6107,0\Gh,24,1.43358,19,102.483,18,81.1589,0\Gh,25,1.43646,24,98.0224,19,57.1986,0\Gh,26,1.51218,25,111.091,24,-178.393,0\Gh,27,1.09134,26,111.033,25,-57.0184,0\Gh,27,1.09192,26,109.775,25,62.6469,0\Gh,27,1.09264,26,110.458,25,-177.522,0\Gh,24,1.513,19,116.857,18,-38.916,0\Gh,31,1.07,24,109.471,19,51.2997,0\Gh,31,1.07,24,109.471,19,171.3,0\Gh,31,1.07,24,109.471,19,-68.6999,0\C,2,1.54115,1,102.483,3,57.1986,0\H,35,1.09096,2,110.128,1,81.1589,0\H,35,1.09186,2,112.95,1,-157.962,0\Gh,24,1.54738,19,108.926,18,-170.072,0\Gh,38,1.07,24,113.95,19,46.9191,0\Gh,38,1.07,24,111.379,19,165.118,0\C,3,1.55466,1,102.371,2,-54.4128,0\H,41,1.09132,3,109.614,1,-87.4148,0\H,41,1.09187,3,112.355,1,152.676,0\Gh,38,1.5685,24,101.696,19,-76.1436,0\Gh,44,1.07,38,111.7,24,120.458,0\Gh,44,1.07,38,114.71,24,-121.541,0\\\@

 Total job time:  364.12s(wall), 1440.84s(cpu) 
 Tue Apr 17 00:10:09 2018

        *************************************************************
        *                                                           *
        *  Thank you very much for using Q-Chem.  Have a nice day.  *
        *                                                           *
        *************************************************************


0 sent ACK to 0 
now end server 0 ... 
