mFile = /opt/software/qchem/qchem-5.0.1//bin/mpi/machines
Process 0 of 1 is on vega03.cac.cornell.edu - thread support 0
initial socket setup ...start
initial socket setup ...done 
now start server 0 ... 
vega03 10.84.3
Q-Chem Developer Version! Running on 10.84.3.*
                  Welcome to Q-Chem
     A Quantum Leap Into The Future Of Chemistry


 Q-Chem 5.0, Q-Chem, Inc., Pleasanton, CA (2017)

 Yihan Shao,  Zhengting Gan,  E. Epifanovsky,  A. T. B. Gilbert,  M. Wormit,  
 J. Kussmann,  A. W. Lange,  A. Behn,  Jia Deng,  Xintian Feng,  D. Ghosh,  
 M. Goldey,  P. R. Horn,  L. D. Jacobson,  I. Kaliman,  T. Kus,  A. Landau,  
 Jie Liu,  E. I. Proynov,  R. M. Richard,  R. P. Steele,  E. J. Sundstrom,  
 H. L. Woodcock III,  P. M. Zimmerman,  D. Zuev,  B. Albrecht,  E. Alguire,  
 S. A. Baeppler,  Z. Benda,  Y. A. Bernard,  E. J. Berquist,  K. B. Bravaya,  
 D. Casanova,  Chun-Min Chang,  Yunqing Chen,  A. Chien,  K. D. Closser,  
 M. P. Coons,  S. Dasgupta,  M. Diedenhofen,  Hainam Do,  R. G. Edgar,  
 Po-Tung Fang,  S. Fatehi,  Qingguo Feng,  Qinghui Ge,  A. Ghysels,  
 J. Gomes,  J. Gonthier,  A. Gunina,  M. W. D. Hanson-Heine,  
 P. H. P. Harbach,  A. W. Hauser,  J. E. Herr,  E. G. Hohenstein,  
 Z. C. Holden,  Kerwin Hui,  T.-C. Jagau,  Hyunjun Ji,  B. Kaduk,  
 K. Khistyaev,  Jaehoon Kim,  P. Klunzinger,  K. Koh,  D. Kosenkov,  
 T. Kowalczyk,  C. M. Krauter,  A. Kunitsa,  Ka Un Lao,  A. Laurent,  
 K. V. Lawler,  Joonho Lee,  D. Lefrancois,  S. Lehtola,  D. S. Levine,  
 Yi-Pei Li,  You-Sheng Lin,  Fenglai Liu,  E. Livshits,  A. Luenser,  
 P. Manohar,  E. Mansoor,  S. F. Manzer,  Shan-Ping Mao,  Yuezhi Mao,  
 N. Mardirossian,  A. V. Marenich,  L. A. Martinez-Martinez,  S. A. Maurer,  
 N. J. Mayhall,  S. C. McKenzie,  J.-M. Mewes,  A. F. Morrison,  K. Nanda,  
 T. S. Nguyen-Beck,  R. Olivares-Amaya,  J. A. Parkhill,  T. M. Perrine,  
 F. Plasser,  S. Prager,  A. Prociuk,  D. R. Rehn,  F. Rob,  M. Schneider,  
 N. Sergueev,  S. M. Sharada,  S. Sharma,  D. W. Small,  T. Stauch,  
 T. Stein,  Yu-Chuan Su,  A. J. W. Thom,  T. Tsuchimochi,  L. Vogt,  
 O. Vydrov,  M. A. Watson,  J. Wenzel,  M. de Wergifosse,  T. A. Wesolowski,  
 A. White,  J. Witte,  A. Yamada,  Jun Yang,  K. Yao,  S. Yeganeh,  
 S. R. Yost,  Zhi-Qiang You,  A. Zech,  Igor Ying Zhang,  Xing Zhang,  
 Yan Zhao,  Ying Zhu,  B. R. Brooks,  G. K. L. Chan,  C. J. Cramer,  
 M. S. Gordon,  W. J. Hehre,  A. Klamt,  M. W. Schmidt,  C. D. Sherrill,  
 D. G. Truhlar,  A. Aspuru-Guzik,  R. Baer,  A. T. Bell,  N. A. Besley,  
 Jeng-Da Chai,  A. Dreuw,  B. D. Dunietz,  T. R. Furlani,  Chao-Ping Hsu,  
 Yousung Jung,  Jing Kong,  D. S. Lambrecht,  WanZhen Liang,  C. Ochsenfeld,  
 V. A. Rassolov,  L. V. Slipchenko,  J. E. Subotnik,  T. Van Voorhis,  
 J. M. Herbert,  A. I. Krylov,  P. M. W. Gill,  M. Head-Gordon

 Contributors to earlier versions of Q-Chem not listed above: 
 R. D. Adamson,  B. Austin,  J. Baker,  G. J. O. Beran,  K. Brandhorst,  
 S. T. Brown,  E. F. C. Byrd,  A. K. Chakraborty,  C.-L. Cheng,  
 Siu Hung Chien,  D. M. Chipman,  D. L. Crittenden,  H. Dachsel,  
 R. A. DiStasio Jr.,  R. J. Doerksen,  A. D. Dutoi,  L. Fusti-Molnar,  
 W. A. Goddard III,  A. Golubeva-Zadorozhnaya,  S. R. Gwaltney,  G. Hawkins,  
 A. Heyden,  S. Hirata,  G. Kedziora,  F. J. Keil,  C. Kelley,  Jihan Kim,  
 R. A. King,  R. Z. Khaliullin,  P. P. Korambath,  W. Kurlancheek,  
 A. M. Lee,  M. S. Lee,  S. V. Levchenko,  Ching Yeh Lin,  D. Liotard,  
 R. C. Lochan,  I. Lotan,  P. E. Maslen,  N. Nair,  D. P. O'Neill,  
 D. Neuhauser,  E. Neuscamman,  C. M. Oana,  R. Olson,  B. Peters,  
 R. Peverati,  P. A. Pieniazek,  Y. M. Rhee,  J. Ritchie,  M. A. Rohrdanz,  
 E. Rosta,  N. J. Russ,  H. F. Schaefer III,  N. E. Schultz,  N. Shenvi,  
 A. C. Simmonett,  A. Sodt,  D. Stuck,  K. S. Thanthiriwatte,  V. Vanovschi,  
 Tao Wang,  A. Warshel,  C. F. Williams,  Q. Wu,  X. Xu,  W. Zhang

 Please cite Q-Chem as follows:
 Y. Shao et al., Mol. Phys. 113, 184-215 (2015)
 DOI: 10.1080/00268976.2014.952696

 Q-Chem 5.0.1 for Intel X86 EM64T Linux

 Parts of Q-Chem use Armadillo 5.200.1 (Boston Tea Smuggler).
 http://arma.sourceforge.net/

 Q-Chem begins on Mon Apr  2 15:38:41 2018  

Host: vega03.cac.cornell.edu
0

     Scratch files written to /scratch/jj585/vdw/10n01_distance_4.400_11.save//
 Parallel job on  1  processors

Checking the input file for inconsistencies... 	...done.

--------------------------------------------------------------
User input:
--------------------------------------------------------------
$molecule
0  1
--
0  1
C        -0.54444000        -0.68370000        -0.06689000
C        -0.55709000        +0.71878000        +0.05493000
C        +0.74969000        -1.43776000        -0.09374000
C        +0.72843000        +1.48436000        +0.06598000
O        +1.53645000        -1.09176000        +0.94813000
O        +1.04702000        -2.28405000        -0.90088000
O        +1.53784000        +1.08301000        -0.93877000
O        +1.01035000        +2.37097000        +0.83478000
C        +2.83449000        +1.70121000        -0.99358000
C        +2.82316000        -1.73208000        +1.00475000
C        -1.74320000        -1.41616000        -0.12552000
C        -2.93952000        -0.70056000        -0.05285000
C        -2.95313000        +0.68255000        +0.06934000
C        -1.77161000        +1.42404000        +0.12810000
H        +2.73835000        +2.77989000        -1.12464000
H        +2.70778000        -2.81319000        +1.09555000
H        -3.90354000        +1.20325000        +0.11710000
H        +3.38998000        +1.50093000        -0.07544000
H        +3.33184000        +1.25269000        -1.85067000
H        +3.31095000        -1.32281000        +1.88650000
H        +3.39889000        -1.50934000        +0.10459000
H        -3.87892000        -1.24211000        -0.08988000
H        -1.78886000        +2.45164000        +0.22176000
H        -1.73878000        -2.44393000        -0.21875000
--
0  1
C        -0.51416000        -1.06734000        +4.31625000
C        -0.52681000        +0.33514000        +4.43807000
C        +0.77997000        -1.82140000        +4.28940000
C        +0.75871000        +1.10072000        +4.44912000
O        +1.56673000        -1.47540000        +5.33127000
O        +1.07730000        -2.66769000        +3.48226000
O        +1.56812000        +0.69937000        +3.44437000
O        +1.04063000        +1.98733000        +5.21792000
C        +2.86477000        +1.31757000        +3.38956000
C        +2.85344000        -2.11572000        +5.38789000
C        -1.71292000        -1.79980000        +4.25762000
C        -2.90924000        -1.08420000        +4.33029000
C        -2.92285000        +0.29891000        +4.45248000
C        -1.74133000        +1.04040000        +4.51124000
H        +2.76863000        +2.39625000        +3.25850000
H        +2.73806000        -3.19683000        +5.47869000
H        -3.87326000        +0.81961000        +4.50024000
H        +3.42026000        +1.11729000        +4.30770000
H        +3.36212000        +0.86905000        +2.53247000
H        +3.34123000        -1.70645000        +6.26964000
H        +3.42917000        -1.89298000        +4.48773000
H        -3.84864000        -1.62575000        +4.29326000
H        -1.75858000        +2.06800000        +4.60490000
H        -1.70850000        -2.82757000        +4.16439000
$end

$rem
JOBTYPE                   SP
METHOD                    B3LYP
DFT_D                     d3_op
BASIS                     6-311++G(d,p)
SYMMETRY                  False
THRESH                    12
SCF_CONVERGENCE           8
MAX_SUB_FILE_NUM          128
MEM_STATIC                400
MEM_TOTAL                 4000
$end
--------------------------------------------------------------
 Adding empirical dispersion correction 
 ----------------------------------------------------------------
 Doing -D3(op) with
 s6 =   1.00000
 s8 =   0.78311
 a1 =   0.30000
 a2 =   4.25000
 n  =  10.00000
 -D3 energy without 3body term =     -0.0623021877 hartrees
 ----------------------------------------------------------------
             Standard Nuclear Orientation (Angstroms)
    I     Atom           X                Y                Z
 ----------------------------------------------------------------
    1      C      -2.1481726747     0.7959278714     0.8853170542
    2      C      -2.2701584580     0.8156178834    -0.5170673643
    3      C      -2.0227739002    -0.5010901191     1.6243159329
    4      C      -2.3695242373    -0.4668322146    -1.2814263750
    5      O      -1.0430000356    -1.2680151160     1.0988926578
    6      O      -2.6668140167    -0.8156493417     2.5950639416
    7      O      -3.2762329194    -1.2953491642    -0.7182319476
    8      O      -1.7604090911    -0.7319687594    -2.2890428546
    9      C      -3.4148708416    -2.5906097250    -1.3261432938
   10      C      -0.8551239287    -2.5557363208     1.7115220876
   11      C      -2.0999111280     1.9909024153     1.6246866024
   12      C      -2.1719005152     3.1908063526     0.9150430999
   13      C      -2.2901992255     3.2113953975    -0.4683188942
   14      C      -2.3401805217     2.0336917511    -1.2164937797
   15      H      -3.7315105596    -2.4930606547    -2.3654669361
   16      H      -0.5812902463    -2.4425234588     2.7615477914
   17      H      -2.3489721223     4.1643092458    -0.9832845435
   18      H      -2.4666996010    -3.1304002100    -1.2906495057
   19      H      -4.1732921366    -3.1046595683    -0.7399007000
   20      H      -0.0490069456    -3.0263637546     1.1533023212
   21      H      -1.7703478806    -3.1465831566     1.6434684292
   22      H      -2.1308917586     4.1275110638     1.4609575155
   23      H      -2.4253588906     2.0561768547    -2.2447304177
   24      H      -2.0144967010     1.9812522556     2.6530998425
   25      C       2.2353647357     0.8421584731     0.5078580622
   26      C       2.1133789524     0.8618484851    -0.8945263564
   27      C       2.3607635103    -0.4548595175     1.2468569408
   28      C       2.0140131731    -0.4206016130    -1.6588853671
   29      O       3.3405373748    -1.2217845144     0.7214336658
   30      O       1.7167233937    -0.7694187401     2.2176049495
   31      O       1.1073044910    -1.2491185626    -1.0956909397
   32      O       2.6231283193    -0.6857381578    -2.6665018466
   33      C       0.9686665688    -2.5443791234    -1.7036022859
   34      C       3.5284134817    -2.5095057191     1.3340630955
   35      C       2.2836262824     2.0371330169     1.2472276104
   36      C       2.2116368952     3.2370369542     0.5375841079
   37      C       2.0933381849     3.2576259991    -0.8457778862
   38      C       2.0433568887     2.0799223527    -1.5939527717
   39      H       0.6520268508    -2.4468300531    -2.7429259282
   40      H       3.8022471641    -2.3962928572     2.3840887994
   41      H       2.0345652881     4.2105398474    -1.3607435356
   42      H       1.9168378094    -3.0841696084    -1.6681084977
   43      H       0.2102452738    -3.0584289667    -1.1173596921
   44      H       4.3345304648    -2.9801331530     0.7758433291
   45      H       2.6131895298    -3.1003525550     1.2660094371
   46      H       2.2526456518     4.1737416655     1.0834985235
   47      H       1.9581785198     2.1024074564    -2.6221894097
   48      H       2.3690407094     2.0274828573     2.2756408504
 ----------------------------------------------------------------
 Molecular Point Group                 C1    NOp =  1
 Largest Abelian Subgroup              C1    NOp =  1
 Nuclear Repulsion Energy =  2836.4556909826 hartrees
 There are      102 alpha and      102 beta electrons
 Requested basis set is 6-311++G(d,p)
 There are 268 shells and 756 basis functions

 Total QAlloc Memory Limit   4000 MB
 Mega-Array Size       392 MB
 MEM_STATIC part       400 MB
 A cutoff of  1.0D-12 yielded  26383 shell pairs
 There are    213757 function pairs (    227839 Cartesian)
 
 -------------------------------------------------------
 OpenMP Integral Computing Module                       
 Release: version 1.0, May 2013, Q-Chem Inc. Pittsburgh 
 -------------------------------------------------------
 Integral Job Info:
 Integral job number is                      11
 Integral operator is                         1
 short-range coefficients                     0
 long-range coefficients              100000000
 Omega coefficients                           0
 if combine SR and LR in K                    0
 Integral screening is                        0
 Integral computing path is                   2
 max size of driver memory is            800000
 size of driver memory is                593474
 size of scratch memory is              2361544
 max col of scratch BK array               1296
 max len of scratch array in speh3          155
 max len of scratch index in speh4           18
 max int batch size is                      520
 min int batch size is                       52
 fixed nKL is                                52
 max L of basis functions is                  2
 order of int derivative is                   0
 number of shells is                        268
 number of basis is                         784
 number of cartesian basis is               784
 number of contracted shell pairs         26383
 number of primitive shell pairs          58181
 maxK2 (contraction) of shell pair           36
 max number of K2 of shell pair               1
 max number of CS2 of shell pair           4997
 max number of PS2 of shell pair          10410
 mem total for path MDJ                  438456
 -------------------------------------------------------
 Smallest overlap matrix eigenvalue = 1.54E-07
 Linear dependence detected in AO basis
 Number of orthogonalized atomic orbitals = 751
 Maximum deviation from orthogonality = 1.899E-10

 Scale SEOQF with 1.000000e-01/1.000000e-01/1.000000e-01

 Standard Electronic Orientation quadrupole field applied
 Nucleus-field energy     =     0.0000000445 hartrees
 Guess from superposition of atomic densities
 Warning:  Energy on first SCF cycle will be non-variational
 A restricted hybrid HF-DFT SCF calculation will be
 performed using Pulay DIIS extrapolation
 Exchange:     0.2000 Hartree-Fock + 0.0800 Slater + 0.7200 B88
 Correlation:  0.1900 VWN1RPA + 0.8100 LYP
 Using SG-1 standard quadrature grid
 Dispersion:   Grimme D3
 SCF converges when DIIS error is below 1.0E-08
 using 2 threads for integral computing
 -------------------------------------------------------
 OpenMP Integral computing Module                
 Release: version 1.0, May 2013, Q-Chem Inc. Pittsburgh 
 -------------------------------------------------------
 -------------------------------------------------------
 OpenMP BLAS3 based DFT computing Module                
 Release: version 1.0, May 2013, Q-Chem Inc. Pittsburgh 
 -------------------------------------------------------
 ---------------------------------------
  Cycle       Energy         DIIS Error
 ---------------------------------------
    1   -1382.3590301791      2.38E-02
    2   -1375.8911697738      3.06E-03
    3   -1374.8512904679      5.48E-03
    4   -1376.3347749997      1.25E-03
    5   -1376.4231173225      3.45E-04
    6   -1376.4287062280      1.27E-04
    7   -1376.4295136298      4.13E-05
    8   -1376.4295882415      1.92E-05
    9   -1376.4296065348      3.94E-06
   10   -1376.4296073584      9.78E-07
   11   -1376.4296074161      3.00E-07
   12   -1376.4296074204      1.65E-07
   13   -1376.4296074222      3.10E-08
   14   -1376.4296074222      1.62E-08
   15   -1376.4296074223      7.19E-09 Convergence criterion met
 ---------------------------------------
 SCF time:  CPU 2713.37 s  wall 1361.96 s
 SCF   energy in the final basis set = -1376.42960742
 Total energy in the final basis set = -1376.42960742
 
 --------------------------------------------------------------
 
                    Orbital Energies (a.u.)
 --------------------------------------------------------------
 
 Alpha MOs
 -- Occupied --
-19.178 -19.177 -19.169 -19.167 -19.121 -19.121 -19.114 -19.113
-10.313 -10.313 -10.307 -10.306 -10.235 -10.234 -10.226 -10.224
-10.211 -10.211 -10.210 -10.210 -10.195 -10.195 -10.195 -10.194
-10.194 -10.194 -10.194 -10.193  -1.121  -1.120  -1.110  -1.109
 -1.032  -1.032  -1.024  -1.023  -0.884  -0.883  -0.796  -0.796
 -0.783  -0.783  -0.741  -0.740  -0.729  -0.727  -0.653  -0.652
 -0.642  -0.642  -0.593  -0.592  -0.575  -0.574  -0.552  -0.549
 -0.521  -0.519  -0.514  -0.510  -0.492  -0.491  -0.487  -0.486
 -0.484  -0.478  -0.477  -0.470  -0.468  -0.468  -0.465  -0.462
 -0.440  -0.436  -0.430  -0.423  -0.413  -0.413  -0.404  -0.402
 -0.386  -0.386  -0.385  -0.382  -0.381  -0.377  -0.366  -0.366
 -0.363  -0.355  -0.322  -0.320  -0.309  -0.307  -0.299  -0.297
 -0.293  -0.290  -0.274  -0.271  -0.268  -0.265
 -- Virtual --
 -0.060  -0.055  -0.046  -0.038  -0.016  -0.013  -0.003   0.004
  0.006   0.007   0.010   0.012   0.014   0.022   0.022   0.025
  0.028   0.030   0.030   0.041   0.042   0.045   0.045   0.049
  0.053   0.057   0.058   0.063   0.067   0.067   0.073   0.075
  0.077   0.085   0.090   0.097   0.098   0.098   0.104   0.105
  0.106   0.107   0.107   0.108   0.110   0.113   0.116   0.119
  0.123   0.125   0.126   0.128   0.129   0.131   0.132   0.135
  0.137   0.139   0.142   0.143   0.144   0.149   0.151   0.152
  0.152   0.157   0.157   0.160   0.163   0.165   0.165   0.165
  0.167   0.171   0.174   0.176   0.181   0.183   0.184   0.186
  0.193   0.197   0.200   0.202   0.205   0.210   0.211   0.218
  0.220   0.222   0.223   0.226   0.229   0.231   0.234   0.235
  0.237   0.239   0.240   0.243   0.244   0.245   0.246   0.248
  0.251   0.254   0.262   0.264   0.268   0.269   0.269   0.279
  0.279   0.282   0.282   0.285   0.286   0.288   0.294   0.295
  0.296   0.298   0.309   0.311   0.313   0.314   0.318   0.320
  0.324   0.325   0.326   0.329   0.336   0.341   0.343   0.347
  0.348   0.348   0.350   0.355   0.355   0.357   0.362   0.364
  0.366   0.367   0.368   0.376   0.379   0.379   0.380   0.389
  0.389   0.393   0.395   0.398   0.400   0.403   0.411   0.413
  0.418   0.425   0.427   0.430   0.434   0.438   0.442   0.447
  0.463   0.465   0.471   0.480   0.487   0.494   0.502   0.507
  0.512   0.515   0.520   0.526   0.529   0.530   0.535   0.542
  0.548   0.550   0.558   0.562   0.568   0.569   0.574   0.577
  0.578   0.585   0.591   0.594   0.599   0.601   0.603   0.613
  0.619   0.621   0.624   0.626   0.636   0.637   0.642   0.648
  0.650   0.655   0.659   0.664   0.668   0.676   0.680   0.682
  0.685   0.689   0.691   0.700   0.701   0.705   0.712   0.718
  0.721   0.725   0.732   0.734   0.737   0.741   0.744   0.754
  0.755   0.757   0.765   0.772   0.778   0.779   0.789   0.793
  0.795   0.804   0.807   0.814   0.820   0.821   0.822   0.830
  0.832   0.839   0.845   0.847   0.852   0.854   0.860   0.878
  0.887   0.895   0.898   0.906   0.913   0.922   0.925   0.931
  0.946   0.959   0.965   0.974   0.977   0.986   0.991   0.996
  1.012   1.019   1.025   1.032   1.033   1.040   1.056   1.063
  1.069   1.075   1.081   1.090   1.095   1.104   1.106   1.115
  1.123   1.127   1.132   1.146   1.148   1.162   1.166   1.173
  1.189   1.204   1.211   1.221   1.224   1.230   1.232   1.243
  1.251   1.259   1.265   1.269   1.279   1.290   1.294   1.294
  1.302   1.314   1.320   1.329   1.332   1.336   1.341   1.350
  1.356   1.380   1.381   1.396   1.402   1.405   1.410   1.411
  1.420   1.444   1.456   1.466   1.467   1.485   1.486   1.490
  1.498   1.503   1.510   1.517   1.524   1.531   1.532   1.535
  1.538   1.541   1.556   1.563   1.565   1.573   1.583   1.586
  1.589   1.592   1.596   1.605   1.609   1.623   1.629   1.634
  1.642   1.653   1.658   1.665   1.670   1.677   1.689   1.693
  1.699   1.700   1.717   1.723   1.724   1.729   1.731   1.732
  1.744   1.747   1.752   1.756   1.761   1.766   1.772   1.784
  1.789   1.794   1.795   1.814   1.819   1.834   1.835   1.842
  1.847   1.855   1.862   1.871   1.877   1.897   1.901   1.910
  1.919   1.926   1.930   1.939   1.944   1.953   1.955   1.964
  1.966   1.971   1.977   1.986   1.998   2.009   2.013   2.018
  2.023   2.025   2.034   2.073   2.078   2.087   2.090   2.102
  2.109   2.117   2.121   2.127   2.136   2.137   2.146   2.159
  2.166   2.180   2.191   2.215   2.240   2.273   2.280   2.308
  2.314   2.317   2.321   2.355   2.356   2.398   2.417   2.436
  2.454   2.461   2.465   2.489   2.492   2.506   2.508   2.513
  2.514   2.518   2.527   2.542   2.550   2.553   2.572   2.577
  2.583   2.605   2.610   2.611   2.624   2.640   2.653   2.673
  2.679   2.686   2.696   2.697   2.702   2.708   2.726   2.739
  2.749   2.752   2.762   2.764   2.767   2.768   2.776   2.787
  2.788   2.792   2.802   2.807   2.812   2.829   2.842   2.845
  2.847   2.854   2.859   2.863   2.873   2.881   2.883   2.891
  2.902   2.904   2.905   2.911   2.921   2.926   2.930   2.939
  2.950   2.956   2.973   2.978   2.988   3.013   3.026   3.049
  3.053   3.073   3.080   3.083   3.090   3.100   3.102   3.123
  3.128   3.138   3.161   3.189   3.199   3.226   3.233   3.235
  3.247   3.249   3.256   3.261   3.272   3.293   3.293   3.300
  3.306   3.365   3.370   3.375   3.389   3.391   3.413   3.434
  3.439   3.536   3.542   3.559   3.565   3.598   3.600   3.618
  3.633   3.661   3.662   3.665   3.678   3.736   3.762   3.780
  3.782   3.802   3.805   3.838   3.842   3.881   3.889   3.904
  3.907   4.025   4.028   4.053   4.054   4.074   4.091   4.092
  4.093   4.127   4.133   4.165   4.177   4.255   4.260   4.279
  4.282   4.358   4.359   4.828   4.833   5.067   5.072   5.135
  5.146   5.164   5.187   5.221   5.243   5.247   5.268   5.277
  5.278   5.411   5.421   5.452   5.480   5.625   5.631   5.637
  5.640   5.897   5.898   5.911   5.916  23.635  23.703  23.857
 23.861  23.875  23.879  23.928  23.936  23.951  23.956  23.957
 23.983  24.003  24.021  24.059  24.061  24.084  24.089  24.175
 24.183  49.897  49.915  49.942  49.951  50.016  50.029  50.039
 50.044
 --------------------------------------------------------------
 
          Ground-State Mulliken Net Atomic Charges

     Atom                 Charge (a.u.)
  ----------------------------------------
      1 C                     0.775292
      2 C                     0.655702
      3 C                    -0.619685
      4 C                    -0.750536
      5 O                     0.117303
      6 O                    -0.161039
      7 O                     0.117010
      8 O                    -0.126301
      9 C                    -0.155074
     10 C                    -0.381635
     11 C                    -0.188321
     12 C                    -0.318180
     13 C                    -0.281163
     14 C                    -0.463214
     15 H                     0.170141
     16 H                     0.231058
     17 H                     0.180125
     18 H                     0.182743
     19 H                     0.172380
     20 H                     0.072874
     21 H                     0.190009
     22 H                     0.177396
     23 H                     0.198536
     24 H                     0.209372
     25 C                     0.620364
     26 C                     0.834728
     27 C                    -0.817620
     28 C                    -0.596181
     29 O                     0.124877
     30 O                    -0.116020
     31 O                     0.096109
     32 O                    -0.162081
     33 C                    -0.387649
     34 C                    -0.143110
     35 C                    -0.452804
     36 C                    -0.279178
     37 C                    -0.319233
     38 C                    -0.190822
     39 H                     0.232729
     40 H                     0.168859
     41 H                     0.177499
     42 H                     0.194811
     43 H                     0.069366
     44 H                     0.172965
     45 H                     0.181004
     46 H                     0.180198
     47 H                     0.209609
     48 H                     0.196791
  ----------------------------------------
  Sum of atomic charges =    -0.000000

 -----------------------------------------------------------------
                    Cartesian Multipole Moments
 -----------------------------------------------------------------
    Charge (ESU x 10^10)
                -0.0000
    Dipole Moment (Debye)
         X       0.1990      Y       0.2435      Z       0.1992
       Tot       0.3723
    Quadrupole Moments (Debye-Ang)
        XX    -168.9119     XY      -1.0379     YY    -125.8579
        XZ      18.6949     YZ       0.6351     ZZ    -175.2609
    Octopole Moments (Debye-Ang^2)
       XXX       5.0568    XXY     -46.3640    XYY       0.4256
       YYY     -42.2909    XXZ       0.2833    XYZ     -22.5861
       YYZ      -1.5837    XZZ       0.6339    YZZ      16.5387
       ZZZ       5.3931
    Hexadecapole Moments (Debye-Ang^3)
      XXXX   -5519.0791   XXXY     -17.6729   XXYY   -1363.0995
      XYYY       0.4263   YYYY   -3505.6178   XXXZ     295.4882
      XXYZ       4.0013   XYYZ      44.5259   YYYZ       2.5332
      XXZZ   -1383.7387   XYZZ      -4.9291   YYZZ    -939.1394
      XZZZ     141.7211   YZZZ       2.0427   ZZZZ   -2472.5924
 -----------------------------------------------------------------
Archival summary:
1\1\vega03.cac.cornell.edu\SP\ProcedureUnspecified\BasisUnspecified\82020\jj585\MonApr216:01:252018MonApr216:01:252018\0\\#,ProcedureUnspecified,BasisUnspecified,\\0,1\O\C,1,1.35063\O,2,1.20668,1,123.512\C,1,1.43835,2,115.94,3,4.13325,0\H,4,1.08762,1,105.403,2,179.104,0\H,4,1.09103,1,110.475,2,-61.3232,0\H,4,1.0915,1,110.399,2,59.3962,0\C,2,1.49803,1,111.128,3,177.348,0\C,8,1.40604,2,118.266,1,-126.75,0\H,9,1.032,8,121.26,2,-2.16035,0\C,9,1.3959,8,117.481,2,177.84,0\H,11,1.08495,9,118.972,8,-179.641,0\C,11,1.38856,9,121.575,8,0.160349,0\H,13,1.08475,11,119.38,9,179.653,0\C,13,1.39616,11,121.629,9,-0.129654,0\H,15,1.032,13,121.232,11,-179.817,0\C,15,1.40634,13,117.536,11,0.183585,0\C,17,1.49626,15,119.012,13,177.857,0\O,18,1.2069,17,125.54,15,47.3939,0\O,18,1.3512,17,110.928,15,-130.615,0\C,20,1.43752,18,116.164,17,-177.05,0\H,21,1.08772,20,105.376,18,179.706,0\H,21,1.09086,20,110.507,18,-60.681,0\H,21,1.09163,20,110.367,18,60.0909,0\H,5,2.28564,4,126.872,1,-43.9638,0\C,25,1.08772,5,127.437,4,110.665,0\H,26,1.09086,25,110.694,5,-159.894,0\H,26,1.09163,25,110.757,5,78.9515,0\O,26,1.43752,25,105.376,5,-40.404,0\C,29,1.3512,26,116.164,25,179.706,0\O,30,1.2069,29,123.501,26,4.8931,0\C,30,1.49626,29,110.928,26,-177.05,0\C,32,1.40634,30,119.012,29,-130.615,0\H,33,1.032,32,121.232,30,-2.14291,0\C,33,1.39616,32,117.536,30,177.857,0\H,35,1.08475,33,118.991,32,-179.6,0\C,35,1.38856,33,121.629,32,0.183585,0\H,37,1.08495,35,119.453,33,179.671,0\C,37,1.3959,35,121.575,33,-0.129654,0\H,39,1.032,37,121.26,35,-179.84,0\C,39,1.40604,37,117.481,35,0.160349,0\C,41,1.49803,39,118.266,37,177.84,0\O,42,1.20668,41,125.302,39,50.5403,0\O,42,1.35063,41,111.128,39,-126.75,0\C,44,1.43835,42,115.94,41,-178.519,0\H,45,1.08762,44,105.403,42,179.104,0\H,45,1.09103,44,110.475,42,-61.3232,0\H,45,1.0915,44,110.399,42,59.3962,0\\\@

 Total job time:  1363.64s(wall), 2715.59s(cpu) 
 Mon Apr  2 16:01:25 2018

        *************************************************************
        *                                                           *
        *  Thank you very much for using Q-Chem.  Have a nice day.  *
        *                                                           *
        *************************************************************


0 sent ACK to 0 
now end server 0 ... 
