mFile = /opt/software/qchem/qchem-5.0.1//bin/mpi/machines
Process 0 of 1 is on vega03.cac.cornell.edu - thread support 0
initial socket setup ...start
initial socket setup ...done 
now start server 0 ... 
vega03 10.84.3
Q-Chem Developer Version! Running on 10.84.3.*
                  Welcome to Q-Chem
     A Quantum Leap Into The Future Of Chemistry


 Q-Chem 5.0, Q-Chem, Inc., Pleasanton, CA (2017)

 Yihan Shao,  Zhengting Gan,  E. Epifanovsky,  A. T. B. Gilbert,  M. Wormit,  
 J. Kussmann,  A. W. Lange,  A. Behn,  Jia Deng,  Xintian Feng,  D. Ghosh,  
 M. Goldey,  P. R. Horn,  L. D. Jacobson,  I. Kaliman,  T. Kus,  A. Landau,  
 Jie Liu,  E. I. Proynov,  R. M. Richard,  R. P. Steele,  E. J. Sundstrom,  
 H. L. Woodcock III,  P. M. Zimmerman,  D. Zuev,  B. Albrecht,  E. Alguire,  
 S. A. Baeppler,  Z. Benda,  Y. A. Bernard,  E. J. Berquist,  K. B. Bravaya,  
 D. Casanova,  Chun-Min Chang,  Yunqing Chen,  A. Chien,  K. D. Closser,  
 M. P. Coons,  S. Dasgupta,  M. Diedenhofen,  Hainam Do,  R. G. Edgar,  
 Po-Tung Fang,  S. Fatehi,  Qingguo Feng,  Qinghui Ge,  A. Ghysels,  
 J. Gomes,  J. Gonthier,  A. Gunina,  M. W. D. Hanson-Heine,  
 P. H. P. Harbach,  A. W. Hauser,  J. E. Herr,  E. G. Hohenstein,  
 Z. C. Holden,  Kerwin Hui,  T.-C. Jagau,  Hyunjun Ji,  B. Kaduk,  
 K. Khistyaev,  Jaehoon Kim,  P. Klunzinger,  K. Koh,  D. Kosenkov,  
 T. Kowalczyk,  C. M. Krauter,  A. Kunitsa,  Ka Un Lao,  A. Laurent,  
 K. V. Lawler,  Joonho Lee,  D. Lefrancois,  S. Lehtola,  D. S. Levine,  
 Yi-Pei Li,  You-Sheng Lin,  Fenglai Liu,  E. Livshits,  A. Luenser,  
 P. Manohar,  E. Mansoor,  S. F. Manzer,  Shan-Ping Mao,  Yuezhi Mao,  
 N. Mardirossian,  A. V. Marenich,  L. A. Martinez-Martinez,  S. A. Maurer,  
 N. J. Mayhall,  S. C. McKenzie,  J.-M. Mewes,  A. F. Morrison,  K. Nanda,  
 T. S. Nguyen-Beck,  R. Olivares-Amaya,  J. A. Parkhill,  T. M. Perrine,  
 F. Plasser,  S. Prager,  A. Prociuk,  D. R. Rehn,  F. Rob,  M. Schneider,  
 N. Sergueev,  S. M. Sharada,  S. Sharma,  D. W. Small,  T. Stauch,  
 T. Stein,  Yu-Chuan Su,  A. J. W. Thom,  T. Tsuchimochi,  L. Vogt,  
 O. Vydrov,  M. A. Watson,  J. Wenzel,  M. de Wergifosse,  T. A. Wesolowski,  
 A. White,  J. Witte,  A. Yamada,  Jun Yang,  K. Yao,  S. Yeganeh,  
 S. R. Yost,  Zhi-Qiang You,  A. Zech,  Igor Ying Zhang,  Xing Zhang,  
 Yan Zhao,  Ying Zhu,  B. R. Brooks,  G. K. L. Chan,  C. J. Cramer,  
 M. S. Gordon,  W. J. Hehre,  A. Klamt,  M. W. Schmidt,  C. D. Sherrill,  
 D. G. Truhlar,  A. Aspuru-Guzik,  R. Baer,  A. T. Bell,  N. A. Besley,  
 Jeng-Da Chai,  A. Dreuw,  B. D. Dunietz,  T. R. Furlani,  Chao-Ping Hsu,  
 Yousung Jung,  Jing Kong,  D. S. Lambrecht,  WanZhen Liang,  C. Ochsenfeld,  
 V. A. Rassolov,  L. V. Slipchenko,  J. E. Subotnik,  T. Van Voorhis,  
 J. M. Herbert,  A. I. Krylov,  P. M. W. Gill,  M. Head-Gordon

 Contributors to earlier versions of Q-Chem not listed above: 
 R. D. Adamson,  B. Austin,  J. Baker,  G. J. O. Beran,  K. Brandhorst,  
 S. T. Brown,  E. F. C. Byrd,  A. K. Chakraborty,  C.-L. Cheng,  
 Siu Hung Chien,  D. M. Chipman,  D. L. Crittenden,  H. Dachsel,  
 R. A. DiStasio Jr.,  R. J. Doerksen,  A. D. Dutoi,  L. Fusti-Molnar,  
 W. A. Goddard III,  A. Golubeva-Zadorozhnaya,  S. R. Gwaltney,  G. Hawkins,  
 A. Heyden,  S. Hirata,  G. Kedziora,  F. J. Keil,  C. Kelley,  Jihan Kim,  
 R. A. King,  R. Z. Khaliullin,  P. P. Korambath,  W. Kurlancheek,  
 A. M. Lee,  M. S. Lee,  S. V. Levchenko,  Ching Yeh Lin,  D. Liotard,  
 R. C. Lochan,  I. Lotan,  P. E. Maslen,  N. Nair,  D. P. O'Neill,  
 D. Neuhauser,  E. Neuscamman,  C. M. Oana,  R. Olson,  B. Peters,  
 R. Peverati,  P. A. Pieniazek,  Y. M. Rhee,  J. Ritchie,  M. A. Rohrdanz,  
 E. Rosta,  N. J. Russ,  H. F. Schaefer III,  N. E. Schultz,  N. Shenvi,  
 A. C. Simmonett,  A. Sodt,  D. Stuck,  K. S. Thanthiriwatte,  V. Vanovschi,  
 Tao Wang,  A. Warshel,  C. F. Williams,  Q. Wu,  X. Xu,  W. Zhang

 Please cite Q-Chem as follows:
 Y. Shao et al., Mol. Phys. 113, 184-215 (2015)
 DOI: 10.1080/00268976.2014.952696

 Q-Chem 5.0.1 for Intel X86 EM64T Linux

 Parts of Q-Chem use Armadillo 5.200.1 (Boston Tea Smuggler).
 http://arma.sourceforge.net/

 Q-Chem begins on Mon Apr  2 02:22:19 2018  

Host: vega03.cac.cornell.edu
0

     Scratch files written to /scratch/jj585/vdw/11n11_distance_4.400_11.save//
 Parallel job on  1  processors

Checking the input file for inconsistencies... 	...done.

--------------------------------------------------------------
User input:
--------------------------------------------------------------
$molecule
0  1
--
0  1
C        -0.54444000        -0.68370000        -0.06689000
C        -0.55709000        +0.71878000        +0.05493000
C        +0.74969000        -1.43776000        -0.09374000
C        +0.72843000        +1.48436000        +0.06598000
O        +1.53645000        -1.09176000        +0.94813000
O        +1.04702000        -2.28405000        -0.90088000
O        +1.53784000        +1.08301000        -0.93877000
O        +1.01035000        +2.37097000        +0.83478000
C        +2.83449000        +1.70121000        -0.99358000
C        +2.82316000        -1.73208000        +1.00475000
C        -1.74320000        -1.41616000        -0.12552000
C        -2.93952000        -0.70056000        -0.05285000
C        -2.95313000        +0.68255000        +0.06934000
C        -1.77161000        +1.42404000        +0.12810000
H        +2.73835000        +2.77989000        -1.12464000
H        +2.70778000        -2.81319000        +1.09555000
H        -3.90354000        +1.20325000        +0.11710000
H        +3.38998000        +1.50093000        -0.07544000
H        +3.33184000        +1.25269000        -1.85067000
H        +3.31095000        -1.32281000        +1.88650000
H        +3.39889000        -1.50934000        +0.10459000
H        -3.87892000        -1.24211000        -0.08988000
C        -1.83960000        +2.92746000        +0.24839000
C        -1.78103000        -2.92226000        -0.24590000
H        -1.39752000        -3.25223000        -1.21323000
H        -2.80572000        -3.28175000        -0.13627000
H        -1.16958000        -3.40777000        +0.51926000
H        -1.24214000        +3.42352000        -0.52065000
H        -1.45503000        +3.26427000        +1.21284000
H        -2.87211000        +3.26623000        +0.14638000
--
0  1
C        -0.51416000        -1.06734000        +4.31625000
C        -0.52681000        +0.33514000        +4.43807000
C        +0.77997000        -1.82140000        +4.28940000
C        +0.75871000        +1.10072000        +4.44912000
O        +1.56673000        -1.47540000        +5.33127000
O        +1.07730000        -2.66769000        +3.48226000
O        +1.56812000        +0.69937000        +3.44437000
O        +1.04063000        +1.98733000        +5.21792000
C        +2.86477000        +1.31757000        +3.38956000
C        +2.85344000        -2.11572000        +5.38789000
C        -1.71292000        -1.79980000        +4.25762000
C        -2.90924000        -1.08420000        +4.33029000
C        -2.92285000        +0.29891000        +4.45248000
C        -1.74133000        +1.04040000        +4.51124000
H        +2.76863000        +2.39625000        +3.25850000
H        +2.73806000        -3.19683000        +5.47869000
H        -3.87326000        +0.81961000        +4.50024000
H        +3.42026000        +1.11729000        +4.30770000
H        +3.36212000        +0.86905000        +2.53247000
H        +3.34123000        -1.70645000        +6.26964000
H        +3.42917000        -1.89298000        +4.48773000
H        -3.84864000        -1.62575000        +4.29326000
C        -1.80932000        +2.54382000        +4.63153000
C        -1.75075000        -3.30590000        +4.13724000
H        -1.36724000        -3.63587000        +3.16991000
H        -2.77544000        -3.66539000        +4.24687000
H        -1.13930000        -3.79141000        +4.90240000
H        -1.21186000        +3.03988000        +3.86249000
H        -1.42475000        +2.88063000        +5.59598000
H        -2.84183000        +2.88259000        +4.52952000
$end

$rem
JOBTYPE                   SP
METHOD                    B3LYP
DFT_D                     d3_op
BASIS                     6-311++G(d,p)
SYMMETRY                  False
THRESH                    12
SCF_CONVERGENCE           8
MAX_SUB_FILE_NUM          128
MEM_STATIC                400
MEM_TOTAL                 4000
$end
--------------------------------------------------------------
 Adding empirical dispersion correction 
 ----------------------------------------------------------------
 Doing -D3(op) with
 s6 =   1.00000
 s8 =   0.78311
 a1 =   0.30000
 a2 =   4.25000
 n  =  10.00000
 -D3 energy without 3body term =     -0.0827970534 hartrees
 ----------------------------------------------------------------
             Standard Nuclear Orientation (Angstroms)
    I     Atom           X                Y                Z
 ----------------------------------------------------------------
    1      C      -2.1172564018     0.4796038394     0.9622634554
    2      C      -2.2818636627     0.5401161943    -0.4345876425
    3      C      -1.9672340032    -0.8382088572     1.6586561891
    4      C      -2.4022413491    -0.7196082293    -1.2329610505
    5      O      -1.0025853263    -1.5868405335     1.0814179905
    6      O      -2.5809203277    -1.1827867450     2.6388306873
    7      O      -3.2899918195    -1.5666447449    -0.6671190437
    8      O      -1.8235972116    -0.9534834872    -2.2659581194
    9      C      -3.4448442525    -2.8438664034    -1.3083695077
   10      C      -0.7939731341    -2.8914904255     1.6499316345
   11      C      -2.0485700917     1.6524911937     1.7346481465
   12      C      -2.1441497590     2.8725093332     1.0631080526
   13      C      -2.3044947443     2.9333717639    -0.3148230598
   14      C      -2.3751971903     1.7780017066    -1.0954451597
   15      H      -3.7931076436    -2.7166868304    -2.3342876975
   16      H      -0.4885295874    -2.8084246771     2.6940390705
   17      H      -2.3805233476     3.9008292251    -0.7995233670
   18      H      -2.4951138450    -3.3820021548    -1.3175534174
   19      H      -4.1842110608    -3.3768634960    -0.7147523727
   20      H      -0.0044029127    -3.3434417218     1.0539090084
   21      H      -1.7098352298    -3.4824604981     1.5923368347
   22      H      -2.0881555241     3.7928962941     1.6348356723
   23      C      -2.5627358193     1.8969923729    -2.5887751650
   24      C      -1.8625238101     1.6391446466     3.2344709074
   25      H      -2.7359041515     1.2208822314     3.7384062021
   26      H      -1.7013167576     2.6542839189     3.6015484702
   27      H      -1.0038675046     1.0321075314     3.5332621021
   28      H      -3.4050905394     1.2963635352    -2.9411102635
   29      H      -1.6794322007     1.5479590471    -3.1267801077
   30      H      -2.7501273907     2.9368735563    -2.8622337111
   31      C       2.2526907251     0.5482713871     0.4534809242
   32      C       2.0880834642     0.6087837419    -0.9433701738
   33      C       2.4027131237    -0.7695413096     1.1498736578
   34      C       1.9677057777    -0.6509406816    -1.7417435818
   35      O       3.3673618006    -1.5181729858     0.5726354592
   36      O       1.7890267991    -1.1141191973     2.1300481561
   37      O       1.0799553073    -1.4979771972    -1.1759015749
   38      O       2.5463499152    -0.8848159395    -2.7747406507
   39      C       0.9251028744    -2.7751988557    -1.8171520389
   40      C       3.5759739928    -2.8228228778     1.1411491033
   41      C       2.3213770351     1.7211587413     1.2258656153
   42      C       2.2257973679     2.9411768809     0.5543255214
   43      C       2.0654523826     3.0020393116    -0.8236055910
   44      C       1.9947499365     1.8466692542    -1.6042276909
   45      H       0.5768394832    -2.6480192828    -2.8430702287
   46      H       3.8814175394    -2.7397571295     2.1852565392
   47      H       1.9894237792     3.9694967728    -1.3083058983
   48      H       1.8748332819    -3.3133346072    -1.8263359487
   49      H       0.1857360660    -3.3081959483    -1.2235349039
   50      H       4.3655442141    -3.2747741741     0.5451264772
   51      H       2.6601118970    -3.4137929504     1.0835543035
   52      H       2.2817916027     3.8615638418     1.1260531411
   53      C       1.8072113076     1.9656599205    -3.0975576962
   54      C       2.5074233167     1.7078121943     2.7256883762
   55      H       1.6340429754     1.2895497791     3.2296236709
   56      H       2.6686303692     2.7229514666     3.0927659390
   57      H       3.3660796222     1.1007750790     3.0244795708
   58      H       0.9648565874     1.3650310829    -3.4498927947
   59      H       2.6905149262     1.6166265948    -3.6355626389
   60      H       1.6198197362     3.0055411039    -3.3710162423
 ----------------------------------------------------------------
 Molecular Point Group                 C1    NOp =  1
 Largest Abelian Subgroup              C1    NOp =  1
 Nuclear Repulsion Energy =  3636.9505390357 hartrees
 There are      118 alpha and      118 beta electrons
 Requested basis set is 6-311++G(d,p)
 There are 332 shells and 900 basis functions

 Total QAlloc Memory Limit   4000 MB
 Mega-Array Size       392 MB
 MEM_STATIC part       400 MB
 A cutoff of  1.0D-12 yielded  39668 shell pairs
 There are    294505 function pairs (    312901 Cartesian)
 
 -------------------------------------------------------
 OpenMP Integral Computing Module                       
 Release: version 1.0, May 2013, Q-Chem Inc. Pittsburgh 
 -------------------------------------------------------
 Integral Job Info:
 Integral job number is                      11
 Integral operator is                         1
 short-range coefficients                     0
 long-range coefficients              100000000
 Omega coefficients                           0
 if combine SR and LR in K                    0
 Integral screening is                        0
 Integral computing path is                   2
 max size of driver memory is            800000
 size of driver memory is                593474
 size of scratch memory is              2361544
 max col of scratch BK array               1296
 max len of scratch array in speh3          155
 max len of scratch index in speh4           18
 max int batch size is                      520
 min int batch size is                       52
 fixed nKL is                                52
 max L of basis functions is                  2
 order of int derivative is                   0
 number of shells is                        332
 number of basis is                         932
 number of cartesian basis is               932
 number of contracted shell pairs         39668
 number of primitive shell pairs          84597
 maxK2 (contraction) of shell pair           36
 max number of K2 of shell pair               1
 max number of CS2 of shell pair           7948
 max number of PS2 of shell pair          13410
 mem total for path MDJ                  564504
 -------------------------------------------------------
 Smallest overlap matrix eigenvalue = 1.26E-08
 Linear dependence detected in AO basis
 Number of orthogonalized atomic orbitals = 889
 Maximum deviation from orthogonality = 1.790E-10

 Scale SEOQF with 1.000000e-01/1.000000e-01/1.000000e-01

 Standard Electronic Orientation quadrupole field applied
 Nucleus-field energy     =     0.0000000259 hartrees
 Guess from superposition of atomic densities
 Warning:  Energy on first SCF cycle will be non-variational
 A restricted hybrid HF-DFT SCF calculation will be
 performed using Pulay DIIS extrapolation
 Exchange:     0.2000 Hartree-Fock + 0.0800 Slater + 0.7200 B88
 Correlation:  0.1900 VWN1RPA + 0.8100 LYP
 Using SG-1 standard quadrature grid
 Dispersion:   Grimme D3
 SCF converges when DIIS error is below 1.0E-08
 using 2 threads for integral computing
 -------------------------------------------------------
 OpenMP Integral computing Module                
 Release: version 1.0, May 2013, Q-Chem Inc. Pittsburgh 
 -------------------------------------------------------
 -------------------------------------------------------
 OpenMP BLAS3 based DFT computing Module                
 Release: version 1.0, May 2013, Q-Chem Inc. Pittsburgh 
 -------------------------------------------------------
 ---------------------------------------
  Cycle       Energy         DIIS Error
 ---------------------------------------
    1   -1540.4173524648      2.16E-02
    2   -1533.1116465593      2.78E-03
    3   -1532.1030989886      4.68E-03
    4   -1533.6399019890      1.22E-03
    5   -1533.7579038711      2.79E-04
    6   -1533.7626538857      1.29E-04
    7   -1533.7638606723      3.30E-05
    8   -1533.7639207936      1.82E-05
    9   -1533.7639440271      3.27E-06
   10   -1533.7639448275      9.21E-07
   11   -1533.7639448946      3.90E-07
   12   -1533.7639449078      1.27E-07
   13   -1533.7639449092      4.11E-08
   14   -1533.7639449091      1.17E-08
   15   -1533.7639449093      7.93E-09 Convergence criterion met
 ---------------------------------------
 SCF time:  CPU 5137.55 s  wall 2579.36 s
 SCF   energy in the final basis set = -1533.76394491
 Total energy in the final basis set = -1533.76394491
 
 --------------------------------------------------------------
 
                    Orbital Energies (a.u.)
 --------------------------------------------------------------
 
 Alpha MOs
 -- Occupied --
-19.176 -19.175 -19.166 -19.165 -19.118 -19.118 -19.112 -19.111
-10.310 -10.310 -10.304 -10.303 -10.233 -10.233 -10.224 -10.223
-10.202 -10.202 -10.201 -10.201 -10.198 -10.198 -10.197 -10.197
-10.184 -10.183 -10.183 -10.183 -10.170 -10.170 -10.166 -10.166
 -1.119  -1.118  -1.108  -1.107  -1.030  -1.030  -1.023  -1.021
 -0.882  -0.881  -0.804  -0.803  -0.792  -0.791  -0.744  -0.743
 -0.731  -0.730  -0.722  -0.720  -0.672  -0.671  -0.646  -0.645
 -0.617  -0.616  -0.574  -0.573  -0.562  -0.559  -0.534  -0.533
 -0.515  -0.514  -0.510  -0.510  -0.490  -0.489  -0.484  -0.483
 -0.480  -0.475  -0.473  -0.468  -0.467  -0.464  -0.442  -0.438
 -0.435  -0.429  -0.428  -0.424  -0.420  -0.414  -0.413  -0.412
 -0.409  -0.408  -0.403  -0.402  -0.392  -0.391  -0.385  -0.384
 -0.378  -0.376  -0.370  -0.367  -0.359  -0.358  -0.357  -0.355
 -0.351  -0.350  -0.319  -0.317  -0.307  -0.305  -0.292  -0.292
 -0.287  -0.284  -0.265  -0.260  -0.252  -0.246
 -- Virtual --
 -0.057  -0.051  -0.034  -0.027  -0.015  -0.010  -0.005   0.002
  0.008   0.008   0.014   0.014   0.017   0.018   0.021   0.022
  0.027   0.028   0.030   0.034   0.035   0.042   0.043   0.045
  0.046   0.050   0.053   0.054   0.059   0.060   0.063   0.063
  0.069   0.071   0.072   0.078   0.080   0.083   0.088   0.094
  0.094   0.095   0.096   0.098   0.104   0.106   0.107   0.110
  0.110   0.112   0.113   0.113   0.117   0.121   0.124   0.124
  0.125   0.127   0.130   0.133   0.134   0.136   0.137   0.141
  0.142   0.142   0.144   0.145   0.146   0.146   0.149   0.150
  0.151   0.153   0.155   0.157   0.159   0.162   0.162   0.164
  0.169   0.172   0.172   0.173   0.175   0.175   0.177   0.180
  0.182   0.186   0.187   0.189   0.191   0.194   0.195   0.199
  0.203   0.204   0.206   0.209   0.210   0.211   0.215   0.217
  0.220   0.221   0.223   0.226   0.227   0.231   0.232   0.234
  0.237   0.238   0.240   0.241   0.244   0.248   0.250   0.252
  0.252   0.255   0.256   0.258   0.266   0.268   0.269   0.270
  0.273   0.274   0.275   0.279   0.281   0.283   0.285   0.288
  0.290   0.291   0.294   0.295   0.297   0.302   0.304   0.311
  0.312   0.314   0.318   0.319   0.322   0.323   0.327   0.331
  0.333   0.336   0.337   0.338   0.340   0.343   0.344   0.347
  0.350   0.354   0.357   0.358   0.360   0.362   0.370   0.373
  0.375   0.379   0.380   0.382   0.383   0.386   0.388   0.392
  0.396   0.396   0.397   0.401   0.403   0.405   0.410   0.411
  0.416   0.423   0.425   0.427   0.428   0.429   0.435   0.439
  0.442   0.448   0.451   0.454   0.459   0.462   0.471   0.477
  0.483   0.484   0.487   0.499   0.503   0.504   0.510   0.515
  0.516   0.522   0.525   0.529   0.535   0.542   0.544   0.548
  0.553   0.558   0.564   0.569   0.571   0.572   0.578   0.581
  0.586   0.586   0.587   0.591   0.595   0.602   0.606   0.610
  0.613   0.614   0.615   0.617   0.618   0.627   0.629   0.631
  0.638   0.645   0.646   0.657   0.658   0.661   0.666   0.667
  0.669   0.674   0.675   0.680   0.686   0.687   0.691   0.693
  0.694   0.700   0.702   0.708   0.711   0.716   0.720   0.722
  0.724   0.732   0.732   0.736   0.738   0.743   0.746   0.749
  0.755   0.756   0.758   0.766   0.768   0.773   0.779   0.781
  0.784   0.787   0.795   0.797   0.801   0.808   0.809   0.813
  0.819   0.821   0.824   0.825   0.827   0.835   0.838   0.839
  0.844   0.852   0.855   0.861   0.871   0.879   0.883   0.899
  0.909   0.912   0.920   0.924   0.941   0.943   0.947   0.956
  0.963   0.969   0.970   0.987   0.991   0.996   1.014   1.018
  1.019   1.022   1.031   1.033   1.045   1.050   1.054   1.062
  1.067   1.074   1.080   1.085   1.092   1.096   1.099   1.105
  1.110   1.113   1.118   1.128   1.143   1.154   1.164   1.165
  1.180   1.193   1.195   1.204   1.206   1.211   1.226   1.227
  1.236   1.237   1.240   1.248   1.259   1.260   1.266   1.278
  1.279   1.285   1.297   1.301   1.305   1.309   1.315   1.323
  1.324   1.329   1.342   1.343   1.357   1.361   1.368   1.374
  1.381   1.383   1.389   1.401   1.406   1.410   1.422   1.425
  1.430   1.435   1.441   1.447   1.453   1.459   1.468   1.473
  1.477   1.484   1.487   1.489   1.492   1.499   1.502   1.507
  1.508   1.513   1.515   1.523   1.537   1.538   1.539   1.548
  1.550   1.562   1.567   1.568   1.570   1.575   1.582   1.595
  1.597   1.602   1.609   1.610   1.612   1.620   1.620   1.624
  1.631   1.633   1.642   1.645   1.646   1.647   1.656   1.661
  1.664   1.667   1.675   1.676   1.683   1.700   1.701   1.709
  1.710   1.719   1.725   1.729   1.733   1.736   1.737   1.740
  1.741   1.747   1.755   1.764   1.772   1.784   1.789   1.793
  1.803   1.804   1.808   1.811   1.813   1.824   1.828   1.833
  1.840   1.846   1.849   1.854   1.855   1.868   1.874   1.894
  1.897   1.901   1.902   1.910   1.914   1.915   1.926   1.930
  1.935   1.946   1.957   1.968   1.977   1.981   1.999   1.999
  2.004   2.015   2.024   2.026   2.035   2.057   2.059   2.065
  2.075   2.086   2.096   2.097   2.106   2.112   2.113   2.120
  2.123   2.132   2.133   2.138   2.153   2.153   2.155   2.172
  2.176   2.183   2.185   2.198   2.205   2.205   2.222   2.230
  2.244   2.263   2.269   2.291   2.307   2.314   2.327   2.334
  2.341   2.342   2.342   2.351   2.359   2.417   2.424   2.427
  2.443   2.462   2.465   2.484   2.501   2.510   2.511   2.512
  2.514   2.515   2.517   2.519   2.533   2.535   2.544   2.548
  2.566   2.572   2.574   2.578   2.582   2.587   2.592   2.597
  2.600   2.601   2.609   2.615   2.615   2.629   2.635   2.640
  2.642   2.651   2.663   2.668   2.675   2.679   2.681   2.701
  2.707   2.710   2.723   2.725   2.733   2.737   2.746   2.748
  2.753   2.770   2.779   2.785   2.786   2.810   2.813   2.822
  2.823   2.826   2.838   2.854   2.858   2.861   2.864   2.875
  2.876   2.895   2.899   2.911   2.915   2.917   2.923   2.925
  2.927   2.929   2.944   2.948   2.956   2.963   2.969   2.969
  2.974   2.995   3.010   3.027   3.038   3.051   3.057   3.073
  3.079   3.082   3.087   3.092   3.103   3.110   3.113   3.121
  3.122   3.143   3.151   3.170   3.178   3.207   3.215   3.218
  3.233   3.236   3.244   3.247   3.255   3.257   3.265   3.272
  3.280   3.285   3.295   3.306   3.310   3.332   3.353   3.396
  3.396   3.410   3.413   3.471   3.479   3.488   3.489   3.531
  3.549   3.598   3.601   3.623   3.624   3.633   3.645   3.707
  3.720   3.738   3.759   3.783   3.785   3.798   3.800   3.805
  3.807   3.810   3.811   3.812   3.818   3.835   3.841   3.863
  3.864   3.895   3.900   3.909   3.917   3.982   3.982   4.064
  4.069   4.078   4.088   4.092   4.105   4.148   4.154   4.181
  4.196   4.245   4.247   4.332   4.340   4.371   4.377   4.395
  4.398   4.867   4.877   5.088   5.095   5.164   5.175   5.191
  5.218   5.238   5.269   5.275   5.292   5.310   5.318   5.421
  5.429   5.470   5.492   5.630   5.639   5.645   5.653   5.905
  5.912   5.929   5.941  23.576  23.662  23.867  23.871  23.884
 23.893  23.933  23.935  23.946  23.947  23.953  23.959  23.960
 23.972  23.982  24.007  24.015  24.066  24.075  24.077  24.083
 24.085  24.170  24.177  49.904  49.922  49.952  49.962  50.024
 50.042  50.047  50.056
 --------------------------------------------------------------
 
          Ground-State Mulliken Net Atomic Charges

     Atom                 Charge (a.u.)
  ----------------------------------------
      1 C                     0.151727
      2 C                     0.297913
      3 C                    -0.551500
      4 C                    -0.857781
      5 O                     0.163593
      6 O                    -0.129035
      7 O                     0.125354
      8 O                    -0.090245
      9 C                    -0.141367
     10 C                    -0.328013
     11 C                     0.425473
     12 C                    -0.264844
     13 C                    -0.266093
     14 C                     0.257835
     15 H                     0.165480
     16 H                     0.217820
     17 H                     0.163511
     18 H                     0.181865
     19 H                     0.172750
     20 H                     0.074448
     21 H                     0.192539
     22 H                     0.163356
     23 C                    -0.576483
     24 C                    -0.595842
     25 H                     0.213274
     26 H                     0.124521
     27 H                     0.211065
     28 H                     0.174735
     29 H                     0.188402
     30 H                     0.140040
     31 C                     0.276122
     32 C                     0.181238
     33 C                    -0.901797
     34 C                    -0.546278
     35 O                     0.139636
     36 O                    -0.081608
     37 O                     0.133842
     38 O                    -0.127866
     39 C                    -0.329803
     40 C                    -0.126354
     41 C                     0.253315
     42 C                    -0.262083
     43 C                    -0.262628
     44 C                     0.436357
     45 H                     0.220233
     46 H                     0.164139
     47 H                     0.163497
     48 H                     0.196117
     49 H                     0.072902
     50 H                     0.173154
     51 H                     0.180353
     52 H                     0.163654
     53 C                    -0.594403
     54 C                    -0.577456
     55 H                     0.189580
     56 H                     0.141142
     57 H                     0.174584
     58 H                     0.210247
     59 H                     0.212484
     60 H                     0.123184
  ----------------------------------------
  Sum of atomic charges =    -0.000000

 -----------------------------------------------------------------
                    Cartesian Multipole Moments
 -----------------------------------------------------------------
    Charge (ESU x 10^10)
                -0.0000
    Dipole Moment (Debye)
         X       0.2041      Y      -0.0277      Z       0.1720
       Tot       0.2683
    Quadrupole Moments (Debye-Ang)
        XX    -193.2223     XY      -1.6079     YY    -155.6624
        XZ      17.6299     YZ       1.8101     ZZ    -198.6928
    Octopole Moments (Debye-Ang^2)
       XXX       5.2875    XXY     -48.7209    XYY       2.7306
       YYY     -83.7672    XXZ      -1.1443    XYZ     -25.9490
       YYZ      -5.8306    XZZ      -1.0113    YZZ      21.0194
       ZZZ       6.8871
    Hexadecapole Moments (Debye-Ang^3)
      XXXX   -6285.4844   XXXY     -27.3181   XXYY   -1605.6212
      XYYY      -5.7235   YYYY   -4133.8232   XXXZ     274.3079
      XXYZ      10.9932   XYYZ      58.9296   YYYZ      10.7512
      XXZZ   -1758.3274   XYZZ      -4.2466   YYZZ   -1338.4964
      XZZZ     117.4052   YZZZ      10.6310   ZZZZ   -4057.6133
 -----------------------------------------------------------------
Archival summary:
1\1\vega03.cac.cornell.edu\SP\ProcedureUnspecified\BasisUnspecified\82428\jj585\MonApr203:05:212018MonApr203:05:212018\0\\#,ProcedureUnspecified,BasisUnspecified,\\0,1\O\C,1,1.35063\O,2,1.20668,1,123.512\C,1,1.43835,2,115.94,3,4.13325,0\H,4,1.08762,1,105.403,2,179.104,0\H,4,1.09103,1,110.475,2,-61.3232,0\H,4,1.0915,1,110.399,2,59.3962,0\C,2,1.49803,1,111.128,3,177.348,0\C,8,1.40604,2,118.266,1,-126.75,0\C,9,1.3959,8,117.481,2,177.84,0\H,10,1.08495,9,118.972,8,-179.641,0\C,10,1.38856,9,121.575,8,0.160349,0\H,12,1.08475,10,119.38,9,179.653,0\C,12,1.39616,10,121.629,9,-0.129654,0\C,14,1.40634,12,117.536,10,0.183585,0\C,15,1.49626,14,119.012,12,177.857,0\O,16,1.2069,15,125.54,14,47.3939,0\O,16,1.3512,15,110.928,14,-130.615,0\C,18,1.43752,16,116.164,15,-177.05,0\H,19,1.08772,18,105.376,16,179.706,0\H,19,1.09086,18,110.507,16,-60.681,0\H,19,1.09163,18,110.367,16,60.0909,0\C,14,1.50976,12,119.611,10,179.442,0\H,23,1.09144,14,110.135,12,-7.24194,0\H,23,1.09156,14,111.21,12,113.289,0\H,23,1.09291,14,111.796,12,-127.427,0\C,9,1.51138,8,122.941,2,-1.44272,0\H,27,1.09144,9,110.104,8,172.262,0\H,27,1.09164,9,111.284,8,-67.2422,0\H,27,1.09319,9,111.89,8,52.1865,0\H,5,2.28564,4,126.872,1,-43.9638,0\C,31,1.08772,5,127.437,4,110.665,0\H,32,1.09086,31,110.694,5,-159.894,0\H,32,1.09163,31,110.757,5,78.9515,0\O,32,1.43752,31,105.376,5,-40.404,0\C,35,1.3512,32,116.164,31,179.706,0\O,36,1.2069,35,123.501,32,4.8931,0\C,36,1.49626,35,110.928,32,-177.05,0\C,38,1.40634,36,119.012,35,-130.615,0\C,39,1.39616,38,117.536,36,177.857,0\H,40,1.08475,39,118.991,38,-179.6,0\C,40,1.38856,39,121.629,38,0.183585,0\H,42,1.08495,40,119.453,39,179.671,0\C,42,1.3959,40,121.575,39,-0.129654,0\C,44,1.40604,42,117.481,40,0.160349,0\C,45,1.49803,44,118.266,42,177.84,0\O,46,1.20668,45,125.302,44,50.5403,0\O,46,1.35063,45,111.128,44,-126.75,0\C,48,1.43835,46,115.94,45,-178.519,0\H,49,1.08762,48,105.403,46,179.104,0\H,49,1.09103,48,110.475,46,-61.3232,0\H,49,1.0915,48,110.399,46,59.3962,0\C,39,1.50976,38,122.848,36,-1.37569,0\H,53,1.09144,39,110.135,38,171.975,0\H,53,1.09156,39,111.21,38,-67.4939,0\H,53,1.09291,39,111.796,38,51.7903,0\C,44,1.51138,42,119.574,40,179.468,0\H,57,1.09144,44,110.104,42,-7.00566,0\H,57,1.09164,44,111.284,42,113.49,0\H,57,1.09319,44,111.89,42,-127.081,0\\\@

 Total job time:  2581.85s(wall), 5140.63s(cpu) 
 Mon Apr  2 03:05:21 2018

        *************************************************************
        *                                                           *
        *  Thank you very much for using Q-Chem.  Have a nice day.  *
        *                                                           *
        *************************************************************


0 sent ACK to 0 
now end server 0 ... 
