mFile = /opt/software/qchem/qchem-5.0.1//bin/mpi/machines
Process 0 of 1 is on vega03.cac.cornell.edu - thread support 0
initial socket setup ...start
initial socket setup ...done 
now start server 0 ... 
vega03 10.84.3
Q-Chem Developer Version! Running on 10.84.3.*
                  Welcome to Q-Chem
     A Quantum Leap Into The Future Of Chemistry


 Q-Chem 5.0, Q-Chem, Inc., Pleasanton, CA (2017)

 Yihan Shao,  Zhengting Gan,  E. Epifanovsky,  A. T. B. Gilbert,  M. Wormit,  
 J. Kussmann,  A. W. Lange,  A. Behn,  Jia Deng,  Xintian Feng,  D. Ghosh,  
 M. Goldey,  P. R. Horn,  L. D. Jacobson,  I. Kaliman,  T. Kus,  A. Landau,  
 Jie Liu,  E. I. Proynov,  R. M. Richard,  R. P. Steele,  E. J. Sundstrom,  
 H. L. Woodcock III,  P. M. Zimmerman,  D. Zuev,  B. Albrecht,  E. Alguire,  
 S. A. Baeppler,  Z. Benda,  Y. A. Bernard,  E. J. Berquist,  K. B. Bravaya,  
 D. Casanova,  Chun-Min Chang,  Yunqing Chen,  A. Chien,  K. D. Closser,  
 M. P. Coons,  S. Dasgupta,  M. Diedenhofen,  Hainam Do,  R. G. Edgar,  
 Po-Tung Fang,  S. Fatehi,  Qingguo Feng,  Qinghui Ge,  A. Ghysels,  
 J. Gomes,  J. Gonthier,  A. Gunina,  M. W. D. Hanson-Heine,  
 P. H. P. Harbach,  A. W. Hauser,  J. E. Herr,  E. G. Hohenstein,  
 Z. C. Holden,  Kerwin Hui,  T.-C. Jagau,  Hyunjun Ji,  B. Kaduk,  
 K. Khistyaev,  Jaehoon Kim,  P. Klunzinger,  K. Koh,  D. Kosenkov,  
 T. Kowalczyk,  C. M. Krauter,  A. Kunitsa,  Ka Un Lao,  A. Laurent,  
 K. V. Lawler,  Joonho Lee,  D. Lefrancois,  S. Lehtola,  D. S. Levine,  
 Yi-Pei Li,  You-Sheng Lin,  Fenglai Liu,  E. Livshits,  A. Luenser,  
 P. Manohar,  E. Mansoor,  S. F. Manzer,  Shan-Ping Mao,  Yuezhi Mao,  
 N. Mardirossian,  A. V. Marenich,  L. A. Martinez-Martinez,  S. A. Maurer,  
 N. J. Mayhall,  S. C. McKenzie,  J.-M. Mewes,  A. F. Morrison,  K. Nanda,  
 T. S. Nguyen-Beck,  R. Olivares-Amaya,  J. A. Parkhill,  T. M. Perrine,  
 F. Plasser,  S. Prager,  A. Prociuk,  D. R. Rehn,  F. Rob,  M. Schneider,  
 N. Sergueev,  S. M. Sharada,  S. Sharma,  D. W. Small,  T. Stauch,  
 T. Stein,  Yu-Chuan Su,  A. J. W. Thom,  T. Tsuchimochi,  L. Vogt,  
 O. Vydrov,  M. A. Watson,  J. Wenzel,  M. de Wergifosse,  T. A. Wesolowski,  
 A. White,  J. Witte,  A. Yamada,  Jun Yang,  K. Yao,  S. Yeganeh,  
 S. R. Yost,  Zhi-Qiang You,  A. Zech,  Igor Ying Zhang,  Xing Zhang,  
 Yan Zhao,  Ying Zhu,  B. R. Brooks,  G. K. L. Chan,  C. J. Cramer,  
 M. S. Gordon,  W. J. Hehre,  A. Klamt,  M. W. Schmidt,  C. D. Sherrill,  
 D. G. Truhlar,  A. Aspuru-Guzik,  R. Baer,  A. T. Bell,  N. A. Besley,  
 Jeng-Da Chai,  A. Dreuw,  B. D. Dunietz,  T. R. Furlani,  Chao-Ping Hsu,  
 Yousung Jung,  Jing Kong,  D. S. Lambrecht,  WanZhen Liang,  C. Ochsenfeld,  
 V. A. Rassolov,  L. V. Slipchenko,  J. E. Subotnik,  T. Van Voorhis,  
 J. M. Herbert,  A. I. Krylov,  P. M. W. Gill,  M. Head-Gordon

 Contributors to earlier versions of Q-Chem not listed above: 
 R. D. Adamson,  B. Austin,  J. Baker,  G. J. O. Beran,  K. Brandhorst,  
 S. T. Brown,  E. F. C. Byrd,  A. K. Chakraborty,  C.-L. Cheng,  
 Siu Hung Chien,  D. M. Chipman,  D. L. Crittenden,  H. Dachsel,  
 R. A. DiStasio Jr.,  R. J. Doerksen,  A. D. Dutoi,  L. Fusti-Molnar,  
 W. A. Goddard III,  A. Golubeva-Zadorozhnaya,  S. R. Gwaltney,  G. Hawkins,  
 A. Heyden,  S. Hirata,  G. Kedziora,  F. J. Keil,  C. Kelley,  Jihan Kim,  
 R. A. King,  R. Z. Khaliullin,  P. P. Korambath,  W. Kurlancheek,  
 A. M. Lee,  M. S. Lee,  S. V. Levchenko,  Ching Yeh Lin,  D. Liotard,  
 R. C. Lochan,  I. Lotan,  P. E. Maslen,  N. Nair,  D. P. O'Neill,  
 D. Neuhauser,  E. Neuscamman,  C. M. Oana,  R. Olson,  B. Peters,  
 R. Peverati,  P. A. Pieniazek,  Y. M. Rhee,  J. Ritchie,  M. A. Rohrdanz,  
 E. Rosta,  N. J. Russ,  H. F. Schaefer III,  N. E. Schultz,  N. Shenvi,  
 A. C. Simmonett,  A. Sodt,  D. Stuck,  K. S. Thanthiriwatte,  V. Vanovschi,  
 Tao Wang,  A. Warshel,  C. F. Williams,  Q. Wu,  X. Xu,  W. Zhang

 Please cite Q-Chem as follows:
 Y. Shao et al., Mol. Phys. 113, 184-215 (2015)
 DOI: 10.1080/00268976.2014.952696

 Q-Chem 5.0.1 for Intel X86 EM64T Linux

 Parts of Q-Chem use Armadillo 5.200.1 (Boston Tea Smuggler).
 http://arma.sourceforge.net/

 Q-Chem begins on Mon Apr  2 00:58:46 2018  

Host: vega03.cac.cornell.edu
0

     Scratch files written to /scratch/jj585/vdw/11n11_distance_4.400_10.save//
 Parallel job on  1  processors

Checking the input file for inconsistencies... 	...done.

--------------------------------------------------------------
User input:
--------------------------------------------------------------
$molecule
0  1
C        -0.54444000        -0.68370000        -0.06689000
C        -0.55709000        +0.71878000        +0.05493000
C        +0.74969000        -1.43776000        -0.09374000
C        +0.72843000        +1.48436000        +0.06598000
O        +1.53645000        -1.09176000        +0.94813000
O        +1.04702000        -2.28405000        -0.90088000
O        +1.53784000        +1.08301000        -0.93877000
O        +1.01035000        +2.37097000        +0.83478000
C        +2.83449000        +1.70121000        -0.99358000
C        +2.82316000        -1.73208000        +1.00475000
C        -1.74320000        -1.41616000        -0.12552000
C        -2.93952000        -0.70056000        -0.05285000
C        -2.95313000        +0.68255000        +0.06934000
C        -1.77161000        +1.42404000        +0.12810000
H        +2.73835000        +2.77989000        -1.12464000
H        +2.70778000        -2.81319000        +1.09555000
H        -3.90354000        +1.20325000        +0.11710000
H        +3.38998000        +1.50093000        -0.07544000
H        +3.33184000        +1.25269000        -1.85067000
H        +3.31095000        -1.32281000        +1.88650000
H        +3.39889000        -1.50934000        +0.10459000
H        -3.87892000        -1.24211000        -0.08988000
C        -1.83960000        +2.92746000        +0.24839000
C        -1.78103000        -2.92226000        -0.24590000
H        -1.39752000        -3.25223000        -1.21323000
H        -2.80572000        -3.28175000        -0.13627000
H        -1.16958000        -3.40777000        +0.51926000
H        -1.24214000        +3.42352000        -0.52065000
H        -1.45503000        +3.26427000        +1.21284000
H        -2.87211000        +3.26623000        +0.14638000
@C        -0.51416000        -1.06734000        +4.31625000
@C        -0.52681000        +0.33514000        +4.43807000
@C        +0.77997000        -1.82140000        +4.28940000
@C        +0.75871000        +1.10072000        +4.44912000
@O        +1.56673000        -1.47540000        +5.33127000
@O        +1.07730000        -2.66769000        +3.48226000
@O        +1.56812000        +0.69937000        +3.44437000
@O        +1.04063000        +1.98733000        +5.21792000
@C        +2.86477000        +1.31757000        +3.38956000
@C        +2.85344000        -2.11572000        +5.38789000
@C        -1.71292000        -1.79980000        +4.25762000
@C        -2.90924000        -1.08420000        +4.33029000
@C        -2.92285000        +0.29891000        +4.45248000
@C        -1.74133000        +1.04040000        +4.51124000
@H        +2.76863000        +2.39625000        +3.25850000
@H        +2.73806000        -3.19683000        +5.47869000
@H        -3.87326000        +0.81961000        +4.50024000
@H        +3.42026000        +1.11729000        +4.30770000
@H        +3.36212000        +0.86905000        +2.53247000
@H        +3.34123000        -1.70645000        +6.26964000
@H        +3.42917000        -1.89298000        +4.48773000
@H        -3.84864000        -1.62575000        +4.29326000
@C        -1.80932000        +2.54382000        +4.63153000
@C        -1.75075000        -3.30590000        +4.13724000
@H        -1.36724000        -3.63587000        +3.16991000
@H        -2.77544000        -3.66539000        +4.24687000
@H        -1.13930000        -3.79141000        +4.90240000
@H        -1.21186000        +3.03988000        +3.86249000
@H        -1.42475000        +2.88063000        +5.59598000
@H        -2.84183000        +2.88259000        +4.52952000
$end

$rem
JOBTYPE                   SP
METHOD                    B3LYP
DFT_D                     d3_op
BASIS                     6-311++G(d,p)
SYMMETRY                  False
THRESH                    12
SCF_CONVERGENCE           8
MAX_SUB_FILE_NUM          128
MEM_STATIC                400
MEM_TOTAL                 4000
$end
--------------------------------------------------------------
 Adding empirical dispersion correction 
 ----------------------------------------------------------------
 Doing -D3(op) with
 s6 =   1.00000
 s8 =   0.78311
 a1 =   0.30000
 a2 =   4.25000
 n  =  10.00000
 -D3 energy without 3body term =     -0.0335599997 hartrees
 ----------------------------------------------------------------
             Standard Nuclear Orientation (Angstroms)
    I     Atom           X                Y                Z
 ----------------------------------------------------------------
    1      C      -0.5444400000    -0.6837000000    -0.0668900000
    2      C      -0.5570900000     0.7187800000     0.0549300000
    3      C       0.7496900000    -1.4377600000    -0.0937400000
    4      C       0.7284300000     1.4843600000     0.0659800000
    5      O       1.5364500000    -1.0917600000     0.9481300000
    6      O       1.0470200000    -2.2840500000    -0.9008800000
    7      O       1.5378400000     1.0830100000    -0.9387700000
    8      O       1.0103500000     2.3709700000     0.8347800000
    9      C       2.8344900000     1.7012100000    -0.9935800000
   10      C       2.8231600000    -1.7320800000     1.0047500000
   11      C      -1.7432000000    -1.4161600000    -0.1255200000
   12      C      -2.9395200000    -0.7005600000    -0.0528500000
   13      C      -2.9531300000     0.6825500000     0.0693400000
   14      C      -1.7716100000     1.4240400000     0.1281000000
   15      H       2.7383500000     2.7798900000    -1.1246400000
   16      H       2.7077800000    -2.8131900000     1.0955500000
   17      H      -3.9035400000     1.2032500000     0.1171000000
   18      H       3.3899800000     1.5009300000    -0.0754400000
   19      H       3.3318400000     1.2526900000    -1.8506700000
   20      H       3.3109500000    -1.3228100000     1.8865000000
   21      H       3.3988900000    -1.5093400000     0.1045900000
   22      H      -3.8789200000    -1.2421100000    -0.0898800000
   23      C      -1.8396000000     2.9274600000     0.2483900000
   24      C      -1.7810300000    -2.9222600000    -0.2459000000
   25      H      -1.3975200000    -3.2522300000    -1.2132300000
   26      H      -2.8057200000    -3.2817500000    -0.1362700000
   27      H      -1.1695800000    -3.4077700000     0.5192600000
   28      H      -1.2421400000     3.4235200000    -0.5206500000
   29      H      -1.4550300000     3.2642700000     1.2128400000
   30      H      -2.8721100000     3.2662300000     0.1463800000
   31      GH     -0.5141600000    -1.0673400000     4.3162500000
   32      GH     -0.5268100000     0.3351400000     4.4380700000
   33      GH      0.7799700000    -1.8214000000     4.2894000000
   34      GH      0.7587100000     1.1007200000     4.4491200000
   35      GH      1.5667300000    -1.4754000000     5.3312700000
   36      GH      1.0773000000    -2.6676900000     3.4822600000
   37      GH      1.5681200000     0.6993700000     3.4443700000
   38      GH      1.0406300000     1.9873300000     5.2179200000
   39      GH      2.8647700000     1.3175700000     3.3895600000
   40      GH      2.8534400000    -2.1157200000     5.3878900000
   41      GH     -1.7129200000    -1.7998000000     4.2576200000
   42      GH     -2.9092400000    -1.0842000000     4.3302900000
   43      GH     -2.9228500000     0.2989100000     4.4524800000
   44      GH     -1.7413300000     1.0404000000     4.5112400000
   45      GH      2.7686300000     2.3962500000     3.2585000000
   46      GH      2.7380600000    -3.1968300000     5.4786900000
   47      GH     -3.8732600000     0.8196100000     4.5002400000
   48      GH      3.4202600000     1.1172900000     4.3077000000
   49      GH      3.3621200000     0.8690500000     2.5324700000
   50      GH      3.3412300000    -1.7064500000     6.2696400000
   51      GH      3.4291700000    -1.8929800000     4.4877300000
   52      GH     -3.8486400000    -1.6257500000     4.2932600000
   53      GH     -1.8093200000     2.5438200000     4.6315300000
   54      GH     -1.7507500000    -3.3059000000     4.1372400000
   55      GH     -1.3672400000    -3.6358700000     3.1699100000
   56      GH     -2.7754400000    -3.6653900000     4.2468700000
   57      GH     -1.1393000000    -3.7914100000     4.9024000000
   58      GH     -1.2118600000     3.0398800000     3.8624900000
   59      GH     -1.4247500000     2.8806300000     5.5959800000
   60      GH     -2.8418300000     2.8825900000     4.5295200000
 ----------------------------------------------------------------
 Nuclear Repulsion Energy =  1146.4724567292 hartrees
 There are       59 alpha and       59 beta electrons
 Requested basis set is 6-311++G(d,p)
 There are 332 shells and 900 basis functions

 Total QAlloc Memory Limit   4000 MB
 Mega-Array Size       392 MB
 MEM_STATIC part       400 MB
 A cutoff of  1.0D-12 yielded  39668 shell pairs
 There are    294505 function pairs (    312901 Cartesian)
 
 -------------------------------------------------------
 OpenMP Integral Computing Module                       
 Release: version 1.0, May 2013, Q-Chem Inc. Pittsburgh 
 -------------------------------------------------------
 Integral Job Info:
 Integral job number is                      11
 Integral operator is                         1
 short-range coefficients                     0
 long-range coefficients              100000000
 Omega coefficients                           0
 if combine SR and LR in K                    0
 Integral screening is                        0
 Integral computing path is                   2
 max size of driver memory is            800000
 size of driver memory is                593474
 size of scratch memory is              2361544
 max col of scratch BK array               1296
 max len of scratch array in speh3          155
 max len of scratch index in speh4           18
 max int batch size is                      520
 min int batch size is                       52
 fixed nKL is                                52
 max L of basis functions is                  2
 order of int derivative is                   0
 number of shells is                        332
 number of basis is                         932
 number of cartesian basis is               932
 number of contracted shell pairs         39668
 number of primitive shell pairs          84597
 maxK2 (contraction) of shell pair           36
 max number of K2 of shell pair               1
 max number of CS2 of shell pair           7948
 max number of PS2 of shell pair          13410
 mem total for path MDJ                  564504
 -------------------------------------------------------
 Smallest overlap matrix eigenvalue = 1.26E-08
 Linear dependence detected in AO basis
 Number of orthogonalized atomic orbitals = 889
 Maximum deviation from orthogonality = 9.125E-11

 Scale SEOQF with 1.000000e-01/1.000000e-01/1.000000e-02

 Standard Electronic Orientation quadrupole field applied
 Nucleus-field energy     =     0.0000000441 hartrees
 Guess from superposition of atomic densities
 Warning:  Energy on first SCF cycle will be non-variational

 Q-Chem warning in module /opt/software/qchem/qchem-5.0.1/libgen/Atomic_PolEc.C, line 58:

 No atomic polarizability available.


 Q-Chem warning in module /opt/software/qchem/qchem-5.0.1/libgen/Atomic_PolEc.C, line 73:

 No atomic polarizability available.


 Q-Chem warning in module /opt/software/qchem/qchem-5.0.1/libgen/Atomic_PolEc.C, line 58:

 No atomic polarizability available.


 Q-Chem warning in module /opt/software/qchem/qchem-5.0.1/libgen/Atomic_PolEc.C, line 73:

 No atomic polarizability available.


 Q-Chem warning in module /opt/software/qchem/qchem-5.0.1/libgen/Atomic_PolEc.C, line 58:

 No atomic polarizability available.


 Q-Chem warning in module /opt/software/qchem/qchem-5.0.1/libgen/Atomic_PolEc.C, line 73:

 No atomic polarizability available.


 Q-Chem warning in module /opt/software/qchem/qchem-5.0.1/libgen/Atomic_PolEc.C, line 58:

 No atomic polarizability available.


 Q-Chem warning in module /opt/software/qchem/qchem-5.0.1/libgen/Atomic_PolEc.C, line 73:

 No atomic polarizability available.


 Q-Chem warning in module /opt/software/qchem/qchem-5.0.1/libgen/Atomic_PolEc.C, line 58:

 No atomic polarizability available.


 Q-Chem warning in module /opt/software/qchem/qchem-5.0.1/libgen/Atomic_PolEc.C, line 73:

 No atomic polarizability available.


 Q-Chem warning in module /opt/software/qchem/qchem-5.0.1/libgen/Atomic_PolEc.C, line 58:

 No atomic polarizability available.


 Q-Chem warning in module /opt/software/qchem/qchem-5.0.1/libgen/Atomic_PolEc.C, line 73:

 No atomic polarizability available.


 Q-Chem warning in module /opt/software/qchem/qchem-5.0.1/libgen/Atomic_PolEc.C, line 58:

 No atomic polarizability available.


 Q-Chem warning in module /opt/software/qchem/qchem-5.0.1/libgen/Atomic_PolEc.C, line 73:

 No atomic polarizability available.


 Q-Chem warning in module /opt/software/qchem/qchem-5.0.1/libgen/Atomic_PolEc.C, line 58:

 No atomic polarizability available.


 Q-Chem warning in module /opt/software/qchem/qchem-5.0.1/libgen/Atomic_PolEc.C, line 73:

 No atomic polarizability available.


 Q-Chem warning in module /opt/software/qchem/qchem-5.0.1/libgen/Atomic_PolEc.C, line 58:

 No atomic polarizability available.


 Q-Chem warning in module /opt/software/qchem/qchem-5.0.1/libgen/Atomic_PolEc.C, line 73:

 No atomic polarizability available.


 Q-Chem warning in module /opt/software/qchem/qchem-5.0.1/libgen/Atomic_PolEc.C, line 58:

 No atomic polarizability available.


 Q-Chem warning in module /opt/software/qchem/qchem-5.0.1/libgen/Atomic_PolEc.C, line 73:

 No atomic polarizability available.


 Q-Chem warning in module /opt/software/qchem/qchem-5.0.1/libgen/Atomic_PolEc.C, line 58:

 No atomic polarizability available.


 Q-Chem warning in module /opt/software/qchem/qchem-5.0.1/libgen/Atomic_PolEc.C, line 73:

 No atomic polarizability available.


 Q-Chem warning in module /opt/software/qchem/qchem-5.0.1/libgen/Atomic_PolEc.C, line 58:

 No atomic polarizability available.


 Q-Chem warning in module /opt/software/qchem/qchem-5.0.1/libgen/Atomic_PolEc.C, line 73:

 No atomic polarizability available.


 Q-Chem warning in module /opt/software/qchem/qchem-5.0.1/libgen/Atomic_PolEc.C, line 58:

 No atomic polarizability available.


 Q-Chem warning in module /opt/software/qchem/qchem-5.0.1/libgen/Atomic_PolEc.C, line 73:

 No atomic polarizability available.


 Q-Chem warning in module /opt/software/qchem/qchem-5.0.1/libgen/Atomic_PolEc.C, line 58:

 No atomic polarizability available.


 Q-Chem warning in module /opt/software/qchem/qchem-5.0.1/libgen/Atomic_PolEc.C, line 73:

 No atomic polarizability available.


 Q-Chem warning in module /opt/software/qchem/qchem-5.0.1/libgen/Atomic_PolEc.C, line 58:

 No atomic polarizability available.


 Q-Chem warning in module /opt/software/qchem/qchem-5.0.1/libgen/Atomic_PolEc.C, line 73:

 No atomic polarizability available.


 Q-Chem warning in module /opt/software/qchem/qchem-5.0.1/libgen/Atomic_PolEc.C, line 58:

 No atomic polarizability available.


 Q-Chem warning in module /opt/software/qchem/qchem-5.0.1/libgen/Atomic_PolEc.C, line 73:

 No atomic polarizability available.


 Q-Chem warning in module /opt/software/qchem/qchem-5.0.1/libgen/Atomic_PolEc.C, line 58:

 No atomic polarizability available.


 Q-Chem warning in module /opt/software/qchem/qchem-5.0.1/libgen/Atomic_PolEc.C, line 73:

 No atomic polarizability available.


 Q-Chem warning in module /opt/software/qchem/qchem-5.0.1/libgen/Atomic_PolEc.C, line 58:

 No atomic polarizability available.


 Q-Chem warning in module /opt/software/qchem/qchem-5.0.1/libgen/Atomic_PolEc.C, line 73:

 No atomic polarizability available.


 Q-Chem warning in module /opt/software/qchem/qchem-5.0.1/libgen/Atomic_PolEc.C, line 58:

 No atomic polarizability available.


 Q-Chem warning in module /opt/software/qchem/qchem-5.0.1/libgen/Atomic_PolEc.C, line 73:

 No atomic polarizability available.


 Q-Chem warning in module /opt/software/qchem/qchem-5.0.1/libgen/Atomic_PolEc.C, line 58:

 No atomic polarizability available.


 Q-Chem warning in module /opt/software/qchem/qchem-5.0.1/libgen/Atomic_PolEc.C, line 73:

 No atomic polarizability available.


 Q-Chem warning in module /opt/software/qchem/qchem-5.0.1/libgen/Atomic_PolEc.C, line 58:

 No atomic polarizability available.


 Q-Chem warning in module /opt/software/qchem/qchem-5.0.1/libgen/Atomic_PolEc.C, line 73:

 No atomic polarizability available.


 Q-Chem warning in module /opt/software/qchem/qchem-5.0.1/libgen/Atomic_PolEc.C, line 58:

 No atomic polarizability available.


 Q-Chem warning in module /opt/software/qchem/qchem-5.0.1/libgen/Atomic_PolEc.C, line 73:

 No atomic polarizability available.


 Q-Chem warning in module /opt/software/qchem/qchem-5.0.1/libgen/Atomic_PolEc.C, line 58:

 No atomic polarizability available.


 Q-Chem warning in module /opt/software/qchem/qchem-5.0.1/libgen/Atomic_PolEc.C, line 73:

 No atomic polarizability available.


 Q-Chem warning in module /opt/software/qchem/qchem-5.0.1/libgen/Atomic_PolEc.C, line 58:

 No atomic polarizability available.


 Q-Chem warning in module /opt/software/qchem/qchem-5.0.1/libgen/Atomic_PolEc.C, line 73:

 No atomic polarizability available.


 Q-Chem warning in module /opt/software/qchem/qchem-5.0.1/libgen/Atomic_PolEc.C, line 58:

 No atomic polarizability available.


 Q-Chem warning in module /opt/software/qchem/qchem-5.0.1/libgen/Atomic_PolEc.C, line 73:

 No atomic polarizability available.


 Q-Chem warning in module /opt/software/qchem/qchem-5.0.1/libgen/Atomic_PolEc.C, line 58:

 No atomic polarizability available.


 Q-Chem warning in module /opt/software/qchem/qchem-5.0.1/libgen/Atomic_PolEc.C, line 73:

 No atomic polarizability available.


 Q-Chem warning in module /opt/software/qchem/qchem-5.0.1/libgen/Atomic_PolEc.C, line 58:

 No atomic polarizability available.


 Q-Chem warning in module /opt/software/qchem/qchem-5.0.1/libgen/Atomic_PolEc.C, line 73:

 No atomic polarizability available.


 Q-Chem warning in module /opt/software/qchem/qchem-5.0.1/libgen/Atomic_PolEc.C, line 58:

 No atomic polarizability available.


 Q-Chem warning in module /opt/software/qchem/qchem-5.0.1/libgen/Atomic_PolEc.C, line 73:

 No atomic polarizability available.


 Q-Chem warning in module /opt/software/qchem/qchem-5.0.1/libgen/Atomic_PolEc.C, line 58:

 No atomic polarizability available.


 Q-Chem warning in module /opt/software/qchem/qchem-5.0.1/libgen/Atomic_PolEc.C, line 73:

 No atomic polarizability available.


 Q-Chem warning in module /opt/software/qchem/qchem-5.0.1/libgen/Atomic_PolEc.C, line 58:

 No atomic polarizability available.


 Q-Chem warning in module /opt/software/qchem/qchem-5.0.1/libgen/Atomic_PolEc.C, line 73:

 No atomic polarizability available.

 A restricted hybrid HF-DFT SCF calculation will be
 performed using Pulay DIIS extrapolation
 Exchange:     0.2000 Hartree-Fock + 0.0800 Slater + 0.7200 B88
 Correlation:  0.1900 VWN1RPA + 0.8100 LYP
 Using SG-1 standard quadrature grid
 Dispersion:   Grimme D3
 SCF converges when DIIS error is below 1.0E-08
 using 2 threads for integral computing
 -------------------------------------------------------
 OpenMP Integral computing Module                
 Release: version 1.0, May 2013, Q-Chem Inc. Pittsburgh 
 -------------------------------------------------------
 -------------------------------------------------------
 OpenMP BLAS3 based DFT computing Module                
 Release: version 1.0, May 2013, Q-Chem Inc. Pittsburgh 
 -------------------------------------------------------
 ---------------------------------------
  Cycle       Energy         DIIS Error
 ---------------------------------------
    1    -770.1914919754      1.53E-02
    2    -766.5508179614      1.97E-03
    3    -766.0292693772      3.35E-03
    4    -766.8179536181      8.45E-04
    5    -766.8753269024      1.89E-04
    6    -766.8774218471      8.51E-05
    7    -766.8779472202      1.42E-05
    8    -766.8779609372      5.18E-06
    9    -766.8779632154      1.25E-06
   10    -766.8779633085      7.06E-07
   11    -766.8779633604      1.48E-07
   12    -766.8779633621      6.52E-08
   13    -766.8779633623      2.88E-08
   14    -766.8779633623      6.09E-09 Convergence criterion met
 ---------------------------------------
 SCF time:  CPU 5025.26 s  wall 2524.00 s
 SCF   energy in the final basis set = -766.87796336
 Total energy in the final basis set = -766.87796336
 
 --------------------------------------------------------------
 
                    Orbital Energies (a.u.)
 --------------------------------------------------------------
 
 Alpha MOs
 -- Occupied --
-19.176 -19.176 -19.119 -19.119 -10.311 -10.311 -10.232 -10.232
-10.205 -10.205 -10.201 -10.201 -10.187 -10.186 -10.171 -10.170
 -1.121  -1.114  -1.031  -1.030  -0.885  -0.807  -0.795  -0.747
 -0.734  -0.725  -0.675  -0.649  -0.620  -0.577  -0.565  -0.537
 -0.517  -0.515  -0.491  -0.489  -0.480  -0.477  -0.469  -0.442
 -0.434  -0.429  -0.420  -0.416  -0.411  -0.406  -0.396  -0.387
 -0.380  -0.373  -0.362  -0.359  -0.357  -0.321  -0.313  -0.293
 -0.292  -0.266  -0.253
 -- Virtual --
 -0.058  -0.034  -0.012  -0.006  -0.000   0.009   0.011   0.013
  0.019   0.022   0.025   0.028   0.030   0.035   0.037   0.040
  0.044   0.048   0.049   0.056   0.058   0.058   0.061   0.064
  0.067   0.071   0.074   0.074   0.078   0.084   0.089   0.091
  0.092   0.095   0.098   0.101   0.102   0.104   0.107   0.109
  0.111   0.112   0.113   0.119   0.120   0.122   0.126   0.128
  0.129   0.132   0.133   0.135   0.139   0.140   0.141   0.143
  0.145   0.146   0.148   0.151   0.153   0.154   0.156   0.159
  0.161   0.165   0.166   0.168   0.171   0.173   0.174   0.178
  0.179   0.180   0.184   0.187   0.189   0.189   0.193   0.194
  0.198   0.200   0.202   0.205   0.207   0.208   0.212   0.213
  0.217   0.219   0.222   0.224   0.225   0.229   0.231   0.232
  0.235   0.237   0.238   0.239   0.243   0.249   0.250   0.251
  0.252   0.255   0.259   0.261   0.264   0.265   0.268   0.269
  0.271   0.274   0.277   0.279   0.279   0.283   0.288   0.291
  0.293   0.296   0.298   0.302   0.306   0.307   0.312   0.315
  0.317   0.320   0.324   0.326   0.326   0.331   0.334   0.337
  0.338   0.339   0.343   0.346   0.352   0.353   0.355   0.356
  0.360   0.362   0.367   0.371   0.374   0.377   0.382   0.383
  0.384   0.386   0.390   0.393   0.395   0.399   0.400   0.405
  0.409   0.412   0.412   0.414   0.421   0.423   0.427   0.428
  0.432   0.437   0.438   0.447   0.448   0.450   0.453   0.457
  0.462   0.464   0.472   0.475   0.479   0.484   0.487   0.489
  0.492   0.494   0.497   0.502   0.506   0.512   0.513   0.520
  0.522   0.529   0.535   0.538   0.543   0.546   0.549   0.555
  0.562   0.567   0.571   0.574   0.578   0.579   0.588   0.592
  0.594   0.596   0.603   0.607   0.612   0.616   0.618   0.620
  0.625   0.625   0.631   0.635   0.638   0.645   0.645   0.648
  0.653   0.653   0.660   0.668   0.672   0.672   0.676   0.679
  0.686   0.688   0.694   0.698   0.700   0.701   0.702   0.711
  0.717   0.718   0.721   0.726   0.733   0.737   0.740   0.742
  0.746   0.749   0.757   0.759   0.764   0.767   0.769   0.778
  0.778   0.782   0.788   0.793   0.797   0.801   0.805   0.813
  0.814   0.817   0.826   0.834   0.835   0.839   0.841   0.849
  0.858   0.864   0.871   0.888   0.889   0.893   0.899   0.919
  0.929   0.934   0.940   0.943   0.947   0.957   0.958   0.961
  0.981   0.985   0.990   0.998   1.004   1.007   1.013   1.022
  1.030   1.035   1.037   1.040   1.043   1.056   1.062   1.065
  1.070   1.075   1.082   1.086   1.096   1.100   1.103   1.105
  1.110   1.121   1.127   1.135   1.140   1.146   1.152   1.162
  1.167   1.169   1.171   1.180   1.191   1.204   1.210   1.214
  1.216   1.226   1.239   1.241   1.245   1.259   1.264   1.271
  1.277   1.287   1.295   1.302   1.309   1.317   1.324   1.331
  1.337   1.342   1.343   1.358   1.367   1.379   1.384   1.388
  1.399   1.410   1.414   1.422   1.433   1.435   1.441   1.457
  1.460   1.468   1.478   1.487   1.493   1.500   1.506   1.521
  1.527   1.528   1.539   1.545   1.549   1.552   1.556   1.564
  1.566   1.571   1.587   1.594   1.597   1.600   1.601   1.607
  1.617   1.618   1.624   1.630   1.636   1.641   1.647   1.654
  1.659   1.665   1.668   1.683   1.686   1.694   1.698   1.710
  1.725   1.730   1.732   1.735   1.737   1.742   1.754   1.755
  1.761   1.769   1.772   1.775   1.786   1.788   1.796   1.801
  1.804   1.807   1.809   1.812   1.824   1.826   1.830   1.837
  1.842   1.843   1.849   1.853   1.858   1.864   1.872   1.880
  1.889   1.893   1.898   1.902   1.905   1.908   1.912   1.915
  1.921   1.928   1.937   1.946   1.953   1.957   1.961   1.971
  1.975   1.985   1.994   2.000   2.013   2.018   2.025   2.033
  2.034   2.044   2.054   2.068   2.073   2.090   2.095   2.097
  2.100   2.112   2.112   2.114   2.122   2.127   2.131   2.142
  2.144   2.149   2.155   2.164   2.170   2.176   2.182   2.189
  2.194   2.200   2.210   2.217   2.222   2.235   2.239   2.259
  2.296   2.305   2.313   2.318   2.324   2.334   2.336   2.341
  2.343   2.348   2.358   2.367   2.379   2.385   2.393   2.402
  2.412   2.419   2.432   2.440   2.453   2.466   2.471   2.478
  2.497   2.503   2.510   2.513   2.515   2.516   2.522   2.527
  2.529   2.535   2.552   2.556   2.561   2.572   2.578   2.583
  2.594   2.600   2.605   2.606   2.614   2.623   2.627   2.630
  2.645   2.653   2.660   2.666   2.676   2.681   2.687   2.688
  2.692   2.695   2.709   2.717   2.727   2.731   2.742   2.745
  2.752   2.759   2.770   2.774   2.775   2.779   2.789   2.807
  2.813   2.825   2.827   2.834   2.846   2.856   2.863   2.877
  2.884   2.891   2.899   2.906   2.912   2.916   2.920   2.924
  2.927   2.936   2.945   2.954   2.964   2.965   2.974   2.993
  2.997   3.009   3.021   3.029   3.036   3.048   3.054   3.064
  3.068   3.075   3.087   3.095   3.100   3.111   3.118   3.120
  3.132   3.148   3.151   3.155   3.172   3.199   3.205   3.220
  3.225   3.233   3.245   3.248   3.255   3.260   3.269   3.279
  3.292   3.298   3.298   3.311   3.327   3.337   3.348   3.355
  3.361   3.390   3.399   3.406   3.414   3.419   3.434   3.447
  3.475   3.480   3.492   3.499   3.504   3.527   3.533   3.533
  3.545   3.557   3.561   3.570   3.583   3.601   3.603   3.625
  3.629   3.636   3.648   3.671   3.682   3.701   3.714   3.744
  3.761   3.763   3.787   3.800   3.802   3.803   3.811   3.837
  3.849   3.864   3.892   3.908   3.922   3.949   3.979   4.027
  4.048   4.061   4.082   4.090   4.094   4.149   4.181   4.238
  4.243   4.248   4.335   4.366   4.393   4.421   4.542   4.554
  4.573   4.611   4.666   4.726   4.742   4.773   4.789   4.798
  4.825   4.832   4.846   4.849   4.861   4.867   4.871   4.902
  4.921   4.924   4.952   4.958   4.976   4.982   5.029   5.090
  5.153   5.176   5.192   5.202   5.254   5.269   5.276   5.304
  5.315   5.347   5.423   5.471   5.567   5.584   5.630   5.643
  5.691   5.717   5.901   5.933   6.124   6.148   7.130   7.219
  7.230   7.318   7.344   7.425   7.438   7.492   7.647   7.695
  7.737   7.755   7.792   7.798   7.802   7.813   7.828   7.835
  7.864   7.873   7.879   7.898   7.912   7.940   7.970   7.980
  8.016   8.066   8.083   8.111   8.129   8.273   8.510   8.541
  8.677   9.044   9.730   9.994  10.008  10.017  10.019  10.051
 10.085  10.226  10.255  10.277  10.278  10.329  13.586  13.634
 13.656  13.722  13.726  13.766  13.885  13.961  14.160  14.196
 14.316  14.335  18.588  18.612  18.721  18.781  23.617  23.869
 23.882  23.937  23.942  23.953  23.966  23.987  24.035  24.075
 24.077  24.170  49.914  49.946  50.030  50.045  69.803  69.950
 69.957  69.960  69.978  69.985  70.035  70.059  70.081  70.092
 70.104  70.131 139.722 139.794 139.799 139.833
 --------------------------------------------------------------
 
          Ground-State Mulliken Net Atomic Charges

     Atom                 Charge (a.u.)
  ----------------------------------------
      1 C                     0.056685
      2 C                     0.468563
      3 C                    -0.453828
      4 C                    -0.915728
      5 O                     0.142956
      6 O                    -0.121231
      7 O                     0.118319
      8 O                    -0.072981
      9 C                    -0.148452
     10 C                    -0.355806
     11 C                     0.434967
     12 C                    -0.236050
     13 C                    -0.330401
     14 C                     0.251826
     15 H                     0.164739
     16 H                     0.201655
     17 H                     0.167126
     18 H                     0.186450
     19 H                     0.171645
     20 H                     0.100922
     21 H                     0.198034
     22 H                     0.168957
     23 C                    -0.622737
     24 C                    -0.604058
     25 H                     0.215781
     26 H                     0.127059
     27 H                     0.216685
     28 H                     0.175457
     29 H                     0.210942
     30 H                     0.139510
     31 GH                   -0.187833
     32 GH                    0.106515
     33 GH                    0.074458
     34 GH                   -0.130620
     35 GH                   -0.000126
     36 GH                    0.002814
     37 GH                   -0.009061
     38 GH                    0.001998
     39 GH                    0.015074
     40 GH                   -0.011870
     41 GH                    0.013994
     42 GH                    0.065229
     43 GH                   -0.035475
     44 GH                    0.001818
     45 GH                    0.001838
     46 GH                    0.000988
     47 GH                   -0.001061
     48 GH                    0.002933
     49 GH                   -0.000735
     50 GH                   -0.001089
     51 GH                    0.006353
     52 GH                    0.000516
     53 GH                    0.012252
     54 GH                    0.030915
     55 GH                   -0.013494
     56 GH                    0.000778
     57 GH                   -0.000376
     58 GH                   -0.005131
     59 GH                   -0.001464
     60 GH                    0.002854
  ----------------------------------------
  Sum of atomic charges =     0.000000

 -----------------------------------------------------------------
                    Cartesian Multipole Moments
 -----------------------------------------------------------------
    Charge (ESU x 10^10)
                 0.0000
    Dipole Moment (Debye)
         X       0.0662      Y      -0.1067      Z       0.0798
       Tot       0.1488
    Quadrupole Moments (Debye-Ang)
        XX     -76.2338     XY      -0.0556     YY     -95.4579
        XZ       0.0816     YZ      -8.9315     ZZ     -99.4665
    Octopole Moments (Debye-Ang^2)
       XXX      45.9745    XXY      -0.4802    XYY      -4.6704
       YYY      -4.4094    XXZ       0.7001    XYZ     -18.9744
       YYZ       0.1418    XZZ      17.7075    YZZ      -0.0523
       ZZZ       1.1432
    Hexadecapole Moments (Debye-Ang^3)
      XXXX   -2039.5700   XXXY       6.6349   XXYY    -656.2136
      XYYY       3.7039   YYYY   -2002.6112   XXXZ       1.4915
      XXYZ     -32.3954   XYYZ       1.1399   YYYZ     -66.5641
      XXZZ    -435.2336   XYZZ       2.4034   YYZZ    -396.0436
      XZZZ       3.8422   YZZZ     -10.6565   ZZZZ    -334.6795
 -----------------------------------------------------------------
Archival summary:
1\1\vega03.cac.cornell.edu\SP\ProcedureUnspecified\BasisUnspecified\41214h30\jj585\MonApr201:40:522018MonApr201:40:522018\0\\#,ProcedureUnspecified,BasisUnspecified,\\0,1\O\C,1,1.3512\O,2,1.2069,1,123.501\C,1,1.43752,2,116.164,3,4.8931,0\H,4,1.08772,1,105.376,2,179.706,0\H,4,1.09086,1,110.507,2,-60.681,0\H,4,1.09163,1,110.367,2,60.0909,0\C,2,1.49626,1,110.928,3,178.057,0\C,8,1.40634,2,119.012,1,-130.615,0\C,9,1.39616,8,117.536,2,177.857,0\H,10,1.08475,9,118.991,8,-179.6,0\C,10,1.38856,9,121.629,8,0.183585,0\H,12,1.08495,10,119.453,9,179.671,0\C,12,1.3959,10,121.575,9,-0.129654,0\C,14,1.40604,12,117.481,10,0.160349,0\C,15,1.49803,14,118.266,12,177.84,0\O,16,1.20668,15,125.302,14,50.5403,0\O,16,1.35063,15,111.128,14,-126.75,0\C,18,1.43835,16,115.94,15,-178.519,0\H,19,1.08762,18,105.403,16,179.104,0\H,19,1.09103,18,110.475,16,-61.3232,0\H,19,1.0915,18,110.399,16,59.3962,0\C,9,1.50976,8,122.848,2,-1.37569,0\H,23,1.09144,9,110.135,8,171.975,0\H,23,1.09156,9,111.21,8,-67.4939,0\H,23,1.09291,9,111.796,8,51.7903,0\C,14,1.51138,12,119.574,10,179.468,0\H,27,1.09144,14,110.104,12,-7.00566,0\H,27,1.09164,14,111.284,12,113.49,0\H,27,1.09319,14,111.89,12,-127.081,0\Gh,20,2.28564,19,126.872,18,-43.9638,0\Gh,31,1.08772,20,127.437,19,110.665,0\Gh,32,1.09086,31,110.694,20,-159.894,0\Gh,32,1.09163,31,110.757,20,78.9515,0\Gh,32,1.43752,31,105.376,20,-40.404,0\Gh,35,1.3512,32,116.164,31,179.706,0\Gh,36,1.2069,35,123.501,32,4.8931,0\Gh,36,1.49626,35,110.928,32,-177.05,0\Gh,38,1.40634,36,119.012,35,-130.615,0\Gh,39,1.39616,38,117.536,36,177.857,0\Gh,40,1.08475,39,118.991,38,-179.6,0\Gh,40,1.38856,39,121.629,38,0.183585,0\Gh,42,1.08495,40,119.453,39,179.671,0\Gh,42,1.3959,40,121.575,39,-0.129654,0\Gh,44,1.40604,42,117.481,40,0.160349,0\Gh,45,1.49803,44,118.266,42,177.84,0\Gh,46,1.20668,45,125.302,44,50.5403,0\Gh,46,1.35063,45,111.128,44,-126.75,0\Gh,48,1.43835,46,115.94,45,-178.519,0\Gh,49,1.08762,48,105.403,46,179.104,0\Gh,49,1.09103,48,110.475,46,-61.3232,0\Gh,49,1.0915,48,110.399,46,59.3962,0\Gh,39,1.50976,38,122.848,36,-1.37569,0\Gh,53,1.09144,39,110.135,38,171.975,0\Gh,53,1.09156,39,111.21,38,-67.4939,0\Gh,53,1.09291,39,111.796,38,51.7903,0\Gh,44,1.51138,42,119.574,40,179.468,0\Gh,57,1.09144,44,110.104,42,-7.00566,0\Gh,57,1.09164,44,111.284,42,113.49,0\Gh,57,1.09319,44,111.89,42,-127.081,0\\\@

 Total job time:  2526.55s(wall), 5028.42s(cpu) 
 Mon Apr  2 01:40:52 2018

        *************************************************************
        *                                                           *
        *  Thank you very much for using Q-Chem.  Have a nice day.  *
        *                                                           *
        *************************************************************


0 sent ACK to 0 
now end server 0 ... 
