mFile = /opt/software/qchem/qchem-5.0.1//bin/mpi/machines
Process 0 of 1 is on vega03.cac.cornell.edu - thread support 0
initial socket setup ...start
initial socket setup ...done 
now start server 0 ... 
vega03 10.84.3
Q-Chem Developer Version! Running on 10.84.3.*
                  Welcome to Q-Chem
     A Quantum Leap Into The Future Of Chemistry


 Q-Chem 5.0, Q-Chem, Inc., Pleasanton, CA (2017)

 Yihan Shao,  Zhengting Gan,  E. Epifanovsky,  A. T. B. Gilbert,  M. Wormit,  
 J. Kussmann,  A. W. Lange,  A. Behn,  Jia Deng,  Xintian Feng,  D. Ghosh,  
 M. Goldey,  P. R. Horn,  L. D. Jacobson,  I. Kaliman,  T. Kus,  A. Landau,  
 Jie Liu,  E. I. Proynov,  R. M. Richard,  R. P. Steele,  E. J. Sundstrom,  
 H. L. Woodcock III,  P. M. Zimmerman,  D. Zuev,  B. Albrecht,  E. Alguire,  
 S. A. Baeppler,  Z. Benda,  Y. A. Bernard,  E. J. Berquist,  K. B. Bravaya,  
 D. Casanova,  Chun-Min Chang,  Yunqing Chen,  A. Chien,  K. D. Closser,  
 M. P. Coons,  S. Dasgupta,  M. Diedenhofen,  Hainam Do,  R. G. Edgar,  
 Po-Tung Fang,  S. Fatehi,  Qingguo Feng,  Qinghui Ge,  A. Ghysels,  
 J. Gomes,  J. Gonthier,  A. Gunina,  M. W. D. Hanson-Heine,  
 P. H. P. Harbach,  A. W. Hauser,  J. E. Herr,  E. G. Hohenstein,  
 Z. C. Holden,  Kerwin Hui,  T.-C. Jagau,  Hyunjun Ji,  B. Kaduk,  
 K. Khistyaev,  Jaehoon Kim,  P. Klunzinger,  K. Koh,  D. Kosenkov,  
 T. Kowalczyk,  C. M. Krauter,  A. Kunitsa,  Ka Un Lao,  A. Laurent,  
 K. V. Lawler,  Joonho Lee,  D. Lefrancois,  S. Lehtola,  D. S. Levine,  
 Yi-Pei Li,  You-Sheng Lin,  Fenglai Liu,  E. Livshits,  A. Luenser,  
 P. Manohar,  E. Mansoor,  S. F. Manzer,  Shan-Ping Mao,  Yuezhi Mao,  
 N. Mardirossian,  A. V. Marenich,  L. A. Martinez-Martinez,  S. A. Maurer,  
 N. J. Mayhall,  S. C. McKenzie,  J.-M. Mewes,  A. F. Morrison,  K. Nanda,  
 T. S. Nguyen-Beck,  R. Olivares-Amaya,  J. A. Parkhill,  T. M. Perrine,  
 F. Plasser,  S. Prager,  A. Prociuk,  D. R. Rehn,  F. Rob,  M. Schneider,  
 N. Sergueev,  S. M. Sharada,  S. Sharma,  D. W. Small,  T. Stauch,  
 T. Stein,  Yu-Chuan Su,  A. J. W. Thom,  T. Tsuchimochi,  L. Vogt,  
 O. Vydrov,  M. A. Watson,  J. Wenzel,  M. de Wergifosse,  T. A. Wesolowski,  
 A. White,  J. Witte,  A. Yamada,  Jun Yang,  K. Yao,  S. Yeganeh,  
 S. R. Yost,  Zhi-Qiang You,  A. Zech,  Igor Ying Zhang,  Xing Zhang,  
 Yan Zhao,  Ying Zhu,  B. R. Brooks,  G. K. L. Chan,  C. J. Cramer,  
 M. S. Gordon,  W. J. Hehre,  A. Klamt,  M. W. Schmidt,  C. D. Sherrill,  
 D. G. Truhlar,  A. Aspuru-Guzik,  R. Baer,  A. T. Bell,  N. A. Besley,  
 Jeng-Da Chai,  A. Dreuw,  B. D. Dunietz,  T. R. Furlani,  Chao-Ping Hsu,  
 Yousung Jung,  Jing Kong,  D. S. Lambrecht,  WanZhen Liang,  C. Ochsenfeld,  
 V. A. Rassolov,  L. V. Slipchenko,  J. E. Subotnik,  T. Van Voorhis,  
 J. M. Herbert,  A. I. Krylov,  P. M. W. Gill,  M. Head-Gordon

 Contributors to earlier versions of Q-Chem not listed above: 
 R. D. Adamson,  B. Austin,  J. Baker,  G. J. O. Beran,  K. Brandhorst,  
 S. T. Brown,  E. F. C. Byrd,  A. K. Chakraborty,  C.-L. Cheng,  
 Siu Hung Chien,  D. M. Chipman,  D. L. Crittenden,  H. Dachsel,  
 R. A. DiStasio Jr.,  R. J. Doerksen,  A. D. Dutoi,  L. Fusti-Molnar,  
 W. A. Goddard III,  A. Golubeva-Zadorozhnaya,  S. R. Gwaltney,  G. Hawkins,  
 A. Heyden,  S. Hirata,  G. Kedziora,  F. J. Keil,  C. Kelley,  Jihan Kim,  
 R. A. King,  R. Z. Khaliullin,  P. P. Korambath,  W. Kurlancheek,  
 A. M. Lee,  M. S. Lee,  S. V. Levchenko,  Ching Yeh Lin,  D. Liotard,  
 R. C. Lochan,  I. Lotan,  P. E. Maslen,  N. Nair,  D. P. O'Neill,  
 D. Neuhauser,  E. Neuscamman,  C. M. Oana,  R. Olson,  B. Peters,  
 R. Peverati,  P. A. Pieniazek,  Y. M. Rhee,  J. Ritchie,  M. A. Rohrdanz,  
 E. Rosta,  N. J. Russ,  H. F. Schaefer III,  N. E. Schultz,  N. Shenvi,  
 A. C. Simmonett,  A. Sodt,  D. Stuck,  K. S. Thanthiriwatte,  V. Vanovschi,  
 Tao Wang,  A. Warshel,  C. F. Williams,  Q. Wu,  X. Xu,  W. Zhang

 Please cite Q-Chem as follows:
 Y. Shao et al., Mol. Phys. 113, 184-215 (2015)
 DOI: 10.1080/00268976.2014.952696

 Q-Chem 5.0.1 for Intel X86 EM64T Linux

 Parts of Q-Chem use Armadillo 5.200.1 (Boston Tea Smuggler).
 http://arma.sourceforge.net/

 Q-Chem begins on Mon Apr 16 23:04:08 2018  

Host: vega03.cac.cornell.edu
0

     Scratch files written to /scratch/jj585/vdw/0000_distance_5.700_10.save//
 Parallel job on  1  processors

Checking the input file for inconsistencies... 	...done.

--------------------------------------------------------------
User input:
--------------------------------------------------------------
$molecule
0  1
C        +0.22270000        +1.04488000        +0.58595000
C        +0.62626000        -0.41353000        +0.99871000
C        +1.33008000        +1.39974000        -0.43491000
C        +2.63070000        +1.71700000        +0.32855000
C        +3.04336000        +0.29351000        +0.80300000
C        +1.94423000        -0.59299000        +0.15262000
O        +1.62840000        +0.13663000        -1.04376000
H        +3.37234000        +2.13782000        -0.35195000
H        +2.48236000        +2.42488000        +1.14651000
H        +4.02182000        +0.00994000        +0.41161000
H        +3.07359000        +0.18738000        +1.88928000
H        +1.03270000        +2.19943000        -1.08064000
H        +2.24339000        -1.61496000        +0.04786000
H        +0.81693000        -0.48905000        +2.04887000
H        -0.12524000        -1.15356000        +0.81843000
H        -0.74673000        +1.06811000        +0.13365000
H        +0.15552000        +1.72617000        +1.40828000
@C        +4.08301000        +3.29220000        +4.12679000
@C        +4.48657000        +1.83379000        +4.53955000
@C        +5.19039000        +3.64706000        +3.10593000
@C        +6.49101000        +3.96432000        +3.86939000
@C        +6.90367000        +2.54083000        +4.34384000
@C        +5.80454000        +1.65433000        +3.69346000
@O        +5.48871000        +2.38395000        +2.49708000
@H        +7.23265000        +4.38514000        +3.18889000
@H        +6.34267000        +4.67220000        +4.68735000
@H        +7.88213000        +2.25726000        +3.95245000
@H        +6.93390000        +2.43470000        +5.43012000
@H        +4.89301000        +4.44675000        +2.46020000
@H        +6.10370000        +0.63236000        +3.58870000
@H        +4.67724000        +1.75827000        +5.58971000
@H        +3.73507000        +1.09376000        +4.35927000
@H        +3.11358000        +3.31543000        +3.67449000
@H        +4.01583000        +3.97349000        +4.94912000
$end

$rem
JOBTYPE                   SP
METHOD                    B3LYP
DFT_D                     d3_op
BASIS                     6-311++G(d,p)
SYMMETRY                  False
THRESH                    12
SCF_CONVERGENCE           8
MAX_SUB_FILE_NUM          128
MEM_STATIC                400
MEM_TOTAL                 4000
$end
--------------------------------------------------------------
 Adding empirical dispersion correction 
 ----------------------------------------------------------------
 Doing -D3(op) with
 s6 =   1.00000
 s8 =   0.78311
 a1 =   0.30000
 a2 =   4.25000
 n  =  10.00000
 -D3 energy without 3body term =     -0.0133866839 hartrees
 ----------------------------------------------------------------
             Standard Nuclear Orientation (Angstroms)
    I     Atom           X                Y                Z
 ----------------------------------------------------------------
    1      C       0.2227000000     1.0448800000     0.5859500000
    2      C       0.6262600000    -0.4135300000     0.9987100000
    3      C       1.3300800000     1.3997400000    -0.4349100000
    4      C       2.6307000000     1.7170000000     0.3285500000
    5      C       3.0433600000     0.2935100000     0.8030000000
    6      C       1.9442300000    -0.5929900000     0.1526200000
    7      O       1.6284000000     0.1366300000    -1.0437600000
    8      H       3.3723400000     2.1378200000    -0.3519500000
    9      H       2.4823600000     2.4248800000     1.1465100000
   10      H       4.0218200000     0.0099400000     0.4116100000
   11      H       3.0735900000     0.1873800000     1.8892800000
   12      H       1.0327000000     2.1994300000    -1.0806400000
   13      H       2.2433900000    -1.6149600000     0.0478600000
   14      H       0.8169300000    -0.4890500000     2.0488700000
   15      H      -0.1252400000    -1.1535600000     0.8184300000
   16      H      -0.7467300000     1.0681100000     0.1336500000
   17      H       0.1555200000     1.7261700000     1.4082800000
   18      GH      4.0830100000     3.2922000000     4.1267900000
   19      GH      4.4865700000     1.8337900000     4.5395500000
   20      GH      5.1903900000     3.6470600000     3.1059300000
   21      GH      6.4910100000     3.9643200000     3.8693900000
   22      GH      6.9036700000     2.5408300000     4.3438400000
   23      GH      5.8045400000     1.6543300000     3.6934600000
   24      GH      5.4887100000     2.3839500000     2.4970800000
   25      GH      7.2326500000     4.3851400000     3.1888900000
   26      GH      6.3426700000     4.6722000000     4.6873500000
   27      GH      7.8821300000     2.2572600000     3.9524500000
   28      GH      6.9339000000     2.4347000000     5.4301200000
   29      GH      4.8930100000     4.4467500000     2.4602000000
   30      GH      6.1037000000     0.6323600000     3.5887000000
   31      GH      4.6772400000     1.7582700000     5.5897100000
   32      GH      3.7350700000     1.0937600000     4.3592700000
   33      GH      3.1135800000     3.3154300000     3.6744900000
   34      GH      4.0158300000     3.9734900000     4.9491200000
 ----------------------------------------------------------------
 Nuclear Repulsion Energy =   331.2533536408 hartrees
 There are       27 alpha and       27 beta electrons
 Requested basis set is 6-311++G(d,p)
 There are 184 shells and 448 basis functions

 Total QAlloc Memory Limit   4000 MB
 Mega-Array Size       392 MB
 MEM_STATIC part       400 MB
 A cutoff of  1.0D-12 yielded  13910 shell pairs
 There are     81098 function pairs (     85728 Cartesian)
 
 -------------------------------------------------------
 OpenMP Integral Computing Module                       
 Release: version 1.0, May 2013, Q-Chem Inc. Pittsburgh 
 -------------------------------------------------------
 Integral Job Info:
 Integral job number is                      11
 Integral operator is                         1
 short-range coefficients                     0
 long-range coefficients              100000000
 Omega coefficients                           0
 if combine SR and LR in K                    0
 Integral screening is                        0
 Integral computing path is                   2
 max size of driver memory is            800000
 size of driver memory is                593474
 size of scratch memory is              2361544
 max col of scratch BK array               1296
 max len of scratch array in speh3          155
 max len of scratch index in speh4           18
 max int batch size is                      520
 min int batch size is                       52
 fixed nKL is                                52
 max L of basis functions is                  2
 order of int derivative is                   0
 number of shells is                        184
 number of basis is                         462
 number of cartesian basis is               462
 number of contracted shell pairs         13910
 number of primitive shell pairs          30017
 maxK2 (contraction) of shell pair           36
 max number of K2 of shell pair               1
 max number of CS2 of shell pair           2555
 max number of PS2 of shell pair           4320
 mem total for path MDJ                  113850
 -------------------------------------------------------
 Smallest overlap matrix eigenvalue = 1.78E-06

 Scale SEOQF with 1.000000e-02/1.000000e-01/1.000000e-02

 Standard Electronic Orientation quadrupole field applied
 Nucleus-field energy     =     0.0000000049 hartrees
 Guess from superposition of atomic densities
 Warning:  Energy on first SCF cycle will be non-variational

 Q-Chem warning in module /opt/software/qchem/qchem-5.0.1/libgen/Atomic_PolEc.C, line 58:

 No atomic polarizability available.


 Q-Chem warning in module /opt/software/qchem/qchem-5.0.1/libgen/Atomic_PolEc.C, line 73:

 No atomic polarizability available.


 Q-Chem warning in module /opt/software/qchem/qchem-5.0.1/libgen/Atomic_PolEc.C, line 58:

 No atomic polarizability available.


 Q-Chem warning in module /opt/software/qchem/qchem-5.0.1/libgen/Atomic_PolEc.C, line 73:

 No atomic polarizability available.


 Q-Chem warning in module /opt/software/qchem/qchem-5.0.1/libgen/Atomic_PolEc.C, line 58:

 No atomic polarizability available.


 Q-Chem warning in module /opt/software/qchem/qchem-5.0.1/libgen/Atomic_PolEc.C, line 73:

 No atomic polarizability available.


 Q-Chem warning in module /opt/software/qchem/qchem-5.0.1/libgen/Atomic_PolEc.C, line 58:

 No atomic polarizability available.


 Q-Chem warning in module /opt/software/qchem/qchem-5.0.1/libgen/Atomic_PolEc.C, line 73:

 No atomic polarizability available.


 Q-Chem warning in module /opt/software/qchem/qchem-5.0.1/libgen/Atomic_PolEc.C, line 58:

 No atomic polarizability available.


 Q-Chem warning in module /opt/software/qchem/qchem-5.0.1/libgen/Atomic_PolEc.C, line 73:

 No atomic polarizability available.


 Q-Chem warning in module /opt/software/qchem/qchem-5.0.1/libgen/Atomic_PolEc.C, line 58:

 No atomic polarizability available.


 Q-Chem warning in module /opt/software/qchem/qchem-5.0.1/libgen/Atomic_PolEc.C, line 73:

 No atomic polarizability available.


 Q-Chem warning in module /opt/software/qchem/qchem-5.0.1/libgen/Atomic_PolEc.C, line 58:

 No atomic polarizability available.


 Q-Chem warning in module /opt/software/qchem/qchem-5.0.1/libgen/Atomic_PolEc.C, line 73:

 No atomic polarizability available.


 Q-Chem warning in module /opt/software/qchem/qchem-5.0.1/libgen/Atomic_PolEc.C, line 58:

 No atomic polarizability available.


 Q-Chem warning in module /opt/software/qchem/qchem-5.0.1/libgen/Atomic_PolEc.C, line 73:

 No atomic polarizability available.


 Q-Chem warning in module /opt/software/qchem/qchem-5.0.1/libgen/Atomic_PolEc.C, line 58:

 No atomic polarizability available.


 Q-Chem warning in module /opt/software/qchem/qchem-5.0.1/libgen/Atomic_PolEc.C, line 73:

 No atomic polarizability available.


 Q-Chem warning in module /opt/software/qchem/qchem-5.0.1/libgen/Atomic_PolEc.C, line 58:

 No atomic polarizability available.


 Q-Chem warning in module /opt/software/qchem/qchem-5.0.1/libgen/Atomic_PolEc.C, line 73:

 No atomic polarizability available.


 Q-Chem warning in module /opt/software/qchem/qchem-5.0.1/libgen/Atomic_PolEc.C, line 58:

 No atomic polarizability available.


 Q-Chem warning in module /opt/software/qchem/qchem-5.0.1/libgen/Atomic_PolEc.C, line 73:

 No atomic polarizability available.


 Q-Chem warning in module /opt/software/qchem/qchem-5.0.1/libgen/Atomic_PolEc.C, line 58:

 No atomic polarizability available.


 Q-Chem warning in module /opt/software/qchem/qchem-5.0.1/libgen/Atomic_PolEc.C, line 73:

 No atomic polarizability available.


 Q-Chem warning in module /opt/software/qchem/qchem-5.0.1/libgen/Atomic_PolEc.C, line 58:

 No atomic polarizability available.


 Q-Chem warning in module /opt/software/qchem/qchem-5.0.1/libgen/Atomic_PolEc.C, line 73:

 No atomic polarizability available.


 Q-Chem warning in module /opt/software/qchem/qchem-5.0.1/libgen/Atomic_PolEc.C, line 58:

 No atomic polarizability available.


 Q-Chem warning in module /opt/software/qchem/qchem-5.0.1/libgen/Atomic_PolEc.C, line 73:

 No atomic polarizability available.


 Q-Chem warning in module /opt/software/qchem/qchem-5.0.1/libgen/Atomic_PolEc.C, line 58:

 No atomic polarizability available.


 Q-Chem warning in module /opt/software/qchem/qchem-5.0.1/libgen/Atomic_PolEc.C, line 73:

 No atomic polarizability available.


 Q-Chem warning in module /opt/software/qchem/qchem-5.0.1/libgen/Atomic_PolEc.C, line 58:

 No atomic polarizability available.


 Q-Chem warning in module /opt/software/qchem/qchem-5.0.1/libgen/Atomic_PolEc.C, line 73:

 No atomic polarizability available.


 Q-Chem warning in module /opt/software/qchem/qchem-5.0.1/libgen/Atomic_PolEc.C, line 58:

 No atomic polarizability available.


 Q-Chem warning in module /opt/software/qchem/qchem-5.0.1/libgen/Atomic_PolEc.C, line 73:

 No atomic polarizability available.

 A restricted hybrid HF-DFT SCF calculation will be
 performed using Pulay DIIS extrapolation
 Exchange:     0.2000 Hartree-Fock + 0.0800 Slater + 0.7200 B88
 Correlation:  0.1900 VWN1RPA + 0.8100 LYP
 Using SG-1 standard quadrature grid
 Dispersion:   Grimme D3
 SCF converges when DIIS error is below 1.0E-08
 using 4 threads for integral computing
 -------------------------------------------------------
 OpenMP Integral computing Module                
 Release: version 1.0, May 2013, Q-Chem Inc. Pittsburgh 
 -------------------------------------------------------
 -------------------------------------------------------
 OpenMP BLAS3 based DFT computing Module                
 Release: version 1.0, May 2013, Q-Chem Inc. Pittsburgh 
 -------------------------------------------------------
 ---------------------------------------
  Cycle       Energy         DIIS Error
 ---------------------------------------
    1    -311.4034127277      2.06E-02
    2    -309.8165231061      2.36E-03
    3    -309.7369882118      3.02E-03
    4    -309.9569265012      3.72E-04
    5    -309.9590599761      1.65E-04
    6    -309.9595431328      4.79E-05
    7    -309.9595820503      1.34E-05
    8    -309.9595858701      1.58E-06
    9    -309.9595859311      3.98E-07
   10    -309.9595859352      7.39E-08
   11    -309.9595859353      2.72E-08
   12    -309.9595859353      6.23E-09 Convergence criterion met
 ---------------------------------------
 SCF time:  CPU 518.86 s  wall 130.11 s
 SCF   energy in the final basis set = -309.95958594
 Total energy in the final basis set = -309.95958594
 
 --------------------------------------------------------------
 
                    Orbital Energies (a.u.)
 --------------------------------------------------------------
 
 Alpha MOs
 -- Occupied --
-19.123 -10.221 -10.218 -10.168 -10.167 -10.165 -10.163  -1.050
 -0.798  -0.749  -0.747  -0.614  -0.578  -0.574  -0.527  -0.478
 -0.465  -0.431  -0.406  -0.395  -0.364  -0.360  -0.351  -0.339
 -0.317  -0.304  -0.264
 -- Virtual --
 -0.011   0.006   0.008   0.011   0.026   0.028   0.032   0.035
  0.041   0.046   0.050   0.050   0.061   0.070   0.071   0.075
  0.077   0.078   0.087   0.093   0.097   0.100   0.104   0.107
  0.109   0.115   0.117   0.119   0.119   0.129   0.132   0.136
  0.140   0.142   0.144   0.148   0.152   0.153   0.156   0.159
  0.161   0.165   0.167   0.169   0.175   0.177   0.178   0.179
  0.183   0.190   0.194   0.196   0.200   0.201   0.208   0.211
  0.212   0.219   0.222   0.226   0.227   0.231   0.239   0.244
  0.246   0.255   0.257   0.260   0.263   0.266   0.273   0.280
  0.284   0.285   0.295   0.301   0.312   0.316   0.318   0.323
  0.327   0.330   0.345   0.354   0.356   0.360   0.364   0.372
  0.374   0.384   0.388   0.397   0.397   0.402   0.410   0.414
  0.421   0.425   0.429   0.434   0.439   0.448   0.457   0.458
  0.472   0.479   0.496   0.498   0.516   0.520   0.527   0.536
  0.552   0.559   0.561   0.565   0.573   0.583   0.590   0.614
  0.617   0.626   0.634   0.645   0.651   0.659   0.661   0.665
  0.679   0.691   0.695   0.701   0.711   0.725   0.728   0.733
  0.746   0.750   0.754   0.756   0.757   0.765   0.774   0.779
  0.786   0.791   0.796   0.803   0.818   0.825   0.837   0.856
  0.873   0.889   0.905   0.917   0.926   0.933   0.946   0.955
  0.981   1.010   1.042   1.072   1.080   1.102   1.108   1.137
  1.148   1.160   1.171   1.182   1.198   1.201   1.203   1.221
  1.227   1.241   1.251   1.252   1.310   1.323   1.354   1.409
  1.415   1.433   1.445   1.459   1.470   1.485   1.498   1.517
  1.522   1.525   1.542   1.565   1.567   1.579   1.591   1.593
  1.624   1.628   1.641   1.653   1.672   1.677   1.683   1.692
  1.705   1.718   1.734   1.736   1.747   1.748   1.754   1.764
  1.773   1.786   1.806   1.814   1.825   1.846   1.849   1.860
  1.872   1.881   1.886   1.895   1.899   1.902   1.909   1.914
  1.917   1.937   1.940   1.949   1.954   1.969   1.996   2.011
  2.017   2.020   2.029   2.040   2.054   2.111   2.134   2.143
  2.156   2.161   2.167   2.177   2.197   2.226   2.239   2.250
  2.253   2.264   2.315   2.321   2.330   2.341   2.355   2.378
  2.410   2.430   2.436   2.454   2.457   2.458   2.463   2.470
  2.479   2.486   2.493   2.505   2.507   2.532   2.537   2.546
  2.555   2.568   2.597   2.614   2.633   2.643   2.644   2.712
  2.720   2.722   2.733   2.757   2.761   2.766   2.775   2.783
  2.797   2.812   2.830   2.845   2.848   2.853   2.875   2.898
  2.900   2.912   2.932   2.939   2.962   2.968   3.011   3.033
  3.042   3.043   3.072   3.100   3.104   3.107   3.140   3.151
  3.164   3.193   3.210   3.230   3.273   3.286   3.292   3.301
  3.303   3.372   3.379   3.403   3.453   3.520   3.525   3.566
  3.577   3.585   3.616   3.642   3.683   3.684   3.703   3.764
  3.771   3.794   3.801   3.862   3.908   3.936   3.958   3.973
  4.003   4.012   4.081   4.095   4.137   4.183   4.213   4.364
  4.478   4.560   4.620   4.747   4.785   4.824   4.845   4.857
  4.881   4.891   4.981   5.076   5.093   5.153   5.163   5.324
  5.480   5.634   5.690   7.316   7.366   7.494   7.514   7.576
  7.588   7.603   7.704   7.906   7.940   7.982   8.029   8.155
  8.270   8.378   8.399   8.662   8.713   9.891   9.916   9.983
 10.024  10.030  10.123  13.622  13.916  14.018  18.530  23.834
 23.853  23.945  23.991  24.002  24.059  49.945  69.843  69.882
 69.953  69.972  70.017  70.077 139.828
 --------------------------------------------------------------
 
          Ground-State Mulliken Net Atomic Charges

     Atom                 Charge (a.u.)
  ----------------------------------------
      1 C                    -0.453364
      2 C                    -0.435099
      3 C                     0.063976
      4 C                    -0.340780
      5 C                    -0.291089
      6 C                     0.037711
      7 O                    -0.137682
      8 H                     0.183052
      9 H                     0.076887
     10 H                     0.173989
     11 H                     0.070051
     12 H                     0.232136
     13 H                     0.234329
     14 H                     0.109441
     15 H                     0.178863
     16 H                     0.171937
     17 H                     0.116594
     18 GH                    0.006458
     19 GH                    0.011646
     20 GH                   -0.019077
     21 GH                    0.000902
     22 GH                   -0.003138
     23 GH                   -0.020269
     24 GH                    0.010378
     25 GH                   -0.000338
     26 GH                    0.000261
     27 GH                   -0.000237
     28 GH                    0.000112
     29 GH                    0.002204
     30 GH                    0.002527
     31 GH                   -0.000887
     32 GH                    0.010666
     33 GH                    0.008950
     34 GH                   -0.001108
  ----------------------------------------
  Sum of atomic charges =    -0.000000

 -----------------------------------------------------------------
                    Cartesian Multipole Moments
 -----------------------------------------------------------------
    Charge (ESU x 10^10)
                -0.0000
    Dipole Moment (Debye)
         X      -0.0137      Y       0.5167      Z       1.7205
       Tot       1.7965
    Quadrupole Moments (Debye-Ang)
        XX     -43.2284     XY      -0.0563     YY     -40.6241
        XZ       2.7775     YZ      -0.8628     ZZ     -46.2369
    Octopole Moments (Debye-Ang^2)
       XXX    -212.4345    XXY     -25.3309    XYY     -67.3594
       YYY     -68.3235    XXZ      -8.9983    XYZ      -1.0983
       YYZ     -13.9784    XZZ     -75.8103    YZZ     -21.4003
       ZZZ     -30.3035
    Hexadecapole Moments (Debye-Ang^3)
      XXXX   -1042.0086   XXXY    -131.9065   XXYY    -228.8369
      XYYY    -126.0281   YYYY    -349.2711   XXXZ     -56.2079
      XXYZ      -5.1288   XYYZ     -21.8370   YYYZ      -7.2472
      XXZZ    -221.7756   XYZZ     -39.7620   YYZZ     -91.5991
      XZZZ     -43.4912   YZZZ      -4.3443   ZZZZ    -219.3386
 -----------------------------------------------------------------
Archival summary:
1\1\vega03.cac.cornell.edu\SP\ProcedureUnspecified\BasisUnspecified\1610h17\jj585\MonApr1623:06:192018MonApr1623:06:192018\0\\#,ProcedureUnspecified,BasisUnspecified,\\0,1\O\C,1,1.43358\H,2,1.07,1,117.389\C,1,1.43646,2,98.0224,3,-179.253,0\H,4,1.07,1,117.714,2,-178.733,0\C,2,1.54115,1,102.483,3,-123.548,0\H,6,1.09096,2,110.128,1,81.1589,0\H,6,1.09186,2,112.95,1,-157.962,0\C,2,1.54738,1,103.124,3,123.327,0\H,9,1.07,2,113.95,1,155.255,0\H,9,1.07,2,111.379,1,-86.5463,0\C,4,1.55466,1,102.371,2,-54.4128,0\H,12,1.09132,4,109.614,1,-87.4148,0\H,12,1.09187,4,112.355,1,152.676,0\C,9,1.5685,2,101.696,1,32.1918,0\H,15,1.07,9,111.7,2,120.458,0\H,15,1.07,9,114.71,2,-121.541,0\Gh,14,2.71292,12,151.651,4,-158.658,0\Gh,18,1.07,14,123.76,12,-20.7265,0\Gh,19,1.07,18,103.987,14,-164.97,0\Gh,19,1.5685,18,114.71,14,72.7483,0\Gh,21,1.07,19,113.95,18,115.396,0\Gh,21,1.07,19,111.379,18,-2.80271,0\Gh,21,1.54738,19,101.696,18,-121.541,0\Gh,24,1.07,21,111.755,19,159.179,0\Gh,24,1.43358,21,103.124,19,32.1918,0\Gh,26,1.43646,24,98.0224,21,-55.9256,0\Gh,27,1.07,26,117.714,24,-178.733,0\Gh,24,1.54115,21,108.926,19,-76.1436,0\Gh,29,1.09096,24,110.128,21,-170.072,0\Gh,29,1.09186,24,112.95,21,-49.1929,0\Gh,27,1.55466,26,102.371,24,-54.4128,0\Gh,32,1.09132,27,109.614,26,-87.4148,0\Gh,32,1.09187,27,112.355,26,152.676,0\\\@

 Total job time:  130.98s(wall), 521.25s(cpu) 
 Mon Apr 16 23:06:19 2018

        *************************************************************
        *                                                           *
        *  Thank you very much for using Q-Chem.  Have a nice day.  *
        *                                                           *
        *************************************************************


0 sent ACK to 0 
now end server 0 ... 
