mFile = /opt/software/qchem/qchem-5.0.1//bin/mpi/machines
Process 0 of 1 is on vega02.cac.cornell.edu - thread support 0
initial socket setup ...start
initial socket setup ...done 
now start server 0 ... 
vega02.cac.cornell.edu 10.84.3
Q-Chem Developer Version! Running on 10.84.3.*
                  Welcome to Q-Chem
     A Quantum Leap Into The Future Of Chemistry


 Q-Chem 5.0, Q-Chem, Inc., Pleasanton, CA (2017)

 Yihan Shao,  Zhengting Gan,  E. Epifanovsky,  A. T. B. Gilbert,  M. Wormit,  
 J. Kussmann,  A. W. Lange,  A. Behn,  Jia Deng,  Xintian Feng,  D. Ghosh,  
 M. Goldey,  P. R. Horn,  L. D. Jacobson,  I. Kaliman,  T. Kus,  A. Landau,  
 Jie Liu,  E. I. Proynov,  R. M. Richard,  R. P. Steele,  E. J. Sundstrom,  
 H. L. Woodcock III,  P. M. Zimmerman,  D. Zuev,  B. Albrecht,  E. Alguire,  
 S. A. Baeppler,  Z. Benda,  Y. A. Bernard,  E. J. Berquist,  K. B. Bravaya,  
 D. Casanova,  Chun-Min Chang,  Yunqing Chen,  A. Chien,  K. D. Closser,  
 M. P. Coons,  S. Dasgupta,  M. Diedenhofen,  Hainam Do,  R. G. Edgar,  
 Po-Tung Fang,  S. Fatehi,  Qingguo Feng,  Qinghui Ge,  A. Ghysels,  
 J. Gomes,  J. Gonthier,  A. Gunina,  M. W. D. Hanson-Heine,  
 P. H. P. Harbach,  A. W. Hauser,  J. E. Herr,  E. G. Hohenstein,  
 Z. C. Holden,  Kerwin Hui,  T.-C. Jagau,  Hyunjun Ji,  B. Kaduk,  
 K. Khistyaev,  Jaehoon Kim,  P. Klunzinger,  K. Koh,  D. Kosenkov,  
 T. Kowalczyk,  C. M. Krauter,  A. Kunitsa,  Ka Un Lao,  A. Laurent,  
 K. V. Lawler,  Joonho Lee,  D. Lefrancois,  S. Lehtola,  D. S. Levine,  
 Yi-Pei Li,  You-Sheng Lin,  Fenglai Liu,  E. Livshits,  A. Luenser,  
 P. Manohar,  E. Mansoor,  S. F. Manzer,  Shan-Ping Mao,  Yuezhi Mao,  
 N. Mardirossian,  A. V. Marenich,  L. A. Martinez-Martinez,  S. A. Maurer,  
 N. J. Mayhall,  S. C. McKenzie,  J.-M. Mewes,  A. F. Morrison,  K. Nanda,  
 T. S. Nguyen-Beck,  R. Olivares-Amaya,  J. A. Parkhill,  T. M. Perrine,  
 F. Plasser,  S. Prager,  A. Prociuk,  D. R. Rehn,  F. Rob,  M. Schneider,  
 N. Sergueev,  S. M. Sharada,  S. Sharma,  D. W. Small,  T. Stauch,  
 T. Stein,  Yu-Chuan Su,  A. J. W. Thom,  T. Tsuchimochi,  L. Vogt,  
 O. Vydrov,  M. A. Watson,  J. Wenzel,  M. de Wergifosse,  T. A. Wesolowski,  
 A. White,  J. Witte,  A. Yamada,  Jun Yang,  K. Yao,  S. Yeganeh,  
 S. R. Yost,  Zhi-Qiang You,  A. Zech,  Igor Ying Zhang,  Xing Zhang,  
 Yan Zhao,  Ying Zhu,  B. R. Brooks,  G. K. L. Chan,  C. J. Cramer,  
 M. S. Gordon,  W. J. Hehre,  A. Klamt,  M. W. Schmidt,  C. D. Sherrill,  
 D. G. Truhlar,  A. Aspuru-Guzik,  R. Baer,  A. T. Bell,  N. A. Besley,  
 Jeng-Da Chai,  A. Dreuw,  B. D. Dunietz,  T. R. Furlani,  Chao-Ping Hsu,  
 Yousung Jung,  Jing Kong,  D. S. Lambrecht,  WanZhen Liang,  C. Ochsenfeld,  
 V. A. Rassolov,  L. V. Slipchenko,  J. E. Subotnik,  T. Van Voorhis,  
 J. M. Herbert,  A. I. Krylov,  P. M. W. Gill,  M. Head-Gordon

 Contributors to earlier versions of Q-Chem not listed above: 
 R. D. Adamson,  B. Austin,  J. Baker,  G. J. O. Beran,  K. Brandhorst,  
 S. T. Brown,  E. F. C. Byrd,  A. K. Chakraborty,  C.-L. Cheng,  
 Siu Hung Chien,  D. M. Chipman,  D. L. Crittenden,  H. Dachsel,  
 R. A. DiStasio Jr.,  R. J. Doerksen,  A. D. Dutoi,  L. Fusti-Molnar,  
 W. A. Goddard III,  A. Golubeva-Zadorozhnaya,  S. R. Gwaltney,  G. Hawkins,  
 A. Heyden,  S. Hirata,  G. Kedziora,  F. J. Keil,  C. Kelley,  Jihan Kim,  
 R. A. King,  R. Z. Khaliullin,  P. P. Korambath,  W. Kurlancheek,  
 A. M. Lee,  M. S. Lee,  S. V. Levchenko,  Ching Yeh Lin,  D. Liotard,  
 R. C. Lochan,  I. Lotan,  P. E. Maslen,  N. Nair,  D. P. O'Neill,  
 D. Neuhauser,  E. Neuscamman,  C. M. Oana,  R. Olson,  B. Peters,  
 R. Peverati,  P. A. Pieniazek,  Y. M. Rhee,  J. Ritchie,  M. A. Rohrdanz,  
 E. Rosta,  N. J. Russ,  H. F. Schaefer III,  N. E. Schultz,  N. Shenvi,  
 A. C. Simmonett,  A. Sodt,  D. Stuck,  K. S. Thanthiriwatte,  V. Vanovschi,  
 Tao Wang,  A. Warshel,  C. F. Williams,  Q. Wu,  X. Xu,  W. Zhang

 Please cite Q-Chem as follows:
 Y. Shao et al., Mol. Phys. 113, 184-215 (2015)
 DOI: 10.1080/00268976.2014.952696

 Q-Chem 5.0.1 for Intel X86 EM64T Linux

 Parts of Q-Chem use Armadillo 5.200.1 (Boston Tea Smuggler).
 http://arma.sourceforge.net/

 Q-Chem begins on Tue Apr 17 22:51:05 2018  

Host: vega02.cac.cornell.edu
0

     Scratch files written to /scratch/jj585/vdw/0100_distance_4.400_01.save//
 Parallel job on  1  processors

Checking the input file for inconsistencies... 	...done.

--------------------------------------------------------------
User input:
--------------------------------------------------------------
$molecule
0  1
C        +0.22158000        +2.30323000        +4.79786000
C        +0.66605000        +0.87252000        +5.22257000
C        +1.34553000        +2.67920000        +3.80792000
C        +2.64524000        +2.98933000        +4.58139000
C        +3.08388000        +1.55827000        +5.00996000
C        +1.96256000        +0.68271000        +4.39225000
O        +1.64661000        +1.41879000        +3.18397000
H        +3.38372000        +3.44850000        +3.92169000
H        +2.47924000        +3.66446000        +5.42390000
H        +4.04903000        +1.29176000        +4.57461000
H        +3.15524000        +1.43337000        +6.09277000
H        +1.07180000        +3.40599000        +3.04471000
C        +2.34033000        -0.74289000        +4.06311000
H        +3.21566000        -0.76729000        +3.40936000
H        +1.51626000        -1.25336000        +3.55887000
H        +2.57859000        -1.29257000        +4.97813000
H        -0.74420000        +2.28228000        +4.28990000
H        +0.15086000        +3.00260000        +5.63363000
H        +0.84552000        +0.77635000        +6.29567000
H        -0.07517000        +0.12329000        +4.93589000
@C        +0.20553000        +1.04146000        +0.58269000
@C        +0.65000000        -0.38925000        +1.00740000
@C        +1.32948000        +1.41743000        -0.40725000
@C        +2.62919000        +1.72756000        +0.36622000
@C        +3.06783000        +0.29650000        +0.79479000
@C        +1.94651000        -0.57906000        +0.17708000
@O        +1.63056000        +0.15702000        -1.03120000
@H        +3.36767000        +2.18673000        -0.29348000
@H        +2.46319000        +2.40269000        +1.20873000
@H        +4.03298000        +0.02999000        +0.35944000
@H        +3.13919000        +0.17160000        +1.87760000
@H        +1.05575000        +2.14422000        -1.17046000
@C        +2.32428000        -2.00466000        -0.15206000
@H        +3.19961000        -2.02906000        -0.80581000
@H        +1.50021000        -2.51513000        -0.65630000
@H        +2.56254000        -2.55434000        +0.76296000
@H        -0.76025000        +1.02051000        +0.07473000
@H        +0.13481000        +1.74083000        +1.41846000
@H        +0.82947000        -0.48542000        +2.08050000
@H        -0.09122000        -1.13848000        +0.72072000
$end

$rem
JOBTYPE                   SP
METHOD                    B3LYP
DFT_D                     d3_op
BASIS                     6-311++G(d,p)
SYMMETRY                  False
THRESH                    12
SCF_CONVERGENCE           8
MAX_SUB_FILE_NUM          128
MEM_STATIC                400
MEM_TOTAL                 4000
$end
--------------------------------------------------------------
 Adding empirical dispersion correction 
 ----------------------------------------------------------------
 Doing -D3(op) with
 s6 =   1.00000
 s8 =   0.78311
 a1 =   0.30000
 a2 =   4.25000
 n  =  10.00000
 -D3 energy without 3body term =     -0.0174425452 hartrees
 ----------------------------------------------------------------
             Standard Nuclear Orientation (Angstroms)
    I     Atom           X                Y                Z
 ----------------------------------------------------------------
    1      C       0.2215800000     2.3032300000     4.7978600000
    2      C       0.6660500000     0.8725200000     5.2225700000
    3      C       1.3455300000     2.6792000000     3.8079200000
    4      C       2.6452400000     2.9893300000     4.5813900000
    5      C       3.0838800000     1.5582700000     5.0099600000
    6      C       1.9625600000     0.6827100000     4.3922500000
    7      O       1.6466100000     1.4187900000     3.1839700000
    8      H       3.3837200000     3.4485000000     3.9216900000
    9      H       2.4792400000     3.6644600000     5.4239000000
   10      H       4.0490300000     1.2917600000     4.5746100000
   11      H       3.1552400000     1.4333700000     6.0927700000
   12      H       1.0718000000     3.4059900000     3.0447100000
   13      C       2.3403300000    -0.7428900000     4.0631100000
   14      H       3.2156600000    -0.7672900000     3.4093600000
   15      H       1.5162600000    -1.2533600000     3.5588700000
   16      H       2.5785900000    -1.2925700000     4.9781300000
   17      H      -0.7442000000     2.2822800000     4.2899000000
   18      H       0.1508600000     3.0026000000     5.6336300000
   19      H       0.8455200000     0.7763500000     6.2956700000
   20      H      -0.0751700000     0.1232900000     4.9358900000
   21      GH      0.2055300000     1.0414600000     0.5826900000
   22      GH      0.6500000000    -0.3892500000     1.0074000000
   23      GH      1.3294800000     1.4174300000    -0.4072500000
   24      GH      2.6291900000     1.7275600000     0.3662200000
   25      GH      3.0678300000     0.2965000000     0.7947900000
   26      GH      1.9465100000    -0.5790600000     0.1770800000
   27      GH      1.6305600000     0.1570200000    -1.0312000000
   28      GH      3.3676700000     2.1867300000    -0.2934800000
   29      GH      2.4631900000     2.4026900000     1.2087300000
   30      GH      4.0329800000     0.0299900000     0.3594400000
   31      GH      3.1391900000     0.1716000000     1.8776000000
   32      GH      1.0557500000     2.1442200000    -1.1704600000
   33      GH      2.3242800000    -2.0046600000    -0.1520600000
   34      GH      3.1996100000    -2.0290600000    -0.8058100000
   35      GH      1.5002100000    -2.5151300000    -0.6563000000
   36      GH      2.5625400000    -2.5543400000     0.7629600000
   37      GH     -0.7602500000     1.0205100000     0.0747300000
   38      GH      0.1348100000     1.7408300000     1.4184600000
   39      GH      0.8294700000    -0.4854200000     2.0805000000
   40      GH     -0.0912200000    -1.1384800000     0.7207200000
 ----------------------------------------------------------------
 Nuclear Repulsion Energy =   415.1590146406 hartrees
 There are       31 alpha and       31 beta electrons
 Requested basis set is 6-311++G(d,p)
 There are 216 shells and 520 basis functions

 Total QAlloc Memory Limit   4000 MB
 Mega-Array Size       392 MB
 MEM_STATIC part       400 MB
 A cutoff of  1.0D-12 yielded  19964 shell pairs
 There are    115465 function pairs (    122325 Cartesian)
 
 -------------------------------------------------------
 OpenMP Integral Computing Module                       
 Release: version 1.0, May 2013, Q-Chem Inc. Pittsburgh 
 -------------------------------------------------------
 Integral Job Info:
 Integral job number is                      11
 Integral operator is                         1
 short-range coefficients                     0
 long-range coefficients              100000000
 Omega coefficients                           0
 if combine SR and LR in K                    0
 Integral screening is                        0
 Integral computing path is                   2
 max size of driver memory is            800000
 size of driver memory is                593474
 size of scratch memory is              2361544
 max col of scratch BK array               1296
 max len of scratch array in speh3          155
 max len of scratch index in speh4           18
 max int batch size is                      520
 min int batch size is                       52
 fixed nKL is                                52
 max L of basis functions is                  2
 order of int derivative is                   0
 number of shells is                        216
 number of basis is                         536
 number of cartesian basis is               536
 number of contracted shell pairs         19964
 number of primitive shell pairs          42170
 maxK2 (contraction) of shell pair           36
 max number of K2 of shell pair               1
 max number of CS2 of shell pair           3571
 max number of PS2 of shell pair           6240
 mem total for path MDJ                  160152
 -------------------------------------------------------
 Smallest overlap matrix eigenvalue = 8.19E-07
 Linear dependence detected in AO basis
 Number of orthogonalized atomic orbitals = 519
 Maximum deviation from orthogonality = 1.042E-10

 Scale SEOQF with 1.000000e-01/1.000000e-01/1.000000e-02

 Standard Electronic Orientation quadrupole field applied
 Nucleus-field energy     =     0.0000000123 hartrees
 Guess from superposition of atomic densities
 Warning:  Energy on first SCF cycle will be non-variational

 Q-Chem warning in module /opt/software/qchem/qchem-5.0.1/libgen/Atomic_PolEc.C, line 58:

 No atomic polarizability available.


 Q-Chem warning in module /opt/software/qchem/qchem-5.0.1/libgen/Atomic_PolEc.C, line 73:

 No atomic polarizability available.


 Q-Chem warning in module /opt/software/qchem/qchem-5.0.1/libgen/Atomic_PolEc.C, line 58:

 No atomic polarizability available.


 Q-Chem warning in module /opt/software/qchem/qchem-5.0.1/libgen/Atomic_PolEc.C, line 73:

 No atomic polarizability available.


 Q-Chem warning in module /opt/software/qchem/qchem-5.0.1/libgen/Atomic_PolEc.C, line 58:

 No atomic polarizability available.


 Q-Chem warning in module /opt/software/qchem/qchem-5.0.1/libgen/Atomic_PolEc.C, line 73:

 No atomic polarizability available.


 Q-Chem warning in module /opt/software/qchem/qchem-5.0.1/libgen/Atomic_PolEc.C, line 58:

 No atomic polarizability available.


 Q-Chem warning in module /opt/software/qchem/qchem-5.0.1/libgen/Atomic_PolEc.C, line 73:

 No atomic polarizability available.


 Q-Chem warning in module /opt/software/qchem/qchem-5.0.1/libgen/Atomic_PolEc.C, line 58:

 No atomic polarizability available.


 Q-Chem warning in module /opt/software/qchem/qchem-5.0.1/libgen/Atomic_PolEc.C, line 73:

 No atomic polarizability available.


 Q-Chem warning in module /opt/software/qchem/qchem-5.0.1/libgen/Atomic_PolEc.C, line 58:

 No atomic polarizability available.


 Q-Chem warning in module /opt/software/qchem/qchem-5.0.1/libgen/Atomic_PolEc.C, line 73:

 No atomic polarizability available.


 Q-Chem warning in module /opt/software/qchem/qchem-5.0.1/libgen/Atomic_PolEc.C, line 58:

 No atomic polarizability available.


 Q-Chem warning in module /opt/software/qchem/qchem-5.0.1/libgen/Atomic_PolEc.C, line 73:

 No atomic polarizability available.


 Q-Chem warning in module /opt/software/qchem/qchem-5.0.1/libgen/Atomic_PolEc.C, line 58:

 No atomic polarizability available.


 Q-Chem warning in module /opt/software/qchem/qchem-5.0.1/libgen/Atomic_PolEc.C, line 73:

 No atomic polarizability available.


 Q-Chem warning in module /opt/software/qchem/qchem-5.0.1/libgen/Atomic_PolEc.C, line 58:

 No atomic polarizability available.


 Q-Chem warning in module /opt/software/qchem/qchem-5.0.1/libgen/Atomic_PolEc.C, line 73:

 No atomic polarizability available.


 Q-Chem warning in module /opt/software/qchem/qchem-5.0.1/libgen/Atomic_PolEc.C, line 58:

 No atomic polarizability available.


 Q-Chem warning in module /opt/software/qchem/qchem-5.0.1/libgen/Atomic_PolEc.C, line 73:

 No atomic polarizability available.


 Q-Chem warning in module /opt/software/qchem/qchem-5.0.1/libgen/Atomic_PolEc.C, line 58:

 No atomic polarizability available.


 Q-Chem warning in module /opt/software/qchem/qchem-5.0.1/libgen/Atomic_PolEc.C, line 73:

 No atomic polarizability available.


 Q-Chem warning in module /opt/software/qchem/qchem-5.0.1/libgen/Atomic_PolEc.C, line 58:

 No atomic polarizability available.


 Q-Chem warning in module /opt/software/qchem/qchem-5.0.1/libgen/Atomic_PolEc.C, line 73:

 No atomic polarizability available.


 Q-Chem warning in module /opt/software/qchem/qchem-5.0.1/libgen/Atomic_PolEc.C, line 58:

 No atomic polarizability available.


 Q-Chem warning in module /opt/software/qchem/qchem-5.0.1/libgen/Atomic_PolEc.C, line 73:

 No atomic polarizability available.


 Q-Chem warning in module /opt/software/qchem/qchem-5.0.1/libgen/Atomic_PolEc.C, line 58:

 No atomic polarizability available.


 Q-Chem warning in module /opt/software/qchem/qchem-5.0.1/libgen/Atomic_PolEc.C, line 73:

 No atomic polarizability available.


 Q-Chem warning in module /opt/software/qchem/qchem-5.0.1/libgen/Atomic_PolEc.C, line 58:

 No atomic polarizability available.


 Q-Chem warning in module /opt/software/qchem/qchem-5.0.1/libgen/Atomic_PolEc.C, line 73:

 No atomic polarizability available.


 Q-Chem warning in module /opt/software/qchem/qchem-5.0.1/libgen/Atomic_PolEc.C, line 58:

 No atomic polarizability available.


 Q-Chem warning in module /opt/software/qchem/qchem-5.0.1/libgen/Atomic_PolEc.C, line 73:

 No atomic polarizability available.


 Q-Chem warning in module /opt/software/qchem/qchem-5.0.1/libgen/Atomic_PolEc.C, line 58:

 No atomic polarizability available.


 Q-Chem warning in module /opt/software/qchem/qchem-5.0.1/libgen/Atomic_PolEc.C, line 73:

 No atomic polarizability available.


 Q-Chem warning in module /opt/software/qchem/qchem-5.0.1/libgen/Atomic_PolEc.C, line 58:

 No atomic polarizability available.


 Q-Chem warning in module /opt/software/qchem/qchem-5.0.1/libgen/Atomic_PolEc.C, line 73:

 No atomic polarizability available.


 Q-Chem warning in module /opt/software/qchem/qchem-5.0.1/libgen/Atomic_PolEc.C, line 58:

 No atomic polarizability available.


 Q-Chem warning in module /opt/software/qchem/qchem-5.0.1/libgen/Atomic_PolEc.C, line 73:

 No atomic polarizability available.


 Q-Chem warning in module /opt/software/qchem/qchem-5.0.1/libgen/Atomic_PolEc.C, line 58:

 No atomic polarizability available.


 Q-Chem warning in module /opt/software/qchem/qchem-5.0.1/libgen/Atomic_PolEc.C, line 73:

 No atomic polarizability available.

 A restricted hybrid HF-DFT SCF calculation will be
 performed using Pulay DIIS extrapolation
 Exchange:     0.2000 Hartree-Fock + 0.0800 Slater + 0.7200 B88
 Correlation:  0.1900 VWN1RPA + 0.8100 LYP
 Using SG-1 standard quadrature grid
 Dispersion:   Grimme D3
 SCF converges when DIIS error is below 1.0E-08
 using 4 threads for integral computing
 -------------------------------------------------------
 OpenMP Integral computing Module                
 Release: version 1.0, May 2013, Q-Chem Inc. Pittsburgh 
 -------------------------------------------------------
 -------------------------------------------------------
 OpenMP BLAS3 based DFT computing Module                
 Release: version 1.0, May 2013, Q-Chem Inc. Pittsburgh 
 -------------------------------------------------------
 ---------------------------------------
  Cycle       Energy         DIIS Error
 ---------------------------------------
    1    -350.9007215969      1.90E-02
    2    -349.1241525788      2.29E-03
    3    -349.0337917807      2.85E-03
    4    -349.2989494171      4.30E-04
    5    -349.3030958175      1.65E-04
    6    -349.3037373318      4.79E-05
    7    -349.3037876156      1.74E-05
    8    -349.3037963314      1.50E-06
    9    -349.3037963970      6.78E-07
   10    -349.3037964113      1.49E-07
   11    -349.3037964120      2.90E-08
   12    -349.3037964120      1.03E-08
   13    -349.3037964120      2.93E-09 Convergence criterion met
 ---------------------------------------
 SCF time:  CPU 970.04 s  wall 243.80 s
 SCF   energy in the final basis set = -349.30379641
 Total energy in the final basis set = -349.30379641
 
 --------------------------------------------------------------
 
                    Orbital Energies (a.u.)
 --------------------------------------------------------------
 
 Alpha MOs
 -- Occupied --
-19.115 -10.224 -10.217 -10.168 -10.168 -10.168 -10.167 -10.161
 -1.045  -0.799  -0.773  -0.750  -0.679  -0.613  -0.573  -0.554
 -0.498  -0.481  -0.467  -0.434  -0.414  -0.405  -0.391  -0.371
 -0.362  -0.346  -0.344  -0.339  -0.319  -0.302  -0.262
 -- Virtual --
 -0.011   0.003   0.009   0.011   0.025   0.029   0.031   0.032
  0.033   0.048   0.053   0.057   0.059   0.060   0.063   0.071
  0.074   0.074   0.083   0.084   0.087   0.095   0.098   0.102
  0.107   0.109   0.111   0.113   0.119   0.121   0.122   0.124
  0.128   0.134   0.134   0.136   0.142   0.145   0.146   0.150
  0.152   0.157   0.161   0.162   0.164   0.168   0.168   0.171
  0.171   0.176   0.181   0.185   0.188   0.189   0.192   0.193
  0.198   0.199   0.203   0.205   0.209   0.211   0.215   0.221
  0.222   0.224   0.232   0.233   0.241   0.244   0.245   0.249
  0.251   0.254   0.254   0.263   0.266   0.271   0.273   0.275
  0.277   0.277   0.285   0.288   0.297   0.299   0.304   0.310
  0.318   0.325   0.331   0.334   0.341   0.345   0.349   0.355
  0.366   0.369   0.373   0.380   0.382   0.388   0.389   0.392
  0.400   0.404   0.408   0.411   0.416   0.418   0.430   0.440
  0.445   0.448   0.463   0.465   0.477   0.481   0.489   0.500
  0.502   0.521   0.522   0.530   0.540   0.554   0.559   0.564
  0.566   0.569   0.577   0.585   0.585   0.593   0.603   0.621
  0.632   0.635   0.642   0.644   0.646   0.651   0.662   0.668
  0.670   0.679   0.686   0.691   0.707   0.713   0.721   0.725
  0.727   0.730   0.741   0.743   0.751   0.758   0.758   0.766
  0.770   0.784   0.786   0.792   0.792   0.798   0.807   0.813
  0.823   0.831   0.842   0.853   0.860   0.865   0.874   0.875
  0.907   0.922   0.935   0.952   0.953   0.970   0.987   1.000
  1.001   1.007   1.022   1.034   1.074   1.077   1.094   1.105
  1.116   1.146   1.162   1.168   1.182   1.191   1.209   1.223
  1.238   1.242   1.249   1.259   1.295   1.299   1.306   1.325
  1.336   1.340   1.374   1.396   1.440   1.445   1.475   1.479
  1.507   1.512   1.521   1.527   1.538   1.538   1.544   1.561
  1.581   1.593   1.595   1.606   1.609   1.619   1.626   1.639
  1.660   1.662   1.671   1.684   1.689   1.696   1.713   1.715
  1.722   1.730   1.734   1.746   1.761   1.768   1.771   1.777
  1.781   1.793   1.804   1.818   1.820   1.832   1.837   1.840
  1.851   1.870   1.873   1.876   1.883   1.896   1.899   1.908
  1.913   1.930   1.935   1.938   1.955   1.962   1.982   1.995
  1.999   2.006   2.012   2.028   2.035   2.041   2.057   2.062
  2.064   2.093   2.102   2.117   2.121   2.135   2.136   2.149
  2.159   2.164   2.177   2.185   2.207   2.224   2.232   2.249
  2.263   2.271   2.292   2.304   2.314   2.329   2.346   2.354
  2.374   2.377   2.392   2.400   2.434   2.435   2.444   2.446
  2.472   2.480   2.482   2.493   2.500   2.504   2.512   2.519
  2.531   2.538   2.542   2.546   2.554   2.565   2.583   2.631
  2.635   2.651   2.659   2.667   2.668   2.677   2.690   2.717
  2.725   2.732   2.753   2.754   2.760   2.782   2.783   2.806
  2.821   2.827   2.844   2.845   2.850   2.858   2.893   2.904
  2.914   2.922   2.937   2.942   2.958   2.979   2.999   3.013
  3.017   3.025   3.041   3.049   3.049   3.086   3.095   3.132
  3.145   3.147   3.175   3.179   3.187   3.224   3.252   3.272
  3.273   3.283   3.303   3.319   3.328   3.332   3.340   3.372
  3.433   3.467   3.481   3.538   3.544   3.573   3.589   3.601
  3.603   3.615   3.618   3.672   3.688   3.700   3.715   3.769
  3.782   3.840   3.850   3.861   3.891   3.910   3.914   3.962
  3.975   3.981   4.064   4.090   4.106   4.128   4.139   4.179
  4.213   4.311   4.434   4.458   4.636   4.647   4.739   4.802
  4.839   4.844   4.856   4.870   4.899   4.914   4.935   4.961
  5.065   5.092   5.125   5.251   5.361   5.622   5.668   5.717
  7.360   7.469   7.518   7.537   7.664   7.679   7.689   7.713
  7.806   7.807   7.882   7.934   7.984   8.022   8.190   8.298
  8.330   8.393   8.465   8.687   8.746   9.899   9.939   9.998
 10.018  10.028  10.071  10.178  13.628  13.927  14.043  18.606
 23.824  23.849  23.950  23.971  23.986  23.987  24.082  50.003
 69.858  69.889  69.975  69.993  70.022  70.080  70.092 139.661
 --------------------------------------------------------------
 
          Ground-State Mulliken Net Atomic Charges

     Atom                 Charge (a.u.)
  ----------------------------------------
      1 C                    -0.594898
      2 C                    -0.326150
      3 C                     0.346306
      4 C                    -0.602110
      5 C                    -0.317822
      6 C                    -0.021608
      7 O                     0.148229
      8 H                     0.151142
      9 H                     0.141922
     10 H                     0.162463
     11 H                     0.145402
     12 H                     0.222675
     13 C                    -0.424035
     14 H                     0.154472
     15 H                     0.155211
     16 H                     0.173747
     17 H                     0.151013
     18 H                     0.141272
     19 H                     0.145600
     20 H                     0.162906
     21 GH                   -0.045972
     22 GH                   -0.029226
     23 GH                    0.025796
     24 GH                   -0.043234
     25 GH                   -0.031222
     26 GH                    0.104728
     27 GH                   -0.005504
     28 GH                   -0.001892
     29 GH                   -0.051875
     30 GH                   -0.004739
     31 GH                   -0.008758
     32 GH                    0.001323
     33 GH                    0.043998
     34 GH                    0.000113
     35 GH                    0.000103
     36 GH                   -0.000780
     37 GH                   -0.001896
     38 GH                   -0.052627
     39 GH                   -0.009342
     40 GH                   -0.004728
  ----------------------------------------
  Sum of atomic charges =     0.000000

 -----------------------------------------------------------------
                    Cartesian Multipole Moments
 -----------------------------------------------------------------
    Charge (ESU x 10^10)
                 0.0000
    Dipole Moment (Debye)
         X       0.0421      Y       0.3645      Z       1.5936
       Tot       1.6353
    Quadrupole Moments (Debye-Ang)
        XX     -49.7779     XY       0.0953     YY     -47.1985
        XZ       2.9562     YZ       2.9874     ZZ     -39.1311
    Octopole Moments (Debye-Ang^2)
       XXX    -261.9770    XXY     -73.4469    XYY     -85.2754
       YYY    -205.7671    XXZ    -218.7456    XYZ       2.9708
       YYZ    -211.0761    XZZ     -67.3819    YZZ     -55.2185
       ZZZ    -607.0117
    Hexadecapole Moments (Debye-Ang^3)
      XXXX   -1302.4964   XXXY    -359.3361   XXYY    -416.2365
      XYYY    -343.0745   YYYY   -1148.8860   XXXZ   -1159.7752
      XXYZ    -328.4525   XYYZ    -376.5612   YYYZ    -933.8084
      XXZZ   -1225.7151   XYZZ    -100.1657   YYZZ   -1170.1061
      XZZZ   -1043.5667   YZZZ    -879.5998   ZZZZ   -5820.7293
 -----------------------------------------------------------------
Archival summary:
1\1\vega02.cac.cornell.edu\SP\ProcedureUnspecified\BasisUnspecified\1712h20\jj585\TueApr1722:55:102018TueApr1722:55:102018\0\\#,ProcedureUnspecified,BasisUnspecified,\\0,1\O\C,1,1.43826\H,2,1.08887,1,109.48\C,1,1.44968,2,97.4122,3,-179.997,0\C,4,1.51109,1,110.608,2,-179.857,0\H,5,1.09267,4,110.654,1,-60.1503,0\H,5,1.09279,4,110.587,1,60.1246,0\H,5,1.0937,4,110.266,1,179.936,0\C,2,1.54392,1,102.541,3,-122.992,0\H,9,1.09151,2,110.565,1,82.9957,0\H,9,1.09233,2,112.496,1,-156.17,0\C,2,1.54421,1,102.539,3,123.004,0\H,12,1.09142,2,110.51,1,-83.1176,0\H,12,1.09208,2,112.447,1,155.951,0\C,4,1.55098,1,101.706,2,-56.0474,0\H,15,1.09182,4,110.029,1,-84.6846,0\H,15,1.09232,4,112.178,1,155.019,0\C,4,1.55126,1,101.645,2,56.1901,0\H,18,1.09222,4,110.045,1,84.5395,0\H,18,1.09225,4,112.196,1,-155.189,0\Gh,7,1.79824,5,117.637,4,-54.5693,0\Gh,21,1.09232,7,155.077,5,-108.342,0\Gh,22,1.09182,21,108.035,7,-74.6366,0\Gh,22,1.55098,21,112.178,7,46.8098,0\Gh,24,1.44968,22,101.706,21,155.019,0\Gh,25,1.43826,24,97.4122,22,-56.0474,0\Gh,26,1.08887,25,109.48,24,-179.997,0\Gh,24,1.51109,22,116.014,21,-84.9089,0\Gh,28,1.09267,24,110.654,22,-175.282,0\Gh,28,1.09279,24,110.587,22,-55.0073,0\Gh,28,1.0937,24,110.266,22,64.8037,0\Gh,26,1.54392,25,102.541,24,57.0109,0\Gh,32,1.09151,26,110.565,25,82.9957,0\Gh,32,1.09233,26,112.496,25,-156.17,0\Gh,26,1.54421,25,102.539,24,-56.9923,0\Gh,35,1.09142,26,110.51,25,-83.1176,0\Gh,35,1.09208,26,112.447,25,155.951,0\Gh,24,1.55126,22,108.784,21,48.2696,0\Gh,38,1.09222,24,110.045,22,-168.669,0\Gh,38,1.09225,24,112.196,22,-48.3972,0\\\@

 Total job time:  244.77s(wall), 972.77s(cpu) 
 Tue Apr 17 22:55:10 2018

        *************************************************************
        *                                                           *
        *  Thank you very much for using Q-Chem.  Have a nice day.  *
        *                                                           *
        *************************************************************


0 sent ACK to 0 
now end server 0 ... 
