mFile = /opt/software/qchem/qchem-5.0.1//bin/mpi/machines
Process 0 of 1 is on vega03.cac.cornell.edu - thread support 0
initial socket setup ...start
initial socket setup ...done 
now start server 0 ... 
vega03 10.84.3
Q-Chem Developer Version! Running on 10.84.3.*
                  Welcome to Q-Chem
     A Quantum Leap Into The Future Of Chemistry


 Q-Chem 5.0, Q-Chem, Inc., Pleasanton, CA (2017)

 Yihan Shao,  Zhengting Gan,  E. Epifanovsky,  A. T. B. Gilbert,  M. Wormit,  
 J. Kussmann,  A. W. Lange,  A. Behn,  Jia Deng,  Xintian Feng,  D. Ghosh,  
 M. Goldey,  P. R. Horn,  L. D. Jacobson,  I. Kaliman,  T. Kus,  A. Landau,  
 Jie Liu,  E. I. Proynov,  R. M. Richard,  R. P. Steele,  E. J. Sundstrom,  
 H. L. Woodcock III,  P. M. Zimmerman,  D. Zuev,  B. Albrecht,  E. Alguire,  
 S. A. Baeppler,  Z. Benda,  Y. A. Bernard,  E. J. Berquist,  K. B. Bravaya,  
 D. Casanova,  Chun-Min Chang,  Yunqing Chen,  A. Chien,  K. D. Closser,  
 M. P. Coons,  S. Dasgupta,  M. Diedenhofen,  Hainam Do,  R. G. Edgar,  
 Po-Tung Fang,  S. Fatehi,  Qingguo Feng,  Qinghui Ge,  A. Ghysels,  
 J. Gomes,  J. Gonthier,  A. Gunina,  M. W. D. Hanson-Heine,  
 P. H. P. Harbach,  A. W. Hauser,  J. E. Herr,  E. G. Hohenstein,  
 Z. C. Holden,  Kerwin Hui,  T.-C. Jagau,  Hyunjun Ji,  B. Kaduk,  
 K. Khistyaev,  Jaehoon Kim,  P. Klunzinger,  K. Koh,  D. Kosenkov,  
 T. Kowalczyk,  C. M. Krauter,  A. Kunitsa,  Ka Un Lao,  A. Laurent,  
 K. V. Lawler,  Joonho Lee,  D. Lefrancois,  S. Lehtola,  D. S. Levine,  
 Yi-Pei Li,  You-Sheng Lin,  Fenglai Liu,  E. Livshits,  A. Luenser,  
 P. Manohar,  E. Mansoor,  S. F. Manzer,  Shan-Ping Mao,  Yuezhi Mao,  
 N. Mardirossian,  A. V. Marenich,  L. A. Martinez-Martinez,  S. A. Maurer,  
 N. J. Mayhall,  S. C. McKenzie,  J.-M. Mewes,  A. F. Morrison,  K. Nanda,  
 T. S. Nguyen-Beck,  R. Olivares-Amaya,  J. A. Parkhill,  T. M. Perrine,  
 F. Plasser,  S. Prager,  A. Prociuk,  D. R. Rehn,  F. Rob,  M. Schneider,  
 N. Sergueev,  S. M. Sharada,  S. Sharma,  D. W. Small,  T. Stauch,  
 T. Stein,  Yu-Chuan Su,  A. J. W. Thom,  T. Tsuchimochi,  L. Vogt,  
 O. Vydrov,  M. A. Watson,  J. Wenzel,  M. de Wergifosse,  T. A. Wesolowski,  
 A. White,  J. Witte,  A. Yamada,  Jun Yang,  K. Yao,  S. Yeganeh,  
 S. R. Yost,  Zhi-Qiang You,  A. Zech,  Igor Ying Zhang,  Xing Zhang,  
 Yan Zhao,  Ying Zhu,  B. R. Brooks,  G. K. L. Chan,  C. J. Cramer,  
 M. S. Gordon,  W. J. Hehre,  A. Klamt,  M. W. Schmidt,  C. D. Sherrill,  
 D. G. Truhlar,  A. Aspuru-Guzik,  R. Baer,  A. T. Bell,  N. A. Besley,  
 Jeng-Da Chai,  A. Dreuw,  B. D. Dunietz,  T. R. Furlani,  Chao-Ping Hsu,  
 Yousung Jung,  Jing Kong,  D. S. Lambrecht,  WanZhen Liang,  C. Ochsenfeld,  
 V. A. Rassolov,  L. V. Slipchenko,  J. E. Subotnik,  T. Van Voorhis,  
 J. M. Herbert,  A. I. Krylov,  P. M. W. Gill,  M. Head-Gordon

 Contributors to earlier versions of Q-Chem not listed above: 
 R. D. Adamson,  B. Austin,  J. Baker,  G. J. O. Beran,  K. Brandhorst,  
 S. T. Brown,  E. F. C. Byrd,  A. K. Chakraborty,  C.-L. Cheng,  
 Siu Hung Chien,  D. M. Chipman,  D. L. Crittenden,  H. Dachsel,  
 R. A. DiStasio Jr.,  R. J. Doerksen,  A. D. Dutoi,  L. Fusti-Molnar,  
 W. A. Goddard III,  A. Golubeva-Zadorozhnaya,  S. R. Gwaltney,  G. Hawkins,  
 A. Heyden,  S. Hirata,  G. Kedziora,  F. J. Keil,  C. Kelley,  Jihan Kim,  
 R. A. King,  R. Z. Khaliullin,  P. P. Korambath,  W. Kurlancheek,  
 A. M. Lee,  M. S. Lee,  S. V. Levchenko,  Ching Yeh Lin,  D. Liotard,  
 R. C. Lochan,  I. Lotan,  P. E. Maslen,  N. Nair,  D. P. O'Neill,  
 D. Neuhauser,  E. Neuscamman,  C. M. Oana,  R. Olson,  B. Peters,  
 R. Peverati,  P. A. Pieniazek,  Y. M. Rhee,  J. Ritchie,  M. A. Rohrdanz,  
 E. Rosta,  N. J. Russ,  H. F. Schaefer III,  N. E. Schultz,  N. Shenvi,  
 A. C. Simmonett,  A. Sodt,  D. Stuck,  K. S. Thanthiriwatte,  V. Vanovschi,  
 Tao Wang,  A. Warshel,  C. F. Williams,  Q. Wu,  X. Xu,  W. Zhang

 Please cite Q-Chem as follows:
 Y. Shao et al., Mol. Phys. 113, 184-215 (2015)
 DOI: 10.1080/00268976.2014.952696

 Q-Chem 5.0.1 for Intel X86 EM64T Linux

 Parts of Q-Chem use Armadillo 5.200.1 (Boston Tea Smuggler).
 http://arma.sourceforge.net/

 Q-Chem begins on Mon Apr  2 15:36:18 2018  

Host: vega03.cac.cornell.edu
0

     Scratch files written to /scratch/jj585/vdw/10n01_distance_4.800_11.save//
 Parallel job on  1  processors

Checking the input file for inconsistencies... 	...done.

--------------------------------------------------------------
User input:
--------------------------------------------------------------
$molecule
0  1
--
0  1
C        -0.54444000        -0.68370000        -0.06689000
C        -0.55709000        +0.71878000        +0.05493000
C        +0.74969000        -1.43776000        -0.09374000
C        +0.72843000        +1.48436000        +0.06598000
O        +1.53645000        -1.09176000        +0.94813000
O        +1.04702000        -2.28405000        -0.90088000
O        +1.53784000        +1.08301000        -0.93877000
O        +1.01035000        +2.37097000        +0.83478000
C        +2.83449000        +1.70121000        -0.99358000
C        +2.82316000        -1.73208000        +1.00475000
C        -1.74320000        -1.41616000        -0.12552000
C        -2.93952000        -0.70056000        -0.05285000
C        -2.95313000        +0.68255000        +0.06934000
C        -1.77161000        +1.42404000        +0.12810000
H        +2.73835000        +2.77989000        -1.12464000
H        +2.70778000        -2.81319000        +1.09555000
H        -3.90354000        +1.20325000        +0.11710000
H        +3.38998000        +1.50093000        -0.07544000
H        +3.33184000        +1.25269000        -1.85067000
H        +3.31095000        -1.32281000        +1.88650000
H        +3.39889000        -1.50934000        +0.10459000
H        -3.87892000        -1.24211000        -0.08988000
H        -1.78886000        +2.45164000        +0.22176000
H        -1.73878000        -2.44393000        -0.21875000
--
0  1
C        -0.51141000        -1.10222000        +4.71472000
C        -0.52406000        +0.30026000        +4.83654000
C        +0.78272000        -1.85628000        +4.68787000
C        +0.76146000        +1.06584000        +4.84759000
O        +1.56948000        -1.51028000        +5.72974000
O        +1.08005000        -2.70257000        +3.88073000
O        +1.57087000        +0.66449000        +3.84284000
O        +1.04338000        +1.95245000        +5.61639000
C        +2.86752000        +1.28269000        +3.78803000
C        +2.85619000        -2.15060000        +5.78636000
C        -1.71017000        -1.83468000        +4.65609000
C        -2.90649000        -1.11908000        +4.72876000
C        -2.92010000        +0.26403000        +4.85095000
C        -1.73858000        +1.00552000        +4.90971000
H        +2.77138000        +2.36137000        +3.65697000
H        +2.74081000        -3.23171000        +5.87716000
H        -3.87051000        +0.78473000        +4.89871000
H        +3.42301000        +1.08241000        +4.70617000
H        +3.36487000        +0.83417000        +2.93094000
H        +3.34398000        -1.74133000        +6.66811000
H        +3.43192000        -1.92786000        +4.88620000
H        -3.84589000        -1.66063000        +4.69173000
H        -1.75583000        +2.03312000        +5.00337000
H        -1.70575000        -2.86245000        +4.56286000
$end

$rem
JOBTYPE                   SP
METHOD                    B3LYP
DFT_D                     d3_op
BASIS                     6-311++G(d,p)
SYMMETRY                  False
THRESH                    12
SCF_CONVERGENCE           8
MAX_SUB_FILE_NUM          128
MEM_STATIC                400
MEM_TOTAL                 4000
$end
--------------------------------------------------------------
 Adding empirical dispersion correction 
 ----------------------------------------------------------------
 Doing -D3(op) with
 s6 =   1.00000
 s8 =   0.78311
 a1 =   0.30000
 a2 =   4.25000
 n  =  10.00000
 -D3 energy without 3body term =     -0.0579538558 hartrees
 ----------------------------------------------------------------
             Standard Nuclear Orientation (Angstroms)
    I     Atom           X                Y                Z
 ----------------------------------------------------------------
    1      C      -2.3617047020     0.8027675415     0.8561187608
    2      C      -2.4557998861     0.8234189052    -0.5483989154
    3      C      -2.2560801526    -0.4949879957     1.5969115005
    4      C      -2.5450476920    -0.4583674163    -1.3151160499
    5      O      -1.2691138144    -1.2655910394     1.0906815225
    6      O      -2.9204623549    -0.8073373259     2.5545758769
    7      O      -3.4659922628    -1.2834949132    -0.7703457822
    8      O      -1.9171346165    -0.7255589435    -2.3105774886
    9      C      -3.5976546272    -2.5779903093    -1.3814294835
   10      C      -1.0984840825    -2.5542529725     1.7063714345
   11      C      -2.3233998598     1.9972891008     1.5968019925
   12      C      -2.3765898634     3.1977106525     0.8863762377
   13      C      -2.4673721169     3.2192399843    -0.4990493181
   14      C      -2.5071538973     2.0419989860    -1.2485629670
   15      H      -3.8932515837    -2.4788371915    -2.4267817036
   16      H      -0.8450668735    -2.4424806563     2.7616641351
   17      H      -2.5121780787     4.1725545679    -1.0146774847
   18      H      -2.6525049558    -3.1215281396    -1.3273831730
   19      H      -4.3695609494    -3.0892458780    -0.8105452096
   20      H      -0.2833230204    -3.0278646684     1.1640352991
   21      H      -2.0144984957    -3.1414623880     1.6199488484
   22      H      -2.3427196410     4.1340592786     1.4333899868
   23      H      -2.5718519020     2.0651720855    -2.2782758851
   24      H      -2.2584188230     1.9869498533     2.6267015541
   25      C       2.4277211802     0.8344848367     0.5391993775
   26      C       2.3336259961     0.8551362004    -0.8653182987
   27      C       2.5333457296    -0.4632707005     1.2799921172
   28      C       2.2443781902    -0.4266501212    -1.6320354333
   29      O       3.5203120678    -1.2338737442     0.7737621392
   30      O       1.8689635273    -0.7756200307     2.2376564936
   31      O       1.3234336194    -1.2517776180    -1.0872651656
   32      O       2.8722912657    -0.6938416483    -2.6274968719
   33      C       1.1917712550    -2.5462730141    -1.6983488668
   34      C       3.6909417997    -2.5225356773     1.3894520512
   35      C       2.4660260223     2.0290063960     1.2798826092
   36      C       2.4128360188     3.2294279476     0.5694568544
   37      C       2.3220537653     3.2509572795    -0.8159687014
   38      C       2.2822719849     2.0737162812    -1.5654823503
   39      H       0.8961742985    -2.4471198964    -2.7437010870
   40      H       3.9443590087    -2.4107633612     2.4447447518
   41      H       2.2772478035     4.2042718631    -1.3315968680
   42      H       2.1369209264    -3.0898108444    -1.6443025564
   43      H       0.4198649328    -3.0575285828    -1.1274645929
   44      H       4.5061028618    -2.9961473732     0.8471159157
   45      H       2.7749273865    -3.1097450928     1.3030294651
   46      H       2.4467062412     4.1657765738     1.1164706035
   47      H       2.2175739802     2.0968893806    -2.5951952684
   48      H       2.5310070592     2.0186671485     2.3097821708
 ----------------------------------------------------------------
 Molecular Point Group                 C1    NOp =  1
 Largest Abelian Subgroup              C1    NOp =  1
 Nuclear Repulsion Energy =  2773.1127678502 hartrees
 There are      102 alpha and      102 beta electrons
 Requested basis set is 6-311++G(d,p)
 There are 268 shells and 756 basis functions

 Total QAlloc Memory Limit   4000 MB
 Mega-Array Size       392 MB
 MEM_STATIC part       400 MB
 A cutoff of  1.0D-12 yielded  25819 shell pairs
 There are    207769 function pairs (    221128 Cartesian)
 
 -------------------------------------------------------
 OpenMP Integral Computing Module                       
 Release: version 1.0, May 2013, Q-Chem Inc. Pittsburgh 
 -------------------------------------------------------
 Integral Job Info:
 Integral job number is                      11
 Integral operator is                         1
 short-range coefficients                     0
 long-range coefficients              100000000
 Omega coefficients                           0
 if combine SR and LR in K                    0
 Integral screening is                        0
 Integral computing path is                   2
 max size of driver memory is            800000
 size of driver memory is                593474
 size of scratch memory is              2361544
 max col of scratch BK array               1296
 max len of scratch array in speh3          155
 max len of scratch index in speh4           18
 max int batch size is                      520
 min int batch size is                       52
 fixed nKL is                                52
 max L of basis functions is                  2
 order of int derivative is                   0
 number of shells is                        268
 number of basis is                         784
 number of cartesian basis is               784
 number of contracted shell pairs         25819
 number of primitive shell pairs          57032
 maxK2 (contraction) of shell pair           36
 max number of K2 of shell pair               1
 max number of CS2 of shell pair           4978
 max number of PS2 of shell pair          10236
 mem total for path MDJ                  419736
 -------------------------------------------------------
 Smallest overlap matrix eigenvalue = 1.99E-07
 Linear dependence detected in AO basis
 Number of orthogonalized atomic orbitals = 751
 Maximum deviation from orthogonality = 1.944E-10

 Scale SEOQF with 1.000000e-01/1.000000e-01/1.000000e-01

 Standard Electronic Orientation quadrupole field applied
 Nucleus-field energy     =     0.0000000510 hartrees
 Guess from superposition of atomic densities
 Warning:  Energy on first SCF cycle will be non-variational
 A restricted hybrid HF-DFT SCF calculation will be
 performed using Pulay DIIS extrapolation
 Exchange:     0.2000 Hartree-Fock + 0.0800 Slater + 0.7200 B88
 Correlation:  0.1900 VWN1RPA + 0.8100 LYP
 Using SG-1 standard quadrature grid
 Dispersion:   Grimme D3
 SCF converges when DIIS error is below 1.0E-08
 using 2 threads for integral computing
 -------------------------------------------------------
 OpenMP Integral computing Module                
 Release: version 1.0, May 2013, Q-Chem Inc. Pittsburgh 
 -------------------------------------------------------
 -------------------------------------------------------
 OpenMP BLAS3 based DFT computing Module                
 Release: version 1.0, May 2013, Q-Chem Inc. Pittsburgh 
 -------------------------------------------------------
 ---------------------------------------
  Cycle       Energy         DIIS Error
 ---------------------------------------
    1   -1382.3444953636      2.38E-02
    2   -1375.8892032332      3.06E-03
    3   -1374.8462748375      5.48E-03
    4   -1376.3346205395      1.24E-03
    5   -1376.4217822363      3.41E-04
    6   -1376.4272096014      1.23E-04
    7   -1376.4279831980      3.74E-05
    8   -1376.4280437935      1.79E-05
    9   -1376.4280595045      3.99E-06
   10   -1376.4280603425      9.55E-07
   11   -1376.4280603979      2.07E-07
   12   -1376.4280603992      1.51E-07
   13   -1376.4280604006      2.66E-08
   14   -1376.4280604005      1.39E-08
   15   -1376.4280604006      6.59E-09 Convergence criterion met
 ---------------------------------------
 SCF time:  CPU 2621.41 s  wall 1317.00 s
 SCF   energy in the final basis set = -1376.42806040
 Total energy in the final basis set = -1376.42806040
 
 --------------------------------------------------------------
 
                    Orbital Energies (a.u.)
 --------------------------------------------------------------
 
 Alpha MOs
 -- Occupied --
-19.178 -19.177 -19.171 -19.169 -19.121 -19.121 -19.116 -19.114
-10.313 -10.313 -10.308 -10.307 -10.234 -10.234 -10.227 -10.226
-10.212 -10.211 -10.210 -10.210 -10.195 -10.195 -10.195 -10.194
-10.194 -10.194 -10.194 -10.193  -1.121  -1.120  -1.111  -1.110
 -1.032  -1.032  -1.026  -1.025  -0.884  -0.883  -0.797  -0.796
 -0.784  -0.783  -0.741  -0.740  -0.730  -0.728  -0.653  -0.653
 -0.643  -0.642  -0.593  -0.592  -0.576  -0.575  -0.552  -0.550
 -0.521  -0.520  -0.513  -0.511  -0.491  -0.491  -0.487  -0.487
 -0.483  -0.479  -0.477  -0.473  -0.469  -0.468  -0.465  -0.464
 -0.439  -0.436  -0.430  -0.425  -0.413  -0.413  -0.405  -0.403
 -0.386  -0.386  -0.385  -0.382  -0.382  -0.379  -0.367  -0.366
 -0.363  -0.358  -0.321  -0.320  -0.310  -0.309  -0.299  -0.298
 -0.293  -0.291  -0.273  -0.271  -0.269  -0.267
 -- Virtual --
 -0.059  -0.056  -0.045  -0.040  -0.016  -0.012  -0.003   0.004
  0.006   0.006   0.009   0.012   0.013   0.021   0.022   0.024
  0.027   0.030   0.030   0.040   0.041   0.043   0.044   0.047
  0.051   0.056   0.056   0.061   0.064   0.066   0.071   0.072
  0.076   0.081   0.091   0.095   0.096   0.098   0.102   0.104
  0.105   0.107   0.107   0.108   0.109   0.112   0.114   0.118
  0.120   0.123   0.125   0.127   0.127   0.130   0.130   0.134
  0.135   0.136   0.140   0.142   0.143   0.146   0.147   0.149
  0.150   0.154   0.157   0.159   0.161   0.162   0.163   0.163
  0.165   0.168   0.172   0.176   0.180   0.182   0.182   0.187
  0.191   0.194   0.198   0.199   0.201   0.206   0.208   0.215
  0.215   0.219   0.220   0.224   0.225   0.225   0.230   0.231
  0.232   0.232   0.235   0.238   0.240   0.242   0.243   0.244
  0.246   0.249   0.260   0.261   0.263   0.268   0.269   0.272
  0.277   0.278   0.281   0.281   0.282   0.284   0.288   0.292
  0.293   0.294   0.300   0.304   0.305   0.305   0.313   0.317
  0.319   0.322   0.324   0.324   0.328   0.336   0.338   0.340
  0.342   0.346   0.346   0.349   0.350   0.353   0.358   0.360
  0.361   0.364   0.366   0.371   0.375   0.375   0.379   0.386
  0.387   0.389   0.393   0.394   0.395   0.400   0.407   0.409
  0.412   0.418   0.420   0.429   0.431   0.434   0.438   0.444
  0.454   0.459   0.469   0.474   0.476   0.489   0.498   0.503
  0.507   0.516   0.517   0.520   0.522   0.529   0.535   0.538
  0.546   0.552   0.555   0.558   0.561   0.564   0.567   0.576
  0.580   0.582   0.587   0.590   0.596   0.598   0.601   0.607
  0.611   0.615   0.616   0.625   0.629   0.638   0.640   0.645
  0.648   0.653   0.656   0.658   0.663   0.668   0.676   0.680
  0.684   0.685   0.687   0.692   0.696   0.698   0.704   0.706
  0.714   0.717   0.724   0.726   0.728   0.732   0.736   0.748
  0.750   0.754   0.756   0.758   0.768   0.770   0.775   0.784
  0.788   0.797   0.802   0.802   0.806   0.807   0.815   0.822
  0.829   0.834   0.835   0.839   0.843   0.850   0.854   0.875
  0.881   0.889   0.891   0.893   0.902   0.908   0.914   0.923
  0.932   0.945   0.959   0.961   0.969   0.975   0.982   0.988
  0.993   1.016   1.020   1.022   1.030   1.036   1.036   1.055
  1.057   1.073   1.074   1.079   1.083   1.091   1.095   1.108
  1.118   1.119   1.127   1.132   1.145   1.155   1.157   1.167
  1.177   1.184   1.189   1.208   1.210   1.221   1.230   1.244
  1.247   1.250   1.259   1.265   1.273   1.276   1.278   1.290
  1.299   1.308   1.314   1.320   1.326   1.329   1.336   1.341
  1.356   1.361   1.369   1.383   1.393   1.398   1.406   1.408
  1.416   1.422   1.443   1.459   1.464   1.475   1.475   1.481
  1.486   1.490   1.502   1.508   1.519   1.528   1.528   1.530
  1.531   1.547   1.557   1.559   1.564   1.565   1.574   1.581
  1.585   1.587   1.588   1.590   1.592   1.603   1.616   1.620
  1.623   1.626   1.655   1.660   1.666   1.668   1.681   1.687
  1.692   1.695   1.708   1.716   1.723   1.726   1.727   1.732
  1.738   1.739   1.745   1.747   1.753   1.768   1.769   1.775
  1.777   1.789   1.790   1.803   1.815   1.823   1.826   1.835
  1.837   1.844   1.850   1.852   1.863   1.880   1.895   1.906
  1.906   1.911   1.921   1.933   1.938   1.946   1.952   1.955
  1.960   1.970   1.971   1.977   1.980   2.005   2.009   2.013
  2.014   2.017   2.029   2.064   2.073   2.075   2.085   2.094
  2.097   2.116   2.123   2.126   2.126   2.132   2.139   2.154
  2.156   2.174   2.177   2.206   2.219   2.269   2.276   2.293
  2.302   2.314   2.315   2.354   2.355   2.402   2.406   2.436
  2.447   2.458   2.459   2.482   2.488   2.496   2.502   2.510
  2.513   2.519   2.521   2.528   2.542   2.545   2.560   2.568
  2.571   2.596   2.607   2.608   2.616   2.639   2.645   2.665
  2.669   2.671   2.678   2.684   2.695   2.698   2.729   2.736
  2.740   2.745   2.751   2.759   2.761   2.763   2.774   2.778
  2.780   2.783   2.791   2.800   2.806   2.822   2.836   2.838
  2.840   2.850   2.853   2.867   2.869   2.876   2.883   2.885
  2.893   2.898   2.906   2.907   2.912   2.917   2.920   2.927
  2.931   2.957   2.961   2.976   2.981   3.006   3.018   3.038
  3.051   3.056   3.074   3.077   3.079   3.095   3.096   3.115
  3.120   3.129   3.151   3.182   3.193   3.221   3.226   3.230
  3.242   3.244   3.252   3.255   3.257   3.287   3.290   3.295
  3.300   3.364   3.365   3.373   3.381   3.392   3.399   3.427
  3.434   3.533   3.535   3.548   3.554   3.595   3.598   3.612
  3.626   3.657   3.658   3.662   3.662   3.738   3.744   3.778
  3.780   3.797   3.799   3.836   3.837   3.874   3.879   3.896
  3.905   4.024   4.026   4.045   4.047   4.075   4.082   4.087
  4.091   4.117   4.131   4.152   4.176   4.252   4.254   4.275
  4.280   4.347   4.355   4.827   4.831   5.055   5.067   5.097
  5.146   5.162   5.172   5.199   5.242   5.243   5.253   5.266
  5.270   5.406   5.408   5.430   5.470   5.622   5.626   5.633
  5.636   5.888   5.890   5.903   5.911  23.620  23.684  23.852
 23.856  23.866  23.877  23.928  23.931  23.936  23.948  23.952
 23.973  23.992  24.016  24.057  24.060  24.084  24.086  24.177
 24.180  49.892  49.903  49.935  49.938  50.013  50.028  50.029
 50.037
 --------------------------------------------------------------
 
          Ground-State Mulliken Net Atomic Charges

     Atom                 Charge (a.u.)
  ----------------------------------------
      1 C                     0.909037
      2 C                     0.784484
      3 C                    -0.660017
      4 C                    -0.782311
      5 O                     0.098367
      6 O                    -0.169369
      7 O                     0.090045
      8 O                    -0.132279
      9 C                    -0.166293
     10 C                    -0.357364
     11 C                    -0.302433
     12 C                    -0.310264
     13 C                    -0.267068
     14 C                    -0.506518
     15 H                     0.169533
     16 H                     0.213530
     17 H                     0.180092
     18 H                     0.179413
     19 H                     0.172455
     20 H                     0.088943
     21 H                     0.188943
     22 H                     0.177665
     23 H                     0.197230
     24 H                     0.206705
     25 C                     0.770692
     26 C                     0.944086
     27 C                    -0.845804
     28 C                    -0.625581
     29 O                     0.098313
     30 O                    -0.121400
     31 O                     0.078176
     32 O                    -0.171498
     33 C                    -0.363157
     34 C                    -0.160051
     35 C                    -0.494597
     36 C                    -0.263771
     37 C                    -0.315165
     38 C                    -0.308664
     39 H                     0.215677
     40 H                     0.168472
     41 H                     0.177567
     42 H                     0.193852
     43 H                     0.086240
     44 H                     0.172154
     45 H                     0.178517
     46 H                     0.180393
     47 H                     0.207214
     48 H                     0.195808
  ----------------------------------------
  Sum of atomic charges =     0.000000

 -----------------------------------------------------------------
                    Cartesian Multipole Moments
 -----------------------------------------------------------------
    Charge (ESU x 10^10)
                 0.0000
    Dipole Moment (Debye)
         X       0.1957      Y       0.2077      Z       0.2024
       Tot       0.3498
    Quadrupole Moments (Debye-Ang)
        XX    -169.6204     XY      -0.8821     YY    -125.2190
        XZ      18.8116     YZ       0.5653     ZZ    -174.4655
    Octopole Moments (Debye-Ang^2)
       XXX       5.0004    XXY     -45.4480    XYY       0.6643
       YYY     -43.0310    XXZ       0.3471    XYZ     -23.7216
       YYZ      -1.3924    XZZ       0.5589    YZZ      15.7206
       ZZZ       5.4838
    Hexadecapole Moments (Debye-Ang^3)
      XXXX   -6469.0244   XXXY     -17.8045   XXYY   -1476.9096
      XYYY       0.3966   YYYY   -3494.8516   XXXZ     351.3324
      XXYZ       3.9871   XYYZ      43.5329   YYYZ       1.9155
      XXZZ   -1542.0660   XYZZ      -4.2251   YYZZ    -936.6670
      XZZZ     140.6632   YZZZ       1.4076   ZZZZ   -2466.3849
 -----------------------------------------------------------------
Archival summary:
1\1\vega03.cac.cornell.edu\SP\ProcedureUnspecified\BasisUnspecified\82020\jj585\MonApr215:58:172018MonApr215:58:172018\0\\#,ProcedureUnspecified,BasisUnspecified,\\0,1\O\C,1,1.35063\O,2,1.20668,1,123.512\C,1,1.43835,2,115.94,3,4.13325,0\H,4,1.08762,1,105.403,2,179.104,0\H,4,1.09103,1,110.475,2,-61.3232,0\H,4,1.0915,1,110.399,2,59.3962,0\C,2,1.49803,1,111.128,3,177.348,0\C,8,1.40604,2,118.266,1,-126.75,0\H,9,1.032,8,121.26,2,-2.16035,0\C,9,1.3959,8,117.481,2,177.84,0\H,11,1.08495,9,118.972,8,-179.641,0\C,11,1.38856,9,121.575,8,0.160349,0\H,13,1.08475,11,119.38,9,179.653,0\C,13,1.39616,11,121.629,9,-0.129654,0\H,15,1.032,13,121.232,11,-179.817,0\C,15,1.40634,13,117.536,11,0.183585,0\C,17,1.49626,15,119.012,13,177.857,0\O,18,1.2069,17,125.54,15,47.3939,0\O,18,1.3512,17,110.928,15,-130.615,0\C,20,1.43752,18,116.164,17,-177.05,0\H,21,1.08772,20,105.376,18,179.706,0\H,21,1.09086,20,110.507,18,-60.681,0\H,21,1.09163,20,110.367,18,60.0909,0\H,5,2.39715,4,134.581,1,-36.8157,0\C,25,1.08772,5,134.755,4,100.793,0\H,26,1.09086,25,110.694,5,-152.015,0\H,26,1.09163,25,110.757,5,86.8302,0\O,26,1.43752,25,105.376,5,-32.5252,0\C,29,1.3512,26,116.164,25,179.706,0\O,30,1.2069,29,123.501,26,4.8931,0\C,30,1.49626,29,110.928,26,-177.05,0\C,32,1.40634,30,119.012,29,-130.615,0\H,33,1.032,32,121.232,30,-2.14291,0\C,33,1.39616,32,117.536,30,177.857,0\H,35,1.08475,33,118.991,32,-179.6,0\C,35,1.38856,33,121.629,32,0.183585,0\H,37,1.08495,35,119.453,33,179.671,0\C,37,1.3959,35,121.575,33,-0.129654,0\H,39,1.032,37,121.26,35,-179.84,0\C,39,1.40604,37,117.481,35,0.160349,0\C,41,1.49803,39,118.266,37,177.84,0\O,42,1.20668,41,125.302,39,50.5403,0\O,42,1.35063,41,111.128,39,-126.75,0\C,44,1.43835,42,115.94,41,-178.519,0\H,45,1.08762,44,105.403,42,179.104,0\H,45,1.09103,44,110.475,42,-61.3232,0\H,45,1.0915,44,110.399,42,59.3962,0\\\@

 Total job time:  1318.65s(wall), 2623.53s(cpu) 
 Mon Apr  2 15:58:17 2018

        *************************************************************
        *                                                           *
        *  Thank you very much for using Q-Chem.  Have a nice day.  *
        *                                                           *
        *************************************************************


0 sent ACK to 0 
now end server 0 ... 
