rm: No match.
rm: No match.
rm: No match.
rm: No match.
rm: No match.
rm: No match.
rm: No match.
rm: No match.
rm: No match.
rm: No match.
rm: No match.
rm: No match.
rm: No match.
rm: No match.
rm: No match.
rm: No match.
rm: No match.
rm: No match.
rm: No match.
rm: No match.
rm: No match.
rm: No match.
rm: No match.
rm: No match.
rm: No match.
distance: 4.700, energy:       0.0080340 kJ/mol
rm: No match.
distance: 4.500, energy:       0.0216998 kJ/mol
rm: No match.
distance: 4.600, energy:       0.0137353 kJ/mol
rm: No match.
distance: 4.400, energy:       0.0326984 kJ/mol
rm: No match.
distance: 4.300, energy:       0.0477365 kJ/mol
rm: No match.
distance: 4.100, energy:       0.0953644 kJ/mol
rm: No match.
distance: 4.200, energy:       0.0680785 kJ/mol
rm: No match.
distance: 3.900, energy:       0.1796655 kJ/mol
rm: No match.
distance: 4.000, energy:       0.1317063 kJ/mol
rm: No match.
distance: 3.700, energy:       0.3234505 kJ/mol
rm: No match.
rm: No match.
rm: No match.
distance: 3.500, energy:       0.5575668 kJ/mol
rm: No match.
rm: No match.
rm: No match.
rm: No match.
rm: No match.
rm: No match.
rm: No match.
rm: No match.
rm: No match.
rm: No match.
rm: No match.
distance: 3.000, energy:       1.6626084 kJ/mol
rm: No match.
rm: No match.
rm: No match.
rm: No match.
rm: No match.
rm: No match.
rm: No match.
rm: No match.
rm: No match.
distance: 6.000, energy:      -0.0017875 kJ/mol
rm: No match.
rm: No match.
distance: 5.800, energy:      -0.0021865 kJ/mol
rm: No match.
rm: No match.
distance: 5.900, energy:      -0.0019730 kJ/mol
rm: No match.
rm: No match.
distance: 5.600, energy:      -0.0026186 kJ/mol
rm: No match.
distance: 5.700, energy:      -0.0024165 kJ/mol
rm: No match.
distance: 5.400, energy:      -0.0027568 kJ/mol
rm: No match.
distance: 5.300, energy:      -0.0026266 kJ/mol
rm: No match.
distance: 5.100, energy:      -0.0016078 kJ/mol
rm: No match.
distance: 5.200, energy:      -0.0022790 kJ/mol
rm: No match.
distance: 5.000, energy:      -0.0004723 kJ/mol
rm: No match.
rm: No match.
rm: No match.
distance: 4.900, energy:       0.0013155 kJ/mol
rm: No match.
rm: No match.
rm: No match.
rm: No match.
distance: 4.800, energy:       0.0040318 kJ/mol
rm: No match.
rm: No match.
distance: 10.000, energy:      -0.0000207 kJ/mol
rm: No match.
rm: No match.
distance: 8.000, energy:      -0.0002102 kJ/mol
rm: No match.
rm: No match.
distance: 7.000, energy:      -0.0005688 kJ/mol
rm: No match.
rm: No match.
distance: 6.500, energy:      -0.0010062 kJ/mol
rm: No match.
rm: No match.
rm: No match.
rm: No match.
rm: No match.
rm: No match.
rm: No match.
rm: No match.
rm: No match.
rm: No match.
rm: No match.
rm: No match.
rm: No match.
rm: No match.
rm: No match.
rm: No match.
rm: No match.
rm: No match.
rm: No match.
rm: No match.
rm: No match.
rm: No match.
rm: No match.
rm: No match.
rm: No match.
distance: 4.700, energy:       0.0117794 kJ/mol
rm: No match.
distance: 4.600, energy:       0.0192144 kJ/mol
rm: No match.
distance: 4.400, energy:       0.0429507 kJ/mol
rm: No match.
distance: 4.500, energy:       0.0293232 kJ/mol
rm: No match.
distance: 4.100, energy:       0.1165013 kJ/mol
rm: No match.
distance: 4.300, energy:       0.0611275 kJ/mol
rm: No match.
distance: 4.000, energy:       0.1572635 kJ/mol
rm: No match.
distance: 4.200, energy:       0.0851169 kJ/mol
rm: No match.
distance: 3.700, energy:       0.3637016 kJ/mol
rm: No match.
distance: 3.900, energy:       0.2099310 kJ/mol
rm: No match.
rm: No match.
rm: No match.
rm: No match.
distance: 3.500, energy:       0.6068943 kJ/mol
rm: No match.
rm: No match.
rm: No match.
rm: No match.
rm: No match.
rm: No match.
rm: No match.
rm: No match.
rm: No match.
rm: No match.
rm: No match.
distance: 3.000, energy:       1.7550628 kJ/mol
rm: No match.
rm: No match.
rm: No match.
rm: No match.
rm: No match.
rm: No match.
rm: No match.
rm: No match.
distance: 6.000, energy:      -0.0025890 kJ/mol
rm: No match.
distance: 5.900, energy:      -0.0028506 kJ/mol
rm: No match.
rm: No match.
distance: 5.700, energy:      -0.0033246 kJ/mol
rm: No match.
rm: No match.
distance: 5.800, energy:      -0.0031035 kJ/mol
rm: No match.
rm: No match.
distance: 5.300, energy:      -0.0031768 kJ/mol
rm: No match.
distance: 5.600, energy:      -0.0034930 kJ/mol
rm: No match.
distance: 5.200, energy:      -0.0025329 kJ/mol
rm: No match.
distance: 5.400, energy:      -0.0034905 kJ/mol
rm: No match.
distance: 5.000, energy:       0.0001788 kJ/mol
rm: No match.
distance: 5.100, energy:      -0.0014636 kJ/mol
rm: No match.
rm: No match.
rm: No match.
distance: 4.900, energy:       0.0026728 kJ/mol
rm: No match.
rm: No match.
rm: No match.
rm: No match.
rm: No match.
distance: 4.800, energy:       0.0064063 kJ/mol
rm: No match.
distance: 10.000, energy:      -0.0002497 kJ/mol
rm: No match.
distance: 8.000, energy:      -0.0004950 kJ/mol
rm: No match.
rm: No match.
rm: No match.
distance: 7.000, energy:      -0.0009886 kJ/mol
rm: No match.
rm: No match.
distance: 6.500, energy:      -0.0015657 kJ/mol
rm: No match.
rm: No match.
rm: No match.
rm: No match.
rm: No match.
rm: No match.
rm: No match.
rm: No match.
rm: No match.
rm: No match.
rm: No match.
rm: No match.
rm: No match.
rm: No match.
rm: No match.
rm: No match.
rm: No match.
rm: No match.
rm: No match.
rm: No match.
rm: No match.
rm: No match.
rm: No match.
rm: No match.
rm: No match.
distance: 4.700, energy:       0.0261521 kJ/mol
rm: No match.
distance: 4.600, energy:       0.0383690 kJ/mol
rm: No match.
distance: 4.500, energy:       0.0545487 kJ/mol
rm: No match.
distance: 4.400, energy:       0.0756715 kJ/mol
rm: No match.
distance: 4.300, energy:       0.1029011 kJ/mol
rm: No match.
distance: 4.200, energy:       0.1376815 kJ/mol
rm: No match.
distance: 4.100, energy:       0.1815356 kJ/mol
rm: No match.
distance: 4.000, energy:       0.2361358 kJ/mol
rm: No match.
distance: 3.900, energy:       0.3037544 kJ/mol
rm: No match.
distance: 3.700, energy:       0.4895079 kJ/mol
rm: No match.
rm: No match.
distance: 3.500, energy:       0.7639955 kJ/mol
rm: No match.
rm: No match.
rm: No match.
rm: No match.
rm: No match.
rm: No match.
rm: No match.
rm: No match.
rm: No match.
distance: 3.000, energy:       1.9921996 kJ/mol
rm: No match.
rm: No match.
rm: No match.
rm: No match.
rm: No match.
rm: No match.
rm: No match.
rm: No match.
rm: No match.
rm: No match.
rm: No match.
rm: No match.
rm: No match.
rm: No match.
distance: 6.000, energy:      -0.0030456 kJ/mol
rm: No match.
distance: 5.900, energy:      -0.0032510 kJ/mol
rm: No match.
distance: 5.800, energy:      -0.0033841 kJ/mol
rm: No match.
rm: No match.
distance: 5.700, energy:      -0.0034534 kJ/mol
rm: No match.
distance: 5.600, energy:      -0.0034536 kJ/mol
rm: No match.
distance: 5.400, energy:      -0.0028081 kJ/mol
rm: No match.
distance: 5.300, energy:      -0.0018727 kJ/mol
rm: No match.
distance: 5.200, energy:      -0.0003134 kJ/mol
rm: No match.
distance: 5.100, energy:       0.0020610 kJ/mol
rm: No match.
rm: No match.
distance: 5.000, energy:       0.0054874 kJ/mol
rm: No match.
distance: 4.900, energy:       0.0103300 kJ/mol
rm: No match.
rm: No match.
rm: No match.
rm: No match.
distance: 4.800, energy:       0.0170409 kJ/mol
rm: No match.
rm: No match.
rm: No match.
distance: 10.000, energy:       0.0000323 kJ/mol
rm: No match.
rm: No match.
rm: No match.
distance: 8.000, energy:      -0.0002948 kJ/mol
rm: No match.
rm: No match.
distance: 7.000, energy:      -0.0009779 kJ/mol
rm: No match.
distance: 6.500, energy:      -0.0018046 kJ/mol
Traceback (most recent call last):
  File "lj.py", line 90, in <module>
    coords[0,i] = pybmol.OBMol.GetAtom(ref[i]).GetVector().GetX()
AttributeError: 'NoneType' object has no attribute 'GetVector'
Traceback (most recent call last):
  File "lj.py", line 90, in <module>
    coords[0,i] = pybmol.OBMol.GetAtom(ref[i]).GetVector().GetX()
AttributeError: 'NoneType' object has no attribute 'GetVector'
Traceback (most recent call last):
  File "lj.py", line 90, in <module>
    coords[0,i] = pybmol.OBMol.GetAtom(ref[i]).GetVector().GetX()
AttributeError: 'NoneType' object has no attribute 'GetVector'
Traceback (most recent call last):
  File "lj.py", line 90, in <module>
    coords[0,i] = pybmol.OBMol.GetAtom(ref[i]).GetVector().GetX()
AttributeError: 'NoneType' object has no attribute 'GetVector'
Traceback (most recent call last):
  File "lj.py", line 90, in <module>
    coords[0,i] = pybmol.OBMol.GetAtom(ref[i]).GetVector().GetX()
AttributeError: 'NoneType' object has no attribute 'GetVector'
Traceback (most recent call last):
  File "lj.py", line 90, in <module>
    coords[0,i] = pybmol.OBMol.GetAtom(ref[i]).GetVector().GetX()
AttributeError: 'NoneType' object has no attribute 'GetVector'
Traceback (most recent call last):
  File "lj.py", line 90, in <module>
    coords[0,i] = pybmol.OBMol.GetAtom(ref[i]).GetVector().GetX()
AttributeError: 'NoneType' object has no attribute 'GetVector'
Traceback (most recent call last):
  File "lj.py", line 90, in <module>
    coords[0,i] = pybmol.OBMol.GetAtom(ref[i]).GetVector().GetX()
AttributeError: 'NoneType' object has no attribute 'GetVector'
Traceback (most recent call last):
  File "lj.py", line 90, in <module>
    coords[0,i] = pybmol.OBMol.GetAtom(ref[i]).GetVector().GetX()
AttributeError: 'NoneType' object has no attribute 'GetVector'
Traceback (most recent call last):
  File "lj.py", line 90, in <module>
    coords[0,i] = pybmol.OBMol.GetAtom(ref[i]).GetVector().GetX()
AttributeError: 'NoneType' object has no attribute 'GetVector'
Traceback (most recent call last):
  File "lj.py", line 90, in <module>
    coords[0,i] = pybmol.OBMol.GetAtom(ref[i]).GetVector().GetX()
AttributeError: 'NoneType' object has no attribute 'GetVector'
Traceback (most recent call last):
  File "lj.py", line 90, in <module>
    coords[0,i] = pybmol.OBMol.GetAtom(ref[i]).GetVector().GetX()
AttributeError: 'NoneType' object has no attribute 'GetVector'
rm: No match.
rm: No match.
rm: No match.
rm: No match.
rm: No match.
rm: No match.
rm: No match.
rm: No match.
rm: No match.
rm: No match.
rm: No match.
rm: No match.
rm: No match.
rm: No match.
rm: No match.
rm: No match.
rm: No match.
rm: No match.
rm: No match.
rm: No match.
rm: No match.
rm: No match.
rm: No match.
rm: No match.
rm: No match.
distance: 4.700, energy:      -0.0011614 kJ/mol
rm: No match.
distance: 4.600, energy:      -0.0012989 kJ/mol
rm: No match.
distance: 4.500, energy:      -0.0014009 kJ/mol
rm: No match.
distance: 4.400, energy:      -0.0015121 kJ/mol
rm: No match.
distance: 4.300, energy:      -0.0017219 kJ/mol
rm: No match.
distance: 4.200, energy:      -0.0020451 kJ/mol
rm: No match.
distance: 4.100, energy:      -0.0023663 kJ/mol
rm: No match.
distance: 4.000, energy:      -0.0025453 kJ/mol
rm: No match.
distance: 3.900, energy:      -0.0024924 kJ/mol
rm: No match.
distance: 3.700, energy:      -0.0015568 kJ/mol
rm: No match.
distance: 3.500, energy:       0.0009344 kJ/mol
rm: No match.
rm: No match.
rm: No match.
rm: No match.
rm: No match.
rm: No match.
rm: No match.
distance: 3.000, energy:       0.0367852 kJ/mol
rm: No match.
rm: No match.
rm: No match.
rm: No match.
rm: No match.
rm: No match.
rm: No match.
rm: No match.
rm: No match.
rm: No match.
rm: No match.
rm: No match.
rm: No match.
rm: No match.
rm: No match.
rm: No match.
rm: No match.
distance: 6.000, energy:      -0.0000943 kJ/mol
rm: No match.
distance: 5.900, energy:      -0.0001368 kJ/mol
rm: No match.
rm: No match.
distance: 5.800, energy:      -0.0001828 kJ/mol
rm: No match.
distance: 5.700, energy:      -0.0002292 kJ/mol
rm: No match.
distance: 5.600, energy:      -0.0002695 kJ/mol
rm: No match.
distance: 5.400, energy:      -0.0003108 kJ/mol
rm: No match.
rm: No match.
distance: 5.300, energy:      -0.0003203 kJ/mol
rm: No match.
distance: 5.200, energy:      -0.0003740 kJ/mol
rm: No match.
distance: 5.100, energy:      -0.0004980 kJ/mol
rm: No match.
distance: 5.000, energy:      -0.0006451 kJ/mol
rm: No match.
distance: 4.900, energy:      -0.0008135 kJ/mol
rm: No match.
rm: No match.
distance: 4.800, energy:      -0.0009942 kJ/mol
rm: No match.
rm: No match.
rm: No match.
rm: No match.
rm: No match.
rm: No match.
distance: 10.000, energy:       0.0001072 kJ/mol
rm: No match.
rm: No match.
rm: No match.
distance: 8.000, energy:       0.0001107 kJ/mol
rm: No match.
distance: 7.000, energy:       0.0000674 kJ/mol
rm: No match.
distance: 6.500, energy:       0.0000265 kJ/mol
rm: No match.
rm: No match.
rm: No match.
rm: No match.
rm: No match.
rm: No match.
rm: No match.
rm: No match.
rm: No match.
rm: No match.
rm: No match.
rm: No match.
rm: No match.
rm: No match.
rm: No match.
rm: No match.
rm: No match.
rm: No match.
rm: No match.
rm: No match.
rm: No match.
rm: No match.
rm: No match.
rm: No match.
rm: No match.
distance: 4.700, energy:      -0.0029348 kJ/mol
rm: No match.
distance: 4.600, energy:      -0.0033835 kJ/mol
rm: No match.
distance: 4.500, energy:      -0.0039028 kJ/mol
rm: No match.
distance: 4.400, energy:      -0.0044932 kJ/mol
rm: No match.
distance: 4.300, energy:      -0.0051501 kJ/mol
rm: No match.
distance: 4.200, energy:      -0.0057562 kJ/mol
rm: No match.
distance: 4.100, energy:      -0.0061417 kJ/mol
rm: No match.
distance: 4.000, energy:      -0.0063103 kJ/mol
rm: No match.
distance: 3.900, energy:      -0.0063773 kJ/mol
rm: No match.
distance: 3.700, energy:      -0.0056018 kJ/mol
rm: No match.
distance: 3.500, energy:      -0.0023634 kJ/mol
rm: No match.
rm: No match.
rm: No match.
rm: No match.
rm: No match.
rm: No match.
distance: 3.000, energy:       0.0449400 kJ/mol
rm: No match.
rm: No match.
rm: No match.
rm: No match.
rm: No match.
rm: No match.
rm: No match.
rm: No match.
rm: No match.
rm: No match.
rm: No match.
rm: No match.
rm: No match.
rm: No match.
rm: No match.
rm: No match.
rm: No match.
rm: No match.
distance: 6.000, energy:      -0.0005809 kJ/mol
rm: No match.
distance: 5.900, energy:      -0.0006348 kJ/mol
rm: No match.
distance: 5.800, energy:      -0.0006976 kJ/mol
rm: No match.
rm: No match.
distance: 5.700, energy:      -0.0007768 kJ/mol
rm: No match.
distance: 5.600, energy:      -0.0008910 kJ/mol
rm: No match.
distance: 5.400, energy:      -0.0012000 kJ/mol
rm: No match.
rm: No match.
distance: 5.300, energy:      -0.0013807 kJ/mol
rm: No match.
distance: 5.200, energy:      -0.0015837 kJ/mol
rm: No match.
distance: 5.100, energy:      -0.0018193 kJ/mol
rm: No match.
distance: 5.000, energy:      -0.0020662 kJ/mol
rm: No match.
distance: 4.900, energy:      -0.0023100 kJ/mol
rm: No match.
rm: No match.
rm: No match.
distance: 4.800, energy:      -0.0025817 kJ/mol
rm: No match.
rm: No match.
rm: No match.
rm: No match.
rm: No match.
distance: 10.000, energy:       0.0001110 kJ/mol
rm: No match.
rm: No match.
distance: 8.000, energy:       0.0000044 kJ/mol
rm: No match.
rm: No match.
distance: 7.000, energy:      -0.0001631 kJ/mol
rm: No match.
distance: 6.500, energy:      -0.0003314 kJ/mol
