mFile = /opt/software/qchem/qchem-5.0.1//bin/mpi/machines
Process 0 of 1 is on vega02.cac.cornell.edu - thread support 0
initial socket setup ...start
initial socket setup ...done 
now start server 0 ... 
vega02.cac.cornell.edu 10.84.3
Q-Chem Developer Version! Running on 10.84.3.*
                  Welcome to Q-Chem
     A Quantum Leap Into The Future Of Chemistry


 Q-Chem 5.0, Q-Chem, Inc., Pleasanton, CA (2017)

 Yihan Shao,  Zhengting Gan,  E. Epifanovsky,  A. T. B. Gilbert,  M. Wormit,  
 J. Kussmann,  A. W. Lange,  A. Behn,  Jia Deng,  Xintian Feng,  D. Ghosh,  
 M. Goldey,  P. R. Horn,  L. D. Jacobson,  I. Kaliman,  T. Kus,  A. Landau,  
 Jie Liu,  E. I. Proynov,  R. M. Richard,  R. P. Steele,  E. J. Sundstrom,  
 H. L. Woodcock III,  P. M. Zimmerman,  D. Zuev,  B. Albrecht,  E. Alguire,  
 S. A. Baeppler,  Z. Benda,  Y. A. Bernard,  E. J. Berquist,  K. B. Bravaya,  
 D. Casanova,  Chun-Min Chang,  Yunqing Chen,  A. Chien,  K. D. Closser,  
 M. P. Coons,  S. Dasgupta,  M. Diedenhofen,  Hainam Do,  R. G. Edgar,  
 Po-Tung Fang,  S. Fatehi,  Qingguo Feng,  Qinghui Ge,  A. Ghysels,  
 J. Gomes,  J. Gonthier,  A. Gunina,  M. W. D. Hanson-Heine,  
 P. H. P. Harbach,  A. W. Hauser,  J. E. Herr,  E. G. Hohenstein,  
 Z. C. Holden,  Kerwin Hui,  T.-C. Jagau,  Hyunjun Ji,  B. Kaduk,  
 K. Khistyaev,  Jaehoon Kim,  P. Klunzinger,  K. Koh,  D. Kosenkov,  
 T. Kowalczyk,  C. M. Krauter,  A. Kunitsa,  Ka Un Lao,  A. Laurent,  
 K. V. Lawler,  Joonho Lee,  D. Lefrancois,  S. Lehtola,  D. S. Levine,  
 Yi-Pei Li,  You-Sheng Lin,  Fenglai Liu,  E. Livshits,  A. Luenser,  
 P. Manohar,  E. Mansoor,  S. F. Manzer,  Shan-Ping Mao,  Yuezhi Mao,  
 N. Mardirossian,  A. V. Marenich,  L. A. Martinez-Martinez,  S. A. Maurer,  
 N. J. Mayhall,  S. C. McKenzie,  J.-M. Mewes,  A. F. Morrison,  K. Nanda,  
 T. S. Nguyen-Beck,  R. Olivares-Amaya,  J. A. Parkhill,  T. M. Perrine,  
 F. Plasser,  S. Prager,  A. Prociuk,  D. R. Rehn,  F. Rob,  M. Schneider,  
 N. Sergueev,  S. M. Sharada,  S. Sharma,  D. W. Small,  T. Stauch,  
 T. Stein,  Yu-Chuan Su,  A. J. W. Thom,  T. Tsuchimochi,  L. Vogt,  
 O. Vydrov,  M. A. Watson,  J. Wenzel,  M. de Wergifosse,  T. A. Wesolowski,  
 A. White,  J. Witte,  A. Yamada,  Jun Yang,  K. Yao,  S. Yeganeh,  
 S. R. Yost,  Zhi-Qiang You,  A. Zech,  Igor Ying Zhang,  Xing Zhang,  
 Yan Zhao,  Ying Zhu,  B. R. Brooks,  G. K. L. Chan,  C. J. Cramer,  
 M. S. Gordon,  W. J. Hehre,  A. Klamt,  M. W. Schmidt,  C. D. Sherrill,  
 D. G. Truhlar,  A. Aspuru-Guzik,  R. Baer,  A. T. Bell,  N. A. Besley,  
 Jeng-Da Chai,  A. Dreuw,  B. D. Dunietz,  T. R. Furlani,  Chao-Ping Hsu,  
 Yousung Jung,  Jing Kong,  D. S. Lambrecht,  WanZhen Liang,  C. Ochsenfeld,  
 V. A. Rassolov,  L. V. Slipchenko,  J. E. Subotnik,  T. Van Voorhis,  
 J. M. Herbert,  A. I. Krylov,  P. M. W. Gill,  M. Head-Gordon

 Contributors to earlier versions of Q-Chem not listed above: 
 R. D. Adamson,  B. Austin,  J. Baker,  G. J. O. Beran,  K. Brandhorst,  
 S. T. Brown,  E. F. C. Byrd,  A. K. Chakraborty,  C.-L. Cheng,  
 Siu Hung Chien,  D. M. Chipman,  D. L. Crittenden,  H. Dachsel,  
 R. A. DiStasio Jr.,  R. J. Doerksen,  A. D. Dutoi,  L. Fusti-Molnar,  
 W. A. Goddard III,  A. Golubeva-Zadorozhnaya,  S. R. Gwaltney,  G. Hawkins,  
 A. Heyden,  S. Hirata,  G. Kedziora,  F. J. Keil,  C. Kelley,  Jihan Kim,  
 R. A. King,  R. Z. Khaliullin,  P. P. Korambath,  W. Kurlancheek,  
 A. M. Lee,  M. S. Lee,  S. V. Levchenko,  Ching Yeh Lin,  D. Liotard,  
 R. C. Lochan,  I. Lotan,  P. E. Maslen,  N. Nair,  D. P. O'Neill,  
 D. Neuhauser,  E. Neuscamman,  C. M. Oana,  R. Olson,  B. Peters,  
 R. Peverati,  P. A. Pieniazek,  Y. M. Rhee,  J. Ritchie,  M. A. Rohrdanz,  
 E. Rosta,  N. J. Russ,  H. F. Schaefer III,  N. E. Schultz,  N. Shenvi,  
 A. C. Simmonett,  A. Sodt,  D. Stuck,  K. S. Thanthiriwatte,  V. Vanovschi,  
 Tao Wang,  A. Warshel,  C. F. Williams,  Q. Wu,  X. Xu,  W. Zhang

 Please cite Q-Chem as follows:
 Y. Shao et al., Mol. Phys. 113, 184-215 (2015)
 DOI: 10.1080/00268976.2014.952696

 Q-Chem 5.0.1 for Intel X86 EM64T Linux

 Parts of Q-Chem use Armadillo 5.200.1 (Boston Tea Smuggler).
 http://arma.sourceforge.net/

 Q-Chem begins on Tue Apr 17 22:51:09 2018  

Host: vega02.cac.cornell.edu
0

     Scratch files written to /scratch/jj585/vdw/0100_distance_4.200_01.save//
 Parallel job on  1  processors

Checking the input file for inconsistencies... 	...done.

--------------------------------------------------------------
User input:
--------------------------------------------------------------
$molecule
0  1
C        +0.22085000        +2.24588000        +4.60626000
C        +0.66532000        +0.81517000        +5.03097000
C        +1.34480000        +2.62185000        +3.61632000
C        +2.64451000        +2.93198000        +4.38979000
C        +3.08315000        +1.50092000        +4.81836000
C        +1.96183000        +0.62536000        +4.20065000
O        +1.64588000        +1.36144000        +2.99237000
H        +3.38299000        +3.39115000        +3.73009000
H        +2.47851000        +3.60711000        +5.23230000
H        +4.04830000        +1.23441000        +4.38301000
H        +3.15451000        +1.37602000        +5.90117000
H        +1.07107000        +3.34864000        +2.85311000
C        +2.33960000        -0.80024000        +3.87151000
H        +3.21493000        -0.82464000        +3.21776000
H        +1.51553000        -1.31071000        +3.36727000
H        +2.57786000        -1.34992000        +4.78653000
H        -0.74493000        +2.22493000        +4.09830000
H        +0.15013000        +2.94525000        +5.44203000
H        +0.84479000        +0.71900000        +6.10407000
H        -0.07590000        +0.06594000        +4.74429000
@C        +0.20553000        +1.04146000        +0.58269000
@C        +0.65000000        -0.38925000        +1.00740000
@C        +1.32948000        +1.41743000        -0.40725000
@C        +2.62919000        +1.72756000        +0.36622000
@C        +3.06783000        +0.29650000        +0.79479000
@C        +1.94651000        -0.57906000        +0.17708000
@O        +1.63056000        +0.15702000        -1.03120000
@H        +3.36767000        +2.18673000        -0.29348000
@H        +2.46319000        +2.40269000        +1.20873000
@H        +4.03298000        +0.02999000        +0.35944000
@H        +3.13919000        +0.17160000        +1.87760000
@H        +1.05575000        +2.14422000        -1.17046000
@C        +2.32428000        -2.00466000        -0.15206000
@H        +3.19961000        -2.02906000        -0.80581000
@H        +1.50021000        -2.51513000        -0.65630000
@H        +2.56254000        -2.55434000        +0.76296000
@H        -0.76025000        +1.02051000        +0.07473000
@H        +0.13481000        +1.74083000        +1.41846000
@H        +0.82947000        -0.48542000        +2.08050000
@H        -0.09122000        -1.13848000        +0.72072000
$end

$rem
JOBTYPE                   SP
METHOD                    B3LYP
DFT_D                     d3_op
BASIS                     6-311++G(d,p)
SYMMETRY                  False
THRESH                    12
SCF_CONVERGENCE           8
MAX_SUB_FILE_NUM          128
MEM_STATIC                400
MEM_TOTAL                 4000
$end
--------------------------------------------------------------
 Adding empirical dispersion correction 
 ----------------------------------------------------------------
 Doing -D3(op) with
 s6 =   1.00000
 s8 =   0.78311
 a1 =   0.30000
 a2 =   4.25000
 n  =  10.00000
 -D3 energy without 3body term =     -0.0174425452 hartrees
 ----------------------------------------------------------------
             Standard Nuclear Orientation (Angstroms)
    I     Atom           X                Y                Z
 ----------------------------------------------------------------
    1      C       0.2208500000     2.2458800000     4.6062600000
    2      C       0.6653200000     0.8151700000     5.0309700000
    3      C       1.3448000000     2.6218500000     3.6163200000
    4      C       2.6445100000     2.9319800000     4.3897900000
    5      C       3.0831500000     1.5009200000     4.8183600000
    6      C       1.9618300000     0.6253600000     4.2006500000
    7      O       1.6458800000     1.3614400000     2.9923700000
    8      H       3.3829900000     3.3911500000     3.7300900000
    9      H       2.4785100000     3.6071100000     5.2323000000
   10      H       4.0483000000     1.2344100000     4.3830100000
   11      H       3.1545100000     1.3760200000     5.9011700000
   12      H       1.0710700000     3.3486400000     2.8531100000
   13      C       2.3396000000    -0.8002400000     3.8715100000
   14      H       3.2149300000    -0.8246400000     3.2177600000
   15      H       1.5155300000    -1.3107100000     3.3672700000
   16      H       2.5778600000    -1.3499200000     4.7865300000
   17      H      -0.7449300000     2.2249300000     4.0983000000
   18      H       0.1501300000     2.9452500000     5.4420300000
   19      H       0.8447900000     0.7190000000     6.1040700000
   20      H      -0.0759000000     0.0659400000     4.7442900000
   21      GH      0.2055300000     1.0414600000     0.5826900000
   22      GH      0.6500000000    -0.3892500000     1.0074000000
   23      GH      1.3294800000     1.4174300000    -0.4072500000
   24      GH      2.6291900000     1.7275600000     0.3662200000
   25      GH      3.0678300000     0.2965000000     0.7947900000
   26      GH      1.9465100000    -0.5790600000     0.1770800000
   27      GH      1.6305600000     0.1570200000    -1.0312000000
   28      GH      3.3676700000     2.1867300000    -0.2934800000
   29      GH      2.4631900000     2.4026900000     1.2087300000
   30      GH      4.0329800000     0.0299900000     0.3594400000
   31      GH      3.1391900000     0.1716000000     1.8776000000
   32      GH      1.0557500000     2.1442200000    -1.1704600000
   33      GH      2.3242800000    -2.0046600000    -0.1520600000
   34      GH      3.1996100000    -2.0290600000    -0.8058100000
   35      GH      1.5002100000    -2.5151300000    -0.6563000000
   36      GH      2.5625400000    -2.5543400000     0.7629600000
   37      GH     -0.7602500000     1.0205100000     0.0747300000
   38      GH      0.1348100000     1.7408300000     1.4184600000
   39      GH      0.8294700000    -0.4854200000     2.0805000000
   40      GH     -0.0912200000    -1.1384800000     0.7207200000
 ----------------------------------------------------------------
 Nuclear Repulsion Energy =   415.1590146406 hartrees
 There are       31 alpha and       31 beta electrons
 Requested basis set is 6-311++G(d,p)
 There are 216 shells and 520 basis functions

 Total QAlloc Memory Limit   4000 MB
 Mega-Array Size       392 MB
 MEM_STATIC part       400 MB
 A cutoff of  1.0D-12 yielded  20160 shell pairs
 There are    117369 function pairs (    124476 Cartesian)
 
 -------------------------------------------------------
 OpenMP Integral Computing Module                       
 Release: version 1.0, May 2013, Q-Chem Inc. Pittsburgh 
 -------------------------------------------------------
 Integral Job Info:
 Integral job number is                      11
 Integral operator is                         1
 short-range coefficients                     0
 long-range coefficients              100000000
 Omega coefficients                           0
 if combine SR and LR in K                    0
 Integral screening is                        0
 Integral computing path is                   2
 max size of driver memory is            800000
 size of driver memory is                593474
 size of scratch memory is              2361544
 max col of scratch BK array               1296
 max len of scratch array in speh3          155
 max len of scratch index in speh4           18
 max int batch size is                      520
 min int batch size is                       52
 fixed nKL is                                52
 max L of basis functions is                  2
 order of int derivative is                   0
 number of shells is                        216
 number of basis is                         536
 number of cartesian basis is               536
 number of contracted shell pairs         20160
 number of primitive shell pairs          42636
 maxK2 (contraction) of shell pair           36
 max number of K2 of shell pair               1
 max number of CS2 of shell pair           3593
 max number of PS2 of shell pair           6288
 mem total for path MDJ                  165352
 -------------------------------------------------------
 Smallest overlap matrix eigenvalue = 6.94E-07
 Linear dependence detected in AO basis
 Number of orthogonalized atomic orbitals = 519
 Maximum deviation from orthogonality = 1.118E-10

 Scale SEOQF with 1.000000e-01/1.000000e-01/1.000000e-02

 Standard Electronic Orientation quadrupole field applied
 Nucleus-field energy     =     0.0000000126 hartrees
 Guess from superposition of atomic densities
 Warning:  Energy on first SCF cycle will be non-variational

 Q-Chem warning in module /opt/software/qchem/qchem-5.0.1/libgen/Atomic_PolEc.C, line 58:

 No atomic polarizability available.


 Q-Chem warning in module /opt/software/qchem/qchem-5.0.1/libgen/Atomic_PolEc.C, line 73:

 No atomic polarizability available.


 Q-Chem warning in module /opt/software/qchem/qchem-5.0.1/libgen/Atomic_PolEc.C, line 58:

 No atomic polarizability available.


 Q-Chem warning in module /opt/software/qchem/qchem-5.0.1/libgen/Atomic_PolEc.C, line 73:

 No atomic polarizability available.


 Q-Chem warning in module /opt/software/qchem/qchem-5.0.1/libgen/Atomic_PolEc.C, line 58:

 No atomic polarizability available.


 Q-Chem warning in module /opt/software/qchem/qchem-5.0.1/libgen/Atomic_PolEc.C, line 73:

 No atomic polarizability available.


 Q-Chem warning in module /opt/software/qchem/qchem-5.0.1/libgen/Atomic_PolEc.C, line 58:

 No atomic polarizability available.


 Q-Chem warning in module /opt/software/qchem/qchem-5.0.1/libgen/Atomic_PolEc.C, line 73:

 No atomic polarizability available.


 Q-Chem warning in module /opt/software/qchem/qchem-5.0.1/libgen/Atomic_PolEc.C, line 58:

 No atomic polarizability available.


 Q-Chem warning in module /opt/software/qchem/qchem-5.0.1/libgen/Atomic_PolEc.C, line 73:

 No atomic polarizability available.


 Q-Chem warning in module /opt/software/qchem/qchem-5.0.1/libgen/Atomic_PolEc.C, line 58:

 No atomic polarizability available.


 Q-Chem warning in module /opt/software/qchem/qchem-5.0.1/libgen/Atomic_PolEc.C, line 73:

 No atomic polarizability available.


 Q-Chem warning in module /opt/software/qchem/qchem-5.0.1/libgen/Atomic_PolEc.C, line 58:

 No atomic polarizability available.


 Q-Chem warning in module /opt/software/qchem/qchem-5.0.1/libgen/Atomic_PolEc.C, line 73:

 No atomic polarizability available.


 Q-Chem warning in module /opt/software/qchem/qchem-5.0.1/libgen/Atomic_PolEc.C, line 58:

 No atomic polarizability available.


 Q-Chem warning in module /opt/software/qchem/qchem-5.0.1/libgen/Atomic_PolEc.C, line 73:

 No atomic polarizability available.


 Q-Chem warning in module /opt/software/qchem/qchem-5.0.1/libgen/Atomic_PolEc.C, line 58:

 No atomic polarizability available.


 Q-Chem warning in module /opt/software/qchem/qchem-5.0.1/libgen/Atomic_PolEc.C, line 73:

 No atomic polarizability available.


 Q-Chem warning in module /opt/software/qchem/qchem-5.0.1/libgen/Atomic_PolEc.C, line 58:

 No atomic polarizability available.


 Q-Chem warning in module /opt/software/qchem/qchem-5.0.1/libgen/Atomic_PolEc.C, line 73:

 No atomic polarizability available.


 Q-Chem warning in module /opt/software/qchem/qchem-5.0.1/libgen/Atomic_PolEc.C, line 58:

 No atomic polarizability available.


 Q-Chem warning in module /opt/software/qchem/qchem-5.0.1/libgen/Atomic_PolEc.C, line 73:

 No atomic polarizability available.


 Q-Chem warning in module /opt/software/qchem/qchem-5.0.1/libgen/Atomic_PolEc.C, line 58:

 No atomic polarizability available.


 Q-Chem warning in module /opt/software/qchem/qchem-5.0.1/libgen/Atomic_PolEc.C, line 73:

 No atomic polarizability available.


 Q-Chem warning in module /opt/software/qchem/qchem-5.0.1/libgen/Atomic_PolEc.C, line 58:

 No atomic polarizability available.


 Q-Chem warning in module /opt/software/qchem/qchem-5.0.1/libgen/Atomic_PolEc.C, line 73:

 No atomic polarizability available.


 Q-Chem warning in module /opt/software/qchem/qchem-5.0.1/libgen/Atomic_PolEc.C, line 58:

 No atomic polarizability available.


 Q-Chem warning in module /opt/software/qchem/qchem-5.0.1/libgen/Atomic_PolEc.C, line 73:

 No atomic polarizability available.


 Q-Chem warning in module /opt/software/qchem/qchem-5.0.1/libgen/Atomic_PolEc.C, line 58:

 No atomic polarizability available.


 Q-Chem warning in module /opt/software/qchem/qchem-5.0.1/libgen/Atomic_PolEc.C, line 73:

 No atomic polarizability available.


 Q-Chem warning in module /opt/software/qchem/qchem-5.0.1/libgen/Atomic_PolEc.C, line 58:

 No atomic polarizability available.


 Q-Chem warning in module /opt/software/qchem/qchem-5.0.1/libgen/Atomic_PolEc.C, line 73:

 No atomic polarizability available.


 Q-Chem warning in module /opt/software/qchem/qchem-5.0.1/libgen/Atomic_PolEc.C, line 58:

 No atomic polarizability available.


 Q-Chem warning in module /opt/software/qchem/qchem-5.0.1/libgen/Atomic_PolEc.C, line 73:

 No atomic polarizability available.


 Q-Chem warning in module /opt/software/qchem/qchem-5.0.1/libgen/Atomic_PolEc.C, line 58:

 No atomic polarizability available.


 Q-Chem warning in module /opt/software/qchem/qchem-5.0.1/libgen/Atomic_PolEc.C, line 73:

 No atomic polarizability available.


 Q-Chem warning in module /opt/software/qchem/qchem-5.0.1/libgen/Atomic_PolEc.C, line 58:

 No atomic polarizability available.


 Q-Chem warning in module /opt/software/qchem/qchem-5.0.1/libgen/Atomic_PolEc.C, line 73:

 No atomic polarizability available.


 Q-Chem warning in module /opt/software/qchem/qchem-5.0.1/libgen/Atomic_PolEc.C, line 58:

 No atomic polarizability available.


 Q-Chem warning in module /opt/software/qchem/qchem-5.0.1/libgen/Atomic_PolEc.C, line 73:

 No atomic polarizability available.

 A restricted hybrid HF-DFT SCF calculation will be
 performed using Pulay DIIS extrapolation
 Exchange:     0.2000 Hartree-Fock + 0.0800 Slater + 0.7200 B88
 Correlation:  0.1900 VWN1RPA + 0.8100 LYP
 Using SG-1 standard quadrature grid
 Dispersion:   Grimme D3
 SCF converges when DIIS error is below 1.0E-08
 using 4 threads for integral computing
 -------------------------------------------------------
 OpenMP Integral computing Module                
 Release: version 1.0, May 2013, Q-Chem Inc. Pittsburgh 
 -------------------------------------------------------
 -------------------------------------------------------
 OpenMP BLAS3 based DFT computing Module                
 Release: version 1.0, May 2013, Q-Chem Inc. Pittsburgh 
 -------------------------------------------------------
 ---------------------------------------
  Cycle       Energy         DIIS Error
 ---------------------------------------
    1    -350.9007222551      1.90E-02
    2    -349.1243505259      2.29E-03
    3    -349.0339597024      2.85E-03
    4    -349.2991483747      4.30E-04
    5    -349.3032974260      1.65E-04
    6    -349.3039387359      4.79E-05
    7    -349.3039890877      1.74E-05
    8    -349.3039978114      1.50E-06
    9    -349.3039978772      6.79E-07
   10    -349.3039978915      1.50E-07
   11    -349.3039978922      2.91E-08
   12    -349.3039978922      1.04E-08
   13    -349.3039978923      2.93E-09 Convergence criterion met
 ---------------------------------------
 SCF time:  CPU 983.05 s  wall 247.19 s
 SCF   energy in the final basis set = -349.30399789
 Total energy in the final basis set = -349.30399789
 
 --------------------------------------------------------------
 
                    Orbital Energies (a.u.)
 --------------------------------------------------------------
 
 Alpha MOs
 -- Occupied --
-19.116 -10.224 -10.217 -10.168 -10.168 -10.168 -10.167 -10.161
 -1.044  -0.799  -0.773  -0.750  -0.679  -0.613  -0.573  -0.554
 -0.498  -0.481  -0.467  -0.434  -0.414  -0.405  -0.391  -0.371
 -0.362  -0.346  -0.344  -0.339  -0.319  -0.302  -0.262
 -- Virtual --
 -0.011   0.003   0.009   0.011   0.025   0.029   0.031   0.032
  0.033   0.048   0.053   0.057   0.059   0.060   0.063   0.072
  0.074   0.074   0.084   0.085   0.087   0.095   0.098   0.103
  0.107   0.109   0.110   0.112   0.118   0.121   0.123   0.125
  0.129   0.134   0.136   0.137   0.141   0.146   0.147   0.150
  0.152   0.157   0.162   0.162   0.164   0.168   0.169   0.171
  0.172   0.177   0.180   0.185   0.189   0.189   0.192   0.194
  0.200   0.200   0.205   0.206   0.210   0.212   0.215   0.222
  0.223   0.225   0.233   0.233   0.240   0.245   0.245   0.251
  0.253   0.254   0.255   0.263   0.267   0.272   0.273   0.276
  0.277   0.279   0.287   0.291   0.297   0.302   0.306   0.313
  0.319   0.327   0.332   0.337   0.344   0.347   0.352   0.357
  0.368   0.369   0.375   0.379   0.381   0.389   0.392   0.393
  0.400   0.407   0.408   0.410   0.418   0.420   0.430   0.441
  0.445   0.450   0.463   0.466   0.479   0.483   0.487   0.500
  0.504   0.521   0.524   0.530   0.547   0.554   0.561   0.563
  0.573   0.574   0.577   0.591   0.591   0.598   0.604   0.625
  0.634   0.637   0.643   0.648   0.651   0.656   0.663   0.672
  0.675   0.679   0.688   0.689   0.716   0.716   0.726   0.726
  0.728   0.734   0.744   0.747   0.756   0.761   0.765   0.767
  0.774   0.786   0.788   0.789   0.798   0.800   0.812   0.819
  0.832   0.835   0.844   0.856   0.860   0.867   0.869   0.883
  0.911   0.929   0.936   0.951   0.957   0.979   0.992   1.003
  1.008   1.010   1.020   1.045   1.069   1.083   1.104   1.107
  1.124   1.145   1.169   1.170   1.177   1.196   1.210   1.235
  1.238   1.244   1.251   1.260   1.291   1.306   1.309   1.336
  1.340   1.341   1.384   1.396   1.445   1.452   1.468   1.478
  1.509   1.518   1.526   1.528   1.541   1.542   1.552   1.572
  1.583   1.595   1.598   1.609   1.618   1.627   1.632   1.641
  1.665   1.668   1.671   1.682   1.702   1.702   1.710   1.712
  1.727   1.728   1.731   1.749   1.762   1.775   1.781   1.784
  1.788   1.797   1.813   1.820   1.825   1.831   1.834   1.843
  1.843   1.871   1.876   1.883   1.892   1.897   1.902   1.908
  1.914   1.935   1.942   1.953   1.955   1.964   1.986   1.998
  2.006   2.008   2.017   2.028   2.042   2.060   2.065   2.074
  2.080   2.097   2.104   2.120   2.124   2.140   2.146   2.152
  2.162   2.170   2.185   2.201   2.211   2.225   2.234   2.250
  2.267   2.279   2.289   2.314   2.322   2.324   2.346   2.356
  2.369   2.384   2.397   2.399   2.430   2.440   2.448   2.454
  2.476   2.479   2.483   2.494   2.510   2.512   2.512   2.525
  2.538   2.540   2.545   2.547   2.560   2.577   2.584   2.636
  2.636   2.651   2.664   2.668   2.674   2.677   2.698   2.722
  2.730   2.735   2.755   2.756   2.779   2.786   2.794   2.815
  2.833   2.835   2.849   2.852   2.859   2.868   2.901   2.912
  2.914   2.923   2.951   2.961   2.964   2.982   3.001   3.022
  3.031   3.032   3.049   3.054   3.060   3.089   3.101   3.144
  3.148   3.154   3.187   3.188   3.193   3.230   3.252   3.275
  3.276   3.292   3.303   3.326   3.329   3.338   3.351   3.371
  3.433   3.469   3.485   3.543   3.547   3.578   3.590   3.600
  3.600   3.617   3.626   3.668   3.691   3.704   3.722   3.767
  3.773   3.838   3.853   3.880   3.900   3.910   3.918   3.966
  3.976   3.985   4.062   4.094   4.114   4.131   4.148   4.179
  4.223   4.331   4.439   4.459   4.638   4.644   4.744   4.804
  4.842   4.842   4.857   4.886   4.897   4.910   4.931   4.981
  5.077   5.100   5.133   5.281   5.359   5.635   5.677   5.717
  7.360   7.473   7.523   7.537   7.663   7.697   7.704   7.718
  7.807   7.815   7.890   7.937   7.982   8.040   8.191   8.300
  8.331   8.392   8.463   8.686   8.750   9.910   9.931  10.010
 10.021  10.033  10.091  10.171  13.623  13.937  14.037  18.644
 23.828  23.852  23.956  23.977  23.988  23.992  24.104  50.015
 69.746  69.802  69.887  69.934  69.978  69.980  70.110 139.630
 --------------------------------------------------------------
 
          Ground-State Mulliken Net Atomic Charges

     Atom                 Charge (a.u.)
  ----------------------------------------
      1 C                    -0.611481
      2 C                    -0.313882
      3 C                     0.416658
      4 C                    -0.617985
      5 C                    -0.306418
      6 C                    -0.046841
      7 O                     0.130254
      8 H                     0.150584
      9 H                     0.142786
     10 H                     0.164439
     11 H                     0.145595
     12 H                     0.227837
     13 C                    -0.448485
     14 H                     0.157347
     15 H                     0.157908
     16 H                     0.177313
     17 H                     0.150433
     18 H                     0.142103
     19 H                     0.145776
     20 H                     0.164860
     21 GH                   -0.031150
     22 GH                   -0.005422
     23 GH                   -0.009445
     24 GH                   -0.029926
     25 GH                   -0.006600
     26 GH                    0.080309
     27 GH                   -0.006562
     28 GH                   -0.000335
     29 GH                   -0.064755
     30 GH                   -0.002794
     31 GH                   -0.018513
     32 GH                   -0.000443
     33 GH                    0.055680
     34 GH                    0.000131
     35 GH                    0.000126
     36 GH                   -0.000618
     37 GH                   -0.000229
     38 GH                   -0.066313
     39 GH                   -0.019119
     40 GH                   -0.002821
  ----------------------------------------
  Sum of atomic charges =     0.000000

 -----------------------------------------------------------------
                    Cartesian Multipole Moments
 -----------------------------------------------------------------
    Charge (ESU x 10^10)
                -0.0000
    Dipole Moment (Debye)
         X       0.0417      Y       0.3634      Z       1.5908
       Tot       1.6323
    Quadrupole Moments (Debye-Ang)
        XX     -49.7822     XY       0.0928     YY     -47.2527
        XZ       2.9421     YZ       2.8219     ZZ     -39.7519
    Octopole Moments (Debye-Ang^2)
       XXX    -261.8866    XXY     -70.5960    XYY     -85.2685
       YYY    -197.6809    XXZ    -209.2366    XYZ       2.7788
       YYZ    -202.3929    XZZ     -68.4977    YZZ     -54.0700
       ZZZ    -584.3426
    Hexadecapole Moments (Debye-Ang^3)
      XXXX   -1301.8141   XXXY    -344.1701   XXYY    -407.9051
      XYYY    -328.3100   YYYY   -1102.7711   XXXZ   -1109.2109
      XXYZ    -302.4152   XYYZ    -360.4447   YYYZ    -859.6805
      XXZZ   -1143.7084   XYZZ     -97.3234   YYZZ   -1084.6410
      XZZZ   -1004.0528   YZZZ    -813.8720   ZZZZ   -5363.8270
 -----------------------------------------------------------------
Archival summary:
1\1\vega02.cac.cornell.edu\SP\ProcedureUnspecified\BasisUnspecified\1712h20\jj585\TueApr1722:55:182018TueApr1722:55:182018\0\\#,ProcedureUnspecified,BasisUnspecified,\\0,1\O\C,1,1.43826\H,2,1.08887,1,109.48\C,1,1.44968,2,97.4122,3,-179.997,0\C,4,1.51109,1,110.608,2,-179.857,0\H,5,1.09267,4,110.654,1,-60.1503,0\H,5,1.09279,4,110.587,1,60.1246,0\H,5,1.0937,4,110.266,1,179.936,0\C,2,1.54392,1,102.541,3,-122.992,0\H,9,1.09151,2,110.565,1,82.9957,0\H,9,1.09233,2,112.496,1,-156.17,0\C,2,1.54421,1,102.539,3,123.004,0\H,12,1.09142,2,110.51,1,-83.1176,0\H,12,1.09208,2,112.447,1,155.951,0\C,4,1.55098,1,101.706,2,-56.0474,0\H,15,1.09182,4,110.029,1,-84.6846,0\H,15,1.09232,4,112.178,1,155.019,0\C,4,1.55126,1,101.645,2,56.1901,0\H,18,1.09222,4,110.045,1,84.5395,0\H,18,1.09225,4,112.196,1,-155.189,0\Gh,7,1.6716,5,115.469,4,-49.3862,0\Gh,21,1.09232,7,149.979,5,-111.537,0\Gh,22,1.09182,21,108.035,7,-73.6496,0\Gh,22,1.55098,21,112.178,7,47.7968,0\Gh,24,1.44968,22,101.706,21,155.019,0\Gh,25,1.43826,24,97.4122,22,-56.0474,0\Gh,26,1.08887,25,109.48,24,-179.997,0\Gh,24,1.51109,22,116.014,21,-84.9089,0\Gh,28,1.09267,24,110.654,22,-175.282,0\Gh,28,1.09279,24,110.587,22,-55.0073,0\Gh,28,1.0937,24,110.266,22,64.8037,0\Gh,26,1.54392,25,102.541,24,57.0109,0\Gh,32,1.09151,26,110.565,25,82.9957,0\Gh,32,1.09233,26,112.496,25,-156.17,0\Gh,26,1.54421,25,102.539,24,-56.9923,0\Gh,35,1.09142,26,110.51,25,-83.1176,0\Gh,35,1.09208,26,112.447,25,155.951,0\Gh,24,1.55126,22,108.784,21,48.2696,0\Gh,38,1.09222,24,110.045,22,-168.669,0\Gh,38,1.09225,24,112.196,22,-48.3972,0\\\@

 Total job time:  248.11s(wall), 985.74s(cpu) 
 Tue Apr 17 22:55:18 2018

        *************************************************************
        *                                                           *
        *  Thank you very much for using Q-Chem.  Have a nice day.  *
        *                                                           *
        *************************************************************


0 sent ACK to 0 
now end server 0 ... 
