mFile = /opt/software/qchem/qchem-5.0.1//bin/mpi/machines
Process 0 of 1 is on vega03.cac.cornell.edu - thread support 0
initial socket setup ...start
initial socket setup ...done 
now start server 0 ... 
vega03 10.84.3
Q-Chem Developer Version! Running on 10.84.3.*
                  Welcome to Q-Chem
     A Quantum Leap Into The Future Of Chemistry


 Q-Chem 5.0, Q-Chem, Inc., Pleasanton, CA (2017)

 Yihan Shao,  Zhengting Gan,  E. Epifanovsky,  A. T. B. Gilbert,  M. Wormit,  
 J. Kussmann,  A. W. Lange,  A. Behn,  Jia Deng,  Xintian Feng,  D. Ghosh,  
 M. Goldey,  P. R. Horn,  L. D. Jacobson,  I. Kaliman,  T. Kus,  A. Landau,  
 Jie Liu,  E. I. Proynov,  R. M. Richard,  R. P. Steele,  E. J. Sundstrom,  
 H. L. Woodcock III,  P. M. Zimmerman,  D. Zuev,  B. Albrecht,  E. Alguire,  
 S. A. Baeppler,  Z. Benda,  Y. A. Bernard,  E. J. Berquist,  K. B. Bravaya,  
 D. Casanova,  Chun-Min Chang,  Yunqing Chen,  A. Chien,  K. D. Closser,  
 M. P. Coons,  S. Dasgupta,  M. Diedenhofen,  Hainam Do,  R. G. Edgar,  
 Po-Tung Fang,  S. Fatehi,  Qingguo Feng,  Qinghui Ge,  A. Ghysels,  
 J. Gomes,  J. Gonthier,  A. Gunina,  M. W. D. Hanson-Heine,  
 P. H. P. Harbach,  A. W. Hauser,  J. E. Herr,  E. G. Hohenstein,  
 Z. C. Holden,  Kerwin Hui,  T.-C. Jagau,  Hyunjun Ji,  B. Kaduk,  
 K. Khistyaev,  Jaehoon Kim,  P. Klunzinger,  K. Koh,  D. Kosenkov,  
 T. Kowalczyk,  C. M. Krauter,  A. Kunitsa,  Ka Un Lao,  A. Laurent,  
 K. V. Lawler,  Joonho Lee,  D. Lefrancois,  S. Lehtola,  D. S. Levine,  
 Yi-Pei Li,  You-Sheng Lin,  Fenglai Liu,  E. Livshits,  A. Luenser,  
 P. Manohar,  E. Mansoor,  S. F. Manzer,  Shan-Ping Mao,  Yuezhi Mao,  
 N. Mardirossian,  A. V. Marenich,  L. A. Martinez-Martinez,  S. A. Maurer,  
 N. J. Mayhall,  S. C. McKenzie,  J.-M. Mewes,  A. F. Morrison,  K. Nanda,  
 T. S. Nguyen-Beck,  R. Olivares-Amaya,  J. A. Parkhill,  T. M. Perrine,  
 F. Plasser,  S. Prager,  A. Prociuk,  D. R. Rehn,  F. Rob,  M. Schneider,  
 N. Sergueev,  S. M. Sharada,  S. Sharma,  D. W. Small,  T. Stauch,  
 T. Stein,  Yu-Chuan Su,  A. J. W. Thom,  T. Tsuchimochi,  L. Vogt,  
 O. Vydrov,  M. A. Watson,  J. Wenzel,  M. de Wergifosse,  T. A. Wesolowski,  
 A. White,  J. Witte,  A. Yamada,  Jun Yang,  K. Yao,  S. Yeganeh,  
 S. R. Yost,  Zhi-Qiang You,  A. Zech,  Igor Ying Zhang,  Xing Zhang,  
 Yan Zhao,  Ying Zhu,  B. R. Brooks,  G. K. L. Chan,  C. J. Cramer,  
 M. S. Gordon,  W. J. Hehre,  A. Klamt,  M. W. Schmidt,  C. D. Sherrill,  
 D. G. Truhlar,  A. Aspuru-Guzik,  R. Baer,  A. T. Bell,  N. A. Besley,  
 Jeng-Da Chai,  A. Dreuw,  B. D. Dunietz,  T. R. Furlani,  Chao-Ping Hsu,  
 Yousung Jung,  Jing Kong,  D. S. Lambrecht,  WanZhen Liang,  C. Ochsenfeld,  
 V. A. Rassolov,  L. V. Slipchenko,  J. E. Subotnik,  T. Van Voorhis,  
 J. M. Herbert,  A. I. Krylov,  P. M. W. Gill,  M. Head-Gordon

 Contributors to earlier versions of Q-Chem not listed above: 
 R. D. Adamson,  B. Austin,  J. Baker,  G. J. O. Beran,  K. Brandhorst,  
 S. T. Brown,  E. F. C. Byrd,  A. K. Chakraborty,  C.-L. Cheng,  
 Siu Hung Chien,  D. M. Chipman,  D. L. Crittenden,  H. Dachsel,  
 R. A. DiStasio Jr.,  R. J. Doerksen,  A. D. Dutoi,  L. Fusti-Molnar,  
 W. A. Goddard III,  A. Golubeva-Zadorozhnaya,  S. R. Gwaltney,  G. Hawkins,  
 A. Heyden,  S. Hirata,  G. Kedziora,  F. J. Keil,  C. Kelley,  Jihan Kim,  
 R. A. King,  R. Z. Khaliullin,  P. P. Korambath,  W. Kurlancheek,  
 A. M. Lee,  M. S. Lee,  S. V. Levchenko,  Ching Yeh Lin,  D. Liotard,  
 R. C. Lochan,  I. Lotan,  P. E. Maslen,  N. Nair,  D. P. O'Neill,  
 D. Neuhauser,  E. Neuscamman,  C. M. Oana,  R. Olson,  B. Peters,  
 R. Peverati,  P. A. Pieniazek,  Y. M. Rhee,  J. Ritchie,  M. A. Rohrdanz,  
 E. Rosta,  N. J. Russ,  H. F. Schaefer III,  N. E. Schultz,  N. Shenvi,  
 A. C. Simmonett,  A. Sodt,  D. Stuck,  K. S. Thanthiriwatte,  V. Vanovschi,  
 Tao Wang,  A. Warshel,  C. F. Williams,  Q. Wu,  X. Xu,  W. Zhang

 Please cite Q-Chem as follows:
 Y. Shao et al., Mol. Phys. 113, 184-215 (2015)
 DOI: 10.1080/00268976.2014.952696

 Q-Chem 5.0.1 for Intel X86 EM64T Linux

 Parts of Q-Chem use Armadillo 5.200.1 (Boston Tea Smuggler).
 http://arma.sourceforge.net/

 Q-Chem begins on Mon Apr 16 23:41:29 2018  

Host: vega03.cac.cornell.edu
0

     Scratch files written to /scratch/jj585/vdw/0100_distance_5.400_11.save//
 Parallel job on  1  processors

Checking the input file for inconsistencies... 	...done.

--------------------------------------------------------------
User input:
--------------------------------------------------------------
$molecule
0  1
--
0  1
C        +0.22270000        +1.04488000        +0.58595000
C        +0.62626000        -0.41353000        +0.99871000
C        +1.33008000        +1.39974000        -0.43491000
C        +2.63070000        +1.71700000        +0.32855000
C        +3.04336000        +0.29351000        +0.80300000
C        +1.94423000        -0.59299000        +0.15262000
O        +1.62840000        +0.13663000        -1.04376000
H        +3.37234000        +2.13782000        -0.35195000
H        +2.48236000        +2.42488000        +1.14651000
H        +4.02182000        +0.00994000        +0.41161000
H        +3.07359000        +0.18738000        +1.88928000
H        +1.03270000        +2.19943000        -1.08064000
C        +2.35450000        -2.01267000        -0.16812000
H        +3.25743000        -2.00195000        -0.74215000
H        +1.57951000        -2.48932000        -0.73123000
H        +2.51687000        -2.55129000        +0.74206000
H        -0.74673000        +1.06811000        +0.13365000
H        +0.15552000        +1.72617000        +1.40828000
H        +0.81693000        -0.48905000        +2.04887000
H        -0.12524000        -1.15356000        +0.81843000
--
0  1
C        +4.12785000        +2.96970000        +3.78046000
C        +4.53141000        +1.51129000        +4.19322000
C        +5.23523000        +3.32456000        +2.75960000
C        +6.53585000        +3.64182000        +3.52306000
C        +6.94851000        +2.21833000        +3.99751000
C        +5.84938000        +1.33183000        +3.34713000
O        +5.53355000        +2.06145000        +2.15075000
H        +7.27749000        +4.06264000        +2.84256000
H        +6.38751000        +4.34970000        +4.34102000
H        +7.92697000        +1.93476000        +3.60612000
H        +6.97874000        +2.11220000        +5.08379000
H        +4.93785000        +4.12425000        +2.11387000
C        +6.25965000        -0.08785000        +3.02639000
H        +7.16258000        -0.07713000        +2.45236000
H        +5.48466000        -0.56450000        +2.46328000
H        +6.42202000        -0.62647000        +3.93657000
H        +3.15842000        +2.99293000        +3.32816000
H        +4.06067000        +3.65099000        +4.60279000
H        +4.72208000        +1.43577000        +5.24338000
H        +3.77991000        +0.77126000        +4.01294000
$end

$rem
JOBTYPE                   SP
METHOD                    B3LYP
DFT_D                     d3_op
BASIS                     6-311++G(d,p)
SYMMETRY                  False
THRESH                    12
SCF_CONVERGENCE           8
MAX_SUB_FILE_NUM          128
MEM_STATIC                400
MEM_TOTAL                 4000
$end
--------------------------------------------------------------
 Adding empirical dispersion correction 
 ----------------------------------------------------------------
 Doing -D3(op) with
 s6 =   1.00000
 s8 =   0.78311
 a1 =   0.30000
 a2 =   4.25000
 n  =  10.00000
 -D3 energy without 3body term =     -0.0414439042 hartrees
 ----------------------------------------------------------------
             Standard Nuclear Orientation (Angstroms)
    I     Atom           X                Y                Z
 ----------------------------------------------------------------
    1      C       3.2356580401    -1.5104380000     0.8072871408
    2      C       3.2660602903    -0.0212849307     1.2989069724
    3      C       2.8675991308    -1.3403266017    -0.6860199191
    4      C       1.3642678878    -1.0196505806    -0.7969231513
    5      C       1.3397804583     0.4435438060    -0.2676052778
    6      C       2.8499915969     0.7232915247    -0.0268425684
    7      O       3.4775016169    -0.0897143319    -1.0311690539
    8      H       1.0458143593    -1.0688212953    -1.8392135153
    9      H       0.7392412923    -1.7041371117    -0.2198812506
   10      H       0.9546633475     1.1341193690    -1.0197836153
   11      H       0.7443856380     0.5696491900     0.6389178097
   12      H       3.1435707065    -2.1983241950    -1.2627226264
   13      C       3.2752239586     2.1689474101    -0.1531098341
   14      H       2.9358098659     2.5600792092    -1.0894441407
   15      H       4.3423025242     2.2322777355    -0.1058848462
   16      H       2.8484482618     2.7374187901     0.6466438457
   17      H       4.1907296104    -1.9788700119     0.9226959520
   18      H       2.5590441367    -2.1343051180     1.3530703305
   19      H       2.5621280227     0.1498327168     2.0863664687
   20      H       4.2004764361     0.2936073515     1.7143667735
   21      C      -2.1604101958    -1.3988027659     0.9805149173
   22      C      -2.1300079456     0.0903503034     1.4721347489
   23      C      -2.5284691051    -1.2286913675    -0.5127921426
   24      C      -4.0318003481    -0.9080153464    -0.6236953748
   25      C      -4.0562877776     0.5551790401    -0.0943775014
   26      C      -2.5460766391     0.8349267588     0.1463852081
   27      O      -1.9185666190     0.0219209022    -0.8579412775
   28      H      -4.3502538766    -0.9571860611    -1.6659857388
   29      H      -4.6568269437    -1.5925018776    -0.0466534741
   30      H      -4.4414048884     1.2457546032    -0.8465558388
   31      H      -4.6516825979     0.6812844241     0.8121455862
   32      H      -2.2524975294    -2.0866889609    -1.0894948499
   33      C      -2.1208442773     2.2805826442     0.0201179424
   34      H      -2.4602583701     2.6717144433    -0.9162163642
   35      H      -1.0537657118     2.3439129696     0.0673429303
   36      H      -2.5476199742     2.8490540242     0.8198716222
   37      H      -1.2053386255    -1.8672347778     1.0959237285
   38      H      -2.8370240993    -2.0226698838     1.5262981070
   39      H      -2.8339402132     0.2614679509     2.2595942451
   40      H      -1.1955917998     0.4052425857     1.8875945499
 ----------------------------------------------------------------
 Molecular Point Group                 C1    NOp =  1
 Largest Abelian Subgroup              C1    NOp =  1
 Nuclear Repulsion Energy =  1198.2817097907 hartrees
 There are       62 alpha and       62 beta electrons
 Requested basis set is 6-311++G(d,p)
 There are 216 shells and 520 basis functions

 Total QAlloc Memory Limit   4000 MB
 Mega-Array Size       392 MB
 MEM_STATIC part       400 MB
 A cutoff of  1.0D-12 yielded  19137 shell pairs
 There are    109405 function pairs (    115640 Cartesian)
 
 -------------------------------------------------------
 OpenMP Integral Computing Module                       
 Release: version 1.0, May 2013, Q-Chem Inc. Pittsburgh 
 -------------------------------------------------------
 Integral Job Info:
 Integral job number is                      11
 Integral operator is                         1
 short-range coefficients                     0
 long-range coefficients              100000000
 Omega coefficients                           0
 if combine SR and LR in K                    0
 Integral screening is                        0
 Integral computing path is                   2
 max size of driver memory is            800000
 size of driver memory is                593474
 size of scratch memory is              2361544
 max col of scratch BK array               1296
 max len of scratch array in speh3          155
 max len of scratch index in speh4           18
 max int batch size is                      520
 min int batch size is                       52
 fixed nKL is                                52
 max L of basis functions is                  2
 order of int derivative is                   0
 number of shells is                        216
 number of basis is                         536
 number of cartesian basis is               536
 number of contracted shell pairs         19137
 number of primitive shell pairs          40397
 maxK2 (contraction) of shell pair           36
 max number of K2 of shell pair               1
 max number of CS2 of shell pair           3531
 max number of PS2 of shell pair           5958
 mem total for path MDJ                  152154
 -------------------------------------------------------
 Smallest overlap matrix eigenvalue = 1.05E-06

 Scale SEOQF with 1.000000e-01/1.000000e-01/1.000000e-01

 Standard Electronic Orientation quadrupole field applied
 Nucleus-field energy     =     0.0000000403 hartrees
 Guess from superposition of atomic densities
 Warning:  Energy on first SCF cycle will be non-variational
 A restricted hybrid HF-DFT SCF calculation will be
 performed using Pulay DIIS extrapolation
 Exchange:     0.2000 Hartree-Fock + 0.0800 Slater + 0.7200 B88
 Correlation:  0.1900 VWN1RPA + 0.8100 LYP
 Using SG-1 standard quadrature grid
 Dispersion:   Grimme D3
 SCF converges when DIIS error is below 1.0E-08
 using 4 threads for integral computing
 -------------------------------------------------------
 OpenMP Integral computing Module                
 Release: version 1.0, May 2013, Q-Chem Inc. Pittsburgh 
 -------------------------------------------------------
 -------------------------------------------------------
 OpenMP BLAS3 based DFT computing Module                
 Release: version 1.0, May 2013, Q-Chem Inc. Pittsburgh 
 -------------------------------------------------------
 ---------------------------------------
  Cycle       Energy         DIIS Error
 ---------------------------------------
    1    -701.9311636801      2.70E-02
    2    -698.2292214546      3.27E-03
    3    -698.0809205211      3.93E-03
    4    -698.5875146830      5.67E-04
    5    -698.5948125894      2.23E-04
    6    -698.5959973015      6.27E-05
    7    -698.5960817115      2.36E-05
    8    -698.5960976838      2.18E-06
    9    -698.5960978177      9.96E-07
   10    -698.5960978486      2.04E-07
   11    -698.5960978499      4.63E-08
   12    -698.5960978500      1.83E-08
   13    -698.5960978500      6.07E-09 Convergence criterion met
 ---------------------------------------
 SCF time:  CPU 883.73 s  wall 222.00 s
 SCF   energy in the final basis set = -698.59609785
 Total energy in the final basis set = -698.59609785
 
 --------------------------------------------------------------
 
                    Orbital Energies (a.u.)
 --------------------------------------------------------------
 
 Alpha MOs
 -- Occupied --
-19.122 -19.113 -10.229 -10.219 -10.219 -10.210 -10.169 -10.169
-10.167 -10.166 -10.159 -10.158 -10.157 -10.157 -10.157 -10.150
 -1.053  -1.043  -0.802  -0.792  -0.778  -0.770  -0.752  -0.741
 -0.687  -0.678  -0.618  -0.608  -0.579  -0.569  -0.560  -0.549
 -0.506  -0.497  -0.486  -0.475  -0.468  -0.457  -0.444  -0.435
 -0.421  -0.413  -0.409  -0.398  -0.396  -0.386  -0.381  -0.372
 -0.364  -0.354  -0.351  -0.347  -0.343  -0.339  -0.337  -0.330
 -0.319  -0.310  -0.304  -0.294  -0.266  -0.255
 -- Virtual --
 -0.014  -0.003  -0.002   0.007   0.012   0.015   0.018   0.027
  0.029   0.032   0.035   0.040   0.042   0.048   0.052   0.057
  0.059   0.062   0.069   0.071   0.074   0.075   0.083   0.088
  0.089   0.094   0.097   0.099   0.103   0.109   0.112   0.114
  0.116   0.119   0.120   0.121   0.125   0.127   0.129   0.134
  0.137   0.138   0.140   0.141   0.145   0.146   0.148   0.150
  0.152   0.154   0.157   0.159   0.164   0.166   0.169   0.169
  0.173   0.174   0.174   0.176   0.180   0.183   0.184   0.186
  0.190   0.192   0.194   0.199   0.200   0.206   0.208   0.210
  0.215   0.218   0.220   0.224   0.228   0.233   0.235   0.240
  0.243   0.244   0.244   0.246   0.251   0.255   0.261   0.264
  0.269   0.272   0.276   0.277   0.285   0.289   0.292   0.294
  0.305   0.311   0.316   0.317   0.318   0.322   0.331   0.334
  0.338   0.342   0.344   0.350   0.353   0.355   0.358   0.362
  0.364   0.373   0.374   0.380   0.383   0.385   0.388   0.396
  0.398   0.402   0.411   0.416   0.426   0.427   0.434   0.435
  0.459   0.463   0.475   0.499   0.511   0.523   0.534   0.538
  0.543   0.553   0.558   0.566   0.573   0.576   0.579   0.580
  0.586   0.591   0.599   0.607   0.616   0.624   0.627   0.635
  0.641   0.643   0.649   0.654   0.662   0.669   0.671   0.672
  0.683   0.691   0.698   0.706   0.712   0.722   0.724   0.727
  0.730   0.736   0.747   0.752   0.754   0.758   0.761   0.768
  0.768   0.777   0.781   0.783   0.791   0.795   0.798   0.806
  0.813   0.821   0.823   0.826   0.850   0.855   0.860   0.876
  0.884   0.898   0.914   0.922   0.927   0.934   0.944   0.958
  0.966   1.007   1.026   1.043   1.063   1.075   1.088   1.104
  1.127   1.153   1.179   1.197   1.207   1.208   1.213   1.218
  1.229   1.250   1.254   1.258   1.263   1.278   1.304   1.307
  1.342   1.353   1.382   1.391   1.432   1.445   1.461   1.464
  1.466   1.473   1.494   1.502   1.510   1.512   1.516   1.527
  1.531   1.536   1.544   1.548   1.567   1.574   1.579   1.588
  1.591   1.593   1.601   1.610   1.622   1.624   1.629   1.645
  1.653   1.665   1.671   1.677   1.691   1.692   1.699   1.704
  1.708   1.717   1.721   1.727   1.738   1.744   1.756   1.757
  1.762   1.771   1.796   1.799   1.806   1.816   1.827   1.830
  1.844   1.851   1.855   1.868   1.871   1.884   1.889   1.907
  1.915   1.924   1.930   1.936   1.940   1.955   1.979   1.993
  1.999   2.008   2.022   2.034   2.039   2.056   2.060   2.072
  2.108   2.119   2.124   2.132   2.149   2.156   2.165   2.168
  2.183   2.187   2.199   2.208   2.211   2.227   2.244   2.263
  2.284   2.290   2.298   2.310   2.318   2.332   2.384   2.398
  2.447   2.459   2.468   2.480   2.488   2.507   2.509   2.519
  2.522   2.530   2.540   2.552   2.561   2.561   2.565   2.578
  2.593   2.609   2.619   2.622   2.629   2.634   2.644   2.648
  2.652   2.669   2.678   2.692   2.696   2.716   2.738   2.753
  2.770   2.775   2.780   2.785   2.796   2.811   2.815   2.821
  2.836   2.848   2.855   2.866   2.885   2.895   2.914   2.925
  2.939   2.965   2.972   2.981   2.987   2.989   2.994   3.025
  3.031   3.043   3.063   3.074   3.090   3.106   3.117   3.137
  3.148   3.156   3.159   3.191   3.245   3.254   3.272   3.288
  3.310   3.317   3.330   3.333   3.410   3.426   3.593   3.601
  3.619   3.632   3.696   3.705   3.875   3.882   3.885   3.892
  3.946   3.956   3.974   3.986   4.056   4.060   4.099   4.111
  4.138   4.152   4.186   4.194   4.195   4.206   4.266   4.274
  4.435   4.447   4.482   4.493   5.207   5.239   5.510   5.529
  5.660   5.666  23.793  23.806  23.849  23.865  23.952  23.965
 23.991  24.004  24.016  24.025  24.030  24.035  24.066  24.073
 49.974  49.986
 --------------------------------------------------------------
 
          Ground-State Mulliken Net Atomic Charges

     Atom                 Charge (a.u.)
  ----------------------------------------
      1 C                    -0.669328
      2 C                    -0.228221
      3 C                     0.352365
      4 C                    -0.523963
      5 C                    -0.088880
      6 C                    -0.080755
      7 O                    -0.061653
      8 H                     0.197689
      9 H                     0.057818
     10 H                     0.180960
     11 H                    -0.013119
     12 H                     0.250394
     13 C                    -0.478749
     14 H                     0.147174
     15 H                     0.160756
     16 H                     0.141938
     17 H                     0.170800
     18 H                     0.114411
     19 H                     0.130868
     20 H                     0.168662
     21 C                    -0.390881
     22 C                    -0.343772
     23 C                     0.179379
     24 C                    -0.681366
     25 C                    -0.432231
     26 C                     0.203238
     27 O                     0.007301
     28 H                     0.165048
     29 H                     0.128364
     30 H                     0.155116
     31 H                     0.139469
     32 H                     0.234340
     33 C                    -0.349340
     34 H                     0.157908
     35 H                     0.144449
     36 H                     0.138952
     37 H                     0.126622
     38 H                     0.161252
     39 H                     0.157674
     40 H                     0.169311
  ----------------------------------------
  Sum of atomic charges =     0.000000

 -----------------------------------------------------------------
                    Cartesian Multipole Moments
 -----------------------------------------------------------------
    Charge (ESU x 10^10)
                 0.0000
    Dipole Moment (Debye)
         X      -2.4895      Y      -0.6231      Z       2.2514
       Tot       3.4139
    Quadrupole Moments (Debye-Ang)
        XX    -104.1170     XY      -0.1195     YY     -95.4209
        XZ       3.3319     YZ       1.5683     ZZ    -103.1624
    Octopole Moments (Debye-Ang^2)
       XXX     -44.3264    XXY      -4.4656    XYY       3.2494
       YYY      -5.8223    XXZ      22.2937    XYZ       1.8859
       YYZ      -6.9723    XZZ      -6.9224    YZZ      -0.9747
       ZZZ      -4.7864
    Hexadecapole Moments (Debye-Ang^3)
      XXXX   -5166.4178   XXXY      -0.8140   XXYY    -982.4591
      XYYY      -9.9162   YYYY   -1112.1119   XXXZ      75.2489
      XXYZ       9.0132   XYYZ      -9.4793   YYYZ       6.4171
      XXZZ    -955.1607   XYZZ      -3.3166   YYZZ    -270.5265
      XZZZ       0.0510   YZZZ       7.1917   ZZZZ    -576.5977
 -----------------------------------------------------------------
Archival summary:
1\1\vega03.cac.cornell.edu\SP\ProcedureUnspecified\BasisUnspecified\21424\jj585\MonApr1623:45:122018MonApr1623:45:122018\0\\#,ProcedureUnspecified,BasisUnspecified,\\0,1\O\C,1,1.43358\H,2,1.07,1,117.389\C,1,1.43646,2,98.0224,3,-179.253,0\C,4,1.51218,1,111.091,2,-178.393,0\H,5,1.07,4,109.471,1,-56.0506,0\H,5,1.07,4,109.472,1,-176.051,0\H,5,1.07,4,109.471,1,63.9491,0\C,2,1.54115,1,102.483,3,-123.548,0\H,9,1.09096,2,110.128,1,81.1589,0\H,9,1.09186,2,112.95,1,-157.962,0\C,2,1.54738,1,103.124,3,123.327,0\H,12,1.07,2,113.95,1,155.255,0\H,12,1.07,2,111.379,1,-86.5463,0\C,4,1.55466,1,102.371,2,-54.4128,0\H,15,1.09132,4,109.614,1,-87.4148,0\H,15,1.09187,4,112.355,1,152.676,0\C,12,1.5685,2,101.696,1,32.1918,0\H,18,1.07,12,111.7,2,120.458,0\H,18,1.07,12,114.71,2,-121.541,0\H,20,2.31295,18,122.94,12,65.7787,0\C,21,1.09187,20,153.815,18,-6.25538,0\H,22,1.09132,21,107.862,20,68.4662,0\C,22,1.55466,21,112.355,20,-170.612,0\O,24,1.43646,22,102.371,21,152.676,0\C,25,1.43358,24,98.0224,22,-54.4128,0\H,26,1.07,25,117.389,24,-179.253,0\C,24,1.51218,22,115.611,21,-86.4144,0\H,28,1.07,24,109.471,22,-172.124,0\H,28,1.07,24,109.472,22,67.8758,0\H,28,1.07,24,109.471,22,-52.1243,0\C,26,1.54115,25,102.483,24,57.1986,0\H,32,1.09096,26,110.128,25,81.1589,0\H,32,1.09186,26,112.95,25,-157.962,0\C,26,1.54738,25,103.124,24,-55.9256,0\H,35,1.07,26,113.95,25,155.255,0\H,35,1.07,26,111.379,25,-86.5463,0\C,35,1.5685,26,101.696,25,32.1918,0\H,38,1.07,35,111.7,26,120.458,0\H,38,1.07,35,114.71,26,-121.541,0\\\@

 Total job time:  222.99s(wall), 886.39s(cpu) 
 Mon Apr 16 23:45:12 2018

        *************************************************************
        *                                                           *
        *  Thank you very much for using Q-Chem.  Have a nice day.  *
        *                                                           *
        *************************************************************


0 sent ACK to 0 
now end server 0 ... 
