mFile = /opt/software/qchem/qchem-5.0.1//bin/mpi/machines
Process 0 of 1 is on vega03.cac.cornell.edu - thread support 0
initial socket setup ...start
initial socket setup ...done 
now start server 0 ... 
vega03 10.84.3
Q-Chem Developer Version! Running on 10.84.3.*
                  Welcome to Q-Chem
     A Quantum Leap Into The Future Of Chemistry


 Q-Chem 5.0, Q-Chem, Inc., Pleasanton, CA (2017)

 Yihan Shao,  Zhengting Gan,  E. Epifanovsky,  A. T. B. Gilbert,  M. Wormit,  
 J. Kussmann,  A. W. Lange,  A. Behn,  Jia Deng,  Xintian Feng,  D. Ghosh,  
 M. Goldey,  P. R. Horn,  L. D. Jacobson,  I. Kaliman,  T. Kus,  A. Landau,  
 Jie Liu,  E. I. Proynov,  R. M. Richard,  R. P. Steele,  E. J. Sundstrom,  
 H. L. Woodcock III,  P. M. Zimmerman,  D. Zuev,  B. Albrecht,  E. Alguire,  
 S. A. Baeppler,  Z. Benda,  Y. A. Bernard,  E. J. Berquist,  K. B. Bravaya,  
 D. Casanova,  Chun-Min Chang,  Yunqing Chen,  A. Chien,  K. D. Closser,  
 M. P. Coons,  S. Dasgupta,  M. Diedenhofen,  Hainam Do,  R. G. Edgar,  
 Po-Tung Fang,  S. Fatehi,  Qingguo Feng,  Qinghui Ge,  A. Ghysels,  
 J. Gomes,  J. Gonthier,  A. Gunina,  M. W. D. Hanson-Heine,  
 P. H. P. Harbach,  A. W. Hauser,  J. E. Herr,  E. G. Hohenstein,  
 Z. C. Holden,  Kerwin Hui,  T.-C. Jagau,  Hyunjun Ji,  B. Kaduk,  
 K. Khistyaev,  Jaehoon Kim,  P. Klunzinger,  K. Koh,  D. Kosenkov,  
 T. Kowalczyk,  C. M. Krauter,  A. Kunitsa,  Ka Un Lao,  A. Laurent,  
 K. V. Lawler,  Joonho Lee,  D. Lefrancois,  S. Lehtola,  D. S. Levine,  
 Yi-Pei Li,  You-Sheng Lin,  Fenglai Liu,  E. Livshits,  A. Luenser,  
 P. Manohar,  E. Mansoor,  S. F. Manzer,  Shan-Ping Mao,  Yuezhi Mao,  
 N. Mardirossian,  A. V. Marenich,  L. A. Martinez-Martinez,  S. A. Maurer,  
 N. J. Mayhall,  S. C. McKenzie,  J.-M. Mewes,  A. F. Morrison,  K. Nanda,  
 T. S. Nguyen-Beck,  R. Olivares-Amaya,  J. A. Parkhill,  T. M. Perrine,  
 F. Plasser,  S. Prager,  A. Prociuk,  D. R. Rehn,  F. Rob,  M. Schneider,  
 N. Sergueev,  S. M. Sharada,  S. Sharma,  D. W. Small,  T. Stauch,  
 T. Stein,  Yu-Chuan Su,  A. J. W. Thom,  T. Tsuchimochi,  L. Vogt,  
 O. Vydrov,  M. A. Watson,  J. Wenzel,  M. de Wergifosse,  T. A. Wesolowski,  
 A. White,  J. Witte,  A. Yamada,  Jun Yang,  K. Yao,  S. Yeganeh,  
 S. R. Yost,  Zhi-Qiang You,  A. Zech,  Igor Ying Zhang,  Xing Zhang,  
 Yan Zhao,  Ying Zhu,  B. R. Brooks,  G. K. L. Chan,  C. J. Cramer,  
 M. S. Gordon,  W. J. Hehre,  A. Klamt,  M. W. Schmidt,  C. D. Sherrill,  
 D. G. Truhlar,  A. Aspuru-Guzik,  R. Baer,  A. T. Bell,  N. A. Besley,  
 Jeng-Da Chai,  A. Dreuw,  B. D. Dunietz,  T. R. Furlani,  Chao-Ping Hsu,  
 Yousung Jung,  Jing Kong,  D. S. Lambrecht,  WanZhen Liang,  C. Ochsenfeld,  
 V. A. Rassolov,  L. V. Slipchenko,  J. E. Subotnik,  T. Van Voorhis,  
 J. M. Herbert,  A. I. Krylov,  P. M. W. Gill,  M. Head-Gordon

 Contributors to earlier versions of Q-Chem not listed above: 
 R. D. Adamson,  B. Austin,  J. Baker,  G. J. O. Beran,  K. Brandhorst,  
 S. T. Brown,  E. F. C. Byrd,  A. K. Chakraborty,  C.-L. Cheng,  
 Siu Hung Chien,  D. M. Chipman,  D. L. Crittenden,  H. Dachsel,  
 R. A. DiStasio Jr.,  R. J. Doerksen,  A. D. Dutoi,  L. Fusti-Molnar,  
 W. A. Goddard III,  A. Golubeva-Zadorozhnaya,  S. R. Gwaltney,  G. Hawkins,  
 A. Heyden,  S. Hirata,  G. Kedziora,  F. J. Keil,  C. Kelley,  Jihan Kim,  
 R. A. King,  R. Z. Khaliullin,  P. P. Korambath,  W. Kurlancheek,  
 A. M. Lee,  M. S. Lee,  S. V. Levchenko,  Ching Yeh Lin,  D. Liotard,  
 R. C. Lochan,  I. Lotan,  P. E. Maslen,  N. Nair,  D. P. O'Neill,  
 D. Neuhauser,  E. Neuscamman,  C. M. Oana,  R. Olson,  B. Peters,  
 R. Peverati,  P. A. Pieniazek,  Y. M. Rhee,  J. Ritchie,  M. A. Rohrdanz,  
 E. Rosta,  N. J. Russ,  H. F. Schaefer III,  N. E. Schultz,  N. Shenvi,  
 A. C. Simmonett,  A. Sodt,  D. Stuck,  K. S. Thanthiriwatte,  V. Vanovschi,  
 Tao Wang,  A. Warshel,  C. F. Williams,  Q. Wu,  X. Xu,  W. Zhang

 Please cite Q-Chem as follows:
 Y. Shao et al., Mol. Phys. 113, 184-215 (2015)
 DOI: 10.1080/00268976.2014.952696

 Q-Chem 5.0.1 for Intel X86 EM64T Linux

 Parts of Q-Chem use Armadillo 5.200.1 (Boston Tea Smuggler).
 http://arma.sourceforge.net/

 Q-Chem begins on Tue Apr 17 00:50:51 2018  

Host: vega03.cac.cornell.edu
0

     Scratch files written to /scratch/jj585/vdw/01n00_distance_4.200_11.save//
 Parallel job on  1  processors

Checking the input file for inconsistencies... 	...done.

--------------------------------------------------------------
User input:
--------------------------------------------------------------
$molecule
0  1
--
0  1
C        -0.54444000        -0.68370000        -0.06689000
C        -0.55709000        +0.71878000        +0.05493000
C        -1.74320000        -1.41616000        -0.12552000
C        -2.93952000        -0.70056000        -0.05285000
C        -2.95313000        +0.68255000        +0.06934000
C        -1.77161000        +1.42404000        +0.12810000
H        -3.90354000        +1.20325000        +0.11710000
H        -3.87892000        -1.24211000        -0.08988000
C        -1.83960000        +2.92746000        +0.24839000
H        -1.24214000        +3.42352000        -0.52065000
H        -1.45503000        +3.26427000        +1.21284000
H        -2.87211000        +3.26623000        +0.14638000
H        -1.73878000        -2.44393000        -0.21875000
H        +0.35825000        -1.18166000        -0.11386000
H        +0.33551000        +1.23549000        +0.09097000
--
0  1
C        -0.68799000        -0.98399000        +4.11990000
C        -0.70064000        +0.41849000        +4.24172000
C        -1.88675000        -1.71645000        +4.06127000
C        -3.08307000        -1.00085000        +4.13394000
C        -3.09668000        +0.38226000        +4.25613000
C        -1.91516000        +1.12375000        +4.31489000
H        -4.04709000        +0.90296000        +4.30389000
H        -4.02247000        -1.54240000        +4.09691000
C        -1.98315000        +2.62717000        +4.43518000
H        -1.38569000        +3.12323000        +3.66614000
H        -1.59858000        +2.96398000        +5.39963000
H        -3.01566000        +2.96594000        +4.33317000
H        -1.88233000        -2.74422000        +3.96804000
H        +0.21470000        -1.48195000        +4.07293000
H        +0.19196000        +0.93520000        +4.27776000
$end

$rem
JOBTYPE                   SP
METHOD                    B3LYP
DFT_D                     d3_op
BASIS                     6-311++G(d,p)
SYMMETRY                  False
THRESH                    12
SCF_CONVERGENCE           8
MAX_SUB_FILE_NUM          128
MEM_STATIC                400
MEM_TOTAL                 4000
$end
--------------------------------------------------------------
 Adding empirical dispersion correction 
 ----------------------------------------------------------------
 Doing -D3(op) with
 s6 =   1.00000
 s8 =   0.78311
 a1 =   0.30000
 a2 =   4.25000
 n  =  10.00000
 -D3 energy without 3body term =     -0.0283968672 hartrees
 ----------------------------------------------------------------
             Standard Nuclear Orientation (Angstroms)
    I     Atom           X                Y                Z
 ----------------------------------------------------------------
    1      C       2.2028442135    -1.1879323110     1.1627645164
    2      C       2.1565827274     0.2188560044     1.1902744361
    3      C       2.1651054031    -1.8898753760    -0.0549433228
    4      C       2.0748269746    -1.1394363522    -1.2285006960
    5      C       2.0271036434     0.2480615206    -1.2024040102
    6      C       2.0643869857     0.9594904338    -0.0016840087
    7      H       1.9627438738     0.7959964180    -2.1363814424
    8      H       2.0381153251    -1.6566579931    -2.1815243119
    9      C       2.0224967615     2.4684523689    -0.0270435851
   10      H       2.8445911583     2.9068883518     0.5442629774
   11      H       1.0969094356     2.8452648703     0.4120455909
   12      H       2.0938053680     2.8290770605    -1.0547171556
   13      H       2.2027251133    -2.9208809521    -0.0801385937
   14      H       2.2653922674    -1.7118387256     2.0496858141
   15      H       2.1907285419     0.7124910636     2.0959130823
   16      C      -1.9961594401    -1.2625738240     1.2155674788
   17      C      -2.0424209262     0.1442144915     1.2430773985
   18      C      -2.0338982504    -1.9645168890    -0.0021403604
   19      C      -2.1241766790    -1.2140778651    -1.1756977336
   20      C      -2.1719000101     0.1734200076    -1.1496010477
   21      C      -2.1346166679     0.8848489208     0.0511189537
   22      H      -2.2362597798     0.7213549050    -2.0835784800
   23      H      -2.1608883284    -1.7312995060    -2.1287213494
   24      C      -2.1765068920     2.3938108559     0.0257593773
   25      H      -1.3544124952     2.8322468389     0.5970659399
   26      H      -3.1020942179     2.7706233574     0.4648485533
   27      H      -2.1051982855     2.7544355475    -1.0019141932
   28      H      -1.9962785402    -2.9955224651    -0.0273356313
   29      H      -1.9336113862    -1.7864802386     2.1024887765
   30      H      -2.0082751116     0.6378495506     2.1487160447
 ----------------------------------------------------------------
 Molecular Point Group                 C1    NOp =  1
 Largest Abelian Subgroup              C1    NOp =  1
 Nuclear Repulsion Energy =   811.0476419930 hartrees
 There are       50 alpha and       50 beta electrons
 Requested basis set is 6-311++G(d,p)
 There are 164 shells and 420 basis functions

 Total QAlloc Memory Limit   4000 MB
 Mega-Array Size       392 MB
 MEM_STATIC part       400 MB
 A cutoff of  1.0D-12 yielded  11284 shell pairs
 There are     75383 function pairs (     80351 Cartesian)
 
 -------------------------------------------------------
 OpenMP Integral Computing Module                       
 Release: version 1.0, May 2013, Q-Chem Inc. Pittsburgh 
 -------------------------------------------------------
 Integral Job Info:
 Integral job number is                      11
 Integral operator is                         1
 short-range coefficients                     0
 long-range coefficients              100000000
 Omega coefficients                           0
 if combine SR and LR in K                    0
 Integral screening is                        0
 Integral computing path is                   2
 max size of driver memory is            800000
 size of driver memory is                593474
 size of scratch memory is              2361544
 max col of scratch BK array               1296
 max len of scratch array in speh3          155
 max len of scratch index in speh4           18
 max int batch size is                      520
 min int batch size is                       52
 fixed nKL is                                52
 max L of basis functions is                  2
 order of int derivative is                   0
 number of shells is                        164
 number of basis is                         434
 number of cartesian basis is               434
 number of contracted shell pairs         11284
 number of primitive shell pairs          24690
 maxK2 (contraction) of shell pair           36
 max number of K2 of shell pair               1
 max number of CS2 of shell pair           2116
 max number of PS2 of shell pair           3516
 mem total for path MDJ                  130616
 -------------------------------------------------------
 Smallest overlap matrix eigenvalue = 2.80E-07
 Linear dependence detected in AO basis
 Number of orthogonalized atomic orbitals = 418
 Maximum deviation from orthogonality = 4.376E-11

 Scale SEOQF with 1.000000e-01/1.000000e-01/1.000000e-01

 Standard Electronic Orientation quadrupole field applied
 Nucleus-field energy     =     0.0000000215 hartrees
 Guess from superposition of atomic densities
 Warning:  Energy on first SCF cycle will be non-variational
 A restricted hybrid HF-DFT SCF calculation will be
 performed using Pulay DIIS extrapolation
 Exchange:     0.2000 Hartree-Fock + 0.0800 Slater + 0.7200 B88
 Correlation:  0.1900 VWN1RPA + 0.8100 LYP
 Using SG-1 standard quadrature grid
 Dispersion:   Grimme D3
 SCF converges when DIIS error is below 1.0E-08
 using 4 threads for integral computing
 -------------------------------------------------------
 OpenMP Integral computing Module                
 Release: version 1.0, May 2013, Q-Chem Inc. Pittsburgh 
 -------------------------------------------------------
 -------------------------------------------------------
 OpenMP BLAS3 based DFT computing Module                
 Release: version 1.0, May 2013, Q-Chem Inc. Pittsburgh 
 -------------------------------------------------------
 ---------------------------------------
  Cycle       Energy         DIIS Error
 ---------------------------------------
    1    -546.3091765068      3.10E-02
    2    -542.9922081137      3.49E-03
    3    -542.9326398711      3.87E-03
    4    -543.2875863965      3.25E-04
    5    -543.2892303538      1.59E-04
    6    -543.2896564813      6.99E-05
    7    -543.2897544318      2.76E-05
    8    -543.2897730618      2.56E-06
    9    -543.2897731766      1.45E-06
   10    -543.2897732222      4.50E-07
   11    -543.2897732268      1.22E-07
   12    -543.2897732271      4.11E-08
   13    -543.2897732271      9.47E-09 Convergence criterion met
 ---------------------------------------
 SCF time:  CPU 396.20 s  wall 99.37 s
 SCF   energy in the final basis set = -543.28977323
 Total energy in the final basis set = -543.28977323
 
 --------------------------------------------------------------
 
                    Orbital Energies (a.u.)
 --------------------------------------------------------------
 
 Alpha MOs
 -- Occupied --
-10.181 -10.181 -10.169 -10.169 -10.168 -10.168 -10.168 -10.167
-10.166 -10.166 -10.165 -10.165 -10.165 -10.165  -0.854  -0.853
 -0.773  -0.772  -0.743  -0.743  -0.689  -0.687  -0.607  -0.607
 -0.587  -0.586  -0.517  -0.517  -0.462  -0.461  -0.459  -0.458
 -0.428  -0.419  -0.419  -0.416  -0.415  -0.414  -0.388  -0.387
 -0.358  -0.348  -0.347  -0.346  -0.339  -0.338  -0.255  -0.248
 -0.245  -0.238
 -- Virtual --
 -0.020  -0.016  -0.010  -0.006  -0.003   0.000   0.005   0.010
  0.021   0.022   0.025   0.026   0.042   0.044   0.049   0.050
  0.058   0.065   0.067   0.072   0.076   0.080   0.088   0.096
  0.098   0.104   0.108   0.110   0.113   0.116   0.118   0.120
  0.122   0.124   0.126   0.130   0.132   0.133   0.135   0.139
  0.140   0.142   0.146   0.150   0.157   0.160   0.161   0.169
  0.170   0.172   0.174   0.175   0.179   0.181   0.183   0.185
  0.187   0.194   0.198   0.201   0.205   0.215   0.215   0.221
  0.226   0.239   0.244   0.247   0.253   0.256   0.263   0.266
  0.267   0.270   0.273   0.280   0.283   0.288   0.291   0.294
  0.297   0.304   0.305   0.307   0.314   0.315   0.320   0.323
  0.331   0.343   0.350   0.356   0.362   0.367   0.368   0.371
  0.376   0.379   0.381   0.386   0.398   0.401   0.469   0.480
  0.494   0.513   0.524   0.530   0.535   0.543   0.550   0.557
  0.559   0.565   0.567   0.569   0.590   0.593   0.601   0.604
  0.625   0.628   0.630   0.635   0.638   0.641   0.644   0.650
  0.653   0.659   0.666   0.668   0.673   0.686   0.690   0.701
  0.715   0.721   0.726   0.727   0.736   0.739   0.746   0.751
  0.752   0.771   0.783   0.790   0.797   0.801   0.813   0.821
  0.834   0.854   0.860   0.866   0.876   0.882   0.892   0.897
  0.905   0.910   0.921   0.924   0.938   0.939   0.951   0.960
  0.963   0.981   0.982   0.997   1.001   1.018   1.021   1.022
  1.036   1.043   1.075   1.082   1.091   1.096   1.118   1.129
  1.143   1.148   1.150   1.159   1.285   1.350   1.359   1.367
  1.398   1.410   1.418   1.455   1.464   1.481   1.488   1.497
  1.535   1.540   1.543   1.546   1.548   1.551   1.561   1.565
  1.575   1.590   1.613   1.619   1.625   1.635   1.638   1.640
  1.650   1.658   1.675   1.679   1.688   1.695   1.718   1.736
  1.755   1.765   1.786   1.794   1.802   1.820   1.822   1.837
  1.851   1.859   1.864   1.885   1.892   1.913   1.921   1.927
  1.937   1.941   1.948   1.950   1.953   1.962   1.985   1.991
  2.020   2.031   2.040   2.048   2.055   2.059   2.105   2.108
  2.114   2.135   2.192   2.219   2.243   2.246   2.255   2.262
  2.327   2.329   2.403   2.408   2.413   2.433   2.441   2.468
  2.474   2.494   2.503   2.506   2.516   2.547   2.558   2.561
  2.571   2.583   2.609   2.620   2.631   2.666   2.674   2.685
  2.690   2.699   2.700   2.703   2.730   2.738   2.751   2.757
  2.759   2.765   2.771   2.776   2.784   2.796   2.805   2.828
  2.840   2.859   2.873   2.888   2.900   2.914   2.918   2.935
  2.940   2.953   2.962   2.976   3.000   3.008   3.011   3.036
  3.082   3.134   3.153   3.172   3.213   3.247   3.338   3.381
  3.400   3.429   3.502   3.549   3.557   3.569   3.658   3.660
  3.723   3.736   3.790   3.802   3.861   3.871   4.039   4.040
  4.125   4.128   4.190   4.195   4.208   4.212   4.346   4.350
  4.841   4.845  23.667  23.698  23.944  23.948  24.008  24.009
 24.016  24.025  24.100  24.101  24.111  24.115  24.204  24.216
 --------------------------------------------------------------
 
          Ground-State Mulliken Net Atomic Charges

     Atom                 Charge (a.u.)
  ----------------------------------------
      1 C                    -0.216060
      2 C                    -0.273613
      3 C                    -0.256692
      4 C                    -0.261618
      5 C                    -0.254413
      6 C                     0.724471
      7 H                     0.153109
      8 H                     0.164834
      9 C                    -0.699220
     10 H                     0.147882
     11 H                     0.154180
     12 H                     0.142538
     13 H                     0.146310
     14 H                     0.157274
     15 H                     0.164723
     16 C                    -0.215942
     17 C                    -0.182483
     18 C                    -0.266084
     19 C                    -0.282315
     20 C                    -0.275399
     21 C                     0.651444
     22 H                     0.151474
     23 H                     0.170741
     24 C                    -0.657946
     25 H                     0.141807
     26 H                     0.158035
     27 H                     0.137944
     28 H                     0.143330
     29 H                     0.160578
     30 H                     0.171111
  ----------------------------------------
  Sum of atomic charges =     0.000000

 -----------------------------------------------------------------
                    Cartesian Multipole Moments
 -----------------------------------------------------------------
    Charge (ESU x 10^10)
                 0.0000
    Dipole Moment (Debye)
         X      -0.0270      Y       0.5951      Z       0.1163
       Tot       0.6069
    Quadrupole Moments (Debye-Ang)
        XX     -94.1257     XY      -0.5211     YY     -77.5174
        XZ       0.7033     YZ       0.0442     ZZ     -78.6403
    Octopole Moments (Debye-Ang^2)
       XXX      -1.4023    XXY      11.3982    XYY       1.1039
       YYY     -11.3593    XXZ       2.0920    XYZ      -0.5605
       YYZ       0.4796    XZZ       0.2862    YZZ      -1.5987
       ZZZ       0.1621
    Hexadecapole Moments (Debye-Ang^3)
      XXXX   -2600.3344   XXXY      -9.3811   XXYY    -589.8279
      XYYY      -1.3379   YYYY   -1248.3725   XXXZ       9.2743
      XXYZ       3.7571   XYYZ       1.4025   YYYZ       0.1703
      XXZZ    -487.4347   XYZZ       0.0808   YYZZ    -299.4827
      XZZZ       4.1799   YZZZ      -3.5871   ZZZZ    -580.9199
 -----------------------------------------------------------------
Archival summary:
1\1\vega03.cac.cornell.edu\SP\ProcedureUnspecified\BasisUnspecified\1416\jj585\TueApr1700:52:312018TueApr1700:52:312018\0\\#,ProcedureUnspecified,BasisUnspecified,\\0,1\C\C,1,1.39616\H,2,1.08475,1,118.991\C,2,1.38856,1,121.629,3,179.783,0\H,4,1.08495,2,119.453,1,179.671,0\C,4,1.3959,2,121.575,1,-0.129654,0\H,6,1.032,4,121.26,2,-179.84,0\C,6,1.40604,4,117.481,2,0.160349,0\H,8,1.032,6,119.504,4,179.742,0\C,1,1.40634,2,117.536,3,-179.6,0\H,10,1.032,1,119.607,2,179.72,0\C,1,1.50976,2,119.611,3,-0.341033,0\H,12,1.09144,1,110.135,2,-7.24194,0\H,12,1.09156,1,111.21,2,113.289,0\H,12,1.09291,1,111.796,2,-127.427,0\H,14,2.45833,12,150.925,1,-49.3559,0\C,16,1.09291,14,135.467,12,-11.5297,0\H,17,1.09144,16,108.09,14,-57.4075,0\H,17,1.09156,16,106.802,14,-174.177,0\C,17,1.50976,16,111.796,14,63.9679,0\C,20,1.39616,17,119.611,16,-127.427,0\H,21,1.08475,20,118.991,17,-0.341033,0\C,21,1.38856,20,121.629,17,179.442,0\H,23,1.08495,21,119.453,20,179.671,0\C,23,1.3959,21,121.575,20,-0.129654,0\H,25,1.032,23,121.26,21,-179.84,0\C,25,1.40604,23,117.481,21,0.160349,0\H,27,1.032,25,119.504,23,179.742,0\C,20,1.40634,17,122.848,16,51.7903,0\H,29,1.032,20,119.607,17,0.487832,0\\\@

 Total job time:  100.15s(wall), 398.46s(cpu) 
 Tue Apr 17 00:52:31 2018

        *************************************************************
        *                                                           *
        *  Thank you very much for using Q-Chem.  Have a nice day.  *
        *                                                           *
        *************************************************************


0 sent ACK to 0 
now end server 0 ... 
