mFile = /opt/software/qchem/qchem-5.0.1//bin/mpi/machines
Process 0 of 1 is on vega03.cac.cornell.edu - thread support 0
initial socket setup ...start
initial socket setup ...done 
now start server 0 ... 
vega03 10.84.3
Q-Chem Developer Version! Running on 10.84.3.*
                  Welcome to Q-Chem
     A Quantum Leap Into The Future Of Chemistry


 Q-Chem 5.0, Q-Chem, Inc., Pleasanton, CA (2017)

 Yihan Shao,  Zhengting Gan,  E. Epifanovsky,  A. T. B. Gilbert,  M. Wormit,  
 J. Kussmann,  A. W. Lange,  A. Behn,  Jia Deng,  Xintian Feng,  D. Ghosh,  
 M. Goldey,  P. R. Horn,  L. D. Jacobson,  I. Kaliman,  T. Kus,  A. Landau,  
 Jie Liu,  E. I. Proynov,  R. M. Richard,  R. P. Steele,  E. J. Sundstrom,  
 H. L. Woodcock III,  P. M. Zimmerman,  D. Zuev,  B. Albrecht,  E. Alguire,  
 S. A. Baeppler,  Z. Benda,  Y. A. Bernard,  E. J. Berquist,  K. B. Bravaya,  
 D. Casanova,  Chun-Min Chang,  Yunqing Chen,  A. Chien,  K. D. Closser,  
 M. P. Coons,  S. Dasgupta,  M. Diedenhofen,  Hainam Do,  R. G. Edgar,  
 Po-Tung Fang,  S. Fatehi,  Qingguo Feng,  Qinghui Ge,  A. Ghysels,  
 J. Gomes,  J. Gonthier,  A. Gunina,  M. W. D. Hanson-Heine,  
 P. H. P. Harbach,  A. W. Hauser,  J. E. Herr,  E. G. Hohenstein,  
 Z. C. Holden,  Kerwin Hui,  T.-C. Jagau,  Hyunjun Ji,  B. Kaduk,  
 K. Khistyaev,  Jaehoon Kim,  P. Klunzinger,  K. Koh,  D. Kosenkov,  
 T. Kowalczyk,  C. M. Krauter,  A. Kunitsa,  Ka Un Lao,  A. Laurent,  
 K. V. Lawler,  Joonho Lee,  D. Lefrancois,  S. Lehtola,  D. S. Levine,  
 Yi-Pei Li,  You-Sheng Lin,  Fenglai Liu,  E. Livshits,  A. Luenser,  
 P. Manohar,  E. Mansoor,  S. F. Manzer,  Shan-Ping Mao,  Yuezhi Mao,  
 N. Mardirossian,  A. V. Marenich,  L. A. Martinez-Martinez,  S. A. Maurer,  
 N. J. Mayhall,  S. C. McKenzie,  J.-M. Mewes,  A. F. Morrison,  K. Nanda,  
 T. S. Nguyen-Beck,  R. Olivares-Amaya,  J. A. Parkhill,  T. M. Perrine,  
 F. Plasser,  S. Prager,  A. Prociuk,  D. R. Rehn,  F. Rob,  M. Schneider,  
 N. Sergueev,  S. M. Sharada,  S. Sharma,  D. W. Small,  T. Stauch,  
 T. Stein,  Yu-Chuan Su,  A. J. W. Thom,  T. Tsuchimochi,  L. Vogt,  
 O. Vydrov,  M. A. Watson,  J. Wenzel,  M. de Wergifosse,  T. A. Wesolowski,  
 A. White,  J. Witte,  A. Yamada,  Jun Yang,  K. Yao,  S. Yeganeh,  
 S. R. Yost,  Zhi-Qiang You,  A. Zech,  Igor Ying Zhang,  Xing Zhang,  
 Yan Zhao,  Ying Zhu,  B. R. Brooks,  G. K. L. Chan,  C. J. Cramer,  
 M. S. Gordon,  W. J. Hehre,  A. Klamt,  M. W. Schmidt,  C. D. Sherrill,  
 D. G. Truhlar,  A. Aspuru-Guzik,  R. Baer,  A. T. Bell,  N. A. Besley,  
 Jeng-Da Chai,  A. Dreuw,  B. D. Dunietz,  T. R. Furlani,  Chao-Ping Hsu,  
 Yousung Jung,  Jing Kong,  D. S. Lambrecht,  WanZhen Liang,  C. Ochsenfeld,  
 V. A. Rassolov,  L. V. Slipchenko,  J. E. Subotnik,  T. Van Voorhis,  
 J. M. Herbert,  A. I. Krylov,  P. M. W. Gill,  M. Head-Gordon

 Contributors to earlier versions of Q-Chem not listed above: 
 R. D. Adamson,  B. Austin,  J. Baker,  G. J. O. Beran,  K. Brandhorst,  
 S. T. Brown,  E. F. C. Byrd,  A. K. Chakraborty,  C.-L. Cheng,  
 Siu Hung Chien,  D. M. Chipman,  D. L. Crittenden,  H. Dachsel,  
 R. A. DiStasio Jr.,  R. J. Doerksen,  A. D. Dutoi,  L. Fusti-Molnar,  
 W. A. Goddard III,  A. Golubeva-Zadorozhnaya,  S. R. Gwaltney,  G. Hawkins,  
 A. Heyden,  S. Hirata,  G. Kedziora,  F. J. Keil,  C. Kelley,  Jihan Kim,  
 R. A. King,  R. Z. Khaliullin,  P. P. Korambath,  W. Kurlancheek,  
 A. M. Lee,  M. S. Lee,  S. V. Levchenko,  Ching Yeh Lin,  D. Liotard,  
 R. C. Lochan,  I. Lotan,  P. E. Maslen,  N. Nair,  D. P. O'Neill,  
 D. Neuhauser,  E. Neuscamman,  C. M. Oana,  R. Olson,  B. Peters,  
 R. Peverati,  P. A. Pieniazek,  Y. M. Rhee,  J. Ritchie,  M. A. Rohrdanz,  
 E. Rosta,  N. J. Russ,  H. F. Schaefer III,  N. E. Schultz,  N. Shenvi,  
 A. C. Simmonett,  A. Sodt,  D. Stuck,  K. S. Thanthiriwatte,  V. Vanovschi,  
 Tao Wang,  A. Warshel,  C. F. Williams,  Q. Wu,  X. Xu,  W. Zhang

 Please cite Q-Chem as follows:
 Y. Shao et al., Mol. Phys. 113, 184-215 (2015)
 DOI: 10.1080/00268976.2014.952696

 Q-Chem 5.0.1 for Intel X86 EM64T Linux

 Parts of Q-Chem use Armadillo 5.200.1 (Boston Tea Smuggler).
 http://arma.sourceforge.net/

 Q-Chem begins on Tue Apr 17 01:03:42 2018  

Host: vega03.cac.cornell.edu
0

     Scratch files written to /scratch/jj585/vdw/01n10_distance_4.200_01.save//
 Parallel job on  1  processors

Checking the input file for inconsistencies... 	...done.

--------------------------------------------------------------
User input:
--------------------------------------------------------------
$molecule
0  1
C        -1.82443000        +0.01010000        +3.87269000
C        -1.83708000        +1.41258000        +3.99451000
C        -3.02319000        -0.72236000        +3.81406000
C        -4.21951000        -0.00676000        +3.88673000
C        -4.23312000        +1.37635000        +4.00892000
C        -3.05160000        +2.11784000        +4.06768000
H        -5.18353000        +1.89705000        +4.05668000
H        -5.15891000        -0.54831000        +3.84970000
C        -3.11959000        +3.62126000        +4.18797000
C        -3.06102000        -2.22846000        +3.69368000
H        -2.67751000        -2.55843000        +2.72635000
H        -4.08571000        -2.58795000        +3.80331000
H        -2.44957000        -2.71397000        +4.45884000
H        -2.52213000        +4.11732000        +3.41893000
H        -2.73502000        +3.95807000        +5.15242000
H        -4.15210000        +3.96003000        +4.08596000
H        -0.92174000        -0.48786000        +3.82572000
H        -0.94448000        +1.92929000        +4.03055000
@C        -0.54444000        -0.68370000        -0.06689000
@C        -0.55709000        +0.71878000        +0.05493000
@C        -1.74320000        -1.41616000        -0.12552000
@C        -2.93952000        -0.70056000        -0.05285000
@C        -2.95313000        +0.68255000        +0.06934000
@C        -1.77161000        +1.42404000        +0.12810000
@H        -3.90354000        +1.20325000        +0.11710000
@H        -3.87892000        -1.24211000        -0.08988000
@C        -1.83960000        +2.92746000        +0.24839000
@C        -1.78103000        -2.92226000        -0.24590000
@H        -1.39752000        -3.25223000        -1.21323000
@H        -2.80572000        -3.28175000        -0.13627000
@H        -1.16958000        -3.40777000        +0.51926000
@H        -1.24214000        +3.42352000        -0.52065000
@H        -1.45503000        +3.26427000        +1.21284000
@H        -2.87211000        +3.26623000        +0.14638000
@H        +0.35825000        -1.18166000        -0.11386000
@H        +0.33551000        +1.23549000        +0.09097000
$end

$rem
JOBTYPE                   SP
METHOD                    B3LYP
DFT_D                     d3_op
BASIS                     6-311++G(d,p)
SYMMETRY                  False
THRESH                    12
SCF_CONVERGENCE           8
MAX_SUB_FILE_NUM          128
MEM_STATIC                400
MEM_TOTAL                 4000
$end
--------------------------------------------------------------
 Adding empirical dispersion correction 
 ----------------------------------------------------------------
 Doing -D3(op) with
 s6 =   1.00000
 s8 =   0.78311
 a1 =   0.30000
 a2 =   4.25000
 n  =  10.00000
 -D3 energy without 3body term =     -0.0145338490 hartrees
 ----------------------------------------------------------------
             Standard Nuclear Orientation (Angstroms)
    I     Atom           X                Y                Z
 ----------------------------------------------------------------
    1      C      -1.8244300000     0.0101000000     3.8726900000
    2      C      -1.8370800000     1.4125800000     3.9945100000
    3      C      -3.0231900000    -0.7223600000     3.8140600000
    4      C      -4.2195100000    -0.0067600000     3.8867300000
    5      C      -4.2331200000     1.3763500000     4.0089200000
    6      C      -3.0516000000     2.1178400000     4.0676800000
    7      H      -5.1835300000     1.8970500000     4.0566800000
    8      H      -5.1589100000    -0.5483100000     3.8497000000
    9      C      -3.1195900000     3.6212600000     4.1879700000
   10      C      -3.0610200000    -2.2284600000     3.6936800000
   11      H      -2.6775100000    -2.5584300000     2.7263500000
   12      H      -4.0857100000    -2.5879500000     3.8033100000
   13      H      -2.4495700000    -2.7139700000     4.4588400000
   14      H      -2.5221300000     4.1173200000     3.4189300000
   15      H      -2.7350200000     3.9580700000     5.1524200000
   16      H      -4.1521000000     3.9600300000     4.0859600000
   17      H      -0.9217400000    -0.4878600000     3.8257200000
   18      H      -0.9444800000     1.9292900000     4.0305500000
   19      GH     -0.5444400000    -0.6837000000    -0.0668900000
   20      GH     -0.5570900000     0.7187800000     0.0549300000
   21      GH     -1.7432000000    -1.4161600000    -0.1255200000
   22      GH     -2.9395200000    -0.7005600000    -0.0528500000
   23      GH     -2.9531300000     0.6825500000     0.0693400000
   24      GH     -1.7716100000     1.4240400000     0.1281000000
   25      GH     -3.9035400000     1.2032500000     0.1171000000
   26      GH     -3.8789200000    -1.2421100000    -0.0898800000
   27      GH     -1.8396000000     2.9274600000     0.2483900000
   28      GH     -1.7810300000    -2.9222600000    -0.2459000000
   29      GH     -1.3975200000    -3.2522300000    -1.2132300000
   30      GH     -2.8057200000    -3.2817500000    -0.1362700000
   31      GH     -1.1695800000    -3.4077700000     0.5192600000
   32      GH     -1.2421400000     3.4235200000    -0.5206500000
   33      GH     -1.4550300000     3.2642700000     1.2128400000
   34      GH     -2.8721100000     3.2662300000     0.1463800000
   35      GH      0.3582500000    -1.1816600000    -0.1138600000
   36      GH      0.3355100000     1.2354900000     0.0909700000
 ----------------------------------------------------------------
 Nuclear Repulsion Energy =   339.8694378517 hartrees
 There are       29 alpha and       29 beta electrons
 Requested basis set is 6-311++G(d,p)
 There are 196 shells and 492 basis functions

 Total QAlloc Memory Limit   4000 MB
 Mega-Array Size       392 MB
 MEM_STATIC part       400 MB
 A cutoff of  1.0D-12 yielded  15769 shell pairs
 There are    100900 function pairs (    107311 Cartesian)
 
 -------------------------------------------------------
 OpenMP Integral Computing Module                       
 Release: version 1.0, May 2013, Q-Chem Inc. Pittsburgh 
 -------------------------------------------------------
 Integral Job Info:
 Integral job number is                      11
 Integral operator is                         1
 short-range coefficients                     0
 long-range coefficients              100000000
 Omega coefficients                           0
 if combine SR and LR in K                    0
 Integral screening is                        0
 Integral computing path is                   2
 max size of driver memory is            800000
 size of driver memory is                593474
 size of scratch memory is              2361544
 max col of scratch BK array               1296
 max len of scratch array in speh3          155
 max len of scratch index in speh4           18
 max int batch size is                      520
 min int batch size is                       52
 fixed nKL is                                52
 max L of basis functions is                  2
 order of int derivative is                   0
 number of shells is                        196
 number of basis is                         508
 number of cartesian basis is               508
 number of contracted shell pairs         15769
 number of primitive shell pairs          33688
 maxK2 (contraction) of shell pair           36
 max number of K2 of shell pair               1
 max number of CS2 of shell pair           3003
 max number of PS2 of shell pair           4944
 mem total for path MDJ                  168472
 -------------------------------------------------------
 Smallest overlap matrix eigenvalue = 4.34E-07
 Linear dependence detected in AO basis
 Number of orthogonalized atomic orbitals = 490
 Maximum deviation from orthogonality = 8.694E-11

 Scale SEOQF with 1.000000e-02/1.000000e-01/1.000000e-02

 Standard Electronic Orientation quadrupole field applied
 Nucleus-field energy     =     0.0000000095 hartrees
 Guess from superposition of atomic densities
 Warning:  Energy on first SCF cycle will be non-variational

 Q-Chem warning in module /opt/software/qchem/qchem-5.0.1/libgen/Atomic_PolEc.C, line 58:

 No atomic polarizability available.


 Q-Chem warning in module /opt/software/qchem/qchem-5.0.1/libgen/Atomic_PolEc.C, line 73:

 No atomic polarizability available.


 Q-Chem warning in module /opt/software/qchem/qchem-5.0.1/libgen/Atomic_PolEc.C, line 58:

 No atomic polarizability available.


 Q-Chem warning in module /opt/software/qchem/qchem-5.0.1/libgen/Atomic_PolEc.C, line 73:

 No atomic polarizability available.


 Q-Chem warning in module /opt/software/qchem/qchem-5.0.1/libgen/Atomic_PolEc.C, line 58:

 No atomic polarizability available.


 Q-Chem warning in module /opt/software/qchem/qchem-5.0.1/libgen/Atomic_PolEc.C, line 73:

 No atomic polarizability available.


 Q-Chem warning in module /opt/software/qchem/qchem-5.0.1/libgen/Atomic_PolEc.C, line 58:

 No atomic polarizability available.


 Q-Chem warning in module /opt/software/qchem/qchem-5.0.1/libgen/Atomic_PolEc.C, line 73:

 No atomic polarizability available.


 Q-Chem warning in module /opt/software/qchem/qchem-5.0.1/libgen/Atomic_PolEc.C, line 58:

 No atomic polarizability available.


 Q-Chem warning in module /opt/software/qchem/qchem-5.0.1/libgen/Atomic_PolEc.C, line 73:

 No atomic polarizability available.


 Q-Chem warning in module /opt/software/qchem/qchem-5.0.1/libgen/Atomic_PolEc.C, line 58:

 No atomic polarizability available.


 Q-Chem warning in module /opt/software/qchem/qchem-5.0.1/libgen/Atomic_PolEc.C, line 73:

 No atomic polarizability available.


 Q-Chem warning in module /opt/software/qchem/qchem-5.0.1/libgen/Atomic_PolEc.C, line 58:

 No atomic polarizability available.


 Q-Chem warning in module /opt/software/qchem/qchem-5.0.1/libgen/Atomic_PolEc.C, line 73:

 No atomic polarizability available.


 Q-Chem warning in module /opt/software/qchem/qchem-5.0.1/libgen/Atomic_PolEc.C, line 58:

 No atomic polarizability available.


 Q-Chem warning in module /opt/software/qchem/qchem-5.0.1/libgen/Atomic_PolEc.C, line 73:

 No atomic polarizability available.


 Q-Chem warning in module /opt/software/qchem/qchem-5.0.1/libgen/Atomic_PolEc.C, line 58:

 No atomic polarizability available.


 Q-Chem warning in module /opt/software/qchem/qchem-5.0.1/libgen/Atomic_PolEc.C, line 73:

 No atomic polarizability available.


 Q-Chem warning in module /opt/software/qchem/qchem-5.0.1/libgen/Atomic_PolEc.C, line 58:

 No atomic polarizability available.


 Q-Chem warning in module /opt/software/qchem/qchem-5.0.1/libgen/Atomic_PolEc.C, line 73:

 No atomic polarizability available.


 Q-Chem warning in module /opt/software/qchem/qchem-5.0.1/libgen/Atomic_PolEc.C, line 58:

 No atomic polarizability available.


 Q-Chem warning in module /opt/software/qchem/qchem-5.0.1/libgen/Atomic_PolEc.C, line 73:

 No atomic polarizability available.


 Q-Chem warning in module /opt/software/qchem/qchem-5.0.1/libgen/Atomic_PolEc.C, line 58:

 No atomic polarizability available.


 Q-Chem warning in module /opt/software/qchem/qchem-5.0.1/libgen/Atomic_PolEc.C, line 73:

 No atomic polarizability available.


 Q-Chem warning in module /opt/software/qchem/qchem-5.0.1/libgen/Atomic_PolEc.C, line 58:

 No atomic polarizability available.


 Q-Chem warning in module /opt/software/qchem/qchem-5.0.1/libgen/Atomic_PolEc.C, line 73:

 No atomic polarizability available.


 Q-Chem warning in module /opt/software/qchem/qchem-5.0.1/libgen/Atomic_PolEc.C, line 58:

 No atomic polarizability available.


 Q-Chem warning in module /opt/software/qchem/qchem-5.0.1/libgen/Atomic_PolEc.C, line 73:

 No atomic polarizability available.


 Q-Chem warning in module /opt/software/qchem/qchem-5.0.1/libgen/Atomic_PolEc.C, line 58:

 No atomic polarizability available.


 Q-Chem warning in module /opt/software/qchem/qchem-5.0.1/libgen/Atomic_PolEc.C, line 73:

 No atomic polarizability available.


 Q-Chem warning in module /opt/software/qchem/qchem-5.0.1/libgen/Atomic_PolEc.C, line 58:

 No atomic polarizability available.


 Q-Chem warning in module /opt/software/qchem/qchem-5.0.1/libgen/Atomic_PolEc.C, line 73:

 No atomic polarizability available.


 Q-Chem warning in module /opt/software/qchem/qchem-5.0.1/libgen/Atomic_PolEc.C, line 58:

 No atomic polarizability available.


 Q-Chem warning in module /opt/software/qchem/qchem-5.0.1/libgen/Atomic_PolEc.C, line 73:

 No atomic polarizability available.


 Q-Chem warning in module /opt/software/qchem/qchem-5.0.1/libgen/Atomic_PolEc.C, line 58:

 No atomic polarizability available.


 Q-Chem warning in module /opt/software/qchem/qchem-5.0.1/libgen/Atomic_PolEc.C, line 73:

 No atomic polarizability available.

 A restricted hybrid HF-DFT SCF calculation will be
 performed using Pulay DIIS extrapolation
 Exchange:     0.2000 Hartree-Fock + 0.0800 Slater + 0.7200 B88
 Correlation:  0.1900 VWN1RPA + 0.8100 LYP
 Using SG-1 standard quadrature grid
 Dispersion:   Grimme D3
 SCF converges when DIIS error is below 1.0E-08
 using 4 threads for integral computing
 -------------------------------------------------------
 OpenMP Integral computing Module                
 Release: version 1.0, May 2013, Q-Chem Inc. Pittsburgh 
 -------------------------------------------------------
 -------------------------------------------------------
 OpenMP BLAS3 based DFT computing Module                
 Release: version 1.0, May 2013, Q-Chem Inc. Pittsburgh 
 -------------------------------------------------------
 ---------------------------------------
  Cycle       Energy         DIIS Error
 ---------------------------------------
    1    -312.6526311603      2.00E-02
    2    -310.7987199856      2.30E-03
    3    -310.7761391950      2.45E-03
    4    -310.9750933747      1.81E-04
    5    -310.9757280504      1.10E-04
    6    -310.9760565480      2.43E-05
    7    -310.9760687039      1.35E-05
    8    -310.9760747370      1.71E-06
    9    -310.9760748095      8.52E-07
   10    -310.9760748311      9.67E-08
   11    -310.9760748314      1.13E-08
   12    -310.9760748314      9.83E-09 Convergence criterion met
 ---------------------------------------
 SCF time:  CPU 599.07 s  wall 150.39 s
 SCF   energy in the final basis set = -310.97607483
 Total energy in the final basis set = -310.97607483
 
 --------------------------------------------------------------
 
                    Orbital Energies (a.u.)
 --------------------------------------------------------------
 
 Alpha MOs
 -- Occupied --
-10.180 -10.180 -10.168 -10.168 -10.168 -10.167 -10.167 -10.167
 -0.858  -0.787  -0.745  -0.721  -0.658  -0.612  -0.577  -0.496
 -0.472  -0.460  -0.424  -0.421  -0.417  -0.404  -0.397  -0.376
 -0.345  -0.342  -0.339  -0.252  -0.236
 -- Virtual --
 -0.015  -0.011  -0.008   0.001   0.009   0.021   0.021   0.028
  0.031   0.038   0.045   0.049   0.053   0.054   0.059   0.062
  0.063   0.073   0.077   0.082   0.083   0.089   0.094   0.097
  0.100   0.101   0.107   0.113   0.113   0.117   0.120   0.123
  0.128   0.132   0.133   0.137   0.140   0.142   0.144   0.145
  0.150   0.153   0.155   0.159   0.161   0.166   0.169   0.173
  0.175   0.177   0.182   0.183   0.186   0.189   0.191   0.198
  0.200   0.203   0.208   0.213   0.214   0.218   0.223   0.226
  0.231   0.235   0.240   0.241   0.243   0.245   0.249   0.251
  0.254   0.258   0.261   0.268   0.271   0.275   0.280   0.283
  0.286   0.289   0.293   0.299   0.301   0.305   0.308   0.313
  0.315   0.317   0.325   0.333   0.337   0.345   0.348   0.359
  0.364   0.368   0.374   0.381   0.385   0.388   0.397   0.404
  0.409   0.422   0.429   0.431   0.440   0.453   0.454   0.456
  0.466   0.480   0.488   0.490   0.503   0.510   0.514   0.517
  0.522   0.534   0.543   0.552   0.557   0.562   0.575   0.577
  0.583   0.591   0.601   0.603   0.609   0.614   0.618   0.624
  0.634   0.642   0.644   0.651   0.652   0.664   0.673   0.675
  0.686   0.687   0.701   0.703   0.708   0.713   0.720   0.729
  0.734   0.741   0.745   0.756   0.766   0.773   0.784   0.788
  0.797   0.800   0.811   0.818   0.827   0.839   0.849   0.865
  0.891   0.902   0.913   0.915   0.926   0.937   0.951   0.954
  0.958   0.971   0.972   0.999   1.004   1.008   1.019   1.027
  1.036   1.041   1.050   1.057   1.089   1.104   1.109   1.113
  1.128   1.136   1.157   1.162   1.195   1.210   1.221   1.248
  1.251   1.324   1.340   1.347   1.373   1.374   1.419   1.429
  1.437   1.446   1.463   1.475   1.483   1.493   1.501   1.510
  1.514   1.527   1.536   1.547   1.558   1.564   1.580   1.582
  1.587   1.594   1.614   1.617   1.622   1.636   1.650   1.653
  1.657   1.677   1.697   1.706   1.711   1.721   1.724   1.732
  1.742   1.748   1.759   1.761   1.771   1.787   1.799   1.810
  1.812   1.829   1.833   1.838   1.841   1.851   1.854   1.866
  1.877   1.888   1.902   1.908   1.914   1.921   1.934   1.946
  1.951   1.957   1.963   1.983   1.994   2.002   2.005   2.034
  2.043   2.051   2.060   2.074   2.085   2.095   2.102   2.103
  2.111   2.138   2.143   2.158   2.169   2.191   2.200   2.229
  2.244   2.275   2.303   2.311   2.311   2.317   2.324   2.335
  2.337   2.398   2.400   2.412   2.426   2.430   2.434   2.441
  2.453   2.458   2.472   2.494   2.498   2.504   2.520   2.526
  2.552   2.561   2.568   2.575   2.576   2.586   2.601   2.606
  2.616   2.629   2.653   2.664   2.665   2.675   2.684   2.698
  2.742   2.760   2.774   2.778   2.790   2.793   2.813   2.815
  2.820   2.844   2.845   2.853   2.902   2.915   2.920   2.924
  2.954   2.962   2.962   2.972   2.975   2.998   3.001   3.017
  3.039   3.072   3.075   3.093   3.117   3.128   3.179   3.188
  3.196   3.235   3.248   3.300   3.301   3.341   3.366   3.379
  3.396   3.401   3.440   3.456   3.471   3.488   3.513   3.532
  3.544   3.563   3.584   3.604   3.614   3.625   3.640   3.671
  3.691   3.719   3.733   3.754   3.797   3.802   3.856   3.879
  3.979   4.040   4.052   4.090   4.195   4.221   4.295   4.297
  4.385   4.647   4.689   4.836   4.848   4.852   4.860   4.882
  4.911   4.946   5.011   5.192   5.542   7.096   7.161   7.180
  7.231   7.249   7.375   7.596   7.649   7.718   7.761   7.765
  7.780   7.785   7.795   7.852   7.862   7.881   7.903   7.988
  8.062   8.155   8.388   8.530   8.927   9.722   9.986   9.999
 10.189  10.216  10.242  10.252  10.312  23.672  23.940  23.956
 24.013  24.030  24.087  24.117  24.199  69.862  69.959  70.007
 70.064  70.091  70.106  70.160  70.193
 --------------------------------------------------------------
 
          Ground-State Mulliken Net Atomic Charges

     Atom                 Charge (a.u.)
  ----------------------------------------
      1 C                    -0.401853
      2 C                    -0.207594
      3 C                     0.583846
      4 C                    -0.369805
      5 C                    -0.502836
      6 C                     0.568305
      7 H                     0.153772
      8 H                     0.163144
      9 C                    -0.629447
     10 C                    -0.633502
     11 H                     0.195273
     12 H                     0.136128
     13 H                     0.151295
     14 H                     0.159161
     15 H                     0.163971
     16 H                     0.138633
     17 H                     0.160401
     18 H                     0.164969
     19 GH                   -0.081471
     20 GH                   -0.007857
     21 GH                   -0.047796
     22 GH                    0.030964
     23 GH                    0.004639
     24 GH                    0.130913
     25 GH                   -0.010580
     26 GH                    0.006068
     27 GH                   -0.016389
     28 GH                    0.001877
     29 GH                   -0.000064
     30 GH                   -0.004339
     31 GH                    0.004563
     32 GH                   -0.001277
     33 GH                   -0.005902
     34 GH                    0.005738
     35 GH                   -0.004800
     36 GH                    0.001852
  ----------------------------------------
  Sum of atomic charges =     0.000000

 -----------------------------------------------------------------
                    Cartesian Multipole Moments
 -----------------------------------------------------------------
    Charge (ESU x 10^10)
                 0.0000
    Dipole Moment (Debye)
         X       0.0941      Y       0.0031      Z      -0.0141
       Tot       0.0952
    Quadrupole Moments (Debye-Ang)
        XX     -46.5854     XY       0.0548     YY     -44.7624
        XZ       0.3699     YZ       0.6697     ZZ     -52.7709
    Octopole Moments (Debye-Ang^2)
       XXX     423.7673    XXY     -32.4415    XYY     137.3703
       YYY     -93.7001    XXZ    -183.4582    XYZ      -1.7648
       YYZ    -175.4509    XZZ     163.3478    YZZ     -31.4797
       ZZZ    -623.1637
    Hexadecapole Moments (Debye-Ang^3)
      XXXX   -2887.1412   XXXY     298.9324   XXYY    -671.1483
      XYYY     291.5424   YYYY   -1232.1354   XXXZ    1670.2549
      XXYZ    -136.4813   XYYZ     538.9083   YYYZ    -412.7259
      XXZZ   -1295.7333   XYZZ      99.2537   YYZZ    -910.0936
      XZZZ    1920.9302   YZZZ    -445.0297   ZZZZ   -4993.0333
 -----------------------------------------------------------------
Archival summary:
1\1\vega03.cac.cornell.edu\SP\ProcedureUnspecified\BasisUnspecified\810h18\jj585\TueApr1701:06:132018TueApr1701:06:132018\0\\#,ProcedureUnspecified,BasisUnspecified,\\0,1\C\C,1,1.39616\H,2,1.08475,1,118.991\C,2,1.38856,1,121.629,3,179.783,0\H,4,1.08495,2,119.453,1,179.671,0\C,4,1.3959,2,121.575,1,-0.129654,0\C,6,1.40604,4,117.481,2,0.160349,0\H,7,1.032,6,119.504,4,179.742,0\C,1,1.40634,2,117.536,3,-179.6,0\H,9,1.032,1,119.607,2,179.72,0\C,1,1.50976,2,119.611,3,-0.341033,0\H,11,1.09144,1,110.135,2,-7.24194,0\H,11,1.09156,1,111.21,2,113.289,0\H,11,1.09291,1,111.796,2,-127.427,0\C,6,1.51138,4,119.574,2,179.468,0\H,15,1.09144,6,110.104,4,-7.00566,0\H,15,1.09164,6,111.284,4,113.49,0\H,15,1.09319,6,111.89,4,-127.081,0\Gh,14,2.59485,11,132.364,1,14.6283,0\Gh,19,1.09156,14,135.051,11,68.9113,0\Gh,20,1.09144,19,108.669,14,17.5497,0\Gh,20,1.09291,19,106.802,14,133.934,0\Gh,20,1.50976,19,111.21,14,-103.842,0\Gh,23,1.39616,20,119.611,19,113.289,0\Gh,24,1.08475,23,118.991,20,-0.341033,0\Gh,24,1.38856,23,121.629,20,179.442,0\Gh,26,1.08495,24,119.453,23,179.671,0\Gh,26,1.3959,24,121.575,23,-0.129654,0\Gh,28,1.40604,26,117.481,24,0.160349,0\Gh,29,1.032,28,119.504,26,179.742,0\Gh,23,1.40634,20,122.848,19,-67.4939,0\Gh,31,1.032,23,119.607,20,0.487832,0\Gh,28,1.51138,26,119.574,24,179.468,0\Gh,33,1.09144,28,110.104,26,-7.00566,0\Gh,33,1.09164,28,111.284,26,113.49,0\Gh,33,1.09319,28,111.89,26,-127.081,0\\\@

 Total job time:  151.25s(wall), 601.58s(cpu) 
 Tue Apr 17 01:06:13 2018

        *************************************************************
        *                                                           *
        *  Thank you very much for using Q-Chem.  Have a nice day.  *
        *                                                           *
        *************************************************************


0 sent ACK to 0 
now end server 0 ... 
