mFile = /opt/software/qchem/qchem-5.0.1//bin/mpi/machines
Process 0 of 1 is on vega03.cac.cornell.edu - thread support 0
initial socket setup ...start
initial socket setup ...done 
now start server 0 ... 
vega03 10.84.3
Q-Chem Developer Version! Running on 10.84.3.*
                  Welcome to Q-Chem
     A Quantum Leap Into The Future Of Chemistry


 Q-Chem 5.0, Q-Chem, Inc., Pleasanton, CA (2017)

 Yihan Shao,  Zhengting Gan,  E. Epifanovsky,  A. T. B. Gilbert,  M. Wormit,  
 J. Kussmann,  A. W. Lange,  A. Behn,  Jia Deng,  Xintian Feng,  D. Ghosh,  
 M. Goldey,  P. R. Horn,  L. D. Jacobson,  I. Kaliman,  T. Kus,  A. Landau,  
 Jie Liu,  E. I. Proynov,  R. M. Richard,  R. P. Steele,  E. J. Sundstrom,  
 H. L. Woodcock III,  P. M. Zimmerman,  D. Zuev,  B. Albrecht,  E. Alguire,  
 S. A. Baeppler,  Z. Benda,  Y. A. Bernard,  E. J. Berquist,  K. B. Bravaya,  
 D. Casanova,  Chun-Min Chang,  Yunqing Chen,  A. Chien,  K. D. Closser,  
 M. P. Coons,  S. Dasgupta,  M. Diedenhofen,  Hainam Do,  R. G. Edgar,  
 Po-Tung Fang,  S. Fatehi,  Qingguo Feng,  Qinghui Ge,  A. Ghysels,  
 J. Gomes,  J. Gonthier,  A. Gunina,  M. W. D. Hanson-Heine,  
 P. H. P. Harbach,  A. W. Hauser,  J. E. Herr,  E. G. Hohenstein,  
 Z. C. Holden,  Kerwin Hui,  T.-C. Jagau,  Hyunjun Ji,  B. Kaduk,  
 K. Khistyaev,  Jaehoon Kim,  P. Klunzinger,  K. Koh,  D. Kosenkov,  
 T. Kowalczyk,  C. M. Krauter,  A. Kunitsa,  Ka Un Lao,  A. Laurent,  
 K. V. Lawler,  Joonho Lee,  D. Lefrancois,  S. Lehtola,  D. S. Levine,  
 Yi-Pei Li,  You-Sheng Lin,  Fenglai Liu,  E. Livshits,  A. Luenser,  
 P. Manohar,  E. Mansoor,  S. F. Manzer,  Shan-Ping Mao,  Yuezhi Mao,  
 N. Mardirossian,  A. V. Marenich,  L. A. Martinez-Martinez,  S. A. Maurer,  
 N. J. Mayhall,  S. C. McKenzie,  J.-M. Mewes,  A. F. Morrison,  K. Nanda,  
 T. S. Nguyen-Beck,  R. Olivares-Amaya,  J. A. Parkhill,  T. M. Perrine,  
 F. Plasser,  S. Prager,  A. Prociuk,  D. R. Rehn,  F. Rob,  M. Schneider,  
 N. Sergueev,  S. M. Sharada,  S. Sharma,  D. W. Small,  T. Stauch,  
 T. Stein,  Yu-Chuan Su,  A. J. W. Thom,  T. Tsuchimochi,  L. Vogt,  
 O. Vydrov,  M. A. Watson,  J. Wenzel,  M. de Wergifosse,  T. A. Wesolowski,  
 A. White,  J. Witte,  A. Yamada,  Jun Yang,  K. Yao,  S. Yeganeh,  
 S. R. Yost,  Zhi-Qiang You,  A. Zech,  Igor Ying Zhang,  Xing Zhang,  
 Yan Zhao,  Ying Zhu,  B. R. Brooks,  G. K. L. Chan,  C. J. Cramer,  
 M. S. Gordon,  W. J. Hehre,  A. Klamt,  M. W. Schmidt,  C. D. Sherrill,  
 D. G. Truhlar,  A. Aspuru-Guzik,  R. Baer,  A. T. Bell,  N. A. Besley,  
 Jeng-Da Chai,  A. Dreuw,  B. D. Dunietz,  T. R. Furlani,  Chao-Ping Hsu,  
 Yousung Jung,  Jing Kong,  D. S. Lambrecht,  WanZhen Liang,  C. Ochsenfeld,  
 V. A. Rassolov,  L. V. Slipchenko,  J. E. Subotnik,  T. Van Voorhis,  
 J. M. Herbert,  A. I. Krylov,  P. M. W. Gill,  M. Head-Gordon

 Contributors to earlier versions of Q-Chem not listed above: 
 R. D. Adamson,  B. Austin,  J. Baker,  G. J. O. Beran,  K. Brandhorst,  
 S. T. Brown,  E. F. C. Byrd,  A. K. Chakraborty,  C.-L. Cheng,  
 Siu Hung Chien,  D. M. Chipman,  D. L. Crittenden,  H. Dachsel,  
 R. A. DiStasio Jr.,  R. J. Doerksen,  A. D. Dutoi,  L. Fusti-Molnar,  
 W. A. Goddard III,  A. Golubeva-Zadorozhnaya,  S. R. Gwaltney,  G. Hawkins,  
 A. Heyden,  S. Hirata,  G. Kedziora,  F. J. Keil,  C. Kelley,  Jihan Kim,  
 R. A. King,  R. Z. Khaliullin,  P. P. Korambath,  W. Kurlancheek,  
 A. M. Lee,  M. S. Lee,  S. V. Levchenko,  Ching Yeh Lin,  D. Liotard,  
 R. C. Lochan,  I. Lotan,  P. E. Maslen,  N. Nair,  D. P. O'Neill,  
 D. Neuhauser,  E. Neuscamman,  C. M. Oana,  R. Olson,  B. Peters,  
 R. Peverati,  P. A. Pieniazek,  Y. M. Rhee,  J. Ritchie,  M. A. Rohrdanz,  
 E. Rosta,  N. J. Russ,  H. F. Schaefer III,  N. E. Schultz,  N. Shenvi,  
 A. C. Simmonett,  A. Sodt,  D. Stuck,  K. S. Thanthiriwatte,  V. Vanovschi,  
 Tao Wang,  A. Warshel,  C. F. Williams,  Q. Wu,  X. Xu,  W. Zhang

 Please cite Q-Chem as follows:
 Y. Shao et al., Mol. Phys. 113, 184-215 (2015)
 DOI: 10.1080/00268976.2014.952696

 Q-Chem 5.0.1 for Intel X86 EM64T Linux

 Parts of Q-Chem use Armadillo 5.200.1 (Boston Tea Smuggler).
 http://arma.sourceforge.net/

 Q-Chem begins on Mon Apr  2 10:35:14 2018  

Host: vega03.cac.cornell.edu
0

     Scratch files written to /scratch/jj585/vdw/1111_distance_5.200_10.save//
 Parallel job on  1  processors

Checking the input file for inconsistencies... 	...done.

--------------------------------------------------------------
User input:
--------------------------------------------------------------
$molecule
0  1
C        +0.22270000        +1.04488000        +0.58595000
C        +0.62626000        -0.41353000        +0.99871000
C        -1.18200000        +1.23223000        +0.04377000
C        -0.37457000        -1.51643000        +0.72333000
O        -2.09172000        +0.78832000        +0.93966000
O        -1.47336000        +1.75939000        -0.99882000
O        -0.91364000        -1.42792000        -0.50620000
O        -0.62208000        -2.40877000        +1.49911000
C        -1.86134000        -2.44741000        -0.86560000
C        -3.47068000        +0.87492000        +0.53920000
C        +1.33008000        +1.39974000        -0.43491000
C        +2.63070000        +1.71700000        +0.32855000
C        +3.04336000        +0.29351000        +0.80300000
C        +1.94423000        -0.59299000        +0.15262000
O        +1.62840000        +0.13663000        -1.04376000
H        +0.27811000        +1.68786000        +1.46900000
H        +0.83923000        -0.48042000        +2.06408000
H        -2.68749000        -2.46677000        -0.15296000
H        -3.76076000        +1.91522000        +0.38406000
H        +3.37234000        +2.13782000        -0.35195000
H        +2.48236000        +2.42488000        +1.14651000
H        +4.02182000        +0.00994000        +0.41161000
H        +3.07359000        +0.18738000        +1.88928000
H        -2.21148000        -2.17765000        -1.85937000
H        -1.38062000        -3.42697000        -0.88096000
H        -4.03855000        +0.43623000        +1.35671000
H        -3.63120000        +0.31700000        -0.38495000
C        +0.90028000        +2.39077000        -1.49430000
C        +2.35450000        -2.01267000        -0.16812000
H        +3.26311000        -2.00678000        -0.77366000
H        +2.54990000        -2.57059000        +0.75079000
H        +1.57335000        -2.52896000        -0.72872000
H        +1.71845000        +2.58186000        -2.15686000
H        +0.59919000        +3.30478000        -1.02650000
H        +0.07925000        +1.98653000        -2.04874000
@C        +0.24983000        +2.58143000        +5.55367000
@C        +0.65339000        +1.12302000        +5.96643000
@C        -1.15487000        +2.76878000        +5.01149000
@C        -0.34744000        +0.02012000        +5.69105000
@O        -2.06459000        +2.32487000        +5.90738000
@O        -1.44623000        +3.29594000        +3.96890000
@O        -0.88651000        +0.10863000        +4.46152000
@O        -0.59495000        -0.87222000        +6.46683000
@C        -1.83421000        -0.91086000        +4.10212000
@C        -3.44355000        +2.41147000        +5.50692000
@C        +1.35721000        +2.93629000        +4.53281000
@C        +2.65783000        +3.25355000        +5.29627000
@C        +3.07049000        +1.83006000        +5.77072000
@C        +1.97136000        +0.94356000        +5.12034000
@O        +1.65553000        +1.67318000        +3.92396000
@H        +0.30524000        +3.22441000        +6.43672000
@H        +0.86636000        +1.05613000        +7.03180000
@H        -2.66036000        -0.93022000        +4.81476000
@H        -3.73363000        +3.45177000        +5.35178000
@H        +3.39947000        +3.67437000        +4.61577000
@H        +2.50949000        +3.96143000        +6.11423000
@H        +4.04895000        +1.54649000        +5.37933000
@H        +3.10072000        +1.72393000        +6.85700000
@H        -2.18435000        -0.64110000        +3.10835000
@H        -1.35349000        -1.89042000        +4.08676000
@H        -4.01142000        +1.97278000        +6.32443000
@H        -3.60407000        +1.85355000        +4.58277000
@C        +0.92741000        +3.92732000        +3.47342000
@C        +2.38163000        -0.47612000        +4.79960000
@H        +3.29024000        -0.47023000        +4.19406000
@H        +2.57703000        -1.03404000        +5.71851000
@H        +1.60048000        -0.99241000        +4.23900000
@H        +1.74558000        +4.11841000        +2.81086000
@H        +0.62632000        +4.84133000        +3.94122000
@H        +0.10638000        +3.52308000        +2.91898000
$end

$rem
JOBTYPE                   SP
METHOD                    B3LYP
DFT_D                     d3_op
BASIS                     6-311++G(d,p)
SYMMETRY                  False
THRESH                    12
SCF_CONVERGENCE           8
MAX_SUB_FILE_NUM          128
MEM_STATIC                400
MEM_TOTAL                 4000
$end
--------------------------------------------------------------
 Adding empirical dispersion correction 
 ----------------------------------------------------------------
 Doing -D3(op) with
 s6 =   1.00000
 s8 =   0.78311
 a1 =   0.30000
 a2 =   4.25000
 n  =  10.00000
 -D3 energy without 3body term =     -0.0426125932 hartrees
 ----------------------------------------------------------------
             Standard Nuclear Orientation (Angstroms)
    I     Atom           X                Y                Z
 ----------------------------------------------------------------
    1      C       0.2227000000     1.0448800000     0.5859500000
    2      C       0.6262600000    -0.4135300000     0.9987100000
    3      C      -1.1820000000     1.2322300000     0.0437700000
    4      C      -0.3745700000    -1.5164300000     0.7233300000
    5      O      -2.0917200000     0.7883200000     0.9396600000
    6      O      -1.4733600000     1.7593900000    -0.9988200000
    7      O      -0.9136400000    -1.4279200000    -0.5062000000
    8      O      -0.6220800000    -2.4087700000     1.4991100000
    9      C      -1.8613400000    -2.4474100000    -0.8656000000
   10      C      -3.4706800000     0.8749200000     0.5392000000
   11      C       1.3300800000     1.3997400000    -0.4349100000
   12      C       2.6307000000     1.7170000000     0.3285500000
   13      C       3.0433600000     0.2935100000     0.8030000000
   14      C       1.9442300000    -0.5929900000     0.1526200000
   15      O       1.6284000000     0.1366300000    -1.0437600000
   16      H       0.2781100000     1.6878600000     1.4690000000
   17      H       0.8392300000    -0.4804200000     2.0640800000
   18      H      -2.6874900000    -2.4667700000    -0.1529600000
   19      H      -3.7607600000     1.9152200000     0.3840600000
   20      H       3.3723400000     2.1378200000    -0.3519500000
   21      H       2.4823600000     2.4248800000     1.1465100000
   22      H       4.0218200000     0.0099400000     0.4116100000
   23      H       3.0735900000     0.1873800000     1.8892800000
   24      H      -2.2114800000    -2.1776500000    -1.8593700000
   25      H      -1.3806200000    -3.4269700000    -0.8809600000
   26      H      -4.0385500000     0.4362300000     1.3567100000
   27      H      -3.6312000000     0.3170000000    -0.3849500000
   28      C       0.9002800000     2.3907700000    -1.4943000000
   29      C       2.3545000000    -2.0126700000    -0.1681200000
   30      H       3.2631100000    -2.0067800000    -0.7736600000
   31      H       2.5499000000    -2.5705900000     0.7507900000
   32      H       1.5733500000    -2.5289600000    -0.7287200000
   33      H       1.7184500000     2.5818600000    -2.1568600000
   34      H       0.5991900000     3.3047800000    -1.0265000000
   35      H       0.0792500000     1.9865300000    -2.0487400000
   36      GH      0.2498300000     2.5814300000     5.5536700000
   37      GH      0.6533900000     1.1230200000     5.9664300000
   38      GH     -1.1548700000     2.7687800000     5.0114900000
   39      GH     -0.3474400000     0.0201200000     5.6910500000
   40      GH     -2.0645900000     2.3248700000     5.9073800000
   41      GH     -1.4462300000     3.2959400000     3.9689000000
   42      GH     -0.8865100000     0.1086300000     4.4615200000
   43      GH     -0.5949500000    -0.8722200000     6.4668300000
   44      GH     -1.8342100000    -0.9108600000     4.1021200000
   45      GH     -3.4435500000     2.4114700000     5.5069200000
   46      GH      1.3572100000     2.9362900000     4.5328100000
   47      GH      2.6578300000     3.2535500000     5.2962700000
   48      GH      3.0704900000     1.8300600000     5.7707200000
   49      GH      1.9713600000     0.9435600000     5.1203400000
   50      GH      1.6555300000     1.6731800000     3.9239600000
   51      GH      0.3052400000     3.2244100000     6.4367200000
   52      GH      0.8663600000     1.0561300000     7.0318000000
   53      GH     -2.6603600000    -0.9302200000     4.8147600000
   54      GH     -3.7336300000     3.4517700000     5.3517800000
   55      GH      3.3994700000     3.6743700000     4.6157700000
   56      GH      2.5094900000     3.9614300000     6.1142300000
   57      GH      4.0489500000     1.5464900000     5.3793300000
   58      GH      3.1007200000     1.7239300000     6.8570000000
   59      GH     -2.1843500000    -0.6411000000     3.1083500000
   60      GH     -1.3534900000    -1.8904200000     4.0867600000
   61      GH     -4.0114200000     1.9727800000     6.3244300000
   62      GH     -3.6040700000     1.8535500000     4.5827700000
   63      GH      0.9274100000     3.9273200000     3.4734200000
   64      GH      2.3816300000    -0.4761200000     4.7996000000
   65      GH      3.2902400000    -0.4702300000     4.1940600000
   66      GH      2.5770300000    -1.0340400000     5.7185100000
   67      GH      1.6004800000    -0.9924100000     4.2390000000
   68      GH      1.7455800000     4.1184100000     2.8108600000
   69      GH      0.6263200000     4.8413300000     3.9412200000
   70      GH      0.1063800000     3.5230800000     2.9189800000
 ----------------------------------------------------------------
 Nuclear Repulsion Energy =  1416.9633948670 hartrees
 There are       65 alpha and       65 beta electrons
 Requested basis set is 6-311++G(d,p)
 There are 384 shells and 1000 basis functions

 Total QAlloc Memory Limit   4000 MB
 Mega-Array Size       392 MB
 MEM_STATIC part       400 MB
 A cutoff of  1.0D-12 yielded  53173 shell pairs
 There are    356213 function pairs (    377227 Cartesian)
 
 -------------------------------------------------------
 OpenMP Integral Computing Module                       
 Release: version 1.0, May 2013, Q-Chem Inc. Pittsburgh 
 -------------------------------------------------------
 Integral Job Info:
 Integral job number is                      11
 Integral operator is                         1
 short-range coefficients                     0
 long-range coefficients              100000000
 Omega coefficients                           0
 if combine SR and LR in K                    0
 Integral screening is                        0
 Integral computing path is                   2
 max size of driver memory is            800000
 size of driver memory is                593474
 size of scratch memory is              2361544
 max col of scratch BK array               1296
 max len of scratch array in speh3          155
 max len of scratch index in speh4           18
 max int batch size is                      520
 min int batch size is                       52
 fixed nKL is                                52
 max L of basis functions is                  2
 order of int derivative is                   0
 number of shells is                        384
 number of basis is                        1034
 number of cartesian basis is              1034
 number of contracted shell pairs         53173
 number of primitive shell pairs         110621
 maxK2 (contraction) of shell pair           36
 max number of K2 of shell pair               1
 max number of CS2 of shell pair          10815
 max number of PS2 of shell pair          17214
 mem total for path MDJ                  603192
 -------------------------------------------------------
 Smallest overlap matrix eigenvalue = 1.77E-07
 Linear dependence detected in AO basis
 Number of orthogonalized atomic orbitals = 995
 Maximum deviation from orthogonality = 2.373E-10

 Scale SEOQF with 1.000000e-01/1.000000e-01/1.000000e-02

 Standard Electronic Orientation quadrupole field applied
 Nucleus-field energy     =     0.0000000398 hartrees
 Guess from superposition of atomic densities
 Warning:  Energy on first SCF cycle will be non-variational

 Q-Chem warning in module /opt/software/qchem/qchem-5.0.1/libgen/Atomic_PolEc.C, line 58:

 No atomic polarizability available.


 Q-Chem warning in module /opt/software/qchem/qchem-5.0.1/libgen/Atomic_PolEc.C, line 73:

 No atomic polarizability available.


 Q-Chem warning in module /opt/software/qchem/qchem-5.0.1/libgen/Atomic_PolEc.C, line 58:

 No atomic polarizability available.


 Q-Chem warning in module /opt/software/qchem/qchem-5.0.1/libgen/Atomic_PolEc.C, line 73:

 No atomic polarizability available.


 Q-Chem warning in module /opt/software/qchem/qchem-5.0.1/libgen/Atomic_PolEc.C, line 58:

 No atomic polarizability available.


 Q-Chem warning in module /opt/software/qchem/qchem-5.0.1/libgen/Atomic_PolEc.C, line 73:

 No atomic polarizability available.


 Q-Chem warning in module /opt/software/qchem/qchem-5.0.1/libgen/Atomic_PolEc.C, line 58:

 No atomic polarizability available.


 Q-Chem warning in module /opt/software/qchem/qchem-5.0.1/libgen/Atomic_PolEc.C, line 73:

 No atomic polarizability available.


 Q-Chem warning in module /opt/software/qchem/qchem-5.0.1/libgen/Atomic_PolEc.C, line 58:

 No atomic polarizability available.


 Q-Chem warning in module /opt/software/qchem/qchem-5.0.1/libgen/Atomic_PolEc.C, line 73:

 No atomic polarizability available.


 Q-Chem warning in module /opt/software/qchem/qchem-5.0.1/libgen/Atomic_PolEc.C, line 58:

 No atomic polarizability available.


 Q-Chem warning in module /opt/software/qchem/qchem-5.0.1/libgen/Atomic_PolEc.C, line 73:

 No atomic polarizability available.


 Q-Chem warning in module /opt/software/qchem/qchem-5.0.1/libgen/Atomic_PolEc.C, line 58:

 No atomic polarizability available.


 Q-Chem warning in module /opt/software/qchem/qchem-5.0.1/libgen/Atomic_PolEc.C, line 73:

 No atomic polarizability available.


 Q-Chem warning in module /opt/software/qchem/qchem-5.0.1/libgen/Atomic_PolEc.C, line 58:

 No atomic polarizability available.


 Q-Chem warning in module /opt/software/qchem/qchem-5.0.1/libgen/Atomic_PolEc.C, line 73:

 No atomic polarizability available.


 Q-Chem warning in module /opt/software/qchem/qchem-5.0.1/libgen/Atomic_PolEc.C, line 58:

 No atomic polarizability available.


 Q-Chem warning in module /opt/software/qchem/qchem-5.0.1/libgen/Atomic_PolEc.C, line 73:

 No atomic polarizability available.


 Q-Chem warning in module /opt/software/qchem/qchem-5.0.1/libgen/Atomic_PolEc.C, line 58:

 No atomic polarizability available.


 Q-Chem warning in module /opt/software/qchem/qchem-5.0.1/libgen/Atomic_PolEc.C, line 73:

 No atomic polarizability available.


 Q-Chem warning in module /opt/software/qchem/qchem-5.0.1/libgen/Atomic_PolEc.C, line 58:

 No atomic polarizability available.


 Q-Chem warning in module /opt/software/qchem/qchem-5.0.1/libgen/Atomic_PolEc.C, line 73:

 No atomic polarizability available.


 Q-Chem warning in module /opt/software/qchem/qchem-5.0.1/libgen/Atomic_PolEc.C, line 58:

 No atomic polarizability available.


 Q-Chem warning in module /opt/software/qchem/qchem-5.0.1/libgen/Atomic_PolEc.C, line 73:

 No atomic polarizability available.


 Q-Chem warning in module /opt/software/qchem/qchem-5.0.1/libgen/Atomic_PolEc.C, line 58:

 No atomic polarizability available.


 Q-Chem warning in module /opt/software/qchem/qchem-5.0.1/libgen/Atomic_PolEc.C, line 73:

 No atomic polarizability available.


 Q-Chem warning in module /opt/software/qchem/qchem-5.0.1/libgen/Atomic_PolEc.C, line 58:

 No atomic polarizability available.


 Q-Chem warning in module /opt/software/qchem/qchem-5.0.1/libgen/Atomic_PolEc.C, line 73:

 No atomic polarizability available.


 Q-Chem warning in module /opt/software/qchem/qchem-5.0.1/libgen/Atomic_PolEc.C, line 58:

 No atomic polarizability available.


 Q-Chem warning in module /opt/software/qchem/qchem-5.0.1/libgen/Atomic_PolEc.C, line 73:

 No atomic polarizability available.


 Q-Chem warning in module /opt/software/qchem/qchem-5.0.1/libgen/Atomic_PolEc.C, line 58:

 No atomic polarizability available.


 Q-Chem warning in module /opt/software/qchem/qchem-5.0.1/libgen/Atomic_PolEc.C, line 73:

 No atomic polarizability available.


 Q-Chem warning in module /opt/software/qchem/qchem-5.0.1/libgen/Atomic_PolEc.C, line 58:

 No atomic polarizability available.


 Q-Chem warning in module /opt/software/qchem/qchem-5.0.1/libgen/Atomic_PolEc.C, line 73:

 No atomic polarizability available.


 Q-Chem warning in module /opt/software/qchem/qchem-5.0.1/libgen/Atomic_PolEc.C, line 58:

 No atomic polarizability available.


 Q-Chem warning in module /opt/software/qchem/qchem-5.0.1/libgen/Atomic_PolEc.C, line 73:

 No atomic polarizability available.


 Q-Chem warning in module /opt/software/qchem/qchem-5.0.1/libgen/Atomic_PolEc.C, line 58:

 No atomic polarizability available.


 Q-Chem warning in module /opt/software/qchem/qchem-5.0.1/libgen/Atomic_PolEc.C, line 73:

 No atomic polarizability available.


 Q-Chem warning in module /opt/software/qchem/qchem-5.0.1/libgen/Atomic_PolEc.C, line 58:

 No atomic polarizability available.


 Q-Chem warning in module /opt/software/qchem/qchem-5.0.1/libgen/Atomic_PolEc.C, line 73:

 No atomic polarizability available.


 Q-Chem warning in module /opt/software/qchem/qchem-5.0.1/libgen/Atomic_PolEc.C, line 58:

 No atomic polarizability available.


 Q-Chem warning in module /opt/software/qchem/qchem-5.0.1/libgen/Atomic_PolEc.C, line 73:

 No atomic polarizability available.


 Q-Chem warning in module /opt/software/qchem/qchem-5.0.1/libgen/Atomic_PolEc.C, line 58:

 No atomic polarizability available.


 Q-Chem warning in module /opt/software/qchem/qchem-5.0.1/libgen/Atomic_PolEc.C, line 73:

 No atomic polarizability available.


 Q-Chem warning in module /opt/software/qchem/qchem-5.0.1/libgen/Atomic_PolEc.C, line 58:

 No atomic polarizability available.


 Q-Chem warning in module /opt/software/qchem/qchem-5.0.1/libgen/Atomic_PolEc.C, line 73:

 No atomic polarizability available.


 Q-Chem warning in module /opt/software/qchem/qchem-5.0.1/libgen/Atomic_PolEc.C, line 58:

 No atomic polarizability available.


 Q-Chem warning in module /opt/software/qchem/qchem-5.0.1/libgen/Atomic_PolEc.C, line 73:

 No atomic polarizability available.


 Q-Chem warning in module /opt/software/qchem/qchem-5.0.1/libgen/Atomic_PolEc.C, line 58:

 No atomic polarizability available.


 Q-Chem warning in module /opt/software/qchem/qchem-5.0.1/libgen/Atomic_PolEc.C, line 73:

 No atomic polarizability available.


 Q-Chem warning in module /opt/software/qchem/qchem-5.0.1/libgen/Atomic_PolEc.C, line 58:

 No atomic polarizability available.


 Q-Chem warning in module /opt/software/qchem/qchem-5.0.1/libgen/Atomic_PolEc.C, line 73:

 No atomic polarizability available.


 Q-Chem warning in module /opt/software/qchem/qchem-5.0.1/libgen/Atomic_PolEc.C, line 58:

 No atomic polarizability available.


 Q-Chem warning in module /opt/software/qchem/qchem-5.0.1/libgen/Atomic_PolEc.C, line 73:

 No atomic polarizability available.


 Q-Chem warning in module /opt/software/qchem/qchem-5.0.1/libgen/Atomic_PolEc.C, line 58:

 No atomic polarizability available.


 Q-Chem warning in module /opt/software/qchem/qchem-5.0.1/libgen/Atomic_PolEc.C, line 73:

 No atomic polarizability available.


 Q-Chem warning in module /opt/software/qchem/qchem-5.0.1/libgen/Atomic_PolEc.C, line 58:

 No atomic polarizability available.


 Q-Chem warning in module /opt/software/qchem/qchem-5.0.1/libgen/Atomic_PolEc.C, line 73:

 No atomic polarizability available.


 Q-Chem warning in module /opt/software/qchem/qchem-5.0.1/libgen/Atomic_PolEc.C, line 58:

 No atomic polarizability available.


 Q-Chem warning in module /opt/software/qchem/qchem-5.0.1/libgen/Atomic_PolEc.C, line 73:

 No atomic polarizability available.


 Q-Chem warning in module /opt/software/qchem/qchem-5.0.1/libgen/Atomic_PolEc.C, line 58:

 No atomic polarizability available.


 Q-Chem warning in module /opt/software/qchem/qchem-5.0.1/libgen/Atomic_PolEc.C, line 73:

 No atomic polarizability available.


 Q-Chem warning in module /opt/software/qchem/qchem-5.0.1/libgen/Atomic_PolEc.C, line 58:

 No atomic polarizability available.


 Q-Chem warning in module /opt/software/qchem/qchem-5.0.1/libgen/Atomic_PolEc.C, line 73:

 No atomic polarizability available.


 Q-Chem warning in module /opt/software/qchem/qchem-5.0.1/libgen/Atomic_PolEc.C, line 58:

 No atomic polarizability available.


 Q-Chem warning in module /opt/software/qchem/qchem-5.0.1/libgen/Atomic_PolEc.C, line 73:

 No atomic polarizability available.


 Q-Chem warning in module /opt/software/qchem/qchem-5.0.1/libgen/Atomic_PolEc.C, line 58:

 No atomic polarizability available.


 Q-Chem warning in module /opt/software/qchem/qchem-5.0.1/libgen/Atomic_PolEc.C, line 73:

 No atomic polarizability available.


 Q-Chem warning in module /opt/software/qchem/qchem-5.0.1/libgen/Atomic_PolEc.C, line 58:

 No atomic polarizability available.


 Q-Chem warning in module /opt/software/qchem/qchem-5.0.1/libgen/Atomic_PolEc.C, line 73:

 No atomic polarizability available.

 A restricted hybrid HF-DFT SCF calculation will be
 performed using Pulay DIIS extrapolation
 Exchange:     0.2000 Hartree-Fock + 0.0800 Slater + 0.7200 B88
 Correlation:  0.1900 VWN1RPA + 0.8100 LYP
 Using SG-1 standard quadrature grid
 Dispersion:   Grimme D3
 SCF converges when DIIS error is below 1.0E-08
 using 2 threads for integral computing
 -------------------------------------------------------
 OpenMP Integral computing Module                
 Release: version 1.0, May 2013, Q-Chem Inc. Pittsburgh 
 -------------------------------------------------------
 -------------------------------------------------------
 OpenMP BLAS3 based DFT computing Module                
 Release: version 1.0, May 2013, Q-Chem Inc. Pittsburgh 
 -------------------------------------------------------
 ---------------------------------------
  Cycle       Energy         DIIS Error
 ---------------------------------------
    1    -848.0548422391      1.42E-02
    2    -844.1490062939      1.88E-03
    3    -843.6613448567      3.00E-03
    4    -844.4619572591      7.51E-04
    5    -844.5153663852      1.66E-04
    6    -844.5172470686      8.03E-05
    7    -844.5178150332      1.48E-05
    8    -844.5178320497      5.91E-06
    9    -844.5178352134      1.47E-06
   10    -844.5178353623      7.43E-07
   11    -844.5178354103      2.29E-07
   12    -844.5178354148      6.79E-08
   13    -844.5178354152      1.98E-08
   14    -844.5178354151      5.81E-09 Convergence criterion met
 ---------------------------------------
 SCF time:  CPU 7392.14 s  wall 3712.19 s
 SCF   energy in the final basis set = -844.51783542
 Total energy in the final basis set = -844.51783542
 
 --------------------------------------------------------------
 
                    Orbital Energies (a.u.)
 --------------------------------------------------------------
 
 Alpha MOs
 -- Occupied --
-19.176 -19.174 -19.125 -19.117 -19.116 -10.311 -10.306 -10.242
-10.232 -10.231 -10.231 -10.204 -10.203 -10.178 -10.175 -10.169
-10.136  -1.121  -1.114  -1.061  -1.034  -1.027  -0.832  -0.804
 -0.784  -0.748  -0.730  -0.720  -0.674  -0.644  -0.603  -0.579
 -0.570  -0.561  -0.525  -0.514  -0.508  -0.493  -0.489  -0.480
 -0.476  -0.471  -0.459  -0.442  -0.435  -0.433  -0.414  -0.411
 -0.403  -0.399  -0.395  -0.374  -0.372  -0.364  -0.358  -0.355
 -0.349  -0.346  -0.333  -0.328  -0.321  -0.313  -0.284  -0.272
 -0.270
 -- Virtual --
 -0.021  -0.013  -0.007  -0.001   0.005   0.008   0.012   0.016
  0.020   0.024   0.028   0.031   0.035   0.037   0.040   0.042
  0.044   0.047   0.052   0.055   0.056   0.060   0.061   0.064
  0.067   0.070   0.072   0.077   0.077   0.080   0.081   0.084
  0.087   0.089   0.091   0.093   0.097   0.100   0.101   0.104
  0.105   0.107   0.110   0.113   0.114   0.117   0.118   0.120
  0.123   0.124   0.126   0.129   0.129   0.131   0.133   0.136
  0.137   0.139   0.142   0.146   0.147   0.148   0.150   0.151
  0.153   0.155   0.157   0.158   0.159   0.161   0.162   0.164
  0.168   0.168   0.171   0.174   0.175   0.179   0.179   0.182
  0.183   0.186   0.187   0.188   0.191   0.192   0.193   0.196
  0.198   0.200   0.203   0.205   0.207   0.207   0.211   0.213
  0.214   0.215   0.218   0.218   0.220   0.224   0.225   0.228
  0.229   0.231   0.233   0.237   0.237   0.240   0.243   0.243
  0.244   0.247   0.252   0.254   0.255   0.258   0.261   0.262
  0.266   0.267   0.270   0.271   0.274   0.276   0.278   0.280
  0.281   0.286   0.288   0.289   0.291   0.293   0.296   0.298
  0.302   0.304   0.306   0.310   0.310   0.315   0.317   0.318
  0.320   0.324   0.326   0.329   0.331   0.336   0.337   0.339
  0.344   0.346   0.347   0.351   0.354   0.356   0.361   0.362
  0.363   0.369   0.373   0.374   0.376   0.377   0.379   0.385
  0.385   0.387   0.391   0.392   0.393   0.396   0.401   0.404
  0.406   0.408   0.413   0.416   0.420   0.420   0.424   0.428
  0.429   0.433   0.435   0.437   0.439   0.443   0.448   0.449
  0.451   0.455   0.455   0.456   0.460   0.463   0.468   0.473
  0.473   0.479   0.483   0.484   0.491   0.493   0.496   0.498
  0.500   0.503   0.508   0.509   0.512   0.521   0.522   0.525
  0.530   0.532   0.536   0.540   0.546   0.552   0.553   0.557
  0.561   0.564   0.565   0.571   0.574   0.576   0.580   0.584
  0.592   0.595   0.597   0.601   0.604   0.610   0.615   0.618
  0.622   0.625   0.625   0.632   0.639   0.643   0.644   0.648
  0.650   0.656   0.657   0.663   0.664   0.667   0.669   0.676
  0.682   0.683   0.686   0.689   0.696   0.699   0.700   0.702
  0.707   0.707   0.714   0.715   0.718   0.719   0.725   0.733
  0.734   0.737   0.744   0.748   0.750   0.755   0.760   0.762
  0.764   0.770   0.776   0.781   0.783   0.785   0.788   0.791
  0.796   0.799   0.802   0.808   0.810   0.816   0.818   0.825
  0.827   0.831   0.837   0.844   0.851   0.855   0.859   0.862
  0.867   0.874   0.876   0.879   0.885   0.893   0.897   0.906
  0.908   0.920   0.925   0.927   0.937   0.943   0.950   0.960
  0.964   0.975   0.981   0.986   0.991   1.000   1.008   1.010
  1.015   1.027   1.032   1.035   1.048   1.049   1.057   1.067
  1.070   1.077   1.079   1.085   1.085   1.099   1.111   1.113
  1.114   1.119   1.125   1.129   1.144   1.147   1.148   1.150
  1.164   1.168   1.175   1.178   1.187   1.195   1.198   1.203
  1.208   1.214   1.218   1.224   1.232   1.235   1.244   1.247
  1.254   1.257   1.263   1.265   1.277   1.282   1.285   1.291
  1.295   1.302   1.310   1.313   1.317   1.323   1.328   1.332
  1.341   1.351   1.357   1.362   1.372   1.383   1.391   1.397
  1.409   1.414   1.420   1.426   1.434   1.440   1.441   1.459
  1.467   1.470   1.481   1.491   1.496   1.499   1.508   1.512
  1.537   1.548   1.556   1.559   1.566   1.572   1.573   1.583
  1.588   1.592   1.596   1.602   1.608   1.609   1.611   1.621
  1.622   1.629   1.637   1.642   1.644   1.646   1.655   1.659
  1.664   1.671   1.677   1.685   1.686   1.688   1.701   1.706
  1.713   1.713   1.717   1.725   1.728   1.728   1.735   1.737
  1.744   1.748   1.759   1.762   1.771   1.774   1.783   1.784
  1.790   1.800   1.808   1.811   1.822   1.825   1.833   1.834
  1.837   1.839   1.845   1.853   1.854   1.859   1.862   1.865
  1.869   1.876   1.880   1.888   1.894   1.899   1.902   1.906
  1.909   1.912   1.923   1.925   1.930   1.938   1.941   1.950
  1.958   1.958   1.963   1.966   1.972   1.973   1.980   1.988
  1.994   1.997   2.010   2.017   2.018   2.023   2.034   2.037
  2.045   2.050   2.054   2.058   2.064   2.072   2.076   2.082
  2.084   2.098   2.106   2.107   2.115   2.123   2.131   2.139
  2.142   2.147   2.151   2.154   2.156   2.166   2.175   2.177
  2.178   2.187   2.201   2.208   2.216   2.222   2.225   2.232
  2.238   2.247   2.251   2.259   2.270   2.277   2.283   2.290
  2.307   2.320   2.328   2.335   2.337   2.347   2.351   2.360
  2.368   2.381   2.387   2.395   2.400   2.403   2.411   2.423
  2.429   2.431   2.439   2.446   2.449   2.456   2.467   2.473
  2.474   2.477   2.483   2.498   2.503   2.505   2.509   2.513
  2.517   2.518   2.526   2.529   2.547   2.556   2.557   2.559
  2.569   2.573   2.578   2.582   2.596   2.601   2.608   2.615
  2.621   2.625   2.627   2.631   2.641   2.647   2.652   2.664
  2.672   2.677   2.679   2.681   2.685   2.689   2.702   2.711
  2.712   2.725   2.735   2.736   2.742   2.750   2.756   2.768
  2.774   2.776   2.786   2.795   2.797   2.811   2.813   2.820
  2.823   2.834   2.842   2.851   2.855   2.868   2.870   2.873
  2.876   2.880   2.896   2.902   2.907   2.907   2.921   2.927
  2.935   2.953   2.967   2.972   2.984   2.993   2.995   3.000
  3.006   3.013   3.026   3.031   3.037   3.041   3.048   3.055
  3.064   3.066   3.071   3.074   3.078   3.087   3.097   3.101
  3.109   3.121   3.128   3.136   3.139   3.145   3.155   3.158
  3.158   3.165   3.170   3.179   3.192   3.202   3.205   3.222
  3.231   3.239   3.255   3.258   3.268   3.277   3.283   3.287
  3.298   3.300   3.318   3.330   3.342   3.345   3.355   3.358
  3.368   3.375   3.379   3.402   3.405   3.412   3.417   3.420
  3.427   3.437   3.457   3.502   3.509   3.515   3.526   3.555
  3.558   3.561   3.572   3.582   3.595   3.597   3.606   3.613
  3.617   3.633   3.640   3.650   3.664   3.685   3.697   3.715
  3.722   3.739   3.765   3.772   3.790   3.796   3.812   3.827
  3.829   3.840   3.854   3.862   3.877   3.887   3.906   3.911
  3.920   3.938   3.949   3.972   3.985   3.993   4.015   4.026
  4.047   4.074   4.080   4.098   4.106   4.116   4.132   4.138
  4.155   4.173   4.188   4.207   4.208   4.263   4.287   4.321
  4.472   4.534   4.570   4.574   4.583   4.632   4.649   4.701
  4.727   4.760   4.782   4.790   4.819   4.829   4.839   4.842
  4.850   4.877   4.887   4.896   4.908   4.923   4.938   4.945
  4.960   4.969   4.982   4.990   5.012   5.026   5.035   5.078
  5.096   5.121   5.164   5.173   5.185   5.217   5.233   5.262
  5.298   5.316   5.339   5.352   5.372   5.460   5.487   5.552
  5.574   5.591   5.645   5.654   5.700   5.708   5.712   5.748
  5.935   5.952   6.129   6.154   7.381   7.423   7.460   7.480
  7.589   7.594   7.645   7.684   7.711   7.730   7.768   7.792
  7.812   7.816   7.835   7.845   7.862   7.876   7.891   7.910
  7.919   7.997   8.010   8.015   8.042   8.102   8.152   8.174
  8.285   8.310   8.378   8.496   8.533   8.569   8.725   8.942
  9.945   9.960   9.969   9.995  10.021  10.040  10.048  10.066
 10.083  10.094  10.116  10.180  13.579  13.633  13.667  13.718
 13.749  13.756  13.803  13.898  13.965  14.054  14.131  14.195
 14.218  14.313  14.358  18.600  18.623  18.651  18.763  18.786
 23.792  23.864  23.887  23.919  23.944  23.955  23.964  23.972
 24.001  24.005  24.041  24.098  49.946  49.952  50.020  50.068
 50.071  69.800  69.834  69.874  69.882  69.928  69.946  69.952
 69.971  69.997  70.034  70.063  70.080 139.654 139.783 139.819
139.853 139.908
 --------------------------------------------------------------
 
          Ground-State Mulliken Net Atomic Charges

     Atom                 Charge (a.u.)
  ----------------------------------------
      1 C                     0.147714
      2 C                     0.641495
      3 C                    -0.491236
      4 C                    -0.566533
      5 O                     0.080043
      6 O                    -0.106997
      7 O                     0.052101
      8 O                    -0.067585
      9 C                    -0.157632
     10 C                    -0.284739
     11 C                    -0.898491
     12 C                    -0.134871
     13 C                    -0.004866
     14 C                    -0.867821
     15 O                     0.191035
     16 H                     0.131355
     17 H                     0.170172
     18 H                     0.194887
     19 H                     0.190078
     20 H                     0.202413
     21 H                     0.142727
     22 H                     0.203905
     23 H                     0.114590
     24 H                     0.175387
     25 H                     0.177864
     26 H                     0.135290
     27 H                     0.191813
     28 C                    -0.391191
     29 C                    -0.195928
     30 H                     0.177269
     31 H                     0.170528
     32 H                     0.186420
     33 H                     0.143050
     34 H                     0.145571
     35 H                     0.207316
     36 GH                    0.007096
     37 GH                    0.004121
     38 GH                    0.008370
     39 GH                    0.020667
     40 GH                    0.000877
     41 GH                   -0.005226
     42 GH                    0.004232
     43 GH                    0.000601
     44 GH                   -0.036579
     45 GH                    0.002086
     46 GH                   -0.050115
     47 GH                   -0.001969
     48 GH                   -0.005348
     49 GH                   -0.060412
     50 GH                    0.010052
     51 GH                    0.000206
     52 GH                    0.000450
     53 GH                   -0.002721
     54 GH                    0.000330
     55 GH                    0.001093
     56 GH                    0.000053
     57 GH                    0.000148
     58 GH                    0.000066
     59 GH                    0.031801
     60 GH                   -0.000156
     61 GH                   -0.000179
     62 GH                   -0.001466
     63 GH                    0.000955
     64 GH                    0.018438
     65 GH                    0.015288
     66 GH                   -0.000782
     67 GH                    0.004295
     68 GH                    0.007413
     69 GH                   -0.001051
     70 GH                    0.022231
  ----------------------------------------
  Sum of atomic charges =    -0.000000

 -----------------------------------------------------------------
                    Cartesian Multipole Moments
 -----------------------------------------------------------------
    Charge (ESU x 10^10)
                -0.0000
    Dipole Moment (Debye)
         X      -0.3282      Y       0.5011      Z       0.9159
       Tot       1.0944
    Quadrupole Moments (Debye-Ang)
        XX     -89.0427     XY       1.8235     YY    -103.5096
        XZ       3.4947     YZ      10.8048     ZZ    -108.3650
    Octopole Moments (Debye-Ang^2)
       XXX     -87.3092    XXY     -11.3375    XYY     -15.1832
       YYY      -9.9977    XXZ       1.4108    XYZ     -13.5885
       YYZ     -20.3999    XZZ     -15.9738    YZZ       1.0354
       ZZZ     -17.0187
    Hexadecapole Moments (Debye-Ang^3)
      XXXX   -2203.1354   XXXY     -78.4391   XXYY    -653.9838
      XYYY     -57.6845   YYYY   -1695.0905   XXXZ     -23.3430
      XXYZ      47.5194   XYYZ      12.6557   YYYZ     169.2454
      XXZZ    -503.3978   XYZZ     -15.4850   YYZZ    -409.6336
      XZZZ      29.6108   YZZZ     115.5112   ZZZZ    -619.1165
 -----------------------------------------------------------------
Archival summary:
1\1\vega03.cac.cornell.edu\SP\ProcedureUnspecified\BasisUnspecified\51218h35\jj585\MonApr211:37:102018MonApr211:37:102018\0\\#,ProcedureUnspecified,BasisUnspecified,\\0,1\O\C,1,1.43358\C,1,1.43646,2,98.0224\C,3,1.51218,1,111.091,2,-178.393,0\H,4,1.09134,3,111.033,1,-57.0184,0\H,4,1.09192,3,109.775,1,62.6469,0\H,4,1.09264,3,110.458,1,-177.522,0\C,2,1.513,1,109.807,3,-177.944,0\H,8,1.07,2,109.471,1,-64.7983,0\H,8,1.07,2,109.471,1,55.2018,0\H,8,1.07,2,109.471,1,175.202,0\C,2,1.54115,1,102.483,3,57.1986,0\H,12,1.09096,2,110.128,1,81.1589,0\H,12,1.09186,2,112.95,1,-157.962,0\C,2,1.54738,1,103.124,3,-55.9256,0\H,15,1.09374,2,111.197,1,147.786,0\C,15,1.51731,2,113.483,1,-93.8005,0\O,17,1.20407,15,125.979,2,-9.23641,0\O,17,1.35176,15,110.223,2,174.335,0\C,19,1.43854,17,116.158,15,-178.482,0\H,20,1.08777,19,105.482,17,177.492,0\H,20,1.09107,19,110.6,17,-62.8398,0\H,20,1.09137,19,110.239,17,57.9539,0\C,3,1.55466,1,102.371,2,-54.4128,0\H,24,1.09132,3,109.614,1,-87.4148,0\H,24,1.09187,3,112.355,1,152.676,0\C,15,1.5685,2,101.696,1,32.1918,0\H,27,1.08851,15,111.41,2,119.274,0\C,27,1.51456,15,117.337,2,-119.387,0\O,29,1.20804,27,123.816,15,-137.891,0\O,29,1.34543,27,112.521,15,44.9607,0\C,31,1.43759,29,116.484,27,179.042,0\H,32,1.08763,31,105.353,29,177.393,0\H,32,1.09122,31,110.39,29,57.5626,0\H,32,1.09127,31,110.468,29,-63.158,0\Gh,16,2.3452,15,162.843,2,76.406,0\Gh,36,1.07,16,124.044,15,-126.213,0\Gh,37,1.07,36,109.471,16,51.559,0\Gh,37,1.07,36,109.472,16,171.559,0\Gh,37,1.513,36,109.471,16,-68.4409,0\Gh,40,1.43358,37,109.807,36,55.2018,0\Gh,41,1.43646,40,98.0224,37,-177.944,0\Gh,42,1.51218,41,111.091,40,-178.393,0\Gh,43,1.09134,42,111.033,41,-57.0184,0\Gh,43,1.09192,42,109.775,41,62.6469,0\Gh,43,1.09264,42,110.458,41,-177.522,0\Gh,40,1.54115,37,116.857,36,171.3,0\Gh,47,1.09096,40,110.128,37,-38.916,0\Gh,47,1.09186,40,112.95,37,81.963,0\Gh,40,1.54738,37,114.133,36,-60.0002,0\Gh,50,1.09374,40,111.197,37,-93.1535,0\Gh,50,1.51731,40,113.483,37,25.2595,0\Gh,52,1.20407,50,125.979,40,-9.23641,0\Gh,52,1.35176,50,110.223,40,174.335,0\Gh,54,1.43854,52,116.158,50,-178.482,0\Gh,55,1.08777,54,105.482,52,177.492,0\Gh,55,1.09107,54,110.6,52,-62.8398,0\Gh,55,1.09137,54,110.239,52,57.9539,0\Gh,42,1.55466,41,102.371,40,-54.4128,0\Gh,59,1.09132,42,109.614,41,-87.4148,0\Gh,59,1.09187,42,112.355,41,152.676,0\Gh,50,1.5685,40,101.696,37,151.252,0\Gh,62,1.08851,50,111.41,40,119.274,0\Gh,62,1.51456,50,117.337,40,-119.387,0\Gh,64,1.20804,62,123.816,50,-137.891,0\Gh,64,1.34543,62,112.521,50,44.9607,0\Gh,66,1.43759,64,116.484,62,179.042,0\Gh,67,1.08763,66,105.353,64,177.393,0\Gh,67,1.09122,66,110.39,64,57.5626,0\Gh,67,1.09127,66,110.468,64,-63.158,0\\\@

 Total job time:  3715.78s(wall), 7396.54s(cpu) 
 Mon Apr  2 11:37:10 2018

        *************************************************************
        *                                                           *
        *  Thank you very much for using Q-Chem.  Have a nice day.  *
        *                                                           *
        *************************************************************


0 sent ACK to 0 
now end server 0 ... 
