mFile = /opt/software/qchem/qchem-5.0.1//bin/mpi/machines
Process 0 of 1 is on vega03.cac.cornell.edu - thread support 0
initial socket setup ...start
initial socket setup ...done 
now start server 0 ... 
vega03 10.84.3
Q-Chem Developer Version! Running on 10.84.3.*
                  Welcome to Q-Chem
     A Quantum Leap Into The Future Of Chemistry


 Q-Chem 5.0, Q-Chem, Inc., Pleasanton, CA (2017)

 Yihan Shao,  Zhengting Gan,  E. Epifanovsky,  A. T. B. Gilbert,  M. Wormit,  
 J. Kussmann,  A. W. Lange,  A. Behn,  Jia Deng,  Xintian Feng,  D. Ghosh,  
 M. Goldey,  P. R. Horn,  L. D. Jacobson,  I. Kaliman,  T. Kus,  A. Landau,  
 Jie Liu,  E. I. Proynov,  R. M. Richard,  R. P. Steele,  E. J. Sundstrom,  
 H. L. Woodcock III,  P. M. Zimmerman,  D. Zuev,  B. Albrecht,  E. Alguire,  
 S. A. Baeppler,  Z. Benda,  Y. A. Bernard,  E. J. Berquist,  K. B. Bravaya,  
 D. Casanova,  Chun-Min Chang,  Yunqing Chen,  A. Chien,  K. D. Closser,  
 M. P. Coons,  S. Dasgupta,  M. Diedenhofen,  Hainam Do,  R. G. Edgar,  
 Po-Tung Fang,  S. Fatehi,  Qingguo Feng,  Qinghui Ge,  A. Ghysels,  
 J. Gomes,  J. Gonthier,  A. Gunina,  M. W. D. Hanson-Heine,  
 P. H. P. Harbach,  A. W. Hauser,  J. E. Herr,  E. G. Hohenstein,  
 Z. C. Holden,  Kerwin Hui,  T.-C. Jagau,  Hyunjun Ji,  B. Kaduk,  
 K. Khistyaev,  Jaehoon Kim,  P. Klunzinger,  K. Koh,  D. Kosenkov,  
 T. Kowalczyk,  C. M. Krauter,  A. Kunitsa,  Ka Un Lao,  A. Laurent,  
 K. V. Lawler,  Joonho Lee,  D. Lefrancois,  S. Lehtola,  D. S. Levine,  
 Yi-Pei Li,  You-Sheng Lin,  Fenglai Liu,  E. Livshits,  A. Luenser,  
 P. Manohar,  E. Mansoor,  S. F. Manzer,  Shan-Ping Mao,  Yuezhi Mao,  
 N. Mardirossian,  A. V. Marenich,  L. A. Martinez-Martinez,  S. A. Maurer,  
 N. J. Mayhall,  S. C. McKenzie,  J.-M. Mewes,  A. F. Morrison,  K. Nanda,  
 T. S. Nguyen-Beck,  R. Olivares-Amaya,  J. A. Parkhill,  T. M. Perrine,  
 F. Plasser,  S. Prager,  A. Prociuk,  D. R. Rehn,  F. Rob,  M. Schneider,  
 N. Sergueev,  S. M. Sharada,  S. Sharma,  D. W. Small,  T. Stauch,  
 T. Stein,  Yu-Chuan Su,  A. J. W. Thom,  T. Tsuchimochi,  L. Vogt,  
 O. Vydrov,  M. A. Watson,  J. Wenzel,  M. de Wergifosse,  T. A. Wesolowski,  
 A. White,  J. Witte,  A. Yamada,  Jun Yang,  K. Yao,  S. Yeganeh,  
 S. R. Yost,  Zhi-Qiang You,  A. Zech,  Igor Ying Zhang,  Xing Zhang,  
 Yan Zhao,  Ying Zhu,  B. R. Brooks,  G. K. L. Chan,  C. J. Cramer,  
 M. S. Gordon,  W. J. Hehre,  A. Klamt,  M. W. Schmidt,  C. D. Sherrill,  
 D. G. Truhlar,  A. Aspuru-Guzik,  R. Baer,  A. T. Bell,  N. A. Besley,  
 Jeng-Da Chai,  A. Dreuw,  B. D. Dunietz,  T. R. Furlani,  Chao-Ping Hsu,  
 Yousung Jung,  Jing Kong,  D. S. Lambrecht,  WanZhen Liang,  C. Ochsenfeld,  
 V. A. Rassolov,  L. V. Slipchenko,  J. E. Subotnik,  T. Van Voorhis,  
 J. M. Herbert,  A. I. Krylov,  P. M. W. Gill,  M. Head-Gordon

 Contributors to earlier versions of Q-Chem not listed above: 
 R. D. Adamson,  B. Austin,  J. Baker,  G. J. O. Beran,  K. Brandhorst,  
 S. T. Brown,  E. F. C. Byrd,  A. K. Chakraborty,  C.-L. Cheng,  
 Siu Hung Chien,  D. M. Chipman,  D. L. Crittenden,  H. Dachsel,  
 R. A. DiStasio Jr.,  R. J. Doerksen,  A. D. Dutoi,  L. Fusti-Molnar,  
 W. A. Goddard III,  A. Golubeva-Zadorozhnaya,  S. R. Gwaltney,  G. Hawkins,  
 A. Heyden,  S. Hirata,  G. Kedziora,  F. J. Keil,  C. Kelley,  Jihan Kim,  
 R. A. King,  R. Z. Khaliullin,  P. P. Korambath,  W. Kurlancheek,  
 A. M. Lee,  M. S. Lee,  S. V. Levchenko,  Ching Yeh Lin,  D. Liotard,  
 R. C. Lochan,  I. Lotan,  P. E. Maslen,  N. Nair,  D. P. O'Neill,  
 D. Neuhauser,  E. Neuscamman,  C. M. Oana,  R. Olson,  B. Peters,  
 R. Peverati,  P. A. Pieniazek,  Y. M. Rhee,  J. Ritchie,  M. A. Rohrdanz,  
 E. Rosta,  N. J. Russ,  H. F. Schaefer III,  N. E. Schultz,  N. Shenvi,  
 A. C. Simmonett,  A. Sodt,  D. Stuck,  K. S. Thanthiriwatte,  V. Vanovschi,  
 Tao Wang,  A. Warshel,  C. F. Williams,  Q. Wu,  X. Xu,  W. Zhang

 Please cite Q-Chem as follows:
 Y. Shao et al., Mol. Phys. 113, 184-215 (2015)
 DOI: 10.1080/00268976.2014.952696

 Q-Chem 5.0.1 for Intel X86 EM64T Linux

 Parts of Q-Chem use Armadillo 5.200.1 (Boston Tea Smuggler).
 http://arma.sourceforge.net/

 Q-Chem begins on Mon Apr  2 15:13:26 2018  

Host: vega03.cac.cornell.edu
0

     Scratch files written to /scratch/jj585/vdw/10n01_distance_5.600_01.save//
 Parallel job on  1  processors

Checking the input file for inconsistencies... 	...done.

--------------------------------------------------------------
User input:
--------------------------------------------------------------
$molecule
0  1
C        -0.50590000        -1.17197000        +5.51165000
C        -0.51855000        +0.23051000        +5.63347000
C        +0.78823000        -1.92603000        +5.48480000
C        +0.76697000        +0.99609000        +5.64452000
O        +1.57499000        -1.58003000        +6.52667000
O        +1.08556000        -2.77232000        +4.67766000
O        +1.57638000        +0.59474000        +4.63977000
O        +1.04889000        +1.88270000        +6.41332000
C        +2.87303000        +1.21294000        +4.58496000
C        +2.86170000        -2.22035000        +6.58329000
C        -1.70466000        -1.90443000        +5.45302000
C        -2.90098000        -1.18883000        +5.52569000
C        -2.91459000        +0.19428000        +5.64788000
C        -1.73307000        +0.93577000        +5.70664000
H        +2.77689000        +2.29162000        +4.45390000
H        +2.74632000        -3.30146000        +6.67409000
H        -3.86500000        +0.71498000        +5.69564000
H        +3.42852000        +1.01266000        +5.50310000
H        +3.37038000        +0.76442000        +3.72787000
H        +3.34949000        -1.81108000        +7.46504000
H        +3.43743000        -1.99761000        +5.68313000
H        -3.84038000        -1.73038000        +5.48866000
H        -1.75032000        +1.96337000        +5.80030000
H        -1.70024000        -2.93220000        +5.35979000
@C        -0.54444000        -0.68370000        -0.06689000
@C        -0.55709000        +0.71878000        +0.05493000
@C        +0.74969000        -1.43776000        -0.09374000
@C        +0.72843000        +1.48436000        +0.06598000
@O        +1.53645000        -1.09176000        +0.94813000
@O        +1.04702000        -2.28405000        -0.90088000
@O        +1.53784000        +1.08301000        -0.93877000
@O        +1.01035000        +2.37097000        +0.83478000
@C        +2.83449000        +1.70121000        -0.99358000
@C        +2.82316000        -1.73208000        +1.00475000
@C        -1.74320000        -1.41616000        -0.12552000
@C        -2.93952000        -0.70056000        -0.05285000
@C        -2.95313000        +0.68255000        +0.06934000
@C        -1.77161000        +1.42404000        +0.12810000
@H        +2.73835000        +2.77989000        -1.12464000
@H        +2.70778000        -2.81319000        +1.09555000
@H        -3.90354000        +1.20325000        +0.11710000
@H        +3.38998000        +1.50093000        -0.07544000
@H        +3.33184000        +1.25269000        -1.85067000
@H        +3.31095000        -1.32281000        +1.88650000
@H        +3.39889000        -1.50934000        +0.10459000
@H        -3.87892000        -1.24211000        -0.08988000
@H        -1.78886000        +2.45164000        +0.22176000
@H        -1.73878000        -2.44393000        -0.21875000
$end

$rem
JOBTYPE                   SP
METHOD                    B3LYP
DFT_D                     d3_op
BASIS                     6-311++G(d,p)
SYMMETRY                  False
THRESH                    12
SCF_CONVERGENCE           8
MAX_SUB_FILE_NUM          128
MEM_STATIC                400
MEM_TOTAL                 4000
$end
--------------------------------------------------------------
 Adding empirical dispersion correction 
 ----------------------------------------------------------------
 Doing -D3(op) with
 s6 =   1.00000
 s8 =   0.78311
 a1 =   0.30000
 a2 =   4.25000
 n  =  10.00000
 -D3 energy without 3body term =     -0.0247543049 hartrees
 ----------------------------------------------------------------
             Standard Nuclear Orientation (Angstroms)
    I     Atom           X                Y                Z
 ----------------------------------------------------------------
    1      C      -0.5059000000    -1.1719700000     5.5116500000
    2      C      -0.5185500000     0.2305100000     5.6334700000
    3      C       0.7882300000    -1.9260300000     5.4848000000
    4      C       0.7669700000     0.9960900000     5.6445200000
    5      O       1.5749900000    -1.5800300000     6.5266700000
    6      O       1.0855600000    -2.7723200000     4.6776600000
    7      O       1.5763800000     0.5947400000     4.6397700000
    8      O       1.0488900000     1.8827000000     6.4133200000
    9      C       2.8730300000     1.2129400000     4.5849600000
   10      C       2.8617000000    -2.2203500000     6.5832900000
   11      C      -1.7046600000    -1.9044300000     5.4530200000
   12      C      -2.9009800000    -1.1888300000     5.5256900000
   13      C      -2.9145900000     0.1942800000     5.6478800000
   14      C      -1.7330700000     0.9357700000     5.7066400000
   15      H       2.7768900000     2.2916200000     4.4539000000
   16      H       2.7463200000    -3.3014600000     6.6740900000
   17      H      -3.8650000000     0.7149800000     5.6956400000
   18      H       3.4285200000     1.0126600000     5.5031000000
   19      H       3.3703800000     0.7644200000     3.7278700000
   20      H       3.3494900000    -1.8110800000     7.4650400000
   21      H       3.4374300000    -1.9976100000     5.6831300000
   22      H      -3.8403800000    -1.7303800000     5.4886600000
   23      H      -1.7503200000     1.9633700000     5.8003000000
   24      H      -1.7002400000    -2.9322000000     5.3597900000
   25      GH     -0.5444400000    -0.6837000000    -0.0668900000
   26      GH     -0.5570900000     0.7187800000     0.0549300000
   27      GH      0.7496900000    -1.4377600000    -0.0937400000
   28      GH      0.7284300000     1.4843600000     0.0659800000
   29      GH      1.5364500000    -1.0917600000     0.9481300000
   30      GH      1.0470200000    -2.2840500000    -0.9008800000
   31      GH      1.5378400000     1.0830100000    -0.9387700000
   32      GH      1.0103500000     2.3709700000     0.8347800000
   33      GH      2.8344900000     1.7012100000    -0.9935800000
   34      GH      2.8231600000    -1.7320800000     1.0047500000
   35      GH     -1.7432000000    -1.4161600000    -0.1255200000
   36      GH     -2.9395200000    -0.7005600000    -0.0528500000
   37      GH     -2.9531300000     0.6825500000     0.0693400000
   38      GH     -1.7716100000     1.4240400000     0.1281000000
   39      GH      2.7383500000     2.7798900000    -1.1246400000
   40      GH      2.7077800000    -2.8131900000     1.0955500000
   41      GH     -3.9035400000     1.2032500000     0.1171000000
   42      GH      3.3899800000     1.5009300000    -0.0754400000
   43      GH      3.3318400000     1.2526900000    -1.8506700000
   44      GH      3.3109500000    -1.3228100000     1.8865000000
   45      GH      3.3988900000    -1.5093400000     0.1045900000
   46      GH     -3.8789200000    -1.2421100000    -0.0898800000
   47      GH     -1.7888600000     2.4516400000     0.2217600000
   48      GH     -1.7387800000    -2.4439300000    -0.2187500000
 ----------------------------------------------------------------
 Nuclear Repulsion Energy =   900.9237854012 hartrees
 There are       51 alpha and       51 beta electrons
 Requested basis set is 6-311++G(d,p)
 There are 268 shells and 756 basis functions

 Total QAlloc Memory Limit   4000 MB
 Mega-Array Size       392 MB
 MEM_STATIC part       400 MB
 A cutoff of  1.0D-12 yielded  24852 shell pairs
 There are    198632 function pairs (    211051 Cartesian)
 
 -------------------------------------------------------
 OpenMP Integral Computing Module                       
 Release: version 1.0, May 2013, Q-Chem Inc. Pittsburgh 
 -------------------------------------------------------
 Integral Job Info:
 Integral job number is                      11
 Integral operator is                         1
 short-range coefficients                     0
 long-range coefficients              100000000
 Omega coefficients                           0
 if combine SR and LR in K                    0
 Integral screening is                        0
 Integral computing path is                   2
 max size of driver memory is            800000
 size of driver memory is                593474
 size of scratch memory is              2361544
 max col of scratch BK array               1296
 max len of scratch array in speh3          155
 max len of scratch index in speh4           18
 max int batch size is                      520
 min int batch size is                       52
 fixed nKL is                                52
 max L of basis functions is                  2
 order of int derivative is                   0
 number of shells is                        268
 number of basis is                         784
 number of cartesian basis is               784
 number of contracted shell pairs         24852
 number of primitive shell pairs          55120
 maxK2 (contraction) of shell pair           36
 max number of K2 of shell pair               1
 max number of CS2 of shell pair           4845
 max number of PS2 of shell pair           9846
 mem total for path MDJ                  392010
 -------------------------------------------------------
 Smallest overlap matrix eigenvalue = 2.79E-07
 Linear dependence detected in AO basis
 Number of orthogonalized atomic orbitals = 752
 Maximum deviation from orthogonality = 1.917E-10

 Scale SEOQF with 1.000000e-01/1.000000e-01/1.000000e-02

 Standard Electronic Orientation quadrupole field applied
 Nucleus-field energy     =    -0.0000000013 hartrees
 Guess from superposition of atomic densities
 Warning:  Energy on first SCF cycle will be non-variational

 Q-Chem warning in module /opt/software/qchem/qchem-5.0.1/libgen/Atomic_PolEc.C, line 58:

 No atomic polarizability available.


 Q-Chem warning in module /opt/software/qchem/qchem-5.0.1/libgen/Atomic_PolEc.C, line 73:

 No atomic polarizability available.


 Q-Chem warning in module /opt/software/qchem/qchem-5.0.1/libgen/Atomic_PolEc.C, line 58:

 No atomic polarizability available.


 Q-Chem warning in module /opt/software/qchem/qchem-5.0.1/libgen/Atomic_PolEc.C, line 73:

 No atomic polarizability available.


 Q-Chem warning in module /opt/software/qchem/qchem-5.0.1/libgen/Atomic_PolEc.C, line 58:

 No atomic polarizability available.


 Q-Chem warning in module /opt/software/qchem/qchem-5.0.1/libgen/Atomic_PolEc.C, line 73:

 No atomic polarizability available.


 Q-Chem warning in module /opt/software/qchem/qchem-5.0.1/libgen/Atomic_PolEc.C, line 58:

 No atomic polarizability available.


 Q-Chem warning in module /opt/software/qchem/qchem-5.0.1/libgen/Atomic_PolEc.C, line 73:

 No atomic polarizability available.


 Q-Chem warning in module /opt/software/qchem/qchem-5.0.1/libgen/Atomic_PolEc.C, line 58:

 No atomic polarizability available.


 Q-Chem warning in module /opt/software/qchem/qchem-5.0.1/libgen/Atomic_PolEc.C, line 73:

 No atomic polarizability available.


 Q-Chem warning in module /opt/software/qchem/qchem-5.0.1/libgen/Atomic_PolEc.C, line 58:

 No atomic polarizability available.


 Q-Chem warning in module /opt/software/qchem/qchem-5.0.1/libgen/Atomic_PolEc.C, line 73:

 No atomic polarizability available.


 Q-Chem warning in module /opt/software/qchem/qchem-5.0.1/libgen/Atomic_PolEc.C, line 58:

 No atomic polarizability available.


 Q-Chem warning in module /opt/software/qchem/qchem-5.0.1/libgen/Atomic_PolEc.C, line 73:

 No atomic polarizability available.


 Q-Chem warning in module /opt/software/qchem/qchem-5.0.1/libgen/Atomic_PolEc.C, line 58:

 No atomic polarizability available.


 Q-Chem warning in module /opt/software/qchem/qchem-5.0.1/libgen/Atomic_PolEc.C, line 73:

 No atomic polarizability available.


 Q-Chem warning in module /opt/software/qchem/qchem-5.0.1/libgen/Atomic_PolEc.C, line 58:

 No atomic polarizability available.


 Q-Chem warning in module /opt/software/qchem/qchem-5.0.1/libgen/Atomic_PolEc.C, line 73:

 No atomic polarizability available.


 Q-Chem warning in module /opt/software/qchem/qchem-5.0.1/libgen/Atomic_PolEc.C, line 58:

 No atomic polarizability available.


 Q-Chem warning in module /opt/software/qchem/qchem-5.0.1/libgen/Atomic_PolEc.C, line 73:

 No atomic polarizability available.


 Q-Chem warning in module /opt/software/qchem/qchem-5.0.1/libgen/Atomic_PolEc.C, line 58:

 No atomic polarizability available.


 Q-Chem warning in module /opt/software/qchem/qchem-5.0.1/libgen/Atomic_PolEc.C, line 73:

 No atomic polarizability available.


 Q-Chem warning in module /opt/software/qchem/qchem-5.0.1/libgen/Atomic_PolEc.C, line 58:

 No atomic polarizability available.


 Q-Chem warning in module /opt/software/qchem/qchem-5.0.1/libgen/Atomic_PolEc.C, line 73:

 No atomic polarizability available.


 Q-Chem warning in module /opt/software/qchem/qchem-5.0.1/libgen/Atomic_PolEc.C, line 58:

 No atomic polarizability available.


 Q-Chem warning in module /opt/software/qchem/qchem-5.0.1/libgen/Atomic_PolEc.C, line 73:

 No atomic polarizability available.


 Q-Chem warning in module /opt/software/qchem/qchem-5.0.1/libgen/Atomic_PolEc.C, line 58:

 No atomic polarizability available.


 Q-Chem warning in module /opt/software/qchem/qchem-5.0.1/libgen/Atomic_PolEc.C, line 73:

 No atomic polarizability available.


 Q-Chem warning in module /opt/software/qchem/qchem-5.0.1/libgen/Atomic_PolEc.C, line 58:

 No atomic polarizability available.


 Q-Chem warning in module /opt/software/qchem/qchem-5.0.1/libgen/Atomic_PolEc.C, line 73:

 No atomic polarizability available.


 Q-Chem warning in module /opt/software/qchem/qchem-5.0.1/libgen/Atomic_PolEc.C, line 58:

 No atomic polarizability available.


 Q-Chem warning in module /opt/software/qchem/qchem-5.0.1/libgen/Atomic_PolEc.C, line 73:

 No atomic polarizability available.


 Q-Chem warning in module /opt/software/qchem/qchem-5.0.1/libgen/Atomic_PolEc.C, line 58:

 No atomic polarizability available.


 Q-Chem warning in module /opt/software/qchem/qchem-5.0.1/libgen/Atomic_PolEc.C, line 73:

 No atomic polarizability available.


 Q-Chem warning in module /opt/software/qchem/qchem-5.0.1/libgen/Atomic_PolEc.C, line 58:

 No atomic polarizability available.


 Q-Chem warning in module /opt/software/qchem/qchem-5.0.1/libgen/Atomic_PolEc.C, line 73:

 No atomic polarizability available.


 Q-Chem warning in module /opt/software/qchem/qchem-5.0.1/libgen/Atomic_PolEc.C, line 58:

 No atomic polarizability available.


 Q-Chem warning in module /opt/software/qchem/qchem-5.0.1/libgen/Atomic_PolEc.C, line 73:

 No atomic polarizability available.


 Q-Chem warning in module /opt/software/qchem/qchem-5.0.1/libgen/Atomic_PolEc.C, line 58:

 No atomic polarizability available.


 Q-Chem warning in module /opt/software/qchem/qchem-5.0.1/libgen/Atomic_PolEc.C, line 73:

 No atomic polarizability available.


 Q-Chem warning in module /opt/software/qchem/qchem-5.0.1/libgen/Atomic_PolEc.C, line 58:

 No atomic polarizability available.


 Q-Chem warning in module /opt/software/qchem/qchem-5.0.1/libgen/Atomic_PolEc.C, line 73:

 No atomic polarizability available.


 Q-Chem warning in module /opt/software/qchem/qchem-5.0.1/libgen/Atomic_PolEc.C, line 58:

 No atomic polarizability available.


 Q-Chem warning in module /opt/software/qchem/qchem-5.0.1/libgen/Atomic_PolEc.C, line 73:

 No atomic polarizability available.


 Q-Chem warning in module /opt/software/qchem/qchem-5.0.1/libgen/Atomic_PolEc.C, line 58:

 No atomic polarizability available.


 Q-Chem warning in module /opt/software/qchem/qchem-5.0.1/libgen/Atomic_PolEc.C, line 73:

 No atomic polarizability available.


 Q-Chem warning in module /opt/software/qchem/qchem-5.0.1/libgen/Atomic_PolEc.C, line 58:

 No atomic polarizability available.


 Q-Chem warning in module /opt/software/qchem/qchem-5.0.1/libgen/Atomic_PolEc.C, line 73:

 No atomic polarizability available.

 A restricted hybrid HF-DFT SCF calculation will be
 performed using Pulay DIIS extrapolation
 Exchange:     0.2000 Hartree-Fock + 0.0800 Slater + 0.7200 B88
 Correlation:  0.1900 VWN1RPA + 0.8100 LYP
 Using SG-1 standard quadrature grid
 Dispersion:   Grimme D3
 SCF converges when DIIS error is below 1.0E-08
 using 2 threads for integral computing
 -------------------------------------------------------
 OpenMP Integral computing Module                
 Release: version 1.0, May 2013, Q-Chem Inc. Pittsburgh 
 -------------------------------------------------------
 -------------------------------------------------------
 OpenMP BLAS3 based DFT computing Module                
 Release: version 1.0, May 2013, Q-Chem Inc. Pittsburgh 
 -------------------------------------------------------
 ---------------------------------------
  Cycle       Energy         DIIS Error
 ---------------------------------------
    1    -691.1650548283      1.68E-02
    2    -687.9408434858      2.16E-03
    3    -687.4063916952      3.90E-03
    4    -688.1658371389      8.62E-04
    5    -688.2079934588      2.36E-04
    6    -688.2105512556      8.28E-05
    7    -688.2109082513      2.00E-05
    8    -688.2109292697      5.88E-06
    9    -688.2109313307      1.61E-06
   10    -688.2109314513      8.55E-07
   11    -688.2109315069      1.17E-07
   12    -688.2109315070      1.14E-07
   13    -688.2109315077      1.24E-08
   14    -688.2109315076      5.70E-09 Convergence criterion met
 ---------------------------------------
 SCF time:  CPU 2211.20 s  wall 1114.97 s
 SCF   energy in the final basis set = -688.21093151
 Total energy in the final basis set = -688.21093151
 
 --------------------------------------------------------------
 
                    Orbital Energies (a.u.)
 --------------------------------------------------------------
 
 Alpha MOs
 -- Occupied --
-19.178 -19.178 -19.122 -19.122 -10.314 -10.314 -10.233 -10.233
-10.215 -10.214 -10.198 -10.198 -10.197 -10.197  -1.123  -1.117
 -1.033  -1.032  -0.887  -0.800  -0.787  -0.744  -0.733  -0.656
 -0.646  -0.596  -0.579  -0.555  -0.524  -0.516  -0.493  -0.492
 -0.485  -0.479  -0.472  -0.468  -0.440  -0.431  -0.416  -0.408
 -0.389  -0.387  -0.384  -0.369  -0.366  -0.324  -0.315  -0.301
 -0.297  -0.275  -0.272
 -- Virtual --
 -0.061  -0.046  -0.012  -0.007   0.003   0.004   0.012   0.016
  0.019   0.020   0.025   0.031   0.033   0.038   0.040   0.044
  0.050   0.051   0.055   0.056   0.058   0.062   0.066   0.070
  0.075   0.078   0.083   0.089   0.093   0.094   0.095   0.097
  0.102   0.103   0.106   0.108   0.111   0.113   0.114   0.115
  0.121   0.123   0.125   0.127   0.130   0.134   0.135   0.135
  0.139   0.139   0.143   0.145   0.147   0.149   0.152   0.156
  0.157   0.160   0.162   0.162   0.167   0.169   0.173   0.177
  0.179   0.180   0.184   0.186   0.188   0.190   0.194   0.196
  0.199   0.200   0.204   0.206   0.210   0.213   0.217   0.219
  0.220   0.222   0.224   0.229   0.232   0.234   0.239   0.240
  0.241   0.243   0.245   0.247   0.250   0.257   0.258   0.261
  0.263   0.264   0.267   0.271   0.274   0.276   0.278   0.281
  0.284   0.289   0.290   0.293   0.296   0.300   0.306   0.307
  0.309   0.311   0.314   0.319   0.323   0.326   0.328   0.332
  0.334   0.338   0.340   0.340   0.344   0.352   0.353   0.355
  0.361   0.362   0.368   0.370   0.371   0.375   0.378   0.379
  0.382   0.384   0.388   0.394   0.398   0.399   0.405   0.408
  0.411   0.415   0.419   0.423   0.427   0.429   0.433   0.438
  0.443   0.449   0.453   0.456   0.458   0.467   0.474   0.477
  0.488   0.490   0.499   0.504   0.509   0.512   0.514   0.520
  0.524   0.529   0.537   0.540   0.551   0.555   0.556   0.561
  0.565   0.570   0.578   0.583   0.586   0.591   0.592   0.603
  0.607   0.609   0.616   0.619   0.621   0.626   0.633   0.638
  0.641   0.645   0.647   0.652   0.661   0.665   0.667   0.671
  0.672   0.678   0.680   0.685   0.691   0.698   0.703   0.705
  0.709   0.718   0.721   0.725   0.727   0.731   0.737   0.741
  0.747   0.751   0.754   0.757   0.767   0.770   0.774   0.777
  0.790   0.795   0.799   0.801   0.814   0.821   0.832   0.834
  0.845   0.858   0.866   0.876   0.879   0.883   0.893   0.900
  0.903   0.909   0.924   0.929   0.941   0.948   0.957   0.964
  0.972   0.981   0.983   0.993   1.003   1.008   1.013   1.018
  1.024   1.027   1.039   1.053   1.054   1.059   1.065   1.076
  1.084   1.088   1.097   1.102   1.107   1.110   1.112   1.122
  1.122   1.132   1.144   1.154   1.155   1.171   1.179   1.194
  1.199   1.201   1.211   1.215   1.219   1.224   1.228   1.234
  1.242   1.259   1.268   1.280   1.290   1.299   1.302   1.310
  1.313   1.325   1.346   1.350   1.369   1.380   1.382   1.395
  1.399   1.400   1.435   1.446   1.452   1.457   1.466   1.472
  1.485   1.502   1.509   1.521   1.524   1.534   1.548   1.555
  1.558   1.559   1.567   1.573   1.573   1.578   1.585   1.591
  1.595   1.603   1.607   1.623   1.634   1.638   1.647   1.655
  1.658   1.679   1.683   1.707   1.716   1.718   1.723   1.731
  1.732   1.736   1.746   1.750   1.761   1.761   1.767   1.771
  1.781   1.792   1.795   1.802   1.808   1.811   1.819   1.828
  1.832   1.833   1.840   1.842   1.846   1.854   1.868   1.874
  1.893   1.898   1.899   1.909   1.914   1.922   1.936   1.941
  1.949   1.952   1.963   1.964   1.970   1.974   1.989   1.998
  2.002   2.006   2.010   2.012   2.020   2.036   2.061   2.063
  2.067   2.081   2.093   2.105   2.116   2.122   2.124   2.132
  2.142   2.146   2.150   2.164   2.181   2.185   2.190   2.200
  2.268   2.275   2.277   2.308   2.313   2.335   2.343   2.349
  2.350   2.356   2.370   2.386   2.388   2.393   2.398   2.411
  2.422   2.434   2.455   2.484   2.488   2.491   2.495   2.496
  2.504   2.508   2.508   2.512   2.521   2.531   2.535   2.543
  2.557   2.590   2.595   2.604   2.607   2.627   2.634   2.635
  2.644   2.647   2.650   2.662   2.669   2.686   2.688   2.697
  2.703   2.716   2.721   2.732   2.736   2.744   2.750   2.754
  2.763   2.769   2.774   2.782   2.785   2.792   2.819   2.833
  2.844   2.855   2.862   2.868   2.876   2.877   2.895   2.896
  2.898   2.900   2.905   2.916   2.928   2.948   2.953   2.967
  2.972   3.000   3.006   3.030   3.034   3.045   3.048   3.050
  3.057   3.064   3.074   3.077   3.085   3.107   3.110   3.117
  3.143   3.161   3.173   3.197   3.213   3.217   3.234   3.237
  3.245   3.249   3.254   3.281   3.287   3.290   3.298   3.321
  3.341   3.354   3.356   3.361   3.370   3.377   3.389   3.413
  3.420   3.425   3.437   3.478   3.493   3.499   3.522   3.529
  3.538   3.551   3.560   3.561   3.590   3.591   3.597   3.606
  3.614   3.649   3.654   3.663   3.669   3.730   3.777   3.785
  3.804   3.823   3.826   3.862   3.890   3.911   3.917   3.952
  4.021   4.031   4.037   4.067   4.083   4.093   4.114   4.148
  4.170   4.247   4.267   4.332   4.335   4.537   4.561   4.572
  4.576   4.676   4.707   4.754   4.782   4.797   4.806   4.825
  4.838   4.843   4.889   4.902   4.966   4.967   4.982   4.997
  5.049   5.053   5.104   5.147   5.172   5.195   5.203   5.204
  5.236   5.254   5.313   5.335   5.393   5.429   5.531   5.565
  5.580   5.617   5.625   5.701   5.738   5.875   5.895   6.118
  6.132   7.081   7.158   7.167   7.259   7.267   7.362   7.371
  7.415   7.703   7.705   7.780   7.788   7.792   7.799   7.817
  7.828   7.831   7.861   7.871   7.888   7.950   7.986   7.999
  8.013   8.049   8.080   8.252   8.364   8.614   8.954   9.750
 10.017  10.026  10.041  10.069  10.221  10.251  10.285  10.294
 10.354  13.536  13.590  13.614  13.687  13.698  13.719  13.853
 13.915  14.145  14.175  14.291  14.298  18.558  18.595  18.701
 18.756  23.626  23.845  23.858  23.925  23.936  23.939  23.991
 24.053  24.081  24.175  49.885  49.920  50.011  50.025  69.768
 69.863  69.915  69.943  69.952  69.998  70.024  70.046  70.080
 70.100 139.785 139.799 139.876 139.905
 --------------------------------------------------------------
 
          Ground-State Mulliken Net Atomic Charges

     Atom                 Charge (a.u.)
  ----------------------------------------
      1 C                     0.970826
      2 C                     0.819995
      3 C                    -0.935178
      4 C                    -0.637030
      5 O                     0.064347
      6 O                    -0.112012
      7 O                     0.071433
      8 O                    -0.182396
      9 C                    -0.339287
     10 C                    -0.192796
     11 C                    -0.438285
     12 C                    -0.189352
     13 C                    -0.245205
     14 C                    -0.427024
     15 H                     0.193920
     16 H                     0.170453
     17 H                     0.180701
     18 H                     0.191957
     19 H                     0.119636
     20 H                     0.170467
     21 H                     0.176732
     22 H                     0.183950
     23 H                     0.198089
     24 H                     0.187638
     25 GH                    0.064675
     26 GH                   -0.048115
     27 GH                   -0.019313
     28 GH                    0.019938
     29 GH                   -0.005153
     30 GH                   -0.000091
     31 GH                    0.000063
     32 GH                   -0.000740
     33 GH                   -0.002879
     34 GH                   -0.007497
     35 GH                   -0.007221
     36 GH                    0.009639
     37 GH                   -0.013689
     38 GH                   -0.002978
     39 GH                    0.000172
     40 GH                   -0.000698
     41 GH                   -0.000678
     42 GH                    0.001386
     43 GH                   -0.000161
     44 GH                    0.012507
     45 GH                    0.000276
     46 GH                    0.000123
     47 GH                    0.000612
     48 GH                   -0.001755
  ----------------------------------------
  Sum of atomic charges =     0.000000

 -----------------------------------------------------------------
                    Cartesian Multipole Moments
 -----------------------------------------------------------------
    Charge (ESU x 10^10)
                 0.0000
    Dipole Moment (Debye)
         X      -0.0469      Y      -0.1160      Z       0.0575
       Tot       0.1377
    Quadrupole Moments (Debye-Ang)
        XX     -61.3208     XY      -0.0455     YY     -84.2050
        XZ      -0.1252     YZ     -10.3946     ZZ     -86.4066
    Octopole Moments (Debye-Ang^2)
       XXX     -36.0209    XXY      29.4491    XYY     -30.6266
       YYY     118.8950    XXZ    -341.3833    XYZ     -19.1725
       YYZ    -460.0611    XZZ      -9.2738    YZZ     -69.8905
       ZZZ   -1450.0281
    Hexadecapole Moments (Debye-Ang^3)
      XXXX   -1732.9110   XXXY      19.7511   XXYY    -488.3002
      XYYY      44.2265   YYYY   -1328.2361   XXXZ    -199.0083
      XXYZ     140.7993   XYYZ    -151.1192   YYYZ     615.2600
      XXZZ   -2278.3878   XYZZ    -206.6988   YYZZ   -2801.3964
      XZZZ    -148.2459   YZZZ    -204.3209   ZZZZ  -16486.3037
 -----------------------------------------------------------------
Archival summary:
1\1\vega03.cac.cornell.edu\SP\ProcedureUnspecified\BasisUnspecified\41010h24\jj585\MonApr215:32:032018MonApr215:32:032018\0\\#,ProcedureUnspecified,BasisUnspecified,\\0,1\O\C,1,1.3512\O,2,1.2069,1,123.501\C,1,1.43752,2,116.164,3,4.8931,0\H,4,1.08772,1,105.376,2,179.706,0\H,4,1.09086,1,110.507,2,-60.681,0\H,4,1.09163,1,110.367,2,60.0909,0\C,2,1.49626,1,110.928,3,178.057,0\C,8,1.40634,2,119.012,1,-130.615,0\H,9,1.032,8,121.232,2,-2.14291,0\C,9,1.39616,8,117.536,2,177.857,0\H,11,1.08475,9,118.991,8,-179.6,0\C,11,1.38856,9,121.629,8,0.183585,0\H,13,1.08495,11,119.453,9,179.671,0\C,13,1.3959,11,121.575,9,-0.129654,0\H,15,1.032,13,121.26,11,-179.84,0\C,15,1.40604,13,117.481,11,0.160349,0\C,17,1.49803,15,118.266,13,177.84,0\O,18,1.20668,17,125.302,15,50.5403,0\O,18,1.35063,17,111.128,15,-126.75,0\C,20,1.43835,18,115.94,17,-178.519,0\H,21,1.08762,20,105.403,18,179.104,0\H,21,1.09103,20,110.475,18,-61.3232,0\H,21,1.0915,20,110.399,18,59.3962,0\Gh,5,2.78401,4,145.141,1,-14.3045,0\Gh,25,1.08762,5,145.884,4,73.6152,0\Gh,26,1.09103,25,110.661,5,-139.323,0\Gh,26,1.0915,25,110.808,5,99.5636,0\Gh,26,1.43835,25,105.403,5,-19.873,0\Gh,29,1.35063,26,115.94,25,179.104,0\Gh,30,1.20668,29,123.512,26,4.13325,0\Gh,30,1.49803,29,111.128,26,-178.519,0\Gh,32,1.40604,30,118.266,29,-126.75,0\Gh,33,1.032,32,121.26,30,-2.16035,0\Gh,33,1.3959,32,117.481,30,177.84,0\Gh,35,1.08495,33,118.972,32,-179.641,0\Gh,35,1.38856,33,121.575,32,0.160349,0\Gh,37,1.08475,35,119.38,33,179.653,0\Gh,37,1.39616,35,121.629,33,-0.129654,0\Gh,39,1.032,37,121.232,35,-179.817,0\Gh,39,1.40634,37,117.536,35,0.183585,0\Gh,41,1.49626,39,119.012,37,177.857,0\Gh,42,1.2069,41,125.54,39,47.3939,0\Gh,42,1.3512,41,110.928,39,-130.615,0\Gh,44,1.43752,42,116.164,41,-177.05,0\Gh,45,1.08772,44,105.376,42,179.706,0\Gh,45,1.09086,44,110.507,42,-60.681,0\Gh,45,1.09163,44,110.367,42,60.0909,0\\\@

 Total job time:  1116.67s(wall), 2213.36s(cpu) 
 Mon Apr  2 15:32:03 2018

        *************************************************************
        *                                                           *
        *  Thank you very much for using Q-Chem.  Have a nice day.  *
        *                                                           *
        *************************************************************


0 sent ACK to 0 
now end server 0 ... 
