mFile = /opt/software/qchem/qchem-5.0.1//bin/mpi/machines
Process 0 of 1 is on vega03.cac.cornell.edu - thread support 0
initial socket setup ...start
initial socket setup ...done 
now start server 0 ... 
vega03 10.84.3
Q-Chem Developer Version! Running on 10.84.3.*
                  Welcome to Q-Chem
     A Quantum Leap Into The Future Of Chemistry


 Q-Chem 5.0, Q-Chem, Inc., Pleasanton, CA (2017)

 Yihan Shao,  Zhengting Gan,  E. Epifanovsky,  A. T. B. Gilbert,  M. Wormit,  
 J. Kussmann,  A. W. Lange,  A. Behn,  Jia Deng,  Xintian Feng,  D. Ghosh,  
 M. Goldey,  P. R. Horn,  L. D. Jacobson,  I. Kaliman,  T. Kus,  A. Landau,  
 Jie Liu,  E. I. Proynov,  R. M. Richard,  R. P. Steele,  E. J. Sundstrom,  
 H. L. Woodcock III,  P. M. Zimmerman,  D. Zuev,  B. Albrecht,  E. Alguire,  
 S. A. Baeppler,  Z. Benda,  Y. A. Bernard,  E. J. Berquist,  K. B. Bravaya,  
 D. Casanova,  Chun-Min Chang,  Yunqing Chen,  A. Chien,  K. D. Closser,  
 M. P. Coons,  S. Dasgupta,  M. Diedenhofen,  Hainam Do,  R. G. Edgar,  
 Po-Tung Fang,  S. Fatehi,  Qingguo Feng,  Qinghui Ge,  A. Ghysels,  
 J. Gomes,  J. Gonthier,  A. Gunina,  M. W. D. Hanson-Heine,  
 P. H. P. Harbach,  A. W. Hauser,  J. E. Herr,  E. G. Hohenstein,  
 Z. C. Holden,  Kerwin Hui,  T.-C. Jagau,  Hyunjun Ji,  B. Kaduk,  
 K. Khistyaev,  Jaehoon Kim,  P. Klunzinger,  K. Koh,  D. Kosenkov,  
 T. Kowalczyk,  C. M. Krauter,  A. Kunitsa,  Ka Un Lao,  A. Laurent,  
 K. V. Lawler,  Joonho Lee,  D. Lefrancois,  S. Lehtola,  D. S. Levine,  
 Yi-Pei Li,  You-Sheng Lin,  Fenglai Liu,  E. Livshits,  A. Luenser,  
 P. Manohar,  E. Mansoor,  S. F. Manzer,  Shan-Ping Mao,  Yuezhi Mao,  
 N. Mardirossian,  A. V. Marenich,  L. A. Martinez-Martinez,  S. A. Maurer,  
 N. J. Mayhall,  S. C. McKenzie,  J.-M. Mewes,  A. F. Morrison,  K. Nanda,  
 T. S. Nguyen-Beck,  R. Olivares-Amaya,  J. A. Parkhill,  T. M. Perrine,  
 F. Plasser,  S. Prager,  A. Prociuk,  D. R. Rehn,  F. Rob,  M. Schneider,  
 N. Sergueev,  S. M. Sharada,  S. Sharma,  D. W. Small,  T. Stauch,  
 T. Stein,  Yu-Chuan Su,  A. J. W. Thom,  T. Tsuchimochi,  L. Vogt,  
 O. Vydrov,  M. A. Watson,  J. Wenzel,  M. de Wergifosse,  T. A. Wesolowski,  
 A. White,  J. Witte,  A. Yamada,  Jun Yang,  K. Yao,  S. Yeganeh,  
 S. R. Yost,  Zhi-Qiang You,  A. Zech,  Igor Ying Zhang,  Xing Zhang,  
 Yan Zhao,  Ying Zhu,  B. R. Brooks,  G. K. L. Chan,  C. J. Cramer,  
 M. S. Gordon,  W. J. Hehre,  A. Klamt,  M. W. Schmidt,  C. D. Sherrill,  
 D. G. Truhlar,  A. Aspuru-Guzik,  R. Baer,  A. T. Bell,  N. A. Besley,  
 Jeng-Da Chai,  A. Dreuw,  B. D. Dunietz,  T. R. Furlani,  Chao-Ping Hsu,  
 Yousung Jung,  Jing Kong,  D. S. Lambrecht,  WanZhen Liang,  C. Ochsenfeld,  
 V. A. Rassolov,  L. V. Slipchenko,  J. E. Subotnik,  T. Van Voorhis,  
 J. M. Herbert,  A. I. Krylov,  P. M. W. Gill,  M. Head-Gordon

 Contributors to earlier versions of Q-Chem not listed above: 
 R. D. Adamson,  B. Austin,  J. Baker,  G. J. O. Beran,  K. Brandhorst,  
 S. T. Brown,  E. F. C. Byrd,  A. K. Chakraborty,  C.-L. Cheng,  
 Siu Hung Chien,  D. M. Chipman,  D. L. Crittenden,  H. Dachsel,  
 R. A. DiStasio Jr.,  R. J. Doerksen,  A. D. Dutoi,  L. Fusti-Molnar,  
 W. A. Goddard III,  A. Golubeva-Zadorozhnaya,  S. R. Gwaltney,  G. Hawkins,  
 A. Heyden,  S. Hirata,  G. Kedziora,  F. J. Keil,  C. Kelley,  Jihan Kim,  
 R. A. King,  R. Z. Khaliullin,  P. P. Korambath,  W. Kurlancheek,  
 A. M. Lee,  M. S. Lee,  S. V. Levchenko,  Ching Yeh Lin,  D. Liotard,  
 R. C. Lochan,  I. Lotan,  P. E. Maslen,  N. Nair,  D. P. O'Neill,  
 D. Neuhauser,  E. Neuscamman,  C. M. Oana,  R. Olson,  B. Peters,  
 R. Peverati,  P. A. Pieniazek,  Y. M. Rhee,  J. Ritchie,  M. A. Rohrdanz,  
 E. Rosta,  N. J. Russ,  H. F. Schaefer III,  N. E. Schultz,  N. Shenvi,  
 A. C. Simmonett,  A. Sodt,  D. Stuck,  K. S. Thanthiriwatte,  V. Vanovschi,  
 Tao Wang,  A. Warshel,  C. F. Williams,  Q. Wu,  X. Xu,  W. Zhang

 Please cite Q-Chem as follows:
 Y. Shao et al., Mol. Phys. 113, 184-215 (2015)
 DOI: 10.1080/00268976.2014.952696

 Q-Chem 5.0.1 for Intel X86 EM64T Linux

 Parts of Q-Chem use Armadillo 5.200.1 (Boston Tea Smuggler).
 http://arma.sourceforge.net/

 Q-Chem begins on Mon Apr  2 17:07:39 2018  

Host: vega03.cac.cornell.edu
0

     Scratch files written to /scratch/jj585/vdw/11n01_distance_5.600_11.save//
 Parallel job on  1  processors

Checking the input file for inconsistencies... 	...done.

--------------------------------------------------------------
User input:
--------------------------------------------------------------
$molecule
0  1
--
0  1
C        -0.54444000        -0.68370000        -0.06689000
C        -0.55709000        +0.71878000        +0.05493000
C        +0.74969000        -1.43776000        -0.09374000
C        +0.72843000        +1.48436000        +0.06598000
O        +1.53645000        -1.09176000        +0.94813000
O        +1.04702000        -2.28405000        -0.90088000
O        +1.53784000        +1.08301000        -0.93877000
O        +1.01035000        +2.37097000        +0.83478000
C        +2.83449000        +1.70121000        -0.99358000
C        +2.82316000        -1.73208000        +1.00475000
C        -1.74320000        -1.41616000        -0.12552000
C        -2.93952000        -0.70056000        -0.05285000
C        -2.95313000        +0.68255000        +0.06934000
C        -1.77161000        +1.42404000        +0.12810000
H        +2.73835000        +2.77989000        -1.12464000
H        +2.70778000        -2.81319000        +1.09555000
H        -3.90354000        +1.20325000        +0.11710000
H        +3.38998000        +1.50093000        -0.07544000
H        +3.33184000        +1.25269000        -1.85067000
H        +3.31095000        -1.32281000        +1.88650000
H        +3.39889000        -1.50934000        +0.10459000
H        -3.87892000        -1.24211000        -0.08988000
C        -1.83960000        +2.92746000        +0.24839000
H        -1.24214000        +3.42352000        -0.52065000
H        -1.45503000        +3.26427000        +1.21284000
H        -2.87211000        +3.26623000        +0.14638000
H        -1.73878000        -2.44393000        -0.21875000
--
0  1
C        -0.50590000        -1.17197000        +5.51165000
C        -0.51855000        +0.23051000        +5.63347000
C        +0.78823000        -1.92603000        +5.48480000
C        +0.76697000        +0.99609000        +5.64452000
O        +1.57499000        -1.58003000        +6.52667000
O        +1.08556000        -2.77232000        +4.67766000
O        +1.57638000        +0.59474000        +4.63977000
O        +1.04889000        +1.88270000        +6.41332000
C        +2.87303000        +1.21294000        +4.58496000
C        +2.86170000        -2.22035000        +6.58329000
C        -1.70466000        -1.90443000        +5.45302000
C        -2.90098000        -1.18883000        +5.52569000
C        -2.91459000        +0.19428000        +5.64788000
C        -1.73307000        +0.93577000        +5.70664000
H        +2.77689000        +2.29162000        +4.45390000
H        +2.74632000        -3.30146000        +6.67409000
H        -3.86500000        +0.71498000        +5.69564000
H        +3.42852000        +1.01266000        +5.50310000
H        +3.37038000        +0.76442000        +3.72787000
H        +3.34949000        -1.81108000        +7.46504000
H        +3.43743000        -1.99761000        +5.68313000
H        -3.84038000        -1.73038000        +5.48866000
C        -1.80106000        +2.43919000        +5.82693000
H        -1.20360000        +2.93525000        +5.05789000
H        -1.41649000        +2.77600000        +6.79138000
H        -2.83357000        +2.77796000        +5.72492000
H        -1.70024000        -2.93220000        +5.35979000
$end

$rem
JOBTYPE                   SP
METHOD                    B3LYP
DFT_D                     d3_op
BASIS                     6-311++G(d,p)
SYMMETRY                  False
THRESH                    12
SCF_CONVERGENCE           8
MAX_SUB_FILE_NUM          128
MEM_STATIC                400
MEM_TOTAL                 4000
$end
--------------------------------------------------------------
 Adding empirical dispersion correction 
 ----------------------------------------------------------------
 Doing -D3(op) with
 s6 =   1.00000
 s8 =   0.78311
 a1 =   0.30000
 a2 =   4.25000
 n  =  10.00000
 -D3 energy without 3body term =     -0.0623762828 hartrees
 ----------------------------------------------------------------
             Standard Nuclear Orientation (Angstroms)
    I     Atom           X                Y                Z
 ----------------------------------------------------------------
    1      C      -2.7669436061     0.2381400837     1.2074188113
    2      C      -2.8320320640     0.7402345366    -0.1062078245
    3      C      -2.6739973580    -1.2355954328     1.4595387938
    4      C      -2.9027914764    -0.1999222276    -1.2680575883
    5      O      -1.6752044319    -1.7906510649     0.7394510696
    6      O      -3.3573902599    -1.8543097278     2.2381617033
    7      O      -3.8331085189    -1.1571519001    -1.0583661776
    8      O      -2.2538928847    -0.1123476744    -2.2818972866
    9      C      -3.9494639819    -2.1624590006    -2.0792949892
   10      C      -1.5146999934    -3.2132308576     0.8785309365
   11      C      -2.7463995521     1.1055395483     2.3138349973
   12      C      -2.7873510437     2.4771616556     2.0578631212
   13      C      -2.8495236795     2.9735086721     0.7625318497
   14      C      -2.8713972020     2.1253785087    -0.3462722101
   15      H      -4.2235946251    -1.7089046947    -3.0327681391
   16      H      -1.2833770096    -3.4718783561     1.9129134408
   17      H      -2.8856134419     4.0461246266     0.6047940327
   18      H      -3.0045231197    -2.6963974668    -2.1961656839
   19      H      -4.7319568410    -2.8346368995    -1.7343134262
   20      H      -0.6875366928    -3.4760664795     0.2230598162
   21      H      -2.4275291849    -3.7303263324     0.5773311634
   22      H      -2.7667096473     3.1686001670     2.8936900777
   23      C      -2.9522068269     2.7139835585    -1.7342123819
   24      H      -3.7709294372     2.2785558274    -2.3126174953
   25      H      -2.0350655343     2.5279033535    -2.2961063846
   26      H      -3.1139044542     3.7918326913    -1.6763921651
   27      H      -2.7026974234     0.7418981963     3.2786549977
   28      C       2.8270754281     0.3709136116     0.9853294331
   29      C       2.7619869702     0.8730080645    -0.3282972027
   30      C       2.9200216762    -1.1028219048     1.2374494157
   31      C       2.6912275577    -0.0671486997    -1.4901469665
   32      O       3.9188146023    -1.6578775369     0.5173616915
   33      O       2.2366287742    -1.7215361999     2.0160723251
   34      O       1.7609105152    -1.0243783722    -1.2804555557
   35      O       3.3401261495     0.0204258535    -2.5039866647
   36      C       1.6445550522    -2.0296854727    -2.3013843674
   37      C       4.0793190407    -3.0804573297     0.6564415583
   38      C       2.8476194821     1.2383130762     2.0917456191
   39      C       2.8066679904     2.6099351836     1.8357737431
   40      C       2.7444953547     3.1062822000     0.5404424715
   41      C       2.7226218322     2.2581520366    -0.5683615883
   42      H       1.3704244090    -1.5761311668    -3.2548575173
   43      H       4.3106420245    -3.3391048282     1.6908240626
   44      H       2.7084055923     4.1788981545     0.3827046546
   45      H       2.5894959145    -2.5636239388    -2.4182550621
   46      H       0.8620621932    -2.7018633716    -1.9564028044
   47      H       4.9064823413    -3.3432929516     0.0009704381
   48      H       3.1664898493    -3.5975528045     0.3552417852
   49      H       2.8273093869     3.3013736949     2.6716006996
   50      C       2.6418122072     2.8467570864    -1.9563017601
   51      H       1.8230895970     2.4113293553    -2.5347068735
   52      H       3.5589534998     2.6606768814    -2.5181957628
   53      H       2.4801145800     3.9246062192    -1.8984815433
   54      H       2.8913216108     0.8746717242     3.0565656196
 ----------------------------------------------------------------
 Molecular Point Group                 C1    NOp =  1
 Largest Abelian Subgroup              C1    NOp =  1
 Nuclear Repulsion Energy =  3034.1133465826 hartrees
 There are      110 alpha and      110 beta electrons
 Requested basis set is 6-311++G(d,p)
 There are 300 shells and 828 basis functions

 Total QAlloc Memory Limit   4000 MB
 Mega-Array Size       392 MB
 MEM_STATIC part       400 MB
 A cutoff of  1.0D-12 yielded  30898 shell pairs
 There are    235467 function pairs (    249822 Cartesian)
 
 -------------------------------------------------------
 OpenMP Integral Computing Module                       
 Release: version 1.0, May 2013, Q-Chem Inc. Pittsburgh 
 -------------------------------------------------------
 Integral Job Info:
 Integral job number is                      11
 Integral operator is                         1
 short-range coefficients                     0
 long-range coefficients              100000000
 Omega coefficients                           0
 if combine SR and LR in K                    0
 Integral screening is                        0
 Integral computing path is                   2
 max size of driver memory is            800000
 size of driver memory is                593474
 size of scratch memory is              2361544
 max col of scratch BK array               1296
 max len of scratch array in speh3          155
 max len of scratch index in speh4           18
 max int batch size is                      520
 min int batch size is                       52
 fixed nKL is                                52
 max L of basis functions is                  2
 order of int derivative is                   0
 number of shells is                        300
 number of basis is                         858
 number of cartesian basis is               858
 number of contracted shell pairs         30898
 number of primitive shell pairs          67187
 maxK2 (contraction) of shell pair           36
 max number of K2 of shell pair               1
 max number of CS2 of shell pair           6219
 max number of PS2 of shell pair          11238
 mem total for path MDJ                  447642
 -------------------------------------------------------
 Smallest overlap matrix eigenvalue = 8.27E-08
 Linear dependence detected in AO basis
 Number of orthogonalized atomic orbitals = 822
 Maximum deviation from orthogonality = 3.334E-10

 Scale SEOQF with 1.000000e-01/1.000000e-01/1.000000e-01

 Standard Electronic Orientation quadrupole field applied
 Nucleus-field energy     =     0.0000000667 hartrees
 Guess from superposition of atomic densities
 Warning:  Energy on first SCF cycle will be non-variational
 A restricted hybrid HF-DFT SCF calculation will be
 performed using Pulay DIIS extrapolation
 Exchange:     0.2000 Hartree-Fock + 0.0800 Slater + 0.7200 B88
 Correlation:  0.1900 VWN1RPA + 0.8100 LYP
 Using SG-1 standard quadrature grid
 Dispersion:   Grimme D3
 SCF converges when DIIS error is below 1.0E-08
 using 2 threads for integral computing
 -------------------------------------------------------
 OpenMP Integral computing Module                
 Release: version 1.0, May 2013, Q-Chem Inc. Pittsburgh 
 -------------------------------------------------------
 -------------------------------------------------------
 OpenMP BLAS3 based DFT computing Module                
 Release: version 1.0, May 2013, Q-Chem Inc. Pittsburgh 
 -------------------------------------------------------
 ---------------------------------------
  Cycle       Energy         DIIS Error
 ---------------------------------------
    1   -1461.3617375510      2.26E-02
    2   -1454.4935910592      2.91E-03
    3   -1453.4597750908      5.05E-03
    4   -1454.9838531066      1.22E-03
    5   -1455.0852897624      2.99E-04
    6   -1455.0900265806      1.23E-04
    7   -1455.0909561046      2.78E-05
    8   -1455.0909943665      1.46E-05
    9   -1455.0910068878      3.71E-06
   10   -1455.0910077332      9.03E-07
   11   -1455.0910077891      2.23E-07
   12   -1455.0910077923      1.07E-07
   13   -1455.0910077929      4.02E-08
   14   -1455.0910077929      1.04E-08
   15   -1455.0910077930      5.84E-09 Convergence criterion met
 ---------------------------------------
 SCF time:  CPU 3257.24 s  wall 1635.74 s
 SCF   energy in the final basis set = -1455.09100779
 Total energy in the final basis set = -1455.09100779
 
 --------------------------------------------------------------
 
                    Orbital Energies (a.u.)
 --------------------------------------------------------------
 
 Alpha MOs
 -- Occupied --
-19.176 -19.176 -19.173 -19.170 -19.120 -19.118 -19.117 -19.114
-10.312 -10.310 -10.309 -10.306 -10.233 -10.232 -10.229 -10.226
-10.209 -10.208 -10.205 -10.205 -10.204 -10.204 -10.191 -10.191
-10.189 -10.188 -10.187 -10.187 -10.173 -10.170  -1.120  -1.119
 -1.112  -1.110  -1.032  -1.029  -1.028  -1.025  -0.883  -0.883
 -0.799  -0.798  -0.792  -0.792  -0.745  -0.744  -0.729  -0.728
 -0.702  -0.701  -0.653  -0.652  -0.624  -0.624  -0.579  -0.578
 -0.574  -0.570  -0.547  -0.547  -0.519  -0.518  -0.511  -0.511
 -0.490  -0.490  -0.486  -0.486  -0.480  -0.479  -0.476  -0.475
 -0.470  -0.469  -0.445  -0.444  -0.433  -0.432  -0.430  -0.429
 -0.427  -0.425  -0.411  -0.409  -0.405  -0.403  -0.393  -0.393
 -0.382  -0.380  -0.376  -0.374  -0.368  -0.367  -0.363  -0.362
 -0.361  -0.359  -0.320  -0.320  -0.311  -0.309  -0.295  -0.294
 -0.291  -0.290  -0.267  -0.266  -0.262  -0.261
 -- Virtual --
 -0.057  -0.056  -0.037  -0.035  -0.016  -0.011  -0.004   0.002
  0.004   0.009   0.010   0.011   0.013   0.017   0.019   0.022
  0.026   0.027   0.029   0.033   0.036   0.039   0.040   0.042
  0.044   0.047   0.049   0.050   0.058   0.062   0.063   0.065
  0.068   0.072   0.075   0.080   0.083   0.088   0.088   0.089
  0.092   0.098   0.101   0.104   0.105   0.108   0.109   0.110
  0.111   0.113   0.114   0.117   0.118   0.121   0.122   0.124
  0.126   0.129   0.130   0.130   0.132   0.135   0.137   0.139
  0.140   0.142   0.142   0.144   0.146   0.149   0.152   0.153
  0.154   0.156   0.158   0.159   0.162   0.163   0.169   0.170
  0.171   0.175   0.177   0.178   0.178   0.182   0.184   0.186
  0.187   0.190   0.192   0.193   0.197   0.198   0.200   0.204
  0.206   0.209   0.211   0.212   0.217   0.219   0.220   0.222
  0.224   0.227   0.228   0.231   0.234   0.237   0.238   0.240
  0.245   0.246   0.248   0.250   0.253   0.254   0.257   0.260
  0.264   0.264   0.266   0.271   0.273   0.273   0.274   0.280
  0.282   0.284   0.285   0.287   0.290   0.290   0.292   0.296
  0.299   0.302   0.304   0.308   0.312   0.314   0.317   0.318
  0.320   0.324   0.327   0.330   0.331   0.334   0.336   0.340
  0.341   0.347   0.347   0.353   0.357   0.361   0.362   0.366
  0.367   0.369   0.372   0.376   0.381   0.384   0.385   0.387
  0.390   0.392   0.395   0.397   0.400   0.402   0.404   0.406
  0.410   0.413   0.418   0.425   0.432   0.433   0.437   0.445
  0.451   0.453   0.458   0.462   0.464   0.471   0.477   0.487
  0.497   0.500   0.505   0.512   0.514   0.518   0.523   0.526
  0.529   0.534   0.534   0.539   0.547   0.550   0.555   0.561
  0.564   0.565   0.568   0.573   0.577   0.578   0.585   0.592
  0.595   0.598   0.601   0.606   0.610   0.614   0.616   0.620
  0.625   0.627   0.628   0.635   0.649   0.649   0.652   0.656
  0.661   0.662   0.665   0.671   0.672   0.674   0.674   0.679
  0.683   0.687   0.687   0.692   0.694   0.698   0.701   0.707
  0.709   0.714   0.717   0.721   0.729   0.729   0.731   0.734
  0.741   0.745   0.752   0.756   0.757   0.761   0.763   0.770
  0.773   0.779   0.785   0.789   0.790   0.795   0.798   0.804
  0.815   0.818   0.820   0.824   0.827   0.841   0.847   0.852
  0.859   0.868   0.872   0.879   0.879   0.894   0.896   0.899
  0.908   0.925   0.931   0.934   0.942   0.949   0.965   0.967
  0.973   0.981   0.986   0.999   1.009   1.012   1.020   1.025
  1.031   1.039   1.047   1.054   1.058   1.063   1.066   1.071
  1.082   1.086   1.090   1.098   1.105   1.112   1.116   1.120
  1.137   1.152   1.157   1.164   1.166   1.180   1.189   1.197
  1.207   1.214   1.217   1.221   1.230   1.239   1.247   1.253
  1.255   1.265   1.275   1.283   1.294   1.300   1.304   1.310
  1.312   1.320   1.322   1.336   1.339   1.345   1.360   1.361
  1.378   1.381   1.385   1.392   1.393   1.397   1.403   1.410
  1.417   1.422   1.435   1.440   1.448   1.466   1.469   1.470
  1.473   1.482   1.485   1.488   1.493   1.507   1.516   1.521
  1.526   1.530   1.532   1.542   1.552   1.555   1.557   1.563
  1.565   1.570   1.575   1.579   1.583   1.590   1.594   1.599
  1.601   1.606   1.611   1.615   1.622   1.626   1.631   1.641
  1.644   1.649   1.663   1.665   1.675   1.676   1.691   1.696
  1.703   1.713   1.715   1.721   1.724   1.726   1.728   1.733
  1.742   1.746   1.753   1.756   1.767   1.770   1.778   1.782
  1.789   1.792   1.796   1.798   1.802   1.803   1.813   1.820
  1.822   1.833   1.848   1.859   1.863   1.868   1.874   1.887
  1.898   1.900   1.921   1.923   1.927   1.930   1.938   1.945
  1.955   1.958   1.971   1.976   1.992   1.999   2.005   2.007
  2.017   2.017   2.032   2.041   2.061   2.064   2.067   2.075
  2.094   2.098   2.101   2.109   2.122   2.125   2.130   2.138
  2.149   2.154   2.160   2.166   2.191   2.194   2.204   2.211
  2.236   2.237   2.249   2.252   2.283   2.287   2.308   2.314
  2.343   2.347   2.383   2.388   2.412   2.416   2.442   2.451
  2.456   2.462   2.488   2.491   2.494   2.500   2.501   2.508
  2.511   2.516   2.521   2.524   2.538   2.544   2.548   2.557
  2.570   2.582   2.584   2.591   2.592   2.602   2.603   2.609
  2.613   2.629   2.640   2.640   2.657   2.661   2.668   2.672
  2.694   2.700   2.705   2.712   2.713   2.721   2.725   2.739
  2.754   2.760   2.764   2.771   2.778   2.780   2.787   2.789
  2.798   2.812   2.831   2.834   2.838   2.844   2.851   2.857
  2.865   2.869   2.876   2.877   2.891   2.898   2.902   2.905
  2.907   2.910   2.914   2.919   2.935   2.937   2.953   2.956
  2.969   2.974   3.009   3.015   3.036   3.038   3.049   3.051
  3.061   3.066   3.077   3.088   3.103   3.105   3.119   3.128
  3.133   3.134   3.180   3.185   3.212   3.222   3.228   3.229
  3.240   3.248   3.258   3.260   3.261   3.266   3.286   3.287
  3.318   3.323   3.372   3.376   3.385   3.386   3.411   3.417
  3.448   3.461   3.521   3.526   3.564   3.567   3.594   3.598
  3.628   3.630   3.651   3.667   3.697   3.717   3.736   3.763
  3.778   3.781   3.792   3.794   3.796   3.799   3.830   3.839
  3.861   3.865   3.871   3.884   3.923   3.943   4.040   4.042
  4.045   4.051   4.077   4.077   4.114   4.123   4.155   4.158
  4.163   4.165   4.274   4.282   4.335   4.353   4.362   4.367
  4.843   4.845   5.049   5.069   5.120   5.125   5.162   5.172
  5.202   5.226   5.246   5.260   5.266   5.282   5.401   5.403
  5.433   5.447   5.621   5.623   5.631   5.634   5.884   5.886
  5.901   5.910  23.581  23.622  23.850  23.856  23.859  23.876
 23.928  23.929  23.933  23.934  23.942  23.946  23.952  23.963
 23.994  24.011  24.059  24.062  24.081  24.084  24.175  24.176
 49.889  49.896  49.927  49.929  50.018  50.019  50.031  50.036
 --------------------------------------------------------------
 
          Ground-State Mulliken Net Atomic Charges

     Atom                 Charge (a.u.)
  ----------------------------------------
      1 C                     0.467217
      2 C                     1.144862
      3 C                    -0.510264
      4 C                    -0.966001
      5 O                     0.103448
      6 O                    -0.182716
      7 O                     0.079447
      8 O                    -0.101218
      9 C                    -0.191612
     10 C                    -0.322722
     11 C                    -0.599745
     12 C                    -0.164661
     13 C                    -0.463221
     14 C                     0.222899
     15 H                     0.167494
     16 H                     0.196640
     17 H                     0.144821
     18 H                     0.176245
     19 H                     0.172092
     20 H                     0.108345
     21 H                     0.185375
     22 H                     0.184826
     23 C                    -0.558222
     24 H                     0.173466
     25 H                     0.193235
     26 H                     0.147316
     27 H                     0.188947
     28 C                     0.650714
     29 C                     0.958521
     30 C                    -0.857810
     31 C                    -0.746321
     32 O                     0.067459
     33 O                    -0.109581
     34 O                     0.099895
     35 O                    -0.158769
     36 C                    -0.312003
     37 C                    -0.187098
     38 C                    -0.570508
     39 C                    -0.156054
     40 C                    -0.502169
     41 C                     0.319045
     42 H                     0.191285
     43 H                     0.170749
     44 H                     0.145248
     45 H                     0.193566
     46 H                     0.114896
     47 H                     0.171786
     48 H                     0.171826
     49 H                     0.185645
     50 C                    -0.556025
     51 H                     0.194083
     52 H                     0.212453
     53 H                     0.136858
     54 H                     0.176018
  ----------------------------------------
  Sum of atomic charges =     0.000000

 -----------------------------------------------------------------
                    Cartesian Multipole Moments
 -----------------------------------------------------------------
    Charge (ESU x 10^10)
                 0.0000
    Dipole Moment (Debye)
         X       0.2634      Y       0.3551      Z      -0.8248
       Tot       0.9359
    Quadrupole Moments (Debye-Ang)
        XX    -182.9313     XY      -7.1618     YY    -144.1118
        XZ      17.0112     YZ      14.1601     ZZ    -179.9731
    Octopole Moments (Debye-Ang^2)
       XXX       8.3637    XXY     -37.7920    XYY      20.4870
       YYY     -56.8420    XXZ     -25.4137    XYZ     -25.1447
       YYZ     -26.8592    XZZ      -8.0323    YZZ       8.7002
       ZZZ      10.6942
    Hexadecapole Moments (Debye-Ang^3)
      XXXX   -9228.3785   XXXY    -180.2697   XXYY   -1970.7974
      XYYY     -57.4950   YYYY   -4026.5465   XXXZ     425.3987
      XXYZ     114.9236   XYYZ      53.4276   YYYZ      44.4942
      XXZZ   -2041.4551   XYZZ     -19.9826   YYZZ   -1164.8732
      XZZZ     114.4393   YZZZ     114.5817   ZZZZ   -2907.3820
 -----------------------------------------------------------------
Archival summary:
1\1\vega03.cac.cornell.edu\SP\ProcedureUnspecified\BasisUnspecified\82224\jj585\MonApr217:34:572018MonApr217:34:572018\0\\#,ProcedureUnspecified,BasisUnspecified,\\0,1\O\C,1,1.3512\O,2,1.2069,1,123.501\C,1,1.43752,2,116.164,3,4.8931,0\H,4,1.08772,1,105.376,2,179.706,0\H,4,1.09086,1,110.507,2,-60.681,0\H,4,1.09163,1,110.367,2,60.0909,0\C,2,1.49626,1,110.928,3,178.057,0\C,8,1.40634,2,119.012,1,-130.615,0\C,9,1.39616,8,117.536,2,177.857,0\H,10,1.08475,9,118.991,8,-179.6,0\C,10,1.38856,9,121.629,8,0.183585,0\H,12,1.08495,10,119.453,9,179.671,0\C,12,1.3959,10,121.575,9,-0.129654,0\H,14,1.032,12,121.26,10,-179.84,0\C,14,1.40604,12,117.481,10,0.160349,0\C,16,1.49803,14,118.266,12,177.84,0\O,17,1.20668,16,125.302,14,50.5403,0\O,17,1.35063,16,111.128,14,-126.75,0\C,19,1.43835,17,115.94,16,-178.519,0\H,20,1.08762,19,105.403,17,179.104,0\H,20,1.09103,19,110.475,17,-61.3232,0\H,20,1.0915,19,110.399,17,59.3962,0\C,9,1.50976,8,122.848,2,-1.37569,0\H,24,1.09144,9,110.135,8,171.975,0\H,24,1.09156,9,111.21,8,-67.4939,0\H,24,1.09291,9,111.796,8,51.7903,0\H,5,2.78401,4,145.141,1,-14.3045,0\C,28,1.08762,5,145.884,4,73.6152,0\H,29,1.09103,28,110.661,5,-139.323,0\H,29,1.0915,28,110.808,5,99.5636,0\O,29,1.43835,28,105.403,5,-19.873,0\C,32,1.35063,29,115.94,28,179.104,0\O,33,1.20668,32,123.512,29,4.13325,0\C,33,1.49803,32,111.128,29,-178.519,0\C,35,1.40604,33,118.266,32,-126.75,0\H,36,1.032,35,121.26,33,-2.16035,0\C,36,1.3959,35,117.481,33,177.84,0\H,38,1.08495,36,118.972,35,-179.641,0\C,38,1.38856,36,121.575,35,0.160349,0\H,40,1.08475,38,119.38,36,179.653,0\C,40,1.39616,38,121.629,36,-0.129654,0\C,42,1.40634,40,117.536,38,0.183585,0\C,43,1.49626,42,119.012,40,177.857,0\O,44,1.2069,43,125.54,42,47.3939,0\O,44,1.3512,43,110.928,42,-130.615,0\C,46,1.43752,44,116.164,43,-177.05,0\H,47,1.08772,46,105.376,44,179.706,0\H,47,1.09086,46,110.507,44,-60.681,0\H,47,1.09163,46,110.367,44,60.0909,0\C,42,1.50976,40,119.611,38,179.442,0\H,51,1.09144,42,110.135,40,-7.24194,0\H,51,1.09156,42,111.21,40,113.289,0\H,51,1.09291,42,111.796,40,-127.427,0\\\@

 Total job time:  1637.85s(wall), 3259.89s(cpu) 
 Mon Apr  2 17:34:57 2018

        *************************************************************
        *                                                           *
        *  Thank you very much for using Q-Chem.  Have a nice day.  *
        *                                                           *
        *************************************************************


0 sent ACK to 0 
now end server 0 ... 
