mFile = /opt/software/qchem/qchem-5.0.1//bin/mpi/machines
Process 0 of 1 is on vega01.cac.cornell.edu - thread support 0
initial socket setup ...start
initial socket setup ...done 
now start server 0 ... 
localhost 127.0.0
Q-Chem Developer Version! Running on 127.0.0.*
                  Welcome to Q-Chem
     A Quantum Leap Into The Future Of Chemistry


 Q-Chem 5.0, Q-Chem, Inc., Pleasanton, CA (2017)

 Yihan Shao,  Zhengting Gan,  E. Epifanovsky,  A. T. B. Gilbert,  M. Wormit,  
 J. Kussmann,  A. W. Lange,  A. Behn,  Jia Deng,  Xintian Feng,  D. Ghosh,  
 M. Goldey,  P. R. Horn,  L. D. Jacobson,  I. Kaliman,  T. Kus,  A. Landau,  
 Jie Liu,  E. I. Proynov,  R. M. Richard,  R. P. Steele,  E. J. Sundstrom,  
 H. L. Woodcock III,  P. M. Zimmerman,  D. Zuev,  B. Albrecht,  E. Alguire,  
 S. A. Baeppler,  Z. Benda,  Y. A. Bernard,  E. J. Berquist,  K. B. Bravaya,  
 D. Casanova,  Chun-Min Chang,  Yunqing Chen,  A. Chien,  K. D. Closser,  
 M. P. Coons,  S. Dasgupta,  M. Diedenhofen,  Hainam Do,  R. G. Edgar,  
 Po-Tung Fang,  S. Fatehi,  Qingguo Feng,  Qinghui Ge,  A. Ghysels,  
 J. Gomes,  J. Gonthier,  A. Gunina,  M. W. D. Hanson-Heine,  
 P. H. P. Harbach,  A. W. Hauser,  J. E. Herr,  E. G. Hohenstein,  
 Z. C. Holden,  Kerwin Hui,  T.-C. Jagau,  Hyunjun Ji,  B. Kaduk,  
 K. Khistyaev,  Jaehoon Kim,  P. Klunzinger,  K. Koh,  D. Kosenkov,  
 T. Kowalczyk,  C. M. Krauter,  A. Kunitsa,  Ka Un Lao,  A. Laurent,  
 K. V. Lawler,  Joonho Lee,  D. Lefrancois,  S. Lehtola,  D. S. Levine,  
 Yi-Pei Li,  You-Sheng Lin,  Fenglai Liu,  E. Livshits,  A. Luenser,  
 P. Manohar,  E. Mansoor,  S. F. Manzer,  Shan-Ping Mao,  Yuezhi Mao,  
 N. Mardirossian,  A. V. Marenich,  L. A. Martinez-Martinez,  S. A. Maurer,  
 N. J. Mayhall,  S. C. McKenzie,  J.-M. Mewes,  A. F. Morrison,  K. Nanda,  
 T. S. Nguyen-Beck,  R. Olivares-Amaya,  J. A. Parkhill,  T. M. Perrine,  
 F. Plasser,  S. Prager,  A. Prociuk,  D. R. Rehn,  F. Rob,  M. Schneider,  
 N. Sergueev,  S. M. Sharada,  S. Sharma,  D. W. Small,  T. Stauch,  
 T. Stein,  Yu-Chuan Su,  A. J. W. Thom,  T. Tsuchimochi,  L. Vogt,  
 O. Vydrov,  M. A. Watson,  J. Wenzel,  M. de Wergifosse,  T. A. Wesolowski,  
 A. White,  J. Witte,  A. Yamada,  Jun Yang,  K. Yao,  S. Yeganeh,  
 S. R. Yost,  Zhi-Qiang You,  A. Zech,  Igor Ying Zhang,  Xing Zhang,  
 Yan Zhao,  Ying Zhu,  B. R. Brooks,  G. K. L. Chan,  C. J. Cramer,  
 M. S. Gordon,  W. J. Hehre,  A. Klamt,  M. W. Schmidt,  C. D. Sherrill,  
 D. G. Truhlar,  A. Aspuru-Guzik,  R. Baer,  A. T. Bell,  N. A. Besley,  
 Jeng-Da Chai,  A. Dreuw,  B. D. Dunietz,  T. R. Furlani,  Chao-Ping Hsu,  
 Yousung Jung,  Jing Kong,  D. S. Lambrecht,  WanZhen Liang,  C. Ochsenfeld,  
 V. A. Rassolov,  L. V. Slipchenko,  J. E. Subotnik,  T. Van Voorhis,  
 J. M. Herbert,  A. I. Krylov,  P. M. W. Gill,  M. Head-Gordon

 Contributors to earlier versions of Q-Chem not listed above: 
 R. D. Adamson,  B. Austin,  J. Baker,  G. J. O. Beran,  K. Brandhorst,  
 S. T. Brown,  E. F. C. Byrd,  A. K. Chakraborty,  C.-L. Cheng,  
 Siu Hung Chien,  D. M. Chipman,  D. L. Crittenden,  H. Dachsel,  
 R. A. DiStasio Jr.,  R. J. Doerksen,  A. D. Dutoi,  L. Fusti-Molnar,  
 W. A. Goddard III,  A. Golubeva-Zadorozhnaya,  S. R. Gwaltney,  G. Hawkins,  
 A. Heyden,  S. Hirata,  G. Kedziora,  F. J. Keil,  C. Kelley,  Jihan Kim,  
 R. A. King,  R. Z. Khaliullin,  P. P. Korambath,  W. Kurlancheek,  
 A. M. Lee,  M. S. Lee,  S. V. Levchenko,  Ching Yeh Lin,  D. Liotard,  
 R. C. Lochan,  I. Lotan,  P. E. Maslen,  N. Nair,  D. P. O'Neill,  
 D. Neuhauser,  E. Neuscamman,  C. M. Oana,  R. Olson,  B. Peters,  
 R. Peverati,  P. A. Pieniazek,  Y. M. Rhee,  J. Ritchie,  M. A. Rohrdanz,  
 E. Rosta,  N. J. Russ,  H. F. Schaefer III,  N. E. Schultz,  N. Shenvi,  
 A. C. Simmonett,  A. Sodt,  D. Stuck,  K. S. Thanthiriwatte,  V. Vanovschi,  
 Tao Wang,  A. Warshel,  C. F. Williams,  Q. Wu,  X. Xu,  W. Zhang

 Please cite Q-Chem as follows:
 Y. Shao et al., Mol. Phys. 113, 184-215 (2015)
 DOI: 10.1080/00268976.2014.952696

 Q-Chem 5.0.1 for Intel X86 EM64T Linux

 Parts of Q-Chem use Armadillo 5.200.1 (Boston Tea Smuggler).
 http://arma.sourceforge.net/

 Q-Chem begins on Mon Apr 16 17:28:18 2018  

Host: vega01.cac.cornell.edu
0

     Scratch files written to /scratch/jj585/vdw/1101_distance_7.000_11.save//
 Parallel job on  1  processors

Checking the input file for inconsistencies... 	...done.

--------------------------------------------------------------
User input:
--------------------------------------------------------------
$molecule
0  1
--
0  1
C        +0.22270000        +1.04488000        +0.58595000
C        +0.62626000        -0.41353000        +0.99871000
C        -1.18200000        +1.23223000        +0.04377000
C        -0.37457000        -1.51643000        +0.72333000
O        -2.09172000        +0.78832000        +0.93966000
O        -1.47336000        +1.75939000        -0.99882000
O        -0.91364000        -1.42792000        -0.50620000
O        -0.62208000        -2.40877000        +1.49911000
C        -1.86134000        -2.44741000        -0.86560000
C        -3.47068000        +0.87492000        +0.53920000
C        +1.33008000        +1.39974000        -0.43491000
C        +2.63070000        +1.71700000        +0.32855000
C        +3.04336000        +0.29351000        +0.80300000
C        +1.94423000        -0.59299000        +0.15262000
O        +1.62840000        +0.13663000        -1.04376000
H        +0.27811000        +1.68786000        +1.46900000
H        +0.83923000        -0.48042000        +2.06408000
H        -2.68749000        -2.46677000        -0.15296000
H        -3.76076000        +1.91522000        +0.38406000
H        +3.37234000        +2.13782000        -0.35195000
H        +2.48236000        +2.42488000        +1.14651000
H        +4.02182000        +0.00994000        +0.41161000
H        +3.07359000        +0.18738000        +1.88928000
H        -2.21148000        -2.17765000        -1.85937000
H        -1.38062000        -3.42697000        -0.88096000
H        -4.03855000        +0.43623000        +1.35671000
H        -3.63120000        +0.31700000        -0.38495000
C        +2.35450000        -2.01267000        -0.16812000
H        +3.26311000        -2.00678000        -0.77366000
H        +2.54990000        -2.57059000        +0.75079000
H        +1.57335000        -2.52896000        -0.72872000
H        +1.03270000        +2.19943000        -1.08064000
--
0  1
C        +0.25922000        +3.11331000        +7.27327000
C        +0.66278000        +1.65490000        +7.68603000
C        -1.14548000        +3.30066000        +6.73109000
C        -0.33805000        +0.55200000        +7.41065000
O        -2.05520000        +2.85675000        +7.62698000
O        -1.43684000        +3.82782000        +5.68850000
O        -0.87712000        +0.64051000        +6.18112000
O        -0.58556000        -0.34034000        +8.18643000
C        -1.82482000        -0.37898000        +5.82172000
C        -3.43416000        +2.94335000        +7.22652000
C        +1.36660000        +3.46817000        +6.25241000
C        +2.66722000        +3.78543000        +7.01587000
C        +3.07988000        +2.36194000        +7.49032000
C        +1.98075000        +1.47544000        +6.83994000
O        +1.66492000        +2.20506000        +5.64356000
H        +0.31463000        +3.75629000        +8.15632000
H        +0.87575000        +1.58801000        +8.75140000
H        -2.65097000        -0.39834000        +6.53436000
H        -3.72424000        +3.98365000        +7.07138000
H        +3.40886000        +4.20625000        +6.33537000
H        +2.51888000        +4.49331000        +7.83383000
H        +4.05834000        +2.07837000        +7.09893000
H        +3.11011000        +2.25581000        +8.57660000
H        -2.17496000        -0.10922000        +4.82795000
H        -1.34410000        -1.35854000        +5.80636000
H        -4.00203000        +2.50466000        +8.04403000
H        -3.59468000        +2.38543000        +6.30237000
C        +2.39102000        +0.05576000        +6.51920000
H        +3.29963000        +0.06165000        +5.91366000
H        +2.58642000        -0.50216000        +7.43811000
H        +1.60987000        -0.46053000        +5.95860000
H        +1.06922000        +4.26786000        +5.60668000
$end

$rem
JOBTYPE                   SP
METHOD                    B3LYP
DFT_D                     d3_op
BASIS                     6-311++G(d,p)
SYMMETRY                  False
THRESH                    12
SCF_CONVERGENCE           8
MAX_SUB_FILE_NUM          128
MEM_STATIC                400
MEM_TOTAL                 4000
$end
--------------------------------------------------------------
 Adding empirical dispersion correction 
 ----------------------------------------------------------------
 Doing -D3(op) with
 s6 =   1.00000
 s8 =   0.78311
 a1 =   0.30000
 a2 =   4.25000
 n  =  10.00000
 -D3 energy without 3body term =     -0.0764585585 hartrees
 ----------------------------------------------------------------
             Standard Nuclear Orientation (Angstroms)
    I     Atom           X                Y                Z
 ----------------------------------------------------------------
    1      C      -2.6964986588     0.2013378260     1.0938887089
    2      C      -2.7860958881     0.5570340238    -0.4311174454
    3      C      -3.1623918952    -1.1857434478     1.4953738233
    4      C      -3.4234940015    -0.4664033808    -1.3477322866
    5      O      -2.4752602119    -2.1262312104     0.8093721638
    6      O      -3.9744772085    -1.4402229099     2.3471601055
    7      O      -4.5603395143    -0.9759836877    -0.8397119161
    8      O      -2.9905808894    -0.7543250081    -2.4381697484
    9      C      -5.2487024256    -1.9422802989    -1.6515560339
   10      C      -2.8405793175    -3.4933479144     1.0680849816
   11      C      -3.5287191292     1.3397379488     1.7309330344
   12      C      -2.6879481401     2.6313345817     1.7353765969
   13      C      -2.7076623624     2.9957040453     0.2225775020
   14      C      -3.6281896973     1.8879374806    -0.3626111986
   15      O      -4.5184847801     1.6177194205     0.7318182889
   16      H      -1.6495836710     0.2544735209     1.4060048045
   17      H      -1.8007848140     0.7448608520    -0.8538784887
   18      H      -4.5926321175    -2.7840063614    -1.8792035426
   19      H      -2.6453035462    -3.7523240688     2.1098323793
   20      H      -3.1815416155     3.3985300484     2.3336877274
   21      H      -1.6833133566     2.4839791206     2.1368149253
   22      H      -3.1593693903     3.9746189199     0.0532598195
   23      H      -1.7177992807     2.9994031185    -0.2382251289
   24      H      -6.1008035149    -2.2633865358    -1.0567772444
   25      H      -5.5824167278    -1.4874476389    -2.5857013424
   26      H      -2.2216172606    -4.0903384856     0.4019497978
   27      H      -3.8992929825    -3.6483824623     0.8531796913
   28      C      -4.3967854156     2.2673703623    -1.6083953825
   29      H      -4.9553204948     3.1888142419    -1.4315755363
   30      H      -3.7127051624     2.4278304930    -2.4451380122
   31      H      -5.1060758414     1.4852409659    -1.8844456420
   32      H      -3.8761175109     1.0777992927     2.7084854363
   33      C       4.2982590413     0.1466918389     0.8286271582
   34      C       4.2086618120     0.5023880367    -0.6963789961
   35      C       3.8323658049    -1.2403894350     1.2301122725
   36      C       3.5712636986    -0.5210493679    -1.6129938374
   37      O       4.5194974883    -2.1808771976     0.5441106131
   38      O       3.0202804916    -1.4948688971     2.0818985548
   39      O       2.4344181859    -1.0306296748    -1.1049734669
   40      O       4.0041768108    -0.8089709952    -2.7034312991
   41      C       1.7460552745    -1.9969262861    -1.9168175846
   42      C       4.1541783826    -3.5479939015     0.8028234309
   43      C       3.4660385709     1.2850919616     1.4656714837
   44      C       4.3068095601     2.5766885945     1.4701150462
   45      C       4.2870953377     2.9410580581    -0.0426840487
   46      C       3.3665680029     1.8332914935    -0.6278727493
   47      O       2.4762729200     1.5630734334     0.4665567382
   48      H       5.3451740291     0.1998275338     1.1407432538
   49      H       5.1939728861     0.6902148649    -1.1191400394
   50      H       2.4021255826    -2.8386523486    -2.1444650933
   51      H       4.3494541540    -3.8069700560     1.8445708285
   52      H       3.8132160847     3.3438840613     2.0684261766
   53      H       5.3114443436     2.4293331334     1.8715533745
   54      H       3.8353883098     3.9199729328    -0.2120017312
   55      H       5.2769584194     2.9447571314    -0.5034866797
   56      H       0.8939541852    -2.3180325230    -1.3220387952
   57      H       1.4123409723    -1.5420936260    -2.8509628931
   58      H       4.7731404395    -4.1449844727     0.1366882470
   59      H       3.0954647176    -3.7030284495     0.5879181406
   60      C       2.5979722846     2.2127243752    -1.8736569333
   61      H       2.0394372054     3.1341682547    -1.6968370871
   62      H       3.2820525377     2.3731845058    -2.7103995629
   63      H       1.8886818587     1.4305949788    -2.1497071927
   64      H       3.1186401893     1.0231533055     2.4432238855
 ----------------------------------------------------------------
 Molecular Point Group                 C1    NOp =  1
 Largest Abelian Subgroup              C1    NOp =  1
 Nuclear Repulsion Energy =  3570.7074170148 hartrees
 There are      122 alpha and      122 beta electrons
 Requested basis set is 6-311++G(d,p)
 There are 352 shells and 928 basis functions

 Total QAlloc Memory Limit   4000 MB
 Mega-Array Size       392 MB
 MEM_STATIC part       400 MB
 A cutoff of  1.0D-12 yielded  41025 shell pairs
 There are    279533 function pairs (    295933 Cartesian)
 Smallest overlap matrix eigenvalue = 6.85E-07
 Linear dependence detected in AO basis
 Number of orthogonalized atomic orbitals = 926
 Maximum deviation from orthogonality = 1.131E-10

 Scale SEOQF with 1.000000e-02/1.000000e-01/1.000000e-01

 Standard Electronic Orientation quadrupole field applied
 Nucleus-field energy     =     0.0000000226 hartrees
 Guess from superposition of atomic densities
 Warning:  Energy on first SCF cycle will be non-variational
 A restricted hybrid HF-DFT SCF calculation will be
 performed using Pulay DIIS extrapolation
 Exchange:     0.2000 Hartree-Fock + 0.0800 Slater + 0.7200 B88
 Correlation:  0.1900 VWN1RPA + 0.8100 LYP
 Using SG-1 standard quadrature grid
 Dispersion:   Grimme D3
 SCF converges when DIIS error is below 1.0E-08
 ---------------------------------------
  Cycle       Energy         DIIS Error
 ---------------------------------------
    1   -1616.9189850074      2.08E-02
    2   -1609.7513552874      2.70E-03
    3   -1608.7903651344      4.45E-03
    4   -1610.3023302431      1.04E-03
    5   -1610.3906872207      2.66E-04
    6   -1610.3953306108      1.06E-04
    7   -1610.3961790564      2.53E-05
    8   -1610.3962224342      9.82E-06
    9   -1610.3962317636      2.87E-06
   10   -1610.3962322819      1.19E-06
   11   -1610.3962319972      2.69E-07
   12   -1610.3962321738      1.07E-07
   13   -1610.3962321149      2.66E-08
   14   -1610.3962320925      1.18E-08
   15   -1610.3962320972      5.05E-09 Convergence criterion met
 ---------------------------------------
 SCF time:  CPU 6345.70 s  wall 6360.28 s
 SCF   energy in the final basis set = -1610.39623210
 Total energy in the final basis set = -1610.39623210
 
 --------------------------------------------------------------
 
                    Orbital Energies (a.u.)
 --------------------------------------------------------------
 
 Alpha MOs
 -- Occupied --
-19.177 -19.173 -19.171 -19.171 -19.135 -19.126 -19.121 -19.116
-19.115 -19.114 -10.311 -10.306 -10.304 -10.304 -10.248 -10.241
-10.233 -10.232 -10.229 -10.229 -10.228 -10.223 -10.207 -10.206
-10.200 -10.199 -10.182 -10.181 -10.175 -10.173 -10.172 -10.168
 -1.121  -1.117  -1.114  -1.110  -1.067  -1.059  -1.032  -1.028
 -1.026  -1.026  -0.835  -0.828  -0.798  -0.792  -0.787  -0.779
 -0.747  -0.743  -0.730  -0.726  -0.699  -0.693  -0.657  -0.651
 -0.608  -0.602  -0.593  -0.586  -0.569  -0.566  -0.564  -0.558
 -0.536  -0.530  -0.520  -0.514  -0.512  -0.507  -0.494  -0.492
 -0.488  -0.487  -0.485  -0.480  -0.476  -0.473  -0.473  -0.469
 -0.463  -0.457  -0.445  -0.440  -0.435  -0.431  -0.426  -0.422
 -0.418  -0.413  -0.407  -0.401  -0.398  -0.395  -0.392  -0.386
 -0.384  -0.377  -0.374  -0.371  -0.371  -0.366  -0.363  -0.357
 -0.356  -0.354  -0.351  -0.346  -0.336  -0.335  -0.329  -0.327
 -0.321  -0.317  -0.313  -0.310  -0.291  -0.286  -0.283  -0.278
 -0.277  -0.270
 -- Virtual --
 -0.022  -0.017  -0.012  -0.011  -0.007  -0.002   0.001   0.004
  0.006   0.008   0.012   0.014   0.015   0.016   0.022   0.027
  0.029   0.032   0.033   0.036   0.039   0.042   0.042   0.044
  0.046   0.049   0.050   0.054   0.057   0.061   0.062   0.066
  0.067   0.071   0.073   0.074   0.076   0.082   0.086   0.086
  0.089   0.090   0.091   0.094   0.098   0.099   0.101   0.103
  0.106   0.107   0.110   0.112   0.114   0.115   0.116   0.117
  0.119   0.120   0.123   0.124   0.128   0.129   0.130   0.132
  0.133   0.133   0.135   0.137   0.138   0.140   0.142   0.143
  0.144   0.147   0.147   0.150   0.151   0.152   0.154   0.154
  0.156   0.158   0.160   0.161   0.163   0.164   0.166   0.168
  0.170   0.172   0.173   0.175   0.178   0.179   0.180   0.182
  0.183   0.184   0.186   0.188   0.190   0.191   0.193   0.195
  0.197   0.199   0.201   0.203   0.204   0.208   0.209   0.210
  0.214   0.215   0.217   0.218   0.219   0.220   0.223   0.225
  0.227   0.229   0.231   0.232   0.235   0.238   0.240   0.243
  0.244   0.248   0.252   0.255   0.255   0.261   0.262   0.265
  0.266   0.267   0.268   0.272   0.274   0.276   0.278   0.280
  0.281   0.282   0.284   0.288   0.291   0.291   0.296   0.300
  0.302   0.304   0.305   0.308   0.309   0.311   0.312   0.315
  0.319   0.322   0.325   0.328   0.330   0.336   0.336   0.338
  0.341   0.343   0.346   0.348   0.350   0.351   0.352   0.356
  0.357   0.360   0.361   0.364   0.365   0.367   0.369   0.373
  0.376   0.378   0.379   0.384   0.385   0.388   0.390   0.391
  0.393   0.394   0.396   0.404   0.408   0.409   0.412   0.414
  0.417   0.424   0.425   0.427   0.429   0.432   0.438   0.439
  0.441   0.445   0.450   0.452   0.456   0.460   0.465   0.475
  0.482   0.485   0.487   0.495   0.496   0.503   0.507   0.507
  0.519   0.522   0.525   0.527   0.529   0.536   0.539   0.545
  0.548   0.551   0.557   0.561   0.562   0.569   0.572   0.574
  0.583   0.583   0.587   0.594   0.596   0.601   0.602   0.604
  0.607   0.611   0.617   0.619   0.622   0.628   0.634   0.638
  0.646   0.647   0.648   0.650   0.653   0.655   0.659   0.661
  0.664   0.667   0.671   0.675   0.679   0.684   0.685   0.687
  0.692   0.693   0.696   0.699   0.700   0.703   0.707   0.711
  0.715   0.718   0.720   0.725   0.726   0.728   0.731   0.736
  0.739   0.742   0.747   0.750   0.753   0.756   0.758   0.765
  0.767   0.771   0.776   0.780   0.783   0.784   0.790   0.794
  0.806   0.808   0.811   0.817   0.820   0.824   0.829   0.836
  0.839   0.848   0.853   0.860   0.861   0.864   0.870   0.877
  0.885   0.889   0.893   0.905   0.922   0.929   0.944   0.957
  0.969   0.980   0.991   0.998   1.021   1.029   1.033   1.046
  1.058   1.061   1.064   1.069   1.073   1.078   1.081   1.101
  1.110   1.117   1.120   1.130   1.138   1.144   1.151   1.157
  1.163   1.174   1.178   1.183   1.190   1.195   1.203   1.206
  1.213   1.219   1.222   1.223   1.225   1.237   1.249   1.253
  1.258   1.259   1.267   1.273   1.276   1.280   1.283   1.289
  1.297   1.299   1.310   1.311   1.322   1.329   1.333   1.337
  1.344   1.348   1.362   1.372   1.379   1.383   1.387   1.390
  1.399   1.405   1.409   1.413   1.416   1.429   1.436   1.441
  1.445   1.453   1.458   1.465   1.466   1.468   1.475   1.479
  1.483   1.487   1.506   1.510   1.514   1.525   1.530   1.531
  1.536   1.542   1.547   1.554   1.555   1.566   1.567   1.568
  1.575   1.576   1.580   1.585   1.586   1.593   1.595   1.598
  1.605   1.608   1.615   1.617   1.622   1.625   1.627   1.630
  1.642   1.646   1.650   1.656   1.667   1.668   1.671   1.678
  1.680   1.688   1.693   1.699   1.701   1.704   1.705   1.709
  1.712   1.716   1.717   1.723   1.732   1.732   1.736   1.739
  1.746   1.749   1.757   1.766   1.771   1.773   1.784   1.791
  1.803   1.805   1.806   1.814   1.821   1.822   1.826   1.830
  1.834   1.838   1.847   1.852   1.860   1.866   1.870   1.878
  1.887   1.896   1.898   1.902   1.916   1.918   1.926   1.938
  1.943   1.949   1.954   1.962   1.985   1.986   1.988   1.991
  1.995   1.999   2.016   2.021   2.031   2.034   2.043   2.048
  2.053   2.059   2.068   2.073   2.077   2.087   2.112   2.117
  2.122   2.125   2.129   2.136   2.141   2.145   2.147   2.150
  2.154   2.160   2.163   2.172   2.175   2.182   2.203   2.206
  2.210   2.214   2.231   2.236   2.238   2.250   2.258   2.266
  2.286   2.294   2.316   2.322   2.339   2.348   2.373   2.379
  2.398   2.402   2.419   2.427   2.445   2.451   2.459   2.467
  2.469   2.476   2.480   2.495   2.498   2.504   2.506   2.509
  2.513   2.515   2.520   2.521   2.531   2.533   2.536   2.539
  2.541   2.554   2.566   2.572   2.583   2.592   2.593   2.597
  2.603   2.614   2.618   2.625   2.631   2.636   2.638   2.651
  2.657   2.666   2.674   2.689   2.692   2.708   2.714   2.720
  2.726   2.736   2.749   2.758   2.769   2.770   2.777   2.784
  2.807   2.820   2.825   2.828   2.836   2.837   2.844   2.845
  2.860   2.863   2.868   2.869   2.873   2.879   2.882   2.885
  2.896   2.905   2.909   2.917   2.922   2.926   2.942   2.951
  2.957   2.962   2.968   2.978   3.004   3.006   3.026   3.030
  3.034   3.039   3.046   3.048   3.054   3.063   3.070   3.076
  3.083   3.086   3.101   3.106   3.111   3.115   3.124   3.133
  3.135   3.140   3.159   3.160   3.171   3.183   3.191   3.199
  3.220   3.224   3.230   3.235   3.243   3.246   3.259   3.266
  3.268   3.272   3.303   3.314   3.346   3.348   3.358   3.364
  3.366   3.375   3.392   3.399   3.403   3.410   3.434   3.443
  3.585   3.590   3.594   3.600   3.609   3.612   3.666   3.677
  3.695   3.701   3.734   3.741   3.780   3.784   3.789   3.792
  3.823   3.826   3.827   3.834   3.841   3.847   3.860   3.868
  3.937   3.945   3.960   3.967   4.047   4.055   4.072   4.073
  4.077   4.083   4.090   4.096   4.131   4.135   4.142   4.148
  4.149   4.151   4.175   4.177   4.224   4.230   4.256   4.260
  4.263   4.271   4.436   4.444   4.499   4.505   5.046   5.063
  5.115   5.126   5.172   5.179   5.194   5.208   5.220   5.224
  5.263   5.271   5.281   5.286   5.412   5.424   5.441   5.442
  5.521   5.537   5.627   5.630   5.644   5.647   5.671   5.676
  5.886   5.894   5.904   5.915  23.793  23.798  23.844  23.846
 23.853  23.863  23.894  23.905  23.906  23.918  23.932  23.943
 23.949  23.952  23.963  23.974  23.976  23.981  23.986  23.993
 24.057  24.067  49.909  49.920  49.946  49.951  49.991  49.992
 50.040  50.048  50.051  50.054
 --------------------------------------------------------------
 
          Ground-State Mulliken Net Atomic Charges

     Atom                 Charge (a.u.)
  ----------------------------------------
      1 C                    -0.003156
      2 C                     0.501158
      3 C                    -0.725669
      4 C                    -0.818058
      5 O                     0.022973
      6 O                    -0.194801
      7 O                     0.016240
      8 O                    -0.114763
      9 C                    -0.187537
     10 C                    -0.220753
     11 C                    -0.152399
     12 C                    -0.373805
     13 C                    -0.498374
     14 C                    -0.032164
     15 O                    -0.052143
     16 H                     0.235179
     17 H                     0.317062
     18 H                     0.193901
     19 H                     0.179991
     20 H                     0.193244
     21 H                     0.125775
     22 H                     0.174561
     23 H                     0.090518
     24 H                     0.176486
     25 H                     0.175599
     26 H                     0.145039
     27 H                     0.179820
     28 C                    -0.165742
     29 H                     0.181370
     30 H                     0.161060
     31 H                     0.180090
     32 H                     0.291433
     33 C                    -0.001343
     34 C                     0.508901
     35 C                    -0.523928
     36 C                    -0.806946
     37 O                    -0.009298
     38 O                    -0.150758
     39 O                     0.021096
     40 O                    -0.116756
     41 C                    -0.225324
     42 C                    -0.184031
     43 C                    -0.221991
     44 C                    -0.561949
     45 C                    -0.345519
     46 C                    -0.263031
     47 O                     0.073546
     48 H                     0.246617
     49 H                     0.284956
     50 H                     0.198080
     51 H                     0.172000
     52 H                     0.181153
     53 H                     0.128740
     54 H                     0.167423
     55 H                     0.144972
     56 H                     0.157013
     57 H                     0.186040
     58 H                     0.165058
     59 H                     0.180509
     60 C                    -0.218968
     61 H                     0.180918
     62 H                     0.176492
     63 H                     0.183234
     64 H                     0.270957
  ----------------------------------------
  Sum of atomic charges =     0.000000

 -----------------------------------------------------------------
                    Cartesian Multipole Moments
 -----------------------------------------------------------------
    Charge (ESU x 10^10)
                 0.0000
    Dipole Moment (Debye)
         X       2.6573      Y       0.0641      Z       0.2046
       Tot       2.6660
    Quadrupole Moments (Debye-Ang)
        XX    -190.6082     XY       8.2999     YY    -164.0606
        XZ      20.3096     YZ       1.1481     ZZ    -207.2538
    Octopole Moments (Debye-Ang^2)
       XXX      85.7186    XXY     -24.8145    XYY       1.7957
       YYY    -106.7305    XXZ     -13.9456    XYZ     -22.2507
       YYZ      -5.8725    XZZ     -14.7397    YZZ      22.3989
       ZZZ      31.4130
    Hexadecapole Moments (Debye-Ang^3)
      XXXX  -15061.8948   XXXY     349.5120   XXYY   -2961.5612
      XYYY     -79.7443   YYYY   -4287.8403   XXXZ     780.8164
      XXYZ      11.0325   XYYZ      33.8926   YYYZ     -35.0350
      XXZZ   -3190.6733   XYZZ      -1.8114   YYZZ   -1195.8857
      XZZZ     108.0240   YZZZ      17.8060   ZZZZ   -2824.9990
 -----------------------------------------------------------------
Archival summary:
1\1\vega01.cac.cornell.edu\SP\ProcedureUnspecified\BasisUnspecified\102232\jj585\MonApr1619:14:212018MonApr1619:14:212018\0\\#,ProcedureUnspecified,BasisUnspecified,\\0,1\O\C,1,1.34543\O,2,1.20804,1,123.598\C,1,1.43759,2,116.484,3,1.88648,0\H,4,1.08763,1,105.353,2,177.393,0\H,4,1.09122,1,110.39,2,57.5626,0\H,4,1.09127,1,110.468,2,-63.158,0\C,2,1.51456,1,112.521,3,177.156,0\H,8,1.08851,2,105.218,1,169.467,0\C,8,1.5685,2,117.337,1,44.9607,0\H,10,1.09374,8,108.73,2,123.22,0\C,10,1.51731,8,116.554,2,4.55568,0\O,12,1.20407,10,125.979,8,-126.895,0\O,12,1.35176,10,110.223,8,56.6764,0\C,14,1.43854,12,116.158,10,-178.482,0\H,15,1.08777,14,105.482,12,177.492,0\H,15,1.09107,14,110.6,12,-62.8398,0\H,15,1.09137,14,110.239,12,57.9539,0\C,10,1.54738,8,101.696,2,-119.387,0\H,19,1.07,10,111.755,8,159.179,0\O,19,1.43358,10,103.124,8,32.1918,0\C,21,1.43646,19,98.0224,10,-55.9256,0\C,22,1.51218,21,111.091,19,-178.393,0\H,23,1.09134,22,111.033,21,-57.0184,0\H,23,1.09192,22,109.775,21,62.6469,0\H,23,1.09264,22,110.458,21,-177.522,0\C,19,1.54115,10,108.926,8,-76.1436,0\H,27,1.09096,19,110.128,10,-170.072,0\H,27,1.09186,19,112.95,10,-49.1929,0\C,22,1.55466,21,102.371,19,-54.4128,0\H,30,1.09132,22,109.614,21,-87.4148,0\H,30,1.09187,22,112.355,21,152.676,0\H,24,3.97008,23,130.182,22,84.2488,0\C,33,1.08851,24,176.188,23,-53.7243,0\C,34,1.51456,33,105.218,24,-138.931,0\O,35,1.20804,34,123.816,33,-13.3842,0\O,35,1.34543,34,112.521,33,169.467,0\C,37,1.43759,35,116.484,34,179.042,0\H,38,1.08763,37,105.353,35,177.393,0\H,38,1.09122,37,110.39,35,57.5626,0\H,38,1.09127,37,110.468,35,-63.158,0\C,34,1.5685,33,111.41,24,-10.7717,0\H,42,1.09374,34,108.73,33,1.88124,0\C,42,1.51731,34,116.554,33,-116.783,0\O,44,1.20407,42,125.979,34,-126.895,0\O,44,1.35176,42,110.223,34,56.6764,0\C,46,1.43854,44,116.158,42,-178.482,0\H,47,1.08777,46,105.482,44,177.492,0\H,47,1.09107,46,110.6,44,-62.8398,0\H,47,1.09137,46,110.239,44,57.9539,0\C,42,1.54738,34,101.696,33,119.274,0\H,51,1.07,42,111.755,34,159.179,0\O,51,1.43358,42,103.124,34,32.1918,0\C,53,1.43646,51,98.0224,42,-55.9256,0\C,54,1.51218,53,111.091,51,-178.393,0\H,55,1.09134,54,111.033,53,-57.0184,0\H,55,1.09192,54,109.775,53,62.6469,0\H,55,1.09264,54,110.458,53,-177.522,0\C,51,1.54115,42,108.926,34,-76.1436,0\H,59,1.09096,51,110.128,42,-170.072,0\H,59,1.09186,51,112.95,42,-49.1929,0\C,54,1.55466,53,102.371,51,-54.4128,0\H,62,1.09132,54,109.614,53,-87.4148,0\H,62,1.09187,54,112.355,53,152.676,0\\\@

 Total job time:  6362.81s(wall), 6348.12s(cpu) 
 Mon Apr 16 19:14:21 2018

        *************************************************************
        *                                                           *
        *  Thank you very much for using Q-Chem.  Have a nice day.  *
        *                                                           *
        *************************************************************


0 sent ACK to 0 
now end server 0 ... 
