mFile = /opt/software/qchem/qchem-5.0.1//bin/mpi/machines
Process 0 of 1 is on vega03.cac.cornell.edu - thread support 0
initial socket setup ...start
initial socket setup ...done 
now start server 0 ... 
vega03 10.84.3
Q-Chem Developer Version! Running on 10.84.3.*
                  Welcome to Q-Chem
     A Quantum Leap Into The Future Of Chemistry


 Q-Chem 5.0, Q-Chem, Inc., Pleasanton, CA (2017)

 Yihan Shao,  Zhengting Gan,  E. Epifanovsky,  A. T. B. Gilbert,  M. Wormit,  
 J. Kussmann,  A. W. Lange,  A. Behn,  Jia Deng,  Xintian Feng,  D. Ghosh,  
 M. Goldey,  P. R. Horn,  L. D. Jacobson,  I. Kaliman,  T. Kus,  A. Landau,  
 Jie Liu,  E. I. Proynov,  R. M. Richard,  R. P. Steele,  E. J. Sundstrom,  
 H. L. Woodcock III,  P. M. Zimmerman,  D. Zuev,  B. Albrecht,  E. Alguire,  
 S. A. Baeppler,  Z. Benda,  Y. A. Bernard,  E. J. Berquist,  K. B. Bravaya,  
 D. Casanova,  Chun-Min Chang,  Yunqing Chen,  A. Chien,  K. D. Closser,  
 M. P. Coons,  S. Dasgupta,  M. Diedenhofen,  Hainam Do,  R. G. Edgar,  
 Po-Tung Fang,  S. Fatehi,  Qingguo Feng,  Qinghui Ge,  A. Ghysels,  
 J. Gomes,  J. Gonthier,  A. Gunina,  M. W. D. Hanson-Heine,  
 P. H. P. Harbach,  A. W. Hauser,  J. E. Herr,  E. G. Hohenstein,  
 Z. C. Holden,  Kerwin Hui,  T.-C. Jagau,  Hyunjun Ji,  B. Kaduk,  
 K. Khistyaev,  Jaehoon Kim,  P. Klunzinger,  K. Koh,  D. Kosenkov,  
 T. Kowalczyk,  C. M. Krauter,  A. Kunitsa,  Ka Un Lao,  A. Laurent,  
 K. V. Lawler,  Joonho Lee,  D. Lefrancois,  S. Lehtola,  D. S. Levine,  
 Yi-Pei Li,  You-Sheng Lin,  Fenglai Liu,  E. Livshits,  A. Luenser,  
 P. Manohar,  E. Mansoor,  S. F. Manzer,  Shan-Ping Mao,  Yuezhi Mao,  
 N. Mardirossian,  A. V. Marenich,  L. A. Martinez-Martinez,  S. A. Maurer,  
 N. J. Mayhall,  S. C. McKenzie,  J.-M. Mewes,  A. F. Morrison,  K. Nanda,  
 T. S. Nguyen-Beck,  R. Olivares-Amaya,  J. A. Parkhill,  T. M. Perrine,  
 F. Plasser,  S. Prager,  A. Prociuk,  D. R. Rehn,  F. Rob,  M. Schneider,  
 N. Sergueev,  S. M. Sharada,  S. Sharma,  D. W. Small,  T. Stauch,  
 T. Stein,  Yu-Chuan Su,  A. J. W. Thom,  T. Tsuchimochi,  L. Vogt,  
 O. Vydrov,  M. A. Watson,  J. Wenzel,  M. de Wergifosse,  T. A. Wesolowski,  
 A. White,  J. Witte,  A. Yamada,  Jun Yang,  K. Yao,  S. Yeganeh,  
 S. R. Yost,  Zhi-Qiang You,  A. Zech,  Igor Ying Zhang,  Xing Zhang,  
 Yan Zhao,  Ying Zhu,  B. R. Brooks,  G. K. L. Chan,  C. J. Cramer,  
 M. S. Gordon,  W. J. Hehre,  A. Klamt,  M. W. Schmidt,  C. D. Sherrill,  
 D. G. Truhlar,  A. Aspuru-Guzik,  R. Baer,  A. T. Bell,  N. A. Besley,  
 Jeng-Da Chai,  A. Dreuw,  B. D. Dunietz,  T. R. Furlani,  Chao-Ping Hsu,  
 Yousung Jung,  Jing Kong,  D. S. Lambrecht,  WanZhen Liang,  C. Ochsenfeld,  
 V. A. Rassolov,  L. V. Slipchenko,  J. E. Subotnik,  T. Van Voorhis,  
 J. M. Herbert,  A. I. Krylov,  P. M. W. Gill,  M. Head-Gordon

 Contributors to earlier versions of Q-Chem not listed above: 
 R. D. Adamson,  B. Austin,  J. Baker,  G. J. O. Beran,  K. Brandhorst,  
 S. T. Brown,  E. F. C. Byrd,  A. K. Chakraborty,  C.-L. Cheng,  
 Siu Hung Chien,  D. M. Chipman,  D. L. Crittenden,  H. Dachsel,  
 R. A. DiStasio Jr.,  R. J. Doerksen,  A. D. Dutoi,  L. Fusti-Molnar,  
 W. A. Goddard III,  A. Golubeva-Zadorozhnaya,  S. R. Gwaltney,  G. Hawkins,  
 A. Heyden,  S. Hirata,  G. Kedziora,  F. J. Keil,  C. Kelley,  Jihan Kim,  
 R. A. King,  R. Z. Khaliullin,  P. P. Korambath,  W. Kurlancheek,  
 A. M. Lee,  M. S. Lee,  S. V. Levchenko,  Ching Yeh Lin,  D. Liotard,  
 R. C. Lochan,  I. Lotan,  P. E. Maslen,  N. Nair,  D. P. O'Neill,  
 D. Neuhauser,  E. Neuscamman,  C. M. Oana,  R. Olson,  B. Peters,  
 R. Peverati,  P. A. Pieniazek,  Y. M. Rhee,  J. Ritchie,  M. A. Rohrdanz,  
 E. Rosta,  N. J. Russ,  H. F. Schaefer III,  N. E. Schultz,  N. Shenvi,  
 A. C. Simmonett,  A. Sodt,  D. Stuck,  K. S. Thanthiriwatte,  V. Vanovschi,  
 Tao Wang,  A. Warshel,  C. F. Williams,  Q. Wu,  X. Xu,  W. Zhang

 Please cite Q-Chem as follows:
 Y. Shao et al., Mol. Phys. 113, 184-215 (2015)
 DOI: 10.1080/00268976.2014.952696

 Q-Chem 5.0.1 for Intel X86 EM64T Linux

 Parts of Q-Chem use Armadillo 5.200.1 (Boston Tea Smuggler).
 http://arma.sourceforge.net/

 Q-Chem begins on Mon Apr  2 00:58:46 2018  

Host: vega03.cac.cornell.edu
0

     Scratch files written to /scratch/jj585/vdw/11n11_distance_7.000_10.save//
 Parallel job on  1  processors

Checking the input file for inconsistencies... 	...done.

--------------------------------------------------------------
User input:
--------------------------------------------------------------
$molecule
0  1
C        -0.54444000        -0.68370000        -0.06689000
C        -0.55709000        +0.71878000        +0.05493000
C        +0.74969000        -1.43776000        -0.09374000
C        +0.72843000        +1.48436000        +0.06598000
O        +1.53645000        -1.09176000        +0.94813000
O        +1.04702000        -2.28405000        -0.90088000
O        +1.53784000        +1.08301000        -0.93877000
O        +1.01035000        +2.37097000        +0.83478000
C        +2.83449000        +1.70121000        -0.99358000
C        +2.82316000        -1.73208000        +1.00475000
C        -1.74320000        -1.41616000        -0.12552000
C        -2.93952000        -0.70056000        -0.05285000
C        -2.95313000        +0.68255000        +0.06934000
C        -1.77161000        +1.42404000        +0.12810000
H        +2.73835000        +2.77989000        -1.12464000
H        +2.70778000        -2.81319000        +1.09555000
H        -3.90354000        +1.20325000        +0.11710000
H        +3.38998000        +1.50093000        -0.07544000
H        +3.33184000        +1.25269000        -1.85067000
H        +3.31095000        -1.32281000        +1.88650000
H        +3.39889000        -1.50934000        +0.10459000
H        -3.87892000        -1.24211000        -0.08988000
C        -1.83960000        +2.92746000        +0.24839000
C        -1.78103000        -2.92226000        -0.24590000
H        -1.39752000        -3.25223000        -1.21323000
H        -2.80572000        -3.28175000        -0.13627000
H        -1.16958000        -3.40777000        +0.51926000
H        -1.24214000        +3.42352000        -0.52065000
H        -1.45503000        +3.26427000        +1.21284000
H        -2.87211000        +3.26623000        +0.14638000
@C        -0.49627000        -1.29404000        +6.90628000
@C        -0.50892000        +0.10844000        +7.02810000
@C        +0.79786000        -2.04810000        +6.87943000
@C        +0.77660000        +0.87402000        +7.03915000
@O        +1.58462000        -1.70210000        +7.92130000
@O        +1.09519000        -2.89439000        +6.07229000
@O        +1.58601000        +0.47267000        +6.03440000
@O        +1.05852000        +1.76063000        +7.80795000
@C        +2.88266000        +1.09087000        +5.97959000
@C        +2.87133000        -2.34242000        +7.97792000
@C        -1.69503000        -2.02650000        +6.84765000
@C        -2.89135000        -1.31090000        +6.92032000
@C        -2.90496000        +0.07221000        +7.04251000
@C        -1.72344000        +0.81370000        +7.10127000
@H        +2.78652000        +2.16955000        +5.84853000
@H        +2.75595000        -3.42353000        +8.06872000
@H        -3.85537000        +0.59291000        +7.09027000
@H        +3.43815000        +0.89059000        +6.89773000
@H        +3.38001000        +0.64235000        +5.12250000
@H        +3.35912000        -1.93315000        +8.85967000
@H        +3.44706000        -2.11968000        +7.07776000
@H        -3.83075000        -1.85245000        +6.88329000
@C        -1.79143000        +2.31712000        +7.22156000
@C        -1.73286000        -3.53260000        +6.72727000
@H        -1.34935000        -3.86257000        +5.75994000
@H        -2.75755000        -3.89209000        +6.83690000
@H        -1.12141000        -4.01811000        +7.49243000
@H        -1.19397000        +2.81318000        +6.45252000
@H        -1.40686000        +2.65393000        +8.18601000
@H        -2.82394000        +2.65589000        +7.11955000
$end

$rem
JOBTYPE                   SP
METHOD                    B3LYP
DFT_D                     d3_op
BASIS                     6-311++G(d,p)
SYMMETRY                  False
THRESH                    12
SCF_CONVERGENCE           8
MAX_SUB_FILE_NUM          128
MEM_STATIC                400
MEM_TOTAL                 4000
$end
--------------------------------------------------------------
 Adding empirical dispersion correction 
 ----------------------------------------------------------------
 Doing -D3(op) with
 s6 =   1.00000
 s8 =   0.78311
 a1 =   0.30000
 a2 =   4.25000
 n  =  10.00000
 -D3 energy without 3body term =     -0.0335599997 hartrees
 ----------------------------------------------------------------
             Standard Nuclear Orientation (Angstroms)
    I     Atom           X                Y                Z
 ----------------------------------------------------------------
    1      C      -0.5444400000    -0.6837000000    -0.0668900000
    2      C      -0.5570900000     0.7187800000     0.0549300000
    3      C       0.7496900000    -1.4377600000    -0.0937400000
    4      C       0.7284300000     1.4843600000     0.0659800000
    5      O       1.5364500000    -1.0917600000     0.9481300000
    6      O       1.0470200000    -2.2840500000    -0.9008800000
    7      O       1.5378400000     1.0830100000    -0.9387700000
    8      O       1.0103500000     2.3709700000     0.8347800000
    9      C       2.8344900000     1.7012100000    -0.9935800000
   10      C       2.8231600000    -1.7320800000     1.0047500000
   11      C      -1.7432000000    -1.4161600000    -0.1255200000
   12      C      -2.9395200000    -0.7005600000    -0.0528500000
   13      C      -2.9531300000     0.6825500000     0.0693400000
   14      C      -1.7716100000     1.4240400000     0.1281000000
   15      H       2.7383500000     2.7798900000    -1.1246400000
   16      H       2.7077800000    -2.8131900000     1.0955500000
   17      H      -3.9035400000     1.2032500000     0.1171000000
   18      H       3.3899800000     1.5009300000    -0.0754400000
   19      H       3.3318400000     1.2526900000    -1.8506700000
   20      H       3.3109500000    -1.3228100000     1.8865000000
   21      H       3.3988900000    -1.5093400000     0.1045900000
   22      H      -3.8789200000    -1.2421100000    -0.0898800000
   23      C      -1.8396000000     2.9274600000     0.2483900000
   24      C      -1.7810300000    -2.9222600000    -0.2459000000
   25      H      -1.3975200000    -3.2522300000    -1.2132300000
   26      H      -2.8057200000    -3.2817500000    -0.1362700000
   27      H      -1.1695800000    -3.4077700000     0.5192600000
   28      H      -1.2421400000     3.4235200000    -0.5206500000
   29      H      -1.4550300000     3.2642700000     1.2128400000
   30      H      -2.8721100000     3.2662300000     0.1463800000
   31      GH     -0.4962700000    -1.2940400000     6.9062800000
   32      GH     -0.5089200000     0.1084400000     7.0281000000
   33      GH      0.7978600000    -2.0481000000     6.8794300000
   34      GH      0.7766000000     0.8740200000     7.0391500000
   35      GH      1.5846200000    -1.7021000000     7.9213000000
   36      GH      1.0951900000    -2.8943900000     6.0722900000
   37      GH      1.5860100000     0.4726700000     6.0344000000
   38      GH      1.0585200000     1.7606300000     7.8079500000
   39      GH      2.8826600000     1.0908700000     5.9795900000
   40      GH      2.8713300000    -2.3424200000     7.9779200000
   41      GH     -1.6950300000    -2.0265000000     6.8476500000
   42      GH     -2.8913500000    -1.3109000000     6.9203200000
   43      GH     -2.9049600000     0.0722100000     7.0425100000
   44      GH     -1.7234400000     0.8137000000     7.1012700000
   45      GH      2.7865200000     2.1695500000     5.8485300000
   46      GH      2.7559500000    -3.4235300000     8.0687200000
   47      GH     -3.8553700000     0.5929100000     7.0902700000
   48      GH      3.4381500000     0.8905900000     6.8977300000
   49      GH      3.3800100000     0.6423500000     5.1225000000
   50      GH      3.3591200000    -1.9331500000     8.8596700000
   51      GH      3.4470600000    -2.1196800000     7.0777600000
   52      GH     -3.8307500000    -1.8524500000     6.8832900000
   53      GH     -1.7914300000     2.3171200000     7.2215600000
   54      GH     -1.7328600000    -3.5326000000     6.7272700000
   55      GH     -1.3493500000    -3.8625700000     5.7599400000
   56      GH     -2.7575500000    -3.8920900000     6.8369000000
   57      GH     -1.1214100000    -4.0181100000     7.4924300000
   58      GH     -1.1939700000     2.8131800000     6.4525200000
   59      GH     -1.4068600000     2.6539300000     8.1860100000
   60      GH     -2.8239400000     2.6558900000     7.1195500000
 ----------------------------------------------------------------
 Nuclear Repulsion Energy =  1146.4724567292 hartrees
 There are       59 alpha and       59 beta electrons
 Requested basis set is 6-311++G(d,p)
 There are 332 shells and 900 basis functions

 Total QAlloc Memory Limit   4000 MB
 Mega-Array Size       392 MB
 MEM_STATIC part       400 MB
 A cutoff of  1.0D-12 yielded  35215 shell pairs
 There are    257743 function pairs (    273219 Cartesian)
 
 -------------------------------------------------------
 OpenMP Integral Computing Module                       
 Release: version 1.0, May 2013, Q-Chem Inc. Pittsburgh 
 -------------------------------------------------------
 Integral Job Info:
 Integral job number is                      11
 Integral operator is                         1
 short-range coefficients                     0
 long-range coefficients              100000000
 Omega coefficients                           0
 if combine SR and LR in K                    0
 Integral screening is                        0
 Integral computing path is                   2
 max size of driver memory is            800000
 size of driver memory is                593474
 size of scratch memory is              2361544
 max col of scratch BK array               1296
 max len of scratch array in speh3          155
 max len of scratch index in speh4           18
 max int batch size is                      520
 min int batch size is                       52
 fixed nKL is                                52
 max L of basis functions is                  2
 order of int derivative is                   0
 number of shells is                        332
 number of basis is                         932
 number of cartesian basis is               932
 number of contracted shell pairs         35215
 number of primitive shell pairs          74946
 maxK2 (contraction) of shell pair           36
 max number of K2 of shell pair               1
 max number of CS2 of shell pair           7342
 max number of PS2 of shell pair          11154
 mem total for path MDJ                  470696
 -------------------------------------------------------
 Smallest overlap matrix eigenvalue = 2.39E-08
 Linear dependence detected in AO basis
 Number of orthogonalized atomic orbitals = 892
 Maximum deviation from orthogonality = 2.073E-10

 Scale SEOQF with 1.000000e-01/1.000000e-01/1.000000e-02

 Standard Electronic Orientation quadrupole field applied
 Nucleus-field energy     =     0.0000000441 hartrees
 Guess from superposition of atomic densities
 Warning:  Energy on first SCF cycle will be non-variational

 Q-Chem warning in module /opt/software/qchem/qchem-5.0.1/libgen/Atomic_PolEc.C, line 58:

 No atomic polarizability available.


 Q-Chem warning in module /opt/software/qchem/qchem-5.0.1/libgen/Atomic_PolEc.C, line 73:

 No atomic polarizability available.


 Q-Chem warning in module /opt/software/qchem/qchem-5.0.1/libgen/Atomic_PolEc.C, line 58:

 No atomic polarizability available.


 Q-Chem warning in module /opt/software/qchem/qchem-5.0.1/libgen/Atomic_PolEc.C, line 73:

 No atomic polarizability available.


 Q-Chem warning in module /opt/software/qchem/qchem-5.0.1/libgen/Atomic_PolEc.C, line 58:

 No atomic polarizability available.


 Q-Chem warning in module /opt/software/qchem/qchem-5.0.1/libgen/Atomic_PolEc.C, line 73:

 No atomic polarizability available.


 Q-Chem warning in module /opt/software/qchem/qchem-5.0.1/libgen/Atomic_PolEc.C, line 58:

 No atomic polarizability available.


 Q-Chem warning in module /opt/software/qchem/qchem-5.0.1/libgen/Atomic_PolEc.C, line 73:

 No atomic polarizability available.


 Q-Chem warning in module /opt/software/qchem/qchem-5.0.1/libgen/Atomic_PolEc.C, line 58:

 No atomic polarizability available.


 Q-Chem warning in module /opt/software/qchem/qchem-5.0.1/libgen/Atomic_PolEc.C, line 73:

 No atomic polarizability available.


 Q-Chem warning in module /opt/software/qchem/qchem-5.0.1/libgen/Atomic_PolEc.C, line 58:

 No atomic polarizability available.


 Q-Chem warning in module /opt/software/qchem/qchem-5.0.1/libgen/Atomic_PolEc.C, line 73:

 No atomic polarizability available.


 Q-Chem warning in module /opt/software/qchem/qchem-5.0.1/libgen/Atomic_PolEc.C, line 58:

 No atomic polarizability available.


 Q-Chem warning in module /opt/software/qchem/qchem-5.0.1/libgen/Atomic_PolEc.C, line 73:

 No atomic polarizability available.


 Q-Chem warning in module /opt/software/qchem/qchem-5.0.1/libgen/Atomic_PolEc.C, line 58:

 No atomic polarizability available.


 Q-Chem warning in module /opt/software/qchem/qchem-5.0.1/libgen/Atomic_PolEc.C, line 73:

 No atomic polarizability available.


 Q-Chem warning in module /opt/software/qchem/qchem-5.0.1/libgen/Atomic_PolEc.C, line 58:

 No atomic polarizability available.


 Q-Chem warning in module /opt/software/qchem/qchem-5.0.1/libgen/Atomic_PolEc.C, line 73:

 No atomic polarizability available.


 Q-Chem warning in module /opt/software/qchem/qchem-5.0.1/libgen/Atomic_PolEc.C, line 58:

 No atomic polarizability available.


 Q-Chem warning in module /opt/software/qchem/qchem-5.0.1/libgen/Atomic_PolEc.C, line 73:

 No atomic polarizability available.


 Q-Chem warning in module /opt/software/qchem/qchem-5.0.1/libgen/Atomic_PolEc.C, line 58:

 No atomic polarizability available.


 Q-Chem warning in module /opt/software/qchem/qchem-5.0.1/libgen/Atomic_PolEc.C, line 73:

 No atomic polarizability available.


 Q-Chem warning in module /opt/software/qchem/qchem-5.0.1/libgen/Atomic_PolEc.C, line 58:

 No atomic polarizability available.


 Q-Chem warning in module /opt/software/qchem/qchem-5.0.1/libgen/Atomic_PolEc.C, line 73:

 No atomic polarizability available.


 Q-Chem warning in module /opt/software/qchem/qchem-5.0.1/libgen/Atomic_PolEc.C, line 58:

 No atomic polarizability available.


 Q-Chem warning in module /opt/software/qchem/qchem-5.0.1/libgen/Atomic_PolEc.C, line 73:

 No atomic polarizability available.


 Q-Chem warning in module /opt/software/qchem/qchem-5.0.1/libgen/Atomic_PolEc.C, line 58:

 No atomic polarizability available.


 Q-Chem warning in module /opt/software/qchem/qchem-5.0.1/libgen/Atomic_PolEc.C, line 73:

 No atomic polarizability available.


 Q-Chem warning in module /opt/software/qchem/qchem-5.0.1/libgen/Atomic_PolEc.C, line 58:

 No atomic polarizability available.


 Q-Chem warning in module /opt/software/qchem/qchem-5.0.1/libgen/Atomic_PolEc.C, line 73:

 No atomic polarizability available.


 Q-Chem warning in module /opt/software/qchem/qchem-5.0.1/libgen/Atomic_PolEc.C, line 58:

 No atomic polarizability available.


 Q-Chem warning in module /opt/software/qchem/qchem-5.0.1/libgen/Atomic_PolEc.C, line 73:

 No atomic polarizability available.


 Q-Chem warning in module /opt/software/qchem/qchem-5.0.1/libgen/Atomic_PolEc.C, line 58:

 No atomic polarizability available.


 Q-Chem warning in module /opt/software/qchem/qchem-5.0.1/libgen/Atomic_PolEc.C, line 73:

 No atomic polarizability available.


 Q-Chem warning in module /opt/software/qchem/qchem-5.0.1/libgen/Atomic_PolEc.C, line 58:

 No atomic polarizability available.


 Q-Chem warning in module /opt/software/qchem/qchem-5.0.1/libgen/Atomic_PolEc.C, line 73:

 No atomic polarizability available.


 Q-Chem warning in module /opt/software/qchem/qchem-5.0.1/libgen/Atomic_PolEc.C, line 58:

 No atomic polarizability available.


 Q-Chem warning in module /opt/software/qchem/qchem-5.0.1/libgen/Atomic_PolEc.C, line 73:

 No atomic polarizability available.


 Q-Chem warning in module /opt/software/qchem/qchem-5.0.1/libgen/Atomic_PolEc.C, line 58:

 No atomic polarizability available.


 Q-Chem warning in module /opt/software/qchem/qchem-5.0.1/libgen/Atomic_PolEc.C, line 73:

 No atomic polarizability available.


 Q-Chem warning in module /opt/software/qchem/qchem-5.0.1/libgen/Atomic_PolEc.C, line 58:

 No atomic polarizability available.


 Q-Chem warning in module /opt/software/qchem/qchem-5.0.1/libgen/Atomic_PolEc.C, line 73:

 No atomic polarizability available.


 Q-Chem warning in module /opt/software/qchem/qchem-5.0.1/libgen/Atomic_PolEc.C, line 58:

 No atomic polarizability available.


 Q-Chem warning in module /opt/software/qchem/qchem-5.0.1/libgen/Atomic_PolEc.C, line 73:

 No atomic polarizability available.


 Q-Chem warning in module /opt/software/qchem/qchem-5.0.1/libgen/Atomic_PolEc.C, line 58:

 No atomic polarizability available.


 Q-Chem warning in module /opt/software/qchem/qchem-5.0.1/libgen/Atomic_PolEc.C, line 73:

 No atomic polarizability available.


 Q-Chem warning in module /opt/software/qchem/qchem-5.0.1/libgen/Atomic_PolEc.C, line 58:

 No atomic polarizability available.


 Q-Chem warning in module /opt/software/qchem/qchem-5.0.1/libgen/Atomic_PolEc.C, line 73:

 No atomic polarizability available.


 Q-Chem warning in module /opt/software/qchem/qchem-5.0.1/libgen/Atomic_PolEc.C, line 58:

 No atomic polarizability available.


 Q-Chem warning in module /opt/software/qchem/qchem-5.0.1/libgen/Atomic_PolEc.C, line 73:

 No atomic polarizability available.


 Q-Chem warning in module /opt/software/qchem/qchem-5.0.1/libgen/Atomic_PolEc.C, line 58:

 No atomic polarizability available.


 Q-Chem warning in module /opt/software/qchem/qchem-5.0.1/libgen/Atomic_PolEc.C, line 73:

 No atomic polarizability available.


 Q-Chem warning in module /opt/software/qchem/qchem-5.0.1/libgen/Atomic_PolEc.C, line 58:

 No atomic polarizability available.


 Q-Chem warning in module /opt/software/qchem/qchem-5.0.1/libgen/Atomic_PolEc.C, line 73:

 No atomic polarizability available.


 Q-Chem warning in module /opt/software/qchem/qchem-5.0.1/libgen/Atomic_PolEc.C, line 58:

 No atomic polarizability available.


 Q-Chem warning in module /opt/software/qchem/qchem-5.0.1/libgen/Atomic_PolEc.C, line 73:

 No atomic polarizability available.


 Q-Chem warning in module /opt/software/qchem/qchem-5.0.1/libgen/Atomic_PolEc.C, line 58:

 No atomic polarizability available.


 Q-Chem warning in module /opt/software/qchem/qchem-5.0.1/libgen/Atomic_PolEc.C, line 73:

 No atomic polarizability available.


 Q-Chem warning in module /opt/software/qchem/qchem-5.0.1/libgen/Atomic_PolEc.C, line 58:

 No atomic polarizability available.


 Q-Chem warning in module /opt/software/qchem/qchem-5.0.1/libgen/Atomic_PolEc.C, line 73:

 No atomic polarizability available.

 A restricted hybrid HF-DFT SCF calculation will be
 performed using Pulay DIIS extrapolation
 Exchange:     0.2000 Hartree-Fock + 0.0800 Slater + 0.7200 B88
 Correlation:  0.1900 VWN1RPA + 0.8100 LYP
 Using SG-1 standard quadrature grid
 Dispersion:   Grimme D3
 SCF converges when DIIS error is below 1.0E-08
 using 2 threads for integral computing
 -------------------------------------------------------
 OpenMP Integral computing Module                
 Release: version 1.0, May 2013, Q-Chem Inc. Pittsburgh 
 -------------------------------------------------------
 -------------------------------------------------------
 OpenMP BLAS3 based DFT computing Module                
 Release: version 1.0, May 2013, Q-Chem Inc. Pittsburgh 
 -------------------------------------------------------
 ---------------------------------------
  Cycle       Energy         DIIS Error
 ---------------------------------------
    1    -770.1912321426      1.52E-02
    2    -766.5492779311      1.96E-03
    3    -766.0278164554      3.34E-03
    4    -766.8164598013      8.42E-04
    5    -766.8738081756      1.88E-04
    6    -766.8758929824      8.48E-05
    7    -766.8764182646      1.41E-05
    8    -766.8764319050      5.17E-06
    9    -766.8764341891      1.26E-06
   10    -766.8764342851      7.01E-07
   11    -766.8764343366      1.47E-07
   12    -766.8764343383      6.49E-08
   13    -766.8764343385      2.87E-08
   14    -766.8764343385      5.99E-09 Convergence criterion met
 ---------------------------------------
 SCF time:  CPU 3543.91 s  wall 1781.51 s
 SCF   energy in the final basis set = -766.87643434
 Total energy in the final basis set = -766.87643434
 
 --------------------------------------------------------------
 
                    Orbital Energies (a.u.)
 --------------------------------------------------------------
 
 Alpha MOs
 -- Occupied --
-19.176 -19.176 -19.119 -19.119 -10.311 -10.311 -10.232 -10.232
-10.205 -10.205 -10.201 -10.201 -10.187 -10.186 -10.171 -10.170
 -1.121  -1.114  -1.031  -1.030  -0.885  -0.807  -0.796  -0.747
 -0.734  -0.725  -0.675  -0.649  -0.620  -0.577  -0.565  -0.537
 -0.517  -0.515  -0.491  -0.489  -0.480  -0.477  -0.469  -0.442
 -0.434  -0.429  -0.420  -0.416  -0.411  -0.406  -0.396  -0.387
 -0.380  -0.373  -0.362  -0.359  -0.357  -0.321  -0.313  -0.293
 -0.292  -0.266  -0.253
 -- Virtual --
 -0.058  -0.034  -0.012  -0.005   0.000   0.009   0.011   0.014
  0.018   0.022   0.024   0.027   0.030   0.031   0.035   0.039
  0.043   0.044   0.047   0.051   0.052   0.054   0.056   0.060
  0.066   0.068   0.072   0.073   0.073   0.079   0.080   0.082
  0.086   0.087   0.090   0.094   0.094   0.098   0.100   0.103
  0.105   0.109   0.111   0.113   0.113   0.113   0.117   0.118
  0.121   0.126   0.126   0.128   0.129   0.134   0.134   0.135
  0.136   0.138   0.140   0.141   0.144   0.147   0.150   0.151
  0.151   0.154   0.156   0.159   0.160   0.163   0.164   0.167
  0.168   0.170   0.173   0.175   0.177   0.178   0.180   0.183
  0.185   0.185   0.188   0.190   0.193   0.194   0.196   0.199
  0.201   0.203   0.206   0.208   0.210   0.212   0.213   0.218
  0.220   0.224   0.227   0.229   0.230   0.232   0.234   0.237
  0.239   0.241   0.242   0.244   0.247   0.250   0.251   0.255
  0.257   0.259   0.261   0.264   0.265   0.269   0.272   0.273
  0.277   0.279   0.280   0.285   0.286   0.290   0.291   0.292
  0.296   0.298   0.301   0.303   0.307   0.310   0.311   0.315
  0.316   0.319   0.322   0.324   0.328   0.329   0.333   0.335
  0.336   0.338   0.341   0.345   0.348   0.354   0.357   0.360
  0.363   0.365   0.367   0.368   0.370   0.372   0.374   0.379
  0.379   0.382   0.383   0.389   0.390   0.391   0.397   0.399
  0.403   0.404   0.405   0.411   0.411   0.414   0.417   0.421
  0.422   0.429   0.430   0.432   0.438   0.440   0.443   0.451
  0.453   0.460   0.461   0.465   0.469   0.473   0.481   0.481
  0.489   0.493   0.498   0.500   0.506   0.508   0.517   0.519
  0.522   0.529   0.534   0.536   0.542   0.547   0.552   0.558
  0.562   0.567   0.569   0.575   0.576   0.581   0.588   0.590
  0.593   0.597   0.600   0.603   0.606   0.611   0.614   0.617
  0.620   0.624   0.629   0.631   0.635   0.641   0.643   0.647
  0.650   0.653   0.656   0.658   0.660   0.663   0.667   0.671
  0.675   0.678   0.679   0.685   0.686   0.687   0.694   0.694
  0.695   0.700   0.707   0.708   0.710   0.718   0.721   0.726
  0.729   0.734   0.741   0.746   0.748   0.753   0.759   0.760
  0.771   0.774   0.774   0.778   0.785   0.788   0.794   0.798
  0.805   0.807   0.818   0.831   0.834   0.843   0.850   0.859
  0.867   0.873   0.877   0.889   0.898   0.904   0.918   0.926
  0.932   0.935   0.945   0.951   0.953   0.956   0.970   0.973
  0.979   0.981   0.990   0.997   1.000   1.006   1.016   1.018
  1.030   1.033   1.040   1.046   1.051   1.054   1.056   1.062
  1.068   1.069   1.078   1.090   1.094   1.096   1.102   1.106
  1.110   1.114   1.124   1.127   1.138   1.141   1.147   1.153
  1.158   1.169   1.176   1.194   1.199   1.209   1.215   1.217
  1.219   1.226   1.235   1.236   1.239   1.250   1.264   1.285
  1.291   1.295   1.312   1.314   1.322   1.322   1.332   1.342
  1.356   1.371   1.374   1.376   1.385   1.391   1.396   1.399
  1.409   1.419   1.424   1.428   1.432   1.445   1.449   1.452
  1.462   1.471   1.474   1.480   1.489   1.501   1.513   1.519
  1.523   1.527   1.529   1.539   1.543   1.552   1.560   1.561
  1.575   1.579   1.584   1.585   1.593   1.594   1.600   1.600
  1.602   1.610   1.615   1.623   1.626   1.631   1.636   1.640
  1.647   1.656   1.679   1.694   1.699   1.705   1.715   1.719
  1.722   1.726   1.731   1.737   1.747   1.750   1.752   1.761
  1.767   1.770   1.775   1.780   1.786   1.792   1.794   1.800
  1.804   1.808   1.810   1.816   1.824   1.827   1.832   1.833
  1.840   1.842   1.848   1.856   1.860   1.866   1.879   1.881
  1.887   1.892   1.898   1.900   1.906   1.909   1.913   1.918
  1.937   1.944   1.948   1.952   1.954   1.957   1.985   1.995
  2.001   2.007   2.009   2.017   2.033   2.035   2.046   2.052
  2.065   2.079   2.084   2.093   2.096   2.103   2.104   2.110
  2.119   2.120   2.125   2.129   2.131   2.137   2.144   2.150
  2.167   2.174   2.176   2.178   2.188   2.194   2.205   2.211
  2.213   2.229   2.237   2.275   2.296   2.301   2.312   2.324
  2.329   2.330   2.333   2.339   2.341   2.344   2.364   2.372
  2.376   2.386   2.398   2.409   2.410   2.416   2.440   2.447
  2.452   2.472   2.473   2.478   2.484   2.488   2.492   2.496
  2.506   2.509   2.513   2.524   2.528   2.529   2.535   2.538
  2.563   2.566   2.568   2.576   2.578   2.589   2.591   2.598
  2.606   2.610   2.615   2.616   2.625   2.636   2.652   2.658
  2.665   2.668   2.672   2.674   2.682   2.686   2.693   2.698
  2.707   2.720   2.727   2.731   2.736   2.745   2.750   2.756
  2.758   2.773   2.779   2.785   2.790   2.799   2.807   2.816
  2.838   2.845   2.850   2.865   2.878   2.881   2.887   2.888
  2.894   2.898   2.907   2.918   2.920   2.927   2.936   2.948
  2.952   2.962   2.974   2.977   2.993   3.008   3.025   3.030
  3.033   3.036   3.048   3.049   3.054   3.061   3.069   3.075
  3.099   3.104   3.108   3.117   3.127   3.136   3.139   3.164
  3.182   3.196   3.203   3.207   3.218   3.231   3.232   3.235
  3.239   3.243   3.260   3.268   3.287   3.288   3.292   3.321
  3.323   3.338   3.353   3.354   3.384   3.386   3.400   3.404
  3.414   3.417   3.434   3.445   3.446   3.487   3.498   3.508
  3.517   3.521   3.524   3.535   3.537   3.544   3.549   3.559
  3.564   3.584   3.599   3.621   3.626   3.635   3.644   3.661
  3.674   3.684   3.708   3.745   3.758   3.767   3.780   3.785
  3.796   3.798   3.823   3.838   3.855   3.859   3.895   3.920
  3.944   3.948   4.024   4.040   4.050   4.069   4.076   4.087
  4.128   4.153   4.230   4.232   4.235   4.325   4.336   4.389
  4.420   4.533   4.554   4.564   4.585   4.681   4.708   4.720
  4.751   4.787   4.800   4.809   4.834   4.851   4.851   4.855
  4.861   4.865   4.899   4.907   4.909   4.937   4.969   4.977
  4.991   5.034   5.050   5.115   5.161   5.176   5.203   5.206
  5.256   5.272   5.285   5.315   5.343   5.396   5.425   5.569
  5.593   5.618   5.629   5.695   5.707   5.873   5.902   6.123
  6.135   7.050   7.154   7.157   7.261   7.290   7.370   7.384
  7.440   7.600   7.630   7.706   7.724   7.777   7.789   7.790
  7.797   7.798   7.811   7.818   7.850   7.854   7.861   7.886
  7.913   7.944   7.951   7.976   7.980   8.047   8.075   8.082
  8.227   8.491   8.510   8.640   9.044   9.672   9.967   9.978
  9.988   9.989  10.025  10.039  10.206  10.222  10.263  10.273
 10.330  13.542  13.586  13.619  13.674  13.713  13.728  13.835
 13.877  14.139  14.163  14.272  14.300  18.493  18.543  18.669
 18.725  23.548  23.852  23.861  23.910  23.932  23.935  23.943
 23.953  23.998  24.060  24.067  24.168  49.888  49.920  50.016
 50.034  69.754  69.962  69.967  69.976  69.985  69.997  70.056
 70.064  70.069  70.092  70.103  70.119 139.813 139.876 139.886
139.907
 --------------------------------------------------------------
 
          Ground-State Mulliken Net Atomic Charges

     Atom                 Charge (a.u.)
  ----------------------------------------
      1 C                     0.485905
      2 C                     0.681945
      3 C                    -0.548495
      4 C                    -0.871375
      5 O                     0.099808
      6 O                    -0.160990
      7 O                     0.048832
      8 O                    -0.112144
      9 C                    -0.214785
     10 C                    -0.269131
     11 C                     0.397525
     12 C                    -0.504697
     13 C                    -0.569560
     14 C                     0.415197
     15 H                     0.168946
     16 H                     0.178281
     17 H                     0.135722
     18 H                     0.176728
     19 H                     0.168898
     20 H                     0.139482
     21 H                     0.180974
     22 H                     0.141927
     23 C                    -0.566447
     24 C                    -0.634611
     25 H                     0.206513
     26 H                     0.139166
     27 H                     0.174678
     28 H                     0.172671
     29 H                     0.190726
     30 H                     0.144302
     31 GH                   -0.000653
     32 GH                   -0.000493
     33 GH                    0.005747
     34 GH                    0.002430
     35 GH                    0.000010
     36 GH                    0.000099
     37 GH                    0.000240
     38 GH                   -0.000008
     39 GH                   -0.000364
     40 GH                    0.000087
     41 GH                   -0.003582
     42 GH                    0.000404
     43 GH                    0.000252
     44 GH                   -0.003154
     45 GH                   -0.000728
     46 GH                    0.000010
     47 GH                   -0.000200
     48 GH                    0.000015
     49 GH                    0.004944
     50 GH                    0.000000
     51 GH                    0.000111
     52 GH                   -0.000191
     53 GH                    0.000471
     54 GH                   -0.001137
     55 GH                   -0.000494
     56 GH                    0.000000
     57 GH                    0.000006
     58 GH                    0.000161
     59 GH                    0.000010
     60 GH                    0.000013
  ----------------------------------------
  Sum of atomic charges =     0.000000

 -----------------------------------------------------------------
                    Cartesian Multipole Moments
 -----------------------------------------------------------------
    Charge (ESU x 10^10)
                 0.0000
    Dipole Moment (Debye)
         X       0.0708      Y      -0.1075      Z       0.0703
       Tot       0.1467
    Quadrupole Moments (Debye-Ang)
        XX     -76.1225     XY      -0.0714     YY     -95.4226
        XZ       0.1031     YZ      -8.9495     ZZ     -99.5258
    Octopole Moments (Debye-Ang^2)
       XXX      46.0677    XXY      -0.5310    XYY      -4.6634
       YYY      -4.4257    XXZ       0.6791    XYZ     -19.0623
       YYZ       0.1355    XZZ      17.7665    YZZ      -0.0409
       ZZZ       1.2205
    Hexadecapole Moments (Debye-Ang^3)
      XXXX   -2036.5781   XXXY       6.4665   XXYY    -655.5637
      XYYY       3.5443   YYYY   -2002.0739   XXXZ       1.9343
      XXYZ     -32.7004   XYYZ       1.2907   YYYZ     -66.8711
      XXZZ    -435.1915   XYZZ       2.4574   YYZZ    -395.9649
      XZZZ       3.8597   YZZZ     -10.6759   ZZZZ    -334.7629
 -----------------------------------------------------------------
Archival summary:
1\1\vega03.cac.cornell.edu\SP\ProcedureUnspecified\BasisUnspecified\41214h30\jj585\MonApr201:28:302018MonApr201:28:302018\0\\#,ProcedureUnspecified,BasisUnspecified,\\0,1\O\C,1,1.3512\O,2,1.2069,1,123.501\C,1,1.43752,2,116.164,3,4.8931,0\H,4,1.08772,1,105.376,2,179.706,0\H,4,1.09086,1,110.507,2,-60.681,0\H,4,1.09163,1,110.367,2,60.0909,0\C,2,1.49626,1,110.928,3,178.057,0\C,8,1.40634,2,119.012,1,-130.615,0\C,9,1.39616,8,117.536,2,177.857,0\H,10,1.08475,9,118.991,8,-179.6,0\C,10,1.38856,9,121.629,8,0.183585,0\H,12,1.08495,10,119.453,9,179.671,0\C,12,1.3959,10,121.575,9,-0.129654,0\C,14,1.40604,12,117.481,10,0.160349,0\C,15,1.49803,14,118.266,12,177.84,0\O,16,1.20668,15,125.302,14,50.5403,0\O,16,1.35063,15,111.128,14,-126.75,0\C,18,1.43835,16,115.94,15,-178.519,0\H,19,1.08762,18,105.403,16,179.104,0\H,19,1.09103,18,110.475,16,-61.3232,0\H,19,1.0915,18,110.399,16,59.3962,0\C,9,1.50976,8,122.848,2,-1.37569,0\H,23,1.09144,9,110.135,8,171.975,0\H,23,1.09156,9,111.21,8,-67.4939,0\H,23,1.09291,9,111.796,8,51.7903,0\C,14,1.51138,12,119.574,10,179.468,0\H,27,1.09144,14,110.104,12,-7.00566,0\H,27,1.09164,14,111.284,12,113.49,0\H,27,1.09319,14,111.89,12,-127.081,0\Gh,20,3.7866,19,153.676,18,11.3627,0\Gh,31,1.08772,20,151.529,19,19.737,0\Gh,32,1.09086,31,110.694,20,-102.73,0\Gh,32,1.09163,31,110.757,20,136.116,0\Gh,32,1.43752,31,105.376,20,16.7603,0\Gh,35,1.3512,32,116.164,31,179.706,0\Gh,36,1.2069,35,123.501,32,4.8931,0\Gh,36,1.49626,35,110.928,32,-177.05,0\Gh,38,1.40634,36,119.012,35,-130.615,0\Gh,39,1.39616,38,117.536,36,177.857,0\Gh,40,1.08475,39,118.991,38,-179.6,0\Gh,40,1.38856,39,121.629,38,0.183585,0\Gh,42,1.08495,40,119.453,39,179.671,0\Gh,42,1.3959,40,121.575,39,-0.129654,0\Gh,44,1.40604,42,117.481,40,0.160349,0\Gh,45,1.49803,44,118.266,42,177.84,0\Gh,46,1.20668,45,125.302,44,50.5403,0\Gh,46,1.35063,45,111.128,44,-126.75,0\Gh,48,1.43835,46,115.94,45,-178.519,0\Gh,49,1.08762,48,105.403,46,179.104,0\Gh,49,1.09103,48,110.475,46,-61.3232,0\Gh,49,1.0915,48,110.399,46,59.3962,0\Gh,39,1.50976,38,122.848,36,-1.37569,0\Gh,53,1.09144,39,110.135,38,171.975,0\Gh,53,1.09156,39,111.21,38,-67.4939,0\Gh,53,1.09291,39,111.796,38,51.7903,0\Gh,44,1.51138,42,119.574,40,179.468,0\Gh,57,1.09144,44,110.104,42,-7.00566,0\Gh,57,1.09164,44,111.284,42,113.49,0\Gh,57,1.09319,44,111.89,42,-127.081,0\\\@

 Total job time:  1783.76s(wall), 3546.72s(cpu) 
 Mon Apr  2 01:28:30 2018

        *************************************************************
        *                                                           *
        *  Thank you very much for using Q-Chem.  Have a nice day.  *
        *                                                           *
        *************************************************************


0 sent ACK to 0 
now end server 0 ... 
