mFile = /opt/software/qchem/qchem-5.0.1//bin/mpi/machines
Process 0 of 1 is on vega03.cac.cornell.edu - thread support 0
initial socket setup ...start
initial socket setup ...done 
now start server 0 ... 
vega03 10.84.3
Q-Chem Developer Version! Running on 10.84.3.*
                  Welcome to Q-Chem
     A Quantum Leap Into The Future Of Chemistry


 Q-Chem 5.0, Q-Chem, Inc., Pleasanton, CA (2017)

 Yihan Shao,  Zhengting Gan,  E. Epifanovsky,  A. T. B. Gilbert,  M. Wormit,  
 J. Kussmann,  A. W. Lange,  A. Behn,  Jia Deng,  Xintian Feng,  D. Ghosh,  
 M. Goldey,  P. R. Horn,  L. D. Jacobson,  I. Kaliman,  T. Kus,  A. Landau,  
 Jie Liu,  E. I. Proynov,  R. M. Richard,  R. P. Steele,  E. J. Sundstrom,  
 H. L. Woodcock III,  P. M. Zimmerman,  D. Zuev,  B. Albrecht,  E. Alguire,  
 S. A. Baeppler,  Z. Benda,  Y. A. Bernard,  E. J. Berquist,  K. B. Bravaya,  
 D. Casanova,  Chun-Min Chang,  Yunqing Chen,  A. Chien,  K. D. Closser,  
 M. P. Coons,  S. Dasgupta,  M. Diedenhofen,  Hainam Do,  R. G. Edgar,  
 Po-Tung Fang,  S. Fatehi,  Qingguo Feng,  Qinghui Ge,  A. Ghysels,  
 J. Gomes,  J. Gonthier,  A. Gunina,  M. W. D. Hanson-Heine,  
 P. H. P. Harbach,  A. W. Hauser,  J. E. Herr,  E. G. Hohenstein,  
 Z. C. Holden,  Kerwin Hui,  T.-C. Jagau,  Hyunjun Ji,  B. Kaduk,  
 K. Khistyaev,  Jaehoon Kim,  P. Klunzinger,  K. Koh,  D. Kosenkov,  
 T. Kowalczyk,  C. M. Krauter,  A. Kunitsa,  Ka Un Lao,  A. Laurent,  
 K. V. Lawler,  Joonho Lee,  D. Lefrancois,  S. Lehtola,  D. S. Levine,  
 Yi-Pei Li,  You-Sheng Lin,  Fenglai Liu,  E. Livshits,  A. Luenser,  
 P. Manohar,  E. Mansoor,  S. F. Manzer,  Shan-Ping Mao,  Yuezhi Mao,  
 N. Mardirossian,  A. V. Marenich,  L. A. Martinez-Martinez,  S. A. Maurer,  
 N. J. Mayhall,  S. C. McKenzie,  J.-M. Mewes,  A. F. Morrison,  K. Nanda,  
 T. S. Nguyen-Beck,  R. Olivares-Amaya,  J. A. Parkhill,  T. M. Perrine,  
 F. Plasser,  S. Prager,  A. Prociuk,  D. R. Rehn,  F. Rob,  M. Schneider,  
 N. Sergueev,  S. M. Sharada,  S. Sharma,  D. W. Small,  T. Stauch,  
 T. Stein,  Yu-Chuan Su,  A. J. W. Thom,  T. Tsuchimochi,  L. Vogt,  
 O. Vydrov,  M. A. Watson,  J. Wenzel,  M. de Wergifosse,  T. A. Wesolowski,  
 A. White,  J. Witte,  A. Yamada,  Jun Yang,  K. Yao,  S. Yeganeh,  
 S. R. Yost,  Zhi-Qiang You,  A. Zech,  Igor Ying Zhang,  Xing Zhang,  
 Yan Zhao,  Ying Zhu,  B. R. Brooks,  G. K. L. Chan,  C. J. Cramer,  
 M. S. Gordon,  W. J. Hehre,  A. Klamt,  M. W. Schmidt,  C. D. Sherrill,  
 D. G. Truhlar,  A. Aspuru-Guzik,  R. Baer,  A. T. Bell,  N. A. Besley,  
 Jeng-Da Chai,  A. Dreuw,  B. D. Dunietz,  T. R. Furlani,  Chao-Ping Hsu,  
 Yousung Jung,  Jing Kong,  D. S. Lambrecht,  WanZhen Liang,  C. Ochsenfeld,  
 V. A. Rassolov,  L. V. Slipchenko,  J. E. Subotnik,  T. Van Voorhis,  
 J. M. Herbert,  A. I. Krylov,  P. M. W. Gill,  M. Head-Gordon

 Contributors to earlier versions of Q-Chem not listed above: 
 R. D. Adamson,  B. Austin,  J. Baker,  G. J. O. Beran,  K. Brandhorst,  
 S. T. Brown,  E. F. C. Byrd,  A. K. Chakraborty,  C.-L. Cheng,  
 Siu Hung Chien,  D. M. Chipman,  D. L. Crittenden,  H. Dachsel,  
 R. A. DiStasio Jr.,  R. J. Doerksen,  A. D. Dutoi,  L. Fusti-Molnar,  
 W. A. Goddard III,  A. Golubeva-Zadorozhnaya,  S. R. Gwaltney,  G. Hawkins,  
 A. Heyden,  S. Hirata,  G. Kedziora,  F. J. Keil,  C. Kelley,  Jihan Kim,  
 R. A. King,  R. Z. Khaliullin,  P. P. Korambath,  W. Kurlancheek,  
 A. M. Lee,  M. S. Lee,  S. V. Levchenko,  Ching Yeh Lin,  D. Liotard,  
 R. C. Lochan,  I. Lotan,  P. E. Maslen,  N. Nair,  D. P. O'Neill,  
 D. Neuhauser,  E. Neuscamman,  C. M. Oana,  R. Olson,  B. Peters,  
 R. Peverati,  P. A. Pieniazek,  Y. M. Rhee,  J. Ritchie,  M. A. Rohrdanz,  
 E. Rosta,  N. J. Russ,  H. F. Schaefer III,  N. E. Schultz,  N. Shenvi,  
 A. C. Simmonett,  A. Sodt,  D. Stuck,  K. S. Thanthiriwatte,  V. Vanovschi,  
 Tao Wang,  A. Warshel,  C. F. Williams,  Q. Wu,  X. Xu,  W. Zhang

 Please cite Q-Chem as follows:
 Y. Shao et al., Mol. Phys. 113, 184-215 (2015)
 DOI: 10.1080/00268976.2014.952696

 Q-Chem 5.0.1 for Intel X86 EM64T Linux

 Parts of Q-Chem use Armadillo 5.200.1 (Boston Tea Smuggler).
 http://arma.sourceforge.net/

 Q-Chem begins on Mon Apr 16 23:38:48 2018  

Host: vega03.cac.cornell.edu
0

     Scratch files written to /scratch/jj585/vdw/0100_distance_5.900_11.save//
 Parallel job on  1  processors

Checking the input file for inconsistencies... 	...done.

--------------------------------------------------------------
User input:
--------------------------------------------------------------
$molecule
0  1
--
0  1
C        +0.22270000        +1.04488000        +0.58595000
C        +0.62626000        -0.41353000        +0.99871000
C        +1.33008000        +1.39974000        -0.43491000
C        +2.63070000        +1.71700000        +0.32855000
C        +3.04336000        +0.29351000        +0.80300000
C        +1.94423000        -0.59299000        +0.15262000
O        +1.62840000        +0.13663000        -1.04376000
H        +3.37234000        +2.13782000        -0.35195000
H        +2.48236000        +2.42488000        +1.14651000
H        +4.02182000        +0.00994000        +0.41161000
H        +3.07359000        +0.18738000        +1.88928000
H        +1.03270000        +2.19943000        -1.08064000
C        +2.35450000        -2.01267000        -0.16812000
H        +3.25743000        -2.00195000        -0.74215000
H        +1.57951000        -2.48932000        -0.73123000
H        +2.51687000        -2.55129000        +0.74206000
H        -0.74673000        +1.06811000        +0.13365000
H        +0.15552000        +1.72617000        +1.40828000
H        +0.81693000        -0.48905000        +2.04887000
H        -0.12524000        -1.15356000        +0.81843000
--
0  1
C        +4.48943000        +3.14792000        +4.07625000
C        +4.89299000        +1.68951000        +4.48901000
C        +5.59681000        +3.50278000        +3.05539000
C        +6.89743000        +3.82004000        +3.81885000
C        +7.31009000        +2.39655000        +4.29330000
C        +6.21096000        +1.51005000        +3.64292000
O        +5.89513000        +2.23967000        +2.44654000
H        +7.63907000        +4.24086000        +3.13835000
H        +6.74909000        +4.52792000        +4.63681000
H        +8.28855000        +2.11298000        +3.90191000
H        +7.34032000        +2.29042000        +5.37958000
H        +5.29943000        +4.30247000        +2.40966000
C        +6.62123000        +0.09037000        +3.32218000
H        +7.52416000        +0.10109000        +2.74815000
H        +5.84624000        -0.38628000        +2.75907000
H        +6.78360000        -0.44825000        +4.23236000
H        +3.52000000        +3.17115000        +3.62395000
H        +4.42225000        +3.82921000        +4.89858000
H        +5.08366000        +1.61399000        +5.53917000
H        +4.14149000        +0.94948000        +4.30873000
$end

$rem
JOBTYPE                   SP
METHOD                    B3LYP
DFT_D                     d3_op
BASIS                     6-311++G(d,p)
SYMMETRY                  False
THRESH                    12
SCF_CONVERGENCE           8
MAX_SUB_FILE_NUM          128
MEM_STATIC                400
MEM_TOTAL                 4000
$end
--------------------------------------------------------------
 Adding empirical dispersion correction 
 ----------------------------------------------------------------
 Doing -D3(op) with
 s6 =   1.00000
 s8 =   0.78311
 a1 =   0.30000
 a2 =   4.25000
 n  =  10.00000
 -D3 energy without 3body term =     -0.0386781950 hartrees
 ----------------------------------------------------------------
             Standard Nuclear Orientation (Angstroms)
    I     Atom           X                Y                Z
 ----------------------------------------------------------------
    1      C       3.4868671337    -1.5020183680     0.8185995135
    2      C       3.5092435190    -0.0123256300     1.3090136885
    3      C       3.1258911444    -1.3345976908    -0.6767392025
    4      C       1.6219800603    -1.0195715177    -0.7956821516
    5      C       1.5893691105     0.4439937321    -0.2678297632
    6      C       3.0972767947     0.7295281102    -0.0195402422
    7      O       3.7329515714    -0.0820509695    -1.0198781919
    8      H       1.3090904091    -1.0708462821    -1.8395550254
    9      H       0.9965128066    -1.7058457124    -0.2212469023
   10      H       1.2055938815     1.1324724453    -1.0226116414
   11      H       0.9888454749     0.5687086513     0.6354969885
   12      H       3.4079946751    -2.1920845354    -1.2512303709
   13      C       3.5178228122     2.1766305312    -0.1449298476
   14      H       3.1818034086     2.5656721834    -1.0833569878
   15      H       4.5844028883     2.2439410018    -0.0922626251
   16      H       3.0848349509     2.7442354526     0.6520954461
   17      H       4.4430509937    -1.9668190373     0.9393563414
   18      H       2.8097513837    -2.1278918531     1.3614553756
   19      H       2.8006328294     0.1568945006     2.0926780190
   20      H       4.4403371276     0.3063835523     1.7289978291
   21      C      -2.4101382485    -1.4016392588     0.9773690980
   22      C      -2.3877618632     0.0880534793     1.4677832730
   23      C      -2.7711142378    -1.2342185815    -0.5179696180
   24      C      -4.2750253219    -0.9191924084    -0.6369125672
   25      C      -4.3076362717     0.5443728413    -0.1090601787
   26      C      -2.7997285875     0.8299072194     0.1392293422
   27      O      -2.1640538109     0.0183281398    -0.8611086074
   28      H      -4.5879149732    -0.9704671728    -1.6807854410
   29      H      -4.9004925756    -1.6054666032    -0.0624773178
   30      H      -4.6914115008     1.2328515545    -0.8638420569
   31      H      -4.9081599073     0.6690877606     0.7942665729
   32      H      -2.4890107071    -2.0917054261    -1.0924607864
   33      C      -2.3791825701     2.2770096404     0.0138397368
   34      H      -2.7152019736     2.6660512927    -0.9245874033
   35      H      -1.3126024939     2.3443201111     0.0665069594
   36      H      -2.8121704313     2.8446145619     0.8108650306
   37      H      -1.4539543885    -1.8664399280     1.0981259259
   38      H      -3.0872539986    -2.0275127439     1.5202249601
   39      H      -3.0963725528     0.2572736099     2.2514476035
   40      H      -1.4566682546     0.4067626615     1.8877674136
 ----------------------------------------------------------------
 Molecular Point Group                 C1    NOp =  1
 Largest Abelian Subgroup              C1    NOp =  1
 Nuclear Repulsion Energy =  1168.5589301401 hartrees
 There are       62 alpha and       62 beta electrons
 Requested basis set is 6-311++G(d,p)
 There are 216 shells and 520 basis functions

 Total QAlloc Memory Limit   4000 MB
 Mega-Array Size       392 MB
 MEM_STATIC part       400 MB
 A cutoff of  1.0D-12 yielded  18648 shell pairs
 There are    106069 function pairs (    112067 Cartesian)
 
 -------------------------------------------------------
 OpenMP Integral Computing Module                       
 Release: version 1.0, May 2013, Q-Chem Inc. Pittsburgh 
 -------------------------------------------------------
 Integral Job Info:
 Integral job number is                      11
 Integral operator is                         1
 short-range coefficients                     0
 long-range coefficients              100000000
 Omega coefficients                           0
 if combine SR and LR in K                    0
 Integral screening is                        0
 Integral computing path is                   2
 max size of driver memory is            800000
 size of driver memory is                593474
 size of scratch memory is              2361544
 max col of scratch BK array               1296
 max len of scratch array in speh3          155
 max len of scratch index in speh4           18
 max int batch size is                      520
 min int batch size is                       52
 fixed nKL is                                52
 max L of basis functions is                  2
 order of int derivative is                   0
 number of shells is                        216
 number of basis is                         536
 number of cartesian basis is               536
 number of contracted shell pairs         18648
 number of primitive shell pairs          39369
 maxK2 (contraction) of shell pair           36
 max number of K2 of shell pair               1
 max number of CS2 of shell pair           3449
 max number of PS2 of shell pair           5802
 mem total for path MDJ                  148050
 -------------------------------------------------------
 Smallest overlap matrix eigenvalue = 1.32E-06

 Scale SEOQF with 1.000000e-01/1.000000e-01/1.000000e-01

 Standard Electronic Orientation quadrupole field applied
 Nucleus-field energy     =     0.0000000465 hartrees
 Guess from superposition of atomic densities
 Warning:  Energy on first SCF cycle will be non-variational
 A restricted hybrid HF-DFT SCF calculation will be
 performed using Pulay DIIS extrapolation
 Exchange:     0.2000 Hartree-Fock + 0.0800 Slater + 0.7200 B88
 Correlation:  0.1900 VWN1RPA + 0.8100 LYP
 Using SG-1 standard quadrature grid
 Dispersion:   Grimme D3
 SCF converges when DIIS error is below 1.0E-08
 using 4 threads for integral computing
 -------------------------------------------------------
 OpenMP Integral computing Module                
 Release: version 1.0, May 2013, Q-Chem Inc. Pittsburgh 
 -------------------------------------------------------
 -------------------------------------------------------
 OpenMP BLAS3 based DFT computing Module                
 Release: version 1.0, May 2013, Q-Chem Inc. Pittsburgh 
 -------------------------------------------------------
 ---------------------------------------
  Cycle       Energy         DIIS Error
 ---------------------------------------
    1    -701.9132161420      2.70E-02
    2    -698.2270541600      3.28E-03
    3    -698.0766570239      3.95E-03
    4    -698.5865719312      5.70E-04
    5    -698.5939140766      2.24E-04
    6    -698.5951081611      6.28E-05
    7    -698.5951928745      2.36E-05
    8    -698.5952088816      2.19E-06
    9    -698.5952090158      1.01E-06
   10    -698.5952090478      2.00E-07
   11    -698.5952090490      4.43E-08
   12    -698.5952090491      1.82E-08
   13    -698.5952090491      5.79E-09 Convergence criterion met
 ---------------------------------------
 SCF time:  CPU 840.77 s  wall 211.21 s
 SCF   energy in the final basis set = -698.59520905
 Total energy in the final basis set = -698.59520905
 
 --------------------------------------------------------------
 
                    Orbital Energies (a.u.)
 --------------------------------------------------------------
 
 Alpha MOs
 -- Occupied --
-19.121 -19.114 -10.228 -10.220 -10.219 -10.211 -10.168 -10.168
-10.166 -10.166 -10.159 -10.159 -10.159 -10.159 -10.157 -10.151
 -1.052  -1.044  -0.801  -0.793  -0.778  -0.771  -0.751  -0.743
 -0.686  -0.679  -0.617  -0.609  -0.578  -0.570  -0.559  -0.551
 -0.506  -0.498  -0.485  -0.477  -0.467  -0.459  -0.443  -0.436
 -0.420  -0.413  -0.408  -0.399  -0.395  -0.388  -0.380  -0.373
 -0.363  -0.355  -0.351  -0.346  -0.343  -0.339  -0.338  -0.331
 -0.319  -0.311  -0.304  -0.296  -0.265  -0.257
 -- Virtual --
 -0.014  -0.003  -0.002   0.008   0.011   0.014   0.018   0.027
  0.029   0.031   0.033   0.038   0.041   0.046   0.049   0.055
  0.057   0.061   0.066   0.070   0.072   0.073   0.080   0.085
  0.088   0.092   0.095   0.096   0.098   0.109   0.110   0.113
  0.115   0.117   0.119   0.120   0.123   0.125   0.129   0.132
  0.134   0.136   0.138   0.141   0.143   0.144   0.146   0.148
  0.148   0.150   0.153   0.157   0.161   0.164   0.168   0.168
  0.171   0.172   0.173   0.175   0.177   0.180   0.182   0.184
  0.187   0.190   0.194   0.194   0.197   0.201   0.205   0.206
  0.214   0.215   0.217   0.222   0.225   0.228   0.232   0.237
  0.238   0.240   0.242   0.245   0.247   0.252   0.257   0.261
  0.266   0.266   0.269   0.274   0.278   0.287   0.290   0.291
  0.304   0.307   0.309   0.312   0.316   0.321   0.325   0.329
  0.335   0.337   0.342   0.345   0.349   0.355   0.357   0.360
  0.363   0.370   0.374   0.378   0.379   0.381   0.385   0.391
  0.393   0.398   0.403   0.412   0.419   0.420   0.428   0.433
  0.450   0.455   0.477   0.498   0.506   0.517   0.534   0.540
  0.543   0.551   0.556   0.559   0.564   0.568   0.575   0.580
  0.582   0.587   0.597   0.607   0.610   0.615   0.620   0.631
  0.637   0.641   0.644   0.650   0.662   0.666   0.668   0.672
  0.677   0.685   0.688   0.699   0.704   0.712   0.715   0.716
  0.723   0.726   0.729   0.741   0.749   0.752   0.757   0.759
  0.764   0.771   0.773   0.776   0.785   0.787   0.793   0.795
  0.801   0.805   0.810   0.822   0.837   0.844   0.854   0.861
  0.877   0.897   0.911   0.916   0.923   0.933   0.940   0.948
  0.963   0.977   1.002   1.018   1.052   1.057   1.079   1.087
  1.124   1.129   1.178   1.193   1.199   1.206   1.211   1.215
  1.234   1.239   1.246   1.252   1.265   1.273   1.298   1.302
  1.344   1.345   1.375   1.386   1.428   1.441   1.448   1.455
  1.464   1.466   1.483   1.499   1.503   1.509   1.514   1.521
  1.523   1.526   1.533   1.543   1.561   1.572   1.575   1.583
  1.588   1.592   1.596   1.604   1.618   1.625   1.629   1.637
  1.652   1.662   1.673   1.681   1.689   1.691   1.694   1.699
  1.705   1.711   1.714   1.719   1.728   1.737   1.750   1.753
  1.755   1.778   1.789   1.793   1.795   1.806   1.809   1.824
  1.838   1.847   1.855   1.859   1.865   1.870   1.888   1.900
  1.907   1.913   1.923   1.929   1.934   1.945   1.978   1.987
  1.995   1.998   2.006   2.012   2.034   2.046   2.049   2.061
  2.104   2.112   2.116   2.128   2.146   2.153   2.155   2.169
  2.172   2.189   2.191   2.198   2.208   2.212   2.243   2.259
  2.279   2.282   2.295   2.304   2.315   2.324   2.383   2.394
  2.440   2.455   2.467   2.476   2.487   2.499   2.507   2.513
  2.519   2.528   2.536   2.541   2.551   2.554   2.562   2.572
  2.596   2.601   2.616   2.620   2.626   2.630   2.636   2.641
  2.650   2.658   2.674   2.678   2.685   2.697   2.733   2.742
  2.764   2.769   2.775   2.776   2.790   2.798   2.811   2.820
  2.826   2.835   2.844   2.858   2.874   2.882   2.906   2.911
  2.931   2.957   2.963   2.972   2.975   2.981   2.994   2.999
  3.027   3.030   3.040   3.060   3.086   3.099   3.109   3.122
  3.141   3.147   3.153   3.169   3.242   3.250   3.271   3.281
  3.301   3.308   3.323   3.329   3.409   3.421   3.591   3.597
  3.617   3.626   3.691   3.699   3.874   3.880   3.885   3.888
  3.946   3.953   3.975   3.982   4.054   4.056   4.097   4.105
  4.138   4.146   4.184   4.190   4.197   4.201   4.266   4.271
  4.434   4.443   4.482   4.491   5.201   5.221   5.506   5.520
  5.657   5.664  23.792  23.800  23.849  23.861  23.951  23.957
 23.989  24.000  24.008  24.021  24.028  24.030  24.064  24.069
 49.969  49.976
 --------------------------------------------------------------
 
          Ground-State Mulliken Net Atomic Charges

     Atom                 Charge (a.u.)
  ----------------------------------------
      1 C                    -0.653853
      2 C                    -0.239658
      3 C                     0.381051
      4 C                    -0.584256
      5 C                    -0.132269
      6 C                    -0.031867
      7 O                    -0.072564
      8 H                     0.185273
      9 H                     0.072445
     10 H                     0.167936
     11 H                     0.026192
     12 H                     0.251304
     13 C                    -0.445989
     14 H                     0.147808
     15 H                     0.157433
     16 H                     0.138819
     17 H                     0.170713
     18 H                     0.116564
     19 H                     0.134573
     20 H                     0.167836
     21 C                    -0.412587
     22 C                    -0.356256
     23 C                     0.185893
     24 C                    -0.662419
     25 C                    -0.418892
     26 C                     0.242066
     27 O                    -0.044717
     28 H                     0.165699
     29 H                     0.126824
     30 H                     0.153376
     31 H                     0.141341
     32 H                     0.234136
     33 C                    -0.342991
     34 H                     0.155662
     35 H                     0.149040
     36 H                     0.137653
     37 H                     0.129250
     38 H                     0.151176
     39 H                     0.148813
     40 H                     0.159443
  ----------------------------------------
  Sum of atomic charges =    -0.000000

 -----------------------------------------------------------------
                    Cartesian Multipole Moments
 -----------------------------------------------------------------
    Charge (ESU x 10^10)
                -0.0000
    Dipole Moment (Debye)
         X      -2.4079      Y      -0.6404      Z       2.2876
       Tot       3.3825
    Quadrupole Moments (Debye-Ang)
        XX    -103.9525     XY      -0.1798     YY     -95.2863
        XZ       3.3547     YZ       1.5866     ZZ    -103.1215
    Octopole Moments (Debye-Ang^2)
       XXX     -53.1141    XXY      -5.4323    XYY       3.6413
       YYY      -5.8269    XXZ      25.7542    XYZ       1.9393
       YYZ      -6.9285    XZZ      -6.6249    YZZ      -1.0043
       ZZZ      -4.7527
    Hexadecapole Moments (Debye-Ang^3)
      XXXX   -6041.5874   XXXY      -2.7437   XXYY   -1115.6601
      XYYY      -9.9109   YYYY   -1111.4769   XXXZ      90.3074
      XXYZ      11.4572   XYYZ      -9.5291   YYYZ       6.3679
      XXZZ   -1100.1465   XYZZ      -3.5327   YYZZ    -270.6654
      XZZZ       0.2816   YZZZ       7.1526   ZZZZ    -577.2816
 -----------------------------------------------------------------
Archival summary:
1\1\vega03.cac.cornell.edu\SP\ProcedureUnspecified\BasisUnspecified\21424\jj585\MonApr1623:42:202018MonApr1623:42:202018\0\\#,ProcedureUnspecified,BasisUnspecified,\\0,1\O\C,1,1.43358\H,2,1.07,1,117.389\C,1,1.43646,2,98.0224,3,-179.253,0\C,4,1.51218,1,111.091,2,-178.393,0\H,5,1.07,4,109.471,1,-56.0506,0\H,5,1.07,4,109.472,1,-176.051,0\H,5,1.07,4,109.471,1,63.9491,0\C,2,1.54115,1,102.483,3,-123.548,0\H,9,1.09096,2,110.128,1,81.1589,0\H,9,1.09186,2,112.95,1,-157.962,0\C,2,1.54738,1,103.124,3,123.327,0\H,12,1.07,2,113.95,1,155.255,0\H,12,1.07,2,111.379,1,-86.5463,0\C,4,1.55466,1,102.371,2,-54.4128,0\H,15,1.09132,4,109.614,1,-87.4148,0\H,15,1.09187,4,112.355,1,152.676,0\C,12,1.5685,2,101.696,1,32.1918,0\H,18,1.07,12,111.7,2,120.458,0\H,18,1.07,12,114.71,2,-121.541,0\H,20,2.75226,18,127.744,12,62.689,0\C,21,1.09187,20,149.138,18,0.607246,0\H,22,1.09132,21,107.862,20,62.6977,0\C,22,1.55466,21,112.355,20,-176.381,0\O,24,1.43646,22,102.371,21,152.676,0\C,25,1.43358,24,98.0224,22,-54.4128,0\H,26,1.07,25,117.389,24,-179.253,0\C,24,1.51218,22,115.611,21,-86.4144,0\H,28,1.07,24,109.471,22,-172.124,0\H,28,1.07,24,109.472,22,67.8758,0\H,28,1.07,24,109.471,22,-52.1243,0\C,26,1.54115,25,102.483,24,57.1986,0\H,32,1.09096,26,110.128,25,81.1589,0\H,32,1.09186,26,112.95,25,-157.962,0\C,26,1.54738,25,103.124,24,-55.9256,0\H,35,1.07,26,113.95,25,155.255,0\H,35,1.07,26,111.379,25,-86.5463,0\C,35,1.5685,26,101.696,25,32.1918,0\H,38,1.07,35,111.7,26,120.458,0\H,38,1.07,35,114.71,26,-121.541,0\\\@

 Total job time:  212.19s(wall), 843.38s(cpu) 
 Mon Apr 16 23:42:20 2018

        *************************************************************
        *                                                           *
        *  Thank you very much for using Q-Chem.  Have a nice day.  *
        *                                                           *
        *************************************************************


0 sent ACK to 0 
now end server 0 ... 
