mFile = /opt/software/qchem/qchem-5.0.1//bin/mpi/machines
Process 0 of 1 is on vega01.cac.cornell.edu - thread support 0
initial socket setup ...start
initial socket setup ...done 
now start server 0 ... 
localhost 127.0.0
Q-Chem Developer Version! Running on 127.0.0.*
                  Welcome to Q-Chem
     A Quantum Leap Into The Future Of Chemistry


 Q-Chem 5.0, Q-Chem, Inc., Pleasanton, CA (2017)

 Yihan Shao,  Zhengting Gan,  E. Epifanovsky,  A. T. B. Gilbert,  M. Wormit,  
 J. Kussmann,  A. W. Lange,  A. Behn,  Jia Deng,  Xintian Feng,  D. Ghosh,  
 M. Goldey,  P. R. Horn,  L. D. Jacobson,  I. Kaliman,  T. Kus,  A. Landau,  
 Jie Liu,  E. I. Proynov,  R. M. Richard,  R. P. Steele,  E. J. Sundstrom,  
 H. L. Woodcock III,  P. M. Zimmerman,  D. Zuev,  B. Albrecht,  E. Alguire,  
 S. A. Baeppler,  Z. Benda,  Y. A. Bernard,  E. J. Berquist,  K. B. Bravaya,  
 D. Casanova,  Chun-Min Chang,  Yunqing Chen,  A. Chien,  K. D. Closser,  
 M. P. Coons,  S. Dasgupta,  M. Diedenhofen,  Hainam Do,  R. G. Edgar,  
 Po-Tung Fang,  S. Fatehi,  Qingguo Feng,  Qinghui Ge,  A. Ghysels,  
 J. Gomes,  J. Gonthier,  A. Gunina,  M. W. D. Hanson-Heine,  
 P. H. P. Harbach,  A. W. Hauser,  J. E. Herr,  E. G. Hohenstein,  
 Z. C. Holden,  Kerwin Hui,  T.-C. Jagau,  Hyunjun Ji,  B. Kaduk,  
 K. Khistyaev,  Jaehoon Kim,  P. Klunzinger,  K. Koh,  D. Kosenkov,  
 T. Kowalczyk,  C. M. Krauter,  A. Kunitsa,  Ka Un Lao,  A. Laurent,  
 K. V. Lawler,  Joonho Lee,  D. Lefrancois,  S. Lehtola,  D. S. Levine,  
 Yi-Pei Li,  You-Sheng Lin,  Fenglai Liu,  E. Livshits,  A. Luenser,  
 P. Manohar,  E. Mansoor,  S. F. Manzer,  Shan-Ping Mao,  Yuezhi Mao,  
 N. Mardirossian,  A. V. Marenich,  L. A. Martinez-Martinez,  S. A. Maurer,  
 N. J. Mayhall,  S. C. McKenzie,  J.-M. Mewes,  A. F. Morrison,  K. Nanda,  
 T. S. Nguyen-Beck,  R. Olivares-Amaya,  J. A. Parkhill,  T. M. Perrine,  
 F. Plasser,  S. Prager,  A. Prociuk,  D. R. Rehn,  F. Rob,  M. Schneider,  
 N. Sergueev,  S. M. Sharada,  S. Sharma,  D. W. Small,  T. Stauch,  
 T. Stein,  Yu-Chuan Su,  A. J. W. Thom,  T. Tsuchimochi,  L. Vogt,  
 O. Vydrov,  M. A. Watson,  J. Wenzel,  M. de Wergifosse,  T. A. Wesolowski,  
 A. White,  J. Witte,  A. Yamada,  Jun Yang,  K. Yao,  S. Yeganeh,  
 S. R. Yost,  Zhi-Qiang You,  A. Zech,  Igor Ying Zhang,  Xing Zhang,  
 Yan Zhao,  Ying Zhu,  B. R. Brooks,  G. K. L. Chan,  C. J. Cramer,  
 M. S. Gordon,  W. J. Hehre,  A. Klamt,  M. W. Schmidt,  C. D. Sherrill,  
 D. G. Truhlar,  A. Aspuru-Guzik,  R. Baer,  A. T. Bell,  N. A. Besley,  
 Jeng-Da Chai,  A. Dreuw,  B. D. Dunietz,  T. R. Furlani,  Chao-Ping Hsu,  
 Yousung Jung,  Jing Kong,  D. S. Lambrecht,  WanZhen Liang,  C. Ochsenfeld,  
 V. A. Rassolov,  L. V. Slipchenko,  J. E. Subotnik,  T. Van Voorhis,  
 J. M. Herbert,  A. I. Krylov,  P. M. W. Gill,  M. Head-Gordon

 Contributors to earlier versions of Q-Chem not listed above: 
 R. D. Adamson,  B. Austin,  J. Baker,  G. J. O. Beran,  K. Brandhorst,  
 S. T. Brown,  E. F. C. Byrd,  A. K. Chakraborty,  C.-L. Cheng,  
 Siu Hung Chien,  D. M. Chipman,  D. L. Crittenden,  H. Dachsel,  
 R. A. DiStasio Jr.,  R. J. Doerksen,  A. D. Dutoi,  L. Fusti-Molnar,  
 W. A. Goddard III,  A. Golubeva-Zadorozhnaya,  S. R. Gwaltney,  G. Hawkins,  
 A. Heyden,  S. Hirata,  G. Kedziora,  F. J. Keil,  C. Kelley,  Jihan Kim,  
 R. A. King,  R. Z. Khaliullin,  P. P. Korambath,  W. Kurlancheek,  
 A. M. Lee,  M. S. Lee,  S. V. Levchenko,  Ching Yeh Lin,  D. Liotard,  
 R. C. Lochan,  I. Lotan,  P. E. Maslen,  N. Nair,  D. P. O'Neill,  
 D. Neuhauser,  E. Neuscamman,  C. M. Oana,  R. Olson,  B. Peters,  
 R. Peverati,  P. A. Pieniazek,  Y. M. Rhee,  J. Ritchie,  M. A. Rohrdanz,  
 E. Rosta,  N. J. Russ,  H. F. Schaefer III,  N. E. Schultz,  N. Shenvi,  
 A. C. Simmonett,  A. Sodt,  D. Stuck,  K. S. Thanthiriwatte,  V. Vanovschi,  
 Tao Wang,  A. Warshel,  C. F. Williams,  Q. Wu,  X. Xu,  W. Zhang

 Please cite Q-Chem as follows:
 Y. Shao et al., Mol. Phys. 113, 184-215 (2015)
 DOI: 10.1080/00268976.2014.952696

 Q-Chem 5.0.1 for Intel X86 EM64T Linux

 Parts of Q-Chem use Armadillo 5.200.1 (Boston Tea Smuggler).
 http://arma.sourceforge.net/

 Q-Chem begins on Tue Apr 17 15:44:13 2018  

Host: vega01.cac.cornell.edu
0

     Scratch files written to /scratch/jj585/vdw/01n00_distance_4.600_10.save//
 Parallel job on  1  processors

Checking the input file for inconsistencies... 	...done.

--------------------------------------------------------------
User input:
--------------------------------------------------------------
$molecule
0  1
C        -0.54444000        -0.68370000        -0.06689000
C        -0.55709000        +0.71878000        +0.05493000
C        -1.74320000        -1.41616000        -0.12552000
C        -2.93952000        -0.70056000        -0.05285000
C        -2.95313000        +0.68255000        +0.06934000
C        -1.77161000        +1.42404000        +0.12810000
H        -3.90354000        +1.20325000        +0.11710000
H        -3.87892000        -1.24211000        -0.08988000
C        -1.83960000        +2.92746000        +0.24839000
H        -1.24214000        +3.42352000        -0.52065000
H        -1.45503000        +3.26427000        +1.21284000
H        -2.87211000        +3.26623000        +0.14638000
H        -1.73878000        -2.44393000        -0.21875000
H        +0.35825000        -1.18166000        -0.11386000
H        +0.33551000        +1.23549000        +0.09097000
@C        -0.51278000        -1.08478000        +4.51548000
@C        -0.52543000        +0.31770000        +4.63730000
@C        -1.71154000        -1.81724000        +4.45685000
@C        -2.90786000        -1.10164000        +4.52952000
@C        -2.92147000        +0.28147000        +4.65171000
@C        -1.73995000        +1.02296000        +4.71047000
@H        -3.87188000        +0.80217000        +4.69947000
@H        -3.84726000        -1.64319000        +4.49249000
@C        -1.80794000        +2.52638000        +4.83076000
@H        -1.21048000        +3.02244000        +4.06172000
@H        -1.42337000        +2.86319000        +5.79521000
@H        -2.84045000        +2.86515000        +4.72875000
@H        -1.70712000        -2.84501000        +4.36362000
@H        +0.38991000        -1.58274000        +4.46851000
@H        +0.36717000        +0.83441000        +4.67334000
$end

$rem
JOBTYPE                   SP
METHOD                    B3LYP
DFT_D                     d3_op
BASIS                     6-311++G(d,p)
SYMMETRY                  False
THRESH                    12
SCF_CONVERGENCE           8
MAX_SUB_FILE_NUM          128
MEM_STATIC                400
MEM_TOTAL                 4000
$end
--------------------------------------------------------------
 Adding empirical dispersion correction 
 ----------------------------------------------------------------
 Doing -D3(op) with
 s6 =   1.00000
 s8 =   0.78311
 a1 =   0.30000
 a2 =   4.25000
 n  =  10.00000
 -D3 energy without 3body term =     -0.0113800034 hartrees
 ----------------------------------------------------------------
             Standard Nuclear Orientation (Angstroms)
    I     Atom           X                Y                Z
 ----------------------------------------------------------------
    1      C      -0.5444400000    -0.6837000000    -0.0668900000
    2      C      -0.5570900000     0.7187800000     0.0549300000
    3      C      -1.7432000000    -1.4161600000    -0.1255200000
    4      C      -2.9395200000    -0.7005600000    -0.0528500000
    5      C      -2.9531300000     0.6825500000     0.0693400000
    6      C      -1.7716100000     1.4240400000     0.1281000000
    7      H      -3.9035400000     1.2032500000     0.1171000000
    8      H      -3.8789200000    -1.2421100000    -0.0898800000
    9      C      -1.8396000000     2.9274600000     0.2483900000
   10      H      -1.2421400000     3.4235200000    -0.5206500000
   11      H      -1.4550300000     3.2642700000     1.2128400000
   12      H      -2.8721100000     3.2662300000     0.1463800000
   13      H      -1.7387800000    -2.4439300000    -0.2187500000
   14      H       0.3582500000    -1.1816600000    -0.1138600000
   15      H       0.3355100000     1.2354900000     0.0909700000
   16      GH     -0.5127800000    -1.0847800000     4.5154800000
   17      GH     -0.5254300000     0.3177000000     4.6373000000
   18      GH     -1.7115400000    -1.8172400000     4.4568500000
   19      GH     -2.9078600000    -1.1016400000     4.5295200000
   20      GH     -2.9214700000     0.2814700000     4.6517100000
   21      GH     -1.7399500000     1.0229600000     4.7104700000
   22      GH     -3.8718800000     0.8021700000     4.6994700000
   23      GH     -3.8472600000    -1.6431900000     4.4924900000
   24      GH     -1.8079400000     2.5263800000     4.8307600000
   25      GH     -1.2104800000     3.0224400000     4.0617200000
   26      GH     -1.4233700000     2.8631900000     5.7952100000
   27      GH     -2.8404500000     2.8651500000     4.7287500000
   28      GH     -1.7071200000    -2.8450100000     4.3636200000
   29      GH      0.3899100000    -1.5827400000     4.4685100000
   30      GH      0.3671700000     0.8344100000     4.6733400000
 ----------------------------------------------------------------
 Nuclear Repulsion Energy =   269.2168625664 hartrees
 There are       25 alpha and       25 beta electrons
 Requested basis set is 6-311++G(d,p)
 There are 164 shells and 420 basis functions

 Total QAlloc Memory Limit   4000 MB
 Mega-Array Size       392 MB
 MEM_STATIC part       400 MB
 A cutoff of  1.0D-12 yielded  11054 shell pairs
 There are     73147 function pairs (     77793 Cartesian)
 
 -------------------------------------------------------
 OpenMP Integral Computing Module                       
 Release: version 1.0, May 2013, Q-Chem Inc. Pittsburgh 
 -------------------------------------------------------
 Integral Job Info:
 Integral job number is                      11
 Integral operator is                         1
 short-range coefficients                     0
 long-range coefficients              100000000
 Omega coefficients                           0
 if combine SR and LR in K                    0
 Integral screening is                        0
 Integral computing path is                   2
 max size of driver memory is            800000
 size of driver memory is                593474
 size of scratch memory is              2361544
 max col of scratch BK array               1296
 max len of scratch array in speh3          155
 max len of scratch index in speh4           18
 max int batch size is                      520
 min int batch size is                       52
 fixed nKL is                                52
 max L of basis functions is                  2
 order of int derivative is                   0
 number of shells is                        164
 number of basis is                         434
 number of cartesian basis is               434
 number of contracted shell pairs         11054
 number of primitive shell pairs          24247
 maxK2 (contraction) of shell pair           36
 max number of K2 of shell pair               1
 max number of CS2 of shell pair           2091
 max number of PS2 of shell pair           3414
 mem total for path MDJ                  123960
 -------------------------------------------------------
 Smallest overlap matrix eigenvalue = 3.61E-07
 Linear dependence detected in AO basis
 Number of orthogonalized atomic orbitals = 419
 Maximum deviation from orthogonality = 1.690E-10

 Scale SEOQF with 1.000000e-01/1.000000e-01/1.000000e-02

 Standard Electronic Orientation quadrupole field applied
 Nucleus-field energy     =     0.0000000169 hartrees
 Guess from superposition of atomic densities
 Warning:  Energy on first SCF cycle will be non-variational

 Q-Chem warning in module /opt/software/qchem/qchem-5.0.1/libgen/Atomic_PolEc.C, line 58:

 No atomic polarizability available.


 Q-Chem warning in module /opt/software/qchem/qchem-5.0.1/libgen/Atomic_PolEc.C, line 73:

 No atomic polarizability available.


 Q-Chem warning in module /opt/software/qchem/qchem-5.0.1/libgen/Atomic_PolEc.C, line 58:

 No atomic polarizability available.


 Q-Chem warning in module /opt/software/qchem/qchem-5.0.1/libgen/Atomic_PolEc.C, line 73:

 No atomic polarizability available.


 Q-Chem warning in module /opt/software/qchem/qchem-5.0.1/libgen/Atomic_PolEc.C, line 58:

 No atomic polarizability available.


 Q-Chem warning in module /opt/software/qchem/qchem-5.0.1/libgen/Atomic_PolEc.C, line 73:

 No atomic polarizability available.


 Q-Chem warning in module /opt/software/qchem/qchem-5.0.1/libgen/Atomic_PolEc.C, line 58:

 No atomic polarizability available.


 Q-Chem warning in module /opt/software/qchem/qchem-5.0.1/libgen/Atomic_PolEc.C, line 73:

 No atomic polarizability available.


 Q-Chem warning in module /opt/software/qchem/qchem-5.0.1/libgen/Atomic_PolEc.C, line 58:

 No atomic polarizability available.


 Q-Chem warning in module /opt/software/qchem/qchem-5.0.1/libgen/Atomic_PolEc.C, line 73:

 No atomic polarizability available.


 Q-Chem warning in module /opt/software/qchem/qchem-5.0.1/libgen/Atomic_PolEc.C, line 58:

 No atomic polarizability available.


 Q-Chem warning in module /opt/software/qchem/qchem-5.0.1/libgen/Atomic_PolEc.C, line 73:

 No atomic polarizability available.


 Q-Chem warning in module /opt/software/qchem/qchem-5.0.1/libgen/Atomic_PolEc.C, line 58:

 No atomic polarizability available.


 Q-Chem warning in module /opt/software/qchem/qchem-5.0.1/libgen/Atomic_PolEc.C, line 73:

 No atomic polarizability available.


 Q-Chem warning in module /opt/software/qchem/qchem-5.0.1/libgen/Atomic_PolEc.C, line 58:

 No atomic polarizability available.


 Q-Chem warning in module /opt/software/qchem/qchem-5.0.1/libgen/Atomic_PolEc.C, line 73:

 No atomic polarizability available.


 Q-Chem warning in module /opt/software/qchem/qchem-5.0.1/libgen/Atomic_PolEc.C, line 58:

 No atomic polarizability available.


 Q-Chem warning in module /opt/software/qchem/qchem-5.0.1/libgen/Atomic_PolEc.C, line 73:

 No atomic polarizability available.


 Q-Chem warning in module /opt/software/qchem/qchem-5.0.1/libgen/Atomic_PolEc.C, line 58:

 No atomic polarizability available.


 Q-Chem warning in module /opt/software/qchem/qchem-5.0.1/libgen/Atomic_PolEc.C, line 73:

 No atomic polarizability available.


 Q-Chem warning in module /opt/software/qchem/qchem-5.0.1/libgen/Atomic_PolEc.C, line 58:

 No atomic polarizability available.


 Q-Chem warning in module /opt/software/qchem/qchem-5.0.1/libgen/Atomic_PolEc.C, line 73:

 No atomic polarizability available.


 Q-Chem warning in module /opt/software/qchem/qchem-5.0.1/libgen/Atomic_PolEc.C, line 58:

 No atomic polarizability available.


 Q-Chem warning in module /opt/software/qchem/qchem-5.0.1/libgen/Atomic_PolEc.C, line 73:

 No atomic polarizability available.


 Q-Chem warning in module /opt/software/qchem/qchem-5.0.1/libgen/Atomic_PolEc.C, line 58:

 No atomic polarizability available.


 Q-Chem warning in module /opt/software/qchem/qchem-5.0.1/libgen/Atomic_PolEc.C, line 73:

 No atomic polarizability available.


 Q-Chem warning in module /opt/software/qchem/qchem-5.0.1/libgen/Atomic_PolEc.C, line 58:

 No atomic polarizability available.


 Q-Chem warning in module /opt/software/qchem/qchem-5.0.1/libgen/Atomic_PolEc.C, line 73:

 No atomic polarizability available.


 Q-Chem warning in module /opt/software/qchem/qchem-5.0.1/libgen/Atomic_PolEc.C, line 58:

 No atomic polarizability available.


 Q-Chem warning in module /opt/software/qchem/qchem-5.0.1/libgen/Atomic_PolEc.C, line 73:

 No atomic polarizability available.

 A restricted hybrid HF-DFT SCF calculation will be
 performed using Pulay DIIS extrapolation
 Exchange:     0.2000 Hartree-Fock + 0.0800 Slater + 0.7200 B88
 Correlation:  0.1900 VWN1RPA + 0.8100 LYP
 Using SG-1 standard quadrature grid
 Dispersion:   Grimme D3
 SCF converges when DIIS error is below 1.0E-08
 using 4 threads for integral computing
 -------------------------------------------------------
 OpenMP Integral computing Module                
 Release: version 1.0, May 2013, Q-Chem Inc. Pittsburgh 
 -------------------------------------------------------
 -------------------------------------------------------
 OpenMP BLAS3 based DFT computing Module                
 Release: version 1.0, May 2013, Q-Chem Inc. Pittsburgh 
 -------------------------------------------------------
 ---------------------------------------
  Cycle       Energy         DIIS Error
 ---------------------------------------
    1    -273.1501208596      2.19E-02
    2    -271.4966991487      2.44E-03
    3    -271.4747007168      2.65E-03
    4    -271.6429670262      1.99E-04
    5    -271.6435656269      1.01E-04
    6    -271.6437419445      4.36E-05
    7    -271.6437805469      1.59E-05
    8    -271.6437866767      1.31E-06
    9    -271.6437867064      7.98E-07
   10    -271.6437867202      1.86E-07
   11    -271.6437867210      8.02E-08
   12    -271.6437867211      9.89E-09 Convergence criterion met
 ---------------------------------------
 SCF time:  CPU 331.59 s  wall 83.09 s
 SCF   energy in the final basis set = -271.64378672
 Total energy in the final basis set = -271.64378672
 
 --------------------------------------------------------------
 
                    Orbital Energies (a.u.)
 --------------------------------------------------------------
 
 Alpha MOs
 -- Occupied --
-10.185 -10.174 -10.172 -10.171 -10.170 -10.169 -10.169  -0.858
 -0.776  -0.747  -0.691  -0.611  -0.591  -0.521  -0.465  -0.462
 -0.424  -0.423  -0.418  -0.390  -0.358  -0.350  -0.342  -0.255
 -0.247
 -- Virtual --
 -0.017  -0.013  -0.008   0.005   0.009   0.019   0.028   0.031
  0.036   0.040   0.049   0.051   0.055   0.062   0.064   0.068
  0.075   0.083   0.087   0.089   0.093   0.101   0.106   0.108
  0.110   0.114   0.118   0.122   0.124   0.127   0.128   0.131
  0.137   0.138   0.142   0.143   0.150   0.157   0.161   0.162
  0.164   0.169   0.172   0.176   0.177   0.180   0.184   0.186
  0.191   0.193   0.198   0.204   0.207   0.212   0.216   0.222
  0.224   0.229   0.233   0.236   0.244   0.245   0.250   0.252
  0.260   0.262   0.266   0.269   0.273   0.275   0.282   0.291
  0.293   0.297   0.301   0.305   0.311   0.314   0.319   0.325
  0.332   0.335   0.351   0.359   0.363   0.369   0.371   0.374
  0.379   0.395   0.402   0.417   0.428   0.430   0.442   0.447
  0.454   0.478   0.482   0.486   0.505   0.515   0.521   0.525
  0.545   0.547   0.553   0.554   0.571   0.580   0.583   0.592
  0.594   0.603   0.607   0.615   0.616   0.630   0.636   0.640
  0.642   0.649   0.652   0.661   0.662   0.675   0.684   0.692
  0.712   0.720   0.724   0.732   0.736   0.742   0.748   0.753
  0.774   0.780   0.801   0.807   0.814   0.825   0.852   0.859
  0.861   0.883   0.888   0.897   0.905   0.922   0.928   0.938
  0.945   0.947   0.964   0.968   1.006   1.015   1.019   1.035
  1.045   1.053   1.081   1.095   1.100   1.126   1.132   1.147
  1.163   1.187   1.209   1.212   1.232   1.291   1.335   1.361
  1.369   1.412   1.424   1.431   1.453   1.461   1.476   1.495
  1.501   1.526   1.531   1.532   1.537   1.543   1.561   1.565
  1.567   1.578   1.590   1.599   1.612   1.625   1.649   1.662
  1.677   1.691   1.697   1.712   1.717   1.726   1.739   1.743
  1.756   1.765   1.775   1.776   1.795   1.806   1.808   1.828
  1.851   1.859   1.863   1.867   1.886   1.898   1.903   1.908
  1.925   1.938   1.943   1.958   1.961   1.962   1.965   1.985
  2.009   2.027   2.036   2.037   2.042   2.050   2.065   2.100
  2.107   2.117   2.141   2.163   2.198   2.241   2.252   2.256
  2.306   2.314   2.322   2.325   2.335   2.392   2.405   2.411
  2.416   2.419   2.427   2.447   2.449   2.481   2.486   2.492
  2.495   2.524   2.537   2.551   2.558   2.563   2.571   2.586
  2.596   2.610   2.636   2.646   2.676   2.689   2.704   2.730
  2.737   2.753   2.756   2.765   2.768   2.781   2.809   2.836
  2.840   2.863   2.901   2.904   2.916   2.924   2.929   2.942
  2.954   2.989   2.992   3.000   3.002   3.016   3.044   3.095
  3.115   3.155   3.173   3.204   3.227   3.246   3.281   3.343
  3.356   3.360   3.386   3.394   3.399   3.446   3.476   3.491
  3.517   3.518   3.551   3.563   3.578   3.590   3.624   3.655
  3.665   3.713   3.723   3.794   3.795   3.862   4.016   4.035
  4.039   4.122   4.180   4.187   4.205   4.343   4.633   4.728
  4.838   4.843   4.870   4.918   4.959   5.098   5.204   5.646
  7.083   7.131   7.163   7.227   7.242   7.376   7.625   7.718
  7.727   7.749   7.774   7.787   7.826   7.840   7.874   7.985
  8.031   8.054   8.177   8.487   8.914   9.717  10.008  10.196
 10.216  10.245  10.256  10.318  23.669  23.941  24.003  24.015
 24.096  24.109  24.207  69.825  69.943  70.050  70.054  70.076
 70.077  70.120
 --------------------------------------------------------------
 
          Ground-State Mulliken Net Atomic Charges

     Atom                 Charge (a.u.)
  ----------------------------------------
      1 C                    -0.080701
      2 C                    -0.428572
      3 C                    -0.333339
      4 C                    -0.142291
      5 C                    -0.497634
      6 C                     0.911686
      7 H                     0.154090
      8 H                     0.168253
      9 C                    -0.674804
     10 H                     0.147681
     11 H                     0.164436
     12 H                     0.142397
     13 H                     0.151287
     14 H                     0.159768
     15 H                     0.169602
     16 GH                   -0.038010
     17 GH                    0.042783
     18 GH                    0.037223
     19 GH                   -0.034500
     20 GH                    0.001753
     21 GH                   -0.031863
     22 GH                    0.000448
     23 GH                    0.000399
     24 GH                    0.006678
     25 GH                   -0.002816
     26 GH                   -0.000694
     27 GH                    0.001649
     28 GH                    0.003088
     29 GH                   -0.000241
     30 GH                    0.002243
  ----------------------------------------
  Sum of atomic charges =     0.000000

 -----------------------------------------------------------------
                    Cartesian Multipole Moments
 -----------------------------------------------------------------
    Charge (ESU x 10^10)
                 0.0000
    Dipole Moment (Debye)
         X       0.0614      Y       0.3873      Z       0.0383
       Tot       0.3940
    Quadrupole Moments (Debye-Ang)
        XX     -39.3699     XY      -0.6304     YY     -38.0874
        XZ      -0.1002     YZ       0.7248     ZZ     -46.3970
    Octopole Moments (Debye-Ang^2)
       XXX     208.6330    XXY     -19.5374    XYY      67.8802
       YYY     -62.7822    XXZ      -1.7000    XYZ      -1.2447
       YYZ      -2.0853    XZZ      82.7190    YZZ     -19.5966
       ZZZ      -4.8487
    Hexadecapole Moments (Debye-Ang^3)
      XXXX   -1027.8180   XXXY     110.4088   XXYY    -280.3239
      XYYY     117.0537   YYYY    -684.3215   XXXZ      10.6225
      XXYZ      -6.4280   XYYZ       3.8841   YYYZ     -25.4905
      XXZZ    -217.4036   XYZZ      38.0841   YYZZ    -130.4452
      XZZZ      10.4012   YZZZ     -27.3450   ZZZZ     -68.0336
 -----------------------------------------------------------------
Archival summary:
1\1\vega01.cac.cornell.edu\SP\ProcedureUnspecified\BasisUnspecified\78h15\jj585\TueApr1715:45:362018TueApr1715:45:362018\0\\#,ProcedureUnspecified,BasisUnspecified,\\0,1\C\C,1,1.39616\H,2,1.08475,1,118.991\C,2,1.38856,1,121.629,3,179.783,0\H,4,1.08495,2,119.453,1,179.671,0\C,4,1.3959,2,121.575,1,-0.129654,0\H,6,1.032,4,121.26,2,-179.84,0\C,6,1.40604,4,117.481,2,0.160349,0\H,8,1.032,6,119.504,4,179.742,0\C,1,1.40634,2,117.536,3,-179.6,0\H,10,1.032,1,119.607,2,179.72,0\C,1,1.50976,2,119.611,3,-0.341033,0\H,12,1.09144,1,110.135,2,-7.24194,0\H,12,1.09156,1,111.21,2,113.289,0\H,12,1.09291,1,111.796,2,-127.427,0\Gh,14,2.86957,12,151.788,1,-42.0072,0\Gh,16,1.09291,14,133.65,12,-21.0721,0\Gh,17,1.09144,16,108.09,14,-53.004,0\Gh,17,1.09156,16,106.802,14,-169.773,0\Gh,17,1.50976,16,111.796,14,68.3714,0\Gh,20,1.39616,17,119.611,16,-127.427,0\Gh,21,1.08475,20,118.991,17,-0.341033,0\Gh,21,1.38856,20,121.629,17,179.442,0\Gh,23,1.08495,21,119.453,20,179.671,0\Gh,23,1.3959,21,121.575,20,-0.129654,0\Gh,25,1.032,23,121.26,21,-179.84,0\Gh,25,1.40604,23,117.481,21,0.160349,0\Gh,27,1.032,25,119.504,23,179.742,0\Gh,20,1.40634,17,122.848,16,51.7903,0\Gh,29,1.032,20,119.607,17,0.487832,0\\\@

 Total job time:  83.65s(wall), 333.59s(cpu) 
 Tue Apr 17 15:45:36 2018

        *************************************************************
        *                                                           *
        *  Thank you very much for using Q-Chem.  Have a nice day.  *
        *                                                           *
        *************************************************************


0 sent ACK to 0 
now end server 0 ... 
