mFile = /opt/software/qchem/qchem-5.0.1//bin/mpi/machines
Process 0 of 1 is on vega03.cac.cornell.edu - thread support 0
initial socket setup ...start
initial socket setup ...done 
now start server 0 ... 
vega03 10.84.3
Q-Chem Developer Version! Running on 10.84.3.*
                  Welcome to Q-Chem
     A Quantum Leap Into The Future Of Chemistry


 Q-Chem 5.0, Q-Chem, Inc., Pleasanton, CA (2017)

 Yihan Shao,  Zhengting Gan,  E. Epifanovsky,  A. T. B. Gilbert,  M. Wormit,  
 J. Kussmann,  A. W. Lange,  A. Behn,  Jia Deng,  Xintian Feng,  D. Ghosh,  
 M. Goldey,  P. R. Horn,  L. D. Jacobson,  I. Kaliman,  T. Kus,  A. Landau,  
 Jie Liu,  E. I. Proynov,  R. M. Richard,  R. P. Steele,  E. J. Sundstrom,  
 H. L. Woodcock III,  P. M. Zimmerman,  D. Zuev,  B. Albrecht,  E. Alguire,  
 S. A. Baeppler,  Z. Benda,  Y. A. Bernard,  E. J. Berquist,  K. B. Bravaya,  
 D. Casanova,  Chun-Min Chang,  Yunqing Chen,  A. Chien,  K. D. Closser,  
 M. P. Coons,  S. Dasgupta,  M. Diedenhofen,  Hainam Do,  R. G. Edgar,  
 Po-Tung Fang,  S. Fatehi,  Qingguo Feng,  Qinghui Ge,  A. Ghysels,  
 J. Gomes,  J. Gonthier,  A. Gunina,  M. W. D. Hanson-Heine,  
 P. H. P. Harbach,  A. W. Hauser,  J. E. Herr,  E. G. Hohenstein,  
 Z. C. Holden,  Kerwin Hui,  T.-C. Jagau,  Hyunjun Ji,  B. Kaduk,  
 K. Khistyaev,  Jaehoon Kim,  P. Klunzinger,  K. Koh,  D. Kosenkov,  
 T. Kowalczyk,  C. M. Krauter,  A. Kunitsa,  Ka Un Lao,  A. Laurent,  
 K. V. Lawler,  Joonho Lee,  D. Lefrancois,  S. Lehtola,  D. S. Levine,  
 Yi-Pei Li,  You-Sheng Lin,  Fenglai Liu,  E. Livshits,  A. Luenser,  
 P. Manohar,  E. Mansoor,  S. F. Manzer,  Shan-Ping Mao,  Yuezhi Mao,  
 N. Mardirossian,  A. V. Marenich,  L. A. Martinez-Martinez,  S. A. Maurer,  
 N. J. Mayhall,  S. C. McKenzie,  J.-M. Mewes,  A. F. Morrison,  K. Nanda,  
 T. S. Nguyen-Beck,  R. Olivares-Amaya,  J. A. Parkhill,  T. M. Perrine,  
 F. Plasser,  S. Prager,  A. Prociuk,  D. R. Rehn,  F. Rob,  M. Schneider,  
 N. Sergueev,  S. M. Sharada,  S. Sharma,  D. W. Small,  T. Stauch,  
 T. Stein,  Yu-Chuan Su,  A. J. W. Thom,  T. Tsuchimochi,  L. Vogt,  
 O. Vydrov,  M. A. Watson,  J. Wenzel,  M. de Wergifosse,  T. A. Wesolowski,  
 A. White,  J. Witte,  A. Yamada,  Jun Yang,  K. Yao,  S. Yeganeh,  
 S. R. Yost,  Zhi-Qiang You,  A. Zech,  Igor Ying Zhang,  Xing Zhang,  
 Yan Zhao,  Ying Zhu,  B. R. Brooks,  G. K. L. Chan,  C. J. Cramer,  
 M. S. Gordon,  W. J. Hehre,  A. Klamt,  M. W. Schmidt,  C. D. Sherrill,  
 D. G. Truhlar,  A. Aspuru-Guzik,  R. Baer,  A. T. Bell,  N. A. Besley,  
 Jeng-Da Chai,  A. Dreuw,  B. D. Dunietz,  T. R. Furlani,  Chao-Ping Hsu,  
 Yousung Jung,  Jing Kong,  D. S. Lambrecht,  WanZhen Liang,  C. Ochsenfeld,  
 V. A. Rassolov,  L. V. Slipchenko,  J. E. Subotnik,  T. Van Voorhis,  
 J. M. Herbert,  A. I. Krylov,  P. M. W. Gill,  M. Head-Gordon

 Contributors to earlier versions of Q-Chem not listed above: 
 R. D. Adamson,  B. Austin,  J. Baker,  G. J. O. Beran,  K. Brandhorst,  
 S. T. Brown,  E. F. C. Byrd,  A. K. Chakraborty,  C.-L. Cheng,  
 Siu Hung Chien,  D. M. Chipman,  D. L. Crittenden,  H. Dachsel,  
 R. A. DiStasio Jr.,  R. J. Doerksen,  A. D. Dutoi,  L. Fusti-Molnar,  
 W. A. Goddard III,  A. Golubeva-Zadorozhnaya,  S. R. Gwaltney,  G. Hawkins,  
 A. Heyden,  S. Hirata,  G. Kedziora,  F. J. Keil,  C. Kelley,  Jihan Kim,  
 R. A. King,  R. Z. Khaliullin,  P. P. Korambath,  W. Kurlancheek,  
 A. M. Lee,  M. S. Lee,  S. V. Levchenko,  Ching Yeh Lin,  D. Liotard,  
 R. C. Lochan,  I. Lotan,  P. E. Maslen,  N. Nair,  D. P. O'Neill,  
 D. Neuhauser,  E. Neuscamman,  C. M. Oana,  R. Olson,  B. Peters,  
 R. Peverati,  P. A. Pieniazek,  Y. M. Rhee,  J. Ritchie,  M. A. Rohrdanz,  
 E. Rosta,  N. J. Russ,  H. F. Schaefer III,  N. E. Schultz,  N. Shenvi,  
 A. C. Simmonett,  A. Sodt,  D. Stuck,  K. S. Thanthiriwatte,  V. Vanovschi,  
 Tao Wang,  A. Warshel,  C. F. Williams,  Q. Wu,  X. Xu,  W. Zhang

 Please cite Q-Chem as follows:
 Y. Shao et al., Mol. Phys. 113, 184-215 (2015)
 DOI: 10.1080/00268976.2014.952696

 Q-Chem 5.0.1 for Intel X86 EM64T Linux

 Parts of Q-Chem use Armadillo 5.200.1 (Boston Tea Smuggler).
 http://arma.sourceforge.net/

 Q-Chem begins on Tue Apr 17 01:08:39 2018  

Host: vega03.cac.cornell.edu
0

     Scratch files written to /scratch/jj585/vdw/01n10_distance_5.900_10.save//
 Parallel job on  1  processors

Checking the input file for inconsistencies... 	...done.

--------------------------------------------------------------
User input:
--------------------------------------------------------------
$molecule
0  1
C        -0.54444000        -0.68370000        -0.06689000
C        -0.55709000        +0.71878000        +0.05493000
C        -1.74320000        -1.41616000        -0.12552000
C        -2.93952000        -0.70056000        -0.05285000
C        -2.95313000        +0.68255000        +0.06934000
C        -1.77161000        +1.42404000        +0.12810000
H        -3.90354000        +1.20325000        +0.11710000
H        -3.87892000        -1.24211000        -0.08988000
C        -1.83960000        +2.92746000        +0.24839000
C        -1.78103000        -2.92226000        -0.24590000
H        -1.39752000        -3.25223000        -1.21323000
H        -2.80572000        -3.28175000        -0.13627000
H        -1.16958000        -3.40777000        +0.51926000
H        -1.24214000        +3.42352000        -0.52065000
H        -1.45503000        +3.26427000        +1.21284000
H        -2.87211000        +3.26623000        +0.14638000
H        +0.35825000        -1.18166000        -0.11386000
H        +0.33551000        +1.23549000        +0.09097000
@C        -2.34252000        +0.29093000        +5.46728000
@C        -2.35517000        +1.69341000        +5.58910000
@C        -3.54128000        -0.44153000        +5.40865000
@C        -4.73760000        +0.27407000        +5.48132000
@C        -4.75121000        +1.65718000        +5.60351000
@C        -3.56969000        +2.39867000        +5.66227000
@H        -5.70162000        +2.17788000        +5.65127000
@H        -5.67700000        -0.26748000        +5.44429000
@C        -3.63768000        +3.90209000        +5.78256000
@C        -3.57911000        -1.94763000        +5.28827000
@H        -3.19560000        -2.27760000        +4.32094000
@H        -4.60380000        -2.30712000        +5.39790000
@H        -2.96766000        -2.43314000        +6.05343000
@H        -3.04022000        +4.39815000        +5.01352000
@H        -3.25311000        +4.23890000        +6.74701000
@H        -4.67019000        +4.24086000        +5.68055000
@H        -1.43983000        -0.20703000        +5.42031000
@H        -1.46257000        +2.21012000        +5.62514000
$end

$rem
JOBTYPE                   SP
METHOD                    B3LYP
DFT_D                     d3_op
BASIS                     6-311++G(d,p)
SYMMETRY                  False
THRESH                    12
SCF_CONVERGENCE           8
MAX_SUB_FILE_NUM          128
MEM_STATIC                400
MEM_TOTAL                 4000
$end
--------------------------------------------------------------
 Adding empirical dispersion correction 
 ----------------------------------------------------------------
 Doing -D3(op) with
 s6 =   1.00000
 s8 =   0.78311
 a1 =   0.30000
 a2 =   4.25000
 n  =  10.00000
 -D3 energy without 3body term =     -0.0145338490 hartrees
 ----------------------------------------------------------------
             Standard Nuclear Orientation (Angstroms)
    I     Atom           X                Y                Z
 ----------------------------------------------------------------
    1      C      -0.5444400000    -0.6837000000    -0.0668900000
    2      C      -0.5570900000     0.7187800000     0.0549300000
    3      C      -1.7432000000    -1.4161600000    -0.1255200000
    4      C      -2.9395200000    -0.7005600000    -0.0528500000
    5      C      -2.9531300000     0.6825500000     0.0693400000
    6      C      -1.7716100000     1.4240400000     0.1281000000
    7      H      -3.9035400000     1.2032500000     0.1171000000
    8      H      -3.8789200000    -1.2421100000    -0.0898800000
    9      C      -1.8396000000     2.9274600000     0.2483900000
   10      C      -1.7810300000    -2.9222600000    -0.2459000000
   11      H      -1.3975200000    -3.2522300000    -1.2132300000
   12      H      -2.8057200000    -3.2817500000    -0.1362700000
   13      H      -1.1695800000    -3.4077700000     0.5192600000
   14      H      -1.2421400000     3.4235200000    -0.5206500000
   15      H      -1.4550300000     3.2642700000     1.2128400000
   16      H      -2.8721100000     3.2662300000     0.1463800000
   17      H       0.3582500000    -1.1816600000    -0.1138600000
   18      H       0.3355100000     1.2354900000     0.0909700000
   19      GH     -2.3425200000     0.2909300000     5.4672800000
   20      GH     -2.3551700000     1.6934100000     5.5891000000
   21      GH     -3.5412800000    -0.4415300000     5.4086500000
   22      GH     -4.7376000000     0.2740700000     5.4813200000
   23      GH     -4.7512100000     1.6571800000     5.6035100000
   24      GH     -3.5696900000     2.3986700000     5.6622700000
   25      GH     -5.7016200000     2.1778800000     5.6512700000
   26      GH     -5.6770000000    -0.2674800000     5.4442900000
   27      GH     -3.6376800000     3.9020900000     5.7825600000
   28      GH     -3.5791100000    -1.9476300000     5.2882700000
   29      GH     -3.1956000000    -2.2776000000     4.3209400000
   30      GH     -4.6038000000    -2.3071200000     5.3979000000
   31      GH     -2.9676600000    -2.4331400000     6.0534300000
   32      GH     -3.0402200000     4.3981500000     5.0135200000
   33      GH     -3.2531100000     4.2389000000     6.7470100000
   34      GH     -4.6701900000     4.2408600000     5.6805500000
   35      GH     -1.4398300000    -0.2070300000     5.4203100000
   36      GH     -1.4625700000     2.2101200000     5.6251400000
 ----------------------------------------------------------------
 Nuclear Repulsion Energy =   339.8694378517 hartrees
 There are       29 alpha and       29 beta electrons
 Requested basis set is 6-311++G(d,p)
 There are 196 shells and 492 basis functions

 Total QAlloc Memory Limit   4000 MB
 Mega-Array Size       392 MB
 MEM_STATIC part       400 MB
 A cutoff of  1.0D-12 yielded  14528 shell pairs
 There are     90713 function pairs (     95909 Cartesian)
 
 -------------------------------------------------------
 OpenMP Integral Computing Module                       
 Release: version 1.0, May 2013, Q-Chem Inc. Pittsburgh 
 -------------------------------------------------------
 Integral Job Info:
 Integral job number is                      11
 Integral operator is                         1
 short-range coefficients                     0
 long-range coefficients              100000000
 Omega coefficients                           0
 if combine SR and LR in K                    0
 Integral screening is                        0
 Integral computing path is                   2
 max size of driver memory is            800000
 size of driver memory is                593474
 size of scratch memory is              2361544
 max col of scratch BK array               1296
 max len of scratch array in speh3          155
 max len of scratch index in speh4           18
 max int batch size is                      520
 min int batch size is                       52
 fixed nKL is                                52
 max L of basis functions is                  2
 order of int derivative is                   0
 number of shells is                        196
 number of basis is                         508
 number of cartesian basis is               508
 number of contracted shell pairs         14528
 number of primitive shell pairs          31378
 maxK2 (contraction) of shell pair           36
 max number of K2 of shell pair               1
 max number of CS2 of shell pair           2839
 max number of PS2 of shell pair           4572
 mem total for path MDJ                  144858
 -------------------------------------------------------
 Smallest overlap matrix eigenvalue = 6.67E-07
 Linear dependence detected in AO basis
 Number of orthogonalized atomic orbitals = 490
 Maximum deviation from orthogonality = 9.762E-11

 Scale SEOQF with 1.000000e-02/1.000000e-01/1.000000e-02

 Standard Electronic Orientation quadrupole field applied
 Nucleus-field energy     =     0.0000000158 hartrees
 Guess from superposition of atomic densities
 Warning:  Energy on first SCF cycle will be non-variational

 Q-Chem warning in module /opt/software/qchem/qchem-5.0.1/libgen/Atomic_PolEc.C, line 58:

 No atomic polarizability available.


 Q-Chem warning in module /opt/software/qchem/qchem-5.0.1/libgen/Atomic_PolEc.C, line 73:

 No atomic polarizability available.


 Q-Chem warning in module /opt/software/qchem/qchem-5.0.1/libgen/Atomic_PolEc.C, line 58:

 No atomic polarizability available.


 Q-Chem warning in module /opt/software/qchem/qchem-5.0.1/libgen/Atomic_PolEc.C, line 73:

 No atomic polarizability available.


 Q-Chem warning in module /opt/software/qchem/qchem-5.0.1/libgen/Atomic_PolEc.C, line 58:

 No atomic polarizability available.


 Q-Chem warning in module /opt/software/qchem/qchem-5.0.1/libgen/Atomic_PolEc.C, line 73:

 No atomic polarizability available.


 Q-Chem warning in module /opt/software/qchem/qchem-5.0.1/libgen/Atomic_PolEc.C, line 58:

 No atomic polarizability available.


 Q-Chem warning in module /opt/software/qchem/qchem-5.0.1/libgen/Atomic_PolEc.C, line 73:

 No atomic polarizability available.


 Q-Chem warning in module /opt/software/qchem/qchem-5.0.1/libgen/Atomic_PolEc.C, line 58:

 No atomic polarizability available.


 Q-Chem warning in module /opt/software/qchem/qchem-5.0.1/libgen/Atomic_PolEc.C, line 73:

 No atomic polarizability available.


 Q-Chem warning in module /opt/software/qchem/qchem-5.0.1/libgen/Atomic_PolEc.C, line 58:

 No atomic polarizability available.


 Q-Chem warning in module /opt/software/qchem/qchem-5.0.1/libgen/Atomic_PolEc.C, line 73:

 No atomic polarizability available.


 Q-Chem warning in module /opt/software/qchem/qchem-5.0.1/libgen/Atomic_PolEc.C, line 58:

 No atomic polarizability available.


 Q-Chem warning in module /opt/software/qchem/qchem-5.0.1/libgen/Atomic_PolEc.C, line 73:

 No atomic polarizability available.


 Q-Chem warning in module /opt/software/qchem/qchem-5.0.1/libgen/Atomic_PolEc.C, line 58:

 No atomic polarizability available.


 Q-Chem warning in module /opt/software/qchem/qchem-5.0.1/libgen/Atomic_PolEc.C, line 73:

 No atomic polarizability available.


 Q-Chem warning in module /opt/software/qchem/qchem-5.0.1/libgen/Atomic_PolEc.C, line 58:

 No atomic polarizability available.


 Q-Chem warning in module /opt/software/qchem/qchem-5.0.1/libgen/Atomic_PolEc.C, line 73:

 No atomic polarizability available.


 Q-Chem warning in module /opt/software/qchem/qchem-5.0.1/libgen/Atomic_PolEc.C, line 58:

 No atomic polarizability available.


 Q-Chem warning in module /opt/software/qchem/qchem-5.0.1/libgen/Atomic_PolEc.C, line 73:

 No atomic polarizability available.


 Q-Chem warning in module /opt/software/qchem/qchem-5.0.1/libgen/Atomic_PolEc.C, line 58:

 No atomic polarizability available.


 Q-Chem warning in module /opt/software/qchem/qchem-5.0.1/libgen/Atomic_PolEc.C, line 73:

 No atomic polarizability available.


 Q-Chem warning in module /opt/software/qchem/qchem-5.0.1/libgen/Atomic_PolEc.C, line 58:

 No atomic polarizability available.


 Q-Chem warning in module /opt/software/qchem/qchem-5.0.1/libgen/Atomic_PolEc.C, line 73:

 No atomic polarizability available.


 Q-Chem warning in module /opt/software/qchem/qchem-5.0.1/libgen/Atomic_PolEc.C, line 58:

 No atomic polarizability available.


 Q-Chem warning in module /opt/software/qchem/qchem-5.0.1/libgen/Atomic_PolEc.C, line 73:

 No atomic polarizability available.


 Q-Chem warning in module /opt/software/qchem/qchem-5.0.1/libgen/Atomic_PolEc.C, line 58:

 No atomic polarizability available.


 Q-Chem warning in module /opt/software/qchem/qchem-5.0.1/libgen/Atomic_PolEc.C, line 73:

 No atomic polarizability available.


 Q-Chem warning in module /opt/software/qchem/qchem-5.0.1/libgen/Atomic_PolEc.C, line 58:

 No atomic polarizability available.


 Q-Chem warning in module /opt/software/qchem/qchem-5.0.1/libgen/Atomic_PolEc.C, line 73:

 No atomic polarizability available.


 Q-Chem warning in module /opt/software/qchem/qchem-5.0.1/libgen/Atomic_PolEc.C, line 58:

 No atomic polarizability available.


 Q-Chem warning in module /opt/software/qchem/qchem-5.0.1/libgen/Atomic_PolEc.C, line 73:

 No atomic polarizability available.


 Q-Chem warning in module /opt/software/qchem/qchem-5.0.1/libgen/Atomic_PolEc.C, line 58:

 No atomic polarizability available.


 Q-Chem warning in module /opt/software/qchem/qchem-5.0.1/libgen/Atomic_PolEc.C, line 73:

 No atomic polarizability available.


 Q-Chem warning in module /opt/software/qchem/qchem-5.0.1/libgen/Atomic_PolEc.C, line 58:

 No atomic polarizability available.


 Q-Chem warning in module /opt/software/qchem/qchem-5.0.1/libgen/Atomic_PolEc.C, line 73:

 No atomic polarizability available.

 A restricted hybrid HF-DFT SCF calculation will be
 performed using Pulay DIIS extrapolation
 Exchange:     0.2000 Hartree-Fock + 0.0800 Slater + 0.7200 B88
 Correlation:  0.1900 VWN1RPA + 0.8100 LYP
 Using SG-1 standard quadrature grid
 Dispersion:   Grimme D3
 SCF converges when DIIS error is below 1.0E-08
 using 4 threads for integral computing
 -------------------------------------------------------
 OpenMP Integral computing Module                
 Release: version 1.0, May 2013, Q-Chem Inc. Pittsburgh 
 -------------------------------------------------------
 -------------------------------------------------------
 OpenMP BLAS3 based DFT computing Module                
 Release: version 1.0, May 2013, Q-Chem Inc. Pittsburgh 
 -------------------------------------------------------
 ---------------------------------------
  Cycle       Energy         DIIS Error
 ---------------------------------------
    1    -312.6528355825      2.00E-02
    2    -310.7985774295      2.30E-03
    3    -310.7765855954      2.44E-03
    4    -310.9749652787      1.78E-04
    5    -310.9755687343      1.10E-04
    6    -310.9758961735      2.46E-05
    7    -310.9759087136      1.36E-05
    8    -310.9759148211      1.70E-06
    9    -310.9759148927      8.42E-07
   10    -310.9759149137      9.41E-08
   11    -310.9759149140      1.03E-08
   12    -310.9759149140      7.61E-09 Convergence criterion met
 ---------------------------------------
 SCF time:  CPU 472.80 s  wall 118.60 s
 SCF   energy in the final basis set = -310.97591491
 Total energy in the final basis set = -310.97591491
 
 --------------------------------------------------------------
 
                    Orbital Energies (a.u.)
 --------------------------------------------------------------
 
 Alpha MOs
 -- Occupied --
-10.180 -10.180 -10.168 -10.168 -10.168 -10.167 -10.167 -10.167
 -0.859  -0.787  -0.745  -0.721  -0.658  -0.612  -0.577  -0.496
 -0.472  -0.460  -0.425  -0.421  -0.417  -0.404  -0.397  -0.376
 -0.345  -0.342  -0.339  -0.252  -0.236
 -- Virtual --
 -0.015  -0.011  -0.008   0.001   0.009   0.019   0.022   0.028
  0.031   0.037   0.042   0.047   0.050   0.050   0.057   0.060
  0.062   0.069   0.072   0.079   0.082   0.086   0.088   0.092
  0.095   0.101   0.106   0.108   0.112   0.115   0.118   0.120
  0.123   0.124   0.128   0.130   0.135   0.137   0.139   0.143
  0.144   0.147   0.151   0.153   0.154   0.160   0.164   0.164
  0.167   0.172   0.173   0.177   0.180   0.182   0.186   0.191
  0.193   0.197   0.199   0.202   0.205   0.208   0.212   0.213
  0.218   0.222   0.227   0.233   0.236   0.237   0.238   0.242
  0.246   0.247   0.254   0.261   0.264   0.264   0.268   0.271
  0.274   0.283   0.284   0.286   0.292   0.293   0.297   0.299
  0.309   0.317   0.317   0.324   0.328   0.333   0.338   0.342
  0.348   0.351   0.363   0.363   0.370   0.372   0.376   0.386
  0.389   0.398   0.400   0.409   0.415   0.428   0.434   0.448
  0.456   0.474   0.476   0.485   0.494   0.505   0.513   0.520
  0.525   0.531   0.543   0.552   0.556   0.566   0.573   0.579
  0.579   0.584   0.591   0.597   0.602   0.610   0.613   0.614
  0.621   0.627   0.634   0.642   0.646   0.650   0.658   0.662
  0.665   0.669   0.674   0.684   0.686   0.691   0.701   0.706
  0.708   0.711   0.726   0.735   0.740   0.755   0.759   0.768
  0.773   0.779   0.787   0.808   0.817   0.832   0.834   0.855
  0.865   0.887   0.903   0.903   0.913   0.917   0.933   0.948
  0.953   0.956   0.959   0.968   0.978   0.999   1.011   1.019
  1.026   1.026   1.036   1.042   1.064   1.087   1.090   1.102
  1.112   1.120   1.146   1.148   1.162   1.192   1.195   1.220
  1.238   1.326   1.331   1.333   1.369   1.374   1.393   1.417
  1.423   1.427   1.441   1.447   1.465   1.469   1.478   1.500
  1.507   1.530   1.538   1.541   1.547   1.554   1.555   1.565
  1.578   1.583   1.586   1.608   1.617   1.621   1.623   1.643
  1.649   1.674   1.681   1.693   1.695   1.704   1.724   1.725
  1.734   1.740   1.747   1.752   1.761   1.786   1.786   1.796
  1.801   1.823   1.831   1.836   1.841   1.845   1.852   1.854
  1.869   1.886   1.893   1.898   1.907   1.914   1.919   1.930
  1.945   1.948   1.974   1.979   1.981   1.982   2.015   2.017
  2.036   2.053   2.067   2.084   2.089   2.096   2.100   2.103
  2.108   2.136   2.141   2.151   2.160   2.195   2.211   2.213
  2.229   2.287   2.304   2.310   2.316   2.322   2.326   2.326
  2.337   2.400   2.413   2.416   2.423   2.425   2.435   2.444
  2.449   2.469   2.479   2.482   2.494   2.495   2.501   2.533
  2.536   2.559   2.567   2.573   2.583   2.585   2.592   2.596
  2.619   2.632   2.635   2.651   2.661   2.673   2.687   2.698
  2.718   2.733   2.748   2.760   2.772   2.786   2.792   2.808
  2.826   2.831   2.851   2.855   2.862   2.901   2.926   2.931
  2.935   2.952   2.960   2.973   2.981   2.981   3.007   3.013
  3.024   3.079   3.081   3.105   3.107   3.134   3.179   3.191
  3.195   3.233   3.239   3.303   3.313   3.351   3.366   3.370
  3.393   3.414   3.431   3.436   3.475   3.482   3.509   3.519
  3.527   3.542   3.555   3.598   3.602   3.613   3.650   3.660
  3.679   3.711   3.726   3.738   3.792   3.795   3.852   3.872
  3.984   4.035   4.050   4.074   4.192   4.215   4.293   4.296
  4.383   4.615   4.664   4.826   4.832   4.846   4.848   4.858
  4.891   4.933   5.027   5.189   5.555   7.067   7.117   7.165
  7.212   7.233   7.367   7.586   7.631   7.716   7.763   7.769
  7.773   7.785   7.798   7.836   7.849   7.854   7.886   7.986
  8.057   8.150   8.388   8.536   8.939   9.717   9.997  10.017
 10.217  10.244  10.279  10.290  10.348  23.637  23.928  23.952
 24.005  24.006  24.084  24.116  24.197  69.735  69.890  69.936
 69.999  70.001  70.034  70.060  70.074
 --------------------------------------------------------------
 
          Ground-State Mulliken Net Atomic Charges

     Atom                 Charge (a.u.)
  ----------------------------------------
      1 C                    -0.148960
      2 C                    -0.289444
      3 C                     0.605158
      4 C                    -0.519812
      5 C                    -0.488997
      6 C                     0.592536
      7 H                     0.150543
      8 H                     0.141114
      9 C                    -0.642494
     10 C                    -0.620014
     11 H                     0.155744
     12 H                     0.147886
     13 H                     0.149650
     14 H                     0.144018
     15 H                     0.163570
     16 H                     0.141255
     17 H                     0.160282
     18 H                     0.167636
     19 GH                   -0.007711
     20 GH                   -0.004447
     21 GH                    0.002393
     22 GH                   -0.004071
     23 GH                   -0.001749
     24 GH                    0.005857
     25 GH                   -0.000225
     26 GH                   -0.000843
     27 GH                    0.002169
     28 GH                    0.004698
     29 GH                   -0.006870
     30 GH                    0.000534
     31 GH                   -0.000169
     32 GH                    0.000186
     33 GH                   -0.000021
     34 GH                    0.000105
     35 GH                    0.000305
     36 GH                    0.000186
  ----------------------------------------
  Sum of atomic charges =    -0.000000

 -----------------------------------------------------------------
                    Cartesian Multipole Moments
 -----------------------------------------------------------------
    Charge (ESU x 10^10)
                -0.0000
    Dipole Moment (Debye)
         X       0.0918      Y       0.0012      Z       0.0049
       Tot       0.0919
    Quadrupole Moments (Debye-Ang)
        XX     -46.2687     XY       0.0023     YY     -44.6893
        XZ      -0.0581     YZ       0.6783     ZZ     -52.7200
    Octopole Moments (Debye-Ang^2)
       XXX     244.9541    XXY      -0.1679    XYY      79.8929
       YYY      -0.5248    XXZ       0.1556    XYZ      -1.1448
       YYZ      -0.0523    XZZ      94.6158    YZZ      -0.1796
       ZZZ      -0.2431
    Hexadecapole Moments (Debye-Ang^3)
      XXXX   -1172.3742   XXXY       4.5171   XXYY    -369.8245
      XYYY       5.0127   YYYY   -1100.0286   XXXZ       0.6319
      XXYZ     -12.6611   XYYZ       0.4181   YYYZ     -44.3837
      XXZZ    -245.2405   XYZZ       1.4784   YYZZ    -196.6373
      XZZZ       1.7684   YZZZ     -41.8635   ZZZZ     -83.6065
 -----------------------------------------------------------------
Archival summary:
1\1\vega03.cac.cornell.edu\SP\ProcedureUnspecified\BasisUnspecified\810h18\jj585\TueApr1701:10:392018TueApr1701:10:392018\0\\#,ProcedureUnspecified,BasisUnspecified,\\0,1\C\C,1,1.39616\H,2,1.08475,1,118.991\C,2,1.38856,1,121.629,3,179.783,0\H,4,1.08495,2,119.453,1,179.671,0\C,4,1.3959,2,121.575,1,-0.129654,0\C,6,1.40604,4,117.481,2,0.160349,0\H,7,1.032,6,119.504,4,179.742,0\C,1,1.40634,2,117.536,3,-179.6,0\H,9,1.032,1,119.607,2,179.72,0\C,1,1.50976,2,119.611,3,-0.341033,0\H,11,1.09144,1,110.135,2,-7.24194,0\H,11,1.09156,1,111.21,2,113.289,0\H,11,1.09291,1,111.796,2,-127.427,0\C,6,1.51138,4,119.574,2,179.468,0\H,15,1.09144,6,110.104,4,-7.00566,0\H,15,1.09164,6,111.284,4,113.49,0\H,15,1.09319,6,111.89,4,-127.081,0\Gh,13,4.27126,11,137.508,1,-97.7745,0\Gh,19,1.09291,13,135.115,11,60.6872,0\Gh,20,1.09144,19,108.09,13,-101.202,0\Gh,20,1.09156,19,106.802,13,142.028,0\Gh,20,1.50976,19,111.796,13,20.1729,0\Gh,23,1.39616,20,119.611,19,-127.427,0\Gh,24,1.08475,23,118.991,20,-0.341033,0\Gh,24,1.38856,23,121.629,20,179.442,0\Gh,26,1.08495,24,119.453,23,179.671,0\Gh,26,1.3959,24,121.575,23,-0.129654,0\Gh,28,1.40604,26,117.481,24,0.160349,0\Gh,29,1.032,28,119.504,26,179.742,0\Gh,23,1.40634,20,122.848,19,51.7903,0\Gh,31,1.032,23,119.607,20,0.487832,0\Gh,28,1.51138,26,119.574,24,179.468,0\Gh,33,1.09144,28,110.104,26,-7.00566,0\Gh,33,1.09164,28,111.284,26,113.49,0\Gh,33,1.09319,28,111.89,26,-127.081,0\\\@

 Total job time:  119.45s(wall), 475.30s(cpu) 
 Tue Apr 17 01:10:39 2018

        *************************************************************
        *                                                           *
        *  Thank you very much for using Q-Chem.  Have a nice day.  *
        *                                                           *
        *************************************************************


0 sent ACK to 0 
now end server 0 ... 
