mFile = /opt/software/qchem/qchem-5.0.1//bin/mpi/machines
Process 0 of 1 is on vega03.cac.cornell.edu - thread support 0
initial socket setup ...start
initial socket setup ...done 
now start server 0 ... 
vega03 10.84.3
Q-Chem Developer Version! Running on 10.84.3.*
                  Welcome to Q-Chem
     A Quantum Leap Into The Future Of Chemistry


 Q-Chem 5.0, Q-Chem, Inc., Pleasanton, CA (2017)

 Yihan Shao,  Zhengting Gan,  E. Epifanovsky,  A. T. B. Gilbert,  M. Wormit,  
 J. Kussmann,  A. W. Lange,  A. Behn,  Jia Deng,  Xintian Feng,  D. Ghosh,  
 M. Goldey,  P. R. Horn,  L. D. Jacobson,  I. Kaliman,  T. Kus,  A. Landau,  
 Jie Liu,  E. I. Proynov,  R. M. Richard,  R. P. Steele,  E. J. Sundstrom,  
 H. L. Woodcock III,  P. M. Zimmerman,  D. Zuev,  B. Albrecht,  E. Alguire,  
 S. A. Baeppler,  Z. Benda,  Y. A. Bernard,  E. J. Berquist,  K. B. Bravaya,  
 D. Casanova,  Chun-Min Chang,  Yunqing Chen,  A. Chien,  K. D. Closser,  
 M. P. Coons,  S. Dasgupta,  M. Diedenhofen,  Hainam Do,  R. G. Edgar,  
 Po-Tung Fang,  S. Fatehi,  Qingguo Feng,  Qinghui Ge,  A. Ghysels,  
 J. Gomes,  J. Gonthier,  A. Gunina,  M. W. D. Hanson-Heine,  
 P. H. P. Harbach,  A. W. Hauser,  J. E. Herr,  E. G. Hohenstein,  
 Z. C. Holden,  Kerwin Hui,  T.-C. Jagau,  Hyunjun Ji,  B. Kaduk,  
 K. Khistyaev,  Jaehoon Kim,  P. Klunzinger,  K. Koh,  D. Kosenkov,  
 T. Kowalczyk,  C. M. Krauter,  A. Kunitsa,  Ka Un Lao,  A. Laurent,  
 K. V. Lawler,  Joonho Lee,  D. Lefrancois,  S. Lehtola,  D. S. Levine,  
 Yi-Pei Li,  You-Sheng Lin,  Fenglai Liu,  E. Livshits,  A. Luenser,  
 P. Manohar,  E. Mansoor,  S. F. Manzer,  Shan-Ping Mao,  Yuezhi Mao,  
 N. Mardirossian,  A. V. Marenich,  L. A. Martinez-Martinez,  S. A. Maurer,  
 N. J. Mayhall,  S. C. McKenzie,  J.-M. Mewes,  A. F. Morrison,  K. Nanda,  
 T. S. Nguyen-Beck,  R. Olivares-Amaya,  J. A. Parkhill,  T. M. Perrine,  
 F. Plasser,  S. Prager,  A. Prociuk,  D. R. Rehn,  F. Rob,  M. Schneider,  
 N. Sergueev,  S. M. Sharada,  S. Sharma,  D. W. Small,  T. Stauch,  
 T. Stein,  Yu-Chuan Su,  A. J. W. Thom,  T. Tsuchimochi,  L. Vogt,  
 O. Vydrov,  M. A. Watson,  J. Wenzel,  M. de Wergifosse,  T. A. Wesolowski,  
 A. White,  J. Witte,  A. Yamada,  Jun Yang,  K. Yao,  S. Yeganeh,  
 S. R. Yost,  Zhi-Qiang You,  A. Zech,  Igor Ying Zhang,  Xing Zhang,  
 Yan Zhao,  Ying Zhu,  B. R. Brooks,  G. K. L. Chan,  C. J. Cramer,  
 M. S. Gordon,  W. J. Hehre,  A. Klamt,  M. W. Schmidt,  C. D. Sherrill,  
 D. G. Truhlar,  A. Aspuru-Guzik,  R. Baer,  A. T. Bell,  N. A. Besley,  
 Jeng-Da Chai,  A. Dreuw,  B. D. Dunietz,  T. R. Furlani,  Chao-Ping Hsu,  
 Yousung Jung,  Jing Kong,  D. S. Lambrecht,  WanZhen Liang,  C. Ochsenfeld,  
 V. A. Rassolov,  L. V. Slipchenko,  J. E. Subotnik,  T. Van Voorhis,  
 J. M. Herbert,  A. I. Krylov,  P. M. W. Gill,  M. Head-Gordon

 Contributors to earlier versions of Q-Chem not listed above: 
 R. D. Adamson,  B. Austin,  J. Baker,  G. J. O. Beran,  K. Brandhorst,  
 S. T. Brown,  E. F. C. Byrd,  A. K. Chakraborty,  C.-L. Cheng,  
 Siu Hung Chien,  D. M. Chipman,  D. L. Crittenden,  H. Dachsel,  
 R. A. DiStasio Jr.,  R. J. Doerksen,  A. D. Dutoi,  L. Fusti-Molnar,  
 W. A. Goddard III,  A. Golubeva-Zadorozhnaya,  S. R. Gwaltney,  G. Hawkins,  
 A. Heyden,  S. Hirata,  G. Kedziora,  F. J. Keil,  C. Kelley,  Jihan Kim,  
 R. A. King,  R. Z. Khaliullin,  P. P. Korambath,  W. Kurlancheek,  
 A. M. Lee,  M. S. Lee,  S. V. Levchenko,  Ching Yeh Lin,  D. Liotard,  
 R. C. Lochan,  I. Lotan,  P. E. Maslen,  N. Nair,  D. P. O'Neill,  
 D. Neuhauser,  E. Neuscamman,  C. M. Oana,  R. Olson,  B. Peters,  
 R. Peverati,  P. A. Pieniazek,  Y. M. Rhee,  J. Ritchie,  M. A. Rohrdanz,  
 E. Rosta,  N. J. Russ,  H. F. Schaefer III,  N. E. Schultz,  N. Shenvi,  
 A. C. Simmonett,  A. Sodt,  D. Stuck,  K. S. Thanthiriwatte,  V. Vanovschi,  
 Tao Wang,  A. Warshel,  C. F. Williams,  Q. Wu,  X. Xu,  W. Zhang

 Please cite Q-Chem as follows:
 Y. Shao et al., Mol. Phys. 113, 184-215 (2015)
 DOI: 10.1080/00268976.2014.952696

 Q-Chem 5.0.1 for Intel X86 EM64T Linux

 Parts of Q-Chem use Armadillo 5.200.1 (Boston Tea Smuggler).
 http://arma.sourceforge.net/

 Q-Chem begins on Mon Apr  2 12:42:50 2018  

Host: vega03.cac.cornell.edu
0

     Scratch files written to /scratch/jj585/vdw/1111_distance_5.000_11.save//
 Parallel job on  1  processors

Checking the input file for inconsistencies... 	...done.

--------------------------------------------------------------
User input:
--------------------------------------------------------------
$molecule
0  1
--
0  1
C        +0.22270000        +1.04488000        +0.58595000
C        +0.62626000        -0.41353000        +0.99871000
C        -1.18200000        +1.23223000        +0.04377000
C        -0.37457000        -1.51643000        +0.72333000
O        -2.09172000        +0.78832000        +0.93966000
O        -1.47336000        +1.75939000        -0.99882000
O        -0.91364000        -1.42792000        -0.50620000
O        -0.62208000        -2.40877000        +1.49911000
C        -1.86134000        -2.44741000        -0.86560000
C        -3.47068000        +0.87492000        +0.53920000
C        +1.33008000        +1.39974000        -0.43491000
C        +2.63070000        +1.71700000        +0.32855000
C        +3.04336000        +0.29351000        +0.80300000
C        +1.94423000        -0.59299000        +0.15262000
O        +1.62840000        +0.13663000        -1.04376000
H        +0.27811000        +1.68786000        +1.46900000
H        +0.83923000        -0.48042000        +2.06408000
H        -2.68749000        -2.46677000        -0.15296000
H        -3.76076000        +1.91522000        +0.38406000
H        +3.37234000        +2.13782000        -0.35195000
H        +2.48236000        +2.42488000        +1.14651000
H        +4.02182000        +0.00994000        +0.41161000
H        +3.07359000        +0.18738000        +1.88928000
H        -2.21148000        -2.17765000        -1.85937000
H        -1.38062000        -3.42697000        -0.88096000
H        -4.03855000        +0.43623000        +1.35671000
H        -3.63120000        +0.31700000        -0.38495000
C        +0.90028000        +2.39077000        -1.49430000
C        +2.35450000        -2.01267000        -0.16812000
H        +3.26311000        -2.00678000        -0.77366000
H        +2.54990000        -2.57059000        +0.75079000
H        +1.57335000        -2.52896000        -0.72872000
H        +1.71845000        +2.58186000        -2.15686000
H        +0.59919000        +3.30478000        -1.02650000
H        +0.07925000        +1.98653000        -2.04874000
--
0  1
C        +0.24878000        +2.52233000        +5.36261000
C        +0.65234000        +1.06392000        +5.77537000
C        -1.15592000        +2.70968000        +4.82043000
C        -0.34849000        -0.03898000        +5.49999000
O        -2.06564000        +2.26577000        +5.71632000
O        -1.44728000        +3.23684000        +3.77784000
O        -0.88756000        +0.04953000        +4.27046000
O        -0.59600000        -0.93132000        +6.27577000
C        -1.83526000        -0.96996000        +3.91106000
C        -3.44460000        +2.35237000        +5.31586000
C        +1.35616000        +2.87719000        +4.34175000
C        +2.65678000        +3.19445000        +5.10521000
C        +3.06944000        +1.77096000        +5.57966000
C        +1.97031000        +0.88446000        +4.92928000
O        +1.65448000        +1.61408000        +3.73290000
H        +0.30419000        +3.16531000        +6.24566000
H        +0.86531000        +0.99703000        +6.84074000
H        -2.66141000        -0.98932000        +4.62370000
H        -3.73468000        +3.39267000        +5.16072000
H        +3.39842000        +3.61527000        +4.42471000
H        +2.50844000        +3.90233000        +5.92317000
H        +4.04790000        +1.48739000        +5.18827000
H        +3.09967000        +1.66483000        +6.66594000
H        -2.18540000        -0.70020000        +2.91729000
H        -1.35454000        -1.94952000        +3.89570000
H        -4.01247000        +1.91368000        +6.13337000
H        -3.60512000        +1.79445000        +4.39171000
C        +0.92636000        +3.86822000        +3.28236000
C        +2.38058000        -0.53522000        +4.60854000
H        +3.28919000        -0.52933000        +4.00300000
H        +2.57598000        -1.09314000        +5.52745000
H        +1.59943000        -1.05151000        +4.04794000
H        +1.74453000        +4.05931000        +2.61980000
H        +0.62527000        +4.78223000        +3.75016000
H        +0.10533000        +3.46398000        +2.72792000
$end

$rem
JOBTYPE                   SP
METHOD                    B3LYP
DFT_D                     d3_op
BASIS                     6-311++G(d,p)
SYMMETRY                  False
THRESH                    12
SCF_CONVERGENCE           8
MAX_SUB_FILE_NUM          128
MEM_STATIC                400
MEM_TOTAL                 4000
$end
--------------------------------------------------------------
 Adding empirical dispersion correction 
 ----------------------------------------------------------------
 Doing -D3(op) with
 s6 =   1.00000
 s8 =   0.78311
 a1 =   0.30000
 a2 =   4.25000
 n  =  10.00000
 -D3 energy without 3body term =     -0.1026308818 hartrees
 ----------------------------------------------------------------
             Standard Nuclear Orientation (Angstroms)
    I     Atom           X                Y                Z
 ----------------------------------------------------------------
    1      C      -1.6355906600     0.2573393361     0.8637285771
    2      C      -1.7458576405     0.4056214295    -0.6938480127
    3      C      -2.0960835517    -1.0625434434     1.4537260432
    4      C      -2.3957083548    -0.7302202990    -1.4563707076
    5      O      -1.4183904282    -2.0877758895     0.8907909491
    6      O      -2.8965481440    -1.1990433796     2.3427740888
    7      O      -3.5255868513    -1.1649768603    -0.8693989694
    8      O      -1.9776569348    -1.1624955085    -2.5041004617
    9      C      -4.2249715985    -2.2300563926    -1.5350791293
   10      C      -1.7802552394    -3.4071975131     1.3352894202
   11      C      -2.4590105650     1.4724110438     1.3535771544
   12      C      -1.6181704110     2.7513643623     1.1735668541
   13      C      -1.6583945349     2.9097456226    -0.3740158592
   14      C      -2.5868549467     1.7352855658    -0.7930242003
   15      O      -3.4622293008     1.6158543511     0.3396165030
   16      H      -0.5845316501     0.3498497664     1.1518043122
   17      H      -0.7663637368     0.5332393050    -1.1511762324
   18      H      -3.5721082845    -3.0959332885    -1.6566566597
   19      H      -1.5708731713    -3.5245954402     2.3996276147
   20      H      -2.1035451298     3.5927512478     1.6702348551
   21      H      -0.6081885696     2.6572428168     1.5775906485
   22      H      -2.1122929872     3.8579888775    -0.6669202345
   23      H      -0.6748777584     2.8497903065    -0.8444218313
   24      H      -5.0689415785    -2.4669493817    -0.8912284675
   25      H      -4.5713056664    -1.9038877298    -2.5171851106
   26      H      -1.1704328200    -4.0892410206     0.7469178337
   27      H      -2.8417990239    -3.5876374548     1.1573544870
   28      C      -3.1170476035     1.2710465720     2.7010248448
   29      C      -3.3722658583     1.9457904728    -2.0679768689
   30      H      -3.9282875828     2.8836703437    -2.0087594271
   31      H      -2.6995965986     1.9913768140    -2.9277962843
   32      H      -4.0852905454     1.1350604123    -2.2271485089
   33      H      -3.6638374655     2.1517622705     2.9660984114
   34      H      -2.3665175027     1.0813713029     3.4396953860
   35      H      -3.7861497784     0.4376061879     2.6501981014
   36      C       3.3576324002     0.1838395271     0.6140474314
   37      C       3.2473654196     0.3321216206    -0.9435291584
   38      C       2.8971395084    -1.1360432523     1.2040448976
   39      C       2.5975147053    -0.8037201080    -1.7060518532
   40      O       3.5748326319    -2.1612756985     0.6411098035
   41      O       2.0966749161    -1.2725431885     2.0930929431
   42      O       1.4676362088    -1.2384766692    -1.1190801151
   43      O       3.0155661253    -1.2359953175    -2.7537816073
   44      C       0.7682514616    -2.3035562015    -1.7847602750
   45      C       3.2129678207    -3.4806973221     1.0856082746
   46      C       2.5342124952     1.3989112348     1.1038960087
   47      C       3.3750526492     2.6778645533     0.9238857085
   48      C       3.3348285252     2.8362458137    -0.6236970048
   49      C       2.4063681134     1.6617857569    -1.0427053460
   50      O       1.5309937593     1.5423545421     0.0899353573
   51      H       4.4086914100     0.2763499575     0.9021231666
   52      H       4.2268593233     0.4597394960    -1.4008573780
   53      H       1.4211147757    -3.1694330975    -1.9063378053
   54      H       3.4223498888    -3.5980952492     2.1499464691
   55      H       2.8896779303     3.5192514388     1.4205537095
   56      H       4.3850344905     2.5837430079     1.3279095028
   57      H       2.8809300729     3.7844890686    -0.9166013802
   58      H       4.3183453017     2.7762904976    -1.0941029769
   59      H      -0.0757185184    -2.5404491907    -1.1409096131
   60      H       0.4219173937    -1.9773875388    -2.7668662563
   61      H       3.8227902401    -4.1627408295     0.4972366881
   62      H       2.1514240362    -3.6611372638     0.9076733414
   63      C       1.8761754567     1.1975467630     2.4513436992
   64      C       1.6209572019     1.8722906639    -2.3176580145
   65      H       1.0649354773     2.8101705347    -2.2584405727
   66      H       2.2936264616     1.9178770051    -3.1774774299
   67      H       0.9079325147     1.0615606033    -2.4768296545
   68      H       1.3293855946     2.0782624616     2.7164172657
   69      H       2.6267055574     1.0078714940     3.1900142404
   70      H       1.2070732817     0.3641063789     2.4005169558
 ----------------------------------------------------------------
 Molecular Point Group                 C1    NOp =  1
 Largest Abelian Subgroup              C1    NOp =  1
 Nuclear Repulsion Energy =  4378.8430422421 hartrees
 There are      130 alpha and      130 beta electrons
 Requested basis set is 6-311++G(d,p)
 There are 384 shells and 1000 basis functions

 Total QAlloc Memory Limit   4000 MB
 Mega-Array Size       392 MB
 MEM_STATIC part       400 MB
 A cutoff of  1.0D-12 yielded  53641 shell pairs
 There are    359801 function pairs (    381178 Cartesian)
 
 -------------------------------------------------------
 OpenMP Integral Computing Module                       
 Release: version 1.0, May 2013, Q-Chem Inc. Pittsburgh 
 -------------------------------------------------------
 Integral Job Info:
 Integral job number is                      11
 Integral operator is                         1
 short-range coefficients                     0
 long-range coefficients              100000000
 Omega coefficients                           0
 if combine SR and LR in K                    0
 Integral screening is                        0
 Integral computing path is                   2
 max size of driver memory is            800000
 size of driver memory is                593474
 size of scratch memory is              2361544
 max col of scratch BK array               1296
 max len of scratch array in speh3          155
 max len of scratch index in speh4           18
 max int batch size is                      520
 min int batch size is                       52
 fixed nKL is                                52
 max L of basis functions is                  2
 order of int derivative is                   0
 number of shells is                        384
 number of basis is                        1034
 number of cartesian basis is              1034
 number of contracted shell pairs         53641
 number of primitive shell pairs         111673
 maxK2 (contraction) of shell pair           36
 max number of K2 of shell pair               1
 max number of CS2 of shell pair          10862
 max number of PS2 of shell pair          17388
 mem total for path MDJ                  611096
 -------------------------------------------------------
 Smallest overlap matrix eigenvalue = 1.64E-07
 Linear dependence detected in AO basis
 Number of orthogonalized atomic orbitals = 995
 Maximum deviation from orthogonality = 3.274E-10

 Scale SEOQF with 1.000000e-01/1.000000e-01/1.000000e-01

 Standard Electronic Orientation quadrupole field applied
 Nucleus-field energy     =     0.0000000641 hartrees
 Guess from superposition of atomic densities
 Warning:  Energy on first SCF cycle will be non-variational
 A restricted hybrid HF-DFT SCF calculation will be
 performed using Pulay DIIS extrapolation
 Exchange:     0.2000 Hartree-Fock + 0.0800 Slater + 0.7200 B88
 Correlation:  0.1900 VWN1RPA + 0.8100 LYP
 Using SG-1 standard quadrature grid
 Dispersion:   Grimme D3
 SCF converges when DIIS error is below 1.0E-08
 using 2 threads for integral computing
 -------------------------------------------------------
 OpenMP Integral computing Module                
 Release: version 1.0, May 2013, Q-Chem Inc. Pittsburgh 
 -------------------------------------------------------
 -------------------------------------------------------
 OpenMP BLAS3 based DFT computing Module                
 Release: version 1.0, May 2013, Q-Chem Inc. Pittsburgh 
 -------------------------------------------------------
 ---------------------------------------
  Cycle       Energy         DIIS Error
 ---------------------------------------
    1   -1696.1830895439      2.01E-02
    2   -1688.3243222590      2.64E-03
    3   -1687.3874971435      4.19E-03
    4   -1688.9379586625      1.07E-03
    5   -1689.0451652761      2.38E-04
    6   -1689.0490810842      1.15E-04
    7   -1689.0502485352      2.36E-05
    8   -1689.0502840030      1.30E-05
    9   -1689.0502984687      2.84E-06
   10   -1689.0502991342      1.04E-06
   11   -1689.0502992352      2.75E-07
   12   -1689.0502992417      9.55E-08
   13   -1689.0502992423      3.60E-08
   14   -1689.0502992427      1.44E-08
   15   -1689.0502992437      5.27E-09 Convergence criterion met
 ---------------------------------------
 SCF time:  CPU 7871.89 s  wall 3952.13 s
 SCF   energy in the final basis set = -1689.05029924
 Total energy in the final basis set = -1689.05029924
 
 --------------------------------------------------------------
 
                    Orbital Energies (a.u.)
 --------------------------------------------------------------
 
 Alpha MOs
 -- Occupied --
-19.179 -19.171 -19.171 -19.170 -19.136 -19.122 -19.115 -19.114
-19.114 -19.110 -10.316 -10.305 -10.303 -10.303 -10.250 -10.240
-10.235 -10.234 -10.231 -10.229 -10.220 -10.215 -10.210 -10.207
-10.193 -10.190 -10.184 -10.182 -10.175 -10.166 -10.163 -10.162
-10.148 -10.128  -1.124  -1.117  -1.112  -1.110  -1.072  -1.051
 -1.038  -1.028  -1.027  -1.025  -0.838  -0.822  -0.812  -0.795
 -0.790  -0.773  -0.749  -0.744  -0.732  -0.725  -0.724  -0.713
 -0.679  -0.667  -0.651  -0.635  -0.607  -0.596  -0.586  -0.573
 -0.570  -0.565  -0.564  -0.554  -0.529  -0.518  -0.517  -0.512
 -0.510  -0.500  -0.498  -0.492  -0.487  -0.484  -0.483  -0.478
 -0.475  -0.472  -0.471  -0.465  -0.463  -0.451  -0.447  -0.439
 -0.438  -0.434  -0.428  -0.428  -0.420  -0.413  -0.410  -0.407
 -0.405  -0.404  -0.397  -0.395  -0.393  -0.387  -0.378  -0.374
 -0.372  -0.369  -0.367  -0.364  -0.360  -0.357  -0.355  -0.353
 -0.349  -0.344  -0.340  -0.338  -0.335  -0.334  -0.324  -0.323
 -0.319  -0.317  -0.311  -0.309  -0.286  -0.282  -0.281  -0.275
 -0.263  -0.262
 -- Virtual --
 -0.024  -0.015  -0.012  -0.011  -0.005   0.001   0.003   0.004
  0.006   0.010   0.013   0.017   0.019   0.020   0.024   0.029
  0.033   0.035   0.038   0.040   0.041   0.043   0.047   0.050
  0.051   0.054   0.059   0.060   0.061   0.065   0.066   0.068
  0.071   0.073   0.077   0.080   0.084   0.085   0.086   0.090
  0.092   0.095   0.097   0.098   0.099   0.102   0.105   0.106
  0.108   0.110   0.112   0.114   0.116   0.118   0.118   0.120
  0.122   0.125   0.125   0.127   0.128   0.129   0.133   0.135
  0.135   0.137   0.138   0.140   0.142   0.142   0.143   0.147
  0.148   0.150   0.150   0.152   0.153   0.156   0.156   0.157
  0.158   0.160   0.163   0.164   0.164   0.167   0.168   0.169
  0.171   0.172   0.173   0.175   0.177   0.180   0.180   0.182
  0.185   0.186   0.189   0.190   0.192   0.194   0.195   0.198
  0.199   0.199   0.201   0.202   0.206   0.207   0.210   0.212
  0.213   0.213   0.216   0.219   0.220   0.222   0.223   0.225
  0.228   0.231   0.232   0.233   0.235   0.240   0.242   0.244
  0.245   0.246   0.247   0.251   0.252   0.253   0.256   0.259
  0.261   0.263   0.264   0.267   0.269   0.270   0.272   0.276
  0.277   0.282   0.284   0.288   0.288   0.291   0.292   0.297
  0.298   0.301   0.302   0.305   0.307   0.309   0.312   0.314
  0.317   0.319   0.321   0.321   0.324   0.328   0.329   0.331
  0.334   0.335   0.336   0.341   0.343   0.346   0.347   0.351
  0.352   0.353   0.355   0.356   0.357   0.360   0.364   0.367
  0.368   0.371   0.372   0.374   0.378   0.378   0.381   0.383
  0.384   0.388   0.390   0.394   0.394   0.395   0.398   0.401
  0.407   0.408   0.409   0.412   0.415   0.415   0.421   0.422
  0.428   0.430   0.432   0.437   0.438   0.444   0.448   0.450
  0.453   0.456   0.459   0.463   0.465   0.472   0.474   0.476
  0.478   0.485   0.487   0.490   0.492   0.499   0.502   0.507
  0.511   0.516   0.521   0.524   0.529   0.531   0.536   0.540
  0.544   0.548   0.548   0.551   0.558   0.559   0.565   0.568
  0.571   0.573   0.578   0.582   0.588   0.592   0.593   0.600
  0.604   0.605   0.610   0.612   0.616   0.618   0.625   0.629
  0.631   0.636   0.637   0.638   0.646   0.648   0.651   0.655
  0.663   0.665   0.668   0.673   0.675   0.676   0.683   0.686
  0.692   0.693   0.694   0.700   0.704   0.705   0.711   0.712
  0.714   0.716   0.718   0.722   0.726   0.727   0.733   0.734
  0.735   0.739   0.742   0.749   0.752   0.753   0.756   0.759
  0.762   0.766   0.769   0.769   0.774   0.777   0.780   0.785
  0.788   0.789   0.790   0.800   0.805   0.809   0.811   0.814
  0.816   0.820   0.821   0.829   0.832   0.838   0.839   0.841
  0.850   0.852   0.857   0.859   0.865   0.867   0.873   0.880
  0.888   0.894   0.898   0.910   0.913   0.924   0.926   0.927
  0.933   0.941   0.960   0.967   0.976   0.979   1.002   1.011
  1.020   1.022   1.024   1.038   1.052   1.061   1.072   1.076
  1.083   1.094   1.100   1.104   1.106   1.114   1.118   1.129
  1.130   1.136   1.146   1.151   1.162   1.171   1.174   1.183
  1.191   1.193   1.195   1.208   1.211   1.214   1.220   1.226
  1.230   1.235   1.239   1.246   1.250   1.263   1.264   1.275
  1.278   1.280   1.285   1.290   1.294   1.299   1.307   1.309
  1.315   1.318   1.321   1.325   1.330   1.335   1.344   1.344
  1.359   1.362   1.372   1.380   1.382   1.389   1.392   1.398
  1.404   1.413   1.418   1.425   1.438   1.440   1.445   1.452
  1.459   1.468   1.471   1.473   1.482   1.487   1.492   1.497
  1.501   1.502   1.511   1.513   1.521   1.529   1.536   1.539
  1.542   1.547   1.553   1.561   1.564   1.565   1.569   1.576
  1.579   1.581   1.586   1.589   1.595   1.597   1.602   1.605
  1.608   1.610   1.613   1.618   1.621   1.624   1.632   1.634
  1.640   1.645   1.648   1.652   1.655   1.659   1.666   1.669
  1.675   1.678   1.683   1.685   1.692   1.697   1.702   1.704
  1.707   1.713   1.716   1.719   1.721   1.723   1.726   1.732
  1.733   1.738   1.743   1.748   1.749   1.751   1.756   1.761
  1.764   1.773   1.775   1.777   1.783   1.784   1.798   1.801
  1.807   1.815   1.818   1.825   1.831   1.835   1.839   1.842
  1.846   1.854   1.861   1.864   1.868   1.870   1.877   1.879
  1.882   1.895   1.900   1.904   1.911   1.913   1.926   1.932
  1.937   1.944   1.945   1.951   1.962   1.970   1.975   1.982
  1.995   2.007   2.017   2.022   2.023   2.025   2.032   2.039
  2.045   2.049   2.055   2.059   2.070   2.075   2.087   2.093
  2.097   2.099   2.109   2.115   2.120   2.131   2.136   2.138
  2.148   2.150   2.155   2.164   2.166   2.174   2.179   2.186
  2.188   2.195   2.210   2.213   2.219   2.229   2.234   2.241
  2.244   2.251   2.257   2.267   2.272   2.277   2.289   2.292
  2.299   2.311   2.319   2.328   2.342   2.347   2.373   2.400
  2.410   2.420   2.423   2.435   2.446   2.450   2.456   2.465
  2.472   2.482   2.486   2.491   2.505   2.507   2.514   2.518
  2.523   2.526   2.536   2.538   2.542   2.549   2.551   2.556
  2.563   2.567   2.576   2.581   2.588   2.594   2.595   2.604
  2.606   2.615   2.621   2.623   2.627   2.631   2.634   2.641
  2.645   2.655   2.661   2.662   2.673   2.674   2.681   2.683
  2.696   2.697   2.705   2.720   2.723   2.725   2.729   2.738
  2.745   2.748   2.754   2.771   2.776   2.783   2.792   2.799
  2.805   2.813   2.824   2.833   2.843   2.847   2.856   2.864
  2.869   2.879   2.885   2.888   2.897   2.900   2.906   2.909
  2.922   2.925   2.931   2.947   2.949   2.961   2.969   2.982
  2.992   2.997   3.008   3.012   3.018   3.022   3.032   3.045
  3.048   3.049   3.063   3.063   3.070   3.076   3.086   3.089
  3.095   3.101   3.112   3.112   3.121   3.126   3.128   3.133
  3.143   3.155   3.158   3.162   3.167   3.176   3.180   3.190
  3.195   3.204   3.216   3.227   3.233   3.236   3.245   3.252
  3.262   3.266   3.277   3.284   3.307   3.312   3.314   3.330
  3.361   3.363   3.366   3.373   3.381   3.397   3.400   3.410
  3.416   3.420   3.430   3.432   3.452   3.549   3.572   3.602
  3.613   3.615   3.623   3.670   3.704   3.717   3.721   3.734
  3.749   3.758   3.770   3.785   3.791   3.798   3.822   3.834
  3.838   3.839   3.850   3.853   3.868   3.891   3.906   3.910
  3.916   3.922   3.929   3.966   3.987   4.006   4.030   4.073
  4.084   4.090   4.105   4.110   4.122   4.141   4.147   4.161
  4.170   4.176   4.189   4.195   4.208   4.217   4.232   4.267
  4.275   4.299   4.319   4.328   4.340   4.463   4.484   4.532
  4.547   5.089   5.098   5.162   5.177   5.197   5.217   5.239
  5.247   5.270   5.286   5.302   5.315   5.356   5.362   5.433
  5.464   5.485   5.501   5.563   5.642   5.648   5.651   5.661
  5.674   5.714   5.720   5.926   5.942   5.946   5.964  23.795
 23.818  23.864  23.872  23.876  23.892  23.911  23.916  23.929
 23.939  23.954  23.962  23.967  23.970  23.978  23.982  23.998
 24.005  24.016  24.026  24.037  24.054  24.098  24.119  49.939
 49.956  49.957  49.978  50.014  50.034  50.057  50.062  50.075
 50.080
 --------------------------------------------------------------
 
          Ground-State Mulliken Net Atomic Charges

     Atom                 Charge (a.u.)
  ----------------------------------------
      1 C                     0.269777
      2 C                     0.670742
      3 C                    -0.492674
      4 C                    -0.377694
      5 O                     0.063234
      6 O                    -0.101601
      7 O                     0.073854
      8 O                    -0.072957
      9 C                    -0.151408
     10 C                    -0.272539
     11 C                    -1.126367
     12 C                    -0.091141
     13 C                     0.075803
     14 C                    -1.080886
     15 O                     0.195075
     16 H                     0.178970
     17 H                     0.045877
     18 H                     0.191587
     19 H                     0.196886
     20 H                     0.196546
     21 H                     0.129902
     22 H                     0.199989
     23 H                     0.075219
     24 H                     0.177467
     25 H                     0.177586
     26 H                     0.125517
     27 H                     0.194515
     28 C                    -0.345303
     29 C                    -0.159281
     30 H                     0.177906
     31 H                     0.165158
     32 H                     0.186263
     33 H                     0.139720
     34 H                     0.143075
     35 H                     0.207381
     36 C                    -0.086709
     37 C                     0.453895
     38 C                    -0.761635
     39 C                    -0.771899
     40 O                     0.067706
     41 O                    -0.063807
     42 O                     0.051714
     43 O                    -0.085266
     44 C                    -0.371790
     45 C                    -0.166416
     46 C                     0.001969
     47 C                    -0.279533
     48 C                    -0.411756
     49 C                    -0.231069
     50 O                     0.307481
     51 H                     0.259639
     52 H                     0.285543
     53 H                     0.219042
     54 H                     0.167903
     55 H                     0.175723
     56 H                     0.155465
     57 H                     0.169143
     58 H                     0.151213
     59 H                     0.137902
     60 H                     0.241747
     61 H                     0.167722
     62 H                     0.176450
     63 C                    -0.680312
     64 C                    -0.416990
     65 H                     0.213741
     66 H                     0.197829
     67 H                     0.226799
     68 H                     0.141875
     69 H                     0.169798
     70 H                     0.200684
  ----------------------------------------
  Sum of atomic charges =    -0.000000

 -----------------------------------------------------------------
                    Cartesian Multipole Moments
 -----------------------------------------------------------------
    Charge (ESU x 10^10)
                -0.0000
    Dipole Moment (Debye)
         X       2.7857      Y      -0.5213      Z       0.4679
       Tot       2.8725
    Quadrupole Moments (Debye-Ang)
        XX    -202.5282     XY      11.9453     YY    -180.7820
        XZ      17.7697     YZ      -6.5835     ZZ    -220.8178
    Octopole Moments (Debye-Ang^2)
       XXX      39.9921    XXY     -31.8859    XYY      -0.3662
       YYY    -113.7026    XXZ      -6.7941    XYZ     -25.5910
       YYZ       6.1728    XZZ     -12.1618    YZZ      19.9563
       ZZZ      21.9771
    Hexadecapole Moments (Debye-Ang^3)
      XXXX   -8740.9406   XXXY     261.7134   XXYY   -2105.0578
      XYYY     -51.7598   YYYY   -4430.8751   XXXZ     352.5609
      XXYZ     -42.2492   XYYZ      55.0018   YYYZ     -65.3636
      XXZZ   -2139.0851   XYZZ      22.1977   YYZZ   -1340.2925
      XZZZ     118.7258   YZZZ     -61.9503   ZZZZ   -3535.3734
 -----------------------------------------------------------------
Archival summary:
1\1\vega03.cac.cornell.edu\SP\ProcedureUnspecified\BasisUnspecified\102436\jj585\MonApr213:48:452018MonApr213:48:452018\0\\#,ProcedureUnspecified,BasisUnspecified,\\0,1\O\C,1,1.43358\C,1,1.43646,2,98.0224\C,3,1.51218,1,111.091,2,-178.393,0\H,4,1.09134,3,111.033,1,-57.0184,0\H,4,1.09192,3,109.775,1,62.6469,0\H,4,1.09264,3,110.458,1,-177.522,0\C,2,1.513,1,109.807,3,-177.944,0\H,8,1.07,2,109.471,1,-64.7983,0\H,8,1.07,2,109.471,1,55.2018,0\H,8,1.07,2,109.471,1,175.202,0\C,2,1.54115,1,102.483,3,57.1986,0\H,12,1.09096,2,110.128,1,81.1589,0\H,12,1.09186,2,112.95,1,-157.962,0\C,2,1.54738,1,103.124,3,-55.9256,0\H,15,1.09374,2,111.197,1,147.786,0\C,15,1.51731,2,113.483,1,-93.8005,0\O,17,1.20407,15,125.979,2,-9.23641,0\O,17,1.35176,15,110.223,2,174.335,0\C,19,1.43854,17,116.158,15,-178.482,0\H,20,1.08777,19,105.482,17,177.492,0\H,20,1.09107,19,110.6,17,-62.8398,0\H,20,1.09137,19,110.239,17,57.9539,0\C,3,1.55466,1,102.371,2,-54.4128,0\H,24,1.09132,3,109.614,1,-87.4148,0\H,24,1.09187,3,112.355,1,152.676,0\C,15,1.5685,2,101.696,1,32.1918,0\H,27,1.08851,15,111.41,2,119.274,0\C,27,1.51456,15,117.337,2,-119.387,0\O,29,1.20804,27,123.816,15,-137.891,0\O,29,1.34543,27,112.521,15,44.9607,0\C,31,1.43759,29,116.484,27,179.042,0\H,32,1.08763,31,105.353,29,177.393,0\H,32,1.09122,31,110.39,29,57.5626,0\H,32,1.09127,31,110.468,29,-63.158,0\H,10,2.18388,8,123.042,2,-65.0567,0\C,36,1.09374,10,159.97,8,-125.578,0\C,37,1.51731,36,105.237,10,-49.5072,0\O,38,1.20407,37,125.979,36,112.562,0\O,38,1.35176,37,110.223,36,-63.8664,0\C,40,1.43854,38,116.158,37,-178.482,0\H,41,1.08777,40,105.482,38,177.492,0\H,41,1.09107,40,110.6,38,-62.8398,0\H,41,1.09137,40,110.239,38,57.9539,0\C,37,1.54738,36,111.197,10,73.7637,0\O,45,1.43358,37,103.124,36,147.786,0\C,46,1.43646,45,98.0224,37,-55.9256,0\C,47,1.51218,46,111.091,45,-178.393,0\H,48,1.09134,47,111.033,46,-57.0184,0\H,48,1.09192,47,109.775,46,62.6469,0\H,48,1.09264,47,110.458,46,-177.522,0\C,45,1.513,37,114.133,36,-93.1535,0\H,52,1.07,45,109.471,37,180,0\H,52,1.07,45,109.471,37,-60.0002,0\H,52,1.07,45,109.471,37,60.0002,0\C,45,1.54115,37,108.926,36,39.451,0\H,56,1.09096,45,110.128,37,-170.072,0\H,56,1.09186,45,112.95,37,-49.1929,0\C,47,1.55466,46,102.371,45,-54.4128,0\H,59,1.09132,47,109.614,46,-87.4148,0\H,59,1.09187,47,112.355,46,152.676,0\C,37,1.5685,36,108.73,10,-175.07,0\H,62,1.08851,37,111.41,36,1.88124,0\C,62,1.51456,37,117.337,36,123.22,0\O,64,1.20804,62,123.816,37,-137.891,0\O,64,1.34543,62,112.521,37,44.9607,0\C,66,1.43759,64,116.484,62,179.042,0\H,67,1.08763,66,105.353,64,177.393,0\H,67,1.09122,66,110.39,64,57.5626,0\H,67,1.09127,66,110.468,64,-63.158,0\\\@

 Total job time:  3955.60s(wall), 7876.12s(cpu) 
 Mon Apr  2 13:48:45 2018

        *************************************************************
        *                                                           *
        *  Thank you very much for using Q-Chem.  Have a nice day.  *
        *                                                           *
        *************************************************************


0 sent ACK to 0 
now end server 0 ... 
