mFile = /opt/software/qchem/qchem-5.0.1//bin/mpi/machines
Process 0 of 1 is on vega03.cac.cornell.edu - thread support 0
initial socket setup ...start
initial socket setup ...done 
now start server 0 ... 
vega03 10.84.3
Q-Chem Developer Version! Running on 10.84.3.*
                  Welcome to Q-Chem
     A Quantum Leap Into The Future Of Chemistry


 Q-Chem 5.0, Q-Chem, Inc., Pleasanton, CA (2017)

 Yihan Shao,  Zhengting Gan,  E. Epifanovsky,  A. T. B. Gilbert,  M. Wormit,  
 J. Kussmann,  A. W. Lange,  A. Behn,  Jia Deng,  Xintian Feng,  D. Ghosh,  
 M. Goldey,  P. R. Horn,  L. D. Jacobson,  I. Kaliman,  T. Kus,  A. Landau,  
 Jie Liu,  E. I. Proynov,  R. M. Richard,  R. P. Steele,  E. J. Sundstrom,  
 H. L. Woodcock III,  P. M. Zimmerman,  D. Zuev,  B. Albrecht,  E. Alguire,  
 S. A. Baeppler,  Z. Benda,  Y. A. Bernard,  E. J. Berquist,  K. B. Bravaya,  
 D. Casanova,  Chun-Min Chang,  Yunqing Chen,  A. Chien,  K. D. Closser,  
 M. P. Coons,  S. Dasgupta,  M. Diedenhofen,  Hainam Do,  R. G. Edgar,  
 Po-Tung Fang,  S. Fatehi,  Qingguo Feng,  Qinghui Ge,  A. Ghysels,  
 J. Gomes,  J. Gonthier,  A. Gunina,  M. W. D. Hanson-Heine,  
 P. H. P. Harbach,  A. W. Hauser,  J. E. Herr,  E. G. Hohenstein,  
 Z. C. Holden,  Kerwin Hui,  T.-C. Jagau,  Hyunjun Ji,  B. Kaduk,  
 K. Khistyaev,  Jaehoon Kim,  P. Klunzinger,  K. Koh,  D. Kosenkov,  
 T. Kowalczyk,  C. M. Krauter,  A. Kunitsa,  Ka Un Lao,  A. Laurent,  
 K. V. Lawler,  Joonho Lee,  D. Lefrancois,  S. Lehtola,  D. S. Levine,  
 Yi-Pei Li,  You-Sheng Lin,  Fenglai Liu,  E. Livshits,  A. Luenser,  
 P. Manohar,  E. Mansoor,  S. F. Manzer,  Shan-Ping Mao,  Yuezhi Mao,  
 N. Mardirossian,  A. V. Marenich,  L. A. Martinez-Martinez,  S. A. Maurer,  
 N. J. Mayhall,  S. C. McKenzie,  J.-M. Mewes,  A. F. Morrison,  K. Nanda,  
 T. S. Nguyen-Beck,  R. Olivares-Amaya,  J. A. Parkhill,  T. M. Perrine,  
 F. Plasser,  S. Prager,  A. Prociuk,  D. R. Rehn,  F. Rob,  M. Schneider,  
 N. Sergueev,  S. M. Sharada,  S. Sharma,  D. W. Small,  T. Stauch,  
 T. Stein,  Yu-Chuan Su,  A. J. W. Thom,  T. Tsuchimochi,  L. Vogt,  
 O. Vydrov,  M. A. Watson,  J. Wenzel,  M. de Wergifosse,  T. A. Wesolowski,  
 A. White,  J. Witte,  A. Yamada,  Jun Yang,  K. Yao,  S. Yeganeh,  
 S. R. Yost,  Zhi-Qiang You,  A. Zech,  Igor Ying Zhang,  Xing Zhang,  
 Yan Zhao,  Ying Zhu,  B. R. Brooks,  G. K. L. Chan,  C. J. Cramer,  
 M. S. Gordon,  W. J. Hehre,  A. Klamt,  M. W. Schmidt,  C. D. Sherrill,  
 D. G. Truhlar,  A. Aspuru-Guzik,  R. Baer,  A. T. Bell,  N. A. Besley,  
 Jeng-Da Chai,  A. Dreuw,  B. D. Dunietz,  T. R. Furlani,  Chao-Ping Hsu,  
 Yousung Jung,  Jing Kong,  D. S. Lambrecht,  WanZhen Liang,  C. Ochsenfeld,  
 V. A. Rassolov,  L. V. Slipchenko,  J. E. Subotnik,  T. Van Voorhis,  
 J. M. Herbert,  A. I. Krylov,  P. M. W. Gill,  M. Head-Gordon

 Contributors to earlier versions of Q-Chem not listed above: 
 R. D. Adamson,  B. Austin,  J. Baker,  G. J. O. Beran,  K. Brandhorst,  
 S. T. Brown,  E. F. C. Byrd,  A. K. Chakraborty,  C.-L. Cheng,  
 Siu Hung Chien,  D. M. Chipman,  D. L. Crittenden,  H. Dachsel,  
 R. A. DiStasio Jr.,  R. J. Doerksen,  A. D. Dutoi,  L. Fusti-Molnar,  
 W. A. Goddard III,  A. Golubeva-Zadorozhnaya,  S. R. Gwaltney,  G. Hawkins,  
 A. Heyden,  S. Hirata,  G. Kedziora,  F. J. Keil,  C. Kelley,  Jihan Kim,  
 R. A. King,  R. Z. Khaliullin,  P. P. Korambath,  W. Kurlancheek,  
 A. M. Lee,  M. S. Lee,  S. V. Levchenko,  Ching Yeh Lin,  D. Liotard,  
 R. C. Lochan,  I. Lotan,  P. E. Maslen,  N. Nair,  D. P. O'Neill,  
 D. Neuhauser,  E. Neuscamman,  C. M. Oana,  R. Olson,  B. Peters,  
 R. Peverati,  P. A. Pieniazek,  Y. M. Rhee,  J. Ritchie,  M. A. Rohrdanz,  
 E. Rosta,  N. J. Russ,  H. F. Schaefer III,  N. E. Schultz,  N. Shenvi,  
 A. C. Simmonett,  A. Sodt,  D. Stuck,  K. S. Thanthiriwatte,  V. Vanovschi,  
 Tao Wang,  A. Warshel,  C. F. Williams,  Q. Wu,  X. Xu,  W. Zhang

 Please cite Q-Chem as follows:
 Y. Shao et al., Mol. Phys. 113, 184-215 (2015)
 DOI: 10.1080/00268976.2014.952696

 Q-Chem 5.0.1 for Intel X86 EM64T Linux

 Parts of Q-Chem use Armadillo 5.200.1 (Boston Tea Smuggler).
 http://arma.sourceforge.net/

 Q-Chem begins on Mon Apr  2 01:37:05 2018  

Host: vega03.cac.cornell.edu
0

     Scratch files written to /scratch/jj585/vdw/11n11_distance_5.000_01.save//
 Parallel job on  1  processors

Checking the input file for inconsistencies... 	...done.

--------------------------------------------------------------
User input:
--------------------------------------------------------------
$molecule
0  1
C        -0.51003000        -1.11966000        +4.91395000
C        -0.52268000        +0.28282000        +5.03577000
C        +0.78410000        -1.87372000        +4.88710000
C        +0.76284000        +1.04840000        +5.04682000
O        +1.57086000        -1.52772000        +5.92897000
O        +1.08143000        -2.72001000        +4.07996000
O        +1.57225000        +0.64705000        +4.04207000
O        +1.04476000        +1.93501000        +5.81562000
C        +2.86890000        +1.26525000        +3.98726000
C        +2.85757000        -2.16804000        +5.98559000
C        -1.70879000        -1.85212000        +4.85532000
C        -2.90511000        -1.13652000        +4.92799000
C        -2.91872000        +0.24659000        +5.05018000
C        -1.73720000        +0.98808000        +5.10894000
H        +2.77276000        +2.34393000        +3.85620000
H        +2.74219000        -3.24915000        +6.07639000
H        -3.86913000        +0.76729000        +5.09794000
H        +3.42439000        +1.06497000        +4.90540000
H        +3.36625000        +0.81673000        +3.13017000
H        +3.34536000        -1.75877000        +6.86734000
H        +3.43330000        -1.94530000        +5.08543000
H        -3.84451000        -1.67807000        +4.89096000
C        -1.80519000        +2.49150000        +5.22923000
C        -1.74662000        -3.35822000        +4.73494000
H        -1.36311000        -3.68819000        +3.76761000
H        -2.77131000        -3.71771000        +4.84457000
H        -1.13517000        -3.84373000        +5.50010000
H        -1.20773000        +2.98756000        +4.46019000
H        -1.42062000        +2.82831000        +6.19368000
H        -2.83770000        +2.83027000        +5.12722000
@C        -0.54444000        -0.68370000        -0.06689000
@C        -0.55709000        +0.71878000        +0.05493000
@C        +0.74969000        -1.43776000        -0.09374000
@C        +0.72843000        +1.48436000        +0.06598000
@O        +1.53645000        -1.09176000        +0.94813000
@O        +1.04702000        -2.28405000        -0.90088000
@O        +1.53784000        +1.08301000        -0.93877000
@O        +1.01035000        +2.37097000        +0.83478000
@C        +2.83449000        +1.70121000        -0.99358000
@C        +2.82316000        -1.73208000        +1.00475000
@C        -1.74320000        -1.41616000        -0.12552000
@C        -2.93952000        -0.70056000        -0.05285000
@C        -2.95313000        +0.68255000        +0.06934000
@C        -1.77161000        +1.42404000        +0.12810000
@H        +2.73835000        +2.77989000        -1.12464000
@H        +2.70778000        -2.81319000        +1.09555000
@H        -3.90354000        +1.20325000        +0.11710000
@H        +3.38998000        +1.50093000        -0.07544000
@H        +3.33184000        +1.25269000        -1.85067000
@H        +3.31095000        -1.32281000        +1.88650000
@H        +3.39889000        -1.50934000        +0.10459000
@H        -3.87892000        -1.24211000        -0.08988000
@C        -1.83960000        +2.92746000        +0.24839000
@C        -1.78103000        -2.92226000        -0.24590000
@H        -1.39752000        -3.25223000        -1.21323000
@H        -2.80572000        -3.28175000        -0.13627000
@H        -1.16958000        -3.40777000        +0.51926000
@H        -1.24214000        +3.42352000        -0.52065000
@H        -1.45503000        +3.26427000        +1.21284000
@H        -2.87211000        +3.26623000        +0.14638000
$end

$rem
JOBTYPE                   SP
METHOD                    B3LYP
DFT_D                     d3_op
BASIS                     6-311++G(d,p)
SYMMETRY                  False
THRESH                    12
SCF_CONVERGENCE           8
MAX_SUB_FILE_NUM          128
MEM_STATIC                400
MEM_TOTAL                 4000
$end
--------------------------------------------------------------
 Adding empirical dispersion correction 
 ----------------------------------------------------------------
 Doing -D3(op) with
 s6 =   1.00000
 s8 =   0.78311
 a1 =   0.30000
 a2 =   4.25000
 n  =  10.00000
 -D3 energy without 3body term =     -0.0335599997 hartrees
 ----------------------------------------------------------------
             Standard Nuclear Orientation (Angstroms)
    I     Atom           X                Y                Z
 ----------------------------------------------------------------
    1      C      -0.5100300000    -1.1196600000     4.9139500000
    2      C      -0.5226800000     0.2828200000     5.0357700000
    3      C       0.7841000000    -1.8737200000     4.8871000000
    4      C       0.7628400000     1.0484000000     5.0468200000
    5      O       1.5708600000    -1.5277200000     5.9289700000
    6      O       1.0814300000    -2.7200100000     4.0799600000
    7      O       1.5722500000     0.6470500000     4.0420700000
    8      O       1.0447600000     1.9350100000     5.8156200000
    9      C       2.8689000000     1.2652500000     3.9872600000
   10      C       2.8575700000    -2.1680400000     5.9855900000
   11      C      -1.7087900000    -1.8521200000     4.8553200000
   12      C      -2.9051100000    -1.1365200000     4.9279900000
   13      C      -2.9187200000     0.2465900000     5.0501800000
   14      C      -1.7372000000     0.9880800000     5.1089400000
   15      H       2.7727600000     2.3439300000     3.8562000000
   16      H       2.7421900000    -3.2491500000     6.0763900000
   17      H      -3.8691300000     0.7672900000     5.0979400000
   18      H       3.4243900000     1.0649700000     4.9054000000
   19      H       3.3662500000     0.8167300000     3.1301700000
   20      H       3.3453600000    -1.7587700000     6.8673400000
   21      H       3.4333000000    -1.9453000000     5.0854300000
   22      H      -3.8445100000    -1.6780700000     4.8909600000
   23      C      -1.8051900000     2.4915000000     5.2292300000
   24      C      -1.7466200000    -3.3582200000     4.7349400000
   25      H      -1.3631100000    -3.6881900000     3.7676100000
   26      H      -2.7713100000    -3.7177100000     4.8445700000
   27      H      -1.1351700000    -3.8437300000     5.5001000000
   28      H      -1.2077300000     2.9875600000     4.4601900000
   29      H      -1.4206200000     2.8283100000     6.1936800000
   30      H      -2.8377000000     2.8302700000     5.1272200000
   31      GH     -0.5444400000    -0.6837000000    -0.0668900000
   32      GH     -0.5570900000     0.7187800000     0.0549300000
   33      GH      0.7496900000    -1.4377600000    -0.0937400000
   34      GH      0.7284300000     1.4843600000     0.0659800000
   35      GH      1.5364500000    -1.0917600000     0.9481300000
   36      GH      1.0470200000    -2.2840500000    -0.9008800000
   37      GH      1.5378400000     1.0830100000    -0.9387700000
   38      GH      1.0103500000     2.3709700000     0.8347800000
   39      GH      2.8344900000     1.7012100000    -0.9935800000
   40      GH      2.8231600000    -1.7320800000     1.0047500000
   41      GH     -1.7432000000    -1.4161600000    -0.1255200000
   42      GH     -2.9395200000    -0.7005600000    -0.0528500000
   43      GH     -2.9531300000     0.6825500000     0.0693400000
   44      GH     -1.7716100000     1.4240400000     0.1281000000
   45      GH      2.7383500000     2.7798900000    -1.1246400000
   46      GH      2.7077800000    -2.8131900000     1.0955500000
   47      GH     -3.9035400000     1.2032500000     0.1171000000
   48      GH      3.3899800000     1.5009300000    -0.0754400000
   49      GH      3.3318400000     1.2526900000    -1.8506700000
   50      GH      3.3109500000    -1.3228100000     1.8865000000
   51      GH      3.3988900000    -1.5093400000     0.1045900000
   52      GH     -3.8789200000    -1.2421100000    -0.0898800000
   53      GH     -1.8396000000     2.9274600000     0.2483900000
   54      GH     -1.7810300000    -2.9222600000    -0.2459000000
   55      GH     -1.3975200000    -3.2522300000    -1.2132300000
   56      GH     -2.8057200000    -3.2817500000    -0.1362700000
   57      GH     -1.1695800000    -3.4077700000     0.5192600000
   58      GH     -1.2421400000     3.4235200000    -0.5206500000
   59      GH     -1.4550300000     3.2642700000     1.2128400000
   60      GH     -2.8721100000     3.2662300000     0.1463800000
 ----------------------------------------------------------------
 Nuclear Repulsion Energy =  1146.4724567292 hartrees
 There are       59 alpha and       59 beta electrons
 Requested basis set is 6-311++G(d,p)
 There are 332 shells and 900 basis functions

 Total QAlloc Memory Limit   4000 MB
 Mega-Array Size       392 MB
 MEM_STATIC part       400 MB
 A cutoff of  1.0D-12 yielded  38525 shell pairs
 There are    283545 function pairs (    300669 Cartesian)
 
 -------------------------------------------------------
 OpenMP Integral Computing Module                       
 Release: version 1.0, May 2013, Q-Chem Inc. Pittsburgh 
 -------------------------------------------------------
 Integral Job Info:
 Integral job number is                      11
 Integral operator is                         1
 short-range coefficients                     0
 long-range coefficients              100000000
 Omega coefficients                           0
 if combine SR and LR in K                    0
 Integral screening is                        0
 Integral computing path is                   2
 max size of driver memory is            800000
 size of driver memory is                593474
 size of scratch memory is              2361544
 max col of scratch BK array               1296
 max len of scratch array in speh3          155
 max len of scratch index in speh4           18
 max int batch size is                      520
 min int batch size is                       52
 fixed nKL is                                52
 max L of basis functions is                  2
 order of int derivative is                   0
 number of shells is                        332
 number of basis is                         932
 number of cartesian basis is               932
 number of contracted shell pairs         38525
 number of primitive shell pairs          82277
 maxK2 (contraction) of shell pair           36
 max number of K2 of shell pair               1
 max number of CS2 of shell pair           7848
 max number of PS2 of shell pair          13074
 mem total for path MDJ                  533304
 -------------------------------------------------------
 Smallest overlap matrix eigenvalue = 1.54E-08
 Linear dependence detected in AO basis
 Number of orthogonalized atomic orbitals = 889
 Maximum deviation from orthogonality = 1.306E-10

 Scale SEOQF with 1.000000e-01/1.000000e-01/1.000000e-02

 Standard Electronic Orientation quadrupole field applied
 Nucleus-field energy     =     0.0000000143 hartrees
 Guess from superposition of atomic densities
 Warning:  Energy on first SCF cycle will be non-variational

 Q-Chem warning in module /opt/software/qchem/qchem-5.0.1/libgen/Atomic_PolEc.C, line 58:

 No atomic polarizability available.


 Q-Chem warning in module /opt/software/qchem/qchem-5.0.1/libgen/Atomic_PolEc.C, line 73:

 No atomic polarizability available.


 Q-Chem warning in module /opt/software/qchem/qchem-5.0.1/libgen/Atomic_PolEc.C, line 58:

 No atomic polarizability available.


 Q-Chem warning in module /opt/software/qchem/qchem-5.0.1/libgen/Atomic_PolEc.C, line 73:

 No atomic polarizability available.


 Q-Chem warning in module /opt/software/qchem/qchem-5.0.1/libgen/Atomic_PolEc.C, line 58:

 No atomic polarizability available.


 Q-Chem warning in module /opt/software/qchem/qchem-5.0.1/libgen/Atomic_PolEc.C, line 73:

 No atomic polarizability available.


 Q-Chem warning in module /opt/software/qchem/qchem-5.0.1/libgen/Atomic_PolEc.C, line 58:

 No atomic polarizability available.


 Q-Chem warning in module /opt/software/qchem/qchem-5.0.1/libgen/Atomic_PolEc.C, line 73:

 No atomic polarizability available.


 Q-Chem warning in module /opt/software/qchem/qchem-5.0.1/libgen/Atomic_PolEc.C, line 58:

 No atomic polarizability available.


 Q-Chem warning in module /opt/software/qchem/qchem-5.0.1/libgen/Atomic_PolEc.C, line 73:

 No atomic polarizability available.


 Q-Chem warning in module /opt/software/qchem/qchem-5.0.1/libgen/Atomic_PolEc.C, line 58:

 No atomic polarizability available.


 Q-Chem warning in module /opt/software/qchem/qchem-5.0.1/libgen/Atomic_PolEc.C, line 73:

 No atomic polarizability available.


 Q-Chem warning in module /opt/software/qchem/qchem-5.0.1/libgen/Atomic_PolEc.C, line 58:

 No atomic polarizability available.


 Q-Chem warning in module /opt/software/qchem/qchem-5.0.1/libgen/Atomic_PolEc.C, line 73:

 No atomic polarizability available.


 Q-Chem warning in module /opt/software/qchem/qchem-5.0.1/libgen/Atomic_PolEc.C, line 58:

 No atomic polarizability available.


 Q-Chem warning in module /opt/software/qchem/qchem-5.0.1/libgen/Atomic_PolEc.C, line 73:

 No atomic polarizability available.


 Q-Chem warning in module /opt/software/qchem/qchem-5.0.1/libgen/Atomic_PolEc.C, line 58:

 No atomic polarizability available.


 Q-Chem warning in module /opt/software/qchem/qchem-5.0.1/libgen/Atomic_PolEc.C, line 73:

 No atomic polarizability available.


 Q-Chem warning in module /opt/software/qchem/qchem-5.0.1/libgen/Atomic_PolEc.C, line 58:

 No atomic polarizability available.


 Q-Chem warning in module /opt/software/qchem/qchem-5.0.1/libgen/Atomic_PolEc.C, line 73:

 No atomic polarizability available.


 Q-Chem warning in module /opt/software/qchem/qchem-5.0.1/libgen/Atomic_PolEc.C, line 58:

 No atomic polarizability available.


 Q-Chem warning in module /opt/software/qchem/qchem-5.0.1/libgen/Atomic_PolEc.C, line 73:

 No atomic polarizability available.


 Q-Chem warning in module /opt/software/qchem/qchem-5.0.1/libgen/Atomic_PolEc.C, line 58:

 No atomic polarizability available.


 Q-Chem warning in module /opt/software/qchem/qchem-5.0.1/libgen/Atomic_PolEc.C, line 73:

 No atomic polarizability available.


 Q-Chem warning in module /opt/software/qchem/qchem-5.0.1/libgen/Atomic_PolEc.C, line 58:

 No atomic polarizability available.


 Q-Chem warning in module /opt/software/qchem/qchem-5.0.1/libgen/Atomic_PolEc.C, line 73:

 No atomic polarizability available.


 Q-Chem warning in module /opt/software/qchem/qchem-5.0.1/libgen/Atomic_PolEc.C, line 58:

 No atomic polarizability available.


 Q-Chem warning in module /opt/software/qchem/qchem-5.0.1/libgen/Atomic_PolEc.C, line 73:

 No atomic polarizability available.


 Q-Chem warning in module /opt/software/qchem/qchem-5.0.1/libgen/Atomic_PolEc.C, line 58:

 No atomic polarizability available.


 Q-Chem warning in module /opt/software/qchem/qchem-5.0.1/libgen/Atomic_PolEc.C, line 73:

 No atomic polarizability available.


 Q-Chem warning in module /opt/software/qchem/qchem-5.0.1/libgen/Atomic_PolEc.C, line 58:

 No atomic polarizability available.


 Q-Chem warning in module /opt/software/qchem/qchem-5.0.1/libgen/Atomic_PolEc.C, line 73:

 No atomic polarizability available.


 Q-Chem warning in module /opt/software/qchem/qchem-5.0.1/libgen/Atomic_PolEc.C, line 58:

 No atomic polarizability available.


 Q-Chem warning in module /opt/software/qchem/qchem-5.0.1/libgen/Atomic_PolEc.C, line 73:

 No atomic polarizability available.


 Q-Chem warning in module /opt/software/qchem/qchem-5.0.1/libgen/Atomic_PolEc.C, line 58:

 No atomic polarizability available.


 Q-Chem warning in module /opt/software/qchem/qchem-5.0.1/libgen/Atomic_PolEc.C, line 73:

 No atomic polarizability available.


 Q-Chem warning in module /opt/software/qchem/qchem-5.0.1/libgen/Atomic_PolEc.C, line 58:

 No atomic polarizability available.


 Q-Chem warning in module /opt/software/qchem/qchem-5.0.1/libgen/Atomic_PolEc.C, line 73:

 No atomic polarizability available.


 Q-Chem warning in module /opt/software/qchem/qchem-5.0.1/libgen/Atomic_PolEc.C, line 58:

 No atomic polarizability available.


 Q-Chem warning in module /opt/software/qchem/qchem-5.0.1/libgen/Atomic_PolEc.C, line 73:

 No atomic polarizability available.


 Q-Chem warning in module /opt/software/qchem/qchem-5.0.1/libgen/Atomic_PolEc.C, line 58:

 No atomic polarizability available.


 Q-Chem warning in module /opt/software/qchem/qchem-5.0.1/libgen/Atomic_PolEc.C, line 73:

 No atomic polarizability available.


 Q-Chem warning in module /opt/software/qchem/qchem-5.0.1/libgen/Atomic_PolEc.C, line 58:

 No atomic polarizability available.


 Q-Chem warning in module /opt/software/qchem/qchem-5.0.1/libgen/Atomic_PolEc.C, line 73:

 No atomic polarizability available.


 Q-Chem warning in module /opt/software/qchem/qchem-5.0.1/libgen/Atomic_PolEc.C, line 58:

 No atomic polarizability available.


 Q-Chem warning in module /opt/software/qchem/qchem-5.0.1/libgen/Atomic_PolEc.C, line 73:

 No atomic polarizability available.


 Q-Chem warning in module /opt/software/qchem/qchem-5.0.1/libgen/Atomic_PolEc.C, line 58:

 No atomic polarizability available.


 Q-Chem warning in module /opt/software/qchem/qchem-5.0.1/libgen/Atomic_PolEc.C, line 73:

 No atomic polarizability available.


 Q-Chem warning in module /opt/software/qchem/qchem-5.0.1/libgen/Atomic_PolEc.C, line 58:

 No atomic polarizability available.


 Q-Chem warning in module /opt/software/qchem/qchem-5.0.1/libgen/Atomic_PolEc.C, line 73:

 No atomic polarizability available.


 Q-Chem warning in module /opt/software/qchem/qchem-5.0.1/libgen/Atomic_PolEc.C, line 58:

 No atomic polarizability available.


 Q-Chem warning in module /opt/software/qchem/qchem-5.0.1/libgen/Atomic_PolEc.C, line 73:

 No atomic polarizability available.


 Q-Chem warning in module /opt/software/qchem/qchem-5.0.1/libgen/Atomic_PolEc.C, line 58:

 No atomic polarizability available.


 Q-Chem warning in module /opt/software/qchem/qchem-5.0.1/libgen/Atomic_PolEc.C, line 73:

 No atomic polarizability available.


 Q-Chem warning in module /opt/software/qchem/qchem-5.0.1/libgen/Atomic_PolEc.C, line 58:

 No atomic polarizability available.


 Q-Chem warning in module /opt/software/qchem/qchem-5.0.1/libgen/Atomic_PolEc.C, line 73:

 No atomic polarizability available.


 Q-Chem warning in module /opt/software/qchem/qchem-5.0.1/libgen/Atomic_PolEc.C, line 58:

 No atomic polarizability available.


 Q-Chem warning in module /opt/software/qchem/qchem-5.0.1/libgen/Atomic_PolEc.C, line 73:

 No atomic polarizability available.


 Q-Chem warning in module /opt/software/qchem/qchem-5.0.1/libgen/Atomic_PolEc.C, line 58:

 No atomic polarizability available.


 Q-Chem warning in module /opt/software/qchem/qchem-5.0.1/libgen/Atomic_PolEc.C, line 73:

 No atomic polarizability available.

 A restricted hybrid HF-DFT SCF calculation will be
 performed using Pulay DIIS extrapolation
 Exchange:     0.2000 Hartree-Fock + 0.0800 Slater + 0.7200 B88
 Correlation:  0.1900 VWN1RPA + 0.8100 LYP
 Using SG-1 standard quadrature grid
 Dispersion:   Grimme D3
 SCF converges when DIIS error is below 1.0E-08
 using 2 threads for integral computing
 -------------------------------------------------------
 OpenMP Integral computing Module                
 Release: version 1.0, May 2013, Q-Chem Inc. Pittsburgh 
 -------------------------------------------------------
 -------------------------------------------------------
 OpenMP BLAS3 based DFT computing Module                
 Release: version 1.0, May 2013, Q-Chem Inc. Pittsburgh 
 -------------------------------------------------------
 ---------------------------------------
  Cycle       Energy         DIIS Error
 ---------------------------------------
    1    -770.1912948355      1.53E-02
    2    -766.5501129783      1.97E-03
    3    -766.0286354759      3.35E-03
    4    -766.8172911774      8.45E-04
    5    -766.8746561735      1.89E-04
    6    -766.8767475463      8.51E-05
    7    -766.8772728177      1.42E-05
    8    -766.8772865010      5.18E-06
    9    -766.8772887819      1.26E-06
   10    -766.8772888766      7.08E-07
   11    -766.8772889284      1.50E-07
   12    -766.8772889301      6.70E-08
   13    -766.8772889303      2.90E-08
   14    -766.8772889303      5.95E-09 Convergence criterion met
 ---------------------------------------
 SCF time:  CPU 4502.82 s  wall 2261.69 s
 SCF   energy in the final basis set = -766.87728893
 Total energy in the final basis set = -766.87728893
 
 --------------------------------------------------------------
 
                    Orbital Energies (a.u.)
 --------------------------------------------------------------
 
 Alpha MOs
 -- Occupied --
-19.176 -19.176 -19.119 -19.119 -10.311 -10.311 -10.232 -10.232
-10.205 -10.205 -10.201 -10.201 -10.187 -10.186 -10.171 -10.170
 -1.121  -1.114  -1.031  -1.030  -0.885  -0.807  -0.795  -0.747
 -0.734  -0.725  -0.675  -0.649  -0.620  -0.577  -0.565  -0.537
 -0.517  -0.515  -0.491  -0.489  -0.480  -0.477  -0.469  -0.442
 -0.434  -0.429  -0.420  -0.416  -0.411  -0.406  -0.396  -0.387
 -0.380  -0.373  -0.362  -0.359  -0.357  -0.321  -0.313  -0.293
 -0.292  -0.266  -0.253
 -- Virtual --
 -0.058  -0.034  -0.012  -0.006  -0.000   0.009   0.011   0.013
  0.019   0.022   0.024   0.028   0.029   0.035   0.035   0.039
  0.044   0.047   0.049   0.055   0.056   0.056   0.059   0.062
  0.066   0.071   0.073   0.074   0.076   0.082   0.088   0.089
  0.091   0.094   0.096   0.099   0.099   0.105   0.105   0.107
  0.109   0.111   0.111   0.117   0.118   0.120   0.122   0.126
  0.128   0.129   0.132   0.133   0.137   0.138   0.140   0.142
  0.143   0.144   0.146   0.148   0.150   0.153   0.155   0.157
  0.158   0.163   0.163   0.168   0.169   0.171   0.173   0.175
  0.177   0.178   0.183   0.184   0.186   0.187   0.189   0.194
  0.196   0.198   0.200   0.202   0.203   0.205   0.208   0.211
  0.213   0.217   0.220   0.221   0.221   0.224   0.225   0.228
  0.230   0.233   0.236   0.237   0.239   0.244   0.247   0.248
  0.249   0.253   0.255   0.257   0.261   0.262   0.263   0.265
  0.269   0.271   0.272   0.275   0.276   0.280   0.283   0.287
  0.290   0.292   0.295   0.299   0.301   0.304   0.307   0.312
  0.314   0.317   0.318   0.319   0.321   0.324   0.329   0.332
  0.334   0.335   0.336   0.341   0.347   0.348   0.350   0.354
  0.355   0.362   0.364   0.365   0.368   0.369   0.375   0.378
  0.381   0.383   0.385   0.387   0.389   0.391   0.393   0.398
  0.401   0.406   0.408   0.411   0.415   0.418   0.421   0.422
  0.425   0.429   0.434   0.436   0.440   0.444   0.448   0.452
  0.453   0.457   0.460   0.461   0.472   0.474   0.476   0.484
  0.487   0.489   0.492   0.500   0.502   0.505   0.510   0.513
  0.519   0.522   0.532   0.534   0.537   0.544   0.548   0.549
  0.554   0.555   0.561   0.566   0.569   0.577   0.581   0.581
  0.590   0.595   0.598   0.601   0.608   0.611   0.612   0.615
  0.618   0.622   0.625   0.625   0.632   0.637   0.642   0.642
  0.648   0.650   0.656   0.656   0.664   0.665   0.668   0.673
  0.675   0.679   0.682   0.689   0.691   0.694   0.695   0.701
  0.704   0.708   0.712   0.713   0.720   0.726   0.730   0.734
  0.736   0.742   0.745   0.751   0.756   0.758   0.762   0.764
  0.768   0.771   0.778   0.785   0.786   0.792   0.796   0.799
  0.804   0.811   0.813   0.820   0.821   0.824   0.830   0.836
  0.849   0.852   0.860   0.872   0.878   0.885   0.898   0.902
  0.917   0.923   0.929   0.938   0.943   0.947   0.950   0.956
  0.972   0.980   0.983   0.991   0.996   1.000   1.006   1.013
  1.016   1.019   1.024   1.034   1.039   1.042   1.049   1.054
  1.062   1.070   1.072   1.078   1.081   1.085   1.091   1.098
  1.103   1.110   1.113   1.118   1.123   1.129   1.139   1.153
  1.156   1.162   1.170   1.173   1.179   1.186   1.192   1.203
  1.214   1.224   1.228   1.234   1.236   1.247   1.252   1.256
  1.265   1.274   1.279   1.286   1.296   1.304   1.316   1.319
  1.331   1.336   1.340   1.353   1.354   1.370   1.378   1.381
  1.389   1.401   1.405   1.411   1.422   1.426   1.432   1.442
  1.457   1.462   1.468   1.474   1.483   1.486   1.495   1.503
  1.506   1.516   1.525   1.526   1.530   1.540   1.545   1.555
  1.561   1.567   1.573   1.578   1.587   1.591   1.594   1.601
  1.603   1.609   1.615   1.617   1.618   1.629   1.637   1.641
  1.646   1.649   1.657   1.663   1.675   1.682   1.691   1.697
  1.707   1.719   1.722   1.728   1.731   1.738   1.744   1.746
  1.754   1.761   1.765   1.770   1.779   1.780   1.788   1.792
  1.800   1.801   1.803   1.806   1.814   1.814   1.821   1.827
  1.833   1.837   1.839   1.850   1.853   1.859   1.863   1.865
  1.872   1.879   1.885   1.890   1.893   1.904   1.905   1.912
  1.915   1.920   1.923   1.928   1.944   1.948   1.959   1.960
  1.966   1.970   1.979   1.995   2.002   2.014   2.021   2.026
  2.036   2.039   2.051   2.059   2.065   2.080   2.089   2.092
  2.098   2.105   2.107   2.114   2.115   2.117   2.129   2.132
  2.135   2.141   2.144   2.147   2.162   2.176   2.180   2.181
  2.187   2.194   2.203   2.216   2.220   2.223   2.235   2.250
  2.292   2.301   2.304   2.318   2.326   2.331   2.336   2.339
  2.339   2.345   2.356   2.366   2.382   2.384   2.392   2.403
  2.410   2.417   2.427   2.442   2.455   2.460   2.472   2.477
  2.490   2.501   2.504   2.505   2.510   2.515   2.519   2.523
  2.528   2.535   2.538   2.545   2.561   2.572   2.573   2.580
  2.586   2.596   2.598   2.605   2.606   2.617   2.622   2.625
  2.634   2.645   2.656   2.664   2.669   2.673   2.681   2.683
  2.690   2.697   2.702   2.708   2.717   2.727   2.732   2.742
  2.748   2.756   2.758   2.764   2.774   2.776   2.782   2.798
  2.804   2.816   2.819   2.824   2.831   2.856   2.857   2.865
  2.880   2.886   2.897   2.900   2.903   2.912   2.915   2.922
  2.925   2.933   2.940   2.947   2.955   2.962   2.967   2.987
  2.997   3.008   3.018   3.026   3.032   3.043   3.050   3.054
  3.065   3.071   3.074   3.079   3.096   3.104   3.110   3.116
  3.128   3.139   3.144   3.150   3.169   3.189   3.203   3.216
  3.224   3.231   3.239   3.243   3.245   3.251   3.263   3.273
  3.280   3.294   3.298   3.306   3.324   3.331   3.346   3.353
  3.357   3.388   3.397   3.406   3.410   3.418   3.429   3.442
  3.465   3.467   3.494   3.499   3.505   3.522   3.531   3.534
  3.537   3.549   3.558   3.567   3.571   3.587   3.595   3.619
  3.627   3.630   3.649   3.663   3.673   3.700   3.701   3.734
  3.754   3.760   3.782   3.794   3.797   3.799   3.800   3.831
  3.848   3.860   3.877   3.904   3.923   3.954   3.968   4.029
  4.050   4.055   4.076   4.085   4.093   4.141   4.169   4.236
  4.239   4.243   4.329   4.359   4.391   4.426   4.544   4.551
  4.577   4.602   4.675   4.716   4.738   4.768   4.787   4.798
  4.819   4.836   4.845   4.854   4.859   4.865   4.868   4.900
  4.914   4.924   4.953   4.964   4.973   4.986   5.032   5.079
  5.143   5.171   5.184   5.196   5.233   5.267   5.291   5.296
  5.312   5.345   5.410   5.451   5.570   5.584   5.625   5.638
  5.694   5.713   5.890   5.921   6.126   6.141   7.116   7.200
  7.212   7.300   7.324   7.401   7.415   7.468   7.636   7.680
  7.730   7.745   7.785   7.793   7.800   7.806   7.821   7.827
  7.848   7.864   7.867   7.885   7.900   7.932   7.965   7.966
  8.008   8.028   8.073   8.103   8.114   8.257   8.504   8.533
  8.669   9.042   9.751  10.006  10.016  10.022  10.028  10.090
 10.093  10.251  10.290  10.312  10.320  10.369  13.568  13.629
 13.643  13.711  13.724  13.749  13.882  13.943  14.157  14.190
 14.310  14.327  18.589  18.620  18.739  18.793  23.589  23.860
 23.876  23.930  23.938  23.947  23.956  23.969  24.017  24.069
 24.074  24.169  49.900  49.935  50.023  50.039  69.699  69.841
 69.904  69.914  69.939  69.965  69.975  70.002  70.027  70.040
 70.058  70.069 139.732 139.756 139.808 139.863
 --------------------------------------------------------------
 
          Ground-State Mulliken Net Atomic Charges

     Atom                 Charge (a.u.)
  ----------------------------------------
      1 C                     0.443638
      2 C                     0.216398
      3 C                    -0.910134
      4 C                    -0.474401
      5 O                     0.104110
      6 O                    -0.068270
      7 O                     0.111599
      8 O                    -0.142461
      9 C                    -0.347078
     10 C                    -0.156329
     11 C                     0.336752
     12 C                    -0.368635
     13 C                    -0.336806
     14 C                     0.491035
     15 H                     0.194745
     16 H                     0.164224
     17 H                     0.163266
     18 H                     0.197705
     19 H                     0.105440
     20 H                     0.170398
     21 H                     0.178618
     22 H                     0.165646
     23 C                    -0.628239
     24 C                    -0.654740
     25 H                     0.205325
     26 H                     0.140048
     27 H                     0.174296
     28 H                     0.201104
     29 H                     0.214459
     30 H                     0.130375
     31 GH                    0.102546
     32 GH                   -0.105558
     33 GH                   -0.075828
     34 GH                    0.050633
     35 GH                   -0.018564
     36 GH                    0.000286
     37 GH                    0.000543
     38 GH                   -0.007382
     39 GH                   -0.005489
     40 GH                    0.005660
     41 GH                   -0.007715
     42 GH                   -0.025246
     43 GH                    0.029803
     44 GH                    0.027739
     45 GH                    0.000555
     46 GH                   -0.002074
     47 GH                    0.000116
     48 GH                    0.002887
     49 GH                   -0.000536
     50 GH                    0.014863
     51 GH                    0.001768
     52 GH                   -0.001646
     53 GH                    0.004508
     54 GH                   -0.002678
     55 GH                   -0.000204
     56 GH                    0.001604
     57 GH                   -0.004775
     58 GH                    0.000130
     59 GH                   -0.007971
     60 GH                   -0.000063
  ----------------------------------------
  Sum of atomic charges =     0.000000

 -----------------------------------------------------------------
                    Cartesian Multipole Moments
 -----------------------------------------------------------------
    Charge (ESU x 10^10)
                 0.0000
    Dipole Moment (Debye)
         X       0.0671      Y      -0.1075      Z       0.0513
       Tot       0.1367
    Quadrupole Moments (Debye-Ang)
        XX     -76.1816     XY      -0.1214     YY     -95.3456
        XZ       0.4919     YZ      -9.4982     ZZ     -98.9809
    Octopole Moments (Debye-Ang^2)
       XXX      38.1616    XXY      32.6254    XYY      -7.8477
       YYY     120.3699    XXZ    -378.7847    XYZ     -19.9993
       YYZ    -466.9243    XZZ      17.5104    YZZ     -48.6248
       ZZZ   -1481.4373
    Hexadecapole Moments (Debye-Ang^3)
      XXXX   -2032.6418   XXXY     -10.4034   XXYY    -670.3289
      XYYY      13.6238   YYYY   -2103.4703   XXXZ     192.6886
      XXYZ     128.3744   XYYZ     -20.7426   YYYZ     527.5412
      XXZZ   -2317.4812   XYZZ    -199.9501   YYZZ   -2700.8759
      XZZZ     237.1161   YZZZ     -44.2067   ZZZZ  -15091.1148
 -----------------------------------------------------------------
Archival summary:
1\1\vega03.cac.cornell.edu\SP\ProcedureUnspecified\BasisUnspecified\41214h30\jj585\MonApr202:14:492018MonApr202:14:492018\0\\#,ProcedureUnspecified,BasisUnspecified,\\0,1\O\C,1,1.3512\O,2,1.2069,1,123.501\C,1,1.43752,2,116.164,3,4.8931,0\H,4,1.08772,1,105.376,2,179.706,0\H,4,1.09086,1,110.507,2,-60.681,0\H,4,1.09163,1,110.367,2,60.0909,0\C,2,1.49626,1,110.928,3,178.057,0\C,8,1.40634,2,119.012,1,-130.615,0\C,9,1.39616,8,117.536,2,177.857,0\H,10,1.08475,9,118.991,8,-179.6,0\C,10,1.38856,9,121.629,8,0.183585,0\H,12,1.08495,10,119.453,9,179.671,0\C,12,1.3959,10,121.575,9,-0.129654,0\C,14,1.40604,12,117.481,10,0.160349,0\C,15,1.49803,14,118.266,12,177.84,0\O,16,1.20668,15,125.302,14,50.5403,0\O,16,1.35063,15,111.128,14,-126.75,0\C,18,1.43835,16,115.94,15,-178.519,0\H,19,1.08762,18,105.403,16,179.104,0\H,19,1.09103,18,110.475,16,-61.3232,0\H,19,1.0915,18,110.399,16,59.3962,0\C,9,1.50976,8,122.848,2,-1.37569,0\H,23,1.09144,9,110.135,8,171.975,0\H,23,1.09156,9,111.21,8,-67.4939,0\H,23,1.09291,9,111.796,8,51.7903,0\C,14,1.51138,12,119.574,10,179.468,0\H,27,1.09144,14,110.104,12,-7.00566,0\H,27,1.09164,14,111.284,12,113.49,0\H,27,1.09319,14,111.89,12,-127.081,0\Gh,5,2.47536,4,137.909,1,-28.226,0\Gh,31,1.08762,5,137.952,4,94.8368,0\Gh,32,1.09103,31,110.661,5,-152.331,0\Gh,32,1.0915,31,110.808,5,86.5553,0\Gh,32,1.43835,31,105.403,5,-32.8812,0\Gh,35,1.35063,32,115.94,31,179.104,0\Gh,36,1.20668,35,123.512,32,4.13325,0\Gh,36,1.49803,35,111.128,32,-178.519,0\Gh,38,1.40604,36,118.266,35,-126.75,0\Gh,39,1.3959,38,117.481,36,177.84,0\Gh,40,1.08495,39,118.972,38,-179.641,0\Gh,40,1.38856,39,121.575,38,0.160349,0\Gh,42,1.08475,40,119.38,39,179.653,0\Gh,42,1.39616,40,121.629,39,-0.129654,0\Gh,44,1.40634,42,117.536,40,0.183585,0\Gh,45,1.49626,44,119.012,42,177.857,0\Gh,46,1.2069,45,125.54,44,47.3939,0\Gh,46,1.3512,45,110.928,44,-130.615,0\Gh,48,1.43752,46,116.164,45,-177.05,0\Gh,49,1.08772,48,105.376,46,179.706,0\Gh,49,1.09086,48,110.507,46,-60.681,0\Gh,49,1.09163,48,110.367,46,60.0909,0\Gh,44,1.50976,42,119.611,40,179.442,0\Gh,53,1.09144,44,110.135,42,-7.24194,0\Gh,53,1.09156,44,111.21,42,113.289,0\Gh,53,1.09291,44,111.796,42,-127.427,0\Gh,39,1.51138,38,122.941,36,-1.44272,0\Gh,57,1.09144,39,110.104,38,172.262,0\Gh,57,1.09164,39,111.284,38,-67.2422,0\Gh,57,1.09319,39,111.89,38,52.1865,0\\\@

 Total job time:  2264.18s(wall), 4505.89s(cpu) 
 Mon Apr  2 02:14:49 2018

        *************************************************************
        *                                                           *
        *  Thank you very much for using Q-Chem.  Have a nice day.  *
        *                                                           *
        *************************************************************


0 sent ACK to 0 
now end server 0 ... 
