mFile = /opt/software/qchem/qchem-5.0.1//bin/mpi/machines
Process 0 of 1 is on vega03.cac.cornell.edu - thread support 0
initial socket setup ...start
initial socket setup ...done 
now start server 0 ... 
vega03 10.84.3
Q-Chem Developer Version! Running on 10.84.3.*
                  Welcome to Q-Chem
     A Quantum Leap Into The Future Of Chemistry


 Q-Chem 5.0, Q-Chem, Inc., Pleasanton, CA (2017)

 Yihan Shao,  Zhengting Gan,  E. Epifanovsky,  A. T. B. Gilbert,  M. Wormit,  
 J. Kussmann,  A. W. Lange,  A. Behn,  Jia Deng,  Xintian Feng,  D. Ghosh,  
 M. Goldey,  P. R. Horn,  L. D. Jacobson,  I. Kaliman,  T. Kus,  A. Landau,  
 Jie Liu,  E. I. Proynov,  R. M. Richard,  R. P. Steele,  E. J. Sundstrom,  
 H. L. Woodcock III,  P. M. Zimmerman,  D. Zuev,  B. Albrecht,  E. Alguire,  
 S. A. Baeppler,  Z. Benda,  Y. A. Bernard,  E. J. Berquist,  K. B. Bravaya,  
 D. Casanova,  Chun-Min Chang,  Yunqing Chen,  A. Chien,  K. D. Closser,  
 M. P. Coons,  S. Dasgupta,  M. Diedenhofen,  Hainam Do,  R. G. Edgar,  
 Po-Tung Fang,  S. Fatehi,  Qingguo Feng,  Qinghui Ge,  A. Ghysels,  
 J. Gomes,  J. Gonthier,  A. Gunina,  M. W. D. Hanson-Heine,  
 P. H. P. Harbach,  A. W. Hauser,  J. E. Herr,  E. G. Hohenstein,  
 Z. C. Holden,  Kerwin Hui,  T.-C. Jagau,  Hyunjun Ji,  B. Kaduk,  
 K. Khistyaev,  Jaehoon Kim,  P. Klunzinger,  K. Koh,  D. Kosenkov,  
 T. Kowalczyk,  C. M. Krauter,  A. Kunitsa,  Ka Un Lao,  A. Laurent,  
 K. V. Lawler,  Joonho Lee,  D. Lefrancois,  S. Lehtola,  D. S. Levine,  
 Yi-Pei Li,  You-Sheng Lin,  Fenglai Liu,  E. Livshits,  A. Luenser,  
 P. Manohar,  E. Mansoor,  S. F. Manzer,  Shan-Ping Mao,  Yuezhi Mao,  
 N. Mardirossian,  A. V. Marenich,  L. A. Martinez-Martinez,  S. A. Maurer,  
 N. J. Mayhall,  S. C. McKenzie,  J.-M. Mewes,  A. F. Morrison,  K. Nanda,  
 T. S. Nguyen-Beck,  R. Olivares-Amaya,  J. A. Parkhill,  T. M. Perrine,  
 F. Plasser,  S. Prager,  A. Prociuk,  D. R. Rehn,  F. Rob,  M. Schneider,  
 N. Sergueev,  S. M. Sharada,  S. Sharma,  D. W. Small,  T. Stauch,  
 T. Stein,  Yu-Chuan Su,  A. J. W. Thom,  T. Tsuchimochi,  L. Vogt,  
 O. Vydrov,  M. A. Watson,  J. Wenzel,  M. de Wergifosse,  T. A. Wesolowski,  
 A. White,  J. Witte,  A. Yamada,  Jun Yang,  K. Yao,  S. Yeganeh,  
 S. R. Yost,  Zhi-Qiang You,  A. Zech,  Igor Ying Zhang,  Xing Zhang,  
 Yan Zhao,  Ying Zhu,  B. R. Brooks,  G. K. L. Chan,  C. J. Cramer,  
 M. S. Gordon,  W. J. Hehre,  A. Klamt,  M. W. Schmidt,  C. D. Sherrill,  
 D. G. Truhlar,  A. Aspuru-Guzik,  R. Baer,  A. T. Bell,  N. A. Besley,  
 Jeng-Da Chai,  A. Dreuw,  B. D. Dunietz,  T. R. Furlani,  Chao-Ping Hsu,  
 Yousung Jung,  Jing Kong,  D. S. Lambrecht,  WanZhen Liang,  C. Ochsenfeld,  
 V. A. Rassolov,  L. V. Slipchenko,  J. E. Subotnik,  T. Van Voorhis,  
 J. M. Herbert,  A. I. Krylov,  P. M. W. Gill,  M. Head-Gordon

 Contributors to earlier versions of Q-Chem not listed above: 
 R. D. Adamson,  B. Austin,  J. Baker,  G. J. O. Beran,  K. Brandhorst,  
 S. T. Brown,  E. F. C. Byrd,  A. K. Chakraborty,  C.-L. Cheng,  
 Siu Hung Chien,  D. M. Chipman,  D. L. Crittenden,  H. Dachsel,  
 R. A. DiStasio Jr.,  R. J. Doerksen,  A. D. Dutoi,  L. Fusti-Molnar,  
 W. A. Goddard III,  A. Golubeva-Zadorozhnaya,  S. R. Gwaltney,  G. Hawkins,  
 A. Heyden,  S. Hirata,  G. Kedziora,  F. J. Keil,  C. Kelley,  Jihan Kim,  
 R. A. King,  R. Z. Khaliullin,  P. P. Korambath,  W. Kurlancheek,  
 A. M. Lee,  M. S. Lee,  S. V. Levchenko,  Ching Yeh Lin,  D. Liotard,  
 R. C. Lochan,  I. Lotan,  P. E. Maslen,  N. Nair,  D. P. O'Neill,  
 D. Neuhauser,  E. Neuscamman,  C. M. Oana,  R. Olson,  B. Peters,  
 R. Peverati,  P. A. Pieniazek,  Y. M. Rhee,  J. Ritchie,  M. A. Rohrdanz,  
 E. Rosta,  N. J. Russ,  H. F. Schaefer III,  N. E. Schultz,  N. Shenvi,  
 A. C. Simmonett,  A. Sodt,  D. Stuck,  K. S. Thanthiriwatte,  V. Vanovschi,  
 Tao Wang,  A. Warshel,  C. F. Williams,  Q. Wu,  X. Xu,  W. Zhang

 Please cite Q-Chem as follows:
 Y. Shao et al., Mol. Phys. 113, 184-215 (2015)
 DOI: 10.1080/00268976.2014.952696

 Q-Chem 5.0.1 for Intel X86 EM64T Linux

 Parts of Q-Chem use Armadillo 5.200.1 (Boston Tea Smuggler).
 http://arma.sourceforge.net/

 Q-Chem begins on Mon Apr  2 02:06:00 2018  

Host: vega03.cac.cornell.edu
0

     Scratch files written to /scratch/jj585/vdw/11n11_distance_6.000_11.save//
 Parallel job on  1  processors

Checking the input file for inconsistencies... 	...done.

--------------------------------------------------------------
User input:
--------------------------------------------------------------
$molecule
0  1
--
0  1
C        -0.54444000        -0.68370000        -0.06689000
C        -0.55709000        +0.71878000        +0.05493000
C        +0.74969000        -1.43776000        -0.09374000
C        +0.72843000        +1.48436000        +0.06598000
O        +1.53645000        -1.09176000        +0.94813000
O        +1.04702000        -2.28405000        -0.90088000
O        +1.53784000        +1.08301000        -0.93877000
O        +1.01035000        +2.37097000        +0.83478000
C        +2.83449000        +1.70121000        -0.99358000
C        +2.82316000        -1.73208000        +1.00475000
C        -1.74320000        -1.41616000        -0.12552000
C        -2.93952000        -0.70056000        -0.05285000
C        -2.95313000        +0.68255000        +0.06934000
C        -1.77161000        +1.42404000        +0.12810000
H        +2.73835000        +2.77989000        -1.12464000
H        +2.70778000        -2.81319000        +1.09555000
H        -3.90354000        +1.20325000        +0.11710000
H        +3.38998000        +1.50093000        -0.07544000
H        +3.33184000        +1.25269000        -1.85067000
H        +3.31095000        -1.32281000        +1.88650000
H        +3.39889000        -1.50934000        +0.10459000
H        -3.87892000        -1.24211000        -0.08988000
C        -1.83960000        +2.92746000        +0.24839000
C        -1.78103000        -2.92226000        -0.24590000
H        -1.39752000        -3.25223000        -1.21323000
H        -2.80572000        -3.28175000        -0.13627000
H        -1.16958000        -3.40777000        +0.51926000
H        -1.24214000        +3.42352000        -0.52065000
H        -1.45503000        +3.26427000        +1.21284000
H        -2.87211000        +3.26623000        +0.14638000
--
0  1
C        -0.50315000        -1.20685000        +5.91012000
C        -0.51580000        +0.19563000        +6.03194000
C        +0.79098000        -1.96091000        +5.88327000
C        +0.76972000        +0.96121000        +6.04299000
O        +1.57774000        -1.61491000        +6.92514000
O        +1.08831000        -2.80720000        +5.07613000
O        +1.57913000        +0.55986000        +5.03824000
O        +1.05164000        +1.84782000        +6.81179000
C        +2.87578000        +1.17806000        +4.98343000
C        +2.86445000        -2.25523000        +6.98176000
C        -1.70191000        -1.93931000        +5.85149000
C        -2.89823000        -1.22371000        +5.92416000
C        -2.91184000        +0.15940000        +6.04635000
C        -1.73032000        +0.90089000        +6.10511000
H        +2.77964000        +2.25674000        +4.85237000
H        +2.74907000        -3.33634000        +7.07256000
H        -3.86225000        +0.68010000        +6.09411000
H        +3.43127000        +0.97778000        +5.90157000
H        +3.37313000        +0.72954000        +4.12634000
H        +3.35224000        -1.84596000        +7.86351000
H        +3.44018000        -2.03249000        +6.08160000
H        -3.83763000        -1.76526000        +5.88713000
C        -1.79831000        +2.40431000        +6.22540000
C        -1.73974000        -3.44541000        +5.73111000
H        -1.35623000        -3.77538000        +4.76378000
H        -2.76443000        -3.80490000        +5.84074000
H        -1.12829000        -3.93092000        +6.49627000
H        -1.20085000        +2.90037000        +5.45636000
H        -1.41374000        +2.74112000        +7.18985000
H        -2.83082000        +2.74308000        +6.12339000
$end

$rem
JOBTYPE                   SP
METHOD                    B3LYP
DFT_D                     d3_op
BASIS                     6-311++G(d,p)
SYMMETRY                  False
THRESH                    12
SCF_CONVERGENCE           8
MAX_SUB_FILE_NUM          128
MEM_STATIC                400
MEM_TOTAL                 4000
$end
--------------------------------------------------------------
 Adding empirical dispersion correction 
 ----------------------------------------------------------------
 Doing -D3(op) with
 s6 =   1.00000
 s8 =   0.78311
 a1 =   0.30000
 a2 =   4.25000
 n  =  10.00000
 -D3 energy without 3body term =     -0.0702078482 hartrees
 ----------------------------------------------------------------
             Standard Nuclear Orientation (Angstroms)
    I     Atom           X                Y                Z
 ----------------------------------------------------------------
    1      C      -2.9797627318     0.4976527955     0.8262133917
    2      C      -3.0339307749     0.5654768656    -0.5789257487
    3      C      -2.8998873586    -0.8245125795     1.5259265534
    4      C      -3.1060569208    -0.6896549000    -1.3902447855
    5      O      -1.9017689404    -1.5823396060     1.0222816232
    6      O      -3.5922779345    -1.1655283224     2.4534988827
    7      O      -4.0450605706    -1.5282420497    -0.8995384873
    8      O      -2.4511510733    -0.9264278827    -2.3759660971
    9      C      -4.1640417807    -2.8010626721    -1.5569939865
   10      C      -1.7533356685    -2.8915491186     1.5991491703
   11      C      -2.9581372601     1.6666685309     1.6071712751
   12      C      -2.9868133348     2.8903043661     0.9360238572
   13      C      -3.0382078198     2.9583552189    -0.4499186340
   14      C      -3.0609966364     1.8069109884    -1.2391629067
   15      H      -4.4295258282    -2.6658163330    -2.6063732381
   16      H      -1.5295309205    -2.8161272546     2.6643153515
   17      H      -3.0649214257     3.9285007769    -0.9344727127
   18      H      -3.2227815407    -3.3504123561    -1.4944930790
   19      H      -4.9536699293    -3.3275055778    -1.0255095231
   20      H      -0.9248517013    -3.3505653701     1.0645067885
   21      H      -2.6686558727    -3.4713635849     1.4673528329
   22      H      -2.9650670940     3.8077601889     1.5147482282
   23      C      -3.1298046753     1.9338516044    -2.7419987441
   24      C      -2.8901041393     1.6453566208     3.1168656019
   25      H      -3.8049884861     1.2355767926     3.5490167030
   26      H      -2.7463772699     2.6570917094     3.5002402107
   27      H      -2.0645107868     1.0270120702     3.4789519469
   28      H      -3.9489122021     1.3446360743    -3.1619325667
   29      H      -2.2112282453     1.5764083109    -3.2109875475
   30      H      -3.2832139477     2.9769287114    -3.0243173535
   31      C       3.0159453700     0.5231001244     0.6006560412
   32      C       2.9617773268     0.5909241945    -0.8044830992
   33      C       3.0958207432    -0.7990652506     1.3003692030
   34      C       2.8896511810    -0.6642075711    -1.6158021360
   35      O       4.0939391614    -1.5568922771     0.7967242728
   36      O       2.4034301673    -1.1400809936     2.2279415323
   37      O       1.9506475312    -1.5027947208    -1.1250958377
   38      O       3.5445570285    -0.9009805538    -2.6015234476
   39      C       1.8316663211    -2.7756153432    -1.7825513369
   40      C       4.2423724333    -2.8661017897     1.3735918198
   41      C       3.0375708416     1.6921158597     1.3816139246
   42      C       3.0088947670     2.9157516950     0.7104665067
   43      C       2.9575002820     2.9838025478    -0.6754759844
   44      C       2.9347114654     1.8323583173    -1.4647202571
   45      H       1.5661822736    -2.6403690042    -2.8319305886
   46      H       4.4661771813    -2.7906799257     2.4387580010
   47      H       2.9307866761     3.9539481058    -1.1600300632
   48      H       2.7729265611    -3.3249650272    -1.7200504295
   49      H       1.0420381725    -3.3020582489    -1.2510668736
   50      H       5.0708564005    -3.3251180412     0.8389494380
   51      H       3.3270522291    -3.4459162560     1.2417954825
   52      H       3.0306410078     3.8332075178     1.2891908777
   53      C       2.8659034265     1.9592989333    -2.9675560946
   54      C       3.1056039625     1.6708039497     2.8913082514
   55      H       2.1907196157     1.2610241214     3.3234593525
   56      H       3.2493308319     2.6825390383     3.2746828602
   57      H       3.9311973150     1.0524593991     3.2533945964
   58      H       2.0467958996     1.3700834032    -3.3874899172
   59      H       3.7844798565     1.6018556398    -3.4365448980
   60      H       2.7124941541     3.0023760403    -3.2498747040
 ----------------------------------------------------------------
 Molecular Point Group                 C1    NOp =  1
 Largest Abelian Subgroup              C1    NOp =  1
 Nuclear Repulsion Energy =  3364.1967737035 hartrees
 There are      118 alpha and      118 beta electrons
 Requested basis set is 6-311++G(d,p)
 There are 332 shells and 900 basis functions

 Total QAlloc Memory Limit   4000 MB
 Mega-Array Size       392 MB
 MEM_STATIC part       400 MB
 A cutoff of  1.0D-12 yielded  36897 shell pairs
 There are    270595 function pairs (    286673 Cartesian)
 
 -------------------------------------------------------
 OpenMP Integral Computing Module                       
 Release: version 1.0, May 2013, Q-Chem Inc. Pittsburgh 
 -------------------------------------------------------
 Integral Job Info:
 Integral job number is                      11
 Integral operator is                         1
 short-range coefficients                     0
 long-range coefficients              100000000
 Omega coefficients                           0
 if combine SR and LR in K                    0
 Integral screening is                        0
 Integral computing path is                   2
 max size of driver memory is            800000
 size of driver memory is                593474
 size of scratch memory is              2361544
 max col of scratch BK array               1296
 max len of scratch array in speh3          155
 max len of scratch index in speh4           18
 max int batch size is                      520
 min int batch size is                       52
 fixed nKL is                                52
 max L of basis functions is                  2
 order of int derivative is                   0
 number of shells is                        332
 number of basis is                         932
 number of cartesian basis is               932
 number of contracted shell pairs         36897
 number of primitive shell pairs          78825
 maxK2 (contraction) of shell pair           36
 max number of K2 of shell pair               1
 max number of CS2 of shell pair           7635
 max number of PS2 of shell pair          12384
 mem total for path MDJ                  496206
 -------------------------------------------------------
 Smallest overlap matrix eigenvalue = 1.98E-08
 Linear dependence detected in AO basis
 Number of orthogonalized atomic orbitals = 891
 Maximum deviation from orthogonality = 1.904E-10

 Scale SEOQF with 1.000000e-01/1.000000e-01/1.000000e-01

 Standard Electronic Orientation quadrupole field applied
 Nucleus-field energy     =     0.0000000603 hartrees
 Guess from superposition of atomic densities
 Warning:  Energy on first SCF cycle will be non-variational
 A restricted hybrid HF-DFT SCF calculation will be
 performed using Pulay DIIS extrapolation
 Exchange:     0.2000 Hartree-Fock + 0.0800 Slater + 0.7200 B88
 Correlation:  0.1900 VWN1RPA + 0.8100 LYP
 Using SG-1 standard quadrature grid
 Dispersion:   Grimme D3
 SCF converges when DIIS error is below 1.0E-08
 using 2 threads for integral computing
 -------------------------------------------------------
 OpenMP Integral computing Module                
 Release: version 1.0, May 2013, Q-Chem Inc. Pittsburgh 
 -------------------------------------------------------
 -------------------------------------------------------
 OpenMP BLAS3 based DFT computing Module                
 Release: version 1.0, May 2013, Q-Chem Inc. Pittsburgh 
 -------------------------------------------------------
 ---------------------------------------
  Cycle       Energy         DIIS Error
 ---------------------------------------
    1   -1540.3848992195      2.16E-02
    2   -1533.1013472500      2.78E-03
    3   -1532.0747719958      4.70E-03
    4   -1533.6344729368      1.20E-03
    5   -1533.7499624748      2.69E-04
    6   -1533.7542872130      1.22E-04
    7   -1533.7553675039      2.29E-05
    8   -1533.7553965136      1.29E-05
    9   -1533.7554080615      3.33E-06
   10   -1533.7554088501      8.65E-07
   11   -1533.7554089092      2.33E-07
   12   -1533.7554089137      8.15E-08
   13   -1533.7554089140      3.87E-08
   14   -1533.7554089139      9.44E-09 Convergence criterion met
 ---------------------------------------
 SCF time:  CPU 4205.10 s  wall 2112.29 s
 SCF   energy in the final basis set = -1533.75540891
 Total energy in the final basis set = -1533.75540891
 
 --------------------------------------------------------------
 
                    Orbital Energies (a.u.)
 --------------------------------------------------------------
 
 Alpha MOs
 -- Occupied --
-19.175 -19.175 -19.172 -19.171 -19.118 -19.118 -19.116 -19.115
-10.310 -10.309 -10.307 -10.307 -10.232 -10.231 -10.228 -10.227
-10.203 -10.202 -10.202 -10.202 -10.199 -10.199 -10.198 -10.198
-10.184 -10.184 -10.184 -10.184 -10.170 -10.169 -10.167 -10.167
 -1.119  -1.118  -1.111  -1.111  -1.030  -1.030  -1.027  -1.026
 -0.883  -0.882  -0.805  -0.804  -0.793  -0.793  -0.744  -0.744
 -0.732  -0.732  -0.722  -0.722  -0.673  -0.672  -0.647  -0.646
 -0.618  -0.618  -0.575  -0.575  -0.563  -0.562  -0.535  -0.534
 -0.515  -0.514  -0.512  -0.512  -0.489  -0.489  -0.486  -0.485
 -0.478  -0.477  -0.475  -0.474  -0.467  -0.467  -0.441  -0.440
 -0.432  -0.432  -0.428  -0.427  -0.418  -0.418  -0.414  -0.413
 -0.409  -0.409  -0.403  -0.403  -0.394  -0.393  -0.385  -0.385
 -0.378  -0.377  -0.371  -0.370  -0.360  -0.359  -0.356  -0.356
 -0.355  -0.354  -0.319  -0.318  -0.310  -0.310  -0.292  -0.292
 -0.289  -0.289  -0.264  -0.263  -0.251  -0.250
 -- Virtual --
 -0.056  -0.055  -0.032  -0.031  -0.016  -0.010  -0.005  -0.000
  0.004   0.008   0.012   0.012   0.014   0.016   0.017   0.022
  0.025   0.026   0.027   0.030   0.034   0.036   0.039   0.039
  0.041   0.045   0.046   0.046   0.049   0.056   0.058   0.060
  0.065   0.065   0.069   0.069   0.075   0.077   0.082   0.085
  0.085   0.091   0.092   0.093   0.095   0.098   0.100   0.102
  0.103   0.107   0.109   0.111   0.113   0.113   0.116   0.120
  0.120   0.122   0.124   0.126   0.126   0.127   0.129   0.131
  0.134   0.135   0.137   0.139   0.140   0.142   0.143   0.144
  0.144   0.146   0.148   0.151   0.152   0.154   0.154   0.157
  0.159   0.164   0.164   0.166   0.169   0.169   0.171   0.173
  0.175   0.176   0.176   0.176   0.183   0.185   0.186   0.188
  0.189   0.191   0.192   0.193   0.195   0.198   0.201   0.204
  0.205   0.209   0.210   0.212   0.215   0.217   0.218   0.219
  0.220   0.221   0.226   0.226   0.230   0.231   0.236   0.237
  0.241   0.246   0.246   0.247   0.248   0.250   0.254   0.255
  0.257   0.258   0.262   0.263   0.270   0.270   0.271   0.273
  0.273   0.277   0.277   0.279   0.280   0.283   0.287   0.289
  0.294   0.297   0.300   0.301   0.302   0.304   0.307   0.309
  0.315   0.315   0.316   0.318   0.323   0.325   0.328   0.330
  0.331   0.335   0.336   0.341   0.341   0.342   0.348   0.351
  0.353   0.359   0.359   0.360   0.366   0.369   0.370   0.375
  0.379   0.380   0.381   0.385   0.386   0.392   0.392   0.395
  0.397   0.399   0.400   0.409   0.410   0.414   0.415   0.421
  0.422   0.423   0.424   0.430   0.433   0.441   0.445   0.448
  0.452   0.454   0.456   0.463   0.465   0.476   0.483   0.496
  0.497   0.502   0.505   0.513   0.515   0.521   0.521   0.524
  0.526   0.529   0.533   0.541   0.547   0.550   0.551   0.559
  0.565   0.569   0.571   0.572   0.574   0.578   0.579   0.581
  0.586   0.588   0.592   0.598   0.602   0.609   0.612   0.614
  0.618   0.620   0.621   0.624   0.629   0.630   0.635   0.635
  0.648   0.652   0.655   0.659   0.663   0.667   0.669   0.672
  0.672   0.673   0.679   0.680   0.683   0.684   0.686   0.690
  0.692   0.693   0.696   0.700   0.707   0.709   0.712   0.714
  0.717   0.720   0.726   0.729   0.732   0.734   0.735   0.742
  0.743   0.749   0.754   0.759   0.762   0.763   0.765   0.773
  0.778   0.784   0.785   0.791   0.794   0.796   0.800   0.805
  0.811   0.816   0.824   0.827   0.835   0.836   0.845   0.851
  0.856   0.866   0.870   0.877   0.880   0.891   0.906   0.907
  0.909   0.922   0.931   0.938   0.940   0.950   0.952   0.966
  0.970   0.978   0.984   0.989   0.998   1.003   1.012   1.015
  1.017   1.025   1.026   1.037   1.050   1.053   1.064   1.068
  1.070   1.076   1.083   1.084   1.093   1.098   1.101   1.104
  1.113   1.129   1.145   1.147   1.149   1.152   1.167   1.174
  1.185   1.191   1.210   1.215   1.217   1.218   1.223   1.225
  1.238   1.242   1.253   1.259   1.271   1.276   1.279   1.292
  1.296   1.305   1.307   1.315   1.324   1.328   1.332   1.340
  1.346   1.362   1.363   1.379   1.379   1.381   1.388   1.390
  1.394   1.398   1.404   1.409   1.410   1.424   1.425   1.429
  1.431   1.448   1.457   1.458   1.466   1.470   1.477   1.479
  1.480   1.484   1.485   1.491   1.501   1.513   1.515   1.520
  1.529   1.530   1.541   1.543   1.544   1.558   1.560   1.562
  1.565   1.570   1.574   1.580   1.583   1.592   1.593   1.598
  1.600   1.605   1.607   1.609   1.614   1.617   1.621   1.632
  1.632   1.637   1.645   1.646   1.646   1.654   1.654   1.660
  1.668   1.684   1.690   1.698   1.700   1.706   1.714   1.721
  1.723   1.726   1.730   1.733   1.736   1.746   1.749   1.754
  1.764   1.768   1.775   1.778   1.781   1.791   1.793   1.798
  1.801   1.804   1.808   1.813   1.823   1.836   1.836   1.839
  1.841   1.854   1.859   1.879   1.883   1.885   1.891   1.896
  1.903   1.907   1.910   1.915   1.922   1.955   1.956   1.956
  1.962   1.989   1.992   2.005   2.007   2.013   2.016   2.024
  2.033   2.050   2.053   2.055   2.060   2.084   2.090   2.096
  2.100   2.108   2.111   2.123   2.125   2.128   2.130   2.135
  2.142   2.153   2.159   2.170   2.174   2.178   2.184   2.197
  2.201   2.211   2.212   2.239   2.244   2.277   2.288   2.305
  2.306   2.328   2.329   2.334   2.335   2.336   2.338   2.412
  2.414   2.418   2.423   2.453   2.455   2.485   2.485   2.489
  2.494   2.495   2.497   2.500   2.503   2.511   2.513   2.518
  2.520   2.533   2.536   2.542   2.551   2.562   2.567   2.572
  2.575   2.586   2.591   2.595   2.598   2.600   2.604   2.610
  2.612   2.617   2.618   2.628   2.634   2.645   2.648   2.650
  2.664   2.669   2.672   2.683   2.697   2.700   2.708   2.713
  2.717   2.719   2.730   2.732   2.764   2.768   2.770   2.777
  2.783   2.794   2.804   2.808   2.810   2.818   2.827   2.845
  2.849   2.850   2.859   2.873   2.875   2.886   2.894   2.896
  2.903   2.904   2.908   2.916   2.922   2.924   2.933   2.942
  2.946   2.956   2.957   2.979   2.987   3.011   3.019   3.032
  3.035   3.047   3.049   3.058   3.060   3.063   3.079   3.080
  3.088   3.110   3.112   3.119   3.132   3.144   3.146   3.187
  3.188   3.206   3.217   3.218   3.232   3.236   3.236   3.244
  3.246   3.264   3.266   3.270   3.278   3.293   3.295   3.325
  3.329   3.389   3.389   3.392   3.396   3.443   3.448   3.469
  3.469   3.526   3.527   3.587   3.588   3.599   3.611   3.624
  3.626   3.675   3.696   3.709   3.730   3.769   3.779   3.782
  3.785   3.791   3.793   3.798   3.799   3.801   3.802   3.823
  3.829   3.856   3.858   3.858   3.878   3.897   3.903   3.946
  3.965   4.045   4.048   4.074   4.076   4.081   4.082   4.131
  4.138   4.156   4.169   4.235   4.242   4.327   4.330   4.338
  4.358   4.392   4.392   4.867   4.868   5.054   5.067   5.117
  5.142   5.170   5.180   5.207   5.224   5.262   5.266   5.282
  5.283   5.401   5.404   5.429   5.446   5.623   5.623   5.632
  5.636   5.884   5.886   5.904   5.913  23.548  23.575  23.851
 23.858  23.864  23.874  23.910  23.927  23.931  23.936  23.938
 23.945  23.946  23.955  23.956  23.963  24.004  24.007  24.063
 24.069  24.069  24.073  24.170  24.171  49.890  49.897  49.927
 49.930  50.020  50.021  50.037  50.040
 --------------------------------------------------------------
 
          Ground-State Mulliken Net Atomic Charges

     Atom                 Charge (a.u.)
  ----------------------------------------
      1 C                     0.548867
      2 C                     0.861430
      3 C                    -0.726898
      4 C                    -1.083775
      5 O                     0.117846
      6 O                    -0.157759
      7 O                     0.062416
      8 O                    -0.090722
      9 C                    -0.197168
     10 C                    -0.297763
     11 C                     0.534042
     12 C                    -0.481144
     13 C                    -0.489811
     14 C                     0.378187
     15 H                     0.167501
     16 H                     0.184539
     17 H                     0.151950
     18 H                     0.173141
     19 H                     0.171863
     20 H                     0.121113
     21 H                     0.186947
     22 H                     0.148464
     23 C                    -0.652904
     24 C                    -0.662470
     25 H                     0.210336
     26 H                     0.136363
     27 H                     0.187645
     28 H                     0.171155
     29 H                     0.187253
     30 H                     0.139759
     31 C                     0.849540
     32 C                     0.536935
     33 C                    -1.147728
     34 C                    -0.670799
     35 O                     0.077461
     36 O                    -0.079595
     37 O                     0.098333
     38 O                    -0.160767
     39 C                    -0.296892
     40 C                    -0.198744
     41 C                     0.387024
     42 C                    -0.475518
     43 C                    -0.483878
     44 C                     0.541716
     45 H                     0.186622
     46 H                     0.167017
     47 H                     0.148037
     48 H                     0.189419
     49 H                     0.120422
     50 H                     0.169622
     51 H                     0.172750
     52 H                     0.152839
     53 C                    -0.650370
     54 C                    -0.665359
     55 H                     0.187797
     56 H                     0.140840
     57 H                     0.170999
     58 H                     0.187137
     59 H                     0.209409
     60 H                     0.135331
  ----------------------------------------
  Sum of atomic charges =    -0.000000

 -----------------------------------------------------------------
                    Cartesian Multipole Moments
 -----------------------------------------------------------------
    Charge (ESU x 10^10)
                -0.0000
    Dipole Moment (Debye)
         X       0.1794      Y      -0.1181      Z       0.1862
       Tot       0.2842
    Quadrupole Moments (Debye-Ang)
        XX    -195.8586     XY      -1.3463     YY    -153.7255
        XZ      17.7862     YZ       1.7219     ZZ    -195.4917
    Octopole Moments (Debye-Ang^2)
       XXX       5.9764    XXY     -44.7933    XYY       3.4705
       YYY     -87.5697    XXZ      -0.6379    XYZ     -31.0637
       YYZ      -5.5787    XZZ      -1.8869    YZZ      17.7384
       ZZZ       7.0854
    Hexadecapole Moments (Debye-Ang^3)
      XXXX  -11219.4783   XXXY     -40.2494   XXYY   -2244.4006
      XYYY      -6.7945   YYYY   -4098.6556   XXXZ     506.1163
      XXYZ      17.1051   XYYZ      59.9736   YYYZ       8.9834
      XXZZ   -2555.3312   XYZZ      -2.6164   YYZZ   -1326.5667
      XZZZ     116.1140   YZZZ      10.4283   ZZZZ   -4035.7520
 -----------------------------------------------------------------
Archival summary:
1\1\vega03.cac.cornell.edu\SP\ProcedureUnspecified\BasisUnspecified\82428\jj585\MonApr202:41:152018MonApr202:41:152018\0\\#,ProcedureUnspecified,BasisUnspecified,\\0,1\O\C,1,1.35063\O,2,1.20668,1,123.512\C,1,1.43835,2,115.94,3,4.13325,0\H,4,1.08762,1,105.403,2,179.104,0\H,4,1.09103,1,110.475,2,-61.3232,0\H,4,1.0915,1,110.399,2,59.3962,0\C,2,1.49803,1,111.128,3,177.348,0\C,8,1.40604,2,118.266,1,-126.75,0\C,9,1.3959,8,117.481,2,177.84,0\H,10,1.08495,9,118.972,8,-179.641,0\C,10,1.38856,9,121.575,8,0.160349,0\H,12,1.08475,10,119.38,9,179.653,0\C,12,1.39616,10,121.629,9,-0.129654,0\C,14,1.40634,12,117.536,10,0.183585,0\C,15,1.49626,14,119.012,12,177.857,0\O,16,1.2069,15,125.54,14,47.3939,0\O,16,1.3512,15,110.928,14,-130.615,0\C,18,1.43752,16,116.164,15,-177.05,0\H,19,1.08772,18,105.376,16,179.706,0\H,19,1.09086,18,110.507,16,-60.681,0\H,19,1.09163,18,110.367,16,60.0909,0\C,14,1.50976,12,119.611,10,179.442,0\H,23,1.09144,14,110.135,12,-7.24194,0\H,23,1.09156,14,111.21,12,113.289,0\H,23,1.09291,14,111.796,12,-127.427,0\C,9,1.51138,8,122.941,2,-1.44272,0\H,27,1.09144,9,110.104,8,172.262,0\H,27,1.09164,9,111.284,8,-67.2422,0\H,27,1.09319,9,111.89,8,52.1865,0\H,5,3.03857,4,149.423,1,-10.6106,0\C,31,1.08772,5,148.212,4,57.7757,0\H,32,1.09086,31,110.694,5,-124.223,0\H,32,1.09163,31,110.757,5,114.622,0\O,32,1.43752,31,105.376,5,-4.73369,0\C,35,1.3512,32,116.164,31,179.706,0\O,36,1.2069,35,123.501,32,4.8931,0\C,36,1.49626,35,110.928,32,-177.05,0\C,38,1.40634,36,119.012,35,-130.615,0\C,39,1.39616,38,117.536,36,177.857,0\H,40,1.08475,39,118.991,38,-179.6,0\C,40,1.38856,39,121.629,38,0.183585,0\H,42,1.08495,40,119.453,39,179.671,0\C,42,1.3959,40,121.575,39,-0.129654,0\C,44,1.40604,42,117.481,40,0.160349,0\C,45,1.49803,44,118.266,42,177.84,0\O,46,1.20668,45,125.302,44,50.5403,0\O,46,1.35063,45,111.128,44,-126.75,0\C,48,1.43835,46,115.94,45,-178.519,0\H,49,1.08762,48,105.403,46,179.104,0\H,49,1.09103,48,110.475,46,-61.3232,0\H,49,1.0915,48,110.399,46,59.3962,0\C,39,1.50976,38,122.848,36,-1.37569,0\H,53,1.09144,39,110.135,38,171.975,0\H,53,1.09156,39,111.21,38,-67.4939,0\H,53,1.09291,39,111.796,38,51.7903,0\C,44,1.51138,42,119.574,40,179.468,0\H,57,1.09144,44,110.104,42,-7.00566,0\H,57,1.09164,44,111.284,42,113.49,0\H,57,1.09319,44,111.89,42,-127.081,0\\\@

 Total job time:  2114.89s(wall), 4208.26s(cpu) 
 Mon Apr  2 02:41:15 2018

        *************************************************************
        *                                                           *
        *  Thank you very much for using Q-Chem.  Have a nice day.  *
        *                                                           *
        *************************************************************


0 sent ACK to 0 
now end server 0 ... 
